Log file open, 09/08/24 00:05:13
LogWindows: Failed to load 'aqProf.dll' (GetLastError=126)
LogWindows: File 'aqProf.dll' does not exist
LogWindows: Failed to load 'VtuneApi.dll' (GetLastError=126)
LogWindows: File 'VtuneApi.dll' does not exist
LogWindows: Failed to load 'VtuneApi32e.dll' (GetLastError=126)
LogWindows: File 'VtuneApi32e.dll' does not exist
LogConsoleResponse: Display: Failed to find resolution value strings in scalability ini. Falling back to default.
LogConsoleResponse: Display: Failed to find resolution value strings in scalability ini. Falling back to default.
LogInit: Display: Running engine for game: InsectHeaven
LogPlatformFile: Not using cached read wrapper
LogTaskGraph: Started task graph with 5 named threads and 71 total threads with 3 sets of task threads.
LogStats: Stats thread started at 0.247039
LogICUInternationalization: ICU TimeZone Detection - Raw Offset: +9:00, Platform Override: ''
LogInit: Display: Loading text-based GConfig....
LogPluginManager: Mounting plugin MeshPainting
LogPluginManager: Mounting plugin XGEController
LogPluginManager: Mounting plugin Paper2D
LogPluginManager: Mounting plugin LiveLink
LogPluginManager: Mounting plugin LightPropagationVolume
LogPluginManager: Mounting plugin OodleData
LogPluginManager: Mounting plugin OodleNetwork
LogPluginManager: Mounting plugin CameraShakePreviewer
LogPluginManager: Mounting plugin AssetManagerEditor
LogPluginManager: Mounting plugin AnimationSharing
LogPluginManager: Mounting plugin CLionSourceCodeAccess
LogPluginManager: Mounting plugin Niagara
LogPluginManager: Mounting plugin ActorSequence
LogPluginManager: Mounting plugin CodeLiteSourceCodeAccess
LogPluginManager: Mounting plugin KDevelopSourceCodeAccess
LogPluginManager: Mounting plugin LauncherChunkInstaller
LogPluginManager: Mounting plugin CryptoKeys
LogPluginManager: Mounting plugin GitSourceControl
LogPluginManager: Mounting plugin NullSourceCodeAccess
LogPluginManager: Mounting plugin PerforceSourceControl
LogPluginManager: Mounting plugin LuminPlatformFeatures
LogPluginManager: Mounting plugin MatineeToLevelSequence
LogPluginManager: Mounting plugin LevelSequenceEditor
LogPluginManager: Mounting plugin PluginUtils
LogPluginManager: Mounting plugin PlasticSourceControl
LogPluginManager: Mounting plugin PixWinPlugin
LogPluginManager: Mounting plugin OnlineSubsystem
LogPluginManager: Mounting plugin PropertyAccessNode
LogPluginManager: Mounting plugin CurveEditorTools
LogPluginManager: Mounting plugin DataValidation
LogPluginManager: Mounting plugin EditorScriptingUtilities
LogPluginManager: Mounting plugin GameplayCameras
LogPluginManager: Mounting plugin AISupport
LogPluginManager: Mounting plugin RiderSourceCodeAccess
LogPluginManager: Mounting plugin AlembicImporter
LogPluginManager: Mounting plugin EnvironmentQueryEditor
LogPluginManager: Mounting plugin FacialAnimation
LogPluginManager: Mounting plugin GameplayTagsEditor
LogPluginManager: Mounting plugin TcpMessaging
LogPluginManager: Mounting plugin SubversionSourceControl
LogPluginManager: Mounting plugin TextureFormatOodle
LogPluginManager: Mounting plugin UdpMessaging
LogPluginManager: Mounting plugin UObjectPlugin
LogPluginManager: Mounting plugin DatasmithContent
LogPluginManager: Mounting plugin GeometryMode
LogPluginManager: Mounting plugin AutomationUtils
LogPluginManager: Mounting plugin VisualStudioCodeSourceCodeAccess
LogPluginManager: Mounting plugin VisualStudioSourceCodeAccess
LogPluginManager: Mounting plugin BackChannel
LogPluginManager: Mounting plugin XCodeSourceCodeAccess
LogPluginManager: Mounting plugin AndroidMedia
LogPluginManager: Mounting plugin TemplateSequence
LogPluginManager: Mounting plugin AvfMedia
LogPluginManager: Mounting plugin VariantManagerContent
LogPluginManager: Mounting plugin MacGraphicsSwitching
LogPluginManager: Mounting plugin MagicLeap
LogPluginManager: Mounting plugin MaterialAnalyzer
LogPluginManager: Mounting plugin ChaosCloth
LogPluginManager: Mounting plugin ChaosClothEditor
LogPluginManager: Mounting plugin OnlineSubsystemNull
LogPluginManager: Mounting plugin MagicLeapLightEstimation
LogPluginManager: Mounting plugin MagicLeapMedia
LogPluginManager: Mounting plugin ChaosEditor
LogPluginManager: Mounting plugin MobileLauncherProfileWizard
LogPluginManager: Mounting plugin ChaosSolverPlugin
LogPluginManager: Mounting plugin ChaosNiagara
LogPluginManager: Mounting plugin PluginBrowser
LogPluginManager: Mounting plugin SpeedTreeImporter
LogPluginManager: Mounting plugin OnlineSubsystemUtils
LogPluginManager: Mounting plugin CharacterAI
LogPluginManager: Mounting plugin MagicLeapPassableWorld
LogPluginManager: Mounting plugin MLSDK
LogPluginManager: Mounting plugin ImgMedia
LogPluginManager: Mounting plugin MediaCompositing
LogPluginManager: Mounting plugin MediaPlayerEditor
LogPluginManager: Mounting plugin WmfMedia
LogPluginManager: Mounting plugin WebMMedia
LogPluginManager: Mounting plugin ActorLayerUtilities
LogPluginManager: Mounting plugin AndroidDeviceProfileSelector
LogPluginManager: Mounting plugin AndroidMoviePlayer
LogPluginManager: Mounting plugin AndroidPermission
LogPluginManager: Mounting plugin AppleImageUtils
LogPluginManager: Mounting plugin AppleMoviePlayer
LogPluginManager: Mounting plugin ArchVisCharacter
LogPluginManager: Mounting plugin AssetTags
LogPluginManager: Mounting plugin AudioSynesthesia
LogPluginManager: Mounting plugin CableComponent
LogPluginManager: Mounting plugin ChunkDownloader
LogPluginManager: Mounting plugin AudioCapture
LogPluginManager: Mounting plugin CustomMeshComponent
LogPluginManager: Mounting plugin EditableMesh
LogPluginManager: Mounting plugin ExampleDeviceProfileSelector
LogPluginManager: Mounting plugin GoogleCloudMessaging
LogPluginManager: Mounting plugin GooglePAD
LogPluginManager: Mounting plugin IOSDeviceProfileSelector
LogPluginManager: Mounting plugin LinuxDeviceProfileSelector
LogPluginManager: Mounting plugin LocationServicesBPLibrary
LogPluginManager: Mounting plugin MobilePatchingUtils
LogPluginManager: Mounting plugin OpenXR
LogPluginManager: Mounting plugin OpenXREyeTracker
LogPluginManager: Mounting plugin GeometryCache
LogPluginManager: Mounting plugin GeometryCollectionPlugin
LogPluginManager: Mounting plugin GeometryProcessing
LogPluginManager: Mounting plugin MotoSynth
LogPluginManager: Mounting plugin OpenImageDenoise
LogPluginManager: Mounting plugin PlanarCut
LogPluginManager: Mounting plugin PlatformCrypto
LogPluginManager: Mounting plugin ProxyLODPlugin
LogPluginManager: Mounting plugin PythonScriptPlugin
LogPluginManager: Mounting plugin ScreenshotTools
LogPluginManager: Mounting plugin OpenXRHandTracking
LogPluginManager: Mounting plugin SkeletalReduction
LogPluginManager: Mounting plugin PhysXVehicles
LogPluginManager: Mounting plugin PostSplashScreen
LogPluginManager: Mounting plugin ProceduralMeshComponent
LogPluginManager: Mounting plugin PropertyAccessEditor
LogPluginManager: Mounting plugin RuntimePhysXCooking
LogPluginManager: Mounting plugin SignificanceManager
LogPluginManager: Mounting plugin SoundFields
LogPluginManager: Mounting plugin Synthesis
LogPluginManager: Mounting plugin WebMMoviePlayer
LogPluginManager: Mounting plugin Takes
LogPluginManager: Mounting plugin WindowsMoviePlayer
LogPluginManager: Mounting plugin ContentBrowserAssetDataSource
LogPluginManager: Mounting plugin ContentBrowserClassDataSource
LogPluginManager: Mounting plugin ContentBrowserFileDataSource
LogPluginManager: Mounting plugin OnlineSubsystemGooglePlay
LogPluginManager: Mounting plugin OnlineSubsystemIOS
LogPluginManager: Mounting plugin RiderLink
LogPluginManager: Mounting plugin OculusVR
LogPluginManager: Mounting plugin SteamVR
PixWinPlugin: PIX capture plugin failed to initialize! Check that the process is launched from PIX.
LogInit: Using libcurl 7.55.1-DEV
LogInit:  - built for x86_64-pc-win32
LogInit:  - supports SSL with OpenSSL/1.1.1
LogInit:  - supports HTTP deflate (compression) using libz 1.2.8
LogInit:  - other features:
LogInit:      CURL_VERSION_SSL
LogInit:      CURL_VERSION_LIBZ
LogInit:      CURL_VERSION_IPV6
LogInit:      CURL_VERSION_ASYNCHDNS
LogInit:      CURL_VERSION_LARGEFILE
LogInit:      CURL_VERSION_IDN
LogInit:  CurlRequestOptions (configurable via config and command line):
LogInit:  - bVerifyPeer = true  - Libcurl will verify peer certificate
LogInit:  - bUseHttpProxy = false  - Libcurl will NOT use HTTP proxy
LogInit:  - bDontReuseConnections = false  - Libcurl will reuse connections
LogInit:  - MaxHostConnections = 16  - Libcurl will limit the number of connections to a host
LogInit:  - LocalHostAddr = Default
LogInit:  - BufferSize = 65536
LogOnline: OSS: Creating online subsystem instance for: NULL
LogInit: WinSock: version 1.1 (2.2), MaxSocks=32767, MaxUdp=65467
LogOnline: OSS: TryLoadSubsystemAndSetDefault: Loaded subsystem for module [NULL]
LogOculusPluginWrapper: OculusPlugin initialized successfully
LogHMD: Failed initializing OVRPlugin 1.59.0
LogInit: Build: ++UE4+Release-4.27-CL-18319896
LogInit: Engine Version: 4.27.2-18319896+++UE4+Release-4.27
LogInit: Compatible Engine Version: 4.27.0-17155196+++UE4+Release-4.27
LogInit: Net CL: 17155196
LogInit: OS: Windows 10 (Release 2009) (), CPU: AMD Ryzen 9 7900X 12-Core Processor            , GPU: AMD Radeon RX 7900 XTX
LogInit: Compiled (64-bit): Nov 30 2021 07:12:08
LogInit: Compiled with Visual C++: 19.24.28315.00
LogInit: Build Configuration: Development
LogInit: Branch Name: ++UE4+Release-4.27
LogInit: Command Line: 
LogInit: Base Directory: C:/Program Files/UE_4.27/Engine/Binaries/Win64/
LogInit: Allocator: TBB
LogInit: Installed Engine Build: 1
LogDevObjectVersion: Number of dev versions registered: 29
LogDevObjectVersion:   Dev-Blueprints (B0D832E4-1F89-4F0D-ACCF-7EB736FD4AA2): 10
LogDevObjectVersion:   Dev-Build (E1C64328-A22C-4D53-A36C-8E866417BD8C): 0
LogDevObjectVersion:   Dev-Core (375EC13C-06E4-48FB-B500-84F0262A717E): 4
LogDevObjectVersion:   Dev-Editor (E4B068ED-F494-42E9-A231-DA0B2E46BB41): 40
LogDevObjectVersion:   Dev-Framework (CFFC743F-43B0-4480-9391-14DF171D2073): 37
LogDevObjectVersion:   Dev-Mobile (B02B49B5-BB20-44E9-A304-32B752E40360): 3
LogDevObjectVersion:   Dev-Networking (A4E4105C-59A1-49B5-A7C5-40C4547EDFEE): 0
LogDevObjectVersion:   Dev-Online (39C831C9-5AE6-47DC-9A44-9C173E1C8E7C): 0
LogDevObjectVersion:   Dev-Physics (78F01B33-EBEA-4F98-B9B4-84EACCB95AA2): 14
LogDevObjectVersion:   Dev-Platform (6631380F-2D4D-43E0-8009-CF276956A95A): 0
LogDevObjectVersion:   Dev-Rendering (12F88B9F-8875-4AFC-A67C-D90C383ABD29): 45
LogDevObjectVersion:   Dev-Sequencer (7B5AE74C-D270-4C10-A958-57980B212A5A): 13
LogDevObjectVersion:   Dev-VR (D7296918-1DD6-4BDD-9DE2-64A83CC13884): 3
LogDevObjectVersion:   Dev-LoadTimes (C2A15278-BFE7-4AFE-6C17-90FF531DF755): 1
LogDevObjectVersion:   Private-Geometry (6EACA3D4-40EC-4CC1-B786-8BED09428FC5): 3
LogDevObjectVersion:   Dev-AnimPhys (29E575DD-E0A3-4627-9D10-D276232CDCEA): 17
LogDevObjectVersion:   Dev-Anim (AF43A65D-7FD3-4947-9873-3E8ED9C1BB05): 15
LogDevObjectVersion:   Dev-ReflectionCapture (6B266CEC-1EC7-4B8F-A30B-E4D90942FC07): 1
LogDevObjectVersion:   Dev-Automation (0DF73D61-A23F-47EA-B727-89E90C41499A): 1
LogDevObjectVersion:   FortniteMain (601D1886-AC64-4F84-AA16-D3DE0DEAC7D6): 47
LogDevObjectVersion:   FortniteRelease (E7086368-6B23-4C58-8439-1B7016265E91): 1
LogDevObjectVersion:   Dev-Enterprise (9DFFBCD6-494F-0158-E221-12823C92A888): 10
LogDevObjectVersion:   Dev-Niagara (F2AED0AC-9AFE-416F-8664-AA7FFA26D6FC): 1
LogDevObjectVersion:   Dev-Destruction (174F1F0B-B4C6-45A5-B13F-2EE8D0FB917D): 10
LogDevObjectVersion:   Dev-Physics-Ext (35F94A83-E258-406C-A318-09F59610247C): 41
LogDevObjectVersion:   Dev-PhysicsMaterial-Chaos (B68FC16E-8B1B-42E2-B453-215C058844FE): 1
LogDevObjectVersion:   Dev-CineCamera (B2E18506-4273-CFC2-A54E-F4BB758BBA07): 1
LogDevObjectVersion:   Dev-VirtualProduction (64F58936-FD1B-42BA-BA96-7289D5D0FA4E): 1
LogDevObjectVersion:   Dev-MediaFramework (6F0ED827-A609-4895-9C91-998D90180EA4): 2
LogInit: Presizing for max 25165824 objects, including 0 objects not considered by GC, pre-allocating 0 bytes for permanent pool.
LogConfig: Applying CVar settings from Section [/Script/Engine.StreamingSettings] File [C:/Users/nanim/GitHub/NewNewInsectHeaven/InsectHeaven/Saved/Config/Windows/Engine.ini]
LogConfig: Setting CVar [[s.MinBulkDataSizeForAsyncLoading:131072]]
LogConfig: Setting CVar [[s.AsyncLoadingThreadEnabled:0]]
LogConfig: Setting CVar [[s.EventDrivenLoaderEnabled:1]]
LogConfig: Setting CVar [[s.WarnIfTimeLimitExceeded:0]]
LogConfig: Setting CVar [[s.TimeLimitExceededMultiplier:1.5]]
LogConfig: Setting CVar [[s.TimeLimitExceededMinTime:0.005]]
LogConfig: Setting CVar [[s.UseBackgroundLevelStreaming:1]]
LogConfig: Setting CVar [[s.PriorityAsyncLoadingExtraTime:15.0]]
LogConfig: Setting CVar [[s.LevelStreamingActorsUpdateTimeLimit:5.0]]
LogConfig: Setting CVar [[s.PriorityLevelStreamingActorsUpdateExtraTime:5.0]]
LogConfig: Setting CVar [[s.LevelStreamingComponentsRegistrationGranularity:10]]
LogConfig: Setting CVar [[s.UnregisterComponentsTimeLimit:1.0]]
LogConfig: Setting CVar [[s.LevelStreamingComponentsUnregistrationGranularity:5]]
LogConfig: Setting CVar [[s.FlushStreamingOnExit:1]]
LogInit: Object subsystem initialized
LogConfig: Setting CVar [[con.DebugEarlyDefault:1]]
LogConfig: Setting CVar [[r.setres:1280x720]]
[2024.09.07-15.05.14:991][  0]LogConfig: Setting CVar [[r.VSync:0]]
[2024.09.07-15.05.14:991][  0]LogConfig: Setting CVar [[r.RHICmdBypass:0]]
[2024.09.07-15.05.14:991][  0]LogConfig: Applying CVar settings from Section [/Script/Engine.RendererSettings] File [C:/Users/nanim/GitHub/NewNewInsectHeaven/InsectHeaven/Saved/Config/Windows/Engine.ini]
[2024.09.07-15.05.14:991][  0]LogConfig: Setting CVar [[r.GPUCrashDebugging:0]]
[2024.09.07-15.05.14:992][  0]LogConfig: Applying CVar settings from Section [/Script/Engine.RendererOverrideSettings] File [C:/Users/nanim/GitHub/NewNewInsectHeaven/InsectHeaven/Saved/Config/Windows/Engine.ini]
[2024.09.07-15.05.14:992][  0]LogConfig: Applying CVar settings from Section [/Script/Engine.StreamingSettings] File [C:/Users/nanim/GitHub/NewNewInsectHeaven/InsectHeaven/Saved/Config/Windows/Engine.ini]
[2024.09.07-15.05.14:992][  0]LogConfig: Setting CVar [[s.MinBulkDataSizeForAsyncLoading:131072]]
[2024.09.07-15.05.14:992][  0]LogConfig: Setting CVar [[s.AsyncLoadingThreadEnabled:0]]
[2024.09.07-15.05.14:992][  0]LogConfig: Setting CVar [[s.EventDrivenLoaderEnabled:1]]
[2024.09.07-15.05.14:992][  0]LogConfig: Setting CVar [[s.WarnIfTimeLimitExceeded:0]]
[2024.09.07-15.05.14:992][  0]LogConfig: Setting CVar [[s.TimeLimitExceededMultiplier:1.5]]
[2024.09.07-15.05.14:992][  0]LogConfig: Setting CVar [[s.TimeLimitExceededMinTime:0.005]]
[2024.09.07-15.05.14:992][  0]LogConfig: Setting CVar [[s.UseBackgroundLevelStreaming:1]]
[2024.09.07-15.05.14:993][  0]LogConfig: Setting CVar [[s.PriorityAsyncLoadingExtraTime:15.0]]
[2024.09.07-15.05.14:993][  0]LogConfig: Setting CVar [[s.LevelStreamingActorsUpdateTimeLimit:5.0]]
[2024.09.07-15.05.14:993][  0]LogConfig: Setting CVar [[s.PriorityLevelStreamingActorsUpdateExtraTime:5.0]]
[2024.09.07-15.05.14:993][  0]LogConfig: Setting CVar [[s.LevelStreamingComponentsRegistrationGranularity:10]]
[2024.09.07-15.05.14:993][  0]LogConfig: Setting CVar [[s.UnregisterComponentsTimeLimit:1.0]]
[2024.09.07-15.05.14:993][  0]LogConfig: Setting CVar [[s.LevelStreamingComponentsUnregistrationGranularity:5]]
[2024.09.07-15.05.14:993][  0]LogConfig: Setting CVar [[s.FlushStreamingOnExit:1]]
[2024.09.07-15.05.14:993][  0]LogConfig: Applying CVar settings from Section [/Script/Engine.GarbageCollectionSettings] File [C:/Users/nanim/GitHub/NewNewInsectHeaven/InsectHeaven/Saved/Config/Windows/Engine.ini]
[2024.09.07-15.05.14:994][  0]LogConfig: Setting CVar [[gc.MaxObjectsNotConsideredByGC:1]]
[2024.09.07-15.05.14:994][  0]LogConfig: Setting CVar [[gc.SizeOfPermanentObjectPool:0]]
[2024.09.07-15.05.14:994][  0]LogConfig: Setting CVar [[gc.FlushStreamingOnGC:0]]
[2024.09.07-15.05.14:994][  0]LogConfig: Setting CVar [[gc.NumRetriesBeforeForcingGC:10]]
[2024.09.07-15.05.14:994][  0]LogConfig: Setting CVar [[gc.AllowParallelGC:1]]
[2024.09.07-15.05.14:994][  0]LogConfig: Setting CVar [[gc.TimeBetweenPurgingPendingKillObjects:61.1]]
[2024.09.07-15.05.14:994][  0]LogConfig: Setting CVar [[gc.MaxObjectsInEditor:25165824]]
[2024.09.07-15.05.14:994][  0]LogConfig: Setting CVar [[gc.IncrementalBeginDestroyEnabled:1]]
[2024.09.07-15.05.14:995][  0]LogConfig: Setting CVar [[gc.CreateGCClusters:1]]
[2024.09.07-15.05.14:995][  0]LogConfig: Setting CVar [[gc.MinGCClusterSize:5]]
[2024.09.07-15.05.14:995][  0]LogConfig: Setting CVar [[gc.ActorClusteringEnabled:0]]
[2024.09.07-15.05.14:995][  0]LogConfig: Setting CVar [[gc.BlueprintClusteringEnabled:0]]
[2024.09.07-15.05.14:995][  0]LogConfig: Setting CVar [[gc.UseDisregardForGCOnDedicatedServers:0]]
[2024.09.07-15.05.14:995][  0]LogConfig: Setting CVar [[gc.MultithreadedDestructionEnabled:1]]
[2024.09.07-15.05.14:995][  0]LogConfig: Applying CVar settings from Section [/Script/Engine.NetworkSettings] File [C:/Users/nanim/GitHub/NewNewInsectHeaven/InsectHeaven/Saved/Config/Windows/Engine.ini]
[2024.09.07-15.05.14:995][  0]LogConfig: Applying CVar settings from Section [/Script/UnrealEd.CookerSettings] File [C:/Users/nanim/GitHub/NewNewInsectHeaven/InsectHeaven/Saved/Config/Windows/Engine.ini]
[2024.09.07-15.05.15:035][  0]LogConfig: Applying CVar settings from Section [ViewDistanceQuality@3] File [C:/Users/nanim/GitHub/NewNewInsectHeaven/InsectHeaven/Saved/Config/Windows/Scalability.ini]
[2024.09.07-15.05.15:035][  0]LogConfig: Setting CVar [[r.SkeletalMeshLODBias:0]]
[2024.09.07-15.05.15:035][  0]LogConfig: Setting CVar [[r.ViewDistanceScale:1.0]]
[2024.09.07-15.05.15:035][  0]LogConfig: Applying CVar settings from Section [AntiAliasingQuality@3] File [C:/Users/nanim/GitHub/NewNewInsectHeaven/InsectHeaven/Saved/Config/Windows/Scalability.ini]
[2024.09.07-15.05.15:035][  0]LogConfig: Setting CVar [[r.PostProcessAAQuality:4]]
[2024.09.07-15.05.15:035][  0]LogConfig: Applying CVar settings from Section [ShadowQuality@3] File [C:/Users/nanim/GitHub/NewNewInsectHeaven/InsectHeaven/Saved/Config/Windows/Scalability.ini]
[2024.09.07-15.05.15:036][  0]LogConfig: Setting CVar [[r.LightFunctionQuality:1]]
[2024.09.07-15.05.15:036][  0]LogConfig: Setting CVar [[r.ShadowQuality:5]]
[2024.09.07-15.05.15:036][  0]LogConfig: Setting CVar [[r.Shadow.CSM.MaxCascades:10]]
[2024.09.07-15.05.15:036][  0]LogConfig: Setting CVar [[r.Shadow.MaxResolution:2048]]
[2024.09.07-15.05.15:036][  0]LogConfig: Setting CVar [[r.Shadow.MaxCSMResolution:2048]]
[2024.09.07-15.05.15:036][  0]LogConfig: Setting CVar [[r.Shadow.RadiusThreshold:0.01]]
[2024.09.07-15.05.15:036][  0]LogConfig: Setting CVar [[r.Shadow.DistanceScale:1.0]]
[2024.09.07-15.05.15:036][  0]LogConfig: Setting CVar [[r.Shadow.CSM.TransitionScale:1.0]]
[2024.09.07-15.05.15:036][  0]LogConfig: Setting CVar [[r.Shadow.PreShadowResolutionFactor:1.0]]
[2024.09.07-15.05.15:037][  0]LogConfig: Setting CVar [[r.DistanceFieldShadowing:1]]
[2024.09.07-15.05.15:037][  0]LogConfig: Setting CVar [[r.DistanceFieldAO:1]]
[2024.09.07-15.05.15:037][  0]LogConfig: Setting CVar [[r.AOQuality:2]]
[2024.09.07-15.05.15:037][  0]LogConfig: Setting CVar [[r.VolumetricFog:1]]
[2024.09.07-15.05.15:037][  0]LogConfig: Setting CVar [[r.VolumetricFog.GridPixelSize:8]]
[2024.09.07-15.05.15:037][  0]LogConfig: Setting CVar [[r.VolumetricFog.GridSizeZ:128]]
[2024.09.07-15.05.15:037][  0]LogConfig: Setting CVar [[r.VolumetricFog.HistoryMissSupersampleCount:4]]
[2024.09.07-15.05.15:037][  0]LogConfig: Setting CVar [[r.LightMaxDrawDistanceScale:1]]
[2024.09.07-15.05.15:037][  0]LogConfig: Setting CVar [[r.CapsuleShadows:1]]
[2024.09.07-15.05.15:037][  0]LogConfig: Applying CVar settings from Section [PostProcessQuality@3] File [C:/Users/nanim/GitHub/NewNewInsectHeaven/InsectHeaven/Saved/Config/Windows/Scalability.ini]
[2024.09.07-15.05.15:038][  0]LogConfig: Setting CVar [[r.MotionBlurQuality:4]]
[2024.09.07-15.05.15:038][  0]LogConfig: Setting CVar [[r.AmbientOcclusionMipLevelFactor:0.4]]
[2024.09.07-15.05.15:038][  0]LogConfig: Setting CVar [[r.AmbientOcclusionMaxQuality:100]]
[2024.09.07-15.05.15:038][  0]LogConfig: Setting CVar [[r.AmbientOcclusionLevels:-1]]
[2024.09.07-15.05.15:038][  0]LogConfig: Setting CVar [[r.AmbientOcclusionRadiusScale:1.0]]
[2024.09.07-15.05.15:038][  0]LogConfig: Setting CVar [[r.DepthOfFieldQuality:2]]
[2024.09.07-15.05.15:038][  0]LogConfig: Setting CVar [[r.RenderTargetPoolMin:400]]
[2024.09.07-15.05.15:038][  0]LogConfig: Setting CVar [[r.LensFlareQuality:2]]
[2024.09.07-15.05.15:038][  0]LogConfig: Setting CVar [[r.SceneColorFringeQuality:1]]
[2024.09.07-15.05.15:038][  0]LogConfig: Setting CVar [[r.EyeAdaptationQuality:2]]
[2024.09.07-15.05.15:039][  0]LogConfig: Setting CVar [[r.BloomQuality:5]]
[2024.09.07-15.05.15:039][  0]LogConfig: Setting CVar [[r.FastBlurThreshold:100]]
[2024.09.07-15.05.15:039][  0]LogConfig: Setting CVar [[r.Upscale.Quality:3]]
[2024.09.07-15.05.15:039][  0]LogConfig: Setting CVar [[r.Tonemapper.GrainQuantization:1]]
[2024.09.07-15.05.15:039][  0]LogConfig: Setting CVar [[r.LightShaftQuality:1]]
[2024.09.07-15.05.15:039][  0]LogConfig: Setting CVar [[r.Filter.SizeScale:1]]
[2024.09.07-15.05.15:039][  0]LogConfig: Setting CVar [[r.Tonemapper.Quality:5]]
[2024.09.07-15.05.15:039][  0]LogConfig: Setting CVar [[r.DOF.Gather.AccumulatorQuality:1        ; higher gathering accumulator quality]]
[2024.09.07-15.05.15:040][  0]LogConfig: Setting CVar [[r.DOF.Gather.PostfilterMethod:1          ; Median3x3 postfilering method]]
[2024.09.07-15.05.15:040][  0]LogConfig: Setting CVar [[r.DOF.Gather.EnableBokehSettings:0       ; no bokeh simulation when gathering]]
[2024.09.07-15.05.15:040][  0]LogConfig: Setting CVar [[r.DOF.Gather.RingCount:4                 ; medium number of samples when gathering]]
[2024.09.07-15.05.15:040][  0]LogConfig: Setting CVar [[r.DOF.Scatter.ForegroundCompositing:1    ; additive foreground scattering]]
[2024.09.07-15.05.15:040][  0]LogConfig: Setting CVar [[r.DOF.Scatter.BackgroundCompositing:2    ; additive background scattering]]
[2024.09.07-15.05.15:040][  0]LogConfig: Setting CVar [[r.DOF.Scatter.EnableBokehSettings:1      ; bokeh simulation when scattering]]
[2024.09.07-15.05.15:040][  0]LogConfig: Setting CVar [[r.DOF.Scatter.MaxSpriteRatio:0.1         ; only a maximum of 10% of scattered bokeh]]
[2024.09.07-15.05.15:040][  0]LogConfig: Setting CVar [[r.DOF.Recombine.Quality:1                ; cheap slight out of focus]]
[2024.09.07-15.05.15:041][  0]LogConfig: Setting CVar [[r.DOF.Recombine.EnableBokehSettings:0    ; no bokeh simulation on slight out of focus]]
[2024.09.07-15.05.15:041][  0]LogConfig: Setting CVar [[r.DOF.TemporalAAQuality:1                ; more stable temporal accumulation]]
[2024.09.07-15.05.15:041][  0]LogConfig: Setting CVar [[r.DOF.Kernel.MaxForegroundRadius:0.025]]
[2024.09.07-15.05.15:041][  0]LogConfig: Setting CVar [[r.DOF.Kernel.MaxBackgroundRadius:0.025]]
[2024.09.07-15.05.15:041][  0]LogConfig: Applying CVar settings from Section [TextureQuality@3] File [C:/Users/nanim/GitHub/NewNewInsectHeaven/InsectHeaven/Saved/Config/Windows/Scalability.ini]
[2024.09.07-15.05.15:041][  0]LogConfig: Setting CVar [[r.Streaming.MipBias:0]]
[2024.09.07-15.05.15:041][  0]LogConfig: Setting CVar [[r.Streaming.AmortizeCPUToGPUCopy:0]]
[2024.09.07-15.05.15:041][  0]LogConfig: Setting CVar [[r.Streaming.MaxNumTexturesToStreamPerFrame:0]]
[2024.09.07-15.05.15:041][  0]LogConfig: Setting CVar [[r.Streaming.Boost:1]]
[2024.09.07-15.05.15:041][  0]LogConfig: Setting CVar [[r.MaxAnisotropy:8]]
[2024.09.07-15.05.15:042][  0]LogConfig: Setting CVar [[r.VT.MaxAnisotropy:8]]
[2024.09.07-15.05.15:042][  0]LogConfig: Setting CVar [[r.Streaming.LimitPoolSizeToVRAM:0]]
[2024.09.07-15.05.15:042][  0]LogConfig: Setting CVar [[r.Streaming.PoolSize:1000]]
[2024.09.07-15.05.15:042][  0]LogConfig: Setting CVar [[r.Streaming.MaxEffectiveScreenSize:0]]
[2024.09.07-15.05.15:042][  0]LogConfig: Applying CVar settings from Section [EffectsQuality@3] File [C:/Users/nanim/GitHub/NewNewInsectHeaven/InsectHeaven/Saved/Config/Windows/Scalability.ini]
[2024.09.07-15.05.15:042][  0]LogConfig: Setting CVar [[r.TranslucencyLightingVolumeDim:64]]
[2024.09.07-15.05.15:042][  0]LogConfig: Setting CVar [[r.RefractionQuality:2]]
[2024.09.07-15.05.15:042][  0]LogConfig: Setting CVar [[r.SSR.Quality:3]]
[2024.09.07-15.05.15:043][  0]LogConfig: Setting CVar [[r.SSR.HalfResSceneColor:0]]
[2024.09.07-15.05.15:043][  0]LogConfig: Setting CVar [[r.SceneColorFormat:4]]
[2024.09.07-15.05.15:043][  0]LogConfig: Setting CVar [[r.DetailMode:2]]
[2024.09.07-15.05.15:043][  0]LogConfig: Setting CVar [[r.TranslucencyVolumeBlur:1]]
[2024.09.07-15.05.15:043][  0]LogConfig: Setting CVar [[r.MaterialQualityLevel:1 ; High quality]]
[2024.09.07-15.05.15:043][  0]LogConfig: Setting CVar [[r.AnisotropicMaterials:1]]
[2024.09.07-15.05.15:043][  0]LogConfig: Setting CVar [[r.SSS.Scale:1]]
[2024.09.07-15.05.15:043][  0]LogConfig: Setting CVar [[r.SSS.SampleSet:2]]
[2024.09.07-15.05.15:043][  0]LogConfig: Setting CVar [[r.SSS.Quality:1]]
[2024.09.07-15.05.15:043][  0]LogConfig: Setting CVar [[r.SSS.HalfRes:0]]
[2024.09.07-15.05.15:044][  0]LogConfig: Setting CVar [[r.SSGI.Quality:3]]
[2024.09.07-15.05.15:044][  0]LogConfig: Setting CVar [[r.EmitterSpawnRateScale:1.0]]
[2024.09.07-15.05.15:044][  0]LogConfig: Setting CVar [[r.ParticleLightQuality:2]]
[2024.09.07-15.05.15:044][  0]LogConfig: Setting CVar [[r.SkyAtmosphere.AerialPerspectiveLUT.FastApplyOnOpaque:1 ; Always have FastSkyLUT 1 in this case to avoid wrong sky]]
[2024.09.07-15.05.15:044][  0]LogConfig: Setting CVar [[r.SkyAtmosphere.AerialPerspectiveLUT.SampleCountMaxPerSlice:4]]
[2024.09.07-15.05.15:044][  0]LogConfig: Setting CVar [[r.SkyAtmosphere.AerialPerspectiveLUT.DepthResolution:16.0]]
[2024.09.07-15.05.15:044][  0]LogConfig: Setting CVar [[r.SkyAtmosphere.FastSkyLUT:1]]
[2024.09.07-15.05.15:044][  0]LogConfig: Setting CVar [[r.SkyAtmosphere.FastSkyLUT.SampleCountMin:4.0]]
[2024.09.07-15.05.15:044][  0]LogConfig: Setting CVar [[r.SkyAtmosphere.FastSkyLUT.SampleCountMax:128.0]]
[2024.09.07-15.05.15:045][  0]LogConfig: Setting CVar [[r.SkyAtmosphere.SampleCountMin:4.0]]
[2024.09.07-15.05.15:045][  0]LogConfig: Setting CVar [[r.SkyAtmosphere.SampleCountMax:128.0]]
[2024.09.07-15.05.15:045][  0]LogConfig: Setting CVar [[r.SkyAtmosphere.TransmittanceLUT.UseSmallFormat:0]]
[2024.09.07-15.05.15:045][  0]LogConfig: Setting CVar [[r.SkyAtmosphere.TransmittanceLUT.SampleCount:10.0]]
[2024.09.07-15.05.15:045][  0]LogConfig: Setting CVar [[r.SkyAtmosphere.MultiScatteringLUT.SampleCount:15.0]]
[2024.09.07-15.05.15:045][  0]LogConfig: Setting CVar [[r.SkyLight.RealTimeReflectionCapture:1]]
[2024.09.07-15.05.15:045][  0]LogConfig: Applying CVar settings from Section [FoliageQuality@3] File [C:/Users/nanim/GitHub/NewNewInsectHeaven/InsectHeaven/Saved/Config/Windows/Scalability.ini]
[2024.09.07-15.05.15:045][  0]LogConfig: Setting CVar [[foliage.DensityScale:1.0]]
[2024.09.07-15.05.15:045][  0]LogConfig: Setting CVar [[grass.DensityScale:1.0]]
[2024.09.07-15.05.15:045][  0]LogConfig: Applying CVar settings from Section [ShadingQuality@3] File [C:/Users/nanim/GitHub/NewNewInsectHeaven/InsectHeaven/Saved/Config/Windows/Scalability.ini]
[2024.09.07-15.05.15:046][  0]LogConfig: Setting CVar [[r.HairStrands.SkyLighting.IntegrationType:2]]
[2024.09.07-15.05.15:046][  0]LogConfig: Setting CVar [[r.HairStrands.SkyAO.SampleCount:4]]
[2024.09.07-15.05.15:046][  0]LogConfig: Setting CVar [[r.HairStrands.Visibility.MSAA.SamplePerPixel:4]]
[2024.09.07-15.05.15:046][  0]LogInit: Selected Device Profile: [Windows]
[2024.09.07-15.05.15:046][  0]LogInit: Applying CVar settings loaded from the selected device profile: [Windows]
[2024.09.07-15.05.15:046][  0]LogHAL: Display: Platform has ~ 32 GB [33457160192 / 34359738368 / 32], which maps to Largest [LargestMinGB=32, LargerMinGB=12, DefaultMinGB=8, SmallerMinGB=6, SmallestMinGB=0)
[2024.09.07-15.05.15:046][  0]LogInit: Going up to parent DeviceProfile []
[2024.09.07-15.05.15:046][  0]LogConfig: Applying CVar settings from Section [ViewDistanceQuality@3] File [C:/Users/nanim/GitHub/NewNewInsectHeaven/InsectHeaven/Saved/Config/Windows/Scalability.ini]
[2024.09.07-15.05.15:047][  0]LogConfig: Setting CVar [[r.SkeletalMeshLODBias:0]]
[2024.09.07-15.05.15:047][  0]LogConfig: Setting CVar [[r.ViewDistanceScale:1.0]]
[2024.09.07-15.05.15:047][  0]LogConfig: Applying CVar settings from Section [AntiAliasingQuality@3] File [C:/Users/nanim/GitHub/NewNewInsectHeaven/InsectHeaven/Saved/Config/Windows/Scalability.ini]
[2024.09.07-15.05.15:047][  0]LogConfig: Setting CVar [[r.PostProcessAAQuality:4]]
[2024.09.07-15.05.15:047][  0]LogConfig: Applying CVar settings from Section [ShadowQuality@3] File [C:/Users/nanim/GitHub/NewNewInsectHeaven/InsectHeaven/Saved/Config/Windows/Scalability.ini]
[2024.09.07-15.05.15:047][  0]LogConfig: Setting CVar [[r.LightFunctionQuality:1]]
[2024.09.07-15.05.15:047][  0]LogConfig: Setting CVar [[r.ShadowQuality:5]]
[2024.09.07-15.05.15:047][  0]LogConfig: Setting CVar [[r.Shadow.CSM.MaxCascades:10]]
[2024.09.07-15.05.15:048][  0]LogConfig: Setting CVar [[r.Shadow.MaxResolution:2048]]
[2024.09.07-15.05.15:048][  0]LogConfig: Setting CVar [[r.Shadow.MaxCSMResolution:2048]]
[2024.09.07-15.05.15:048][  0]LogConfig: Setting CVar [[r.Shadow.RadiusThreshold:0.01]]
[2024.09.07-15.05.15:048][  0]LogConfig: Setting CVar [[r.Shadow.DistanceScale:1.0]]
[2024.09.07-15.05.15:048][  0]LogConfig: Setting CVar [[r.Shadow.CSM.TransitionScale:1.0]]
[2024.09.07-15.05.15:048][  0]LogConfig: Setting CVar [[r.Shadow.PreShadowResolutionFactor:1.0]]
[2024.09.07-15.05.15:048][  0]LogConfig: Setting CVar [[r.DistanceFieldShadowing:1]]
[2024.09.07-15.05.15:048][  0]LogConfig: Setting CVar [[r.DistanceFieldAO:1]]
[2024.09.07-15.05.15:048][  0]LogConfig: Setting CVar [[r.AOQuality:2]]
[2024.09.07-15.05.15:048][  0]LogConfig: Setting CVar [[r.VolumetricFog:1]]
[2024.09.07-15.05.15:049][  0]LogConfig: Setting CVar [[r.VolumetricFog.GridPixelSize:8]]
[2024.09.07-15.05.15:049][  0]LogConfig: Setting CVar [[r.VolumetricFog.GridSizeZ:128]]
[2024.09.07-15.05.15:049][  0]LogConfig: Setting CVar [[r.VolumetricFog.HistoryMissSupersampleCount:4]]
[2024.09.07-15.05.15:049][  0]LogConfig: Setting CVar [[r.LightMaxDrawDistanceScale:1]]
[2024.09.07-15.05.15:049][  0]LogConfig: Setting CVar [[r.CapsuleShadows:1]]
[2024.09.07-15.05.15:049][  0]LogConfig: Applying CVar settings from Section [PostProcessQuality@3] File [C:/Users/nanim/GitHub/NewNewInsectHeaven/InsectHeaven/Saved/Config/Windows/Scalability.ini]
[2024.09.07-15.05.15:049][  0]LogConfig: Setting CVar [[r.MotionBlurQuality:4]]
[2024.09.07-15.05.15:049][  0]LogConfig: Setting CVar [[r.AmbientOcclusionMipLevelFactor:0.4]]
[2024.09.07-15.05.15:049][  0]LogConfig: Setting CVar [[r.AmbientOcclusionMaxQuality:100]]
[2024.09.07-15.05.15:050][  0]LogConfig: Setting CVar [[r.AmbientOcclusionLevels:-1]]
[2024.09.07-15.05.15:050][  0]LogConfig: Setting CVar [[r.AmbientOcclusionRadiusScale:1.0]]
[2024.09.07-15.05.15:050][  0]LogConfig: Setting CVar [[r.DepthOfFieldQuality:2]]
[2024.09.07-15.05.15:050][  0]LogConfig: Setting CVar [[r.RenderTargetPoolMin:400]]
[2024.09.07-15.05.15:050][  0]LogConfig: Setting CVar [[r.LensFlareQuality:2]]
[2024.09.07-15.05.15:050][  0]LogConfig: Setting CVar [[r.SceneColorFringeQuality:1]]
[2024.09.07-15.05.15:050][  0]LogConfig: Setting CVar [[r.EyeAdaptationQuality:2]]
[2024.09.07-15.05.15:050][  0]LogConfig: Setting CVar [[r.BloomQuality:5]]
[2024.09.07-15.05.15:050][  0]LogConfig: Setting CVar [[r.FastBlurThreshold:100]]
[2024.09.07-15.05.15:051][  0]LogConfig: Setting CVar [[r.Upscale.Quality:3]]
[2024.09.07-15.05.15:051][  0]LogConfig: Setting CVar [[r.Tonemapper.GrainQuantization:1]]
[2024.09.07-15.05.15:051][  0]LogConfig: Setting CVar [[r.LightShaftQuality:1]]
[2024.09.07-15.05.15:051][  0]LogConfig: Setting CVar [[r.Filter.SizeScale:1]]
[2024.09.07-15.05.15:051][  0]LogConfig: Setting CVar [[r.Tonemapper.Quality:5]]
[2024.09.07-15.05.15:051][  0]LogConfig: Setting CVar [[r.DOF.Gather.AccumulatorQuality:1        ; higher gathering accumulator quality]]
[2024.09.07-15.05.15:051][  0]LogConfig: Setting CVar [[r.DOF.Gather.PostfilterMethod:1          ; Median3x3 postfilering method]]
[2024.09.07-15.05.15:051][  0]LogConfig: Setting CVar [[r.DOF.Gather.EnableBokehSettings:0       ; no bokeh simulation when gathering]]
[2024.09.07-15.05.15:051][  0]LogConfig: Setting CVar [[r.DOF.Gather.RingCount:4                 ; medium number of samples when gathering]]
[2024.09.07-15.05.15:052][  0]LogConfig: Setting CVar [[r.DOF.Scatter.ForegroundCompositing:1    ; additive foreground scattering]]
[2024.09.07-15.05.15:052][  0]LogConfig: Setting CVar [[r.DOF.Scatter.BackgroundCompositing:2    ; additive background scattering]]
[2024.09.07-15.05.15:052][  0]LogConfig: Setting CVar [[r.DOF.Scatter.EnableBokehSettings:1      ; bokeh simulation when scattering]]
[2024.09.07-15.05.15:052][  0]LogConfig: Setting CVar [[r.DOF.Scatter.MaxSpriteRatio:0.1         ; only a maximum of 10% of scattered bokeh]]
[2024.09.07-15.05.15:052][  0]LogConfig: Setting CVar [[r.DOF.Recombine.Quality:1                ; cheap slight out of focus]]
[2024.09.07-15.05.15:052][  0]LogConfig: Setting CVar [[r.DOF.Recombine.EnableBokehSettings:0    ; no bokeh simulation on slight out of focus]]
[2024.09.07-15.05.15:052][  0]LogConfig: Setting CVar [[r.DOF.TemporalAAQuality:1                ; more stable temporal accumulation]]
[2024.09.07-15.05.15:052][  0]LogConfig: Setting CVar [[r.DOF.Kernel.MaxForegroundRadius:0.025]]
[2024.09.07-15.05.15:052][  0]LogConfig: Setting CVar [[r.DOF.Kernel.MaxBackgroundRadius:0.025]]
[2024.09.07-15.05.15:053][  0]LogConfig: Applying CVar settings from Section [TextureQuality@3] File [C:/Users/nanim/GitHub/NewNewInsectHeaven/InsectHeaven/Saved/Config/Windows/Scalability.ini]
[2024.09.07-15.05.15:053][  0]LogConfig: Setting CVar [[r.Streaming.MipBias:0]]
[2024.09.07-15.05.15:053][  0]LogConfig: Setting CVar [[r.Streaming.AmortizeCPUToGPUCopy:0]]
[2024.09.07-15.05.15:053][  0]LogConfig: Setting CVar [[r.Streaming.MaxNumTexturesToStreamPerFrame:0]]
[2024.09.07-15.05.15:053][  0]LogConfig: Setting CVar [[r.Streaming.Boost:1]]
[2024.09.07-15.05.15:053][  0]LogConfig: Setting CVar [[r.MaxAnisotropy:8]]
[2024.09.07-15.05.15:053][  0]LogConfig: Setting CVar [[r.VT.MaxAnisotropy:8]]
[2024.09.07-15.05.15:053][  0]LogConfig: Setting CVar [[r.Streaming.LimitPoolSizeToVRAM:0]]
[2024.09.07-15.05.15:053][  0]LogConfig: Setting CVar [[r.Streaming.PoolSize:1000]]
[2024.09.07-15.05.15:053][  0]LogConfig: Setting CVar [[r.Streaming.MaxEffectiveScreenSize:0]]
[2024.09.07-15.05.15:054][  0]LogConfig: Applying CVar settings from Section [EffectsQuality@3] File [C:/Users/nanim/GitHub/NewNewInsectHeaven/InsectHeaven/Saved/Config/Windows/Scalability.ini]
[2024.09.07-15.05.15:054][  0]LogConfig: Setting CVar [[r.TranslucencyLightingVolumeDim:64]]
[2024.09.07-15.05.15:054][  0]LogConfig: Setting CVar [[r.RefractionQuality:2]]
[2024.09.07-15.05.15:054][  0]LogConfig: Setting CVar [[r.SSR.Quality:3]]
[2024.09.07-15.05.15:054][  0]LogConfig: Setting CVar [[r.SSR.HalfResSceneColor:0]]
[2024.09.07-15.05.15:054][  0]LogConfig: Setting CVar [[r.SceneColorFormat:4]]
[2024.09.07-15.05.15:054][  0]LogConfig: Setting CVar [[r.DetailMode:2]]
[2024.09.07-15.05.15:054][  0]LogConfig: Setting CVar [[r.TranslucencyVolumeBlur:1]]
[2024.09.07-15.05.15:054][  0]LogConfig: Setting CVar [[r.MaterialQualityLevel:1 ; High quality]]
[2024.09.07-15.05.15:055][  0]LogConfig: Setting CVar [[r.AnisotropicMaterials:1]]
[2024.09.07-15.05.15:055][  0]LogConfig: Setting CVar [[r.SSS.Scale:1]]
[2024.09.07-15.05.15:055][  0]LogConfig: Setting CVar [[r.SSS.SampleSet:2]]
[2024.09.07-15.05.15:055][  0]LogConfig: Setting CVar [[r.SSS.Quality:1]]
[2024.09.07-15.05.15:055][  0]LogConfig: Setting CVar [[r.SSS.HalfRes:0]]
[2024.09.07-15.05.15:055][  0]LogConfig: Setting CVar [[r.SSGI.Quality:3]]
[2024.09.07-15.05.15:055][  0]LogConfig: Setting CVar [[r.EmitterSpawnRateScale:1.0]]
[2024.09.07-15.05.15:055][  0]LogConfig: Setting CVar [[r.ParticleLightQuality:2]]
[2024.09.07-15.05.15:055][  0]LogConfig: Setting CVar [[r.SkyAtmosphere.AerialPerspectiveLUT.FastApplyOnOpaque:1 ; Always have FastSkyLUT 1 in this case to avoid wrong sky]]
[2024.09.07-15.05.15:056][  0]LogConfig: Setting CVar [[r.SkyAtmosphere.AerialPerspectiveLUT.SampleCountMaxPerSlice:4]]
[2024.09.07-15.05.15:056][  0]LogConfig: Setting CVar [[r.SkyAtmosphere.AerialPerspectiveLUT.DepthResolution:16.0]]
[2024.09.07-15.05.15:056][  0]LogConfig: Setting CVar [[r.SkyAtmosphere.FastSkyLUT:1]]
[2024.09.07-15.05.15:056][  0]LogConfig: Setting CVar [[r.SkyAtmosphere.FastSkyLUT.SampleCountMin:4.0]]
[2024.09.07-15.05.15:056][  0]LogConfig: Setting CVar [[r.SkyAtmosphere.FastSkyLUT.SampleCountMax:128.0]]
[2024.09.07-15.05.15:056][  0]LogConfig: Setting CVar [[r.SkyAtmosphere.SampleCountMin:4.0]]
[2024.09.07-15.05.15:056][  0]LogConfig: Setting CVar [[r.SkyAtmosphere.SampleCountMax:128.0]]
[2024.09.07-15.05.15:056][  0]LogConfig: Setting CVar [[r.SkyAtmosphere.TransmittanceLUT.UseSmallFormat:0]]
[2024.09.07-15.05.15:056][  0]LogConfig: Setting CVar [[r.SkyAtmosphere.TransmittanceLUT.SampleCount:10.0]]
[2024.09.07-15.05.15:056][  0]LogConfig: Setting CVar [[r.SkyAtmosphere.MultiScatteringLUT.SampleCount:15.0]]
[2024.09.07-15.05.15:057][  0]LogConfig: Setting CVar [[r.SkyLight.RealTimeReflectionCapture:1]]
[2024.09.07-15.05.15:057][  0]LogConfig: Applying CVar settings from Section [FoliageQuality@3] File [C:/Users/nanim/GitHub/NewNewInsectHeaven/InsectHeaven/Saved/Config/Windows/Scalability.ini]
[2024.09.07-15.05.15:057][  0]LogConfig: Setting CVar [[foliage.DensityScale:1.0]]
[2024.09.07-15.05.15:057][  0]LogConfig: Setting CVar [[grass.DensityScale:1.0]]
[2024.09.07-15.05.15:057][  0]LogConfig: Applying CVar settings from Section [ShadingQuality@3] File [C:/Users/nanim/GitHub/NewNewInsectHeaven/InsectHeaven/Saved/Config/Windows/Scalability.ini]
[2024.09.07-15.05.15:057][  0]LogConfig: Setting CVar [[r.HairStrands.SkyLighting.IntegrationType:2]]
[2024.09.07-15.05.15:057][  0]LogConfig: Setting CVar [[r.HairStrands.SkyAO.SampleCount:4]]
[2024.09.07-15.05.15:057][  0]LogConfig: Setting CVar [[r.HairStrands.Visibility.MSAA.SamplePerPixel:4]]
[2024.09.07-15.05.15:057][  0]LogConfig: Applying CVar settings from Section [Startup] File [../../../Engine/Config/ConsoleVariables.ini]
[2024.09.07-15.05.15:058][  0]LogConfig: Setting CVar [[net.UseAdaptiveNetUpdateFrequency:0]]
[2024.09.07-15.05.15:058][  0]LogConfig: Setting CVar [[p.chaos.AllowCreatePhysxBodies:1]]
[2024.09.07-15.05.15:058][  0]LogConfig: Setting CVar [[fx.SkipVectorVMBackendOptimizations:1]]
[2024.09.07-15.05.15:058][  0]LogConfig: Applying CVar settings from Section [ConsoleVariables] File [C:/Users/nanim/GitHub/NewNewInsectHeaven/InsectHeaven/Saved/Config/Windows/Engine.ini]
[2024.09.07-15.05.15:058][  0]LogConfig: Applying CVar settings from Section [ConsoleVariables] File [C:/Users/nanim/GitHub/NewNewInsectHeaven/InsectHeaven/Saved/Config/Windows/Editor.ini]
[2024.09.07-15.05.15:058][  0]LogInit: Computer: DESKTOP-NS5ONMH
[2024.09.07-15.05.15:058][  0]LogInit: User: nanim
[2024.09.07-15.05.15:058][  0]LogInit: CPU Page size=4096, Cores=12
[2024.09.07-15.05.15:059][  0]LogInit: High frequency timer resolution =10.000000 MHz
[2024.09.07-15.05.15:059][  0]LogMemory: Memory total: Physical=31.2GB (32GB approx)
[2024.09.07-15.05.15:059][  0]LogMemory: Platform Memory Stats for Windows
[2024.09.07-15.05.15:059][  0]LogMemory: Process Physical Memory: 149.88 MB used, 149.88 MB peak
[2024.09.07-15.05.15:059][  0]LogMemory: Process Virtual Memory: 130.13 MB used, 130.13 MB peak
[2024.09.07-15.05.15:059][  0]LogMemory: Physical Memory: 16165.64 MB used,  15741.60 MB free, 31907.23 MB total
[2024.09.07-15.05.15:059][  0]LogMemory: Virtual Memory: 134177792.00 MB used,  39933.84 MB free, 134217728.00 MB total
[2024.09.07-15.05.15:072][  0]LogWindows: WindowsPlatformFeatures enabled
[2024.09.07-15.05.15:178][  0]LogInit: Physics initialised using underlying interface: PhysX
[2024.09.07-15.05.15:178][  0]LogInit: Using OS detected language (ko-KR).
[2024.09.07-15.05.15:179][  0]LogInit: Using OS detected locale (ko-KR).
[2024.09.07-15.05.15:183][  0]LogTextLocalizationManager: No specific localization for 'ko-KR' exists, so the 'ko' localization will be used.
[2024.09.07-15.05.15:251][  0]LogInit: Setting process to per monitor DPI aware
[2024.09.07-15.05.15:397][  0]LogWindowsTextInputMethodSystem: Display: IME system deactivated.
[2024.09.07-15.05.15:423][  0]LogSlate: New Slate User Created.  User Index 0, Is Virtual User: 0
[2024.09.07-15.05.15:423][  0]LogSlate: Slate User Registered.  User Index 0, Is Virtual User: 0
[2024.09.07-15.05.15:565][  0]LogD3D11RHI: Loaded GFSDK_Aftermath_Lib.x64.dll
[2024.09.07-15.05.15:572][  0]LogHMD: Failed to initialize OpenVR with code 110
[2024.09.07-15.05.15:572][  0]LogD3D11RHI: D3D11 min allowed feature level: 11_0
[2024.09.07-15.05.15:573][  0]LogD3D11RHI: D3D11 max allowed feature level: 11_0
[2024.09.07-15.05.15:573][  0]LogD3D11RHI: D3D11 adapters:
[2024.09.07-15.05.15:662][  0]LogD3D11RHI:    0. 'AMD Radeon RX 7900 XTX' (Feature Level 11_0)
[2024.09.07-15.05.15:662][  0]LogD3D11RHI:       24515/0/15953 MB DedicatedVideo/DedicatedSystem/SharedSystem, Outputs:2, VendorId:0x1002
[2024.09.07-15.05.15:720][  0]LogD3D11RHI:    1. 'AMD Radeon(TM) Graphics' (Feature Level 11_0)
[2024.09.07-15.05.15:720][  0]LogD3D11RHI:       485/0/15953 MB DedicatedVideo/DedicatedSystem/SharedSystem, Outputs:0, VendorId:0x1002
[2024.09.07-15.05.15:725][  0]LogD3D11RHI:    2. 'Microsoft Basic Render Driver' (Feature Level 11_0)
[2024.09.07-15.05.15:725][  0]LogD3D11RHI:       0/0/15953 MB DedicatedVideo/DedicatedSystem/SharedSystem, Outputs:0, VendorId:0x1414
[2024.09.07-15.05.15:725][  0]LogD3D11RHI: Chosen D3D11 Adapter:
[2024.09.07-15.05.15:725][  0]LogD3D11RHI:     Description : AMD Radeon RX 7900 XTX
[2024.09.07-15.05.15:726][  0]LogD3D11RHI:     VendorId    : 1002
[2024.09.07-15.05.15:726][  0]LogD3D11RHI:     DeviceId    : 744c
[2024.09.07-15.05.15:726][  0]LogD3D11RHI:     SubSysId    : e3b1002
[2024.09.07-15.05.15:726][  0]LogD3D11RHI:     Revision    : 00c8
[2024.09.07-15.05.15:726][  0]LogD3D11RHI:     DedicatedVideoMemory : 25706012672 bytes
[2024.09.07-15.05.15:726][  0]LogD3D11RHI:     DedicatedSystemMemory : 0 bytes
[2024.09.07-15.05.15:726][  0]LogD3D11RHI:     SharedSystemMemory : 16728580096 bytes
[2024.09.07-15.05.15:726][  0]LogD3D11RHI:     AdapterLuid : 0 67208
[2024.09.07-15.05.15:731][  0]LogD3D11RHI: Creating new Direct3DDevice
[2024.09.07-15.05.15:731][  0]LogD3D11RHI:     GPU DeviceId: 0x744c (for the marketing name, search the web for "GPU Device Id")
[2024.09.07-15.05.15:732][  0]LogWindows: EnumDisplayDevices:
[2024.09.07-15.05.15:732][  0]LogWindows:    0. 'AMD Radeon RX 7900 XTX' (P:1 D:1)
[2024.09.07-15.05.15:733][  0]LogWindows:    1. 'AMD Radeon RX 7900 XTX' (P:0 D:1)
[2024.09.07-15.05.15:734][  0]LogWindows:    2. 'AMD Radeon RX 7900 XTX' (P:0 D:0)
[2024.09.07-15.05.15:734][  0]LogWindows:    3. 'AMD Radeon RX 7900 XTX' (P:0 D:0)
[2024.09.07-15.05.15:735][  0]LogWindows:    4. 'AMD Radeon RX 7900 XTX' (P:0 D:0)
[2024.09.07-15.05.15:736][  0]LogWindows:    5. 'AMD Radeon(TM) Graphics' (P:0 D:0)
[2024.09.07-15.05.15:737][  0]LogWindows:    6. 'AMD Radeon(TM) Graphics' (P:0 D:0)
[2024.09.07-15.05.15:737][  0]LogWindows:    7. 'AMD Radeon(TM) Graphics' (P:0 D:0)
[2024.09.07-15.05.15:738][  0]LogWindows:    8. 'AMD Radeon(TM) Graphics' (P:0 D:0)
[2024.09.07-15.05.15:739][  0]LogWindows:    9. 'AMD Radeon(TM) Graphics' (P:0 D:0)
[2024.09.07-15.05.15:739][  0]LogWindows: DebugString: PrimaryIsNotTheChoosenAdapter PrimaryIsNotTheChoosenAdapter PrimaryIsNotTheChoosenAdapter PrimaryIsNotTheChoosenAdapter PrimaryIsNotTheChoosenAdapter FoundDriverCount:5 
[2024.09.07-15.05.15:739][  0]LogD3D11RHI:     Adapter Name: AMD Radeon RX 7900 XTX
[2024.09.07-15.05.15:739][  0]LogD3D11RHI:   Driver Version: AMD Software: Adrenalin Edition 23.8.1 (internal:31.0.21029.1006, unified:31.0.21029.1006)
[2024.09.07-15.05.15:740][  0]LogD3D11RHI:      Driver Date: 8-14-2023
[2024.09.07-15.05.15:740][  0]LogRHI: Texture pool is 16623 MB (70% of 23747 MB)
[2024.09.07-15.05.15:781][  0]LogD3D11RHI: Creating D3DDevice with AMD AGS, using adapter:
[2024.09.07-15.05.15:781][  0]LogD3D11RHI:     Description : AMD Radeon RX 7900 XTX
[2024.09.07-15.05.15:781][  0]LogD3D11RHI:     VendorId    : 1002
[2024.09.07-15.05.15:781][  0]LogD3D11RHI:     DeviceId    : 744c
[2024.09.07-15.05.15:782][  0]LogD3D11RHI:     SubSysId    : e3b1002
[2024.09.07-15.05.15:782][  0]LogD3D11RHI:     Revision    : 00c8
[2024.09.07-15.05.15:782][  0]LogD3D11RHI:     DedicatedVideoMemory : 25706012672 bytes
[2024.09.07-15.05.15:782][  0]LogD3D11RHI:     DedicatedSystemMemory : 0 bytes
[2024.09.07-15.05.15:782][  0]LogD3D11RHI:     SharedSystemMemory : 16728580096 bytes
[2024.09.07-15.05.15:782][  0]LogD3D11RHI:     AdapterLuid : 0 67208
[2024.09.07-15.05.15:846][  0]LogD3D11RHI: Created device via AGS, feature level 11_0, supported extensions 1fffffbf.
[2024.09.07-15.05.15:846][  0]LogD3D11RHI: RHI has support for 64 bit atomics
[2024.09.07-15.05.15:847][  0]LogD3D11RHI: Async texture creation enabled
[2024.09.07-15.05.15:847][  0]LogD3D11RHI: Array index from any shader is supported
[2024.09.07-15.05.15:858][  0]LogD3D11RHI: GPU Timing Frequency: 100.000000 (Debug: 2 1)
[2024.09.07-15.05.16:100][  0]LogTargetPlatformManager: Display: Loaded TargetPlatform 'AllDesktop'
[2024.09.07-15.05.16:120][  0]LogTargetPlatformManager: Display: Loaded TargetPlatform 'Android'
[2024.09.07-15.05.16:121][  0]LogTargetPlatformManager: Display: Loaded TargetPlatform 'Android_ASTC'
[2024.09.07-15.05.16:121][  0]LogTargetPlatformManager: Display: Loaded TargetPlatform 'Android_DXT'
[2024.09.07-15.05.16:121][  0]LogTargetPlatformManager: Display: Loaded TargetPlatform 'Android_ETC2'
[2024.09.07-15.05.16:121][  0]LogTargetPlatformManager: Display: Loaded TargetPlatform 'AndroidClient'
[2024.09.07-15.05.16:121][  0]LogTargetPlatformManager: Display: Loaded TargetPlatform 'Android_ASTCClient'
[2024.09.07-15.05.16:121][  0]LogTargetPlatformManager: Display: Loaded TargetPlatform 'Android_DXTClient'
[2024.09.07-15.05.16:122][  0]LogTargetPlatformManager: Display: Loaded TargetPlatform 'Android_ETC2Client'
[2024.09.07-15.05.16:122][  0]LogTargetPlatformManager: Display: Loaded TargetPlatform 'Android_Multi'
[2024.09.07-15.05.16:122][  0]LogTargetPlatformManager: Display: Loaded TargetPlatform 'Android_MultiClient'
[2024.09.07-15.05.16:150][  0]LogTargetPlatformManager: Display: Loaded TargetPlatform 'IOSClient'
[2024.09.07-15.05.16:150][  0]LogTargetPlatformManager: Display: Loaded TargetPlatform 'IOS'
[2024.09.07-15.05.16:162][  0]LogTargetPlatformManager: Display: Loaded TargetPlatform 'Linux'
[2024.09.07-15.05.16:170][  0]LogTargetPlatformManager: Display: Loaded TargetPlatform 'LinuxNoEditor'
[2024.09.07-15.05.16:177][  0]LogTargetPlatformManager: Display: Loaded TargetPlatform 'LinuxClient'
[2024.09.07-15.05.16:186][  0]LogTargetPlatformManager: Display: Loaded TargetPlatform 'LinuxServer'
[2024.09.07-15.05.16:197][  0]LogTargetPlatformManager: Display: Loaded TargetPlatform 'LinuxAArch64NoEditor'
[2024.09.07-15.05.16:206][  0]LogTargetPlatformManager: Display: Loaded TargetPlatform 'LinuxAArch64Client'
[2024.09.07-15.05.16:215][  0]LogTargetPlatformManager: Display: Loaded TargetPlatform 'LinuxAArch64Server'
[2024.09.07-15.05.16:236][  0]LogTargetPlatformManager: Display: Loaded TargetPlatform 'Lumin'
[2024.09.07-15.05.16:236][  0]LogTargetPlatformManager: Display: Loaded TargetPlatform 'LuminClient'
[2024.09.07-15.05.16:246][  0]LogTargetPlatformManager: Display: Loaded TargetPlatform 'MacNoEditor'
[2024.09.07-15.05.16:254][  0]LogTargetPlatformManager: Display: Loaded TargetPlatform 'Mac'
[2024.09.07-15.05.16:262][  0]LogTargetPlatformManager: Display: Loaded TargetPlatform 'MacClient'
[2024.09.07-15.05.16:269][  0]LogTargetPlatformManager: Display: Loaded TargetPlatform 'MacServer'
[2024.09.07-15.05.16:281][  0]LogTargetPlatformManager: Display: Loaded TargetPlatform 'TVOSClient'
[2024.09.07-15.05.16:281][  0]LogTargetPlatformManager: Display: Loaded TargetPlatform 'TVOS'
[2024.09.07-15.05.16:292][  0]LogTargetPlatformManager: Display: Loaded TargetPlatform 'WindowsNoEditor'
[2024.09.07-15.05.16:300][  0]LogTargetPlatformManager: Display: Loaded TargetPlatform 'Windows'
[2024.09.07-15.05.16:309][  0]LogTargetPlatformManager: Display: Loaded TargetPlatform 'WindowsClient'
[2024.09.07-15.05.16:317][  0]LogTargetPlatformManager: Display: Loaded TargetPlatform 'WindowsServer'
[2024.09.07-15.05.16:317][  0]LogTargetPlatformManager: Display: Building Assets For Windows
[2024.09.07-15.05.16:348][  0]LogAudioDebug: Display: Lib vorbis DLL was dynamically loaded.
[2024.09.07-15.05.16:445][  0]LogTextureFormatOodle: Display: Oodle Texture 2.9.0 init RDO Off
[2024.09.07-15.05.16:527][  0]LogRendererCore: Ray tracing is disabled. Reason: r.RayTracing=0.
[2024.09.07-15.05.16:527][  0]LogShaderCompilers: Guid format shader working directory is -19 characters bigger than the processId version (../../../../../Users/nanim/GitHub/NewNewInsectHeaven/InsectHeaven/Intermediate/Shaders/WorkingDirectory/9252/).
[2024.09.07-15.05.16:527][  0]LogShaderCompilers: Cleaned the shader compiler working directory 'C:/Users/nanim/AppData/Local/Temp/UnrealShaderWorkingDir/1AD46A494DC0562A9AE7528135CE26F4/'.
[2024.09.07-15.05.16:527][  0]LogXGEController: Cannot use XGE Controller as Incredibuild is not installed on this machine.
[2024.09.07-15.05.16:528][  0]LogShaderCompilers: Cannot use XGE Shader Compiler as Incredibuild is not installed on this machine.
[2024.09.07-15.05.16:528][  0]LogShaderCompilers: Display: Using Local Shader Compiler.
[2024.09.07-15.05.16:978][  0]LogDerivedDataCache: Display: Max Cache Size: 512 MB
[2024.09.07-15.05.17:011][  0]LogDerivedDataCache: Loaded boot cache 0.03s 94MB C:/Users/nanim/AppData/Local/UnrealEngine/4.27/DerivedDataCache/Boot.ddc.
[2024.09.07-15.05.17:011][  0]LogDerivedDataCache: Display: Loaded Boot cache: C:/Users/nanim/AppData/Local/UnrealEngine/4.27/DerivedDataCache/Boot.ddc
[2024.09.07-15.05.17:011][  0]LogDerivedDataCache: FDerivedDataBackendGraph:  Pak pak cache file ../../../../../Users/nanim/GitHub/NewNewInsectHeaven/InsectHeaven/DerivedDataCache/DDC.ddp not found, will not use a pak cache.
[2024.09.07-15.05.17:011][  0]LogDerivedDataCache: Unable to find inner node Pak for hierarchical cache Hierarchy.
[2024.09.07-15.05.17:012][  0]LogDerivedDataCache: FDerivedDataBackendGraph:  CompressedPak pak cache file ../../../../../Users/nanim/GitHub/NewNewInsectHeaven/InsectHeaven/DerivedDataCache/Compressed.ddp not found, will not use a pak cache.
[2024.09.07-15.05.17:012][  0]LogDerivedDataCache: Unable to find inner node CompressedPak for hierarchical cache Hierarchy.
[2024.09.07-15.05.17:023][  0]LogDerivedDataCache: Display: Pak cache opened for reading ../../../Engine/DerivedDataCache/Compressed.ddp.
[2024.09.07-15.05.17:023][  0]LogDerivedDataCache: FDerivedDataBackendGraph:  EnterprisePak pak cache file ../../../Enterprise/DerivedDataCache/Compressed.ddp not found, will not use a pak cache.
[2024.09.07-15.05.17:024][  0]LogDerivedDataCache: Unable to find inner node EnterprisePak for hierarchical cache Hierarchy.
[2024.09.07-15.05.17:032][  0]LogDerivedDataCache: Speed tests for C:/Users/nanim/AppData/Local/UnrealEngine/Common/DerivedDataCache took 0.01 seconds
[2024.09.07-15.05.17:032][  0]LogDerivedDataCache: Display: Performance to C:/Users/nanim/AppData/Local/UnrealEngine/Common/DerivedDataCache: Latency=0.04ms. RandomReadSpeed=771.33MBs, RandomWriteSpeed=146.69MBs. Assigned SpeedClass 'Local'
[2024.09.07-15.05.17:033][  0]LogDerivedDataCache: Using Local data cache path C:/Users/nanim/AppData/Local/UnrealEngine/Common/DerivedDataCache: Writable
[2024.09.07-15.05.17:033][  0]LogDerivedDataCache: Shared data cache path not found in *engine.ini, will not use an Shared cache.
[2024.09.07-15.05.17:033][  0]LogDerivedDataCache: Unable to find inner node Shared for hierarchical cache Hierarchy.
[2024.09.07-15.05.17:059][  0]LogSlate: Using FreeType 2.10.0
[2024.09.07-15.05.17:059][  0]LogSlate: SlateFontServices - WITH_FREETYPE: 1, WITH_HARFBUZZ: 1
[2024.09.07-15.05.17:082][  0]LogAssetRegistry: FAssetRegistry took 0.0024 seconds to start up
[2024.09.07-15.05.17:223][  0]LogInit: Selected Device Profile: [Windows]
[2024.09.07-15.05.17:223][  0]LogInit: Active device profile: [0000027E38264700][0000027E363CAE40 49] Windows
[2024.09.07-15.05.17:223][  0]LogInit: Profiles: [0000027E38264700][0000027E363CAE40 49] Windows, [0000027E38233700][0000027E38912FC0 49] WindowsNoEditor, [0000027E38267300][0000027E38917140 49] WindowsServer, [0000027E38230F00][0000027E3891B2C0 49] WindowsClient, [0000027E38267500][0000027E3891F440 49] IOS, [0000027E3821FF00][0000027E389235C0 49] iPadAir, [0000027E38233B00][0000027E38927740 49] iPadAir2, [0000027E381D4500][0000027E3892FA00 49] IPadPro, [0000027E381D4600][0000027E3892BA40 49] iPadAir3, [0000027E3821C100][0000027E38933BC0 49] iPadAir4, [0000027E381D6C00][0000027E389361C0 49] iPadMini2, [0000027E3821E500][0000027E3893A340 49] iPadMini3, [0000027E381D7400][0000027E3893E4C0 49] iPadMini4, [0000027E3821CF00][0000027E38942640 49] iPadMini5, [0000027E381D3E00][0000027E38946880 49] iPhone6, [0000027E381D3F00][0000027E3668C8C0 49] iPodTouch6, [0000027E38267900][0000027E3894EB00 49] iPhone7, [0000027E38266100][0000027E3894AB40 49] iPodTouch7, [0000027E381D0400][0000027E38956CC0 49] iPhone5S, [0000027E381D7D00][0000027E3895AE40 49] iPhone6Plus, [0000027E38267400][0000027E3895EFC0 49] iPhone6S, [0000027E381D6000][0000027E38963140 49] iPhone6SPlus, [0000027E38264900][0000027E389672C0 49] iPhone7Plus, [0000027E381D4E00][0000027E3896B440 49] iPhoneSE, [0000027E38267100][0000027E3896F5C0 49] iPhone8, [0000027E381D6400][0000027E38973740 49] iPhone8Plus, [0000027E38267A00][0000027E389778C0 49] iPhoneX, [0000027E381D7E00][0000027E3897BA40 49] iPhoneXS, [0000027E38265500][0000027E3897FBC0 49] iPhoneXSMax, [0000027E381D6500][0000027E389821C0 49] iPhoneXR, [0000027E38266A00][0000027E38986340 49] iPhone11, [0000027E381D7A00][0000027E3898A4C0 49] iPhone11Pro, [0000027E38264F00][0000027E3898E640 49] iPhone11ProMax, [0000027E381D6300][0000027E389927C0 49] iPhoneSE2, [0000027E38265700][0000027E38996940 49] iPhone12Mini, [0000027E381D4700][0000027E38952A80 49] iPhone12, [0000027E38264300][0000027E3899ABC0 49] iPhone12Pro, [0000027E381D7500][0000027E3899ED00 49] iPhone12ProMax, [0000027E38264B00][0000027E389A6E80 49] iPadPro105, [0000027E381D5B00][0000027E389AB000 49] iPadPro129, [0000027E38264200][0000027E389AF180 49] iPadPro97, [0000027E381D6100][0000027E389B3300 49] iPadPro2_129, [0000027E38264D00][0000027E389B7480 49] iPad5, [0000027E381D7000][0000027E389BB600 49] iPad6, [0000027E38266C00][0000027E389BF780 49] iPad7, [0000027E381D6E00][0000027E389C3900 49] iPad8, [0000027E38265900][0000027E389C7A80 49] iPadPro11, [0000027E381D7F00][0000027E389CBC00 49] iPadPro2_11, [0000027E38265600][0000027E389CE200 49] iPadPro3_129, [0000027E381D6700][0000027E389D2380 49] iPadPro4_129, [0000027E38266600][0000027E389D6500 49] AppleTV, [0000027E381D6B00][0000027E38A24680 49] AppleTV4K, [0000027E38265B00][0000027E38A28800 49] TVOS, [0000027E381D4900][0000027E38A86980 49] Mac, [0000027E38266700][0000027E38A8EB00 49] MacClient, [0000027E381D6F00][0000027E389A2C40 49] MacNoEditor, [0000027E38267B00][0000027E38A96D80 49] MacServer, [0000027E381D4400][0000027E2DD36EC0 49] Linux, [0000027E38266E00][0000027E2DD9B040 49] LinuxAArch64, [0000027E381D5500][0000027E2DD9F1C0 49] LinuxNoEditor, [0000027E38266B00][0000027E2DDA3340 49] LinuxAArch64NoEditor, [0000027E381D7600][0000027E2DDA74C0 49] LinuxClient, [0000027E38266D00][0000027E2DC9D640 49] LinuxAArch64Client, [0000027E381D4B00][0000027E2DCAD7C0 49] LinuxServer, [0000027E38264400][0000027E38E7D940 49] LinuxAArch64Server, [0000027E381D7C00][0000027E38E85AC0 49] Android, [0000027E3821FA00][0000027E38E880C0 49] Android_Low, [0000027E381D1B00][0000027E32D1E240 49] Android_Mid, [0000027E3821F000][0000027E32D263C0 49] Android_High, [0000027E381D2300][0000027E32D2E540 49] Android_Default, [0000027E3821E000][0000027E38EA46C0 49] Android_Adreno4xx, [0000027E381D0100][0000027E38A7E840 49] Android_Adreno5xx_Low, [0000027E3821CB00][0000027E38A829C0 49] Android_Adreno5xx, [0000027E381D1800][0000027E38EA8B40 49] Android_Adreno6xx, [0000027E3821D100][0000027E38EACCC0 49] Android_Adreno6xx_Vulkan, [0000027E381D0800][0000027E2DD96E00 49] Android_Mali_T6xx, [0000027E3821F600][0000027E2DD1EF40 49] Android_Mali_T7xx, [0000027E381D0D00][0000027E2DD23080 49] Android_Mali_T8xx, [0000027E3821FC00][0000027E2DD271C0 49] Android_Mali_G71, [0000027E381D1500][0000027E2DD2F340 49] Android_Mali_G72, [0000027E3821FE00][0000027E2DD334C0 49] Android_Mali_G72_Vulkan, [0000027E381D3D00][0000027E392A9640 49] Android_Mali_G76, [0000027E3821F900][0000027E392BB7C0 49] Android_Mali_G76_Vulkan, [0000027E381D3600][0000027E31D49940 49] Android_Mali_G77, [0000027E3821E200][0000027E38C69AC0 49] Android_Mali_G77_Vulkan, [0000027E381D3800][0000027E38C6C0C0 49] Android_Mali_G78, [0000027E3821CA00][0000027E38C74240 49] Android_Mali_G78_Vulkan, [0000027E381D3400][0000027E38D923C0 49] Android_Mali_G710, [0000027E3821D400][0000027E38D96540 49] Android_Mali_G710_Vulkan, [0000027E381D0600][0000027E38D9A6C0 49] Android_Vulkan_SM5, [0000027E3821E400][0000027E38D9E840 49] Android_PowerVR_G6xxx, [0000027E381D0E00][0000027E38DA29C0 49] Android_PowerVR_GT7xxx, [0000027E3821C200][0000027E38DA6B40 49] Android_PowerVR_GE8xxx, [0000027E381D0700][0000027E38B2ACC0 49] Android_PowerVR_GM9xxx, [0000027E3821E100][0000027E38B5CE40 49] Android_PowerVR_GM9xxx_Vulkan, [0000027E381D6600][0000027E2DD2AF80 49] Android_TegraK1, [0000027E3821EA00][0000027E38E2F0C0 49] Android_Unknown_Vulkan, [0000027E381D5400][0000027E38E6F200 49] Lumin, [0000027E3821D300][0000027E38E73340 49] Lumin_Desktop, [0000027E381D4C00][0000027E397A14C0 49] HoloLens, 
[2024.09.07-15.05.17:364][  0]LogMeshReduction: Using QuadricMeshReduction for automatic static mesh reduction
[2024.09.07-15.05.17:364][  0]LogMeshReduction: Using SimplygonMeshReduction for automatic skeletal mesh reduction
[2024.09.07-15.05.17:364][  0]LogMeshReduction: Using ProxyLODMeshReduction for automatic mesh merging
[2024.09.07-15.05.17:364][  0]LogMeshReduction: No distributed automatic mesh merging module available
[2024.09.07-15.05.17:364][  0]LogMeshMerging: No distributed automatic mesh merging module available
[2024.09.07-15.05.17:383][  0]LogNetVersion: InsectHeaven 1.0.0, NetCL: 17155196, EngineNetVer: 17, GameNetVer: 0 (Checksum: 3375795940)
[2024.09.07-15.05.17:612][  0]LogTexture: Default maximum texture size for cubemaps generated from long-lat sources has been changed from 512 to unlimited. In order to preserve old behaiour for '/Engine/MapTemplates/Sky/DaylightAmbientCubemap.DaylightAmbientCubemap', its maximum texture size has been explicitly set to 512.
[2024.09.07-15.05.17:642][  0]LogHMD: PokeAHoleMaterial loaded successfully
[2024.09.07-15.05.17:647][  0]LogUObjectArray: 17178 objects as part of root set at end of initial load.
[2024.09.07-15.05.17:647][  0]LogUObjectAllocator: 4302048 out of 0 bytes used by permanent object pool.
[2024.09.07-15.05.17:647][  0]LogUObjectArray: CloseDisregardForGC: 0/0 objects in disregard for GC pool
[2024.09.07-15.05.18:158][  0]LogNiagaraDebuggerClient: Niagara Debugger Client Initialized | Session: C9122ABF4A1D9E444B44A187D455B556 | Instance: 151B6B224B6466449B166D952D1B213E (DESKTOP-NS5ONMH-9252).
[2024.09.07-15.05.18:369][  0]LogTcpMessaging: Initializing TcpMessaging bridge
[2024.09.07-15.05.18:378][  0]LogUdpMessaging: Initializing bridge on interface 0.0.0.0:0 to multicast group 230.0.0.1:6666.
[2024.09.07-15.05.18:589][  0]LogPython: Using Python 3.7.7
[2024.09.07-15.05.19:324][  0]SourceControl: 소스 컨트롤이 꺼졌습니다.
[2024.09.07-15.05.19:324][  0]SourceControl: 소스 컨트롤이 꺼졌습니다.
[2024.09.07-15.05.19:333][  0]SourceControl: 소스 컨트롤이 꺼졌습니다.
[2024.09.07-15.05.19:349][  0]SourceControl: 소스 컨트롤이 꺼졌습니다.
[2024.09.07-15.05.19:449][  0]SourceControl: 소스 컨트롤이 꺼졌습니다.
[2024.09.07-15.05.19:496][  0]LogUProjectInfo: Found projects:
[2024.09.07-15.05.19:872][  0]LogAndroidPermission: UAndroidPermissionCallbackProxy::GetInstance
[2024.09.07-15.05.19:936][  0]LogAudioCaptureCore: Display: No Audio Capture implementations found. Audio input will be silent.
[2024.09.07-15.05.19:936][  0]LogAudioCaptureCore: Display: No Audio Capture implementations found. Audio input will be silent.
[2024.09.07-15.05.20:103][  0]LogOpenImageDenoise: OIDN starting up
[2024.09.07-15.05.20:199][  0]LogCollectionManager: Loaded 0 collections in 0.001417 seconds
[2024.09.07-15.05.20:252][  0]LogFileCache: Scanning file cache for directory 'C:/Users/nanim/GitHub/NewNewInsectHeaven/InsectHeaven/Saved/Collections/' took 0.00s
[2024.09.07-15.05.20:252][  0]LogFileCache: Scanning file cache for directory 'C:/Users/nanim/GitHub/NewNewInsectHeaven/InsectHeaven/Content/Developers/nanim/Collections/' took 0.00s
[2024.09.07-15.05.20:252][  0]LogFileCache: Scanning file cache for directory 'C:/Users/nanim/GitHub/NewNewInsectHeaven/InsectHeaven/Content/Collections/' took 0.00s
[2024.09.07-15.05.20:252][  0]LogOcInput: OculusInput pre-init called
[2024.09.07-15.05.20:451][  0]LogClass: Display: IntProperty FCharacter_2D::Name is not initialized properly. Module:InsectHeaven File:Table/DataStruct/Character_2D.h
[2024.09.07-15.05.20:451][  0]LogClass: Display: IntProperty FCharacter_2D::ImageID is not initialized properly. Module:InsectHeaven File:Table/DataStruct/Character_2D.h
[2024.09.07-15.05.20:451][  0]LogClass: Warning: ObjectProperty FDialogueClip::formerAction is not initialized properly. Module:InsectHeaven File:Library/Dialogue/DialogueEditToolWidget.h
[2024.09.07-15.05.20:451][  0]LogClass: Warning: ObjectProperty FDialogueClip::nowAction is not initialized properly. Module:InsectHeaven File:Library/Dialogue/DialogueEditToolWidget.h
[2024.09.07-15.05.20:451][  0]LogClass: Display: IntProperty FResource_Widget::PathFile is not initialized properly. Module:InsectHeaven File:Table/DataStruct/Resource_Widget.h
[2024.09.07-15.05.20:452][  0]LogClass: Display: IntProperty FScript_Local::Test is not initialized properly. Module:InsectHeaven File:Table/DataStruct/Script_Local.h
[2024.09.07-15.05.20:452][  0]LogClass: Display: 6 Uninitialized script struct members found including 2 object properties
[2024.09.07-15.05.20:452][  0]LogAutomationTest: Warning: ObjectProperty FDialogueClip::formerAction is not initialized properly. Module:InsectHeaven File:Library/Dialogue/DialogueEditToolWidget.h
[2024.09.07-15.05.20:453][  0]LogAutomationTest: Warning: ObjectProperty FDialogueClip::nowAction is not initialized properly. Module:InsectHeaven File:Library/Dialogue/DialogueEditToolWidget.h
[2024.09.07-15.05.20:453][  0]LogEngine: Initializing Engine...
[2024.09.07-15.05.20:460][  0]LogHMD: Failed to enumerate extensions. Please check that you have a valid OpenXR runtime installed.
[2024.09.07-15.05.20:461][  0]LogHMD: Failed to initialize OpenVR with code 110
[2024.09.07-15.05.20:461][  0]LogMagicLeap: Warning: VR disabled because ZI is not enabled.  To enable, in the editor, Edit -> Project Settings -> Plugins -> Magic Leap Plugin -> Enable Zero Iteration
[2024.09.07-15.05.20:462][  0]LogStats: UGameplayTagsManager::InitializeManager -  0.000 s
[2024.09.07-15.05.20:529][  0]LogInit: Initializing FReadOnlyCVARCache
[2024.09.07-15.05.20:543][  0]LogAIModule: Creating AISystem for world Untitled
[2024.09.07-15.05.20:543][  0]LogAudio: Display: Initializing Audio Device Manager...
[2024.09.07-15.05.20:551][  0]LogAudio: Display: Loading Default Audio Settings Objects...
[2024.09.07-15.05.20:551][  0]LogAudio: Display: No default SoundConcurrencyObject specified (or failed to load).
[2024.09.07-15.05.20:551][  0]LogAudio: Display: Audio Device Manager Initialized
[2024.09.07-15.05.20:552][  0]LogAudio: Display: Creating Audio Device:                 Id: 1, Scope: Shared, Realtime: True
[2024.09.07-15.05.20:552][  0]LogAudioMixer: Display: Audio Mixer Platform Settings:
[2024.09.07-15.05.20:552][  0]LogAudioMixer: Display: 	Sample Rate:						  48000
[2024.09.07-15.05.20:552][  0]LogAudioMixer: Display: 	Callback Buffer Frame Size Requested: 1024
[2024.09.07-15.05.20:552][  0]LogAudioMixer: Display: 	Callback Buffer Frame Size To Use:	  1024
[2024.09.07-15.05.20:552][  0]LogAudioMixer: Display: 	Number of buffers to queue:			  2
[2024.09.07-15.05.20:552][  0]LogAudioMixer: Display: 	Max Channels (voices):				  32
[2024.09.07-15.05.20:552][  0]LogAudioMixer: Display: 	Number of Async Source Workers:		  0
[2024.09.07-15.05.20:553][  0]LogAudio: Display: AudioDevice MaxSources: 32
[2024.09.07-15.05.20:553][  0]LogAudio: Display: Audio Spatialization Plugin: None (built-in).
[2024.09.07-15.05.20:553][  0]LogAudio: Display: Audio Reverb Plugin: None (built-in).
[2024.09.07-15.05.20:553][  0]LogAudio: Display: Audio Occlusion Plugin: None (built-in).
[2024.09.07-15.05.20:553][  0]LogAudioMixer: Display: Initializing audio mixer.
[2024.09.07-15.05.20:592][  0]LogAudioMixer: Display: 0: FrontLeft
[2024.09.07-15.05.20:593][  0]LogAudioMixer: Display: 1: FrontRight
[2024.09.07-15.05.20:636][  0]LogAudioMixer: Display: Using Audio Device 스피커(ABKO N550)
[2024.09.07-15.05.20:638][  0]LogAudioMixer: Display: Initializing Sound Submixes...
[2024.09.07-15.05.20:640][  0]LogAudioMixer: Display: Creating Master Submix 'MasterSubmixDefault'
[2024.09.07-15.05.20:641][  0]LogAudioMixer: Display: Creating Master Submix 'MasterReverbSubmixDefault'
[2024.09.07-15.05.20:641][  0]LogAudioMixer: Display: Creating Master Submix 'MasterEQSubmixDefault'
[2024.09.07-15.05.20:641][  0]LogAudioMixer: FMixerPlatformXAudio2::StartAudioStream() called
[2024.09.07-15.05.20:641][  0]LogAudioMixer: Display: Output buffers initialized: Frames=1024, Channels=2, Samples=2048
[2024.09.07-15.05.20:642][  0]LogAudioMixer: Display: Starting AudioMixerPlatformInterface::RunInternal()
[2024.09.07-15.05.20:642][  0]LogAudioMixer: Display: FMixerPlatformXAudio2::SubmitBuffer() called for the first time
[2024.09.07-15.05.20:642][  0]LogInit: FAudioDevice initialized.
[2024.09.07-15.05.20:643][  0]LogAudio: Display: Audio Device (ID: 1) registered with world 'Untitled'.
[2024.09.07-15.05.20:643][  0]LogNetVersion: Set ProjectVersion to 1.0.0.0. Version Checksum will be recalculated on next use.
[2024.09.07-15.05.20:861][  0]LogDerivedDataCache: Saved boot cache 0.22s 94MB C:/Users/nanim/AppData/Local/UnrealEngine/4.27/DerivedDataCache/Boot.ddc.
[2024.09.07-15.05.20:861][  0]LogInit: Texture streaming: Enabled
[2024.09.07-15.05.20:885][  0]LogAnalytics: Display: [UEEditor.Rocket.Release] APIServer = https://datarouter.ol.epicgames.com/. AppVersion = 4.27.2-18319896+++UE4+Release-4.27
[2024.09.07-15.05.20:896][  0]LogEngineSessionManager: EngineSessionManager initialized
[2024.09.07-15.05.20:896][  0]LogEngineSessionManager: EngineSessionManager sent abnormal shutdown report. Type=Debugger, SessionId={49F253C4-4D64-5E61-DCC4-80B49FE82F70}
[2024.09.07-15.05.20:896][  0]LogEditorSessionSummary: Verbose: Initializing EditorSessionSummaryWriter for editor session tracking
[2024.09.07-15.05.20:899][  0]LogEditorSessionSummary: EditorSessionSummaryWriter initialized
[2024.09.07-15.05.20:926][  0]LogInit: Transaction tracking system initialized
[2024.09.07-15.05.20:970][  0]BlueprintLog: New page: 에디터 로드
[2024.09.07-15.05.21:090][  0]LocalizationService: 현지화 서비스가 비활성화되었습니다.
[2024.09.07-15.05.21:147][  0]TimingProfiler: Initialize
[2024.09.07-15.05.21:148][  0]TimingProfiler: OnSessionChanged
[2024.09.07-15.05.21:148][  0]LoadingProfiler: Initialize
[2024.09.07-15.05.21:148][  0]LoadingProfiler: OnSessionChanged
[2024.09.07-15.05.21:148][  0]NetworkingProfiler: Initialize
[2024.09.07-15.05.21:148][  0]NetworkingProfiler: OnSessionChanged
[2024.09.07-15.05.21:148][  0]MemoryProfiler: Initialize
[2024.09.07-15.05.21:149][  0]MemoryProfiler: OnSessionChanged
[2024.09.07-15.05.21:310][  0]LogCook: Display: CookSettings for Memory: MemoryMaxUsedVirtual 0MiB, MemoryMaxUsedPhysical 16384MiB, MemoryMinFreeVirtual 0MiB, MemoryMinFreePhysical 1024MiB
[2024.09.07-15.05.21:310][  0]LogCook: Display: Mobile HDR setting 1
[2024.09.07-15.05.21:668][  0]LogFileCache: Scanning file cache for directory 'C:/Users/nanim/GitHub/NewNewInsectHeaven/InsectHeaven/Content/' took 0.01s
[2024.09.07-15.05.21:788][  0]LogInit: Display: Engine is initialized. Leaving FEngineLoop::Init()
[2024.09.07-15.05.21:791][  0]SourceControl: 소스 컨트롤이 꺼졌습니다.
[2024.09.07-15.05.21:792][  0]LogUnrealEdMisc: Loading editor; pre map load, took 8.490
[2024.09.07-15.05.21:792][  0]Cmd: MAP LOAD FILE="../../../../../Users/nanim/GitHub/NewNewInsectHeaven/InsectHeaven/Content/Scene/EmptyMainLevel.umap" TEMPLATE=0 SHOWPROGRESS=1 FEATURELEVEL=3
[2024.09.07-15.05.21:792][  0]LightingResults: New page: 라이팅 빌드
[2024.09.07-15.05.21:793][  0]LogWorld: UWorld::CleanupWorld for Untitled, bSessionEnded=true, bCleanupResources=true
[2024.09.07-15.05.21:793][  0]LogSlate: InvalidateAllWidgets triggered.  All widgets were invalidated
[2024.09.07-15.05.21:793][  0]MapCheck: New page: 맵 체크
[2024.09.07-15.05.21:794][  0]LightingResults: New page: 라이팅 빌드
[2024.09.07-15.05.21:802][  0]LogAudio: Display: Audio Device unregistered from world 'None'.
[2024.09.07-15.05.21:804][  0]LogUObjectHash: Compacting FUObjectHashTables data took   0.46ms
[2024.09.07-15.05.21:807][  0]LogAudio: Display: Audio Device (ID: 1) registered with world 'EmptyMainLevel'.
[2024.09.07-15.05.21:807][  0]LogAIModule: Creating AISystem for world EmptyMainLevel
[2024.09.07-15.05.21:808][  0]LogEditorServer: Finished looking for orphan Actors (0.000 secs)
[2024.09.07-15.05.21:811][  0]LogUObjectHash: Compacting FUObjectHashTables data took   0.35ms
[2024.09.07-15.05.21:811][  0]Cmd: MAP CHECKDEP NOCLEARLOG
[2024.09.07-15.05.21:812][  0]MapCheck: 맵 체크 완료: 오류 0 회, 경고 0 회, 소요 시간 0.187ms.
[2024.09.07-15.05.21:812][  0]LogFileHelpers: Loading map 'EmptyMainLevel' took 0.020
[2024.09.07-15.05.21:816][  0]LogUnrealEdMisc: Total Editor Startup Time, took 8.515
[2024.09.07-15.05.21:937][  0]LogSlate: Updating window title bar state: overlay mode, drag disabled, window buttons hidden, title bar hidden
[2024.09.07-15.05.21:940][  0]LogSlate: Updating window title bar state: overlay mode, drag disabled, window buttons hidden, title bar hidden
[2024.09.07-15.05.21:943][  0]LogSlate: Updating window title bar state: overlay mode, drag disabled, window buttons hidden, title bar hidden
[2024.09.07-15.05.21:946][  0]LogSlate: Updating window title bar state: overlay mode, drag disabled, window buttons hidden, title bar hidden
[2024.09.07-15.05.21:956][  0]LogNativeClassHierarchy: Verbose: Native class hierarchy populated in 0.0063 seconds. Added 3870 classes and 945 folders.
[2024.09.07-15.05.21:958][  0]LogNativeClassHierarchy: Verbose: Native class hierarchy updated for 'WidgetCarousel' in 0.0002 seconds. Added 0 classes and 0 folders.
[2024.09.07-15.05.21:959][  0]LogPakFile: PakFile PrimaryIndexSize=187
[2024.09.07-15.05.21:959][  0]LogPakFile: PakFile PathHashIndexSize=101
[2024.09.07-15.05.21:960][  0]LogPakFile: PakFile FullDirectoryIndexSize=148
[2024.09.07-15.05.21:960][  0]LogShaderLibrary: Display: ShaderCodeLibraryPakFileMountedCallback: PakFile 'C:/Program Files/UE_4.27/FeaturePacks/FP_FirstPerson.upack' (chunk index -1, root 'root:/') mounted
[2024.09.07-15.05.21:960][  0]LogShaderLibrary: Display: ShaderCodeLibraryPakFileMountedCallback: pending pak file info (ChunkID:-1 Root:root:/ File:C:/Program Files/UE_4.27/FeaturePacks/FP_FirstPerson.upack)
[2024.09.07-15.05.21:960][  0]LogPakFile: OnPakFileMounted2Time == 0.000281
[2024.09.07-15.05.21:961][  0]LogPakFile: PakFile PrimaryIndexSize=189
[2024.09.07-15.05.21:961][  0]LogPakFile: PakFile PathHashIndexSize=101
[2024.09.07-15.05.21:961][  0]LogPakFile: PakFile FullDirectoryIndexSize=152
[2024.09.07-15.05.21:961][  0]LogShaderLibrary: Display: ShaderCodeLibraryPakFileMountedCallback: PakFile 'C:/Program Files/UE_4.27/FeaturePacks/FP_FirstPersonBP.upack' (chunk index -1, root 'root:/') mounted
[2024.09.07-15.05.21:961][  0]LogShaderLibrary: Display: ShaderCodeLibraryPakFileMountedCallback: pending pak file info (ChunkID:-1 Root:root:/ File:C:/Program Files/UE_4.27/FeaturePacks/FP_FirstPersonBP.upack)
[2024.09.07-15.05.21:961][  0]LogPakFile: OnPakFileMounted2Time == 0.000331
[2024.09.07-15.05.21:962][  0]LogPakFile: PakFile PrimaryIndexSize=191
[2024.09.07-15.05.21:962][  0]LogPakFile: PakFile PathHashIndexSize=101
[2024.09.07-15.05.21:962][  0]LogPakFile: PakFile FullDirectoryIndexSize=160
[2024.09.07-15.05.21:962][  0]LogShaderLibrary: Display: ShaderCodeLibraryPakFileMountedCallback: PakFile 'C:/Program Files/UE_4.27/FeaturePacks/MobileStarterContent.upack' (chunk index -1, root 'root:/') mounted
[2024.09.07-15.05.21:962][  0]LogShaderLibrary: Display: ShaderCodeLibraryPakFileMountedCallback: pending pak file info (ChunkID:-1 Root:root:/ File:C:/Program Files/UE_4.27/FeaturePacks/MobileStarterContent.upack)
[2024.09.07-15.05.21:963][  0]LogPakFile: OnPakFileMounted2Time == 0.000259
[2024.09.07-15.05.21:963][  0]LogPakFile: PakFile PrimaryIndexSize=185
[2024.09.07-15.05.21:963][  0]LogPakFile: PakFile PathHashIndexSize=101
[2024.09.07-15.05.21:963][  0]LogPakFile: PakFile FullDirectoryIndexSize=148
[2024.09.07-15.05.21:964][  0]LogShaderLibrary: Display: ShaderCodeLibraryPakFileMountedCallback: PakFile 'C:/Program Files/UE_4.27/FeaturePacks/StarterContent.upack' (chunk index -1, root 'root:/') mounted
[2024.09.07-15.05.21:964][  0]LogShaderLibrary: Display: ShaderCodeLibraryPakFileMountedCallback: pending pak file info (ChunkID:-1 Root:root:/ File:C:/Program Files/UE_4.27/FeaturePacks/StarterContent.upack)
[2024.09.07-15.05.21:964][  0]LogPakFile: OnPakFileMounted2Time == 0.000281
[2024.09.07-15.05.21:964][  0]LogPakFile: PakFile PrimaryIndexSize=190
[2024.09.07-15.05.21:965][  0]LogPakFile: PakFile PathHashIndexSize=101
[2024.09.07-15.05.21:965][  0]LogPakFile: PakFile FullDirectoryIndexSize=154
[2024.09.07-15.05.21:965][  0]LogShaderLibrary: Display: ShaderCodeLibraryPakFileMountedCallback: PakFile 'C:/Program Files/UE_4.27/FeaturePacks/TP_2DSideScroller.upack' (chunk index -1, root 'root:/') mounted
[2024.09.07-15.05.21:965][  0]LogShaderLibrary: Display: ShaderCodeLibraryPakFileMountedCallback: pending pak file info (ChunkID:-1 Root:root:/ File:C:/Program Files/UE_4.27/FeaturePacks/TP_2DSideScroller.upack)
[2024.09.07-15.05.21:965][  0]LogPakFile: OnPakFileMounted2Time == 0.000314
[2024.09.07-15.05.21:966][  0]LogPakFile: PakFile PrimaryIndexSize=192
[2024.09.07-15.05.21:966][  0]LogPakFile: PakFile PathHashIndexSize=101
[2024.09.07-15.05.21:966][  0]LogPakFile: PakFile FullDirectoryIndexSize=158
[2024.09.07-15.05.21:966][  0]LogShaderLibrary: Display: ShaderCodeLibraryPakFileMountedCallback: PakFile 'C:/Program Files/UE_4.27/FeaturePacks/TP_2DSideScrollerBP.upack' (chunk index -1, root 'root:/') mounted
[2024.09.07-15.05.21:966][  0]LogShaderLibrary: Display: ShaderCodeLibraryPakFileMountedCallback: pending pak file info (ChunkID:-1 Root:root:/ File:C:/Program Files/UE_4.27/FeaturePacks/TP_2DSideScrollerBP.upack)
[2024.09.07-15.05.21:966][  0]LogPakFile: OnPakFileMounted2Time == 0.000243
[2024.09.07-15.05.21:967][  0]LogPakFile: PakFile PrimaryIndexSize=182
[2024.09.07-15.05.21:967][  0]LogPakFile: PakFile PathHashIndexSize=101
[2024.09.07-15.05.21:967][  0]LogPakFile: PakFile FullDirectoryIndexSize=138
[2024.09.07-15.05.21:967][  0]LogShaderLibrary: Display: ShaderCodeLibraryPakFileMountedCallback: PakFile 'C:/Program Files/UE_4.27/FeaturePacks/TP_Flying.upack' (chunk index -1, root 'root:/') mounted
[2024.09.07-15.05.21:968][  0]LogShaderLibrary: Display: ShaderCodeLibraryPakFileMountedCallback: pending pak file info (ChunkID:-1 Root:root:/ File:C:/Program Files/UE_4.27/FeaturePacks/TP_Flying.upack)
[2024.09.07-15.05.21:968][  0]LogPakFile: OnPakFileMounted2Time == 0.000271
[2024.09.07-15.05.21:968][  0]LogPakFile: PakFile PrimaryIndexSize=184
[2024.09.07-15.05.21:968][  0]LogPakFile: PakFile PathHashIndexSize=101
[2024.09.07-15.05.21:969][  0]LogPakFile: PakFile FullDirectoryIndexSize=142
[2024.09.07-15.05.21:969][  0]LogShaderLibrary: Display: ShaderCodeLibraryPakFileMountedCallback: PakFile 'C:/Program Files/UE_4.27/FeaturePacks/TP_FlyingBP.upack' (chunk index -1, root 'root:/') mounted
[2024.09.07-15.05.21:969][  0]LogShaderLibrary: Display: ShaderCodeLibraryPakFileMountedCallback: pending pak file info (ChunkID:-1 Root:root:/ File:C:/Program Files/UE_4.27/FeaturePacks/TP_FlyingBP.upack)
[2024.09.07-15.05.21:969][  0]LogPakFile: OnPakFileMounted2Time == 0.000305
[2024.09.07-15.05.21:970][  0]LogPakFile: PakFile PrimaryIndexSize=188
[2024.09.07-15.05.21:970][  0]LogPakFile: PakFile PathHashIndexSize=101
[2024.09.07-15.05.21:970][  0]LogPakFile: PakFile FullDirectoryIndexSize=150
[2024.09.07-15.05.21:970][  0]LogShaderLibrary: Display: ShaderCodeLibraryPakFileMountedCallback: PakFile 'C:/Program Files/UE_4.27/FeaturePacks/TP_HandheldARBP.upack' (chunk index -1, root 'root:/') mounted
[2024.09.07-15.05.21:970][  0]LogShaderLibrary: Display: ShaderCodeLibraryPakFileMountedCallback: pending pak file info (ChunkID:-1 Root:root:/ File:C:/Program Files/UE_4.27/FeaturePacks/TP_HandheldARBP.upack)
[2024.09.07-15.05.21:970][  0]LogPakFile: OnPakFileMounted2Time == 0.000250
[2024.09.07-15.05.21:971][  0]LogPakFile: PakFile PrimaryIndexSize=182
[2024.09.07-15.05.21:971][  0]LogPakFile: PakFile PathHashIndexSize=101
[2024.09.07-15.05.21:971][  0]LogPakFile: PakFile FullDirectoryIndexSize=138
[2024.09.07-15.05.21:972][  0]LogShaderLibrary: Display: ShaderCodeLibraryPakFileMountedCallback: PakFile 'C:/Program Files/UE_4.27/FeaturePacks/TP_Puzzle.upack' (chunk index -1, root 'root:/') mounted
[2024.09.07-15.05.21:972][  0]LogShaderLibrary: Display: ShaderCodeLibraryPakFileMountedCallback: pending pak file info (ChunkID:-1 Root:root:/ File:C:/Program Files/UE_4.27/FeaturePacks/TP_Puzzle.upack)
[2024.09.07-15.05.21:972][  0]LogPakFile: OnPakFileMounted2Time == 0.000254
[2024.09.07-15.05.21:972][  0]LogPakFile: PakFile PrimaryIndexSize=184
[2024.09.07-15.05.21:972][  0]LogPakFile: PakFile PathHashIndexSize=101
[2024.09.07-15.05.21:973][  0]LogPakFile: PakFile FullDirectoryIndexSize=142
[2024.09.07-15.05.21:973][  0]LogShaderLibrary: Display: ShaderCodeLibraryPakFileMountedCallback: PakFile 'C:/Program Files/UE_4.27/FeaturePacks/TP_PuzzleBP.upack' (chunk index -1, root 'root:/') mounted
[2024.09.07-15.05.21:973][  0]LogShaderLibrary: Display: ShaderCodeLibraryPakFileMountedCallback: pending pak file info (ChunkID:-1 Root:root:/ File:C:/Program Files/UE_4.27/FeaturePacks/TP_PuzzleBP.upack)
[2024.09.07-15.05.21:973][  0]LogPakFile: OnPakFileMounted2Time == 0.000270
[2024.09.07-15.05.21:974][  0]LogPakFile: PakFile PrimaryIndexSize=183
[2024.09.07-15.05.21:974][  0]LogPakFile: PakFile PathHashIndexSize=101
[2024.09.07-15.05.21:974][  0]LogPakFile: PakFile FullDirectoryIndexSize=140
[2024.09.07-15.05.21:974][  0]LogShaderLibrary: Display: ShaderCodeLibraryPakFileMountedCallback: PakFile 'C:/Program Files/UE_4.27/FeaturePacks/TP_Rolling.upack' (chunk index -1, root 'root:/') mounted
[2024.09.07-15.05.21:974][  0]LogShaderLibrary: Display: ShaderCodeLibraryPakFileMountedCallback: pending pak file info (ChunkID:-1 Root:root:/ File:C:/Program Files/UE_4.27/FeaturePacks/TP_Rolling.upack)
[2024.09.07-15.05.21:974][  0]LogPakFile: OnPakFileMounted2Time == 0.000283
[2024.09.07-15.05.21:975][  0]LogPakFile: PakFile PrimaryIndexSize=185
[2024.09.07-15.05.21:975][  0]LogPakFile: PakFile PathHashIndexSize=101
[2024.09.07-15.05.21:975][  0]LogPakFile: PakFile FullDirectoryIndexSize=144
[2024.09.07-15.05.21:975][  0]LogShaderLibrary: Display: ShaderCodeLibraryPakFileMountedCallback: PakFile 'C:/Program Files/UE_4.27/FeaturePacks/TP_RollingBP.upack' (chunk index -1, root 'root:/') mounted
[2024.09.07-15.05.21:975][  0]LogShaderLibrary: Display: ShaderCodeLibraryPakFileMountedCallback: pending pak file info (ChunkID:-1 Root:root:/ File:C:/Program Files/UE_4.27/FeaturePacks/TP_RollingBP.upack)
[2024.09.07-15.05.21:975][  0]LogPakFile: OnPakFileMounted2Time == 0.000252
[2024.09.07-15.05.21:976][  0]LogPakFile: PakFile PrimaryIndexSize=188
[2024.09.07-15.05.21:976][  0]LogPakFile: PakFile PathHashIndexSize=101
[2024.09.07-15.05.21:976][  0]LogPakFile: PakFile FullDirectoryIndexSize=150
[2024.09.07-15.05.21:976][  0]LogShaderLibrary: Display: ShaderCodeLibraryPakFileMountedCallback: PakFile 'C:/Program Files/UE_4.27/FeaturePacks/TP_SideScroller.upack' (chunk index -1, root 'root:/') mounted
[2024.09.07-15.05.21:976][  0]LogShaderLibrary: Display: ShaderCodeLibraryPakFileMountedCallback: pending pak file info (ChunkID:-1 Root:root:/ File:C:/Program Files/UE_4.27/FeaturePacks/TP_SideScroller.upack)
[2024.09.07-15.05.21:976][  0]LogPakFile: OnPakFileMounted2Time == 0.000245
[2024.09.07-15.05.21:977][  0]LogPakFile: PakFile PrimaryIndexSize=190
[2024.09.07-15.05.21:977][  0]LogPakFile: PakFile PathHashIndexSize=101
[2024.09.07-15.05.21:977][  0]LogPakFile: PakFile FullDirectoryIndexSize=154
[2024.09.07-15.05.21:977][  0]LogShaderLibrary: Display: ShaderCodeLibraryPakFileMountedCallback: PakFile 'C:/Program Files/UE_4.27/FeaturePacks/TP_SideScrollerBP.upack' (chunk index -1, root 'root:/') mounted
[2024.09.07-15.05.21:978][  0]LogShaderLibrary: Display: ShaderCodeLibraryPakFileMountedCallback: pending pak file info (ChunkID:-1 Root:root:/ File:C:/Program Files/UE_4.27/FeaturePacks/TP_SideScrollerBP.upack)
[2024.09.07-15.05.21:978][  0]LogPakFile: OnPakFileMounted2Time == 0.000347
[2024.09.07-15.05.21:978][  0]LogPakFile: PakFile PrimaryIndexSize=187
[2024.09.07-15.05.21:978][  0]LogPakFile: PakFile PathHashIndexSize=101
[2024.09.07-15.05.21:979][  0]LogPakFile: PakFile FullDirectoryIndexSize=148
[2024.09.07-15.05.21:979][  0]LogShaderLibrary: Display: ShaderCodeLibraryPakFileMountedCallback: PakFile 'C:/Program Files/UE_4.27/FeaturePacks/TP_ThirdPerson.upack' (chunk index -1, root 'root:/') mounted
[2024.09.07-15.05.21:979][  0]LogShaderLibrary: Display: ShaderCodeLibraryPakFileMountedCallback: pending pak file info (ChunkID:-1 Root:root:/ File:C:/Program Files/UE_4.27/FeaturePacks/TP_ThirdPerson.upack)
[2024.09.07-15.05.21:979][  0]LogPakFile: OnPakFileMounted2Time == 0.000284
[2024.09.07-15.05.21:980][  0]LogPakFile: PakFile PrimaryIndexSize=189
[2024.09.07-15.05.21:980][  0]LogPakFile: PakFile PathHashIndexSize=101
[2024.09.07-15.05.21:980][  0]LogPakFile: PakFile FullDirectoryIndexSize=152
[2024.09.07-15.05.21:980][  0]LogShaderLibrary: Display: ShaderCodeLibraryPakFileMountedCallback: PakFile 'C:/Program Files/UE_4.27/FeaturePacks/TP_ThirdPersonBP.upack' (chunk index -1, root 'root:/') mounted
[2024.09.07-15.05.21:980][  0]LogShaderLibrary: Display: ShaderCodeLibraryPakFileMountedCallback: pending pak file info (ChunkID:-1 Root:root:/ File:C:/Program Files/UE_4.27/FeaturePacks/TP_ThirdPersonBP.upack)
[2024.09.07-15.05.21:980][  0]LogPakFile: OnPakFileMounted2Time == 0.000249
[2024.09.07-15.05.21:981][  0]LogPakFile: PakFile PrimaryIndexSize=183
[2024.09.07-15.05.21:981][  0]LogPakFile: PakFile PathHashIndexSize=101
[2024.09.07-15.05.21:981][  0]LogPakFile: PakFile FullDirectoryIndexSize=140
[2024.09.07-15.05.21:982][  0]LogShaderLibrary: Display: ShaderCodeLibraryPakFileMountedCallback: PakFile 'C:/Program Files/UE_4.27/FeaturePacks/TP_TopDown.upack' (chunk index -1, root 'root:/') mounted
[2024.09.07-15.05.21:982][  0]LogShaderLibrary: Display: ShaderCodeLibraryPakFileMountedCallback: pending pak file info (ChunkID:-1 Root:root:/ File:C:/Program Files/UE_4.27/FeaturePacks/TP_TopDown.upack)
[2024.09.07-15.05.21:982][  0]LogPakFile: OnPakFileMounted2Time == 0.000246
[2024.09.07-15.05.21:983][  0]LogPakFile: PakFile PrimaryIndexSize=185
[2024.09.07-15.05.21:983][  0]LogPakFile: PakFile PathHashIndexSize=101
[2024.09.07-15.05.21:983][  0]LogPakFile: PakFile FullDirectoryIndexSize=144
[2024.09.07-15.05.21:983][  0]LogShaderLibrary: Display: ShaderCodeLibraryPakFileMountedCallback: PakFile 'C:/Program Files/UE_4.27/FeaturePacks/TP_TopDownBP.upack' (chunk index -1, root 'root:/') mounted
[2024.09.07-15.05.21:983][  0]LogShaderLibrary: Display: ShaderCodeLibraryPakFileMountedCallback: pending pak file info (ChunkID:-1 Root:root:/ File:C:/Program Files/UE_4.27/FeaturePacks/TP_TopDownBP.upack)
[2024.09.07-15.05.21:983][  0]LogPakFile: OnPakFileMounted2Time == 0.000276
[2024.09.07-15.05.21:984][  0]LogPakFile: PakFile PrimaryIndexSize=185
[2024.09.07-15.05.21:984][  0]LogPakFile: PakFile PathHashIndexSize=101
[2024.09.07-15.05.21:984][  0]LogPakFile: PakFile FullDirectoryIndexSize=144
[2024.09.07-15.05.21:984][  0]LogShaderLibrary: Display: ShaderCodeLibraryPakFileMountedCallback: PakFile 'C:/Program Files/UE_4.27/FeaturePacks/TP_TwinStick.upack' (chunk index -1, root 'root:/') mounted
[2024.09.07-15.05.21:984][  0]LogShaderLibrary: Display: ShaderCodeLibraryPakFileMountedCallback: pending pak file info (ChunkID:-1 Root:root:/ File:C:/Program Files/UE_4.27/FeaturePacks/TP_TwinStick.upack)
[2024.09.07-15.05.21:984][  0]LogPakFile: OnPakFileMounted2Time == 0.000282
[2024.09.07-15.05.21:985][  0]LogPakFile: PakFile PrimaryIndexSize=187
[2024.09.07-15.05.21:985][  0]LogPakFile: PakFile PathHashIndexSize=101
[2024.09.07-15.05.21:985][  0]LogPakFile: PakFile FullDirectoryIndexSize=148
[2024.09.07-15.05.21:985][  0]LogShaderLibrary: Display: ShaderCodeLibraryPakFileMountedCallback: PakFile 'C:/Program Files/UE_4.27/FeaturePacks/TP_TwinStickBP.upack' (chunk index -1, root 'root:/') mounted
[2024.09.07-15.05.21:985][  0]LogShaderLibrary: Display: ShaderCodeLibraryPakFileMountedCallback: pending pak file info (ChunkID:-1 Root:root:/ File:C:/Program Files/UE_4.27/FeaturePacks/TP_TwinStickBP.upack)
[2024.09.07-15.05.21:986][  0]LogPakFile: OnPakFileMounted2Time == 0.000280
[2024.09.07-15.05.21:986][  0]LogPakFile: PakFile PrimaryIndexSize=183
[2024.09.07-15.05.21:986][  0]LogPakFile: PakFile PathHashIndexSize=101
[2024.09.07-15.05.21:986][  0]LogPakFile: PakFile FullDirectoryIndexSize=140
[2024.09.07-15.05.21:986][  0]LogShaderLibrary: Display: ShaderCodeLibraryPakFileMountedCallback: PakFile 'C:/Program Files/UE_4.27/FeaturePacks/TP_Vehicle.upack' (chunk index -1, root 'root:/') mounted
[2024.09.07-15.05.21:987][  0]LogShaderLibrary: Display: ShaderCodeLibraryPakFileMountedCallback: pending pak file info (ChunkID:-1 Root:root:/ File:C:/Program Files/UE_4.27/FeaturePacks/TP_Vehicle.upack)
[2024.09.07-15.05.21:987][  0]LogPakFile: OnPakFileMounted2Time == 0.000230
[2024.09.07-15.05.21:987][  0]LogPakFile: PakFile PrimaryIndexSize=186
[2024.09.07-15.05.21:987][  0]LogPakFile: PakFile PathHashIndexSize=101
[2024.09.07-15.05.21:988][  0]LogPakFile: PakFile FullDirectoryIndexSize=146
[2024.09.07-15.05.21:988][  0]LogShaderLibrary: Display: ShaderCodeLibraryPakFileMountedCallback: PakFile 'C:/Program Files/UE_4.27/FeaturePacks/TP_VehicleAdv.upack' (chunk index -1, root 'root:/') mounted
[2024.09.07-15.05.21:988][  0]LogShaderLibrary: Display: ShaderCodeLibraryPakFileMountedCallback: pending pak file info (ChunkID:-1 Root:root:/ File:C:/Program Files/UE_4.27/FeaturePacks/TP_VehicleAdv.upack)
[2024.09.07-15.05.21:988][  0]LogPakFile: OnPakFileMounted2Time == 0.000311
[2024.09.07-15.05.21:989][  0]LogPakFile: PakFile PrimaryIndexSize=188
[2024.09.07-15.05.21:989][  0]LogPakFile: PakFile PathHashIndexSize=101
[2024.09.07-15.05.21:989][  0]LogPakFile: PakFile FullDirectoryIndexSize=150
[2024.09.07-15.05.21:989][  0]LogShaderLibrary: Display: ShaderCodeLibraryPakFileMountedCallback: PakFile 'C:/Program Files/UE_4.27/FeaturePacks/TP_VehicleAdvBP.upack' (chunk index -1, root 'root:/') mounted
[2024.09.07-15.05.21:989][  0]LogShaderLibrary: Display: ShaderCodeLibraryPakFileMountedCallback: pending pak file info (ChunkID:-1 Root:root:/ File:C:/Program Files/UE_4.27/FeaturePacks/TP_VehicleAdvBP.upack)
[2024.09.07-15.05.21:989][  0]LogPakFile: OnPakFileMounted2Time == 0.000251
[2024.09.07-15.05.21:990][  0]LogPakFile: PakFile PrimaryIndexSize=185
[2024.09.07-15.05.21:990][  0]LogPakFile: PakFile PathHashIndexSize=101
[2024.09.07-15.05.21:990][  0]LogPakFile: PakFile FullDirectoryIndexSize=144
[2024.09.07-15.05.21:990][  0]LogShaderLibrary: Display: ShaderCodeLibraryPakFileMountedCallback: PakFile 'C:/Program Files/UE_4.27/FeaturePacks/TP_VehicleBP.upack' (chunk index -1, root 'root:/') mounted
[2024.09.07-15.05.21:990][  0]LogShaderLibrary: Display: ShaderCodeLibraryPakFileMountedCallback: pending pak file info (ChunkID:-1 Root:root:/ File:C:/Program Files/UE_4.27/FeaturePacks/TP_VehicleBP.upack)
[2024.09.07-15.05.21:990][  0]LogPakFile: OnPakFileMounted2Time == 0.000248
[2024.09.07-15.05.21:991][  0]LogPakFile: PakFile PrimaryIndexSize=192
[2024.09.07-15.05.21:991][  0]LogPakFile: PakFile PathHashIndexSize=101
[2024.09.07-15.05.21:991][  0]LogPakFile: PakFile FullDirectoryIndexSize=158
[2024.09.07-15.05.21:991][  0]LogShaderLibrary: Display: ShaderCodeLibraryPakFileMountedCallback: PakFile 'C:/Program Files/UE_4.27/FeaturePacks/TP_VirtualRealityBP.upack' (chunk index -1, root 'root:/') mounted
[2024.09.07-15.05.21:991][  0]LogShaderLibrary: Display: ShaderCodeLibraryPakFileMountedCallback: pending pak file info (ChunkID:-1 Root:root:/ File:C:/Program Files/UE_4.27/FeaturePacks/TP_VirtualRealityBP.upack)
[2024.09.07-15.05.21:992][  0]LogPakFile: OnPakFileMounted2Time == 0.000231
[2024.09.07-15.05.22:034][  0]LogNativeClassHierarchy: Verbose: Native class hierarchy updated for 'AddContentDialog' in 0.0002 seconds. Added 0 classes and 0 folders.
[2024.09.07-15.05.22:035][  0]LogNativeClassHierarchy: Verbose: Native class hierarchy updated for 'SceneOutliner' in 0.0001 seconds. Added 2 classes and 0 folders.
[2024.09.07-15.05.22:041][  0]LogSlate: The tab "/Game/DialogueTool.DialogueTool_ActiveTab" attempted to spawn in layout 'LevelEditor_Layout_v1.2' but failed for some reason. It will not be displayed.
[2024.09.07-15.05.22:110][  0]LogSlate: Took 0.000214 seconds to synchronously load lazily loaded font '../../../Engine/Content/Slate/Fonts/Roboto-Regular.ttf' (155K)
[2024.09.07-15.05.22:111][  0]LogSlate: Took 0.000179 seconds to synchronously load lazily loaded font '../../../Engine/Content/Editor/Slate/Fonts/FontAwesome.ttf' (139K)
[2024.09.07-15.05.22:112][  0]LogSlate: Took 0.000955 seconds to synchronously load lazily loaded font '../../../Engine/Content/Editor/Slate/Fonts/NanumGothic.ttf' (4243K)
[2024.09.07-15.05.22:114][  0]LogSlate: Took 0.001234 seconds to synchronously load lazily loaded font '../../../Engine/Content/Editor/Slate/Fonts/NanumGothicBold.ttf' (4188K)
[2024.09.07-15.05.22:114][  0]LogSlate: Took 0.000173 seconds to synchronously load lazily loaded font '../../../Engine/Content/Slate/Fonts/Roboto-Bold.ttf' (160K)
[2024.09.07-15.05.22:179][  0]LogRenderer: Reallocating scene render targets to support 1616x808 Format 10 NumSamples 1 (Frame:1).
[2024.09.07-15.05.22:241][  0]LogNativeClassHierarchy: Verbose: Native class hierarchy updated for 'HierarchicalLODOutliner' in 0.0002 seconds. Added 0 classes and 0 folders.
[2024.09.07-15.05.22:241][  0]LogLoad: (Engine Initialization) Total time: 8.94 seconds
[2024.09.07-15.05.22:241][  0]LogLoad: (Engine Initialization) Total Blueprint compile time: 0.00 seconds
[2024.09.07-15.05.22:275][  0]LogAssetRegistry: Asset discovery search completed in 5.1942 seconds
[2024.09.07-15.05.22:279][  0]LogCollectionManager: Fixed up redirectors for 0 collections in 0.000003 seconds (updated 0 objects)
[2024.09.07-15.05.22:281][  0]LogContentStreaming: Texture pool size now 1000 MB
[2024.09.07-15.05.22:292][  1]LogFileCache: Retrieving MD5 hashes for directory 'C:/Users/nanim/GitHub/NewNewInsectHeaven/InsectHeaven/Content/' took 0.04s
[2024.09.07-15.05.25:120][340]LogSlate: Window '' being destroyed
[2024.09.07-15.05.25:266][357]LogSlate: Took 0.000303 seconds to synchronously load lazily loaded font '../../../Engine/Content/Slate/Fonts/Roboto-Light.ttf' (167K)
[2024.09.07-15.05.36:418][618]LogJson: Warning: Field TextAppearDelay was not found.
[2024.09.07-15.05.36:418][618]LogJson: Error: Json Value of type 'Null' used as a 'Number'.
[2024.09.07-15.05.36:418][618]LogJson: Warning: Field TextAppearDelay was not found.
[2024.09.07-15.05.36:418][618]LogJson: Error: Json Value of type 'Null' used as a 'Number'.
[2024.09.07-15.05.54:293][339]LogSlate: Window 'DialogueTool' being destroyed
[2024.09.07-15.05.54:299][339]LogSlate: Window 'DialogueTool' being destroyed
[2024.09.07-15.05.55:301][455]LogAssetEditorSubsystem: Opening Asset editor for EditorUtilityWidgetBlueprint /Game/DialogueTool.DialogueTool
[2024.09.07-15.05.55:435][455]LogNativeClassHierarchy: Verbose: Native class hierarchy updated for 'BlueprintGraph' in 0.0004 seconds. Added 126 classes and 0 folders.
[2024.09.07-15.05.55:901][455]LogSlate: The tab "SequencerGraphEditor" attempted to spawn in layout 'WidgetBlueprintEditor_Designer_Layout_v4_1' but failed for some reason. An "unrecognized tab" will be returned instead.
[2024.09.07-15.05.56:084][455]LogSlate: Took 0.000294 seconds to synchronously load lazily loaded font '../../../Engine/Content/Slate/Fonts/Roboto-BoldCondensed.ttf' (158K)
[2024.09.07-15.05.57:441][615]LogSlate: Window 'SequencerGraphEditor' being destroyed
[2024.09.07-15.05.57:445][615]LogSlate: Window 'SequencerGraphEditor' being destroyed
[2024.09.07-15.05.57:902][670]LogSlate: Window 'DialogueTool' being destroyed
[2024.09.07-15.05.57:906][670]LogSlate: Window 'DialogueTool' being destroyed
[2024.09.07-15.05.57:909][670]LogWorld: UWorld::CleanupWorld for World_1, bSessionEnded=true, bCleanupResources=true
[2024.09.07-15.05.57:909][670]LogSlate: InvalidateAllWidgets triggered.  All widgets were invalidated
[2024.09.07-15.05.57:914][670]LogWorld: UWorld::CleanupWorld for World_0, bSessionEnded=true, bCleanupResources=true
[2024.09.07-15.05.57:914][670]LogSlate: InvalidateAllWidgets triggered.  All widgets were invalidated
[2024.09.07-15.05.59:651][837]LogJson: Warning: Field TextAppearDelay was not found.
[2024.09.07-15.05.59:652][837]LogJson: Error: Json Value of type 'Null' used as a 'Number'.
[2024.09.07-15.05.59:652][837]LogJson: Warning: Field TextAppearDelay was not found.
[2024.09.07-15.05.59:652][837]LogJson: Error: Json Value of type 'Null' used as a 'Number'.
[2024.09.07-15.06.01:851][ 96]LogSlate: Window 'DialogueTool' being destroyed
[2024.09.07-15.06.01:855][ 96]LogSlate: Window 'DialogueTool' being destroyed
