Log file open, 08/24/24 19:17:57
LogWindows: Failed to load 'aqProf.dll' (GetLastError=126)
LogWindows: File 'aqProf.dll' does not exist
LogWindows: Failed to load 'VtuneApi.dll' (GetLastError=126)
LogWindows: File 'VtuneApi.dll' does not exist
LogWindows: Failed to load 'VtuneApi32e.dll' (GetLastError=126)
LogWindows: File 'VtuneApi32e.dll' does not exist
LogConsoleResponse: Display: Failed to find resolution value strings in scalability ini. Falling back to default.
LogConsoleResponse: Display: Failed to find resolution value strings in scalability ini. Falling back to default.
LogInit: Display: Running engine for game: InsectHeaven
LogPlatformFile: Not using cached read wrapper
LogTaskGraph: Started task graph with 5 named threads and 71 total threads with 3 sets of task threads.
LogStats: Stats thread started at 0.218914
LogICUInternationalization: ICU TimeZone Detection - Raw Offset: +9:00, Platform Override: ''
LogInit: Display: Loading text-based GConfig....
LogPluginManager: Mounting plugin MeshPainting
LogPluginManager: Mounting plugin XGEController
LogPluginManager: Mounting plugin Paper2D
LogPluginManager: Mounting plugin AISupport
LogPluginManager: Mounting plugin EnvironmentQueryEditor
LogPluginManager: Mounting plugin LiveLink
LogPluginManager: Mounting plugin LightPropagationVolume
LogPluginManager: Mounting plugin OodleNetwork
LogPluginManager: Mounting plugin OodleData
LogPluginManager: Mounting plugin CLionSourceCodeAccess
LogPluginManager: Mounting plugin CameraShakePreviewer
LogPluginManager: Mounting plugin AnimationSharing
LogPluginManager: Mounting plugin CodeLiteSourceCodeAccess
LogPluginManager: Mounting plugin NullSourceCodeAccess
LogPluginManager: Mounting plugin GameplayCameras
LogPluginManager: Mounting plugin GitSourceControl
LogPluginManager: Mounting plugin PerforceSourceControl
LogPluginManager: Mounting plugin KDevelopSourceCodeAccess
LogPluginManager: Mounting plugin PlasticSourceControl
LogPluginManager: Mounting plugin PixWinPlugin
LogPluginManager: Mounting plugin PropertyAccessNode
LogPluginManager: Mounting plugin PluginUtils
LogPluginManager: Mounting plugin RiderSourceCodeAccess
LogPluginManager: Mounting plugin AssetManagerEditor
LogPluginManager: Mounting plugin SubversionSourceControl
LogPluginManager: Mounting plugin TextureFormatOodle
LogPluginManager: Mounting plugin EditorScriptingUtilities
LogPluginManager: Mounting plugin UObjectPlugin
LogPluginManager: Mounting plugin CurveEditorTools
LogPluginManager: Mounting plugin CryptoKeys
LogPluginManager: Mounting plugin DataValidation
LogPluginManager: Mounting plugin FacialAnimation
LogPluginManager: Mounting plugin GameplayTagsEditor
LogPluginManager: Mounting plugin GeometryMode
LogPluginManager: Mounting plugin MaterialAnalyzer
LogPluginManager: Mounting plugin PluginBrowser
LogPluginManager: Mounting plugin VisualStudioSourceCodeAccess
LogPluginManager: Mounting plugin MacGraphicsSwitching
LogPluginManager: Mounting plugin MobileLauncherProfileWizard
LogPluginManager: Mounting plugin XCodeSourceCodeAccess
LogPluginManager: Mounting plugin SpeedTreeImporter
LogPluginManager: Mounting plugin VisualStudioCodeSourceCodeAccess
LogPluginManager: Mounting plugin DatasmithContent
LogPluginManager: Mounting plugin VariantManagerContent
LogPluginManager: Mounting plugin ChaosCloth
LogPluginManager: Mounting plugin BackChannel
LogPluginManager: Mounting plugin ChaosClothEditor
LogPluginManager: Mounting plugin CharacterAI
LogPluginManager: Mounting plugin AlembicImporter
LogPluginManager: Mounting plugin AutomationUtils
LogPluginManager: Mounting plugin ChaosEditor
LogPluginManager: Mounting plugin ChaosSolverPlugin
LogPluginManager: Mounting plugin ChaosNiagara
LogPluginManager: Mounting plugin GeometryCache
LogPluginManager: Mounting plugin GeometryProcessing
LogPluginManager: Mounting plugin GeometryCollectionPlugin
LogPluginManager: Mounting plugin OpenImageDenoise
LogPluginManager: Mounting plugin ProxyLODPlugin
LogPluginManager: Mounting plugin PythonScriptPlugin
LogPluginManager: Mounting plugin PlatformCrypto
LogPluginManager: Mounting plugin MotoSynth
LogPluginManager: Mounting plugin SkeletalReduction
LogPluginManager: Mounting plugin PlanarCut
LogPluginManager: Mounting plugin MagicLeap
LogPluginManager: Mounting plugin LuminPlatformFeatures
LogPluginManager: Mounting plugin MagicLeapLightEstimation
LogPluginManager: Mounting plugin MagicLeapMedia
LogPluginManager: Mounting plugin MagicLeapPassableWorld
LogPluginManager: Mounting plugin MLSDK
LogPluginManager: Mounting plugin Niagara
LogPluginManager: Mounting plugin AndroidMedia
LogPluginManager: Mounting plugin AvfMedia
LogPluginManager: Mounting plugin MediaCompositing
LogPluginManager: Mounting plugin ImgMedia
LogPluginManager: Mounting plugin MediaPlayerEditor
LogPluginManager: Mounting plugin WebMMedia
LogPluginManager: Mounting plugin WmfMedia
LogPluginManager: Mounting plugin ActorSequence
LogPluginManager: Mounting plugin LevelSequenceEditor
LogPluginManager: Mounting plugin MatineeToLevelSequence
LogPluginManager: Mounting plugin UdpMessaging
LogPluginManager: Mounting plugin TemplateSequence
LogPluginManager: Mounting plugin TcpMessaging
LogPluginManager: Mounting plugin OnlineSubsystem
LogPluginManager: Mounting plugin OnlineSubsystemNull
LogPluginManager: Mounting plugin OnlineSubsystemUtils
LogPluginManager: Mounting plugin ActorLayerUtilities
LogPluginManager: Mounting plugin LauncherChunkInstaller
LogPluginManager: Mounting plugin AndroidDeviceProfileSelector
LogPluginManager: Mounting plugin AndroidMoviePlayer
LogPluginManager: Mounting plugin AndroidPermission
LogPluginManager: Mounting plugin AppleImageUtils
LogPluginManager: Mounting plugin AppleMoviePlayer
LogPluginManager: Mounting plugin ArchVisCharacter
LogPluginManager: Mounting plugin AssetTags
LogPluginManager: Mounting plugin AudioCapture
LogPluginManager: Mounting plugin AudioSynesthesia
LogPluginManager: Mounting plugin CableComponent
LogPluginManager: Mounting plugin ChunkDownloader
LogPluginManager: Mounting plugin CustomMeshComponent
LogPluginManager: Mounting plugin EditableMesh
LogPluginManager: Mounting plugin ExampleDeviceProfileSelector
LogPluginManager: Mounting plugin GoogleCloudMessaging
LogPluginManager: Mounting plugin GooglePAD
LogPluginManager: Mounting plugin IOSDeviceProfileSelector
LogPluginManager: Mounting plugin LinuxDeviceProfileSelector
LogPluginManager: Mounting plugin LocationServicesBPLibrary
LogPluginManager: Mounting plugin MobilePatchingUtils
LogPluginManager: Mounting plugin OpenXR
LogPluginManager: Mounting plugin OpenXREyeTracker
LogPluginManager: Mounting plugin ScreenshotTools
LogPluginManager: Mounting plugin OpenXRHandTracking
LogPluginManager: Mounting plugin PhysXVehicles
LogPluginManager: Mounting plugin PostSplashScreen
LogPluginManager: Mounting plugin ProceduralMeshComponent
LogPluginManager: Mounting plugin PropertyAccessEditor
LogPluginManager: Mounting plugin SignificanceManager
LogPluginManager: Mounting plugin SoundFields
LogPluginManager: Mounting plugin RuntimePhysXCooking
LogPluginManager: Mounting plugin Synthesis
LogPluginManager: Mounting plugin WebMMoviePlayer
LogPluginManager: Mounting plugin WindowsMoviePlayer
LogPluginManager: Mounting plugin Takes
LogPluginManager: Mounting plugin ContentBrowserClassDataSource
LogPluginManager: Mounting plugin ContentBrowserAssetDataSource
LogPluginManager: Mounting plugin ContentBrowserFileDataSource
LogPluginManager: Mounting plugin RiderLink
LogPluginManager: Mounting plugin OnlineSubsystemGooglePlay
LogPluginManager: Mounting plugin OnlineSubsystemIOS
LogPluginManager: Mounting plugin OculusVR
LogPluginManager: Mounting plugin SteamVR
PixWinPlugin: PIX capture plugin failed to initialize! Check that the process is launched from PIX.
LogInit: Using libcurl 7.55.1-DEV
LogInit:  - built for x86_64-pc-win32
LogInit:  - supports SSL with OpenSSL/1.1.1
LogInit:  - supports HTTP deflate (compression) using libz 1.2.8
LogInit:  - other features:
LogInit:      CURL_VERSION_SSL
LogInit:      CURL_VERSION_LIBZ
LogInit:      CURL_VERSION_IPV6
LogInit:      CURL_VERSION_ASYNCHDNS
LogInit:      CURL_VERSION_LARGEFILE
LogInit:      CURL_VERSION_IDN
LogInit:  CurlRequestOptions (configurable via config and command line):
LogInit:  - bVerifyPeer = true  - Libcurl will verify peer certificate
LogInit:  - bUseHttpProxy = false  - Libcurl will NOT use HTTP proxy
LogInit:  - bDontReuseConnections = false  - Libcurl will reuse connections
LogInit:  - MaxHostConnections = 16  - Libcurl will limit the number of connections to a host
LogInit:  - LocalHostAddr = Default
LogInit:  - BufferSize = 65536
LogOnline: OSS: Creating online subsystem instance for: NULL
LogInit: WinSock: version 1.1 (2.2), MaxSocks=32767, MaxUdp=65467
LogOnline: OSS: TryLoadSubsystemAndSetDefault: Loaded subsystem for module [NULL]
LogOculusPluginWrapper: OculusPlugin initialized successfully
LogHMD: Failed initializing OVRPlugin 1.59.0
LogInit: Build: ++UE4+Release-4.27-CL-18319896
LogInit: Engine Version: 4.27.2-18319896+++UE4+Release-4.27
LogInit: Compatible Engine Version: 4.27.0-17155196+++UE4+Release-4.27
LogInit: Net CL: 17155196
LogInit: OS: Windows 10 (Release 2009) (), CPU: AMD Ryzen 9 7900X 12-Core Processor            , GPU: AMD Radeon RX 7900 XTX
LogInit: Compiled (64-bit): Nov 30 2021 07:12:08
LogInit: Compiled with Visual C++: 19.24.28315.00
LogInit: Build Configuration: Development
LogInit: Branch Name: ++UE4+Release-4.27
LogInit: Command Line: 
LogInit: Base Directory: C:/Program Files/UE_4.27/Engine/Binaries/Win64/
LogInit: Allocator: TBB
LogInit: Installed Engine Build: 1
LogDevObjectVersion: Number of dev versions registered: 29
LogDevObjectVersion:   Dev-Blueprints (B0D832E4-1F89-4F0D-ACCF-7EB736FD4AA2): 10
LogDevObjectVersion:   Dev-Build (E1C64328-A22C-4D53-A36C-8E866417BD8C): 0
LogDevObjectVersion:   Dev-Core (375EC13C-06E4-48FB-B500-84F0262A717E): 4
LogDevObjectVersion:   Dev-Editor (E4B068ED-F494-42E9-A231-DA0B2E46BB41): 40
LogDevObjectVersion:   Dev-Framework (CFFC743F-43B0-4480-9391-14DF171D2073): 37
LogDevObjectVersion:   Dev-Mobile (B02B49B5-BB20-44E9-A304-32B752E40360): 3
LogDevObjectVersion:   Dev-Networking (A4E4105C-59A1-49B5-A7C5-40C4547EDFEE): 0
LogDevObjectVersion:   Dev-Online (39C831C9-5AE6-47DC-9A44-9C173E1C8E7C): 0
LogDevObjectVersion:   Dev-Physics (78F01B33-EBEA-4F98-B9B4-84EACCB95AA2): 14
LogDevObjectVersion:   Dev-Platform (6631380F-2D4D-43E0-8009-CF276956A95A): 0
LogDevObjectVersion:   Dev-Rendering (12F88B9F-8875-4AFC-A67C-D90C383ABD29): 45
LogDevObjectVersion:   Dev-Sequencer (7B5AE74C-D270-4C10-A958-57980B212A5A): 13
LogDevObjectVersion:   Dev-VR (D7296918-1DD6-4BDD-9DE2-64A83CC13884): 3
LogDevObjectVersion:   Dev-LoadTimes (C2A15278-BFE7-4AFE-6C17-90FF531DF755): 1
LogDevObjectVersion:   Private-Geometry (6EACA3D4-40EC-4CC1-B786-8BED09428FC5): 3
LogDevObjectVersion:   Dev-AnimPhys (29E575DD-E0A3-4627-9D10-D276232CDCEA): 17
LogDevObjectVersion:   Dev-Anim (AF43A65D-7FD3-4947-9873-3E8ED9C1BB05): 15
LogDevObjectVersion:   Dev-ReflectionCapture (6B266CEC-1EC7-4B8F-A30B-E4D90942FC07): 1
LogDevObjectVersion:   Dev-Automation (0DF73D61-A23F-47EA-B727-89E90C41499A): 1
LogDevObjectVersion:   FortniteMain (601D1886-AC64-4F84-AA16-D3DE0DEAC7D6): 47
LogDevObjectVersion:   FortniteRelease (E7086368-6B23-4C58-8439-1B7016265E91): 1
LogDevObjectVersion:   Dev-Enterprise (9DFFBCD6-494F-0158-E221-12823C92A888): 10
LogDevObjectVersion:   Dev-Niagara (F2AED0AC-9AFE-416F-8664-AA7FFA26D6FC): 1
LogDevObjectVersion:   Dev-Destruction (174F1F0B-B4C6-45A5-B13F-2EE8D0FB917D): 10
LogDevObjectVersion:   Dev-Physics-Ext (35F94A83-E258-406C-A318-09F59610247C): 41
LogDevObjectVersion:   Dev-PhysicsMaterial-Chaos (B68FC16E-8B1B-42E2-B453-215C058844FE): 1
LogDevObjectVersion:   Dev-CineCamera (B2E18506-4273-CFC2-A54E-F4BB758BBA07): 1
LogDevObjectVersion:   Dev-VirtualProduction (64F58936-FD1B-42BA-BA96-7289D5D0FA4E): 1
LogDevObjectVersion:   Dev-MediaFramework (6F0ED827-A609-4895-9C91-998D90180EA4): 2
LogInit: Presizing for max 25165824 objects, including 0 objects not considered by GC, pre-allocating 0 bytes for permanent pool.
LogConfig: Applying CVar settings from Section [/Script/Engine.StreamingSettings] File [C:/Users/nanim/GitHub/NewNewInsectHeaven/InsectHeaven/Saved/Config/Windows/Engine.ini]
LogConfig: Setting CVar [[s.MinBulkDataSizeForAsyncLoading:131072]]
LogConfig: Setting CVar [[s.AsyncLoadingThreadEnabled:0]]
LogConfig: Setting CVar [[s.EventDrivenLoaderEnabled:1]]
LogConfig: Setting CVar [[s.WarnIfTimeLimitExceeded:0]]
LogConfig: Setting CVar [[s.TimeLimitExceededMultiplier:1.5]]
LogConfig: Setting CVar [[s.TimeLimitExceededMinTime:0.005]]
LogConfig: Setting CVar [[s.UseBackgroundLevelStreaming:1]]
LogConfig: Setting CVar [[s.PriorityAsyncLoadingExtraTime:15.0]]
LogConfig: Setting CVar [[s.LevelStreamingActorsUpdateTimeLimit:5.0]]
LogConfig: Setting CVar [[s.PriorityLevelStreamingActorsUpdateExtraTime:5.0]]
LogConfig: Setting CVar [[s.LevelStreamingComponentsRegistrationGranularity:10]]
LogConfig: Setting CVar [[s.UnregisterComponentsTimeLimit:1.0]]
LogConfig: Setting CVar [[s.LevelStreamingComponentsUnregistrationGranularity:5]]
LogConfig: Setting CVar [[s.FlushStreamingOnExit:1]]
LogInit: Object subsystem initialized
LogConfig: Setting CVar [[con.DebugEarlyDefault:1]]
LogConfig: Setting CVar [[r.setres:1280x720]]
[2024.08.24-10.17.58:830][  0]LogConfig: Setting CVar [[r.VSync:0]]
[2024.08.24-10.17.58:830][  0]LogConfig: Setting CVar [[r.RHICmdBypass:0]]
[2024.08.24-10.17.58:830][  0]LogConfig: Applying CVar settings from Section [/Script/Engine.RendererSettings] File [C:/Users/nanim/GitHub/NewNewInsectHeaven/InsectHeaven/Saved/Config/Windows/Engine.ini]
[2024.08.24-10.17.58:830][  0]LogConfig: Setting CVar [[r.GPUCrashDebugging:0]]
[2024.08.24-10.17.58:830][  0]LogConfig: Applying CVar settings from Section [/Script/Engine.RendererOverrideSettings] File [C:/Users/nanim/GitHub/NewNewInsectHeaven/InsectHeaven/Saved/Config/Windows/Engine.ini]
[2024.08.24-10.17.58:831][  0]LogConfig: Applying CVar settings from Section [/Script/Engine.StreamingSettings] File [C:/Users/nanim/GitHub/NewNewInsectHeaven/InsectHeaven/Saved/Config/Windows/Engine.ini]
[2024.08.24-10.17.58:831][  0]LogConfig: Setting CVar [[s.MinBulkDataSizeForAsyncLoading:131072]]
[2024.08.24-10.17.58:831][  0]LogConfig: Setting CVar [[s.AsyncLoadingThreadEnabled:0]]
[2024.08.24-10.17.58:831][  0]LogConfig: Setting CVar [[s.EventDrivenLoaderEnabled:1]]
[2024.08.24-10.17.58:831][  0]LogConfig: Setting CVar [[s.WarnIfTimeLimitExceeded:0]]
[2024.08.24-10.17.58:831][  0]LogConfig: Setting CVar [[s.TimeLimitExceededMultiplier:1.5]]
[2024.08.24-10.17.58:831][  0]LogConfig: Setting CVar [[s.TimeLimitExceededMinTime:0.005]]
[2024.08.24-10.17.58:831][  0]LogConfig: Setting CVar [[s.UseBackgroundLevelStreaming:1]]
[2024.08.24-10.17.58:832][  0]LogConfig: Setting CVar [[s.PriorityAsyncLoadingExtraTime:15.0]]
[2024.08.24-10.17.58:832][  0]LogConfig: Setting CVar [[s.LevelStreamingActorsUpdateTimeLimit:5.0]]
[2024.08.24-10.17.58:832][  0]LogConfig: Setting CVar [[s.PriorityLevelStreamingActorsUpdateExtraTime:5.0]]
[2024.08.24-10.17.58:832][  0]LogConfig: Setting CVar [[s.LevelStreamingComponentsRegistrationGranularity:10]]
[2024.08.24-10.17.58:832][  0]LogConfig: Setting CVar [[s.UnregisterComponentsTimeLimit:1.0]]
[2024.08.24-10.17.58:832][  0]LogConfig: Setting CVar [[s.LevelStreamingComponentsUnregistrationGranularity:5]]
[2024.08.24-10.17.58:832][  0]LogConfig: Setting CVar [[s.FlushStreamingOnExit:1]]
[2024.08.24-10.17.58:832][  0]LogConfig: Applying CVar settings from Section [/Script/Engine.GarbageCollectionSettings] File [C:/Users/nanim/GitHub/NewNewInsectHeaven/InsectHeaven/Saved/Config/Windows/Engine.ini]
[2024.08.24-10.17.58:833][  0]LogConfig: Setting CVar [[gc.MaxObjectsNotConsideredByGC:1]]
[2024.08.24-10.17.58:833][  0]LogConfig: Setting CVar [[gc.SizeOfPermanentObjectPool:0]]
[2024.08.24-10.17.58:833][  0]LogConfig: Setting CVar [[gc.FlushStreamingOnGC:0]]
[2024.08.24-10.17.58:833][  0]LogConfig: Setting CVar [[gc.NumRetriesBeforeForcingGC:10]]
[2024.08.24-10.17.58:833][  0]LogConfig: Setting CVar [[gc.AllowParallelGC:1]]
[2024.08.24-10.17.58:833][  0]LogConfig: Setting CVar [[gc.TimeBetweenPurgingPendingKillObjects:61.1]]
[2024.08.24-10.17.58:833][  0]LogConfig: Setting CVar [[gc.MaxObjectsInEditor:25165824]]
[2024.08.24-10.17.58:833][  0]LogConfig: Setting CVar [[gc.IncrementalBeginDestroyEnabled:1]]
[2024.08.24-10.17.58:834][  0]LogConfig: Setting CVar [[gc.CreateGCClusters:1]]
[2024.08.24-10.17.58:834][  0]LogConfig: Setting CVar [[gc.MinGCClusterSize:5]]
[2024.08.24-10.17.58:834][  0]LogConfig: Setting CVar [[gc.ActorClusteringEnabled:0]]
[2024.08.24-10.17.58:834][  0]LogConfig: Setting CVar [[gc.BlueprintClusteringEnabled:0]]
[2024.08.24-10.17.58:834][  0]LogConfig: Setting CVar [[gc.UseDisregardForGCOnDedicatedServers:0]]
[2024.08.24-10.17.58:834][  0]LogConfig: Setting CVar [[gc.MultithreadedDestructionEnabled:1]]
[2024.08.24-10.17.58:834][  0]LogConfig: Applying CVar settings from Section [/Script/Engine.NetworkSettings] File [C:/Users/nanim/GitHub/NewNewInsectHeaven/InsectHeaven/Saved/Config/Windows/Engine.ini]
[2024.08.24-10.17.58:834][  0]LogConfig: Applying CVar settings from Section [/Script/UnrealEd.CookerSettings] File [C:/Users/nanim/GitHub/NewNewInsectHeaven/InsectHeaven/Saved/Config/Windows/Engine.ini]
[2024.08.24-10.17.58:874][  0]LogConfig: Applying CVar settings from Section [ViewDistanceQuality@3] File [C:/Users/nanim/GitHub/NewNewInsectHeaven/InsectHeaven/Saved/Config/Windows/Scalability.ini]
[2024.08.24-10.17.58:874][  0]LogConfig: Setting CVar [[r.SkeletalMeshLODBias:0]]
[2024.08.24-10.17.58:874][  0]LogConfig: Setting CVar [[r.ViewDistanceScale:1.0]]
[2024.08.24-10.17.58:874][  0]LogConfig: Applying CVar settings from Section [AntiAliasingQuality@3] File [C:/Users/nanim/GitHub/NewNewInsectHeaven/InsectHeaven/Saved/Config/Windows/Scalability.ini]
[2024.08.24-10.17.58:874][  0]LogConfig: Setting CVar [[r.PostProcessAAQuality:4]]
[2024.08.24-10.17.58:874][  0]LogConfig: Applying CVar settings from Section [ShadowQuality@3] File [C:/Users/nanim/GitHub/NewNewInsectHeaven/InsectHeaven/Saved/Config/Windows/Scalability.ini]
[2024.08.24-10.17.58:875][  0]LogConfig: Setting CVar [[r.LightFunctionQuality:1]]
[2024.08.24-10.17.58:875][  0]LogConfig: Setting CVar [[r.ShadowQuality:5]]
[2024.08.24-10.17.58:875][  0]LogConfig: Setting CVar [[r.Shadow.CSM.MaxCascades:10]]
[2024.08.24-10.17.58:875][  0]LogConfig: Setting CVar [[r.Shadow.MaxResolution:2048]]
[2024.08.24-10.17.58:875][  0]LogConfig: Setting CVar [[r.Shadow.MaxCSMResolution:2048]]
[2024.08.24-10.17.58:875][  0]LogConfig: Setting CVar [[r.Shadow.RadiusThreshold:0.01]]
[2024.08.24-10.17.58:875][  0]LogConfig: Setting CVar [[r.Shadow.DistanceScale:1.0]]
[2024.08.24-10.17.58:875][  0]LogConfig: Setting CVar [[r.Shadow.CSM.TransitionScale:1.0]]
[2024.08.24-10.17.58:876][  0]LogConfig: Setting CVar [[r.Shadow.PreShadowResolutionFactor:1.0]]
[2024.08.24-10.17.58:876][  0]LogConfig: Setting CVar [[r.DistanceFieldShadowing:1]]
[2024.08.24-10.17.58:876][  0]LogConfig: Setting CVar [[r.DistanceFieldAO:1]]
[2024.08.24-10.17.58:876][  0]LogConfig: Setting CVar [[r.AOQuality:2]]
[2024.08.24-10.17.58:876][  0]LogConfig: Setting CVar [[r.VolumetricFog:1]]
[2024.08.24-10.17.58:876][  0]LogConfig: Setting CVar [[r.VolumetricFog.GridPixelSize:8]]
[2024.08.24-10.17.59:015][  0]LogConfig: Setting CVar [[r.VolumetricFog.GridSizeZ:128]]
[2024.08.24-10.17.59:015][  0]LogConfig: Setting CVar [[r.VolumetricFog.HistoryMissSupersampleCount:4]]
[2024.08.24-10.17.59:015][  0]LogConfig: Setting CVar [[r.LightMaxDrawDistanceScale:1]]
[2024.08.24-10.17.59:015][  0]LogConfig: Setting CVar [[r.CapsuleShadows:1]]
[2024.08.24-10.17.59:015][  0]LogConfig: Applying CVar settings from Section [PostProcessQuality@3] File [C:/Users/nanim/GitHub/NewNewInsectHeaven/InsectHeaven/Saved/Config/Windows/Scalability.ini]
[2024.08.24-10.17.59:015][  0]LogConfig: Setting CVar [[r.MotionBlurQuality:4]]
[2024.08.24-10.17.59:016][  0]LogConfig: Setting CVar [[r.AmbientOcclusionMipLevelFactor:0.4]]
[2024.08.24-10.17.59:016][  0]LogConfig: Setting CVar [[r.AmbientOcclusionMaxQuality:100]]
[2024.08.24-10.17.59:016][  0]LogConfig: Setting CVar [[r.AmbientOcclusionLevels:-1]]
[2024.08.24-10.17.59:016][  0]LogConfig: Setting CVar [[r.AmbientOcclusionRadiusScale:1.0]]
[2024.08.24-10.17.59:016][  0]LogConfig: Setting CVar [[r.DepthOfFieldQuality:2]]
[2024.08.24-10.17.59:016][  0]LogConfig: Setting CVar [[r.RenderTargetPoolMin:400]]
[2024.08.24-10.17.59:016][  0]LogConfig: Setting CVar [[r.LensFlareQuality:2]]
[2024.08.24-10.17.59:016][  0]LogConfig: Setting CVar [[r.SceneColorFringeQuality:1]]
[2024.08.24-10.17.59:017][  0]LogConfig: Setting CVar [[r.EyeAdaptationQuality:2]]
[2024.08.24-10.17.59:017][  0]LogConfig: Setting CVar [[r.BloomQuality:5]]
[2024.08.24-10.17.59:017][  0]LogConfig: Setting CVar [[r.FastBlurThreshold:100]]
[2024.08.24-10.17.59:017][  0]LogConfig: Setting CVar [[r.Upscale.Quality:3]]
[2024.08.24-10.17.59:017][  0]LogConfig: Setting CVar [[r.Tonemapper.GrainQuantization:1]]
[2024.08.24-10.17.59:017][  0]LogConfig: Setting CVar [[r.LightShaftQuality:1]]
[2024.08.24-10.17.59:017][  0]LogConfig: Setting CVar [[r.Filter.SizeScale:1]]
[2024.08.24-10.17.59:017][  0]LogConfig: Setting CVar [[r.Tonemapper.Quality:5]]
[2024.08.24-10.17.59:018][  0]LogConfig: Setting CVar [[r.DOF.Gather.AccumulatorQuality:1        ; higher gathering accumulator quality]]
[2024.08.24-10.17.59:018][  0]LogConfig: Setting CVar [[r.DOF.Gather.PostfilterMethod:1          ; Median3x3 postfilering method]]
[2024.08.24-10.17.59:018][  0]LogConfig: Setting CVar [[r.DOF.Gather.EnableBokehSettings:0       ; no bokeh simulation when gathering]]
[2024.08.24-10.17.59:018][  0]LogConfig: Setting CVar [[r.DOF.Gather.RingCount:4                 ; medium number of samples when gathering]]
[2024.08.24-10.17.59:018][  0]LogConfig: Setting CVar [[r.DOF.Scatter.ForegroundCompositing:1    ; additive foreground scattering]]
[2024.08.24-10.17.59:018][  0]LogConfig: Setting CVar [[r.DOF.Scatter.BackgroundCompositing:2    ; additive background scattering]]
[2024.08.24-10.17.59:018][  0]LogConfig: Setting CVar [[r.DOF.Scatter.EnableBokehSettings:1      ; bokeh simulation when scattering]]
[2024.08.24-10.17.59:018][  0]LogConfig: Setting CVar [[r.DOF.Scatter.MaxSpriteRatio:0.1         ; only a maximum of 10% of scattered bokeh]]
[2024.08.24-10.17.59:019][  0]LogConfig: Setting CVar [[r.DOF.Recombine.Quality:1                ; cheap slight out of focus]]
[2024.08.24-10.17.59:019][  0]LogConfig: Setting CVar [[r.DOF.Recombine.EnableBokehSettings:0    ; no bokeh simulation on slight out of focus]]
[2024.08.24-10.17.59:019][  0]LogConfig: Setting CVar [[r.DOF.TemporalAAQuality:1                ; more stable temporal accumulation]]
[2024.08.24-10.17.59:019][  0]LogConfig: Setting CVar [[r.DOF.Kernel.MaxForegroundRadius:0.025]]
[2024.08.24-10.17.59:019][  0]LogConfig: Setting CVar [[r.DOF.Kernel.MaxBackgroundRadius:0.025]]
[2024.08.24-10.17.59:019][  0]LogConfig: Applying CVar settings from Section [TextureQuality@3] File [C:/Users/nanim/GitHub/NewNewInsectHeaven/InsectHeaven/Saved/Config/Windows/Scalability.ini]
[2024.08.24-10.17.59:019][  0]LogConfig: Setting CVar [[r.Streaming.MipBias:0]]
[2024.08.24-10.17.59:019][  0]LogConfig: Setting CVar [[r.Streaming.AmortizeCPUToGPUCopy:0]]
[2024.08.24-10.17.59:019][  0]LogConfig: Setting CVar [[r.Streaming.MaxNumTexturesToStreamPerFrame:0]]
[2024.08.24-10.17.59:020][  0]LogConfig: Setting CVar [[r.Streaming.Boost:1]]
[2024.08.24-10.17.59:020][  0]LogConfig: Setting CVar [[r.MaxAnisotropy:8]]
[2024.08.24-10.17.59:020][  0]LogConfig: Setting CVar [[r.VT.MaxAnisotropy:8]]
[2024.08.24-10.17.59:020][  0]LogConfig: Setting CVar [[r.Streaming.LimitPoolSizeToVRAM:0]]
[2024.08.24-10.17.59:020][  0]LogConfig: Setting CVar [[r.Streaming.PoolSize:1000]]
[2024.08.24-10.17.59:020][  0]LogConfig: Setting CVar [[r.Streaming.MaxEffectiveScreenSize:0]]
[2024.08.24-10.17.59:020][  0]LogConfig: Applying CVar settings from Section [EffectsQuality@3] File [C:/Users/nanim/GitHub/NewNewInsectHeaven/InsectHeaven/Saved/Config/Windows/Scalability.ini]
[2024.08.24-10.17.59:020][  0]LogConfig: Setting CVar [[r.TranslucencyLightingVolumeDim:64]]
[2024.08.24-10.17.59:020][  0]LogConfig: Setting CVar [[r.RefractionQuality:2]]
[2024.08.24-10.17.59:021][  0]LogConfig: Setting CVar [[r.SSR.Quality:3]]
[2024.08.24-10.17.59:021][  0]LogConfig: Setting CVar [[r.SSR.HalfResSceneColor:0]]
[2024.08.24-10.17.59:021][  0]LogConfig: Setting CVar [[r.SceneColorFormat:4]]
[2024.08.24-10.17.59:021][  0]LogConfig: Setting CVar [[r.DetailMode:2]]
[2024.08.24-10.17.59:021][  0]LogConfig: Setting CVar [[r.TranslucencyVolumeBlur:1]]
[2024.08.24-10.17.59:021][  0]LogConfig: Setting CVar [[r.MaterialQualityLevel:1 ; High quality]]
[2024.08.24-10.17.59:021][  0]LogConfig: Setting CVar [[r.AnisotropicMaterials:1]]
[2024.08.24-10.17.59:021][  0]LogConfig: Setting CVar [[r.SSS.Scale:1]]
[2024.08.24-10.17.59:022][  0]LogConfig: Setting CVar [[r.SSS.SampleSet:2]]
[2024.08.24-10.17.59:022][  0]LogConfig: Setting CVar [[r.SSS.Quality:1]]
[2024.08.24-10.17.59:022][  0]LogConfig: Setting CVar [[r.SSS.HalfRes:0]]
[2024.08.24-10.17.59:022][  0]LogConfig: Setting CVar [[r.SSGI.Quality:3]]
[2024.08.24-10.17.59:022][  0]LogConfig: Setting CVar [[r.EmitterSpawnRateScale:1.0]]
[2024.08.24-10.17.59:022][  0]LogConfig: Setting CVar [[r.ParticleLightQuality:2]]
[2024.08.24-10.17.59:022][  0]LogConfig: Setting CVar [[r.SkyAtmosphere.AerialPerspectiveLUT.FastApplyOnOpaque:1 ; Always have FastSkyLUT 1 in this case to avoid wrong sky]]
[2024.08.24-10.17.59:022][  0]LogConfig: Setting CVar [[r.SkyAtmosphere.AerialPerspectiveLUT.SampleCountMaxPerSlice:4]]
[2024.08.24-10.17.59:022][  0]LogConfig: Setting CVar [[r.SkyAtmosphere.AerialPerspectiveLUT.DepthResolution:16.0]]
[2024.08.24-10.17.59:023][  0]LogConfig: Setting CVar [[r.SkyAtmosphere.FastSkyLUT:1]]
[2024.08.24-10.17.59:023][  0]LogConfig: Setting CVar [[r.SkyAtmosphere.FastSkyLUT.SampleCountMin:4.0]]
[2024.08.24-10.17.59:023][  0]LogConfig: Setting CVar [[r.SkyAtmosphere.FastSkyLUT.SampleCountMax:128.0]]
[2024.08.24-10.17.59:023][  0]LogConfig: Setting CVar [[r.SkyAtmosphere.SampleCountMin:4.0]]
[2024.08.24-10.17.59:023][  0]LogConfig: Setting CVar [[r.SkyAtmosphere.SampleCountMax:128.0]]
[2024.08.24-10.17.59:023][  0]LogConfig: Setting CVar [[r.SkyAtmosphere.TransmittanceLUT.UseSmallFormat:0]]
[2024.08.24-10.17.59:023][  0]LogConfig: Setting CVar [[r.SkyAtmosphere.TransmittanceLUT.SampleCount:10.0]]
[2024.08.24-10.17.59:023][  0]LogConfig: Setting CVar [[r.SkyAtmosphere.MultiScatteringLUT.SampleCount:15.0]]
[2024.08.24-10.17.59:023][  0]LogConfig: Setting CVar [[r.SkyLight.RealTimeReflectionCapture:1]]
[2024.08.24-10.17.59:023][  0]LogConfig: Applying CVar settings from Section [FoliageQuality@3] File [C:/Users/nanim/GitHub/NewNewInsectHeaven/InsectHeaven/Saved/Config/Windows/Scalability.ini]
[2024.08.24-10.17.59:024][  0]LogConfig: Setting CVar [[foliage.DensityScale:1.0]]
[2024.08.24-10.17.59:024][  0]LogConfig: Setting CVar [[grass.DensityScale:1.0]]
[2024.08.24-10.17.59:024][  0]LogConfig: Applying CVar settings from Section [ShadingQuality@3] File [C:/Users/nanim/GitHub/NewNewInsectHeaven/InsectHeaven/Saved/Config/Windows/Scalability.ini]
[2024.08.24-10.17.59:024][  0]LogConfig: Setting CVar [[r.HairStrands.SkyLighting.IntegrationType:2]]
[2024.08.24-10.17.59:024][  0]LogConfig: Setting CVar [[r.HairStrands.SkyAO.SampleCount:4]]
[2024.08.24-10.17.59:024][  0]LogConfig: Setting CVar [[r.HairStrands.Visibility.MSAA.SamplePerPixel:4]]
[2024.08.24-10.17.59:024][  0]LogInit: Selected Device Profile: [Windows]
[2024.08.24-10.17.59:024][  0]LogInit: Applying CVar settings loaded from the selected device profile: [Windows]
[2024.08.24-10.17.59:025][  0]LogHAL: Display: Platform has ~ 32 GB [33457160192 / 34359738368 / 32], which maps to Largest [LargestMinGB=32, LargerMinGB=12, DefaultMinGB=8, SmallerMinGB=6, SmallestMinGB=0)
[2024.08.24-10.17.59:025][  0]LogInit: Going up to parent DeviceProfile []
[2024.08.24-10.17.59:025][  0]LogConfig: Applying CVar settings from Section [ViewDistanceQuality@3] File [C:/Users/nanim/GitHub/NewNewInsectHeaven/InsectHeaven/Saved/Config/Windows/Scalability.ini]
[2024.08.24-10.17.59:025][  0]LogConfig: Setting CVar [[r.SkeletalMeshLODBias:0]]
[2024.08.24-10.17.59:025][  0]LogConfig: Setting CVar [[r.ViewDistanceScale:1.0]]
[2024.08.24-10.17.59:025][  0]LogConfig: Applying CVar settings from Section [AntiAliasingQuality@3] File [C:/Users/nanim/GitHub/NewNewInsectHeaven/InsectHeaven/Saved/Config/Windows/Scalability.ini]
[2024.08.24-10.17.59:025][  0]LogConfig: Setting CVar [[r.PostProcessAAQuality:4]]
[2024.08.24-10.17.59:025][  0]LogConfig: Applying CVar settings from Section [ShadowQuality@3] File [C:/Users/nanim/GitHub/NewNewInsectHeaven/InsectHeaven/Saved/Config/Windows/Scalability.ini]
[2024.08.24-10.17.59:025][  0]LogConfig: Setting CVar [[r.LightFunctionQuality:1]]
[2024.08.24-10.17.59:026][  0]LogConfig: Setting CVar [[r.ShadowQuality:5]]
[2024.08.24-10.17.59:026][  0]LogConfig: Setting CVar [[r.Shadow.CSM.MaxCascades:10]]
[2024.08.24-10.17.59:026][  0]LogConfig: Setting CVar [[r.Shadow.MaxResolution:2048]]
[2024.08.24-10.17.59:026][  0]LogConfig: Setting CVar [[r.Shadow.MaxCSMResolution:2048]]
[2024.08.24-10.17.59:026][  0]LogConfig: Setting CVar [[r.Shadow.RadiusThreshold:0.01]]
[2024.08.24-10.17.59:026][  0]LogConfig: Setting CVar [[r.Shadow.DistanceScale:1.0]]
[2024.08.24-10.17.59:026][  0]LogConfig: Setting CVar [[r.Shadow.CSM.TransitionScale:1.0]]
[2024.08.24-10.17.59:026][  0]LogConfig: Setting CVar [[r.Shadow.PreShadowResolutionFactor:1.0]]
[2024.08.24-10.17.59:027][  0]LogConfig: Setting CVar [[r.DistanceFieldShadowing:1]]
[2024.08.24-10.17.59:027][  0]LogConfig: Setting CVar [[r.DistanceFieldAO:1]]
[2024.08.24-10.17.59:027][  0]LogConfig: Setting CVar [[r.AOQuality:2]]
[2024.08.24-10.17.59:027][  0]LogConfig: Setting CVar [[r.VolumetricFog:1]]
[2024.08.24-10.17.59:027][  0]LogConfig: Setting CVar [[r.VolumetricFog.GridPixelSize:8]]
[2024.08.24-10.17.59:027][  0]LogConfig: Setting CVar [[r.VolumetricFog.GridSizeZ:128]]
[2024.08.24-10.17.59:027][  0]LogConfig: Setting CVar [[r.VolumetricFog.HistoryMissSupersampleCount:4]]
[2024.08.24-10.17.59:027][  0]LogConfig: Setting CVar [[r.LightMaxDrawDistanceScale:1]]
[2024.08.24-10.17.59:027][  0]LogConfig: Setting CVar [[r.CapsuleShadows:1]]
[2024.08.24-10.17.59:028][  0]LogConfig: Applying CVar settings from Section [PostProcessQuality@3] File [C:/Users/nanim/GitHub/NewNewInsectHeaven/InsectHeaven/Saved/Config/Windows/Scalability.ini]
[2024.08.24-10.17.59:028][  0]LogConfig: Setting CVar [[r.MotionBlurQuality:4]]
[2024.08.24-10.17.59:028][  0]LogConfig: Setting CVar [[r.AmbientOcclusionMipLevelFactor:0.4]]
[2024.08.24-10.17.59:028][  0]LogConfig: Setting CVar [[r.AmbientOcclusionMaxQuality:100]]
[2024.08.24-10.17.59:028][  0]LogConfig: Setting CVar [[r.AmbientOcclusionLevels:-1]]
[2024.08.24-10.17.59:028][  0]LogConfig: Setting CVar [[r.AmbientOcclusionRadiusScale:1.0]]
[2024.08.24-10.17.59:028][  0]LogConfig: Setting CVar [[r.DepthOfFieldQuality:2]]
[2024.08.24-10.17.59:028][  0]LogConfig: Setting CVar [[r.RenderTargetPoolMin:400]]
[2024.08.24-10.17.59:028][  0]LogConfig: Setting CVar [[r.LensFlareQuality:2]]
[2024.08.24-10.17.59:029][  0]LogConfig: Setting CVar [[r.SceneColorFringeQuality:1]]
[2024.08.24-10.17.59:029][  0]LogConfig: Setting CVar [[r.EyeAdaptationQuality:2]]
[2024.08.24-10.17.59:029][  0]LogConfig: Setting CVar [[r.BloomQuality:5]]
[2024.08.24-10.17.59:029][  0]LogConfig: Setting CVar [[r.FastBlurThreshold:100]]
[2024.08.24-10.17.59:029][  0]LogConfig: Setting CVar [[r.Upscale.Quality:3]]
[2024.08.24-10.17.59:029][  0]LogConfig: Setting CVar [[r.Tonemapper.GrainQuantization:1]]
[2024.08.24-10.17.59:029][  0]LogConfig: Setting CVar [[r.LightShaftQuality:1]]
[2024.08.24-10.17.59:029][  0]LogConfig: Setting CVar [[r.Filter.SizeScale:1]]
[2024.08.24-10.17.59:029][  0]LogConfig: Setting CVar [[r.Tonemapper.Quality:5]]
[2024.08.24-10.17.59:030][  0]LogConfig: Setting CVar [[r.DOF.Gather.AccumulatorQuality:1        ; higher gathering accumulator quality]]
[2024.08.24-10.17.59:030][  0]LogConfig: Setting CVar [[r.DOF.Gather.PostfilterMethod:1          ; Median3x3 postfilering method]]
[2024.08.24-10.17.59:030][  0]LogConfig: Setting CVar [[r.DOF.Gather.EnableBokehSettings:0       ; no bokeh simulation when gathering]]
[2024.08.24-10.17.59:030][  0]LogConfig: Setting CVar [[r.DOF.Gather.RingCount:4                 ; medium number of samples when gathering]]
[2024.08.24-10.17.59:030][  0]LogConfig: Setting CVar [[r.DOF.Scatter.ForegroundCompositing:1    ; additive foreground scattering]]
[2024.08.24-10.17.59:030][  0]LogConfig: Setting CVar [[r.DOF.Scatter.BackgroundCompositing:2    ; additive background scattering]]
[2024.08.24-10.17.59:030][  0]LogConfig: Setting CVar [[r.DOF.Scatter.EnableBokehSettings:1      ; bokeh simulation when scattering]]
[2024.08.24-10.17.59:030][  0]LogConfig: Setting CVar [[r.DOF.Scatter.MaxSpriteRatio:0.1         ; only a maximum of 10% of scattered bokeh]]
[2024.08.24-10.17.59:030][  0]LogConfig: Setting CVar [[r.DOF.Recombine.Quality:1                ; cheap slight out of focus]]
[2024.08.24-10.17.59:031][  0]LogConfig: Setting CVar [[r.DOF.Recombine.EnableBokehSettings:0    ; no bokeh simulation on slight out of focus]]
[2024.08.24-10.17.59:031][  0]LogConfig: Setting CVar [[r.DOF.TemporalAAQuality:1                ; more stable temporal accumulation]]
[2024.08.24-10.17.59:031][  0]LogConfig: Setting CVar [[r.DOF.Kernel.MaxForegroundRadius:0.025]]
[2024.08.24-10.17.59:031][  0]LogConfig: Setting CVar [[r.DOF.Kernel.MaxBackgroundRadius:0.025]]
[2024.08.24-10.17.59:031][  0]LogConfig: Applying CVar settings from Section [TextureQuality@3] File [C:/Users/nanim/GitHub/NewNewInsectHeaven/InsectHeaven/Saved/Config/Windows/Scalability.ini]
[2024.08.24-10.17.59:031][  0]LogConfig: Setting CVar [[r.Streaming.MipBias:0]]
[2024.08.24-10.17.59:031][  0]LogConfig: Setting CVar [[r.Streaming.AmortizeCPUToGPUCopy:0]]
[2024.08.24-10.17.59:031][  0]LogConfig: Setting CVar [[r.Streaming.MaxNumTexturesToStreamPerFrame:0]]
[2024.08.24-10.17.59:031][  0]LogConfig: Setting CVar [[r.Streaming.Boost:1]]
[2024.08.24-10.17.59:032][  0]LogConfig: Setting CVar [[r.MaxAnisotropy:8]]
[2024.08.24-10.17.59:032][  0]LogConfig: Setting CVar [[r.VT.MaxAnisotropy:8]]
[2024.08.24-10.17.59:032][  0]LogConfig: Setting CVar [[r.Streaming.LimitPoolSizeToVRAM:0]]
[2024.08.24-10.17.59:032][  0]LogConfig: Setting CVar [[r.Streaming.PoolSize:1000]]
[2024.08.24-10.17.59:032][  0]LogConfig: Setting CVar [[r.Streaming.MaxEffectiveScreenSize:0]]
[2024.08.24-10.17.59:032][  0]LogConfig: Applying CVar settings from Section [EffectsQuality@3] File [C:/Users/nanim/GitHub/NewNewInsectHeaven/InsectHeaven/Saved/Config/Windows/Scalability.ini]
[2024.08.24-10.17.59:032][  0]LogConfig: Setting CVar [[r.TranslucencyLightingVolumeDim:64]]
[2024.08.24-10.17.59:032][  0]LogConfig: Setting CVar [[r.RefractionQuality:2]]
[2024.08.24-10.17.59:033][  0]LogConfig: Setting CVar [[r.SSR.Quality:3]]
[2024.08.24-10.17.59:033][  0]LogConfig: Setting CVar [[r.SSR.HalfResSceneColor:0]]
[2024.08.24-10.17.59:033][  0]LogConfig: Setting CVar [[r.SceneColorFormat:4]]
[2024.08.24-10.17.59:033][  0]LogConfig: Setting CVar [[r.DetailMode:2]]
[2024.08.24-10.17.59:033][  0]LogConfig: Setting CVar [[r.TranslucencyVolumeBlur:1]]
[2024.08.24-10.17.59:033][  0]LogConfig: Setting CVar [[r.MaterialQualityLevel:1 ; High quality]]
[2024.08.24-10.17.59:033][  0]LogConfig: Setting CVar [[r.AnisotropicMaterials:1]]
[2024.08.24-10.17.59:033][  0]LogConfig: Setting CVar [[r.SSS.Scale:1]]
[2024.08.24-10.17.59:033][  0]LogConfig: Setting CVar [[r.SSS.SampleSet:2]]
[2024.08.24-10.17.59:034][  0]LogConfig: Setting CVar [[r.SSS.Quality:1]]
[2024.08.24-10.17.59:034][  0]LogConfig: Setting CVar [[r.SSS.HalfRes:0]]
[2024.08.24-10.17.59:034][  0]LogConfig: Setting CVar [[r.SSGI.Quality:3]]
[2024.08.24-10.17.59:034][  0]LogConfig: Setting CVar [[r.EmitterSpawnRateScale:1.0]]
[2024.08.24-10.17.59:034][  0]LogConfig: Setting CVar [[r.ParticleLightQuality:2]]
[2024.08.24-10.17.59:034][  0]LogConfig: Setting CVar [[r.SkyAtmosphere.AerialPerspectiveLUT.FastApplyOnOpaque:1 ; Always have FastSkyLUT 1 in this case to avoid wrong sky]]
[2024.08.24-10.17.59:034][  0]LogConfig: Setting CVar [[r.SkyAtmosphere.AerialPerspectiveLUT.SampleCountMaxPerSlice:4]]
[2024.08.24-10.17.59:034][  0]LogConfig: Setting CVar [[r.SkyAtmosphere.AerialPerspectiveLUT.DepthResolution:16.0]]
[2024.08.24-10.17.59:035][  0]LogConfig: Setting CVar [[r.SkyAtmosphere.FastSkyLUT:1]]
[2024.08.24-10.17.59:035][  0]LogConfig: Setting CVar [[r.SkyAtmosphere.FastSkyLUT.SampleCountMin:4.0]]
[2024.08.24-10.17.59:035][  0]LogConfig: Setting CVar [[r.SkyAtmosphere.FastSkyLUT.SampleCountMax:128.0]]
[2024.08.24-10.17.59:035][  0]LogConfig: Setting CVar [[r.SkyAtmosphere.SampleCountMin:4.0]]
[2024.08.24-10.17.59:035][  0]LogConfig: Setting CVar [[r.SkyAtmosphere.SampleCountMax:128.0]]
[2024.08.24-10.17.59:035][  0]LogConfig: Setting CVar [[r.SkyAtmosphere.TransmittanceLUT.UseSmallFormat:0]]
[2024.08.24-10.17.59:035][  0]LogConfig: Setting CVar [[r.SkyAtmosphere.TransmittanceLUT.SampleCount:10.0]]
[2024.08.24-10.17.59:035][  0]LogConfig: Setting CVar [[r.SkyAtmosphere.MultiScatteringLUT.SampleCount:15.0]]
[2024.08.24-10.17.59:037][  0]LogConfig: Setting CVar [[r.SkyLight.RealTimeReflectionCapture:1]]
[2024.08.24-10.17.59:037][  0]LogConfig: Applying CVar settings from Section [FoliageQuality@3] File [C:/Users/nanim/GitHub/NewNewInsectHeaven/InsectHeaven/Saved/Config/Windows/Scalability.ini]
[2024.08.24-10.17.59:037][  0]LogConfig: Setting CVar [[foliage.DensityScale:1.0]]
[2024.08.24-10.17.59:037][  0]LogConfig: Setting CVar [[grass.DensityScale:1.0]]
[2024.08.24-10.17.59:037][  0]LogConfig: Applying CVar settings from Section [ShadingQuality@3] File [C:/Users/nanim/GitHub/NewNewInsectHeaven/InsectHeaven/Saved/Config/Windows/Scalability.ini]
[2024.08.24-10.17.59:037][  0]LogConfig: Setting CVar [[r.HairStrands.SkyLighting.IntegrationType:2]]
[2024.08.24-10.17.59:037][  0]LogConfig: Setting CVar [[r.HairStrands.SkyAO.SampleCount:4]]
[2024.08.24-10.17.59:037][  0]LogConfig: Setting CVar [[r.HairStrands.Visibility.MSAA.SamplePerPixel:4]]
[2024.08.24-10.17.59:037][  0]LogConfig: Applying CVar settings from Section [Startup] File [../../../Engine/Config/ConsoleVariables.ini]
[2024.08.24-10.17.59:038][  0]LogConfig: Setting CVar [[net.UseAdaptiveNetUpdateFrequency:0]]
[2024.08.24-10.17.59:038][  0]LogConfig: Setting CVar [[p.chaos.AllowCreatePhysxBodies:1]]
[2024.08.24-10.17.59:038][  0]LogConfig: Setting CVar [[fx.SkipVectorVMBackendOptimizations:1]]
[2024.08.24-10.17.59:038][  0]LogConfig: Applying CVar settings from Section [ConsoleVariables] File [C:/Users/nanim/GitHub/NewNewInsectHeaven/InsectHeaven/Saved/Config/Windows/Engine.ini]
[2024.08.24-10.17.59:038][  0]LogConfig: Applying CVar settings from Section [ConsoleVariables] File [C:/Users/nanim/GitHub/NewNewInsectHeaven/InsectHeaven/Saved/Config/Windows/Editor.ini]
[2024.08.24-10.17.59:039][  0]LogInit: Computer: DESKTOP-NS5ONMH
[2024.08.24-10.17.59:039][  0]LogInit: User: nanim
[2024.08.24-10.17.59:039][  0]LogInit: CPU Page size=4096, Cores=12
[2024.08.24-10.17.59:039][  0]LogInit: High frequency timer resolution =10.000000 MHz
[2024.08.24-10.17.59:039][  0]LogMemory: Memory total: Physical=31.2GB (32GB approx)
[2024.08.24-10.17.59:039][  0]LogMemory: Platform Memory Stats for Windows
[2024.08.24-10.17.59:039][  0]LogMemory: Process Physical Memory: 151.50 MB used, 151.50 MB peak
[2024.08.24-10.17.59:039][  0]LogMemory: Process Virtual Memory: 136.09 MB used, 136.09 MB peak
[2024.08.24-10.17.59:039][  0]LogMemory: Physical Memory: 16247.67 MB used,  15659.57 MB free, 31907.23 MB total
[2024.08.24-10.17.59:040][  0]LogMemory: Virtual Memory: 134175928.00 MB used,  41803.37 MB free, 134217728.00 MB total
[2024.08.24-10.17.59:052][  0]LogWindows: WindowsPlatformFeatures enabled
[2024.08.24-10.17.59:153][  0]LogInit: Physics initialised using underlying interface: PhysX
[2024.08.24-10.17.59:154][  0]LogInit: Using OS detected language (ko-KR).
[2024.08.24-10.17.59:154][  0]LogInit: Using OS detected locale (ko-KR).
[2024.08.24-10.17.59:159][  0]LogTextLocalizationManager: No specific localization for 'ko-KR' exists, so the 'ko' localization will be used.
[2024.08.24-10.17.59:226][  0]LogInit: Setting process to per monitor DPI aware
[2024.08.24-10.17.59:528][  0]LogWindowsTextInputMethodSystem: Display: IME system deactivated.
[2024.08.24-10.17.59:556][  0]LogSlate: New Slate User Created.  User Index 0, Is Virtual User: 0
[2024.08.24-10.17.59:557][  0]LogSlate: Slate User Registered.  User Index 0, Is Virtual User: 0
[2024.08.24-10.17.59:710][  0]LogD3D11RHI: Loaded GFSDK_Aftermath_Lib.x64.dll
[2024.08.24-10.17.59:718][  0]LogHMD: Failed to initialize OpenVR with code 110
[2024.08.24-10.17.59:718][  0]LogD3D11RHI: D3D11 min allowed feature level: 11_0
[2024.08.24-10.17.59:718][  0]LogD3D11RHI: D3D11 max allowed feature level: 11_0
[2024.08.24-10.17.59:718][  0]LogD3D11RHI: D3D11 adapters:
[2024.08.24-10.17.59:813][  0]LogD3D11RHI:    0. 'AMD Radeon RX 7900 XTX' (Feature Level 11_0)
[2024.08.24-10.17.59:813][  0]LogD3D11RHI:       24515/0/15953 MB DedicatedVideo/DedicatedSystem/SharedSystem, Outputs:2, VendorId:0x1002
[2024.08.24-10.17.59:872][  0]LogD3D11RHI:    1. 'AMD Radeon(TM) Graphics' (Feature Level 11_0)
[2024.08.24-10.17.59:872][  0]LogD3D11RHI:       485/0/15953 MB DedicatedVideo/DedicatedSystem/SharedSystem, Outputs:0, VendorId:0x1002
[2024.08.24-10.17.59:877][  0]LogD3D11RHI:    2. 'Microsoft Basic Render Driver' (Feature Level 11_0)
[2024.08.24-10.17.59:878][  0]LogD3D11RHI:       0/0/15953 MB DedicatedVideo/DedicatedSystem/SharedSystem, Outputs:0, VendorId:0x1414
[2024.08.24-10.17.59:878][  0]LogD3D11RHI: Chosen D3D11 Adapter:
[2024.08.24-10.17.59:878][  0]LogD3D11RHI:     Description : AMD Radeon RX 7900 XTX
[2024.08.24-10.17.59:878][  0]LogD3D11RHI:     VendorId    : 1002
[2024.08.24-10.17.59:878][  0]LogD3D11RHI:     DeviceId    : 744c
[2024.08.24-10.17.59:878][  0]LogD3D11RHI:     SubSysId    : e3b1002
[2024.08.24-10.17.59:878][  0]LogD3D11RHI:     Revision    : 00c8
[2024.08.24-10.17.59:878][  0]LogD3D11RHI:     DedicatedVideoMemory : 25706012672 bytes
[2024.08.24-10.17.59:878][  0]LogD3D11RHI:     DedicatedSystemMemory : 0 bytes
[2024.08.24-10.17.59:878][  0]LogD3D11RHI:     SharedSystemMemory : 16728580096 bytes
[2024.08.24-10.17.59:878][  0]LogD3D11RHI:     AdapterLuid : 0 70101
[2024.08.24-10.17.59:884][  0]LogD3D11RHI: Creating new Direct3DDevice
[2024.08.24-10.17.59:884][  0]LogD3D11RHI:     GPU DeviceId: 0x744c (for the marketing name, search the web for "GPU Device Id")
[2024.08.24-10.17.59:884][  0]LogWindows: EnumDisplayDevices:
[2024.08.24-10.17.59:884][  0]LogWindows:    0. 'AMD Radeon RX 7900 XTX' (P:1 D:1)
[2024.08.24-10.17.59:885][  0]LogWindows:    1. 'AMD Radeon RX 7900 XTX' (P:0 D:1)
[2024.08.24-10.17.59:885][  0]LogWindows:    2. 'AMD Radeon RX 7900 XTX' (P:0 D:0)
[2024.08.24-10.17.59:886][  0]LogWindows:    3. 'AMD Radeon RX 7900 XTX' (P:0 D:0)
[2024.08.24-10.17.59:887][  0]LogWindows:    4. 'AMD Radeon RX 7900 XTX' (P:0 D:0)
[2024.08.24-10.17.59:888][  0]LogWindows:    5. 'AMD Radeon(TM) Graphics' (P:0 D:0)
[2024.08.24-10.17.59:888][  0]LogWindows:    6. 'AMD Radeon(TM) Graphics' (P:0 D:0)
[2024.08.24-10.17.59:889][  0]LogWindows:    7. 'AMD Radeon(TM) Graphics' (P:0 D:0)
[2024.08.24-10.17.59:890][  0]LogWindows:    8. 'AMD Radeon(TM) Graphics' (P:0 D:0)
[2024.08.24-10.17.59:890][  0]LogWindows:    9. 'AMD Radeon(TM) Graphics' (P:0 D:0)
[2024.08.24-10.17.59:891][  0]LogWindows: DebugString: PrimaryIsNotTheChoosenAdapter PrimaryIsNotTheChoosenAdapter PrimaryIsNotTheChoosenAdapter PrimaryIsNotTheChoosenAdapter PrimaryIsNotTheChoosenAdapter FoundDriverCount:5 
[2024.08.24-10.17.59:892][  0]LogD3D11RHI:     Adapter Name: AMD Radeon RX 7900 XTX
[2024.08.24-10.17.59:892][  0]LogD3D11RHI:   Driver Version: AMD Software: Adrenalin Edition 23.8.1 (internal:31.0.21029.1006, unified:31.0.21029.1006)
[2024.08.24-10.17.59:892][  0]LogD3D11RHI:      Driver Date: 8-14-2023
[2024.08.24-10.17.59:892][  0]LogRHI: Texture pool is 16623 MB (70% of 23747 MB)
[2024.08.24-10.17.59:933][  0]LogD3D11RHI: Creating D3DDevice with AMD AGS, using adapter:
[2024.08.24-10.17.59:933][  0]LogD3D11RHI:     Description : AMD Radeon RX 7900 XTX
[2024.08.24-10.17.59:933][  0]LogD3D11RHI:     VendorId    : 1002
[2024.08.24-10.17.59:933][  0]LogD3D11RHI:     DeviceId    : 744c
[2024.08.24-10.17.59:933][  0]LogD3D11RHI:     SubSysId    : e3b1002
[2024.08.24-10.17.59:933][  0]LogD3D11RHI:     Revision    : 00c8
[2024.08.24-10.17.59:933][  0]LogD3D11RHI:     DedicatedVideoMemory : 25706012672 bytes
[2024.08.24-10.17.59:933][  0]LogD3D11RHI:     DedicatedSystemMemory : 0 bytes
[2024.08.24-10.17.59:933][  0]LogD3D11RHI:     SharedSystemMemory : 16728580096 bytes
[2024.08.24-10.17.59:933][  0]LogD3D11RHI:     AdapterLuid : 0 70101
[2024.08.24-10.18.00:000][  0]LogD3D11RHI: Created device via AGS, feature level 11_0, supported extensions 1fffffbf.
[2024.08.24-10.18.00:000][  0]LogD3D11RHI: RHI has support for 64 bit atomics
[2024.08.24-10.18.00:000][  0]LogD3D11RHI: Async texture creation enabled
[2024.08.24-10.18.00:000][  0]LogD3D11RHI: Array index from any shader is supported
[2024.08.24-10.18.00:011][  0]LogD3D11RHI: GPU Timing Frequency: 100.000000 (Debug: 2 1)
[2024.08.24-10.18.00:255][  0]LogTargetPlatformManager: Display: Loaded TargetPlatform 'AllDesktop'
[2024.08.24-10.18.00:274][  0]LogTargetPlatformManager: Display: Loaded TargetPlatform 'Android'
[2024.08.24-10.18.00:274][  0]LogTargetPlatformManager: Display: Loaded TargetPlatform 'Android_ASTC'
[2024.08.24-10.18.00:274][  0]LogTargetPlatformManager: Display: Loaded TargetPlatform 'Android_DXT'
[2024.08.24-10.18.00:275][  0]LogTargetPlatformManager: Display: Loaded TargetPlatform 'Android_ETC2'
[2024.08.24-10.18.00:275][  0]LogTargetPlatformManager: Display: Loaded TargetPlatform 'AndroidClient'
[2024.08.24-10.18.00:275][  0]LogTargetPlatformManager: Display: Loaded TargetPlatform 'Android_ASTCClient'
[2024.08.24-10.18.00:275][  0]LogTargetPlatformManager: Display: Loaded TargetPlatform 'Android_DXTClient'
[2024.08.24-10.18.00:275][  0]LogTargetPlatformManager: Display: Loaded TargetPlatform 'Android_ETC2Client'
[2024.08.24-10.18.00:275][  0]LogTargetPlatformManager: Display: Loaded TargetPlatform 'Android_Multi'
[2024.08.24-10.18.00:275][  0]LogTargetPlatformManager: Display: Loaded TargetPlatform 'Android_MultiClient'
[2024.08.24-10.18.00:303][  0]LogTargetPlatformManager: Display: Loaded TargetPlatform 'IOSClient'
[2024.08.24-10.18.00:304][  0]LogTargetPlatformManager: Display: Loaded TargetPlatform 'IOS'
[2024.08.24-10.18.00:316][  0]LogTargetPlatformManager: Display: Loaded TargetPlatform 'Linux'
[2024.08.24-10.18.00:460][  0]LogTargetPlatformManager: Display: Loaded TargetPlatform 'LinuxNoEditor'
[2024.08.24-10.18.00:469][  0]LogTargetPlatformManager: Display: Loaded TargetPlatform 'LinuxClient'
[2024.08.24-10.18.00:478][  0]LogTargetPlatformManager: Display: Loaded TargetPlatform 'LinuxServer'
[2024.08.24-10.18.00:489][  0]LogTargetPlatformManager: Display: Loaded TargetPlatform 'LinuxAArch64NoEditor'
[2024.08.24-10.18.00:498][  0]LogTargetPlatformManager: Display: Loaded TargetPlatform 'LinuxAArch64Client'
[2024.08.24-10.18.00:505][  0]LogTargetPlatformManager: Display: Loaded TargetPlatform 'LinuxAArch64Server'
[2024.08.24-10.18.00:526][  0]LogTargetPlatformManager: Display: Loaded TargetPlatform 'Lumin'
[2024.08.24-10.18.00:526][  0]LogTargetPlatformManager: Display: Loaded TargetPlatform 'LuminClient'
[2024.08.24-10.18.00:537][  0]LogTargetPlatformManager: Display: Loaded TargetPlatform 'MacNoEditor'
[2024.08.24-10.18.00:545][  0]LogTargetPlatformManager: Display: Loaded TargetPlatform 'Mac'
[2024.08.24-10.18.00:553][  0]LogTargetPlatformManager: Display: Loaded TargetPlatform 'MacClient'
[2024.08.24-10.18.00:561][  0]LogTargetPlatformManager: Display: Loaded TargetPlatform 'MacServer'
[2024.08.24-10.18.00:572][  0]LogTargetPlatformManager: Display: Loaded TargetPlatform 'TVOSClient'
[2024.08.24-10.18.00:572][  0]LogTargetPlatformManager: Display: Loaded TargetPlatform 'TVOS'
[2024.08.24-10.18.00:584][  0]LogTargetPlatformManager: Display: Loaded TargetPlatform 'WindowsNoEditor'
[2024.08.24-10.18.00:592][  0]LogTargetPlatformManager: Display: Loaded TargetPlatform 'Windows'
[2024.08.24-10.18.00:600][  0]LogTargetPlatformManager: Display: Loaded TargetPlatform 'WindowsClient'
[2024.08.24-10.18.00:608][  0]LogTargetPlatformManager: Display: Loaded TargetPlatform 'WindowsServer'
[2024.08.24-10.18.00:608][  0]LogTargetPlatformManager: Display: Building Assets For Windows
[2024.08.24-10.18.00:637][  0]LogAudioDebug: Display: Lib vorbis DLL was dynamically loaded.
[2024.08.24-10.18.00:795][  0]LogTextureFormatOodle: Display: Oodle Texture 2.9.0 init RDO Off
[2024.08.24-10.18.01:272][  0]LogRendererCore: Ray tracing is disabled. Reason: r.RayTracing=0.
[2024.08.24-10.18.01:273][  0]LogShaderCompilers: Guid format shader working directory is -20 characters bigger than the processId version (../../../../../Users/nanim/GitHub/NewNewInsectHeaven/InsectHeaven/Intermediate/Shaders/WorkingDirectory/15624/).
[2024.08.24-10.18.01:273][  0]LogShaderCompilers: Cleaned the shader compiler working directory 'C:/Users/nanim/AppData/Local/Temp/UnrealShaderWorkingDir/C596538A48E02C6F116E67B3B3BD1943/'.
[2024.08.24-10.18.01:273][  0]LogXGEController: Cannot use XGE Controller as Incredibuild is not installed on this machine.
[2024.08.24-10.18.01:273][  0]LogShaderCompilers: Cannot use XGE Shader Compiler as Incredibuild is not installed on this machine.
[2024.08.24-10.18.01:273][  0]LogShaderCompilers: Display: Using Local Shader Compiler.
[2024.08.24-10.18.01:720][  0]LogDerivedDataCache: Display: Max Cache Size: 512 MB
[2024.08.24-10.18.01:752][  0]LogDerivedDataCache: Loaded boot cache 0.03s 94MB C:/Users/nanim/AppData/Local/UnrealEngine/4.27/DerivedDataCache/Boot.ddc.
[2024.08.24-10.18.01:752][  0]LogDerivedDataCache: Display: Loaded Boot cache: C:/Users/nanim/AppData/Local/UnrealEngine/4.27/DerivedDataCache/Boot.ddc
[2024.08.24-10.18.01:753][  0]LogDerivedDataCache: FDerivedDataBackendGraph:  Pak pak cache file ../../../../../Users/nanim/GitHub/NewNewInsectHeaven/InsectHeaven/DerivedDataCache/DDC.ddp not found, will not use a pak cache.
[2024.08.24-10.18.01:753][  0]LogDerivedDataCache: Unable to find inner node Pak for hierarchical cache Hierarchy.
[2024.08.24-10.18.01:753][  0]LogDerivedDataCache: FDerivedDataBackendGraph:  CompressedPak pak cache file ../../../../../Users/nanim/GitHub/NewNewInsectHeaven/InsectHeaven/DerivedDataCache/Compressed.ddp not found, will not use a pak cache.
[2024.08.24-10.18.01:753][  0]LogDerivedDataCache: Unable to find inner node CompressedPak for hierarchical cache Hierarchy.
[2024.08.24-10.18.01:764][  0]LogDerivedDataCache: Display: Pak cache opened for reading ../../../Engine/DerivedDataCache/Compressed.ddp.
[2024.08.24-10.18.01:765][  0]LogDerivedDataCache: FDerivedDataBackendGraph:  EnterprisePak pak cache file ../../../Enterprise/DerivedDataCache/Compressed.ddp not found, will not use a pak cache.
[2024.08.24-10.18.01:765][  0]LogDerivedDataCache: Unable to find inner node EnterprisePak for hierarchical cache Hierarchy.
[2024.08.24-10.18.02:225][  0]LogDerivedDataCache: Speed tests for C:/Users/nanim/AppData/Local/UnrealEngine/Common/DerivedDataCache took 0.46 seconds
[2024.08.24-10.18.02:225][  0]LogDerivedDataCache: Display: Performance to C:/Users/nanim/AppData/Local/UnrealEngine/Common/DerivedDataCache: Latency=0.04ms. RandomReadSpeed=758.74MBs, RandomWriteSpeed=2.03MBs. Assigned SpeedClass 'Local'
[2024.08.24-10.18.02:226][  0]LogDerivedDataCache: Using Local data cache path C:/Users/nanim/AppData/Local/UnrealEngine/Common/DerivedDataCache: Writable
[2024.08.24-10.18.02:226][  0]LogDerivedDataCache: Shared data cache path not found in *engine.ini, will not use an Shared cache.
[2024.08.24-10.18.02:226][  0]LogDerivedDataCache: Unable to find inner node Shared for hierarchical cache Hierarchy.
[2024.08.24-10.18.02:251][  0]LogSlate: Using FreeType 2.10.0
[2024.08.24-10.18.02:252][  0]LogSlate: SlateFontServices - WITH_FREETYPE: 1, WITH_HARFBUZZ: 1
[2024.08.24-10.18.02:272][  0]LogAssetRegistry: FAssetRegistry took 0.0023 seconds to start up
[2024.08.24-10.18.02:412][  0]LogInit: Selected Device Profile: [Windows]
[2024.08.24-10.18.02:412][  0]LogInit: Active device profile: [00000219C0538700][00000219B725CF80 49] Windows
[2024.08.24-10.18.02:412][  0]LogInit: Profiles: [00000219C0538700][00000219B725CF80 49] Windows, [00000219C04E7700][00000219B7265100 49] WindowsNoEditor, [00000219C053B300][00000219B7269280 49] WindowsServer, [00000219C04E4F00][00000219B726D400 49] WindowsClient, [00000219C053B500][00000219B7271580 49] IOS, [00000219C0517F00][00000219BE43D700 49] iPadAir, [00000219C04E7B00][00000219BE441880 49] iPadAir2, [00000219C048C500][00000219BE449B40 49] IPadPro, [00000219C048C600][00000219BE445B80 49] iPadAir3, [00000219C0514100][00000219BE44C180 49] iPadAir4, [00000219C048EC00][00000219BE450300 49] iPadMini2, [00000219C0516500][00000219BE454480 49] iPadMini3, [00000219C048F400][00000219BE458600 49] iPadMini4, [00000219C0514F00][00000219B7260740 49] iPadMini5, [00000219C048BE00][00000219BE460980 49] iPhone6, [00000219C048BF00][00000219BE45C9C0 49] iPodTouch6, [00000219C053B900][00000219BE46CC40 49] iPhone7, [00000219C053A100][00000219BE464C80 49] iPodTouch7, [00000219C0488400][00000219BE470E00 49] iPhone5S, [00000219C048FD00][00000219BE474F80 49] iPhone6Plus, [00000219C053B400][00000219BE479100 49] iPhone6S, [00000219C048E000][00000219BE47D280 49] iPhone6SPlus, [00000219C0538900][00000219BE481400 49] iPhone7Plus, [00000219C048CE00][00000219BE485580 49] iPhoneSE, [00000219C053B100][00000219BE489700 49] iPhone8, [00000219C048E400][00000219BE48D880 49] iPhone8Plus, [00000219C053BA00][00000219BE491A00 49] iPhoneX, [00000219C048FE00][00000219BE495B80 49] iPhoneXS, [00000219C0539500][00000219BE498180 49] iPhoneXSMax, [00000219C048E500][00000219BE49C300 49] iPhoneXR, [00000219C053AA00][00000219BE4A0480 49] iPhone11, [00000219C048FA00][00000219BE4A4600 49] iPhone11Pro, [00000219C0538F00][00000219BE4A8780 49] iPhone11ProMax, [00000219C048E300][00000219BE4AC900 49] iPhoneSE2, [00000219C0539700][00000219BE468A40 49] iPhone12Mini, [00000219C048C700][00000219BE4B0B80 49] iPhone12, [00000219C0538300][00000219BE4B4CC0 49] iPhone12Pro, [00000219C048F500][00000219BE4BCE40 49] iPhone12ProMax, [00000219C0538B00][00000219BE4C0FC0 49] iPadPro105, [00000219C048DB00][00000219BE4C5140 49] iPadPro129, [00000219C0538200][00000219BE4C92C0 49] iPadPro97, [00000219C048E100][00000219BE4CD440 49] iPadPro2_129, [00000219C0538D00][00000219BE4D15C0 49] iPad5, [00000219C048F000][00000219BE4D5740 49] iPad6, [00000219C053AC00][00000219BE4D98C0 49] iPad7, [00000219C048EE00][00000219BE4DDA40 49] iPad8, [00000219C0539900][00000219BE4E1BC0 49] iPadPro11, [00000219C048FF00][00000219BE4E41C0 49] iPadPro2_11, [00000219C0539600][00000219BE520340 49] iPadPro3_129, [00000219C048E700][00000219BE5244C0 49] iPadPro4_129, [00000219C053A600][00000219BE570640 49] AppleTV, [00000219C048EB00][00000219BE5747C0 49] AppleTV4K, [00000219C0539B00][00000219BE578940 49] TVOS, [00000219C048C900][00000219BE57CAC0 49] Mac, [00000219C053A700][00000219BE4B8C00 49] MacClient, [00000219C048EF00][00000219BE588D40 49] MacNoEditor, [00000219C053BB00][00000219B9178E80 49] MacServer, [00000219C048C400][00000219B91D0FC0 49] Linux, [00000219C053AE00][00000219B91D9140 49] LinuxAArch64, [00000219C048D500][00000219B91DD2C0 49] LinuxNoEditor, [00000219C053AB00][00000219B91E1440 49] LinuxAArch64NoEditor, [00000219C048F600][00000219B91E95C0 49] LinuxClient, [00000219C053AD00][00000219B91F5740 49] LinuxAArch64Client, [00000219C048CB00][00000219BE4E98C0 49] LinuxServer, [00000219C0538400][00000219BE4EDA40 49] LinuxAArch64Server, [00000219C048FC00][00000219BE4F1BC0 49] Android, [00000219C0517A00][00000219BE4F41C0 49] Android_Low, [00000219C0489B00][00000219BE4F8340 49] Android_Mid, [00000219C0517000][00000219BE4FC4C0 49] Android_High, [00000219C048A300][00000219BE500640 49] Android_Default, [00000219C0516000][00000219BE5047C0 49] Android_Adreno4xx, [00000219C0488100][00000219BE508940 49] Android_Adreno5xx_Low, [00000219C0514B00][00000219BE50CAC0 49] Android_Adreno5xx, [00000219C0489800][00000219BE510C40 49] Android_Adreno6xx, [00000219C0515100][00000219B91D4D80 49] Android_Adreno6xx_Vulkan, [00000219C0488800][00000219BE514EC0 49] Android_Mali_T6xx, [00000219C0517600][00000219BE519000 49] Android_Mali_T7xx, [00000219C0488D00][00000219BE51D140 49] Android_Mali_T8xx, [00000219C0517C00][00000219BE52D2C0 49] Android_Mali_G71, [00000219C0489500][00000219BE531440 49] Android_Mali_G72, [00000219C0517E00][00000219BE5355C0 49] Android_Mali_G72_Vulkan, [00000219C048BD00][00000219BE539740 49] Android_Mali_G76, [00000219C0517900][00000219BE53D8C0 49] Android_Mali_G76_Vulkan, [00000219C048B600][00000219BE541A40 49] Android_Mali_G77, [00000219C0516200][00000219BE545BC0 49] Android_Mali_G77_Vulkan, [00000219C048B800][00000219BE5481C0 49] Android_Mali_G78, [00000219C0514A00][00000219BE54C340 49] Android_Mali_G78_Vulkan, [00000219C048B400][00000219BE5504C0 49] Android_Mali_G710, [00000219C0515400][00000219BE554640 49] Android_Mali_G710_Vulkan, [00000219C0488600][00000219BE5587C0 49] Android_Vulkan_SM5, [00000219C0516400][00000219BE55C940 49] Android_PowerVR_G6xxx, [00000219C0488E00][00000219BE560AC0 49] Android_PowerVR_GT7xxx, [00000219C0514200][00000219BE564C40 49] Android_PowerVR_GE8xxx, [00000219C0488700][00000219BE568DC0 49] Android_PowerVR_GM9xxx, [00000219C0516100][00000219BE56CF40 49] Android_PowerVR_GM9xxx_Vulkan, [00000219C048E600][00000219BE529080 49] Android_TegraK1, [00000219C0516A00][00000219B7AA11C0 49] Android_Unknown_Vulkan, [00000219C048D400][00000219B7AA5300 49] Lumin, [00000219C0515300][00000219B7AAD480 49] Lumin_Desktop, [00000219C048CC00][00000219B7AB1600 49] HoloLens, 
[2024.08.24-10.18.02:773][  0]LogMeshReduction: Using QuadricMeshReduction for automatic static mesh reduction
[2024.08.24-10.18.02:774][  0]LogMeshReduction: Using SimplygonMeshReduction for automatic skeletal mesh reduction
[2024.08.24-10.18.02:774][  0]LogMeshReduction: Using ProxyLODMeshReduction for automatic mesh merging
[2024.08.24-10.18.02:774][  0]LogMeshReduction: No distributed automatic mesh merging module available
[2024.08.24-10.18.02:774][  0]LogMeshMerging: No distributed automatic mesh merging module available
[2024.08.24-10.18.02:791][  0]LogNetVersion: InsectHeaven 1.0.0, NetCL: 17155196, EngineNetVer: 17, GameNetVer: 0 (Checksum: 3375795940)
[2024.08.24-10.18.03:027][  0]LogTexture: Default maximum texture size for cubemaps generated from long-lat sources has been changed from 512 to unlimited. In order to preserve old behaiour for '/Engine/MapTemplates/Sky/DaylightAmbientCubemap.DaylightAmbientCubemap', its maximum texture size has been explicitly set to 512.
[2024.08.24-10.18.03:057][  0]LogHMD: PokeAHoleMaterial loaded successfully
[2024.08.24-10.18.03:061][  0]LogUObjectArray: 17178 objects as part of root set at end of initial load.
[2024.08.24-10.18.03:061][  0]LogUObjectAllocator: 4302048 out of 0 bytes used by permanent object pool.
[2024.08.24-10.18.03:061][  0]LogUObjectArray: CloseDisregardForGC: 0/0 objects in disregard for GC pool
[2024.08.24-10.18.03:904][  0]LogPython: Using Python 3.7.7
[2024.08.24-10.18.04:431][  0]LogNiagaraDebuggerClient: Niagara Debugger Client Initialized | Session: C5405647470657C83FE379BCAA5B088B | Instance: 659D848B4F1832D3B67FBCAA7A65A16C (DESKTOP-NS5ONMH-15624).
[2024.08.24-10.18.04:878][  0]LogUdpMessaging: Initializing bridge on interface 0.0.0.0:0 to multicast group 230.0.0.1:6666.
[2024.08.24-10.18.04:890][  0]LogTcpMessaging: Initializing TcpMessaging bridge
[2024.08.24-10.18.05:417][  0]SourceControl: 소스 컨트롤이 꺼졌습니다.
[2024.08.24-10.18.05:418][  0]SourceControl: 소스 컨트롤이 꺼졌습니다.
[2024.08.24-10.18.05:426][  0]SourceControl: 소스 컨트롤이 꺼졌습니다.
[2024.08.24-10.18.05:434][  0]SourceControl: 소스 컨트롤이 꺼졌습니다.
[2024.08.24-10.18.05:461][  0]SourceControl: 소스 컨트롤이 꺼졌습니다.
[2024.08.24-10.18.05:548][  0]LogUProjectInfo: Found projects:
[2024.08.24-10.18.05:991][  0]LogOpenImageDenoise: OIDN starting up
[2024.08.24-10.18.06:136][  0]LogAndroidPermission: UAndroidPermissionCallbackProxy::GetInstance
[2024.08.24-10.18.06:189][  0]LogAudioCaptureCore: Display: No Audio Capture implementations found. Audio input will be silent.
[2024.08.24-10.18.06:190][  0]LogAudioCaptureCore: Display: No Audio Capture implementations found. Audio input will be silent.
[2024.08.24-10.18.06:610][  0]LogCollectionManager: Loaded 0 collections in 0.001315 seconds
[2024.08.24-10.18.06:664][  0]LogFileCache: Scanning file cache for directory 'C:/Users/nanim/GitHub/NewNewInsectHeaven/InsectHeaven/Saved/Collections/' took 0.00s
[2024.08.24-10.18.06:665][  0]LogFileCache: Scanning file cache for directory 'C:/Users/nanim/GitHub/NewNewInsectHeaven/InsectHeaven/Content/Developers/nanim/Collections/' took 0.00s
[2024.08.24-10.18.06:665][  0]LogFileCache: Scanning file cache for directory 'C:/Users/nanim/GitHub/NewNewInsectHeaven/InsectHeaven/Content/Collections/' took 0.00s
[2024.08.24-10.18.06:665][  0]LogOcInput: OculusInput pre-init called
[2024.08.24-10.18.06:870][  0]LogClass: Display: IntProperty FCharacter_2D::Name is not initialized properly. Module:InsectHeaven File:Table/DataStruct/Character_2D.h
[2024.08.24-10.18.06:870][  0]LogClass: Display: IntProperty FCharacter_2D::ImageID is not initialized properly. Module:InsectHeaven File:Table/DataStruct/Character_2D.h
[2024.08.24-10.18.06:870][  0]LogClass: Warning: ObjectProperty FDialogueClip::formerAction is not initialized properly. Module:InsectHeaven File:Library/Dialogue/DialogueEditToolWidget.h
[2024.08.24-10.18.06:870][  0]LogClass: Warning: ObjectProperty FDialogueClip::nowAction is not initialized properly. Module:InsectHeaven File:Library/Dialogue/DialogueEditToolWidget.h
[2024.08.24-10.18.06:870][  0]LogClass: Display: IntProperty FResource_Widget::PathFile is not initialized properly. Module:InsectHeaven File:Table/DataStruct/Resource_Widget.h
[2024.08.24-10.18.06:870][  0]LogClass: Display: IntProperty FScript_Local::Test is not initialized properly. Module:InsectHeaven File:Table/DataStruct/Script_Local.h
[2024.08.24-10.18.06:871][  0]LogClass: Display: 6 Uninitialized script struct members found including 2 object properties
[2024.08.24-10.18.06:871][  0]LogAutomationTest: Warning: ObjectProperty FDialogueClip::formerAction is not initialized properly. Module:InsectHeaven File:Library/Dialogue/DialogueEditToolWidget.h
[2024.08.24-10.18.06:871][  0]LogAutomationTest: Warning: ObjectProperty FDialogueClip::nowAction is not initialized properly. Module:InsectHeaven File:Library/Dialogue/DialogueEditToolWidget.h
[2024.08.24-10.18.06:872][  0]LogEngine: Initializing Engine...
[2024.08.24-10.18.06:880][  0]LogHMD: Failed to enumerate extensions. Please check that you have a valid OpenXR runtime installed.
[2024.08.24-10.18.06:881][  0]LogHMD: Failed to initialize OpenVR with code 110
[2024.08.24-10.18.06:881][  0]LogMagicLeap: Warning: VR disabled because ZI is not enabled.  To enable, in the editor, Edit -> Project Settings -> Plugins -> Magic Leap Plugin -> Enable Zero Iteration
[2024.08.24-10.18.06:881][  0]LogStats: UGameplayTagsManager::InitializeManager -  0.000 s
[2024.08.24-10.18.06:952][  0]LogInit: Initializing FReadOnlyCVARCache
[2024.08.24-10.18.06:966][  0]LogAIModule: Creating AISystem for world Untitled
[2024.08.24-10.18.06:966][  0]LogAudio: Display: Initializing Audio Device Manager...
[2024.08.24-10.18.06:975][  0]LogAudio: Display: Loading Default Audio Settings Objects...
[2024.08.24-10.18.07:188][  0]LogAudio: Display: No default SoundConcurrencyObject specified (or failed to load).
[2024.08.24-10.18.07:189][  0]LogAudio: Display: Audio Device Manager Initialized
[2024.08.24-10.18.07:189][  0]LogAudio: Display: Creating Audio Device:                 Id: 1, Scope: Shared, Realtime: True
[2024.08.24-10.18.07:189][  0]LogAudioMixer: Display: Audio Mixer Platform Settings:
[2024.08.24-10.18.07:189][  0]LogAudioMixer: Display: 	Sample Rate:						  48000
[2024.08.24-10.18.07:189][  0]LogAudioMixer: Display: 	Callback Buffer Frame Size Requested: 1024
[2024.08.24-10.18.07:189][  0]LogAudioMixer: Display: 	Callback Buffer Frame Size To Use:	  1024
[2024.08.24-10.18.07:190][  0]LogAudioMixer: Display: 	Number of buffers to queue:			  2
[2024.08.24-10.18.07:190][  0]LogAudioMixer: Display: 	Max Channels (voices):				  32
[2024.08.24-10.18.07:190][  0]LogAudioMixer: Display: 	Number of Async Source Workers:		  0
[2024.08.24-10.18.07:190][  0]LogAudio: Display: AudioDevice MaxSources: 32
[2024.08.24-10.18.07:190][  0]LogAudio: Display: Audio Spatialization Plugin: None (built-in).
[2024.08.24-10.18.07:190][  0]LogAudio: Display: Audio Reverb Plugin: None (built-in).
[2024.08.24-10.18.07:191][  0]LogAudio: Display: Audio Occlusion Plugin: None (built-in).
[2024.08.24-10.18.07:191][  0]LogAudioMixer: Display: Initializing audio mixer.
[2024.08.24-10.18.07:233][  0]LogAudioMixer: Display: 0: FrontLeft
[2024.08.24-10.18.07:233][  0]LogAudioMixer: Display: 1: FrontRight
[2024.08.24-10.18.07:276][  0]LogAudioMixer: Display: Using Audio Device 스피커(ABKO N550)
[2024.08.24-10.18.07:278][  0]LogAudioMixer: Display: Initializing Sound Submixes...
[2024.08.24-10.18.07:280][  0]LogAudioMixer: Display: Creating Master Submix 'MasterSubmixDefault'
[2024.08.24-10.18.07:280][  0]LogAudioMixer: Display: Creating Master Submix 'MasterReverbSubmixDefault'
[2024.08.24-10.18.07:281][  0]LogAudioMixer: Display: Creating Master Submix 'MasterEQSubmixDefault'
[2024.08.24-10.18.07:281][  0]LogAudioMixer: FMixerPlatformXAudio2::StartAudioStream() called
[2024.08.24-10.18.07:281][  0]LogAudioMixer: Display: Output buffers initialized: Frames=1024, Channels=2, Samples=2048
[2024.08.24-10.18.07:282][  0]LogAudioMixer: Display: Starting AudioMixerPlatformInterface::RunInternal()
[2024.08.24-10.18.07:282][  0]LogAudioMixer: Display: FMixerPlatformXAudio2::SubmitBuffer() called for the first time
[2024.08.24-10.18.07:282][  0]LogInit: FAudioDevice initialized.
[2024.08.24-10.18.07:282][  0]LogAudio: Display: Audio Device (ID: 1) registered with world 'Untitled'.
[2024.08.24-10.18.07:282][  0]LogNetVersion: Set ProjectVersion to 1.0.0.0. Version Checksum will be recalculated on next use.
[2024.08.24-10.18.08:425][  0]LogDerivedDataCache: Saved boot cache 1.14s 94MB C:/Users/nanim/AppData/Local/UnrealEngine/4.27/DerivedDataCache/Boot.ddc.
[2024.08.24-10.18.08:426][  0]LogInit: Texture streaming: Enabled
[2024.08.24-10.18.08:456][  0]LogAnalytics: Display: [UEEditor.Rocket.Release] APIServer = https://datarouter.ol.epicgames.com/. AppVersion = 4.27.2-18319896+++UE4+Release-4.27
[2024.08.24-10.18.08:465][  0]LogEngineSessionManager: EngineSessionManager initialized
[2024.08.24-10.18.08:465][  0]LogEditorSessionSummary: Verbose: Initializing EditorSessionSummaryWriter for editor session tracking
[2024.08.24-10.18.08:469][  0]LogEditorSessionSummary: EditorSessionSummaryWriter initialized
[2024.08.24-10.18.08:497][  0]LogInit: Transaction tracking system initialized
[2024.08.24-10.18.08:547][  0]BlueprintLog: New page: 에디터 로드
[2024.08.24-10.18.08:681][  0]LocalizationService: 현지화 서비스가 비활성화되었습니다.
[2024.08.24-10.18.08:740][  0]TimingProfiler: Initialize
[2024.08.24-10.18.08:741][  0]TimingProfiler: OnSessionChanged
[2024.08.24-10.18.08:741][  0]LoadingProfiler: Initialize
[2024.08.24-10.18.08:741][  0]LoadingProfiler: OnSessionChanged
[2024.08.24-10.18.08:741][  0]NetworkingProfiler: Initialize
[2024.08.24-10.18.08:741][  0]NetworkingProfiler: OnSessionChanged
[2024.08.24-10.18.08:741][  0]MemoryProfiler: Initialize
[2024.08.24-10.18.08:741][  0]MemoryProfiler: OnSessionChanged
[2024.08.24-10.18.09:206][  0]LogCook: Display: CookSettings for Memory: MemoryMaxUsedVirtual 0MiB, MemoryMaxUsedPhysical 16384MiB, MemoryMinFreeVirtual 0MiB, MemoryMinFreePhysical 1024MiB
[2024.08.24-10.18.09:206][  0]LogCook: Display: Mobile HDR setting 1
[2024.08.24-10.18.09:561][  0]LogFileCache: Scanning file cache for directory 'C:/Users/nanim/GitHub/NewNewInsectHeaven/InsectHeaven/Content/' took 0.01s
[2024.08.24-10.18.09:745][  0]LogInit: Display: Engine is initialized. Leaving FEngineLoop::Init()
[2024.08.24-10.18.09:749][  0]SourceControl: 소스 컨트롤이 꺼졌습니다.
[2024.08.24-10.18.09:749][  0]LogUnrealEdMisc: Loading editor; pre map load, took 12.833
[2024.08.24-10.18.09:750][  0]Cmd: MAP LOAD FILE="../../../../../Users/nanim/GitHub/NewNewInsectHeaven/InsectHeaven/Content/Scene/EmptyMainLevel.umap" TEMPLATE=0 SHOWPROGRESS=1 FEATURELEVEL=3
[2024.08.24-10.18.09:750][  0]LightingResults: New page: 라이팅 빌드
[2024.08.24-10.18.09:751][  0]LogWorld: UWorld::CleanupWorld for Untitled, bSessionEnded=true, bCleanupResources=true
[2024.08.24-10.18.09:751][  0]LogSlate: InvalidateAllWidgets triggered.  All widgets were invalidated
[2024.08.24-10.18.09:751][  0]MapCheck: New page: 맵 체크
[2024.08.24-10.18.09:752][  0]LightingResults: New page: 라이팅 빌드
[2024.08.24-10.18.09:758][  0]LogAudio: Display: Audio Device unregistered from world 'None'.
[2024.08.24-10.18.09:760][  0]LogUObjectHash: Compacting FUObjectHashTables data took   0.47ms
[2024.08.24-10.18.09:763][  0]LogAudio: Display: Audio Device (ID: 1) registered with world 'EmptyMainLevel'.
[2024.08.24-10.18.09:764][  0]LogAIModule: Creating AISystem for world EmptyMainLevel
[2024.08.24-10.18.09:764][  0]LogEditorServer: Finished looking for orphan Actors (0.000 secs)
[2024.08.24-10.18.09:768][  0]LogUObjectHash: Compacting FUObjectHashTables data took   0.34ms
[2024.08.24-10.18.09:768][  0]Cmd: MAP CHECKDEP NOCLEARLOG
[2024.08.24-10.18.09:769][  0]MapCheck: 맵 체크 완료: 오류 0 회, 경고 0 회, 소요 시간 0.189ms.
[2024.08.24-10.18.09:769][  0]LogFileHelpers: Loading map 'EmptyMainLevel' took 0.019
[2024.08.24-10.18.09:773][  0]LogUnrealEdMisc: Total Editor Startup Time, took 12.857
[2024.08.24-10.18.09:903][  0]LogSlate: Updating window title bar state: overlay mode, drag disabled, window buttons hidden, title bar hidden
[2024.08.24-10.18.09:906][  0]LogSlate: Updating window title bar state: overlay mode, drag disabled, window buttons hidden, title bar hidden
[2024.08.24-10.18.09:909][  0]LogSlate: Updating window title bar state: overlay mode, drag disabled, window buttons hidden, title bar hidden
[2024.08.24-10.18.09:912][  0]LogSlate: Updating window title bar state: overlay mode, drag disabled, window buttons hidden, title bar hidden
[2024.08.24-10.18.09:924][  0]LogNativeClassHierarchy: Verbose: Native class hierarchy populated in 0.0067 seconds. Added 3870 classes and 945 folders.
[2024.08.24-10.18.09:925][  0]LogNativeClassHierarchy: Verbose: Native class hierarchy updated for 'WidgetCarousel' in 0.0002 seconds. Added 0 classes and 0 folders.
[2024.08.24-10.18.09:927][  0]LogPakFile: PakFile PrimaryIndexSize=187
[2024.08.24-10.18.09:927][  0]LogPakFile: PakFile PathHashIndexSize=101
[2024.08.24-10.18.09:927][  0]LogPakFile: PakFile FullDirectoryIndexSize=148
[2024.08.24-10.18.09:927][  0]LogShaderLibrary: Display: ShaderCodeLibraryPakFileMountedCallback: PakFile 'C:/Program Files/UE_4.27/FeaturePacks/FP_FirstPerson.upack' (chunk index -1, root 'root:/') mounted
[2024.08.24-10.18.09:927][  0]LogShaderLibrary: Display: ShaderCodeLibraryPakFileMountedCallback: pending pak file info (ChunkID:-1 Root:root:/ File:C:/Program Files/UE_4.27/FeaturePacks/FP_FirstPerson.upack)
[2024.08.24-10.18.09:928][  0]LogPakFile: OnPakFileMounted2Time == 0.000339
[2024.08.24-10.18.09:929][  0]LogPakFile: PakFile PrimaryIndexSize=189
[2024.08.24-10.18.09:929][  0]LogPakFile: PakFile PathHashIndexSize=101
[2024.08.24-10.18.09:929][  0]LogPakFile: PakFile FullDirectoryIndexSize=152
[2024.08.24-10.18.09:929][  0]LogShaderLibrary: Display: ShaderCodeLibraryPakFileMountedCallback: PakFile 'C:/Program Files/UE_4.27/FeaturePacks/FP_FirstPersonBP.upack' (chunk index -1, root 'root:/') mounted
[2024.08.24-10.18.09:929][  0]LogShaderLibrary: Display: ShaderCodeLibraryPakFileMountedCallback: pending pak file info (ChunkID:-1 Root:root:/ File:C:/Program Files/UE_4.27/FeaturePacks/FP_FirstPersonBP.upack)
[2024.08.24-10.18.09:929][  0]LogPakFile: OnPakFileMounted2Time == 0.000317
[2024.08.24-10.18.09:930][  0]LogPakFile: PakFile PrimaryIndexSize=191
[2024.08.24-10.18.09:930][  0]LogPakFile: PakFile PathHashIndexSize=101
[2024.08.24-10.18.09:930][  0]LogPakFile: PakFile FullDirectoryIndexSize=160
[2024.08.24-10.18.09:930][  0]LogShaderLibrary: Display: ShaderCodeLibraryPakFileMountedCallback: PakFile 'C:/Program Files/UE_4.27/FeaturePacks/MobileStarterContent.upack' (chunk index -1, root 'root:/') mounted
[2024.08.24-10.18.09:931][  0]LogShaderLibrary: Display: ShaderCodeLibraryPakFileMountedCallback: pending pak file info (ChunkID:-1 Root:root:/ File:C:/Program Files/UE_4.27/FeaturePacks/MobileStarterContent.upack)
[2024.08.24-10.18.09:931][  0]LogPakFile: OnPakFileMounted2Time == 0.000305
[2024.08.24-10.18.09:931][  0]LogPakFile: PakFile PrimaryIndexSize=185
[2024.08.24-10.18.09:932][  0]LogPakFile: PakFile PathHashIndexSize=101
[2024.08.24-10.18.09:932][  0]LogPakFile: PakFile FullDirectoryIndexSize=148
[2024.08.24-10.18.09:932][  0]LogShaderLibrary: Display: ShaderCodeLibraryPakFileMountedCallback: PakFile 'C:/Program Files/UE_4.27/FeaturePacks/StarterContent.upack' (chunk index -1, root 'root:/') mounted
[2024.08.24-10.18.09:932][  0]LogShaderLibrary: Display: ShaderCodeLibraryPakFileMountedCallback: pending pak file info (ChunkID:-1 Root:root:/ File:C:/Program Files/UE_4.27/FeaturePacks/StarterContent.upack)
[2024.08.24-10.18.09:932][  0]LogPakFile: OnPakFileMounted2Time == 0.000248
[2024.08.24-10.18.09:933][  0]LogPakFile: PakFile PrimaryIndexSize=190
[2024.08.24-10.18.09:933][  0]LogPakFile: PakFile PathHashIndexSize=101
[2024.08.24-10.18.09:933][  0]LogPakFile: PakFile FullDirectoryIndexSize=154
[2024.08.24-10.18.09:933][  0]LogShaderLibrary: Display: ShaderCodeLibraryPakFileMountedCallback: PakFile 'C:/Program Files/UE_4.27/FeaturePacks/TP_2DSideScroller.upack' (chunk index -1, root 'root:/') mounted
[2024.08.24-10.18.09:933][  0]LogShaderLibrary: Display: ShaderCodeLibraryPakFileMountedCallback: pending pak file info (ChunkID:-1 Root:root:/ File:C:/Program Files/UE_4.27/FeaturePacks/TP_2DSideScroller.upack)
[2024.08.24-10.18.09:933][  0]LogPakFile: OnPakFileMounted2Time == 0.000325
[2024.08.24-10.18.09:934][  0]LogPakFile: PakFile PrimaryIndexSize=192
[2024.08.24-10.18.09:934][  0]LogPakFile: PakFile PathHashIndexSize=101
[2024.08.24-10.18.09:934][  0]LogPakFile: PakFile FullDirectoryIndexSize=158
[2024.08.24-10.18.09:935][  0]LogShaderLibrary: Display: ShaderCodeLibraryPakFileMountedCallback: PakFile 'C:/Program Files/UE_4.27/FeaturePacks/TP_2DSideScrollerBP.upack' (chunk index -1, root 'root:/') mounted
[2024.08.24-10.18.09:935][  0]LogShaderLibrary: Display: ShaderCodeLibraryPakFileMountedCallback: pending pak file info (ChunkID:-1 Root:root:/ File:C:/Program Files/UE_4.27/FeaturePacks/TP_2DSideScrollerBP.upack)
[2024.08.24-10.18.09:935][  0]LogPakFile: OnPakFileMounted2Time == 0.000388
[2024.08.24-10.18.09:936][  0]LogPakFile: PakFile PrimaryIndexSize=182
[2024.08.24-10.18.09:936][  0]LogPakFile: PakFile PathHashIndexSize=101
[2024.08.24-10.18.09:936][  0]LogPakFile: PakFile FullDirectoryIndexSize=138
[2024.08.24-10.18.09:936][  0]LogShaderLibrary: Display: ShaderCodeLibraryPakFileMountedCallback: PakFile 'C:/Program Files/UE_4.27/FeaturePacks/TP_Flying.upack' (chunk index -1, root 'root:/') mounted
[2024.08.24-10.18.09:936][  0]LogShaderLibrary: Display: ShaderCodeLibraryPakFileMountedCallback: pending pak file info (ChunkID:-1 Root:root:/ File:C:/Program Files/UE_4.27/FeaturePacks/TP_Flying.upack)
[2024.08.24-10.18.09:937][  0]LogPakFile: OnPakFileMounted2Time == 0.000342
[2024.08.24-10.18.09:937][  0]LogPakFile: PakFile PrimaryIndexSize=184
[2024.08.24-10.18.09:937][  0]LogPakFile: PakFile PathHashIndexSize=101
[2024.08.24-10.18.09:938][  0]LogPakFile: PakFile FullDirectoryIndexSize=142
[2024.08.24-10.18.09:938][  0]LogShaderLibrary: Display: ShaderCodeLibraryPakFileMountedCallback: PakFile 'C:/Program Files/UE_4.27/FeaturePacks/TP_FlyingBP.upack' (chunk index -1, root 'root:/') mounted
[2024.08.24-10.18.09:938][  0]LogShaderLibrary: Display: ShaderCodeLibraryPakFileMountedCallback: pending pak file info (ChunkID:-1 Root:root:/ File:C:/Program Files/UE_4.27/FeaturePacks/TP_FlyingBP.upack)
[2024.08.24-10.18.09:938][  0]LogPakFile: OnPakFileMounted2Time == 0.000275
[2024.08.24-10.18.09:939][  0]LogPakFile: PakFile PrimaryIndexSize=188
[2024.08.24-10.18.09:939][  0]LogPakFile: PakFile PathHashIndexSize=101
[2024.08.24-10.18.09:939][  0]LogPakFile: PakFile FullDirectoryIndexSize=150
[2024.08.24-10.18.09:939][  0]LogShaderLibrary: Display: ShaderCodeLibraryPakFileMountedCallback: PakFile 'C:/Program Files/UE_4.27/FeaturePacks/TP_HandheldARBP.upack' (chunk index -1, root 'root:/') mounted
[2024.08.24-10.18.09:939][  0]LogShaderLibrary: Display: ShaderCodeLibraryPakFileMountedCallback: pending pak file info (ChunkID:-1 Root:root:/ File:C:/Program Files/UE_4.27/FeaturePacks/TP_HandheldARBP.upack)
[2024.08.24-10.18.09:939][  0]LogPakFile: OnPakFileMounted2Time == 0.000248
[2024.08.24-10.18.09:940][  0]LogPakFile: PakFile PrimaryIndexSize=182
[2024.08.24-10.18.09:940][  0]LogPakFile: PakFile PathHashIndexSize=101
[2024.08.24-10.18.09:941][  0]LogPakFile: PakFile FullDirectoryIndexSize=138
[2024.08.24-10.18.09:941][  0]LogShaderLibrary: Display: ShaderCodeLibraryPakFileMountedCallback: PakFile 'C:/Program Files/UE_4.27/FeaturePacks/TP_Puzzle.upack' (chunk index -1, root 'root:/') mounted
[2024.08.24-10.18.09:941][  0]LogShaderLibrary: Display: ShaderCodeLibraryPakFileMountedCallback: pending pak file info (ChunkID:-1 Root:root:/ File:C:/Program Files/UE_4.27/FeaturePacks/TP_Puzzle.upack)
[2024.08.24-10.18.09:941][  0]LogPakFile: OnPakFileMounted2Time == 0.000230
[2024.08.24-10.18.09:941][  0]LogPakFile: PakFile PrimaryIndexSize=184
[2024.08.24-10.18.09:942][  0]LogPakFile: PakFile PathHashIndexSize=101
[2024.08.24-10.18.09:942][  0]LogPakFile: PakFile FullDirectoryIndexSize=142
[2024.08.24-10.18.09:942][  0]LogShaderLibrary: Display: ShaderCodeLibraryPakFileMountedCallback: PakFile 'C:/Program Files/UE_4.27/FeaturePacks/TP_PuzzleBP.upack' (chunk index -1, root 'root:/') mounted
[2024.08.24-10.18.09:942][  0]LogShaderLibrary: Display: ShaderCodeLibraryPakFileMountedCallback: pending pak file info (ChunkID:-1 Root:root:/ File:C:/Program Files/UE_4.27/FeaturePacks/TP_PuzzleBP.upack)
[2024.08.24-10.18.09:942][  0]LogPakFile: OnPakFileMounted2Time == 0.000309
[2024.08.24-10.18.09:943][  0]LogPakFile: PakFile PrimaryIndexSize=183
[2024.08.24-10.18.09:943][  0]LogPakFile: PakFile PathHashIndexSize=101
[2024.08.24-10.18.09:943][  0]LogPakFile: PakFile FullDirectoryIndexSize=140
[2024.08.24-10.18.09:943][  0]LogShaderLibrary: Display: ShaderCodeLibraryPakFileMountedCallback: PakFile 'C:/Program Files/UE_4.27/FeaturePacks/TP_Rolling.upack' (chunk index -1, root 'root:/') mounted
[2024.08.24-10.18.09:943][  0]LogShaderLibrary: Display: ShaderCodeLibraryPakFileMountedCallback: pending pak file info (ChunkID:-1 Root:root:/ File:C:/Program Files/UE_4.27/FeaturePacks/TP_Rolling.upack)
[2024.08.24-10.18.09:943][  0]LogPakFile: OnPakFileMounted2Time == 0.000252
[2024.08.24-10.18.09:944][  0]LogPakFile: PakFile PrimaryIndexSize=185
[2024.08.24-10.18.09:944][  0]LogPakFile: PakFile PathHashIndexSize=101
[2024.08.24-10.18.09:945][  0]LogPakFile: PakFile FullDirectoryIndexSize=144
[2024.08.24-10.18.09:945][  0]LogShaderLibrary: Display: ShaderCodeLibraryPakFileMountedCallback: PakFile 'C:/Program Files/UE_4.27/FeaturePacks/TP_RollingBP.upack' (chunk index -1, root 'root:/') mounted
[2024.08.24-10.18.09:945][  0]LogShaderLibrary: Display: ShaderCodeLibraryPakFileMountedCallback: pending pak file info (ChunkID:-1 Root:root:/ File:C:/Program Files/UE_4.27/FeaturePacks/TP_RollingBP.upack)
[2024.08.24-10.18.09:945][  0]LogPakFile: OnPakFileMounted2Time == 0.000329
[2024.08.24-10.18.09:946][  0]LogPakFile: PakFile PrimaryIndexSize=188
[2024.08.24-10.18.09:946][  0]LogPakFile: PakFile PathHashIndexSize=101
[2024.08.24-10.18.09:946][  0]LogPakFile: PakFile FullDirectoryIndexSize=150
[2024.08.24-10.18.09:946][  0]LogShaderLibrary: Display: ShaderCodeLibraryPakFileMountedCallback: PakFile 'C:/Program Files/UE_4.27/FeaturePacks/TP_SideScroller.upack' (chunk index -1, root 'root:/') mounted
[2024.08.24-10.18.09:946][  0]LogShaderLibrary: Display: ShaderCodeLibraryPakFileMountedCallback: pending pak file info (ChunkID:-1 Root:root:/ File:C:/Program Files/UE_4.27/FeaturePacks/TP_SideScroller.upack)
[2024.08.24-10.18.09:946][  0]LogPakFile: OnPakFileMounted2Time == 0.000287
[2024.08.24-10.18.09:947][  0]LogPakFile: PakFile PrimaryIndexSize=190
[2024.08.24-10.18.09:947][  0]LogPakFile: PakFile PathHashIndexSize=101
[2024.08.24-10.18.09:947][  0]LogPakFile: PakFile FullDirectoryIndexSize=154
[2024.08.24-10.18.09:948][  0]LogShaderLibrary: Display: ShaderCodeLibraryPakFileMountedCallback: PakFile 'C:/Program Files/UE_4.27/FeaturePacks/TP_SideScrollerBP.upack' (chunk index -1, root 'root:/') mounted
[2024.08.24-10.18.09:948][  0]LogShaderLibrary: Display: ShaderCodeLibraryPakFileMountedCallback: pending pak file info (ChunkID:-1 Root:root:/ File:C:/Program Files/UE_4.27/FeaturePacks/TP_SideScrollerBP.upack)
[2024.08.24-10.18.09:948][  0]LogPakFile: OnPakFileMounted2Time == 0.000271
[2024.08.24-10.18.09:949][  0]LogPakFile: PakFile PrimaryIndexSize=187
[2024.08.24-10.18.09:949][  0]LogPakFile: PakFile PathHashIndexSize=101
[2024.08.24-10.18.09:949][  0]LogPakFile: PakFile FullDirectoryIndexSize=148
[2024.08.24-10.18.09:949][  0]LogShaderLibrary: Display: ShaderCodeLibraryPakFileMountedCallback: PakFile 'C:/Program Files/UE_4.27/FeaturePacks/TP_ThirdPerson.upack' (chunk index -1, root 'root:/') mounted
[2024.08.24-10.18.09:949][  0]LogShaderLibrary: Display: ShaderCodeLibraryPakFileMountedCallback: pending pak file info (ChunkID:-1 Root:root:/ File:C:/Program Files/UE_4.27/FeaturePacks/TP_ThirdPerson.upack)
[2024.08.24-10.18.09:949][  0]LogPakFile: OnPakFileMounted2Time == 0.000265
[2024.08.24-10.18.09:950][  0]LogPakFile: PakFile PrimaryIndexSize=189
[2024.08.24-10.18.09:950][  0]LogPakFile: PakFile PathHashIndexSize=101
[2024.08.24-10.18.09:950][  0]LogPakFile: PakFile FullDirectoryIndexSize=152
[2024.08.24-10.18.09:950][  0]LogShaderLibrary: Display: ShaderCodeLibraryPakFileMountedCallback: PakFile 'C:/Program Files/UE_4.27/FeaturePacks/TP_ThirdPersonBP.upack' (chunk index -1, root 'root:/') mounted
[2024.08.24-10.18.09:950][  0]LogShaderLibrary: Display: ShaderCodeLibraryPakFileMountedCallback: pending pak file info (ChunkID:-1 Root:root:/ File:C:/Program Files/UE_4.27/FeaturePacks/TP_ThirdPersonBP.upack)
[2024.08.24-10.18.09:950][  0]LogPakFile: OnPakFileMounted2Time == 0.000294
[2024.08.24-10.18.09:951][  0]LogPakFile: PakFile PrimaryIndexSize=183
[2024.08.24-10.18.09:951][  0]LogPakFile: PakFile PathHashIndexSize=101
[2024.08.24-10.18.09:951][  0]LogPakFile: PakFile FullDirectoryIndexSize=140
[2024.08.24-10.18.09:951][  0]LogShaderLibrary: Display: ShaderCodeLibraryPakFileMountedCallback: PakFile 'C:/Program Files/UE_4.27/FeaturePacks/TP_TopDown.upack' (chunk index -1, root 'root:/') mounted
[2024.08.24-10.18.09:952][  0]LogShaderLibrary: Display: ShaderCodeLibraryPakFileMountedCallback: pending pak file info (ChunkID:-1 Root:root:/ File:C:/Program Files/UE_4.27/FeaturePacks/TP_TopDown.upack)
[2024.08.24-10.18.09:952][  0]LogPakFile: OnPakFileMounted2Time == 0.000297
[2024.08.24-10.18.09:952][  0]LogPakFile: PakFile PrimaryIndexSize=185
[2024.08.24-10.18.09:953][  0]LogPakFile: PakFile PathHashIndexSize=101
[2024.08.24-10.18.09:953][  0]LogPakFile: PakFile FullDirectoryIndexSize=144
[2024.08.24-10.18.09:953][  0]LogShaderLibrary: Display: ShaderCodeLibraryPakFileMountedCallback: PakFile 'C:/Program Files/UE_4.27/FeaturePacks/TP_TopDownBP.upack' (chunk index -1, root 'root:/') mounted
[2024.08.24-10.18.09:953][  0]LogShaderLibrary: Display: ShaderCodeLibraryPakFileMountedCallback: pending pak file info (ChunkID:-1 Root:root:/ File:C:/Program Files/UE_4.27/FeaturePacks/TP_TopDownBP.upack)
[2024.08.24-10.18.09:953][  0]LogPakFile: OnPakFileMounted2Time == 0.000256
[2024.08.24-10.18.09:954][  0]LogPakFile: PakFile PrimaryIndexSize=185
[2024.08.24-10.18.09:954][  0]LogPakFile: PakFile PathHashIndexSize=101
[2024.08.24-10.18.09:954][  0]LogPakFile: PakFile FullDirectoryIndexSize=144
[2024.08.24-10.18.09:954][  0]LogShaderLibrary: Display: ShaderCodeLibraryPakFileMountedCallback: PakFile 'C:/Program Files/UE_4.27/FeaturePacks/TP_TwinStick.upack' (chunk index -1, root 'root:/') mounted
[2024.08.24-10.18.09:954][  0]LogShaderLibrary: Display: ShaderCodeLibraryPakFileMountedCallback: pending pak file info (ChunkID:-1 Root:root:/ File:C:/Program Files/UE_4.27/FeaturePacks/TP_TwinStick.upack)
[2024.08.24-10.18.09:954][  0]LogPakFile: OnPakFileMounted2Time == 0.000230
[2024.08.24-10.18.09:955][  0]LogPakFile: PakFile PrimaryIndexSize=187
[2024.08.24-10.18.09:955][  0]LogPakFile: PakFile PathHashIndexSize=101
[2024.08.24-10.18.09:955][  0]LogPakFile: PakFile FullDirectoryIndexSize=148
[2024.08.24-10.18.09:955][  0]LogShaderLibrary: Display: ShaderCodeLibraryPakFileMountedCallback: PakFile 'C:/Program Files/UE_4.27/FeaturePacks/TP_TwinStickBP.upack' (chunk index -1, root 'root:/') mounted
[2024.08.24-10.18.09:955][  0]LogShaderLibrary: Display: ShaderCodeLibraryPakFileMountedCallback: pending pak file info (ChunkID:-1 Root:root:/ File:C:/Program Files/UE_4.27/FeaturePacks/TP_TwinStickBP.upack)
[2024.08.24-10.18.09:955][  0]LogPakFile: OnPakFileMounted2Time == 0.000242
[2024.08.24-10.18.09:956][  0]LogPakFile: PakFile PrimaryIndexSize=183
[2024.08.24-10.18.09:956][  0]LogPakFile: PakFile PathHashIndexSize=101
[2024.08.24-10.18.09:956][  0]LogPakFile: PakFile FullDirectoryIndexSize=140
[2024.08.24-10.18.09:956][  0]LogShaderLibrary: Display: ShaderCodeLibraryPakFileMountedCallback: PakFile 'C:/Program Files/UE_4.27/FeaturePacks/TP_Vehicle.upack' (chunk index -1, root 'root:/') mounted
[2024.08.24-10.18.09:957][  0]LogShaderLibrary: Display: ShaderCodeLibraryPakFileMountedCallback: pending pak file info (ChunkID:-1 Root:root:/ File:C:/Program Files/UE_4.27/FeaturePacks/TP_Vehicle.upack)
[2024.08.24-10.18.09:957][  0]LogPakFile: OnPakFileMounted2Time == 0.000284
[2024.08.24-10.18.09:957][  0]LogPakFile: PakFile PrimaryIndexSize=186
[2024.08.24-10.18.09:957][  0]LogPakFile: PakFile PathHashIndexSize=101
[2024.08.24-10.18.09:958][  0]LogPakFile: PakFile FullDirectoryIndexSize=146
[2024.08.24-10.18.09:958][  0]LogShaderLibrary: Display: ShaderCodeLibraryPakFileMountedCallback: PakFile 'C:/Program Files/UE_4.27/FeaturePacks/TP_VehicleAdv.upack' (chunk index -1, root 'root:/') mounted
[2024.08.24-10.18.09:958][  0]LogShaderLibrary: Display: ShaderCodeLibraryPakFileMountedCallback: pending pak file info (ChunkID:-1 Root:root:/ File:C:/Program Files/UE_4.27/FeaturePacks/TP_VehicleAdv.upack)
[2024.08.24-10.18.09:958][  0]LogPakFile: OnPakFileMounted2Time == 0.000240
[2024.08.24-10.18.09:959][  0]LogPakFile: PakFile PrimaryIndexSize=188
[2024.08.24-10.18.09:959][  0]LogPakFile: PakFile PathHashIndexSize=101
[2024.08.24-10.18.09:959][  0]LogPakFile: PakFile FullDirectoryIndexSize=150
[2024.08.24-10.18.09:959][  0]LogShaderLibrary: Display: ShaderCodeLibraryPakFileMountedCallback: PakFile 'C:/Program Files/UE_4.27/FeaturePacks/TP_VehicleAdvBP.upack' (chunk index -1, root 'root:/') mounted
[2024.08.24-10.18.09:959][  0]LogShaderLibrary: Display: ShaderCodeLibraryPakFileMountedCallback: pending pak file info (ChunkID:-1 Root:root:/ File:C:/Program Files/UE_4.27/FeaturePacks/TP_VehicleAdvBP.upack)
[2024.08.24-10.18.09:959][  0]LogPakFile: OnPakFileMounted2Time == 0.000266
[2024.08.24-10.18.09:960][  0]LogPakFile: PakFile PrimaryIndexSize=185
[2024.08.24-10.18.09:960][  0]LogPakFile: PakFile PathHashIndexSize=101
[2024.08.24-10.18.09:960][  0]LogPakFile: PakFile FullDirectoryIndexSize=144
[2024.08.24-10.18.09:960][  0]LogShaderLibrary: Display: ShaderCodeLibraryPakFileMountedCallback: PakFile 'C:/Program Files/UE_4.27/FeaturePacks/TP_VehicleBP.upack' (chunk index -1, root 'root:/') mounted
[2024.08.24-10.18.09:960][  0]LogShaderLibrary: Display: ShaderCodeLibraryPakFileMountedCallback: pending pak file info (ChunkID:-1 Root:root:/ File:C:/Program Files/UE_4.27/FeaturePacks/TP_VehicleBP.upack)
[2024.08.24-10.18.09:961][  0]LogPakFile: OnPakFileMounted2Time == 0.000323
[2024.08.24-10.18.09:961][  0]LogPakFile: PakFile PrimaryIndexSize=192
[2024.08.24-10.18.09:961][  0]LogPakFile: PakFile PathHashIndexSize=101
[2024.08.24-10.18.09:962][  0]LogPakFile: PakFile FullDirectoryIndexSize=158
[2024.08.24-10.18.09:962][  0]LogShaderLibrary: Display: ShaderCodeLibraryPakFileMountedCallback: PakFile 'C:/Program Files/UE_4.27/FeaturePacks/TP_VirtualRealityBP.upack' (chunk index -1, root 'root:/') mounted
[2024.08.24-10.18.09:962][  0]LogShaderLibrary: Display: ShaderCodeLibraryPakFileMountedCallback: pending pak file info (ChunkID:-1 Root:root:/ File:C:/Program Files/UE_4.27/FeaturePacks/TP_VirtualRealityBP.upack)
[2024.08.24-10.18.09:962][  0]LogPakFile: OnPakFileMounted2Time == 0.000246
[2024.08.24-10.18.10:010][  0]LogNativeClassHierarchy: Verbose: Native class hierarchy updated for 'AddContentDialog' in 0.0002 seconds. Added 0 classes and 0 folders.
[2024.08.24-10.18.10:011][  0]LogNativeClassHierarchy: Verbose: Native class hierarchy updated for 'SceneOutliner' in 0.0001 seconds. Added 2 classes and 0 folders.
[2024.08.24-10.18.10:045][  0]LogSlate: Took 0.000269 seconds to synchronously load lazily loaded font '../../../Engine/Content/Slate/Fonts/Roboto-Regular.ttf' (155K)
[2024.08.24-10.18.10:046][  0]LogSlate: Took 0.000174 seconds to synchronously load lazily loaded font '../../../Engine/Content/Editor/Slate/Fonts/FontAwesome.ttf' (139K)
[2024.08.24-10.18.10:048][  0]LogSlate: Took 0.001091 seconds to synchronously load lazily loaded font '../../../Engine/Content/Editor/Slate/Fonts/NanumGothic.ttf' (4243K)
[2024.08.24-10.18.10:049][  0]LogSlate: Took 0.001021 seconds to synchronously load lazily loaded font '../../../Engine/Content/Editor/Slate/Fonts/NanumGothicBold.ttf' (4188K)
[2024.08.24-10.18.10:049][  0]LogSlate: Took 0.000167 seconds to synchronously load lazily loaded font '../../../Engine/Content/Slate/Fonts/Roboto-Bold.ttf' (160K)
[2024.08.24-10.18.10:104][  0]LogRenderer: Reallocating scene render targets to support 1288x620 Format 10 NumSamples 1 (Frame:1).
[2024.08.24-10.18.10:169][  0]LogNativeClassHierarchy: Verbose: Native class hierarchy updated for 'HierarchicalLODOutliner' in 0.0002 seconds. Added 0 classes and 0 folders.
[2024.08.24-10.18.10:169][  0]LogLoad: (Engine Initialization) Total time: 13.25 seconds
[2024.08.24-10.18.10:169][  0]LogLoad: (Engine Initialization) Total Blueprint compile time: 0.00 seconds
[2024.08.24-10.18.10:204][  0]LogAssetRegistry: Asset discovery search completed in 7.9330 seconds
[2024.08.24-10.18.10:208][  0]LogCollectionManager: Fixed up redirectors for 0 collections in 0.000003 seconds (updated 0 objects)
[2024.08.24-10.18.10:208][  0]LogContentStreaming: Texture pool size now 1000 MB
[2024.08.24-10.18.10:223][  1]LogFileCache: Retrieving MD5 hashes for directory 'C:/Users/nanim/GitHub/NewNewInsectHeaven/InsectHeaven/Content/' took 0.04s
[2024.08.24-10.19.32:485][490]Cmd: MAP LOAD FILE="../../../../../Users/nanim/GitHub/NewNewInsectHeaven/InsectHeaven/Content/Dialogue/DialogueWorld.umap" TEMPLATE=0 SHOWPROGRESS=1 FEATURELEVEL=3
[2024.08.24-10.19.32:510][490]LogSlate: Took 0.000281 seconds to synchronously load lazily loaded font '../../../Engine/Content/Slate/Fonts/Roboto-Light.ttf' (167K)
[2024.08.24-10.19.32:519][490]LightingResults: New page: 라이팅 빌드
[2024.08.24-10.19.32:519][490]LoadErrors: New page: 맵 로드 중: DialogueWorld.umap
[2024.08.24-10.19.32:546][490]LogWorld: UWorld::CleanupWorld for EmptyMainLevel, bSessionEnded=true, bCleanupResources=true
[2024.08.24-10.19.32:546][490]LogSlate: InvalidateAllWidgets triggered.  All widgets were invalidated
[2024.08.24-10.19.32:547][490]MapCheck: New page: 맵 체크
[2024.08.24-10.19.32:547][490]LightingResults: New page: 라이팅 빌드
[2024.08.24-10.19.32:554][490]LogAudio: Display: Audio Device unregistered from world 'None'.
[2024.08.24-10.19.32:556][490]LogUObjectHash: Compacting FUObjectHashTables data took   0.65ms
[2024.08.24-10.19.32:558][490]LogAudio: Display: Audio Device (ID: 1) registered with world 'DialogueWorld'.
[2024.08.24-10.19.32:558][490]LogAIModule: Creating AISystem for world DialogueWorld
[2024.08.24-10.19.32:656][490]LogEditorServer: Finished looking for orphan Actors (0.000 secs)
[2024.08.24-10.19.32:668][490]LogUObjectHash: Compacting FUObjectHashTables data took   0.37ms
[2024.08.24-10.19.32:719][490]Cmd: MAP CHECKDEP NOCLEARLOG
[2024.08.24-10.19.32:720][490]MapCheck: 맵 체크 완료: 오류 0 회, 경고 0 회, 소요 시간 0.149ms.
[2024.08.24-10.19.32:720][490]LogFileHelpers: Loading map 'DialogueWorld' took 0.235
[2024.08.24-10.19.33:004][490]LogPlayLevel: PlayLevel: No blueprints needed recompiling
[2024.08.24-10.19.33:098][490]PIE: New page: PIE 세션: DialogueWorld (2024. 8. 25. 오전 4:19:33)
[2024.08.24-10.19.33:223][490]LogOnline: OSS: Creating online subsystem instance for: NULL
[2024.08.24-10.19.33:350][490]LogOnline: OSS: TryLoadSubsystemAndSetDefault: Loaded subsystem for module [NULL]
[2024.08.24-10.19.33:459][490]LogPlayLevel: Creating play world package: /Game/Dialogue/UEDPIE_0_DialogueWorld
[2024.08.24-10.19.33:581][490]LogPlayLevel: PIE: StaticDuplicateObject took: (0.122805s)
[2024.08.24-10.19.33:582][490]LogAIModule: Creating AISystem for world DialogueWorld
[2024.08.24-10.19.33:582][490]LogPlayLevel: PIE: World Init took: (0.000979s)
[2024.08.24-10.19.33:582][490]LogPlayLevel: PIE: Created PIE world by copying editor world from /Game/Dialogue/DialogueWorld.DialogueWorld to /Game/Dialogue/UEDPIE_0_DialogueWorld.DialogueWorld (0.124335s)
[2024.08.24-10.19.33:588][490]LogUObjectHash: Compacting FUObjectHashTables data took   0.50ms
[2024.08.24-10.19.33:727][490]LogAudio: Display: Creating Audio Device:                 Id: 2, Scope: Unique, Realtime: True
[2024.08.24-10.19.33:727][490]LogAudioMixer: Display: Audio Mixer Platform Settings:
[2024.08.24-10.19.33:727][490]LogAudioMixer: Display: 	Sample Rate:						  48000
[2024.08.24-10.19.33:727][490]LogAudioMixer: Display: 	Callback Buffer Frame Size Requested: 1024
[2024.08.24-10.19.33:727][490]LogAudioMixer: Display: 	Callback Buffer Frame Size To Use:	  1024
[2024.08.24-10.19.33:728][490]LogAudioMixer: Display: 	Number of buffers to queue:			  2
[2024.08.24-10.19.33:728][490]LogAudioMixer: Display: 	Max Channels (voices):				  32
[2024.08.24-10.19.33:728][490]LogAudioMixer: Display: 	Number of Async Source Workers:		  0
[2024.08.24-10.19.33:728][490]LogAudio: Display: AudioDevice MaxSources: 32
[2024.08.24-10.19.33:728][490]LogAudio: Display: Audio Spatialization Plugin: None (built-in).
[2024.08.24-10.19.33:728][490]LogAudio: Display: Audio Reverb Plugin: None (built-in).
[2024.08.24-10.19.33:729][490]LogAudio: Display: Audio Occlusion Plugin: None (built-in).
[2024.08.24-10.19.33:729][490]LogAudioMixer: Display: Initializing audio mixer.
[2024.08.24-10.19.33:744][490]LogAudioMixer: Display: 0: FrontLeft
[2024.08.24-10.19.33:744][490]LogAudioMixer: Display: 1: FrontRight
[2024.08.24-10.19.33:760][490]LogAudioMixer: Display: Using Audio Device 스피커(ABKO N550)
[2024.08.24-10.19.33:761][490]LogAudioMixer: Display: Initializing Sound Submixes...
[2024.08.24-10.19.33:761][490]LogAudioMixer: Display: Creating Master Submix 'MasterSubmixDefault'
[2024.08.24-10.19.33:761][490]LogAudioMixer: Display: Creating Master Submix 'MasterReverbSubmixDefault'
[2024.08.24-10.19.33:762][490]LogAudioMixer: Display: Creating Master Submix 'MasterEQSubmixDefault'
[2024.08.24-10.19.33:762][490]LogAudioMixer: FMixerPlatformXAudio2::StartAudioStream() called
[2024.08.24-10.19.33:762][490]LogAudioMixer: Display: Output buffers initialized: Frames=1024, Channels=2, Samples=2048
[2024.08.24-10.19.33:763][490]LogAudioMixer: Display: Starting AudioMixerPlatformInterface::RunInternal()
[2024.08.24-10.19.33:763][490]LogAudioMixer: Display: FMixerPlatformXAudio2::SubmitBuffer() called for the first time
[2024.08.24-10.19.33:763][490]LogInit: FAudioDevice initialized.
[2024.08.24-10.19.33:763][490]LogAudio: Display: Audio Device (ID: 2) registered with world 'DialogueWorld'.
[2024.08.24-10.19.33:893][490]LogLoad: Game class is 'IH_GameMode_DialgueTool'
[2024.08.24-10.19.33:894][490]LogWorld: Bringing World /Game/Dialogue/UEDPIE_0_DialogueWorld.DialogueWorld up for play (max tick rate 0) at 2024.08.24-19.19.33
[2024.08.24-10.19.33:894][490]LogWorld: Bringing up level for play took: 0.000338
[2024.08.24-10.19.33:894][490]LogOnline: OSS: Creating online subsystem instance for: :Context_1
[2024.08.24-10.19.34:462][490]LogNativeClassHierarchy: Verbose: Native class hierarchy updated for 'MovieSceneCapture' in 0.0003 seconds. Added 20 classes and 0 folders.
[2024.08.24-10.19.34:931][490]PIE: 서버가 로그인했습니다.
[2024.08.24-10.19.34:933][490]PIE: 에디터에서 플레이 총 시작 시간 2.021초입니다.
[2024.08.24-10.19.35:033][491]LogUObjectHash: Compacting FUObjectHashTables data took   0.50ms
[2024.08.24-10.19.36:363][613]LogLinker: Warning: '{FileName}': 파일을 찾을 수 없습니다. 로드에 실패했습니다.
[2024.08.24-10.19.36:363][613]LogLinker: Warning: '{FileName}': 파일을 찾을 수 없습니다. 로드에 실패했습니다.
[2024.08.24-10.19.36:363][613]LogUObjectGlobals: Warning: 'Texture2D /Game/Resource/2D/Character/Ch_00/Ch_0001.Ch_0001' 오브젝트를 찾는 데 실패했습니다.
[2024.08.24-10.19.36:364][613]LogLinker: Warning: '{FileName}': 파일을 찾을 수 없습니다. 로드에 실패했습니다.
[2024.08.24-10.19.36:364][613]LogLinker: Warning: '{FileName}': 파일을 찾을 수 없습니다. 로드에 실패했습니다.
[2024.08.24-10.19.36:384][613]LogUObjectGlobals: Warning: 'Texture2D /Game/Resource/2D/Character/Ch_03/Ch_0301.Ch_0301' 오브젝트를 찾는 데 실패했습니다.
[2024.08.24-10.19.41:681][157]LogLinker: Warning: '{FileName}': 파일을 찾을 수 없습니다. 로드에 실패했습니다.
[2024.08.24-10.19.41:682][157]LogLinker: Warning: '{FileName}': 파일을 찾을 수 없습니다. 로드에 실패했습니다.
[2024.08.24-10.19.41:682][157]LogUObjectGlobals: Warning: 'Texture2D /Game/Resource/2D/Character/Ch_07/Ch_0701.Ch_0701' 오브젝트를 찾는 데 실패했습니다.
