Log file open, 11/23/24 22:35:44
LogWindows: Failed to load 'aqProf.dll' (GetLastError=126)
LogWindows: File 'aqProf.dll' does not exist
LogWindows: Failed to load 'VtuneApi.dll' (GetLastError=126)
LogWindows: File 'VtuneApi.dll' does not exist
LogWindows: Failed to load 'VtuneApi32e.dll' (GetLastError=126)
LogWindows: File 'VtuneApi32e.dll' does not exist
LogConsoleResponse: Display: Failed to find resolution value strings in scalability ini. Falling back to default.
LogConsoleResponse: Display: Failed to find resolution value strings in scalability ini. Falling back to default.
LogInit: Display: Running engine for game: InsectHeaven
LogPlatformFile: Not using cached read wrapper
LogTaskGraph: Started task graph with 5 named threads and 71 total threads with 3 sets of task threads.
LogStats: Stats thread started at 0.231277
LogICUInternationalization: ICU TimeZone Detection - Raw Offset: +9:00, Platform Override: ''
LogInit: Display: Loading text-based GConfig....
LogPluginManager: Mounting plugin MeshPainting
LogPluginManager: Mounting plugin XGEController
LogPluginManager: Mounting plugin Paper2D
LogPluginManager: Mounting plugin EnvironmentQueryEditor
LogPluginManager: Mounting plugin AISupport
LogPluginManager: Mounting plugin LiveLink
LogPluginManager: Mounting plugin AssetManagerEditor
LogPluginManager: Mounting plugin OodleNetwork
LogPluginManager: Mounting plugin CryptoKeys
LogPluginManager: Mounting plugin OodleData
LogPluginManager: Mounting plugin DataValidation
LogPluginManager: Mounting plugin CurveEditorTools
LogPluginManager: Mounting plugin GeometryMode
LogPluginManager: Mounting plugin EditorScriptingUtilities
LogPluginManager: Mounting plugin FacialAnimation
LogPluginManager: Mounting plugin MacGraphicsSwitching
LogPluginManager: Mounting plugin GameplayTagsEditor
LogPluginManager: Mounting plugin MobileLauncherProfileWizard
LogPluginManager: Mounting plugin PluginBrowser
LogPluginManager: Mounting plugin SpeedTreeImporter
LogPluginManager: Mounting plugin MaterialAnalyzer
LogPluginManager: Mounting plugin CLionSourceCodeAccess
LogPluginManager: Mounting plugin AnimationSharing
LogPluginManager: Mounting plugin CodeLiteSourceCodeAccess
LogPluginManager: Mounting plugin GitSourceControl
LogPluginManager: Mounting plugin KDevelopSourceCodeAccess
LogPluginManager: Mounting plugin NullSourceCodeAccess
LogPluginManager: Mounting plugin DatasmithContent
LogPluginManager: Mounting plugin PlasticSourceControl
LogPluginManager: Mounting plugin VariantManagerContent
LogPluginManager: Mounting plugin PerforceSourceControl
LogPluginManager: Mounting plugin PixWinPlugin
LogPluginManager: Mounting plugin PropertyAccessNode
LogPluginManager: Mounting plugin PluginUtils
LogPluginManager: Mounting plugin SubversionSourceControl
LogPluginManager: Mounting plugin RiderSourceCodeAccess
LogPluginManager: Mounting plugin TextureFormatOodle
LogPluginManager: Mounting plugin UObjectPlugin
LogPluginManager: Mounting plugin AlembicImporter
LogPluginManager: Mounting plugin AutomationUtils
LogPluginManager: Mounting plugin ChaosCloth
LogPluginManager: Mounting plugin ChaosEditor
LogPluginManager: Mounting plugin BackChannel
LogPluginManager: Mounting plugin ChaosClothEditor
LogPluginManager: Mounting plugin VisualStudioCodeSourceCodeAccess
LogPluginManager: Mounting plugin ChaosSolverPlugin
LogPluginManager: Mounting plugin ChaosNiagara
LogPluginManager: Mounting plugin VisualStudioSourceCodeAccess
LogPluginManager: Mounting plugin CharacterAI
LogPluginManager: Mounting plugin XCodeSourceCodeAccess
LogPluginManager: Mounting plugin GeometryCache
LogPluginManager: Mounting plugin GeometryCollectionPlugin
LogPluginManager: Mounting plugin GeometryProcessing
LogPluginManager: Mounting plugin MotoSynth
LogPluginManager: Mounting plugin PlanarCut
LogPluginManager: Mounting plugin ProxyLODPlugin
LogPluginManager: Mounting plugin PythonScriptPlugin
LogPluginManager: Mounting plugin PlatformCrypto
LogPluginManager: Mounting plugin Niagara
LogPluginManager: Mounting plugin SkeletalReduction
LogPluginManager: Mounting plugin LuminPlatformFeatures
LogPluginManager: Mounting plugin MagicLeap
LogPluginManager: Mounting plugin MagicLeapLightEstimation
LogPluginManager: Mounting plugin OpenImageDenoise
LogPluginManager: Mounting plugin MagicLeapMedia
LogPluginManager: Mounting plugin AndroidMedia
LogPluginManager: Mounting plugin MagicLeapPassableWorld
LogPluginManager: Mounting plugin MLSDK
LogPluginManager: Mounting plugin AvfMedia
LogPluginManager: Mounting plugin ImgMedia
LogPluginManager: Mounting plugin MediaCompositing
LogPluginManager: Mounting plugin MediaPlayerEditor
LogPluginManager: Mounting plugin ActorSequence
LogPluginManager: Mounting plugin WmfMedia
LogPluginManager: Mounting plugin WebMMedia
LogPluginManager: Mounting plugin UdpMessaging
LogPluginManager: Mounting plugin LevelSequenceEditor
LogPluginManager: Mounting plugin TcpMessaging
LogPluginManager: Mounting plugin TemplateSequence
LogPluginManager: Mounting plugin MatineeToLevelSequence
LogPluginManager: Mounting plugin OnlineSubsystemNull
LogPluginManager: Mounting plugin OnlineSubsystem
LogPluginManager: Mounting plugin OnlineSubsystemUtils
LogPluginManager: Mounting plugin ActorLayerUtilities
LogPluginManager: Mounting plugin LauncherChunkInstaller
LogPluginManager: Mounting plugin AndroidDeviceProfileSelector
LogPluginManager: Mounting plugin AndroidMoviePlayer
LogPluginManager: Mounting plugin AndroidPermission
LogPluginManager: Mounting plugin AppleImageUtils
LogPluginManager: Mounting plugin ArchVisCharacter
LogPluginManager: Mounting plugin AssetTags
LogPluginManager: Mounting plugin AudioCapture
LogPluginManager: Mounting plugin CustomMeshComponent
LogPluginManager: Mounting plugin ChunkDownloader
LogPluginManager: Mounting plugin AudioSynesthesia
LogPluginManager: Mounting plugin EditableMesh
LogPluginManager: Mounting plugin CableComponent
LogPluginManager: Mounting plugin ExampleDeviceProfileSelector
LogPluginManager: Mounting plugin AppleMoviePlayer
LogPluginManager: Mounting plugin ScreenshotTools
LogPluginManager: Mounting plugin GoogleCloudMessaging
LogPluginManager: Mounting plugin GooglePAD
LogPluginManager: Mounting plugin IOSDeviceProfileSelector
LogPluginManager: Mounting plugin LinuxDeviceProfileSelector
LogPluginManager: Mounting plugin LocationServicesBPLibrary
LogPluginManager: Mounting plugin MobilePatchingUtils
LogPluginManager: Mounting plugin OpenXR
LogPluginManager: Mounting plugin OpenXREyeTracker
LogPluginManager: Mounting plugin OpenXRHandTracking
LogPluginManager: Mounting plugin PhysXVehicles
LogPluginManager: Mounting plugin PostSplashScreen
LogPluginManager: Mounting plugin PropertyAccessEditor
LogPluginManager: Mounting plugin RuntimePhysXCooking
LogPluginManager: Mounting plugin SignificanceManager
LogPluginManager: Mounting plugin SoundFields
LogPluginManager: Mounting plugin ProceduralMeshComponent
LogPluginManager: Mounting plugin Synthesis
LogPluginManager: Mounting plugin WebMMoviePlayer
LogPluginManager: Mounting plugin WindowsMoviePlayer
LogPluginManager: Mounting plugin LightPropagationVolume
LogPluginManager: Mounting plugin CameraShakePreviewer
LogPluginManager: Mounting plugin Takes
LogPluginManager: Mounting plugin GameplayCameras
LogPluginManager: Mounting plugin ContentBrowserClassDataSource
LogPluginManager: Mounting plugin ContentBrowserFileDataSource
LogPluginManager: Mounting plugin ContentBrowserAssetDataSource
LogPluginManager: Mounting plugin RiderLink
LogPluginManager: Mounting plugin OnlineSubsystemIOS
LogPluginManager: Mounting plugin OnlineSubsystemGooglePlay
LogPluginManager: Mounting plugin OculusVR
LogPluginManager: Mounting plugin SteamVR
PixWinPlugin: PIX capture plugin failed to initialize! Check that the process is launched from PIX.
LogInit: Using libcurl 7.55.1-DEV
LogInit:  - built for x86_64-pc-win32
LogInit:  - supports SSL with OpenSSL/1.1.1
LogInit:  - supports HTTP deflate (compression) using libz 1.2.8
LogInit:  - other features:
LogInit:      CURL_VERSION_SSL
LogInit:      CURL_VERSION_LIBZ
LogInit:      CURL_VERSION_IPV6
LogInit:      CURL_VERSION_ASYNCHDNS
LogInit:      CURL_VERSION_LARGEFILE
LogInit:      CURL_VERSION_IDN
LogInit:  CurlRequestOptions (configurable via config and command line):
LogInit:  - bVerifyPeer = true  - Libcurl will verify peer certificate
LogInit:  - bUseHttpProxy = false  - Libcurl will NOT use HTTP proxy
LogInit:  - bDontReuseConnections = false  - Libcurl will reuse connections
LogInit:  - MaxHostConnections = 16  - Libcurl will limit the number of connections to a host
LogInit:  - LocalHostAddr = Default
LogInit:  - BufferSize = 65536
LogOnline: OSS: Creating online subsystem instance for: NULL
LogInit: WinSock: version 1.1 (2.2), MaxSocks=32767, MaxUdp=65467
LogOnline: OSS: TryLoadSubsystemAndSetDefault: Loaded subsystem for module [NULL]
LogOculusPluginWrapper: OculusPlugin initialized successfully
LogHMD: Failed initializing OVRPlugin 1.59.0
LogInit: Build: ++UE4+Release-4.27-CL-18319896
LogInit: Engine Version: 4.27.2-18319896+++UE4+Release-4.27
LogInit: Compatible Engine Version: 4.27.0-17155196+++UE4+Release-4.27
LogInit: Net CL: 17155196
LogInit: OS: Windows 10 (Release 2009) (), CPU: AMD Ryzen 9 7900X 12-Core Processor            , GPU: AMD Radeon RX 7900 XTX
LogInit: Compiled (64-bit): Nov 30 2021 07:12:08
LogInit: Compiled with Visual C++: 19.24.28315.00
LogInit: Build Configuration: DebugGame
LogInit: Branch Name: ++UE4+Release-4.27
LogInit: Command Line: 
LogInit: Base Directory: C:/Program Files/UE_4.27/Engine/Binaries/Win64/
LogInit: Allocator: TBB
LogInit: Installed Engine Build: 1
LogDevObjectVersion: Number of dev versions registered: 29
LogDevObjectVersion:   Dev-Blueprints (B0D832E4-1F89-4F0D-ACCF-7EB736FD4AA2): 10
LogDevObjectVersion:   Dev-Build (E1C64328-A22C-4D53-A36C-8E866417BD8C): 0
LogDevObjectVersion:   Dev-Core (375EC13C-06E4-48FB-B500-84F0262A717E): 4
LogDevObjectVersion:   Dev-Editor (E4B068ED-F494-42E9-A231-DA0B2E46BB41): 40
LogDevObjectVersion:   Dev-Framework (CFFC743F-43B0-4480-9391-14DF171D2073): 37
LogDevObjectVersion:   Dev-Mobile (B02B49B5-BB20-44E9-A304-32B752E40360): 3
LogDevObjectVersion:   Dev-Networking (A4E4105C-59A1-49B5-A7C5-40C4547EDFEE): 0
LogDevObjectVersion:   Dev-Online (39C831C9-5AE6-47DC-9A44-9C173E1C8E7C): 0
LogDevObjectVersion:   Dev-Physics (78F01B33-EBEA-4F98-B9B4-84EACCB95AA2): 14
LogDevObjectVersion:   Dev-Platform (6631380F-2D4D-43E0-8009-CF276956A95A): 0
LogDevObjectVersion:   Dev-Rendering (12F88B9F-8875-4AFC-A67C-D90C383ABD29): 45
LogDevObjectVersion:   Dev-Sequencer (7B5AE74C-D270-4C10-A958-57980B212A5A): 13
LogDevObjectVersion:   Dev-VR (D7296918-1DD6-4BDD-9DE2-64A83CC13884): 3
LogDevObjectVersion:   Dev-LoadTimes (C2A15278-BFE7-4AFE-6C17-90FF531DF755): 1
LogDevObjectVersion:   Private-Geometry (6EACA3D4-40EC-4CC1-B786-8BED09428FC5): 3
LogDevObjectVersion:   Dev-AnimPhys (29E575DD-E0A3-4627-9D10-D276232CDCEA): 17
LogDevObjectVersion:   Dev-Anim (AF43A65D-7FD3-4947-9873-3E8ED9C1BB05): 15
LogDevObjectVersion:   Dev-ReflectionCapture (6B266CEC-1EC7-4B8F-A30B-E4D90942FC07): 1
LogDevObjectVersion:   Dev-Automation (0DF73D61-A23F-47EA-B727-89E90C41499A): 1
LogDevObjectVersion:   FortniteMain (601D1886-AC64-4F84-AA16-D3DE0DEAC7D6): 47
LogDevObjectVersion:   FortniteRelease (E7086368-6B23-4C58-8439-1B7016265E91): 1
LogDevObjectVersion:   Dev-Enterprise (9DFFBCD6-494F-0158-E221-12823C92A888): 10
LogDevObjectVersion:   Dev-Niagara (F2AED0AC-9AFE-416F-8664-AA7FFA26D6FC): 1
LogDevObjectVersion:   Dev-Destruction (174F1F0B-B4C6-45A5-B13F-2EE8D0FB917D): 10
LogDevObjectVersion:   Dev-Physics-Ext (35F94A83-E258-406C-A318-09F59610247C): 41
LogDevObjectVersion:   Dev-PhysicsMaterial-Chaos (B68FC16E-8B1B-42E2-B453-215C058844FE): 1
LogDevObjectVersion:   Dev-CineCamera (B2E18506-4273-CFC2-A54E-F4BB758BBA07): 1
LogDevObjectVersion:   Dev-VirtualProduction (64F58936-FD1B-42BA-BA96-7289D5D0FA4E): 1
LogDevObjectVersion:   Dev-MediaFramework (6F0ED827-A609-4895-9C91-998D90180EA4): 2
LogInit: Presizing for max 25165824 objects, including 0 objects not considered by GC, pre-allocating 0 bytes for permanent pool.
LogConfig: Applying CVar settings from Section [/Script/Engine.StreamingSettings] File [C:/Users/nanim/GitHub/NewNewInsectHeaven/InsectHeaven/Saved/Config/Windows/Engine.ini]
LogConfig: Setting CVar [[s.MinBulkDataSizeForAsyncLoading:131072]]
LogConfig: Setting CVar [[s.AsyncLoadingThreadEnabled:0]]
LogConfig: Setting CVar [[s.EventDrivenLoaderEnabled:1]]
LogConfig: Setting CVar [[s.WarnIfTimeLimitExceeded:0]]
LogConfig: Setting CVar [[s.TimeLimitExceededMultiplier:1.5]]
LogConfig: Setting CVar [[s.TimeLimitExceededMinTime:0.005]]
LogConfig: Setting CVar [[s.UseBackgroundLevelStreaming:1]]
LogConfig: Setting CVar [[s.PriorityAsyncLoadingExtraTime:15.0]]
LogConfig: Setting CVar [[s.LevelStreamingActorsUpdateTimeLimit:5.0]]
LogConfig: Setting CVar [[s.PriorityLevelStreamingActorsUpdateExtraTime:5.0]]
LogConfig: Setting CVar [[s.LevelStreamingComponentsRegistrationGranularity:10]]
LogConfig: Setting CVar [[s.UnregisterComponentsTimeLimit:1.0]]
LogConfig: Setting CVar [[s.LevelStreamingComponentsUnregistrationGranularity:5]]
LogConfig: Setting CVar [[s.FlushStreamingOnExit:1]]
LogInit: Object subsystem initialized
LogConfig: Setting CVar [[con.DebugEarlyDefault:1]]
LogConfig: Setting CVar [[r.setres:1280x720]]
[2024.11.23-13.35.45:901][  0]LogConfig: Setting CVar [[r.VSync:0]]
[2024.11.23-13.35.45:902][  0]LogConfig: Setting CVar [[r.RHICmdBypass:0]]
[2024.11.23-13.35.45:902][  0]LogConfig: Applying CVar settings from Section [/Script/Engine.RendererSettings] File [C:/Users/nanim/GitHub/NewNewInsectHeaven/InsectHeaven/Saved/Config/Windows/Engine.ini]
[2024.11.23-13.35.45:902][  0]LogConfig: Setting CVar [[r.GPUCrashDebugging:0]]
[2024.11.23-13.35.45:902][  0]LogConfig: Applying CVar settings from Section [/Script/Engine.RendererOverrideSettings] File [C:/Users/nanim/GitHub/NewNewInsectHeaven/InsectHeaven/Saved/Config/Windows/Engine.ini]
[2024.11.23-13.35.45:902][  0]LogConfig: Applying CVar settings from Section [/Script/Engine.StreamingSettings] File [C:/Users/nanim/GitHub/NewNewInsectHeaven/InsectHeaven/Saved/Config/Windows/Engine.ini]
[2024.11.23-13.35.45:902][  0]LogConfig: Setting CVar [[s.MinBulkDataSizeForAsyncLoading:131072]]
[2024.11.23-13.35.45:902][  0]LogConfig: Setting CVar [[s.AsyncLoadingThreadEnabled:0]]
[2024.11.23-13.35.45:902][  0]LogConfig: Setting CVar [[s.EventDrivenLoaderEnabled:1]]
[2024.11.23-13.35.45:902][  0]LogConfig: Setting CVar [[s.WarnIfTimeLimitExceeded:0]]
[2024.11.23-13.35.45:903][  0]LogConfig: Setting CVar [[s.TimeLimitExceededMultiplier:1.5]]
[2024.11.23-13.35.45:903][  0]LogConfig: Setting CVar [[s.TimeLimitExceededMinTime:0.005]]
[2024.11.23-13.35.45:903][  0]LogConfig: Setting CVar [[s.UseBackgroundLevelStreaming:1]]
[2024.11.23-13.35.45:903][  0]LogConfig: Setting CVar [[s.PriorityAsyncLoadingExtraTime:15.0]]
[2024.11.23-13.35.45:903][  0]LogConfig: Setting CVar [[s.LevelStreamingActorsUpdateTimeLimit:5.0]]
[2024.11.23-13.35.45:903][  0]LogConfig: Setting CVar [[s.PriorityLevelStreamingActorsUpdateExtraTime:5.0]]
[2024.11.23-13.35.45:903][  0]LogConfig: Setting CVar [[s.LevelStreamingComponentsRegistrationGranularity:10]]
[2024.11.23-13.35.45:903][  0]LogConfig: Setting CVar [[s.UnregisterComponentsTimeLimit:1.0]]
[2024.11.23-13.35.45:903][  0]LogConfig: Setting CVar [[s.LevelStreamingComponentsUnregistrationGranularity:5]]
[2024.11.23-13.35.45:903][  0]LogConfig: Setting CVar [[s.FlushStreamingOnExit:1]]
[2024.11.23-13.35.45:904][  0]LogConfig: Applying CVar settings from Section [/Script/Engine.GarbageCollectionSettings] File [C:/Users/nanim/GitHub/NewNewInsectHeaven/InsectHeaven/Saved/Config/Windows/Engine.ini]
[2024.11.23-13.35.45:904][  0]LogConfig: Setting CVar [[gc.MaxObjectsNotConsideredByGC:1]]
[2024.11.23-13.35.45:904][  0]LogConfig: Setting CVar [[gc.SizeOfPermanentObjectPool:0]]
[2024.11.23-13.35.45:904][  0]LogConfig: Setting CVar [[gc.FlushStreamingOnGC:0]]
[2024.11.23-13.35.45:904][  0]LogConfig: Setting CVar [[gc.NumRetriesBeforeForcingGC:10]]
[2024.11.23-13.35.45:904][  0]LogConfig: Setting CVar [[gc.AllowParallelGC:1]]
[2024.11.23-13.35.45:904][  0]LogConfig: Setting CVar [[gc.TimeBetweenPurgingPendingKillObjects:61.1]]
[2024.11.23-13.35.45:904][  0]LogConfig: Setting CVar [[gc.MaxObjectsInEditor:25165824]]
[2024.11.23-13.35.45:904][  0]LogConfig: Setting CVar [[gc.IncrementalBeginDestroyEnabled:1]]
[2024.11.23-13.35.45:904][  0]LogConfig: Setting CVar [[gc.CreateGCClusters:1]]
[2024.11.23-13.35.45:904][  0]LogConfig: Setting CVar [[gc.MinGCClusterSize:5]]
[2024.11.23-13.35.45:905][  0]LogConfig: Setting CVar [[gc.ActorClusteringEnabled:0]]
[2024.11.23-13.35.45:905][  0]LogConfig: Setting CVar [[gc.BlueprintClusteringEnabled:0]]
[2024.11.23-13.35.45:905][  0]LogConfig: Setting CVar [[gc.UseDisregardForGCOnDedicatedServers:0]]
[2024.11.23-13.35.45:905][  0]LogConfig: Setting CVar [[gc.MultithreadedDestructionEnabled:1]]
[2024.11.23-13.35.45:905][  0]LogConfig: Applying CVar settings from Section [/Script/Engine.NetworkSettings] File [C:/Users/nanim/GitHub/NewNewInsectHeaven/InsectHeaven/Saved/Config/Windows/Engine.ini]
[2024.11.23-13.35.45:905][  0]LogConfig: Applying CVar settings from Section [/Script/UnrealEd.CookerSettings] File [C:/Users/nanim/GitHub/NewNewInsectHeaven/InsectHeaven/Saved/Config/Windows/Engine.ini]
[2024.11.23-13.35.45:945][  0]LogConfig: Applying CVar settings from Section [ViewDistanceQuality@3] File [C:/Users/nanim/GitHub/NewNewInsectHeaven/InsectHeaven/Saved/Config/Windows/Scalability.ini]
[2024.11.23-13.35.45:945][  0]LogConfig: Setting CVar [[r.SkeletalMeshLODBias:0]]
[2024.11.23-13.35.45:945][  0]LogConfig: Setting CVar [[r.ViewDistanceScale:1.0]]
[2024.11.23-13.35.45:945][  0]LogConfig: Applying CVar settings from Section [AntiAliasingQuality@3] File [C:/Users/nanim/GitHub/NewNewInsectHeaven/InsectHeaven/Saved/Config/Windows/Scalability.ini]
[2024.11.23-13.35.45:945][  0]LogConfig: Setting CVar [[r.PostProcessAAQuality:4]]
[2024.11.23-13.35.45:946][  0]LogConfig: Applying CVar settings from Section [ShadowQuality@3] File [C:/Users/nanim/GitHub/NewNewInsectHeaven/InsectHeaven/Saved/Config/Windows/Scalability.ini]
[2024.11.23-13.35.45:946][  0]LogConfig: Setting CVar [[r.LightFunctionQuality:1]]
[2024.11.23-13.35.45:946][  0]LogConfig: Setting CVar [[r.ShadowQuality:5]]
[2024.11.23-13.35.45:946][  0]LogConfig: Setting CVar [[r.Shadow.CSM.MaxCascades:10]]
[2024.11.23-13.35.45:946][  0]LogConfig: Setting CVar [[r.Shadow.MaxResolution:2048]]
[2024.11.23-13.35.45:946][  0]LogConfig: Setting CVar [[r.Shadow.MaxCSMResolution:2048]]
[2024.11.23-13.35.45:946][  0]LogConfig: Setting CVar [[r.Shadow.RadiusThreshold:0.01]]
[2024.11.23-13.35.45:946][  0]LogConfig: Setting CVar [[r.Shadow.DistanceScale:1.0]]
[2024.11.23-13.35.45:947][  0]LogConfig: Setting CVar [[r.Shadow.CSM.TransitionScale:1.0]]
[2024.11.23-13.35.45:947][  0]LogConfig: Setting CVar [[r.Shadow.PreShadowResolutionFactor:1.0]]
[2024.11.23-13.35.45:947][  0]LogConfig: Setting CVar [[r.DistanceFieldShadowing:1]]
[2024.11.23-13.35.45:947][  0]LogConfig: Setting CVar [[r.DistanceFieldAO:1]]
[2024.11.23-13.35.45:947][  0]LogConfig: Setting CVar [[r.AOQuality:2]]
[2024.11.23-13.35.45:947][  0]LogConfig: Setting CVar [[r.VolumetricFog:1]]
[2024.11.23-13.35.45:947][  0]LogConfig: Setting CVar [[r.VolumetricFog.GridPixelSize:8]]
[2024.11.23-13.35.45:947][  0]LogConfig: Setting CVar [[r.VolumetricFog.GridSizeZ:128]]
[2024.11.23-13.35.45:948][  0]LogConfig: Setting CVar [[r.VolumetricFog.HistoryMissSupersampleCount:4]]
[2024.11.23-13.35.45:948][  0]LogConfig: Setting CVar [[r.LightMaxDrawDistanceScale:1]]
[2024.11.23-13.35.45:948][  0]LogConfig: Setting CVar [[r.CapsuleShadows:1]]
[2024.11.23-13.35.45:948][  0]LogConfig: Applying CVar settings from Section [PostProcessQuality@3] File [C:/Users/nanim/GitHub/NewNewInsectHeaven/InsectHeaven/Saved/Config/Windows/Scalability.ini]
[2024.11.23-13.35.45:948][  0]LogConfig: Setting CVar [[r.MotionBlurQuality:4]]
[2024.11.23-13.35.45:948][  0]LogConfig: Setting CVar [[r.AmbientOcclusionMipLevelFactor:0.4]]
[2024.11.23-13.35.45:948][  0]LogConfig: Setting CVar [[r.AmbientOcclusionMaxQuality:100]]
[2024.11.23-13.35.45:948][  0]LogConfig: Setting CVar [[r.AmbientOcclusionLevels:-1]]
[2024.11.23-13.35.45:949][  0]LogConfig: Setting CVar [[r.AmbientOcclusionRadiusScale:1.0]]
[2024.11.23-13.35.45:949][  0]LogConfig: Setting CVar [[r.DepthOfFieldQuality:2]]
[2024.11.23-13.35.45:949][  0]LogConfig: Setting CVar [[r.RenderTargetPoolMin:400]]
[2024.11.23-13.35.45:949][  0]LogConfig: Setting CVar [[r.LensFlareQuality:2]]
[2024.11.23-13.35.45:949][  0]LogConfig: Setting CVar [[r.SceneColorFringeQuality:1]]
[2024.11.23-13.35.45:949][  0]LogConfig: Setting CVar [[r.EyeAdaptationQuality:2]]
[2024.11.23-13.35.45:949][  0]LogConfig: Setting CVar [[r.BloomQuality:5]]
[2024.11.23-13.35.45:949][  0]LogConfig: Setting CVar [[r.FastBlurThreshold:100]]
[2024.11.23-13.35.45:949][  0]LogConfig: Setting CVar [[r.Upscale.Quality:3]]
[2024.11.23-13.35.45:950][  0]LogConfig: Setting CVar [[r.Tonemapper.GrainQuantization:1]]
[2024.11.23-13.35.45:950][  0]LogConfig: Setting CVar [[r.LightShaftQuality:1]]
[2024.11.23-13.35.45:950][  0]LogConfig: Setting CVar [[r.Filter.SizeScale:1]]
[2024.11.23-13.35.45:950][  0]LogConfig: Setting CVar [[r.Tonemapper.Quality:5]]
[2024.11.23-13.35.45:950][  0]LogConfig: Setting CVar [[r.DOF.Gather.AccumulatorQuality:1        ; higher gathering accumulator quality]]
[2024.11.23-13.35.45:950][  0]LogConfig: Setting CVar [[r.DOF.Gather.PostfilterMethod:1          ; Median3x3 postfilering method]]
[2024.11.23-13.35.45:950][  0]LogConfig: Setting CVar [[r.DOF.Gather.EnableBokehSettings:0       ; no bokeh simulation when gathering]]
[2024.11.23-13.35.45:950][  0]LogConfig: Setting CVar [[r.DOF.Gather.RingCount:4                 ; medium number of samples when gathering]]
[2024.11.23-13.35.45:950][  0]LogConfig: Setting CVar [[r.DOF.Scatter.ForegroundCompositing:1    ; additive foreground scattering]]
[2024.11.23-13.35.45:951][  0]LogConfig: Setting CVar [[r.DOF.Scatter.BackgroundCompositing:2    ; additive background scattering]]
[2024.11.23-13.35.45:951][  0]LogConfig: Setting CVar [[r.DOF.Scatter.EnableBokehSettings:1      ; bokeh simulation when scattering]]
[2024.11.23-13.35.45:951][  0]LogConfig: Setting CVar [[r.DOF.Scatter.MaxSpriteRatio:0.1         ; only a maximum of 10% of scattered bokeh]]
[2024.11.23-13.35.45:951][  0]LogConfig: Setting CVar [[r.DOF.Recombine.Quality:1                ; cheap slight out of focus]]
[2024.11.23-13.35.45:951][  0]LogConfig: Setting CVar [[r.DOF.Recombine.EnableBokehSettings:0    ; no bokeh simulation on slight out of focus]]
[2024.11.23-13.35.45:951][  0]LogConfig: Setting CVar [[r.DOF.TemporalAAQuality:1                ; more stable temporal accumulation]]
[2024.11.23-13.35.45:951][  0]LogConfig: Setting CVar [[r.DOF.Kernel.MaxForegroundRadius:0.025]]
[2024.11.23-13.35.45:951][  0]LogConfig: Setting CVar [[r.DOF.Kernel.MaxBackgroundRadius:0.025]]
[2024.11.23-13.35.45:951][  0]LogConfig: Applying CVar settings from Section [TextureQuality@3] File [C:/Users/nanim/GitHub/NewNewInsectHeaven/InsectHeaven/Saved/Config/Windows/Scalability.ini]
[2024.11.23-13.35.45:952][  0]LogConfig: Setting CVar [[r.Streaming.MipBias:0]]
[2024.11.23-13.35.45:952][  0]LogConfig: Setting CVar [[r.Streaming.AmortizeCPUToGPUCopy:0]]
[2024.11.23-13.35.45:952][  0]LogConfig: Setting CVar [[r.Streaming.MaxNumTexturesToStreamPerFrame:0]]
[2024.11.23-13.35.45:952][  0]LogConfig: Setting CVar [[r.Streaming.Boost:1]]
[2024.11.23-13.35.45:952][  0]LogConfig: Setting CVar [[r.MaxAnisotropy:8]]
[2024.11.23-13.35.45:952][  0]LogConfig: Setting CVar [[r.VT.MaxAnisotropy:8]]
[2024.11.23-13.35.45:953][  0]LogConfig: Setting CVar [[r.Streaming.LimitPoolSizeToVRAM:0]]
[2024.11.23-13.35.45:953][  0]LogConfig: Setting CVar [[r.Streaming.PoolSize:1000]]
[2024.11.23-13.35.45:953][  0]LogConfig: Setting CVar [[r.Streaming.MaxEffectiveScreenSize:0]]
[2024.11.23-13.35.45:953][  0]LogConfig: Applying CVar settings from Section [EffectsQuality@3] File [C:/Users/nanim/GitHub/NewNewInsectHeaven/InsectHeaven/Saved/Config/Windows/Scalability.ini]
[2024.11.23-13.35.45:953][  0]LogConfig: Setting CVar [[r.TranslucencyLightingVolumeDim:64]]
[2024.11.23-13.35.45:953][  0]LogConfig: Setting CVar [[r.RefractionQuality:2]]
[2024.11.23-13.35.45:953][  0]LogConfig: Setting CVar [[r.SSR.Quality:3]]
[2024.11.23-13.35.45:953][  0]LogConfig: Setting CVar [[r.SSR.HalfResSceneColor:0]]
[2024.11.23-13.35.45:953][  0]LogConfig: Setting CVar [[r.SceneColorFormat:4]]
[2024.11.23-13.35.45:953][  0]LogConfig: Setting CVar [[r.DetailMode:2]]
[2024.11.23-13.35.45:954][  0]LogConfig: Setting CVar [[r.TranslucencyVolumeBlur:1]]
[2024.11.23-13.35.45:954][  0]LogConfig: Setting CVar [[r.MaterialQualityLevel:1 ; High quality]]
[2024.11.23-13.35.45:954][  0]LogConfig: Setting CVar [[r.AnisotropicMaterials:1]]
[2024.11.23-13.35.45:954][  0]LogConfig: Setting CVar [[r.SSS.Scale:1]]
[2024.11.23-13.35.45:954][  0]LogConfig: Setting CVar [[r.SSS.SampleSet:2]]
[2024.11.23-13.35.45:954][  0]LogConfig: Setting CVar [[r.SSS.Quality:1]]
[2024.11.23-13.35.45:954][  0]LogConfig: Setting CVar [[r.SSS.HalfRes:0]]
[2024.11.23-13.35.45:954][  0]LogConfig: Setting CVar [[r.SSGI.Quality:3]]
[2024.11.23-13.35.45:954][  0]LogConfig: Setting CVar [[r.EmitterSpawnRateScale:1.0]]
[2024.11.23-13.35.45:954][  0]LogConfig: Setting CVar [[r.ParticleLightQuality:2]]
[2024.11.23-13.35.45:955][  0]LogConfig: Setting CVar [[r.SkyAtmosphere.AerialPerspectiveLUT.FastApplyOnOpaque:1 ; Always have FastSkyLUT 1 in this case to avoid wrong sky]]
[2024.11.23-13.35.45:955][  0]LogConfig: Setting CVar [[r.SkyAtmosphere.AerialPerspectiveLUT.SampleCountMaxPerSlice:4]]
[2024.11.23-13.35.45:955][  0]LogConfig: Setting CVar [[r.SkyAtmosphere.AerialPerspectiveLUT.DepthResolution:16.0]]
[2024.11.23-13.35.45:955][  0]LogConfig: Setting CVar [[r.SkyAtmosphere.FastSkyLUT:1]]
[2024.11.23-13.35.45:955][  0]LogConfig: Setting CVar [[r.SkyAtmosphere.FastSkyLUT.SampleCountMin:4.0]]
[2024.11.23-13.35.45:955][  0]LogConfig: Setting CVar [[r.SkyAtmosphere.FastSkyLUT.SampleCountMax:128.0]]
[2024.11.23-13.35.45:955][  0]LogConfig: Setting CVar [[r.SkyAtmosphere.SampleCountMin:4.0]]
[2024.11.23-13.35.45:955][  0]LogConfig: Setting CVar [[r.SkyAtmosphere.SampleCountMax:128.0]]
[2024.11.23-13.35.45:955][  0]LogConfig: Setting CVar [[r.SkyAtmosphere.TransmittanceLUT.UseSmallFormat:0]]
[2024.11.23-13.35.45:956][  0]LogConfig: Setting CVar [[r.SkyAtmosphere.TransmittanceLUT.SampleCount:10.0]]
[2024.11.23-13.35.45:956][  0]LogConfig: Setting CVar [[r.SkyAtmosphere.MultiScatteringLUT.SampleCount:15.0]]
[2024.11.23-13.35.45:956][  0]LogConfig: Setting CVar [[r.SkyLight.RealTimeReflectionCapture:1]]
[2024.11.23-13.35.45:956][  0]LogConfig: Applying CVar settings from Section [FoliageQuality@3] File [C:/Users/nanim/GitHub/NewNewInsectHeaven/InsectHeaven/Saved/Config/Windows/Scalability.ini]
[2024.11.23-13.35.45:956][  0]LogConfig: Setting CVar [[foliage.DensityScale:1.0]]
[2024.11.23-13.35.45:956][  0]LogConfig: Setting CVar [[grass.DensityScale:1.0]]
[2024.11.23-13.35.45:956][  0]LogConfig: Applying CVar settings from Section [ShadingQuality@3] File [C:/Users/nanim/GitHub/NewNewInsectHeaven/InsectHeaven/Saved/Config/Windows/Scalability.ini]
[2024.11.23-13.35.45:956][  0]LogConfig: Setting CVar [[r.HairStrands.SkyLighting.IntegrationType:2]]
[2024.11.23-13.35.45:956][  0]LogConfig: Setting CVar [[r.HairStrands.SkyAO.SampleCount:4]]
[2024.11.23-13.35.45:958][  0]LogConfig: Setting CVar [[r.HairStrands.Visibility.MSAA.SamplePerPixel:4]]
[2024.11.23-13.35.45:958][  0]LogInit: Selected Device Profile: [Windows]
[2024.11.23-13.35.45:958][  0]LogInit: Applying CVar settings loaded from the selected device profile: [Windows]
[2024.11.23-13.35.45:958][  0]LogHAL: Display: Platform has ~ 32 GB [33457160192 / 34359738368 / 32], which maps to Largest [LargestMinGB=32, LargerMinGB=12, DefaultMinGB=8, SmallerMinGB=6, SmallestMinGB=0)
[2024.11.23-13.35.45:958][  0]LogInit: Going up to parent DeviceProfile []
[2024.11.23-13.35.45:958][  0]LogConfig: Applying CVar settings from Section [ViewDistanceQuality@3] File [C:/Users/nanim/GitHub/NewNewInsectHeaven/InsectHeaven/Saved/Config/Windows/Scalability.ini]
[2024.11.23-13.35.45:958][  0]LogConfig: Setting CVar [[r.SkeletalMeshLODBias:0]]
[2024.11.23-13.35.45:958][  0]LogConfig: Setting CVar [[r.ViewDistanceScale:1.0]]
[2024.11.23-13.35.45:959][  0]LogConfig: Applying CVar settings from Section [AntiAliasingQuality@3] File [C:/Users/nanim/GitHub/NewNewInsectHeaven/InsectHeaven/Saved/Config/Windows/Scalability.ini]
[2024.11.23-13.35.45:959][  0]LogConfig: Setting CVar [[r.PostProcessAAQuality:4]]
[2024.11.23-13.35.45:959][  0]LogConfig: Applying CVar settings from Section [ShadowQuality@3] File [C:/Users/nanim/GitHub/NewNewInsectHeaven/InsectHeaven/Saved/Config/Windows/Scalability.ini]
[2024.11.23-13.35.45:959][  0]LogConfig: Setting CVar [[r.LightFunctionQuality:1]]
[2024.11.23-13.35.45:959][  0]LogConfig: Setting CVar [[r.ShadowQuality:5]]
[2024.11.23-13.35.45:959][  0]LogConfig: Setting CVar [[r.Shadow.CSM.MaxCascades:10]]
[2024.11.23-13.35.45:959][  0]LogConfig: Setting CVar [[r.Shadow.MaxResolution:2048]]
[2024.11.23-13.35.45:959][  0]LogConfig: Setting CVar [[r.Shadow.MaxCSMResolution:2048]]
[2024.11.23-13.35.45:959][  0]LogConfig: Setting CVar [[r.Shadow.RadiusThreshold:0.01]]
[2024.11.23-13.35.45:960][  0]LogConfig: Setting CVar [[r.Shadow.DistanceScale:1.0]]
[2024.11.23-13.35.45:960][  0]LogConfig: Setting CVar [[r.Shadow.CSM.TransitionScale:1.0]]
[2024.11.23-13.35.45:960][  0]LogConfig: Setting CVar [[r.Shadow.PreShadowResolutionFactor:1.0]]
[2024.11.23-13.35.45:960][  0]LogConfig: Setting CVar [[r.DistanceFieldShadowing:1]]
[2024.11.23-13.35.45:960][  0]LogConfig: Setting CVar [[r.DistanceFieldAO:1]]
[2024.11.23-13.35.45:960][  0]LogConfig: Setting CVar [[r.AOQuality:2]]
[2024.11.23-13.35.45:960][  0]LogConfig: Setting CVar [[r.VolumetricFog:1]]
[2024.11.23-13.35.45:960][  0]LogConfig: Setting CVar [[r.VolumetricFog.GridPixelSize:8]]
[2024.11.23-13.35.45:960][  0]LogConfig: Setting CVar [[r.VolumetricFog.GridSizeZ:128]]
[2024.11.23-13.35.45:960][  0]LogConfig: Setting CVar [[r.VolumetricFog.HistoryMissSupersampleCount:4]]
[2024.11.23-13.35.45:961][  0]LogConfig: Setting CVar [[r.LightMaxDrawDistanceScale:1]]
[2024.11.23-13.35.45:961][  0]LogConfig: Setting CVar [[r.CapsuleShadows:1]]
[2024.11.23-13.35.45:961][  0]LogConfig: Applying CVar settings from Section [PostProcessQuality@3] File [C:/Users/nanim/GitHub/NewNewInsectHeaven/InsectHeaven/Saved/Config/Windows/Scalability.ini]
[2024.11.23-13.35.45:961][  0]LogConfig: Setting CVar [[r.MotionBlurQuality:4]]
[2024.11.23-13.35.45:961][  0]LogConfig: Setting CVar [[r.AmbientOcclusionMipLevelFactor:0.4]]
[2024.11.23-13.35.45:961][  0]LogConfig: Setting CVar [[r.AmbientOcclusionMaxQuality:100]]
[2024.11.23-13.35.45:961][  0]LogConfig: Setting CVar [[r.AmbientOcclusionLevels:-1]]
[2024.11.23-13.35.45:961][  0]LogConfig: Setting CVar [[r.AmbientOcclusionRadiusScale:1.0]]
[2024.11.23-13.35.45:961][  0]LogConfig: Setting CVar [[r.DepthOfFieldQuality:2]]
[2024.11.23-13.35.45:961][  0]LogConfig: Setting CVar [[r.RenderTargetPoolMin:400]]
[2024.11.23-13.35.45:961][  0]LogConfig: Setting CVar [[r.LensFlareQuality:2]]
[2024.11.23-13.35.45:962][  0]LogConfig: Setting CVar [[r.SceneColorFringeQuality:1]]
[2024.11.23-13.35.45:962][  0]LogConfig: Setting CVar [[r.EyeAdaptationQuality:2]]
[2024.11.23-13.35.45:962][  0]LogConfig: Setting CVar [[r.BloomQuality:5]]
[2024.11.23-13.35.45:962][  0]LogConfig: Setting CVar [[r.FastBlurThreshold:100]]
[2024.11.23-13.35.45:962][  0]LogConfig: Setting CVar [[r.Upscale.Quality:3]]
[2024.11.23-13.35.45:962][  0]LogConfig: Setting CVar [[r.Tonemapper.GrainQuantization:1]]
[2024.11.23-13.35.45:962][  0]LogConfig: Setting CVar [[r.LightShaftQuality:1]]
[2024.11.23-13.35.45:962][  0]LogConfig: Setting CVar [[r.Filter.SizeScale:1]]
[2024.11.23-13.35.45:962][  0]LogConfig: Setting CVar [[r.Tonemapper.Quality:5]]
[2024.11.23-13.35.45:963][  0]LogConfig: Setting CVar [[r.DOF.Gather.AccumulatorQuality:1        ; higher gathering accumulator quality]]
[2024.11.23-13.35.45:963][  0]LogConfig: Setting CVar [[r.DOF.Gather.PostfilterMethod:1          ; Median3x3 postfilering method]]
[2024.11.23-13.35.45:963][  0]LogConfig: Setting CVar [[r.DOF.Gather.EnableBokehSettings:0       ; no bokeh simulation when gathering]]
[2024.11.23-13.35.45:963][  0]LogConfig: Setting CVar [[r.DOF.Gather.RingCount:4                 ; medium number of samples when gathering]]
[2024.11.23-13.35.45:963][  0]LogConfig: Setting CVar [[r.DOF.Scatter.ForegroundCompositing:1    ; additive foreground scattering]]
[2024.11.23-13.35.45:963][  0]LogConfig: Setting CVar [[r.DOF.Scatter.BackgroundCompositing:2    ; additive background scattering]]
[2024.11.23-13.35.45:963][  0]LogConfig: Setting CVar [[r.DOF.Scatter.EnableBokehSettings:1      ; bokeh simulation when scattering]]
[2024.11.23-13.35.45:963][  0]LogConfig: Setting CVar [[r.DOF.Scatter.MaxSpriteRatio:0.1         ; only a maximum of 10% of scattered bokeh]]
[2024.11.23-13.35.45:964][  0]LogConfig: Setting CVar [[r.DOF.Recombine.Quality:1                ; cheap slight out of focus]]
[2024.11.23-13.35.45:964][  0]LogConfig: Setting CVar [[r.DOF.Recombine.EnableBokehSettings:0    ; no bokeh simulation on slight out of focus]]
[2024.11.23-13.35.45:964][  0]LogConfig: Setting CVar [[r.DOF.TemporalAAQuality:1                ; more stable temporal accumulation]]
[2024.11.23-13.35.45:964][  0]LogConfig: Setting CVar [[r.DOF.Kernel.MaxForegroundRadius:0.025]]
[2024.11.23-13.35.45:964][  0]LogConfig: Setting CVar [[r.DOF.Kernel.MaxBackgroundRadius:0.025]]
[2024.11.23-13.35.45:964][  0]LogConfig: Applying CVar settings from Section [TextureQuality@3] File [C:/Users/nanim/GitHub/NewNewInsectHeaven/InsectHeaven/Saved/Config/Windows/Scalability.ini]
[2024.11.23-13.35.45:964][  0]LogConfig: Setting CVar [[r.Streaming.MipBias:0]]
[2024.11.23-13.35.45:964][  0]LogConfig: Setting CVar [[r.Streaming.AmortizeCPUToGPUCopy:0]]
[2024.11.23-13.35.45:964][  0]LogConfig: Setting CVar [[r.Streaming.MaxNumTexturesToStreamPerFrame:0]]
[2024.11.23-13.35.45:965][  0]LogConfig: Setting CVar [[r.Streaming.Boost:1]]
[2024.11.23-13.35.45:965][  0]LogConfig: Setting CVar [[r.MaxAnisotropy:8]]
[2024.11.23-13.35.45:965][  0]LogConfig: Setting CVar [[r.VT.MaxAnisotropy:8]]
[2024.11.23-13.35.45:965][  0]LogConfig: Setting CVar [[r.Streaming.LimitPoolSizeToVRAM:0]]
[2024.11.23-13.35.45:965][  0]LogConfig: Setting CVar [[r.Streaming.PoolSize:1000]]
[2024.11.23-13.35.45:965][  0]LogConfig: Setting CVar [[r.Streaming.MaxEffectiveScreenSize:0]]
[2024.11.23-13.35.45:965][  0]LogConfig: Applying CVar settings from Section [EffectsQuality@3] File [C:/Users/nanim/GitHub/NewNewInsectHeaven/InsectHeaven/Saved/Config/Windows/Scalability.ini]
[2024.11.23-13.35.45:965][  0]LogConfig: Setting CVar [[r.TranslucencyLightingVolumeDim:64]]
[2024.11.23-13.35.45:965][  0]LogConfig: Setting CVar [[r.RefractionQuality:2]]
[2024.11.23-13.35.45:966][  0]LogConfig: Setting CVar [[r.SSR.Quality:3]]
[2024.11.23-13.35.45:966][  0]LogConfig: Setting CVar [[r.SSR.HalfResSceneColor:0]]
[2024.11.23-13.35.45:966][  0]LogConfig: Setting CVar [[r.SceneColorFormat:4]]
[2024.11.23-13.35.45:966][  0]LogConfig: Setting CVar [[r.DetailMode:2]]
[2024.11.23-13.35.45:966][  0]LogConfig: Setting CVar [[r.TranslucencyVolumeBlur:1]]
[2024.11.23-13.35.45:966][  0]LogConfig: Setting CVar [[r.MaterialQualityLevel:1 ; High quality]]
[2024.11.23-13.35.45:966][  0]LogConfig: Setting CVar [[r.AnisotropicMaterials:1]]
[2024.11.23-13.35.45:966][  0]LogConfig: Setting CVar [[r.SSS.Scale:1]]
[2024.11.23-13.35.45:966][  0]LogConfig: Setting CVar [[r.SSS.SampleSet:2]]
[2024.11.23-13.35.45:967][  0]LogConfig: Setting CVar [[r.SSS.Quality:1]]
[2024.11.23-13.35.45:967][  0]LogConfig: Setting CVar [[r.SSS.HalfRes:0]]
[2024.11.23-13.35.45:967][  0]LogConfig: Setting CVar [[r.SSGI.Quality:3]]
[2024.11.23-13.35.45:967][  0]LogConfig: Setting CVar [[r.EmitterSpawnRateScale:1.0]]
[2024.11.23-13.35.45:967][  0]LogConfig: Setting CVar [[r.ParticleLightQuality:2]]
[2024.11.23-13.35.45:967][  0]LogConfig: Setting CVar [[r.SkyAtmosphere.AerialPerspectiveLUT.FastApplyOnOpaque:1 ; Always have FastSkyLUT 1 in this case to avoid wrong sky]]
[2024.11.23-13.35.45:967][  0]LogConfig: Setting CVar [[r.SkyAtmosphere.AerialPerspectiveLUT.SampleCountMaxPerSlice:4]]
[2024.11.23-13.35.45:967][  0]LogConfig: Setting CVar [[r.SkyAtmosphere.AerialPerspectiveLUT.DepthResolution:16.0]]
[2024.11.23-13.35.45:967][  0]LogConfig: Setting CVar [[r.SkyAtmosphere.FastSkyLUT:1]]
[2024.11.23-13.35.45:967][  0]LogConfig: Setting CVar [[r.SkyAtmosphere.FastSkyLUT.SampleCountMin:4.0]]
[2024.11.23-13.35.45:968][  0]LogConfig: Setting CVar [[r.SkyAtmosphere.FastSkyLUT.SampleCountMax:128.0]]
[2024.11.23-13.35.45:968][  0]LogConfig: Setting CVar [[r.SkyAtmosphere.SampleCountMin:4.0]]
[2024.11.23-13.35.45:968][  0]LogConfig: Setting CVar [[r.SkyAtmosphere.SampleCountMax:128.0]]
[2024.11.23-13.35.45:968][  0]LogConfig: Setting CVar [[r.SkyAtmosphere.TransmittanceLUT.UseSmallFormat:0]]
[2024.11.23-13.35.45:968][  0]LogConfig: Setting CVar [[r.SkyAtmosphere.TransmittanceLUT.SampleCount:10.0]]
[2024.11.23-13.35.45:968][  0]LogConfig: Setting CVar [[r.SkyAtmosphere.MultiScatteringLUT.SampleCount:15.0]]
[2024.11.23-13.35.45:968][  0]LogConfig: Setting CVar [[r.SkyLight.RealTimeReflectionCapture:1]]
[2024.11.23-13.35.45:968][  0]LogConfig: Applying CVar settings from Section [FoliageQuality@3] File [C:/Users/nanim/GitHub/NewNewInsectHeaven/InsectHeaven/Saved/Config/Windows/Scalability.ini]
[2024.11.23-13.35.45:968][  0]LogConfig: Setting CVar [[foliage.DensityScale:1.0]]
[2024.11.23-13.35.45:969][  0]LogConfig: Setting CVar [[grass.DensityScale:1.0]]
[2024.11.23-13.35.45:969][  0]LogConfig: Applying CVar settings from Section [ShadingQuality@3] File [C:/Users/nanim/GitHub/NewNewInsectHeaven/InsectHeaven/Saved/Config/Windows/Scalability.ini]
[2024.11.23-13.35.45:969][  0]LogConfig: Setting CVar [[r.HairStrands.SkyLighting.IntegrationType:2]]
[2024.11.23-13.35.45:969][  0]LogConfig: Setting CVar [[r.HairStrands.SkyAO.SampleCount:4]]
[2024.11.23-13.35.45:969][  0]LogConfig: Setting CVar [[r.HairStrands.Visibility.MSAA.SamplePerPixel:4]]
[2024.11.23-13.35.45:969][  0]LogConfig: Applying CVar settings from Section [Startup] File [../../../Engine/Config/ConsoleVariables.ini]
[2024.11.23-13.35.45:969][  0]LogConfig: Setting CVar [[net.UseAdaptiveNetUpdateFrequency:0]]
[2024.11.23-13.35.45:970][  0]LogConfig: Setting CVar [[p.chaos.AllowCreatePhysxBodies:1]]
[2024.11.23-13.35.45:970][  0]LogConfig: Setting CVar [[fx.SkipVectorVMBackendOptimizations:1]]
[2024.11.23-13.35.45:970][  0]LogConfig: Applying CVar settings from Section [ConsoleVariables] File [C:/Users/nanim/GitHub/NewNewInsectHeaven/InsectHeaven/Saved/Config/Windows/Engine.ini]
[2024.11.23-13.35.45:970][  0]LogConfig: Applying CVar settings from Section [ConsoleVariables] File [C:/Users/nanim/GitHub/NewNewInsectHeaven/InsectHeaven/Saved/Config/Windows/Editor.ini]
[2024.11.23-13.35.45:970][  0]LogInit: Computer: DESKTOP-NS5ONMH
[2024.11.23-13.35.45:970][  0]LogInit: User: nanim
[2024.11.23-13.35.45:970][  0]LogInit: CPU Page size=4096, Cores=12
[2024.11.23-13.35.45:970][  0]LogInit: High frequency timer resolution =10.000000 MHz
[2024.11.23-13.35.45:970][  0]LogMemory: Memory total: Physical=31.2GB (32GB approx)
[2024.11.23-13.35.45:971][  0]LogMemory: Platform Memory Stats for Windows
[2024.11.23-13.35.45:971][  0]LogMemory: Process Physical Memory: 149.64 MB used, 149.64 MB peak
[2024.11.23-13.35.45:971][  0]LogMemory: Process Virtual Memory: 128.70 MB used, 128.70 MB peak
[2024.11.23-13.35.45:971][  0]LogMemory: Physical Memory: 16175.50 MB used,  15731.73 MB free, 31907.23 MB total
[2024.11.23-13.35.45:971][  0]LogMemory: Virtual Memory: 134175792.00 MB used,  41936.01 MB free, 134217728.00 MB total
[2024.11.23-13.35.45:983][  0]LogWindows: WindowsPlatformFeatures enabled
[2024.11.23-13.35.46:097][  0]LogInit: Physics initialised using underlying interface: PhysX
[2024.11.23-13.35.46:098][  0]LogInit: Using OS detected language (ko-KR).
[2024.11.23-13.35.46:098][  0]LogInit: Using OS detected locale (ko-KR).
[2024.11.23-13.35.46:103][  0]LogTextLocalizationManager: No specific localization for 'ko-KR' exists, so the 'ko' localization will be used.
[2024.11.23-13.35.46:173][  0]LogInit: Setting process to per monitor DPI aware
[2024.11.23-13.35.46:301][  0]LogWindowsTextInputMethodSystem: Display: IME system deactivated.
[2024.11.23-13.35.46:332][  0]LogSlate: New Slate User Created.  User Index 0, Is Virtual User: 0
[2024.11.23-13.35.46:333][  0]LogSlate: Slate User Registered.  User Index 0, Is Virtual User: 0
[2024.11.23-13.35.46:471][  0]LogD3D11RHI: Loaded GFSDK_Aftermath_Lib.x64.dll
[2024.11.23-13.35.46:478][  0]LogHMD: Failed to initialize OpenVR with code 110
[2024.11.23-13.35.46:478][  0]LogD3D11RHI: D3D11 min allowed feature level: 11_0
[2024.11.23-13.35.46:478][  0]LogD3D11RHI: D3D11 max allowed feature level: 11_0
[2024.11.23-13.35.46:478][  0]LogD3D11RHI: D3D11 adapters:
[2024.11.23-13.35.46:589][  0]LogD3D11RHI:    0. 'AMD Radeon RX 7900 XTX' (Feature Level 11_0)
[2024.11.23-13.35.46:590][  0]LogD3D11RHI:       24491/0/15953 MB DedicatedVideo/DedicatedSystem/SharedSystem, Outputs:2, VendorId:0x1002
[2024.11.23-13.35.46:657][  0]LogD3D11RHI:    1. 'AMD Radeon(TM) Graphics' (Feature Level 11_0)
[2024.11.23-13.35.46:658][  0]LogD3D11RHI:       459/0/15953 MB DedicatedVideo/DedicatedSystem/SharedSystem, Outputs:0, VendorId:0x1002
[2024.11.23-13.35.46:662][  0]LogD3D11RHI:    2. 'Microsoft Basic Render Driver' (Feature Level 11_0)
[2024.11.23-13.35.46:663][  0]LogD3D11RHI:       0/0/15953 MB DedicatedVideo/DedicatedSystem/SharedSystem, Outputs:0, VendorId:0x1414
[2024.11.23-13.35.46:663][  0]LogD3D11RHI: Chosen D3D11 Adapter:
[2024.11.23-13.35.46:663][  0]LogD3D11RHI:     Description : AMD Radeon RX 7900 XTX
[2024.11.23-13.35.46:663][  0]LogD3D11RHI:     VendorId    : 1002
[2024.11.23-13.35.46:663][  0]LogD3D11RHI:     DeviceId    : 744c
[2024.11.23-13.35.46:663][  0]LogD3D11RHI:     SubSysId    : e3b1002
[2024.11.23-13.35.46:663][  0]LogD3D11RHI:     Revision    : 00c8
[2024.11.23-13.35.46:663][  0]LogD3D11RHI:     DedicatedVideoMemory : 25681567744 bytes
[2024.11.23-13.35.46:663][  0]LogD3D11RHI:     DedicatedSystemMemory : 0 bytes
[2024.11.23-13.35.46:664][  0]LogD3D11RHI:     SharedSystemMemory : 16728580096 bytes
[2024.11.23-13.35.46:664][  0]LogD3D11RHI:     AdapterLuid : 0 76150
[2024.11.23-13.35.46:669][  0]LogD3D11RHI: Creating new Direct3DDevice
[2024.11.23-13.35.46:669][  0]LogD3D11RHI:     GPU DeviceId: 0x744c (for the marketing name, search the web for "GPU Device Id")
[2024.11.23-13.35.46:669][  0]LogWindows: EnumDisplayDevices:
[2024.11.23-13.35.46:669][  0]LogWindows:    0. 'AMD Radeon RX 7900 XTX' (P:1 D:1)
[2024.11.23-13.35.46:670][  0]LogWindows:    1. 'AMD Radeon RX 7900 XTX' (P:0 D:1)
[2024.11.23-13.35.46:671][  0]LogWindows:    2. 'AMD Radeon RX 7900 XTX' (P:0 D:0)
[2024.11.23-13.35.46:672][  0]LogWindows:    3. 'AMD Radeon RX 7900 XTX' (P:0 D:0)
[2024.11.23-13.35.46:673][  0]LogWindows:    4. 'AMD Radeon RX 7900 XTX' (P:0 D:0)
[2024.11.23-13.35.46:673][  0]LogWindows:    5. 'AMD Radeon(TM) Graphics' (P:0 D:0)
[2024.11.23-13.35.46:674][  0]LogWindows:    6. 'AMD Radeon(TM) Graphics' (P:0 D:0)
[2024.11.23-13.35.46:675][  0]LogWindows:    7. 'AMD Radeon(TM) Graphics' (P:0 D:0)
[2024.11.23-13.35.46:676][  0]LogWindows:    8. 'AMD Radeon(TM) Graphics' (P:0 D:0)
[2024.11.23-13.35.46:677][  0]LogWindows:    9. 'AMD Radeon(TM) Graphics' (P:0 D:0)
[2024.11.23-13.35.46:677][  0]LogWindows: DebugString: PrimaryIsNotTheChoosenAdapter PrimaryIsNotTheChoosenAdapter PrimaryIsNotTheChoosenAdapter PrimaryIsNotTheChoosenAdapter PrimaryIsNotTheChoosenAdapter FoundDriverCount:5 
[2024.11.23-13.35.46:677][  0]LogD3D11RHI:     Adapter Name: AMD Radeon RX 7900 XTX
[2024.11.23-13.35.46:678][  0]LogD3D11RHI:   Driver Version: AMD Software: Adrenalin Edition 24.9.1 (internal:32.0.12011.1036, unified:32.0.12011.1036)
[2024.11.23-13.35.46:678][  0]LogD3D11RHI:      Driver Date: 9-26-2024
[2024.11.23-13.35.46:678][  0]LogRHI: Texture pool is 16606 MB (70% of 23723 MB)
[2024.11.23-13.35.46:732][  0]LogD3D11RHI: Creating D3DDevice with AMD AGS, using adapter:
[2024.11.23-13.35.46:732][  0]LogD3D11RHI:     Description : AMD Radeon RX 7900 XTX
[2024.11.23-13.35.46:732][  0]LogD3D11RHI:     VendorId    : 1002
[2024.11.23-13.35.46:732][  0]LogD3D11RHI:     DeviceId    : 744c
[2024.11.23-13.35.46:732][  0]LogD3D11RHI:     SubSysId    : e3b1002
[2024.11.23-13.35.46:732][  0]LogD3D11RHI:     Revision    : 00c8
[2024.11.23-13.35.46:732][  0]LogD3D11RHI:     DedicatedVideoMemory : 25681567744 bytes
[2024.11.23-13.35.46:733][  0]LogD3D11RHI:     DedicatedSystemMemory : 0 bytes
[2024.11.23-13.35.46:733][  0]LogD3D11RHI:     SharedSystemMemory : 16728580096 bytes
[2024.11.23-13.35.46:733][  0]LogD3D11RHI:     AdapterLuid : 0 76150
[2024.11.23-13.35.46:812][  0]LogD3D11RHI: Created device via AGS, feature level 11_0, supported extensions 1fffffbf.
[2024.11.23-13.35.46:812][  0]LogD3D11RHI: RHI has support for 64 bit atomics
[2024.11.23-13.35.46:812][  0]LogD3D11RHI: Async texture creation enabled
[2024.11.23-13.35.46:812][  0]LogD3D11RHI: Array index from any shader is supported
[2024.11.23-13.35.46:823][  0]LogD3D11RHI: GPU Timing Frequency: 100.000000 (Debug: 2 1)
[2024.11.23-13.35.47:064][  0]LogTargetPlatformManager: Display: Loaded TargetPlatform 'AllDesktop'
[2024.11.23-13.35.47:085][  0]LogTargetPlatformManager: Display: Loaded TargetPlatform 'Android'
[2024.11.23-13.35.47:085][  0]LogTargetPlatformManager: Display: Loaded TargetPlatform 'Android_ASTC'
[2024.11.23-13.35.47:085][  0]LogTargetPlatformManager: Display: Loaded TargetPlatform 'Android_DXT'
[2024.11.23-13.35.47:086][  0]LogTargetPlatformManager: Display: Loaded TargetPlatform 'Android_ETC2'
[2024.11.23-13.35.47:086][  0]LogTargetPlatformManager: Display: Loaded TargetPlatform 'AndroidClient'
[2024.11.23-13.35.47:086][  0]LogTargetPlatformManager: Display: Loaded TargetPlatform 'Android_ASTCClient'
[2024.11.23-13.35.47:086][  0]LogTargetPlatformManager: Display: Loaded TargetPlatform 'Android_DXTClient'
[2024.11.23-13.35.47:086][  0]LogTargetPlatformManager: Display: Loaded TargetPlatform 'Android_ETC2Client'
[2024.11.23-13.35.47:086][  0]LogTargetPlatformManager: Display: Loaded TargetPlatform 'Android_Multi'
[2024.11.23-13.35.47:086][  0]LogTargetPlatformManager: Display: Loaded TargetPlatform 'Android_MultiClient'
[2024.11.23-13.35.47:113][  0]LogTargetPlatformManager: Display: Loaded TargetPlatform 'IOSClient'
[2024.11.23-13.35.47:113][  0]LogTargetPlatformManager: Display: Loaded TargetPlatform 'IOS'
[2024.11.23-13.35.47:125][  0]LogTargetPlatformManager: Display: Loaded TargetPlatform 'Linux'
[2024.11.23-13.35.47:134][  0]LogTargetPlatformManager: Display: Loaded TargetPlatform 'LinuxNoEditor'
[2024.11.23-13.35.47:142][  0]LogTargetPlatformManager: Display: Loaded TargetPlatform 'LinuxClient'
[2024.11.23-13.35.47:150][  0]LogTargetPlatformManager: Display: Loaded TargetPlatform 'LinuxServer'
[2024.11.23-13.35.47:161][  0]LogTargetPlatformManager: Display: Loaded TargetPlatform 'LinuxAArch64NoEditor'
[2024.11.23-13.35.47:169][  0]LogTargetPlatformManager: Display: Loaded TargetPlatform 'LinuxAArch64Client'
[2024.11.23-13.35.47:177][  0]LogTargetPlatformManager: Display: Loaded TargetPlatform 'LinuxAArch64Server'
[2024.11.23-13.35.47:200][  0]LogTargetPlatformManager: Display: Loaded TargetPlatform 'Lumin'
[2024.11.23-13.35.47:200][  0]LogTargetPlatformManager: Display: Loaded TargetPlatform 'LuminClient'
[2024.11.23-13.35.47:211][  0]LogTargetPlatformManager: Display: Loaded TargetPlatform 'MacNoEditor'
[2024.11.23-13.35.47:219][  0]LogTargetPlatformManager: Display: Loaded TargetPlatform 'Mac'
[2024.11.23-13.35.47:227][  0]LogTargetPlatformManager: Display: Loaded TargetPlatform 'MacClient'
[2024.11.23-13.35.47:234][  0]LogTargetPlatformManager: Display: Loaded TargetPlatform 'MacServer'
[2024.11.23-13.35.47:246][  0]LogTargetPlatformManager: Display: Loaded TargetPlatform 'TVOSClient'
[2024.11.23-13.35.47:246][  0]LogTargetPlatformManager: Display: Loaded TargetPlatform 'TVOS'
[2024.11.23-13.35.47:257][  0]LogTargetPlatformManager: Display: Loaded TargetPlatform 'WindowsNoEditor'
[2024.11.23-13.35.47:265][  0]LogTargetPlatformManager: Display: Loaded TargetPlatform 'Windows'
[2024.11.23-13.35.47:274][  0]LogTargetPlatformManager: Display: Loaded TargetPlatform 'WindowsClient'
[2024.11.23-13.35.47:281][  0]LogTargetPlatformManager: Display: Loaded TargetPlatform 'WindowsServer'
[2024.11.23-13.35.47:282][  0]LogTargetPlatformManager: Display: Building Assets For Windows
[2024.11.23-13.35.47:310][  0]LogAudioDebug: Display: Lib vorbis DLL was dynamically loaded.
[2024.11.23-13.35.47:406][  0]LogTextureFormatOodle: Display: Oodle Texture 2.9.0 init RDO Off
[2024.11.23-13.35.47:488][  0]LogRendererCore: Ray tracing is disabled. Reason: r.RayTracing=0.
[2024.11.23-13.35.47:488][  0]LogShaderCompilers: Guid format shader working directory is -19 characters bigger than the processId version (../../../../../Users/nanim/GitHub/NewNewInsectHeaven/InsectHeaven/Intermediate/Shaders/WorkingDirectory/6796/).
[2024.11.23-13.35.47:488][  0]LogShaderCompilers: Cleaned the shader compiler working directory 'C:/Users/nanim/AppData/Local/Temp/UnrealShaderWorkingDir/F81D890B47117F50E0D3438DB628D5D9/'.
[2024.11.23-13.35.47:489][  0]LogXGEController: Cannot use XGE Controller as Incredibuild is not installed on this machine.
[2024.11.23-13.35.47:489][  0]LogShaderCompilers: Cannot use XGE Shader Compiler as Incredibuild is not installed on this machine.
[2024.11.23-13.35.47:489][  0]LogShaderCompilers: Display: Using Local Shader Compiler.
[2024.11.23-13.35.47:936][  0]LogDerivedDataCache: Display: Max Cache Size: 512 MB
[2024.11.23-13.35.47:972][  0]LogDerivedDataCache: Loaded boot cache 0.04s 96MB C:/Users/nanim/AppData/Local/UnrealEngine/4.27/DerivedDataCache/Boot.ddc.
[2024.11.23-13.35.47:972][  0]LogDerivedDataCache: Display: Loaded Boot cache: C:/Users/nanim/AppData/Local/UnrealEngine/4.27/DerivedDataCache/Boot.ddc
[2024.11.23-13.35.47:972][  0]LogDerivedDataCache: FDerivedDataBackendGraph:  Pak pak cache file ../../../../../Users/nanim/GitHub/NewNewInsectHeaven/InsectHeaven/DerivedDataCache/DDC.ddp not found, will not use a pak cache.
[2024.11.23-13.35.47:973][  0]LogDerivedDataCache: Unable to find inner node Pak for hierarchical cache Hierarchy.
[2024.11.23-13.35.47:973][  0]LogDerivedDataCache: FDerivedDataBackendGraph:  CompressedPak pak cache file ../../../../../Users/nanim/GitHub/NewNewInsectHeaven/InsectHeaven/DerivedDataCache/Compressed.ddp not found, will not use a pak cache.
[2024.11.23-13.35.47:973][  0]LogDerivedDataCache: Unable to find inner node CompressedPak for hierarchical cache Hierarchy.
[2024.11.23-13.35.47:984][  0]LogDerivedDataCache: Display: Pak cache opened for reading ../../../Engine/DerivedDataCache/Compressed.ddp.
[2024.11.23-13.35.47:985][  0]LogDerivedDataCache: FDerivedDataBackendGraph:  EnterprisePak pak cache file ../../../Enterprise/DerivedDataCache/Compressed.ddp not found, will not use a pak cache.
[2024.11.23-13.35.47:985][  0]LogDerivedDataCache: Unable to find inner node EnterprisePak for hierarchical cache Hierarchy.
[2024.11.23-13.35.47:993][  0]LogDerivedDataCache: Speed tests for C:/Users/nanim/AppData/Local/UnrealEngine/Common/DerivedDataCache took 0.01 seconds
[2024.11.23-13.35.47:994][  0]LogDerivedDataCache: Display: Performance to C:/Users/nanim/AppData/Local/UnrealEngine/Common/DerivedDataCache: Latency=0.05ms. RandomReadSpeed=773.51MBs, RandomWriteSpeed=140.89MBs. Assigned SpeedClass 'Local'
[2024.11.23-13.35.47:995][  0]LogDerivedDataCache: Using Local data cache path C:/Users/nanim/AppData/Local/UnrealEngine/Common/DerivedDataCache: Writable
[2024.11.23-13.35.47:995][  0]LogDerivedDataCache: Shared data cache path not found in *engine.ini, will not use an Shared cache.
[2024.11.23-13.35.47:995][  0]LogDerivedDataCache: Unable to find inner node Shared for hierarchical cache Hierarchy.
[2024.11.23-13.35.48:020][  0]LogSlate: Using FreeType 2.10.0
[2024.11.23-13.35.48:020][  0]LogSlate: SlateFontServices - WITH_FREETYPE: 1, WITH_HARFBUZZ: 1
[2024.11.23-13.35.48:040][  0]LogAssetRegistry: FAssetRegistry took 0.0022 seconds to start up
[2024.11.23-13.35.48:180][  0]LogInit: Selected Device Profile: [Windows]
[2024.11.23-13.35.48:180][  0]LogInit: Active device profile: [00000121DA0A0700][00000121D84CAE00 49] Windows
[2024.11.23-13.35.48:180][  0]LogInit: Profiles: [00000121DA0A0700][00000121D84CAE00 49] Windows, [00000121DA05B700][00000121DA4E4F80 49] WindowsNoEditor, [00000121DA0A3300][00000121DA4E9100 49] WindowsServer, [00000121DA058F00][00000121DA4ED280 49] WindowsClient, [00000121DA0A3500][00000121DA4F1400 49] IOS, [00000121DA03FF00][00000121DA4F5580 49] iPadAir, [00000121DA05BB00][00000121DA4F9700 49] iPadAir2, [00000121DA000500][00000121DA5019C0 49] IPadPro, [00000121DA000600][00000121DA4FDA00 49] iPadAir3, [00000121DA03C100][00000121DA505B80 49] iPadAir4, [00000121DA002C00][00000121DA508180 49] iPadMini2, [00000121DA03E500][00000121DA50C300 49] iPadMini3, [00000121DA003400][00000121DA510480 49] iPadMini4, [00000121DA03CF00][00000121DA514600 49] iPadMini5, [00000121D9FFBE00][00000121DA518840 49] iPhone6, [00000121D9FFBF00][00000121DA4E0880 49] iPodTouch6, [00000121DA0A3900][00000121DA520AC0 49] iPhone7, [00000121DA0A2100][00000121DA51CB00 49] iPodTouch7, [00000121D9FF8400][00000121DA528C80 49] iPhone5S, [00000121DA003D00][00000121DA52CE00 49] iPhone6Plus, [00000121DA0A3400][00000121DA530F80 49] iPhone6S, [00000121DA002000][00000121DA535100 49] iPhone6SPlus, [00000121DA0A0900][00000121DA539280 49] iPhone7Plus, [00000121DA000E00][00000121DA53D400 49] iPhoneSE, [00000121DA0A3100][00000121DA541580 49] iPhone8, [00000121DA002400][00000121DA545700 49] iPhone8Plus, [00000121DA0A3A00][00000121DA549880 49] iPhoneX, [00000121DA003E00][00000121DA54DA00 49] iPhoneXS, [00000121DA0A1500][00000121DA551B80 49] iPhoneXSMax, [00000121DA002500][00000121DA554180 49] iPhoneXR, [00000121DA0A2A00][00000121DA558300 49] iPhone11, [00000121DA003A00][00000121DA55C480 49] iPhone11Pro, [00000121DA0A0F00][00000121DA560600 49] iPhone11ProMax, [00000121DA002300][00000121DA564780 49] iPhoneSE2, [00000121DA0A1700][00000121DA568900 49] iPhone12Mini, [00000121DA000700][00000121DA524A40 49] iPhone12, [00000121DA0A0300][00000121DA56CB80 49] iPhone12Pro, [00000121DA003500][00000121DA570CC0 49] iPhone12ProMax, [00000121DA0A0B00][00000121DA578E40 49] iPadPro105, [00000121DA001B00][00000121DA57CFC0 49] iPadPro129, [00000121DA0A0200][00000121DA581140 49] iPadPro97, [00000121DA002100][00000121DA5852C0 49] iPadPro2_129, [00000121DA0A0D00][00000121DA589440 49] iPad5, [00000121DA003000][00000121DA58D5C0 49] iPad6, [00000121DA0A2C00][00000121DA591740 49] iPad7, [00000121DA002E00][00000121DA5958C0 49] iPad8, [00000121DA0A1900][00000121DA599A40 49] iPadPro11, [00000121DA003F00][00000121DA59DBC0 49] iPadPro2_11, [00000121DA0A1600][00000121DA5A01C0 49] iPadPro3_129, [00000121DA002700][00000121DA5A4340 49] iPadPro4_129, [00000121DA0A2600][00000121DA5A84C0 49] AppleTV, [00000121DA002B00][00000121DA5AC640 49] AppleTV4K, [00000121DA0A1B00][00000121DA5B07C0 49] TVOS, [00000121DA000900][00000121DA5B4940 49] Mac, [00000121DA0A2700][00000121DA5B8AC0 49] MacClient, [00000121DA002F00][00000121DA574C00 49] MacNoEditor, [00000121DA0A3B00][00000121DA5BCD40 49] MacServer, [00000121DA000400][00000121DA60AE80 49] Linux, [00000121DA0A2E00][00000121DA668FC0 49] LinuxAArch64, [00000121DA001500][00000121DA671140 49] LinuxNoEditor, [00000121DA0A2B00][00000121DA6752C0 49] LinuxAArch64NoEditor, [00000121DA003600][00000121DA67D440 49] LinuxClient, [00000121DA0A2D00][00000121D4A315C0 49] LinuxAArch64Client, [00000121DA000B00][00000121D248D740 49] LinuxServer, [00000121DA0A0400][00000121D24C58C0 49] LinuxAArch64Server, [00000121DA003C00][00000121D24C9A40 49] Android, [00000121DA03FA00][00000121D24CDBC0 49] Android_Low, [00000121D9FF9B00][00000121D24D01C0 49] Android_Mid, [00000121DA03F000][00000121D24D8340 49] Android_High, [00000121D9FFA300][00000121D24EC4C0 49] Android_Default, [00000121DA03E000][00000121D24F0640 49] Android_Adreno4xx, [00000121D9FF8100][00000121D24F47C0 49] Android_Adreno5xx_Low, [00000121DA03CB00][00000121D24FC940 49] Android_Adreno5xx, [00000121D9FF9800][00000121DA664AC0 49] Android_Adreno6xx, [00000121DA03D100][00000121DA89CC40 49] Android_Adreno6xx_Vulkan, [00000121D9FF8800][00000121DA66CD80 49] Android_Mali_T6xx, [00000121DA03F600][00000121DA8A0EC0 49] Android_Mali_T7xx, [00000121D9FF8D00][00000121DB4F9000 49] Android_Mali_T8xx, [00000121DA03FC00][00000121D284F140 49] Android_Mali_G71, [00000121D9FF9500][00000121D28572C0 49] Android_Mali_G72, [00000121DA03FE00][00000121DB4FD440 49] Android_Mali_G72_Vulkan, [00000121D9FFBD00][00000121CFA415C0 49] Android_Mali_G76, [00000121DA03F900][00000121DB501740 49] Android_Mali_G76_Vulkan, [00000121D9FFB600][00000121DA8D58C0 49] Android_Mali_G77, [00000121DA03E200][00000121DA8D9A40 49] Android_Mali_G77_Vulkan, [00000121D9FFB800][00000121DA8DDBC0 49] Android_Mali_G78, [00000121DA03CA00][00000121DB5041C0 49] Android_Mali_G78_Vulkan, [00000121D9FFB400][00000121DB508340 49] Android_Mali_G710, [00000121DA03D400][00000121DB50C4C0 49] Android_Mali_G710_Vulkan, [00000121D9FF8600][00000121DA6FE640 49] Android_Vulkan_SM5, [00000121DA03E400][00000121DA7127C0 49] Android_PowerVR_G6xxx, [00000121D9FF8E00][00000121DA83A940 49] Android_PowerVR_GT7xxx, [00000121DA03C200][00000121DA83EAC0 49] Android_PowerVR_GE8xxx, [00000121D9FF8700][00000121DA842C40 49] Android_PowerVR_GM9xxx, [00000121DA03E100][00000121DA846DC0 49] Android_PowerVR_GM9xxx_Vulkan, [00000121DA002600][00000121DA84AF40 49] Android_TegraK1, [00000121DA03EA00][00000121D2853080 49] Android_Unknown_Vulkan, [00000121DA001400][00000121DA84F1C0 49] Lumin, [00000121DA03D300][00000121DA853300 49] Lumin_Desktop, [00000121DA000C00][00000121DA85B480 49] HoloLens, 
[2024.11.23-13.35.48:321][  0]LogMeshReduction: Using QuadricMeshReduction for automatic static mesh reduction
[2024.11.23-13.35.48:321][  0]LogMeshReduction: Using SimplygonMeshReduction for automatic skeletal mesh reduction
[2024.11.23-13.35.48:321][  0]LogMeshReduction: Using ProxyLODMeshReduction for automatic mesh merging
[2024.11.23-13.35.48:321][  0]LogMeshReduction: No distributed automatic mesh merging module available
[2024.11.23-13.35.48:321][  0]LogMeshMerging: No distributed automatic mesh merging module available
[2024.11.23-13.35.48:339][  0]LogNetVersion: InsectHeaven 1.0.0, NetCL: 17155196, EngineNetVer: 17, GameNetVer: 0 (Checksum: 3375795940)
[2024.11.23-13.35.48:569][  0]LogTexture: Default maximum texture size for cubemaps generated from long-lat sources has been changed from 512 to unlimited. In order to preserve old behaiour for '/Engine/MapTemplates/Sky/DaylightAmbientCubemap.DaylightAmbientCubemap', its maximum texture size has been explicitly set to 512.
[2024.11.23-13.35.48:598][  0]LogHMD: PokeAHoleMaterial loaded successfully
[2024.11.23-13.35.48:602][  0]LogUObjectArray: 17178 objects as part of root set at end of initial load.
[2024.11.23-13.35.48:602][  0]LogUObjectAllocator: 4302048 out of 0 bytes used by permanent object pool.
[2024.11.23-13.35.48:602][  0]LogUObjectArray: CloseDisregardForGC: 0/0 objects in disregard for GC pool
[2024.11.23-13.35.49:110][  0]LogPython: Using Python 3.7.7
[2024.11.23-13.35.49:496][  0]LogNiagaraDebuggerClient: Niagara Debugger Client Initialized | Session: D2A68D554F6801F56F690DAEB353B494 | Instance: 72A93F7642302754C1281BB96CACFA11 (DESKTOP-NS5ONMH-6796).
[2024.11.23-13.35.49:775][  0]LogUdpMessaging: Initializing bridge on interface 0.0.0.0:0 to multicast group 230.0.0.1:6666.
[2024.11.23-13.35.49:787][  0]LogTcpMessaging: Initializing TcpMessaging bridge
[2024.11.23-13.35.50:399][  0]SourceControl: 소스 컨트롤이 꺼졌습니다.
[2024.11.23-13.35.50:399][  0]SourceControl: 소스 컨트롤이 꺼졌습니다.
[2024.11.23-13.35.50:422][  0]SourceControl: 소스 컨트롤이 꺼졌습니다.
[2024.11.23-13.35.50:443][  0]SourceControl: 소스 컨트롤이 꺼졌습니다.
[2024.11.23-13.35.50:452][  0]SourceControl: 소스 컨트롤이 꺼졌습니다.
[2024.11.23-13.35.50:733][  0]LogUProjectInfo: Found projects:
[2024.11.23-13.35.50:869][  0]LogOpenImageDenoise: OIDN starting up
[2024.11.23-13.35.50:952][  0]LogAndroidPermission: UAndroidPermissionCallbackProxy::GetInstance
[2024.11.23-13.35.51:007][  0]LogAudioCaptureCore: Display: No Audio Capture implementations found. Audio input will be silent.
[2024.11.23-13.35.51:008][  0]LogAudioCaptureCore: Display: No Audio Capture implementations found. Audio input will be silent.
[2024.11.23-13.35.51:217][  0]LogCollectionManager: Loaded 0 collections in 0.001347 seconds
[2024.11.23-13.35.51:271][  0]LogFileCache: Scanning file cache for directory 'C:/Users/nanim/GitHub/NewNewInsectHeaven/InsectHeaven/Saved/Collections/' took 0.00s
[2024.11.23-13.35.51:271][  0]LogFileCache: Scanning file cache for directory 'C:/Users/nanim/GitHub/NewNewInsectHeaven/InsectHeaven/Content/Developers/nanim/Collections/' took 0.00s
[2024.11.23-13.35.51:271][  0]LogFileCache: Scanning file cache for directory 'C:/Users/nanim/GitHub/NewNewInsectHeaven/InsectHeaven/Content/Collections/' took 0.00s
[2024.11.23-13.35.51:271][  0]LogOcInput: OculusInput pre-init called
[2024.11.23-13.35.51:460][  0]LogClass: Display: IntProperty FCharacter_2D::Name is not initialized properly. Module:InsectHeaven File:Table/DataStruct/Character_2D.h
[2024.11.23-13.35.51:461][  0]LogClass: Display: IntProperty FCharacter_2D::ImageID is not initialized properly. Module:InsectHeaven File:Table/DataStruct/Character_2D.h
[2024.11.23-13.35.51:461][  0]LogClass: Warning: ObjectProperty FDialogueClip::formerAction is not initialized properly. Module:InsectHeaven File:Library/Dialogue/DialogueEditToolWidget.h
[2024.11.23-13.35.51:461][  0]LogClass: Warning: ObjectProperty FDialogueClip::nowAction is not initialized properly. Module:InsectHeaven File:Library/Dialogue/DialogueEditToolWidget.h
[2024.11.23-13.35.51:461][  0]LogClass: Display: IntProperty FResource_Widget::PathFile is not initialized properly. Module:InsectHeaven File:Table/DataStruct/Resource_Widget.h
[2024.11.23-13.35.51:461][  0]LogClass: Display: IntProperty FScript_Local::Test is not initialized properly. Module:InsectHeaven File:Table/DataStruct/Script_Local.h
[2024.11.23-13.35.51:462][  0]LogClass: Display: 6 Uninitialized script struct members found including 2 object properties
[2024.11.23-13.35.51:462][  0]LogAutomationTest: Warning: ObjectProperty FDialogueClip::formerAction is not initialized properly. Module:InsectHeaven File:Library/Dialogue/DialogueEditToolWidget.h
[2024.11.23-13.35.51:462][  0]LogAutomationTest: Warning: ObjectProperty FDialogueClip::nowAction is not initialized properly. Module:InsectHeaven File:Library/Dialogue/DialogueEditToolWidget.h
[2024.11.23-13.35.51:463][  0]LogEngine: Initializing Engine...
[2024.11.23-13.35.51:471][  0]LogHMD: Failed to enumerate extensions. Please check that you have a valid OpenXR runtime installed.
[2024.11.23-13.35.51:471][  0]LogHMD: Failed to initialize OpenVR with code 110
[2024.11.23-13.35.51:471][  0]LogMagicLeap: Warning: VR disabled because ZI is not enabled.  To enable, in the editor, Edit -> Project Settings -> Plugins -> Magic Leap Plugin -> Enable Zero Iteration
[2024.11.23-13.35.51:472][  0]LogStats: UGameplayTagsManager::InitializeManager -  0.000 s
[2024.11.23-13.35.51:541][  0]LogInit: Initializing FReadOnlyCVARCache
[2024.11.23-13.35.51:555][  0]LogAIModule: Creating AISystem for world Untitled
[2024.11.23-13.35.51:555][  0]LogAudio: Display: Initializing Audio Device Manager...
[2024.11.23-13.35.51:563][  0]LogAudio: Display: Loading Default Audio Settings Objects...
[2024.11.23-13.35.51:563][  0]LogAudio: Display: No default SoundConcurrencyObject specified (or failed to load).
[2024.11.23-13.35.51:564][  0]LogAudio: Display: Audio Device Manager Initialized
[2024.11.23-13.35.51:564][  0]LogAudio: Display: Creating Audio Device:                 Id: 1, Scope: Shared, Realtime: True
[2024.11.23-13.35.51:564][  0]LogAudioMixer: Display: Audio Mixer Platform Settings:
[2024.11.23-13.35.51:564][  0]LogAudioMixer: Display: 	Sample Rate:						  48000
[2024.11.23-13.35.51:564][  0]LogAudioMixer: Display: 	Callback Buffer Frame Size Requested: 1024
[2024.11.23-13.35.51:564][  0]LogAudioMixer: Display: 	Callback Buffer Frame Size To Use:	  1024
[2024.11.23-13.35.51:564][  0]LogAudioMixer: Display: 	Number of buffers to queue:			  2
[2024.11.23-13.35.51:565][  0]LogAudioMixer: Display: 	Max Channels (voices):				  32
[2024.11.23-13.35.51:565][  0]LogAudioMixer: Display: 	Number of Async Source Workers:		  0
[2024.11.23-13.35.51:565][  0]LogAudio: Display: AudioDevice MaxSources: 32
[2024.11.23-13.35.51:565][  0]LogAudio: Display: Audio Spatialization Plugin: None (built-in).
[2024.11.23-13.35.51:565][  0]LogAudio: Display: Audio Reverb Plugin: None (built-in).
[2024.11.23-13.35.51:565][  0]LogAudio: Display: Audio Occlusion Plugin: None (built-in).
[2024.11.23-13.35.51:565][  0]LogAudioMixer: Display: Initializing audio mixer.
[2024.11.23-13.35.51:603][  0]LogAudioMixer: Display: 0: FrontLeft
[2024.11.23-13.35.51:603][  0]LogAudioMixer: Display: 1: FrontRight
[2024.11.23-13.35.51:646][  0]LogAudioMixer: Display: Using Audio Device 스피커(ABKO N550)
[2024.11.23-13.35.51:649][  0]LogAudioMixer: Display: Initializing Sound Submixes...
[2024.11.23-13.35.51:651][  0]LogAudioMixer: Display: Creating Master Submix 'MasterSubmixDefault'
[2024.11.23-13.35.51:651][  0]LogAudioMixer: Display: Creating Master Submix 'MasterReverbSubmixDefault'
[2024.11.23-13.35.51:652][  0]LogAudioMixer: Display: Creating Master Submix 'MasterEQSubmixDefault'
[2024.11.23-13.35.51:652][  0]LogAudioMixer: FMixerPlatformXAudio2::StartAudioStream() called
[2024.11.23-13.35.51:652][  0]LogAudioMixer: Display: Output buffers initialized: Frames=1024, Channels=2, Samples=2048
[2024.11.23-13.35.51:653][  0]LogAudioMixer: Display: Starting AudioMixerPlatformInterface::RunInternal()
[2024.11.23-13.35.51:653][  0]LogAudioMixer: Display: FMixerPlatformXAudio2::SubmitBuffer() called for the first time
[2024.11.23-13.35.51:653][  0]LogInit: FAudioDevice initialized.
[2024.11.23-13.35.51:653][  0]LogAudio: Display: Audio Device (ID: 1) registered with world 'Untitled'.
[2024.11.23-13.35.51:653][  0]LogNetVersion: Set ProjectVersion to 1.0.0.0. Version Checksum will be recalculated on next use.
[2024.11.23-13.35.51:958][  0]LogDerivedDataCache: Saved boot cache 0.30s 94MB C:/Users/nanim/AppData/Local/UnrealEngine/4.27/DerivedDataCache/Boot.ddc.
[2024.11.23-13.35.51:959][  0]LogInit: Texture streaming: Enabled
[2024.11.23-13.35.51:983][  0]LogAnalytics: Display: [UEEditor.Rocket.Release] APIServer = https://datarouter.ol.epicgames.com/. AppVersion = 4.27.2-18319896+++UE4+Release-4.27
[2024.11.23-13.35.51:992][  0]LogEngineSessionManager: EngineSessionManager initialized
[2024.11.23-13.35.51:992][  0]LogEditorSessionSummary: Verbose: Initializing EditorSessionSummaryWriter for editor session tracking
[2024.11.23-13.35.51:996][  0]LogEditorSessionSummary: EditorSessionSummaryWriter initialized
[2024.11.23-13.35.52:024][  0]LogInit: Transaction tracking system initialized
[2024.11.23-13.35.52:069][  0]BlueprintLog: New page: 에디터 로드
[2024.11.23-13.35.52:190][  0]LocalizationService: 현지화 서비스가 비활성화되었습니다.
[2024.11.23-13.35.52:249][  0]TimingProfiler: Initialize
[2024.11.23-13.35.52:250][  0]TimingProfiler: OnSessionChanged
[2024.11.23-13.35.52:250][  0]LoadingProfiler: Initialize
[2024.11.23-13.35.52:250][  0]LoadingProfiler: OnSessionChanged
[2024.11.23-13.35.52:250][  0]NetworkingProfiler: Initialize
[2024.11.23-13.35.52:250][  0]NetworkingProfiler: OnSessionChanged
[2024.11.23-13.35.52:250][  0]MemoryProfiler: Initialize
[2024.11.23-13.35.52:250][  0]MemoryProfiler: OnSessionChanged
[2024.11.23-13.35.52:430][  0]LogCook: Display: CookSettings for Memory: MemoryMaxUsedVirtual 0MiB, MemoryMaxUsedPhysical 16384MiB, MemoryMinFreeVirtual 0MiB, MemoryMinFreePhysical 1024MiB
[2024.11.23-13.35.52:430][  0]LogCook: Display: Mobile HDR setting 1
[2024.11.23-13.35.52:825][  0]LogFileCache: Scanning file cache for directory 'C:/Users/nanim/GitHub/NewNewInsectHeaven/InsectHeaven/Content/' took 0.01s
[2024.11.23-13.35.52:947][  0]LogInit: Display: Engine is initialized. Leaving FEngineLoop::Init()
[2024.11.23-13.35.52:951][  0]SourceControl: 소스 컨트롤이 꺼졌습니다.
[2024.11.23-13.35.52:951][  0]LogUnrealEdMisc: Loading editor; pre map load, took 8.699
[2024.11.23-13.35.52:951][  0]Cmd: MAP LOAD FILE="../../../../../Users/nanim/GitHub/NewNewInsectHeaven/InsectHeaven/Content/Scene/EmptyMainLevel.umap" TEMPLATE=0 SHOWPROGRESS=1 FEATURELEVEL=3
[2024.11.23-13.35.52:952][  0]LightingResults: New page: 라이팅 빌드
[2024.11.23-13.35.52:953][  0]LogWorld: UWorld::CleanupWorld for Untitled, bSessionEnded=true, bCleanupResources=true
[2024.11.23-13.35.52:953][  0]LogSlate: InvalidateAllWidgets triggered.  All widgets were invalidated
[2024.11.23-13.35.52:953][  0]MapCheck: New page: 맵 체크
[2024.11.23-13.35.52:953][  0]LightingResults: New page: 라이팅 빌드
[2024.11.23-13.35.52:962][  0]LogAudio: Display: Audio Device unregistered from world 'None'.
[2024.11.23-13.35.52:964][  0]LogUObjectHash: Compacting FUObjectHashTables data took   0.46ms
[2024.11.23-13.35.52:967][  0]LogAudio: Display: Audio Device (ID: 1) registered with world 'EmptyMainLevel'.
[2024.11.23-13.35.52:968][  0]LogAIModule: Creating AISystem for world EmptyMainLevel
[2024.11.23-13.35.52:968][  0]LogEditorServer: Finished looking for orphan Actors (0.000 secs)
[2024.11.23-13.35.52:972][  0]LogUObjectHash: Compacting FUObjectHashTables data took   0.33ms
[2024.11.23-13.35.52:972][  0]Cmd: MAP CHECKDEP NOCLEARLOG
[2024.11.23-13.35.52:972][  0]MapCheck: 맵 체크 완료: 오류 0 회, 경고 0 회, 소요 시간 0.155ms.
[2024.11.23-13.35.52:972][  0]LogFileHelpers: Loading map 'EmptyMainLevel' took 0.021
[2024.11.23-13.35.52:976][  0]LogUnrealEdMisc: Total Editor Startup Time, took 8.724
[2024.11.23-13.35.53:094][  0]LogSlate: Updating window title bar state: overlay mode, drag disabled, window buttons hidden, title bar hidden
[2024.11.23-13.35.53:097][  0]LogSlate: Updating window title bar state: overlay mode, drag disabled, window buttons hidden, title bar hidden
[2024.11.23-13.35.53:101][  0]LogSlate: Updating window title bar state: overlay mode, drag disabled, window buttons hidden, title bar hidden
[2024.11.23-13.35.53:104][  0]LogSlate: Updating window title bar state: overlay mode, drag disabled, window buttons hidden, title bar hidden
[2024.11.23-13.35.53:115][  0]LogNativeClassHierarchy: Verbose: Native class hierarchy populated in 0.0068 seconds. Added 3872 classes and 945 folders.
[2024.11.23-13.35.53:117][  0]LogNativeClassHierarchy: Verbose: Native class hierarchy updated for 'WidgetCarousel' in 0.0002 seconds. Added 0 classes and 0 folders.
[2024.11.23-13.35.53:119][  0]LogPakFile: PakFile PrimaryIndexSize=187
[2024.11.23-13.35.53:119][  0]LogPakFile: PakFile PathHashIndexSize=101
[2024.11.23-13.35.53:119][  0]LogPakFile: PakFile FullDirectoryIndexSize=148
[2024.11.23-13.35.53:119][  0]LogShaderLibrary: Display: ShaderCodeLibraryPakFileMountedCallback: PakFile 'C:/Program Files/UE_4.27/FeaturePacks/FP_FirstPerson.upack' (chunk index -1, root 'root:/') mounted
[2024.11.23-13.35.53:119][  0]LogShaderLibrary: Display: ShaderCodeLibraryPakFileMountedCallback: pending pak file info (ChunkID:-1 Root:root:/ File:C:/Program Files/UE_4.27/FeaturePacks/FP_FirstPerson.upack)
[2024.11.23-13.35.53:119][  0]LogPakFile: OnPakFileMounted2Time == 0.000244
[2024.11.23-13.35.53:120][  0]LogPakFile: PakFile PrimaryIndexSize=189
[2024.11.23-13.35.53:120][  0]LogPakFile: PakFile PathHashIndexSize=101
[2024.11.23-13.35.53:120][  0]LogPakFile: PakFile FullDirectoryIndexSize=152
[2024.11.23-13.35.53:120][  0]LogShaderLibrary: Display: ShaderCodeLibraryPakFileMountedCallback: PakFile 'C:/Program Files/UE_4.27/FeaturePacks/FP_FirstPersonBP.upack' (chunk index -1, root 'root:/') mounted
[2024.11.23-13.35.53:120][  0]LogShaderLibrary: Display: ShaderCodeLibraryPakFileMountedCallback: pending pak file info (ChunkID:-1 Root:root:/ File:C:/Program Files/UE_4.27/FeaturePacks/FP_FirstPersonBP.upack)
[2024.11.23-13.35.53:120][  0]LogPakFile: OnPakFileMounted2Time == 0.000222
[2024.11.23-13.35.53:121][  0]LogPakFile: PakFile PrimaryIndexSize=191
[2024.11.23-13.35.53:121][  0]LogPakFile: PakFile PathHashIndexSize=101
[2024.11.23-13.35.53:121][  0]LogPakFile: PakFile FullDirectoryIndexSize=160
[2024.11.23-13.35.53:121][  0]LogShaderLibrary: Display: ShaderCodeLibraryPakFileMountedCallback: PakFile 'C:/Program Files/UE_4.27/FeaturePacks/MobileStarterContent.upack' (chunk index -1, root 'root:/') mounted
[2024.11.23-13.35.53:122][  0]LogShaderLibrary: Display: ShaderCodeLibraryPakFileMountedCallback: pending pak file info (ChunkID:-1 Root:root:/ File:C:/Program Files/UE_4.27/FeaturePacks/MobileStarterContent.upack)
[2024.11.23-13.35.53:122][  0]LogPakFile: OnPakFileMounted2Time == 0.000238
[2024.11.23-13.35.53:122][  0]LogPakFile: PakFile PrimaryIndexSize=185
[2024.11.23-13.35.53:122][  0]LogPakFile: PakFile PathHashIndexSize=101
[2024.11.23-13.35.53:122][  0]LogPakFile: PakFile FullDirectoryIndexSize=148
[2024.11.23-13.35.53:123][  0]LogShaderLibrary: Display: ShaderCodeLibraryPakFileMountedCallback: PakFile 'C:/Program Files/UE_4.27/FeaturePacks/StarterContent.upack' (chunk index -1, root 'root:/') mounted
[2024.11.23-13.35.53:123][  0]LogShaderLibrary: Display: ShaderCodeLibraryPakFileMountedCallback: pending pak file info (ChunkID:-1 Root:root:/ File:C:/Program Files/UE_4.27/FeaturePacks/StarterContent.upack)
[2024.11.23-13.35.53:123][  0]LogPakFile: OnPakFileMounted2Time == 0.000243
[2024.11.23-13.35.53:123][  0]LogPakFile: PakFile PrimaryIndexSize=190
[2024.11.23-13.35.53:123][  0]LogPakFile: PakFile PathHashIndexSize=101
[2024.11.23-13.35.53:124][  0]LogPakFile: PakFile FullDirectoryIndexSize=154
[2024.11.23-13.35.53:124][  0]LogShaderLibrary: Display: ShaderCodeLibraryPakFileMountedCallback: PakFile 'C:/Program Files/UE_4.27/FeaturePacks/TP_2DSideScroller.upack' (chunk index -1, root 'root:/') mounted
[2024.11.23-13.35.53:124][  0]LogShaderLibrary: Display: ShaderCodeLibraryPakFileMountedCallback: pending pak file info (ChunkID:-1 Root:root:/ File:C:/Program Files/UE_4.27/FeaturePacks/TP_2DSideScroller.upack)
[2024.11.23-13.35.53:124][  0]LogPakFile: OnPakFileMounted2Time == 0.000264
[2024.11.23-13.35.53:125][  0]LogPakFile: PakFile PrimaryIndexSize=192
[2024.11.23-13.35.53:125][  0]LogPakFile: PakFile PathHashIndexSize=101
[2024.11.23-13.35.53:125][  0]LogPakFile: PakFile FullDirectoryIndexSize=158
[2024.11.23-13.35.53:125][  0]LogShaderLibrary: Display: ShaderCodeLibraryPakFileMountedCallback: PakFile 'C:/Program Files/UE_4.27/FeaturePacks/TP_2DSideScrollerBP.upack' (chunk index -1, root 'root:/') mounted
[2024.11.23-13.35.53:125][  0]LogShaderLibrary: Display: ShaderCodeLibraryPakFileMountedCallback: pending pak file info (ChunkID:-1 Root:root:/ File:C:/Program Files/UE_4.27/FeaturePacks/TP_2DSideScrollerBP.upack)
[2024.11.23-13.35.53:125][  0]LogPakFile: OnPakFileMounted2Time == 0.000210
[2024.11.23-13.35.53:126][  0]LogPakFile: PakFile PrimaryIndexSize=182
[2024.11.23-13.35.53:126][  0]LogPakFile: PakFile PathHashIndexSize=101
[2024.11.23-13.35.53:126][  0]LogPakFile: PakFile FullDirectoryIndexSize=138
[2024.11.23-13.35.53:126][  0]LogShaderLibrary: Display: ShaderCodeLibraryPakFileMountedCallback: PakFile 'C:/Program Files/UE_4.27/FeaturePacks/TP_Flying.upack' (chunk index -1, root 'root:/') mounted
[2024.11.23-13.35.53:126][  0]LogShaderLibrary: Display: ShaderCodeLibraryPakFileMountedCallback: pending pak file info (ChunkID:-1 Root:root:/ File:C:/Program Files/UE_4.27/FeaturePacks/TP_Flying.upack)
[2024.11.23-13.35.53:126][  0]LogPakFile: OnPakFileMounted2Time == 0.000228
[2024.11.23-13.35.53:127][  0]LogPakFile: PakFile PrimaryIndexSize=184
[2024.11.23-13.35.53:127][  0]LogPakFile: PakFile PathHashIndexSize=101
[2024.11.23-13.35.53:127][  0]LogPakFile: PakFile FullDirectoryIndexSize=142
[2024.11.23-13.35.53:127][  0]LogShaderLibrary: Display: ShaderCodeLibraryPakFileMountedCallback: PakFile 'C:/Program Files/UE_4.27/FeaturePacks/TP_FlyingBP.upack' (chunk index -1, root 'root:/') mounted
[2024.11.23-13.35.53:127][  0]LogShaderLibrary: Display: ShaderCodeLibraryPakFileMountedCallback: pending pak file info (ChunkID:-1 Root:root:/ File:C:/Program Files/UE_4.27/FeaturePacks/TP_FlyingBP.upack)
[2024.11.23-13.35.53:127][  0]LogPakFile: OnPakFileMounted2Time == 0.000344
[2024.11.23-13.35.53:128][  0]LogPakFile: PakFile PrimaryIndexSize=188
[2024.11.23-13.35.53:128][  0]LogPakFile: PakFile PathHashIndexSize=101
[2024.11.23-13.35.53:128][  0]LogPakFile: PakFile FullDirectoryIndexSize=150
[2024.11.23-13.35.53:128][  0]LogShaderLibrary: Display: ShaderCodeLibraryPakFileMountedCallback: PakFile 'C:/Program Files/UE_4.27/FeaturePacks/TP_HandheldARBP.upack' (chunk index -1, root 'root:/') mounted
[2024.11.23-13.35.53:129][  0]LogShaderLibrary: Display: ShaderCodeLibraryPakFileMountedCallback: pending pak file info (ChunkID:-1 Root:root:/ File:C:/Program Files/UE_4.27/FeaturePacks/TP_HandheldARBP.upack)
[2024.11.23-13.35.53:129][  0]LogPakFile: OnPakFileMounted2Time == 0.000391
[2024.11.23-13.35.53:130][  0]LogPakFile: PakFile PrimaryIndexSize=182
[2024.11.23-13.35.53:130][  0]LogPakFile: PakFile PathHashIndexSize=101
[2024.11.23-13.35.53:130][  0]LogPakFile: PakFile FullDirectoryIndexSize=138
[2024.11.23-13.35.53:130][  0]LogShaderLibrary: Display: ShaderCodeLibraryPakFileMountedCallback: PakFile 'C:/Program Files/UE_4.27/FeaturePacks/TP_Puzzle.upack' (chunk index -1, root 'root:/') mounted
[2024.11.23-13.35.53:130][  0]LogShaderLibrary: Display: ShaderCodeLibraryPakFileMountedCallback: pending pak file info (ChunkID:-1 Root:root:/ File:C:/Program Files/UE_4.27/FeaturePacks/TP_Puzzle.upack)
[2024.11.23-13.35.53:130][  0]LogPakFile: OnPakFileMounted2Time == 0.000247
[2024.11.23-13.35.53:131][  0]LogPakFile: PakFile PrimaryIndexSize=184
[2024.11.23-13.35.53:131][  0]LogPakFile: PakFile PathHashIndexSize=101
[2024.11.23-13.35.53:131][  0]LogPakFile: PakFile FullDirectoryIndexSize=142
[2024.11.23-13.35.53:131][  0]LogShaderLibrary: Display: ShaderCodeLibraryPakFileMountedCallback: PakFile 'C:/Program Files/UE_4.27/FeaturePacks/TP_PuzzleBP.upack' (chunk index -1, root 'root:/') mounted
[2024.11.23-13.35.53:131][  0]LogShaderLibrary: Display: ShaderCodeLibraryPakFileMountedCallback: pending pak file info (ChunkID:-1 Root:root:/ File:C:/Program Files/UE_4.27/FeaturePacks/TP_PuzzleBP.upack)
[2024.11.23-13.35.53:132][  0]LogPakFile: OnPakFileMounted2Time == 0.000349
[2024.11.23-13.35.53:132][  0]LogPakFile: PakFile PrimaryIndexSize=183
[2024.11.23-13.35.53:132][  0]LogPakFile: PakFile PathHashIndexSize=101
[2024.11.23-13.35.53:133][  0]LogPakFile: PakFile FullDirectoryIndexSize=140
[2024.11.23-13.35.53:133][  0]LogShaderLibrary: Display: ShaderCodeLibraryPakFileMountedCallback: PakFile 'C:/Program Files/UE_4.27/FeaturePacks/TP_Rolling.upack' (chunk index -1, root 'root:/') mounted
[2024.11.23-13.35.53:133][  0]LogShaderLibrary: Display: ShaderCodeLibraryPakFileMountedCallback: pending pak file info (ChunkID:-1 Root:root:/ File:C:/Program Files/UE_4.27/FeaturePacks/TP_Rolling.upack)
[2024.11.23-13.35.53:133][  0]LogPakFile: OnPakFileMounted2Time == 0.000246
[2024.11.23-13.35.53:133][  0]LogPakFile: PakFile PrimaryIndexSize=185
[2024.11.23-13.35.53:134][  0]LogPakFile: PakFile PathHashIndexSize=101
[2024.11.23-13.35.53:134][  0]LogPakFile: PakFile FullDirectoryIndexSize=144
[2024.11.23-13.35.53:134][  0]LogShaderLibrary: Display: ShaderCodeLibraryPakFileMountedCallback: PakFile 'C:/Program Files/UE_4.27/FeaturePacks/TP_RollingBP.upack' (chunk index -1, root 'root:/') mounted
[2024.11.23-13.35.53:134][  0]LogShaderLibrary: Display: ShaderCodeLibraryPakFileMountedCallback: pending pak file info (ChunkID:-1 Root:root:/ File:C:/Program Files/UE_4.27/FeaturePacks/TP_RollingBP.upack)
[2024.11.23-13.35.53:134][  0]LogPakFile: OnPakFileMounted2Time == 0.000268
[2024.11.23-13.35.53:135][  0]LogPakFile: PakFile PrimaryIndexSize=188
[2024.11.23-13.35.53:135][  0]LogPakFile: PakFile PathHashIndexSize=101
[2024.11.23-13.35.53:135][  0]LogPakFile: PakFile FullDirectoryIndexSize=150
[2024.11.23-13.35.53:135][  0]LogShaderLibrary: Display: ShaderCodeLibraryPakFileMountedCallback: PakFile 'C:/Program Files/UE_4.27/FeaturePacks/TP_SideScroller.upack' (chunk index -1, root 'root:/') mounted
[2024.11.23-13.35.53:135][  0]LogShaderLibrary: Display: ShaderCodeLibraryPakFileMountedCallback: pending pak file info (ChunkID:-1 Root:root:/ File:C:/Program Files/UE_4.27/FeaturePacks/TP_SideScroller.upack)
[2024.11.23-13.35.53:135][  0]LogPakFile: OnPakFileMounted2Time == 0.000294
[2024.11.23-13.35.53:136][  0]LogPakFile: PakFile PrimaryIndexSize=190
[2024.11.23-13.35.53:136][  0]LogPakFile: PakFile PathHashIndexSize=101
[2024.11.23-13.35.53:136][  0]LogPakFile: PakFile FullDirectoryIndexSize=154
[2024.11.23-13.35.53:136][  0]LogShaderLibrary: Display: ShaderCodeLibraryPakFileMountedCallback: PakFile 'C:/Program Files/UE_4.27/FeaturePacks/TP_SideScrollerBP.upack' (chunk index -1, root 'root:/') mounted
[2024.11.23-13.35.53:136][  0]LogShaderLibrary: Display: ShaderCodeLibraryPakFileMountedCallback: pending pak file info (ChunkID:-1 Root:root:/ File:C:/Program Files/UE_4.27/FeaturePacks/TP_SideScrollerBP.upack)
[2024.11.23-13.35.53:136][  0]LogPakFile: OnPakFileMounted2Time == 0.000215
[2024.11.23-13.35.53:137][  0]LogPakFile: PakFile PrimaryIndexSize=187
[2024.11.23-13.35.53:137][  0]LogPakFile: PakFile PathHashIndexSize=101
[2024.11.23-13.35.53:137][  0]LogPakFile: PakFile FullDirectoryIndexSize=148
[2024.11.23-13.35.53:137][  0]LogShaderLibrary: Display: ShaderCodeLibraryPakFileMountedCallback: PakFile 'C:/Program Files/UE_4.27/FeaturePacks/TP_ThirdPerson.upack' (chunk index -1, root 'root:/') mounted
[2024.11.23-13.35.53:137][  0]LogShaderLibrary: Display: ShaderCodeLibraryPakFileMountedCallback: pending pak file info (ChunkID:-1 Root:root:/ File:C:/Program Files/UE_4.27/FeaturePacks/TP_ThirdPerson.upack)
[2024.11.23-13.35.53:137][  0]LogPakFile: OnPakFileMounted2Time == 0.000246
[2024.11.23-13.35.53:138][  0]LogPakFile: PakFile PrimaryIndexSize=189
[2024.11.23-13.35.53:138][  0]LogPakFile: PakFile PathHashIndexSize=101
[2024.11.23-13.35.53:138][  0]LogPakFile: PakFile FullDirectoryIndexSize=152
[2024.11.23-13.35.53:138][  0]LogShaderLibrary: Display: ShaderCodeLibraryPakFileMountedCallback: PakFile 'C:/Program Files/UE_4.27/FeaturePacks/TP_ThirdPersonBP.upack' (chunk index -1, root 'root:/') mounted
[2024.11.23-13.35.53:138][  0]LogShaderLibrary: Display: ShaderCodeLibraryPakFileMountedCallback: pending pak file info (ChunkID:-1 Root:root:/ File:C:/Program Files/UE_4.27/FeaturePacks/TP_ThirdPersonBP.upack)
[2024.11.23-13.35.53:138][  0]LogPakFile: OnPakFileMounted2Time == 0.000267
[2024.11.23-13.35.53:139][  0]LogPakFile: PakFile PrimaryIndexSize=183
[2024.11.23-13.35.53:139][  0]LogPakFile: PakFile PathHashIndexSize=101
[2024.11.23-13.35.53:139][  0]LogPakFile: PakFile FullDirectoryIndexSize=140
[2024.11.23-13.35.53:139][  0]LogShaderLibrary: Display: ShaderCodeLibraryPakFileMountedCallback: PakFile 'C:/Program Files/UE_4.27/FeaturePacks/TP_TopDown.upack' (chunk index -1, root 'root:/') mounted
[2024.11.23-13.35.53:139][  0]LogShaderLibrary: Display: ShaderCodeLibraryPakFileMountedCallback: pending pak file info (ChunkID:-1 Root:root:/ File:C:/Program Files/UE_4.27/FeaturePacks/TP_TopDown.upack)
[2024.11.23-13.35.53:139][  0]LogPakFile: OnPakFileMounted2Time == 0.000255
[2024.11.23-13.35.53:140][  0]LogPakFile: PakFile PrimaryIndexSize=185
[2024.11.23-13.35.53:140][  0]LogPakFile: PakFile PathHashIndexSize=101
[2024.11.23-13.35.53:140][  0]LogPakFile: PakFile FullDirectoryIndexSize=144
[2024.11.23-13.35.53:140][  0]LogShaderLibrary: Display: ShaderCodeLibraryPakFileMountedCallback: PakFile 'C:/Program Files/UE_4.27/FeaturePacks/TP_TopDownBP.upack' (chunk index -1, root 'root:/') mounted
[2024.11.23-13.35.53:140][  0]LogShaderLibrary: Display: ShaderCodeLibraryPakFileMountedCallback: pending pak file info (ChunkID:-1 Root:root:/ File:C:/Program Files/UE_4.27/FeaturePacks/TP_TopDownBP.upack)
[2024.11.23-13.35.53:140][  0]LogPakFile: OnPakFileMounted2Time == 0.000217
[2024.11.23-13.35.53:141][  0]LogPakFile: PakFile PrimaryIndexSize=185
[2024.11.23-13.35.53:141][  0]LogPakFile: PakFile PathHashIndexSize=101
[2024.11.23-13.35.53:141][  0]LogPakFile: PakFile FullDirectoryIndexSize=144
[2024.11.23-13.35.53:141][  0]LogShaderLibrary: Display: ShaderCodeLibraryPakFileMountedCallback: PakFile 'C:/Program Files/UE_4.27/FeaturePacks/TP_TwinStick.upack' (chunk index -1, root 'root:/') mounted
[2024.11.23-13.35.53:141][  0]LogShaderLibrary: Display: ShaderCodeLibraryPakFileMountedCallback: pending pak file info (ChunkID:-1 Root:root:/ File:C:/Program Files/UE_4.27/FeaturePacks/TP_TwinStick.upack)
[2024.11.23-13.35.53:141][  0]LogPakFile: OnPakFileMounted2Time == 0.000233
[2024.11.23-13.35.53:142][  0]LogPakFile: PakFile PrimaryIndexSize=187
[2024.11.23-13.35.53:142][  0]LogPakFile: PakFile PathHashIndexSize=101
[2024.11.23-13.35.53:142][  0]LogPakFile: PakFile FullDirectoryIndexSize=148
[2024.11.23-13.35.53:142][  0]LogShaderLibrary: Display: ShaderCodeLibraryPakFileMountedCallback: PakFile 'C:/Program Files/UE_4.27/FeaturePacks/TP_TwinStickBP.upack' (chunk index -1, root 'root:/') mounted
[2024.11.23-13.35.53:142][  0]LogShaderLibrary: Display: ShaderCodeLibraryPakFileMountedCallback: pending pak file info (ChunkID:-1 Root:root:/ File:C:/Program Files/UE_4.27/FeaturePacks/TP_TwinStickBP.upack)
[2024.11.23-13.35.53:143][  0]LogPakFile: OnPakFileMounted2Time == 0.000289
[2024.11.23-13.35.53:143][  0]LogPakFile: PakFile PrimaryIndexSize=183
[2024.11.23-13.35.53:143][  0]LogPakFile: PakFile PathHashIndexSize=101
[2024.11.23-13.35.53:143][  0]LogPakFile: PakFile FullDirectoryIndexSize=140
[2024.11.23-13.35.53:143][  0]LogShaderLibrary: Display: ShaderCodeLibraryPakFileMountedCallback: PakFile 'C:/Program Files/UE_4.27/FeaturePacks/TP_Vehicle.upack' (chunk index -1, root 'root:/') mounted
[2024.11.23-13.35.53:143][  0]LogShaderLibrary: Display: ShaderCodeLibraryPakFileMountedCallback: pending pak file info (ChunkID:-1 Root:root:/ File:C:/Program Files/UE_4.27/FeaturePacks/TP_Vehicle.upack)
[2024.11.23-13.35.53:144][  0]LogPakFile: OnPakFileMounted2Time == 0.000280
[2024.11.23-13.35.53:144][  0]LogPakFile: PakFile PrimaryIndexSize=186
[2024.11.23-13.35.53:144][  0]LogPakFile: PakFile PathHashIndexSize=101
[2024.11.23-13.35.53:145][  0]LogPakFile: PakFile FullDirectoryIndexSize=146
[2024.11.23-13.35.53:145][  0]LogShaderLibrary: Display: ShaderCodeLibraryPakFileMountedCallback: PakFile 'C:/Program Files/UE_4.27/FeaturePacks/TP_VehicleAdv.upack' (chunk index -1, root 'root:/') mounted
[2024.11.23-13.35.53:145][  0]LogShaderLibrary: Display: ShaderCodeLibraryPakFileMountedCallback: pending pak file info (ChunkID:-1 Root:root:/ File:C:/Program Files/UE_4.27/FeaturePacks/TP_VehicleAdv.upack)
[2024.11.23-13.35.53:145][  0]LogPakFile: OnPakFileMounted2Time == 0.000258
[2024.11.23-13.35.53:146][  0]LogPakFile: PakFile PrimaryIndexSize=188
[2024.11.23-13.35.53:146][  0]LogPakFile: PakFile PathHashIndexSize=101
[2024.11.23-13.35.53:146][  0]LogPakFile: PakFile FullDirectoryIndexSize=150
[2024.11.23-13.35.53:146][  0]LogShaderLibrary: Display: ShaderCodeLibraryPakFileMountedCallback: PakFile 'C:/Program Files/UE_4.27/FeaturePacks/TP_VehicleAdvBP.upack' (chunk index -1, root 'root:/') mounted
[2024.11.23-13.35.53:146][  0]LogShaderLibrary: Display: ShaderCodeLibraryPakFileMountedCallback: pending pak file info (ChunkID:-1 Root:root:/ File:C:/Program Files/UE_4.27/FeaturePacks/TP_VehicleAdvBP.upack)
[2024.11.23-13.35.53:146][  0]LogPakFile: OnPakFileMounted2Time == 0.000458
[2024.11.23-13.35.53:147][  0]LogPakFile: PakFile PrimaryIndexSize=185
[2024.11.23-13.35.53:147][  0]LogPakFile: PakFile PathHashIndexSize=101
[2024.11.23-13.35.53:147][  0]LogPakFile: PakFile FullDirectoryIndexSize=144
[2024.11.23-13.35.53:147][  0]LogShaderLibrary: Display: ShaderCodeLibraryPakFileMountedCallback: PakFile 'C:/Program Files/UE_4.27/FeaturePacks/TP_VehicleBP.upack' (chunk index -1, root 'root:/') mounted
[2024.11.23-13.35.53:147][  0]LogShaderLibrary: Display: ShaderCodeLibraryPakFileMountedCallback: pending pak file info (ChunkID:-1 Root:root:/ File:C:/Program Files/UE_4.27/FeaturePacks/TP_VehicleBP.upack)
[2024.11.23-13.35.53:148][  0]LogPakFile: OnPakFileMounted2Time == 0.000282
[2024.11.23-13.35.53:148][  0]LogPakFile: PakFile PrimaryIndexSize=192
[2024.11.23-13.35.53:148][  0]LogPakFile: PakFile PathHashIndexSize=101
[2024.11.23-13.35.53:148][  0]LogPakFile: PakFile FullDirectoryIndexSize=158
[2024.11.23-13.35.53:149][  0]LogShaderLibrary: Display: ShaderCodeLibraryPakFileMountedCallback: PakFile 'C:/Program Files/UE_4.27/FeaturePacks/TP_VirtualRealityBP.upack' (chunk index -1, root 'root:/') mounted
[2024.11.23-13.35.53:149][  0]LogShaderLibrary: Display: ShaderCodeLibraryPakFileMountedCallback: pending pak file info (ChunkID:-1 Root:root:/ File:C:/Program Files/UE_4.27/FeaturePacks/TP_VirtualRealityBP.upack)
[2024.11.23-13.35.53:149][  0]LogPakFile: OnPakFileMounted2Time == 0.000283
[2024.11.23-13.35.53:194][  0]LogNativeClassHierarchy: Verbose: Native class hierarchy updated for 'AddContentDialog' in 0.0002 seconds. Added 0 classes and 0 folders.
[2024.11.23-13.35.53:195][  0]LogNativeClassHierarchy: Verbose: Native class hierarchy updated for 'SceneOutliner' in 0.0001 seconds. Added 2 classes and 0 folders.
[2024.11.23-13.35.53:232][  0]LogSlate: Took 0.000251 seconds to synchronously load lazily loaded font '../../../Engine/Content/Slate/Fonts/Roboto-Regular.ttf' (155K)
[2024.11.23-13.35.53:233][  0]LogSlate: Took 0.000136 seconds to synchronously load lazily loaded font '../../../Engine/Content/Editor/Slate/Fonts/FontAwesome.ttf' (139K)
[2024.11.23-13.35.53:235][  0]LogSlate: Took 0.000862 seconds to synchronously load lazily loaded font '../../../Engine/Content/Editor/Slate/Fonts/NanumGothic.ttf' (4243K)
[2024.11.23-13.35.53:236][  0]LogSlate: Took 0.001061 seconds to synchronously load lazily loaded font '../../../Engine/Content/Editor/Slate/Fonts/NanumGothicBold.ttf' (4188K)
[2024.11.23-13.35.53:236][  0]LogSlate: Took 0.000173 seconds to synchronously load lazily loaded font '../../../Engine/Content/Slate/Fonts/Roboto-Bold.ttf' (160K)
[2024.11.23-13.35.53:289][  0]LogRenderer: Reallocating scene render targets to support 1616x808 Format 10 NumSamples 1 (Frame:1).
[2024.11.23-13.35.53:346][  0]LogNativeClassHierarchy: Verbose: Native class hierarchy updated for 'HierarchicalLODOutliner' in 0.0002 seconds. Added 0 classes and 0 folders.
[2024.11.23-13.35.53:347][  0]LogLoad: (Engine Initialization) Total time: 9.09 seconds
[2024.11.23-13.35.53:347][  0]LogLoad: (Engine Initialization) Total Blueprint compile time: 0.00 seconds
[2024.11.23-13.35.53:380][  0]LogAssetRegistry: Asset discovery search completed in 5.3403 seconds
[2024.11.23-13.35.53:385][  0]LogCollectionManager: Fixed up redirectors for 0 collections in 0.000003 seconds (updated 0 objects)
[2024.11.23-13.35.53:386][  0]LogContentStreaming: Texture pool size now 1000 MB
[2024.11.23-13.35.53:398][  1]LogFileCache: Retrieving MD5 hashes for directory 'C:/Users/nanim/GitHub/NewNewInsectHeaven/InsectHeaven/Content/' took 0.04s
[2024.11.23-13.39.05:410][342]LogSlate: Took 0.000225 seconds to synchronously load lazily loaded font '../../../Engine/Content/Slate/Fonts/Roboto-Light.ttf' (167K)
[2024.11.23-13.39.05:429][342]LogEditorClassViewer: Warning: Class /Engine/Tutorial/InWorldBlueprintEditing/TutorialAssets/IWBE_Blutility.IWBE_Blutility_C has parent /Script/Blutility.PlacedEditorUtilityBase, but this parent is not found. The Class will not be shown in ClassViewer.
[2024.11.23-13.39.20:265][760]Cmd: TRANSACTION UNDO
[2024.11.23-13.39.20:266][760]LogEditorTransaction: Undo Class 편집
[2024.11.23-13.39.20:749][774]Cmd: TRANSACTION UNDO
[2024.11.23-13.39.20:750][774]LogEditorTransaction: Undo Class 편집
[2024.11.23-13.39.21:774][894]Cmd: TRANSACTION UNDO
[2024.11.23-13.39.21:774][894]LogEditorTransaction: Undo Class 편집
[2024.11.23-13.39.51:307][804]LogAudioMixer: Resetting audio stream to device id 
[2024.11.23-13.39.51:321][804]LogAudioMixer: Display: 0: FrontLeft
[2024.11.23-13.39.51:321][804]LogAudioMixer: Display: 1: FrontRight
[2024.11.23-13.43.45:840][775]LogSlate: Window 'DialogueTool' being destroyed
[2024.11.23-13.43.45:846][775]LogSlate: Window 'DialogueTool' being destroyed
[2024.11.23-13.43.49:037][147]LogAssetEditorSubsystem: Opening Asset editor for EditorUtilityWidgetBlueprint /Game/DialogueTool.DialogueTool
[2024.11.23-13.43.49:363][147]LogNativeClassHierarchy: Verbose: Native class hierarchy updated for 'BlueprintGraph' in 0.0004 seconds. Added 126 classes and 0 folders.
[2024.11.23-13.43.50:683][147]LogSlate: The tab "SequencerGraphEditor" attempted to spawn in layout 'WidgetBlueprintEditor_Designer_Layout_v4_1' but failed for some reason. An "unrecognized tab" will be returned instead.
[2024.11.23-13.43.51:289][147]LogSlate: Took 0.022828 seconds to synchronously load lazily loaded font '../../../Engine/Content/Slate/Fonts/Roboto-BoldCondensed.ttf' (158K)
[2024.11.23-13.43.56:487][673]LogSlate: Window 'SequencerGraphEditor' being destroyed
[2024.11.23-13.43.56:490][673]LogSlate: Window 'SequencerGraphEditor' being destroyed
[2024.11.23-13.45.53:865][818]LogUObjectHash: Compacting FUObjectHashTables data took   2.81ms
[2024.11.23-13.45.53:917][818]LogSavePackage: Moving '../../../../../Users/nanim/GitHub/NewNewInsectHeaven/InsectHeaven/Saved/EmptyMainLevel_Auto1D98DF8D943396BEFE129B299121BE75F.tmp' to '../../../../../Users/nanim/GitHub/NewNewInsectHeaven/InsectHeaven/Saved/Autosaves/Game/Scene/EmptyMainLevel_Auto1.umap'
[2024.11.23-13.45.53:932][818]LogFileHelpers: Editor autosave (incl. external actors) for '/Game/Scene/EmptyMainLevel' took 0.111
[2024.11.23-13.45.53:932][818]LogFileHelpers: Editor autosave (incl. sublevels & external actors) for all levels took 0.111
[2024.11.23-13.50.11:083][586]LogD3D11RHI: Timed out while waiting for GPU to catch up. (0.5 s) (ErrorCode 00000001) (00000000)
