Log file open, 08/24/24 18:52:21
LogWindows: Failed to load 'aqProf.dll' (GetLastError=126)
LogWindows: File 'aqProf.dll' does not exist
LogWindows: Failed to load 'VtuneApi.dll' (GetLastError=126)
LogWindows: File 'VtuneApi.dll' does not exist
LogWindows: Failed to load 'VtuneApi32e.dll' (GetLastError=126)
LogWindows: File 'VtuneApi32e.dll' does not exist
LogConsoleResponse: Display: Failed to find resolution value strings in scalability ini. Falling back to default.
LogConsoleResponse: Display: Failed to find resolution value strings in scalability ini. Falling back to default.
LogInit: Display: Running engine for game: InsectHeaven
LogPlatformFile: Not using cached read wrapper
LogTaskGraph: Started task graph with 5 named threads and 20 total threads with 3 sets of task threads.
LogStats: Stats thread started at 0.907708
LogICUInternationalization: ICU TimeZone Detection - Raw Offset: +9:00, Platform Override: ''
LogInit: Display: Loading text-based GConfig....
LogPluginManager: Mounting plugin MeshPainting
LogPluginManager: Mounting plugin XGEController
LogPluginManager: Mounting plugin Paper2D
LogPluginManager: Mounting plugin AISupport
LogPluginManager: Mounting plugin EnvironmentQueryEditor
LogPluginManager: Mounting plugin LightPropagationVolume
LogPluginManager: Mounting plugin LiveLink
LogPluginManager: Mounting plugin OodleData
LogPluginManager: Mounting plugin OodleNetwork
LogPluginManager: Mounting plugin CameraShakePreviewer
LogPluginManager: Mounting plugin AnimationSharing
LogPluginManager: Mounting plugin CLionSourceCodeAccess
LogPluginManager: Mounting plugin GitSourceControl
LogPluginManager: Mounting plugin KDevelopSourceCodeAccess
LogPluginManager: Mounting plugin NullSourceCodeAccess
LogPluginManager: Mounting plugin PerforceSourceControl
LogPluginManager: Mounting plugin GameplayCameras
LogPluginManager: Mounting plugin PixWinPlugin
LogPluginManager: Mounting plugin CodeLiteSourceCodeAccess
LogPluginManager: Mounting plugin PlasticSourceControl
LogPluginManager: Mounting plugin PluginUtils
LogPluginManager: Mounting plugin PropertyAccessNode
LogPluginManager: Mounting plugin RiderSourceCodeAccess
LogPluginManager: Mounting plugin TextureFormatOodle
LogPluginManager: Mounting plugin UObjectPlugin
LogPluginManager: Mounting plugin VisualStudioCodeSourceCodeAccess
LogPluginManager: Mounting plugin XCodeSourceCodeAccess
LogPluginManager: Mounting plugin VisualStudioSourceCodeAccess
LogPluginManager: Mounting plugin AssetManagerEditor
LogPluginManager: Mounting plugin CryptoKeys
LogPluginManager: Mounting plugin SubversionSourceControl
LogPluginManager: Mounting plugin CurveEditorTools
LogPluginManager: Mounting plugin DataValidation
LogPluginManager: Mounting plugin FacialAnimation
LogPluginManager: Mounting plugin EditorScriptingUtilities
LogPluginManager: Mounting plugin GameplayTagsEditor
LogPluginManager: Mounting plugin GeometryMode
LogPluginManager: Mounting plugin MacGraphicsSwitching
LogPluginManager: Mounting plugin MaterialAnalyzer
LogPluginManager: Mounting plugin MobileLauncherProfileWizard
LogPluginManager: Mounting plugin PluginBrowser
LogPluginManager: Mounting plugin DatasmithContent
LogPluginManager: Mounting plugin SpeedTreeImporter
LogPluginManager: Mounting plugin VariantManagerContent
LogPluginManager: Mounting plugin Niagara
LogPluginManager: Mounting plugin MagicLeap
LogPluginManager: Mounting plugin LuminPlatformFeatures
LogPluginManager: Mounting plugin MagicLeapLightEstimation
LogPluginManager: Mounting plugin MagicLeapMedia
LogPluginManager: Mounting plugin MagicLeapPassableWorld
LogPluginManager: Mounting plugin MLSDK
LogPluginManager: Mounting plugin AlembicImporter
LogPluginManager: Mounting plugin AutomationUtils
LogPluginManager: Mounting plugin BackChannel
LogPluginManager: Mounting plugin ChaosCloth
LogPluginManager: Mounting plugin ChaosClothEditor
LogPluginManager: Mounting plugin ChaosNiagara
LogPluginManager: Mounting plugin ChaosSolverPlugin
LogPluginManager: Mounting plugin CharacterAI
LogPluginManager: Mounting plugin ChaosEditor
LogPluginManager: Mounting plugin GeometryCache
LogPluginManager: Mounting plugin GeometryCollectionPlugin
LogPluginManager: Mounting plugin ActorSequence
LogPluginManager: Mounting plugin MatineeToLevelSequence
LogPluginManager: Mounting plugin LevelSequenceEditor
LogPluginManager: Mounting plugin TemplateSequence
LogPluginManager: Mounting plugin UdpMessaging
LogPluginManager: Mounting plugin GeometryProcessing
LogPluginManager: Mounting plugin TcpMessaging
LogPluginManager: Mounting plugin OpenImageDenoise
LogPluginManager: Mounting plugin PlanarCut
LogPluginManager: Mounting plugin PlatformCrypto
LogPluginManager: Mounting plugin ProxyLODPlugin
LogPluginManager: Mounting plugin PythonScriptPlugin
LogPluginManager: Mounting plugin SkeletalReduction
LogPluginManager: Mounting plugin MotoSynth
LogPluginManager: Mounting plugin OnlineSubsystem
LogPluginManager: Mounting plugin OnlineSubsystemNull
LogPluginManager: Mounting plugin OnlineSubsystemUtils
LogPluginManager: Mounting plugin LauncherChunkInstaller
LogPluginManager: Mounting plugin ActorLayerUtilities
LogPluginManager: Mounting plugin AndroidDeviceProfileSelector
LogPluginManager: Mounting plugin AndroidMoviePlayer
LogPluginManager: Mounting plugin AndroidPermission
LogPluginManager: Mounting plugin AppleImageUtils
LogPluginManager: Mounting plugin AppleMoviePlayer
LogPluginManager: Mounting plugin ArchVisCharacter
LogPluginManager: Mounting plugin AssetTags
LogPluginManager: Mounting plugin AudioCapture
LogPluginManager: Mounting plugin AudioSynesthesia
LogPluginManager: Mounting plugin CableComponent
LogPluginManager: Mounting plugin ChunkDownloader
LogPluginManager: Mounting plugin CustomMeshComponent
LogPluginManager: Mounting plugin EditableMesh
LogPluginManager: Mounting plugin ExampleDeviceProfileSelector
LogPluginManager: Mounting plugin GooglePAD
LogPluginManager: Mounting plugin IOSDeviceProfileSelector
LogPluginManager: Mounting plugin LocationServicesBPLibrary
LogPluginManager: Mounting plugin LinuxDeviceProfileSelector
LogPluginManager: Mounting plugin MobilePatchingUtils
LogPluginManager: Mounting plugin OpenXREyeTracker
LogPluginManager: Mounting plugin OpenXR
LogPluginManager: Mounting plugin OpenXRHandTracking
LogPluginManager: Mounting plugin PhysXVehicles
LogPluginManager: Mounting plugin PostSplashScreen
LogPluginManager: Mounting plugin ProceduralMeshComponent
LogPluginManager: Mounting plugin PropertyAccessEditor
LogPluginManager: Mounting plugin RuntimePhysXCooking
LogPluginManager: Mounting plugin SignificanceManager
LogPluginManager: Mounting plugin SoundFields
LogPluginManager: Mounting plugin Synthesis
LogPluginManager: Mounting plugin WebMMoviePlayer
LogPluginManager: Mounting plugin WindowsMoviePlayer
LogPluginManager: Mounting plugin GoogleCloudMessaging
LogPluginManager: Mounting plugin ScreenshotTools
LogPluginManager: Mounting plugin AndroidMedia
LogPluginManager: Mounting plugin AvfMedia
LogPluginManager: Mounting plugin ImgMedia
LogPluginManager: Mounting plugin MediaCompositing
LogPluginManager: Mounting plugin MediaPlayerEditor
LogPluginManager: Mounting plugin WebMMedia
LogPluginManager: Mounting plugin WmfMedia
LogPluginManager: Mounting plugin Takes
LogPluginManager: Mounting plugin ContentBrowserAssetDataSource
LogPluginManager: Mounting plugin ContentBrowserClassDataSource
LogPluginManager: Mounting plugin ContentBrowserFileDataSource
LogPluginManager: Mounting plugin OnlineSubsystemGooglePlay
LogPluginManager: Mounting plugin OnlineSubsystemIOS
LogPluginManager: Mounting plugin OculusVR
LogPluginManager: Mounting plugin SteamVR
PixWinPlugin: PIX capture plugin failed to initialize! Check that the process is launched from PIX.
LogInit: Using libcurl 7.55.1-DEV
LogInit:  - built for x86_64-pc-win32
LogInit:  - supports SSL with OpenSSL/1.1.1
LogInit:  - supports HTTP deflate (compression) using libz 1.2.8
LogInit:  - other features:
LogInit:      CURL_VERSION_SSL
LogInit:      CURL_VERSION_LIBZ
LogInit:      CURL_VERSION_IPV6
LogInit:      CURL_VERSION_ASYNCHDNS
LogInit:      CURL_VERSION_LARGEFILE
LogInit:      CURL_VERSION_IDN
LogInit:  CurlRequestOptions (configurable via config and command line):
LogInit:  - bVerifyPeer = true  - Libcurl will verify peer certificate
LogInit:  - bUseHttpProxy = false  - Libcurl will NOT use HTTP proxy
LogInit:  - bDontReuseConnections = false  - Libcurl will reuse connections
LogInit:  - MaxHostConnections = 16  - Libcurl will limit the number of connections to a host
LogInit:  - LocalHostAddr = Default
LogInit:  - BufferSize = 65536
LogOnline: OSS: Creating online subsystem instance for: NULL
LogInit: WinSock: version 1.1 (2.2), MaxSocks=32767, MaxUdp=65467
LogOnline: OSS: TryLoadSubsystemAndSetDefault: Loaded subsystem for module [NULL]
LogOculusPluginWrapper: OculusPlugin initialized successfully
LogHMD: Failed initializing OVRPlugin 1.59.0
LogInit: Build: ++UE4+Release-4.27-CL-18319896
LogInit: Engine Version: 4.27.2-18319896+++UE4+Release-4.27
LogInit: Compatible Engine Version: 4.27.0-17155196+++UE4+Release-4.27
LogInit: Net CL: 17155196
LogInit: OS: Windows 10 (Release 2009) (), CPU: Intel(R) Core(TM) i5-8600K CPU @ 3.60GHz, GPU: NVIDIA GeForce GTX 1060 3GB
LogInit: Compiled (64-bit): Nov 30 2021 07:12:08
LogInit: Compiled with Visual C++: 19.24.28315.00
LogInit: Build Configuration: DebugGame
LogInit: Branch Name: ++UE4+Release-4.27
LogInit: Command Line:  -skipcompile
LogInit: Base Directory: C:/UE_4.27/Engine/Binaries/Win64/
LogInit: Allocator: TBB
LogInit: Installed Engine Build: 1
LogDevObjectVersion: Number of dev versions registered: 29
LogDevObjectVersion:   Dev-Blueprints (B0D832E4-1F89-4F0D-ACCF-7EB736FD4AA2): 10
LogDevObjectVersion:   Dev-Build (E1C64328-A22C-4D53-A36C-8E866417BD8C): 0
LogDevObjectVersion:   Dev-Core (375EC13C-06E4-48FB-B500-84F0262A717E): 4
LogDevObjectVersion:   Dev-Editor (E4B068ED-F494-42E9-A231-DA0B2E46BB41): 40
LogDevObjectVersion:   Dev-Framework (CFFC743F-43B0-4480-9391-14DF171D2073): 37
LogDevObjectVersion:   Dev-Mobile (B02B49B5-BB20-44E9-A304-32B752E40360): 3
LogDevObjectVersion:   Dev-Networking (A4E4105C-59A1-49B5-A7C5-40C4547EDFEE): 0
LogDevObjectVersion:   Dev-Online (39C831C9-5AE6-47DC-9A44-9C173E1C8E7C): 0
LogDevObjectVersion:   Dev-Physics (78F01B33-EBEA-4F98-B9B4-84EACCB95AA2): 14
LogDevObjectVersion:   Dev-Platform (6631380F-2D4D-43E0-8009-CF276956A95A): 0
LogDevObjectVersion:   Dev-Rendering (12F88B9F-8875-4AFC-A67C-D90C383ABD29): 45
LogDevObjectVersion:   Dev-Sequencer (7B5AE74C-D270-4C10-A958-57980B212A5A): 13
LogDevObjectVersion:   Dev-VR (D7296918-1DD6-4BDD-9DE2-64A83CC13884): 3
LogDevObjectVersion:   Dev-LoadTimes (C2A15278-BFE7-4AFE-6C17-90FF531DF755): 1
LogDevObjectVersion:   Private-Geometry (6EACA3D4-40EC-4CC1-B786-8BED09428FC5): 3
LogDevObjectVersion:   Dev-AnimPhys (29E575DD-E0A3-4627-9D10-D276232CDCEA): 17
LogDevObjectVersion:   Dev-Anim (AF43A65D-7FD3-4947-9873-3E8ED9C1BB05): 15
LogDevObjectVersion:   Dev-ReflectionCapture (6B266CEC-1EC7-4B8F-A30B-E4D90942FC07): 1
LogDevObjectVersion:   Dev-Automation (0DF73D61-A23F-47EA-B727-89E90C41499A): 1
LogDevObjectVersion:   FortniteMain (601D1886-AC64-4F84-AA16-D3DE0DEAC7D6): 47
LogDevObjectVersion:   FortniteRelease (E7086368-6B23-4C58-8439-1B7016265E91): 1
LogDevObjectVersion:   Dev-Enterprise (9DFFBCD6-494F-0158-E221-12823C92A888): 10
LogDevObjectVersion:   Dev-Niagara (F2AED0AC-9AFE-416F-8664-AA7FFA26D6FC): 1
LogDevObjectVersion:   Dev-Destruction (174F1F0B-B4C6-45A5-B13F-2EE8D0FB917D): 10
LogDevObjectVersion:   Dev-Physics-Ext (35F94A83-E258-406C-A318-09F59610247C): 41
LogDevObjectVersion:   Dev-PhysicsMaterial-Chaos (B68FC16E-8B1B-42E2-B453-215C058844FE): 1
LogDevObjectVersion:   Dev-CineCamera (B2E18506-4273-CFC2-A54E-F4BB758BBA07): 1
LogDevObjectVersion:   Dev-VirtualProduction (64F58936-FD1B-42BA-BA96-7289D5D0FA4E): 1
LogDevObjectVersion:   Dev-MediaFramework (6F0ED827-A609-4895-9C91-998D90180EA4): 2
LogInit: Presizing for max 25165824 objects, including 0 objects not considered by GC, pre-allocating 0 bytes for permanent pool.
LogConfig: Applying CVar settings from Section [/Script/Engine.StreamingSettings] File [D:/Users/PC/Documents/GitHub/NewNewInsectHeaven/InsectHeaven/Saved/Config/Windows/Engine.ini]
LogConfig: Setting CVar [[s.MinBulkDataSizeForAsyncLoading:131072]]
LogConfig: Setting CVar [[s.AsyncLoadingThreadEnabled:0]]
LogConfig: Setting CVar [[s.EventDrivenLoaderEnabled:1]]
LogConfig: Setting CVar [[s.WarnIfTimeLimitExceeded:0]]
LogConfig: Setting CVar [[s.TimeLimitExceededMultiplier:1.5]]
LogConfig: Setting CVar [[s.TimeLimitExceededMinTime:0.005]]
LogConfig: Setting CVar [[s.UseBackgroundLevelStreaming:1]]
LogConfig: Setting CVar [[s.PriorityAsyncLoadingExtraTime:15.0]]
LogConfig: Setting CVar [[s.LevelStreamingActorsUpdateTimeLimit:5.0]]
LogConfig: Setting CVar [[s.PriorityLevelStreamingActorsUpdateExtraTime:5.0]]
LogConfig: Setting CVar [[s.LevelStreamingComponentsRegistrationGranularity:10]]
LogConfig: Setting CVar [[s.UnregisterComponentsTimeLimit:1.0]]
LogConfig: Setting CVar [[s.LevelStreamingComponentsUnregistrationGranularity:5]]
LogConfig: Setting CVar [[s.FlushStreamingOnExit:1]]
LogInit: Object subsystem initialized
LogConfig: Setting CVar [[con.DebugEarlyDefault:1]]
LogConfig: Setting CVar [[r.setres:1280x720]]
[2024.08.24-09.52.22:992][  0]LogConfig: Setting CVar [[r.VSync:0]]
[2024.08.24-09.52.22:992][  0]LogConfig: Setting CVar [[r.RHICmdBypass:0]]
[2024.08.24-09.52.22:992][  0]LogConfig: Applying CVar settings from Section [/Script/Engine.RendererSettings] File [D:/Users/PC/Documents/GitHub/NewNewInsectHeaven/InsectHeaven/Saved/Config/Windows/Engine.ini]
[2024.08.24-09.52.22:992][  0]LogConfig: Setting CVar [[r.GPUCrashDebugging:0]]
[2024.08.24-09.52.22:992][  0]LogConfig: Applying CVar settings from Section [/Script/Engine.RendererOverrideSettings] File [D:/Users/PC/Documents/GitHub/NewNewInsectHeaven/InsectHeaven/Saved/Config/Windows/Engine.ini]
[2024.08.24-09.52.22:993][  0]LogConfig: Applying CVar settings from Section [/Script/Engine.StreamingSettings] File [D:/Users/PC/Documents/GitHub/NewNewInsectHeaven/InsectHeaven/Saved/Config/Windows/Engine.ini]
[2024.08.24-09.52.22:993][  0]LogConfig: Setting CVar [[s.MinBulkDataSizeForAsyncLoading:131072]]
[2024.08.24-09.52.22:993][  0]LogConfig: Setting CVar [[s.AsyncLoadingThreadEnabled:0]]
[2024.08.24-09.52.22:993][  0]LogConfig: Setting CVar [[s.EventDrivenLoaderEnabled:1]]
[2024.08.24-09.52.22:993][  0]LogConfig: Setting CVar [[s.WarnIfTimeLimitExceeded:0]]
[2024.08.24-09.52.22:994][  0]LogConfig: Setting CVar [[s.TimeLimitExceededMultiplier:1.5]]
[2024.08.24-09.52.22:994][  0]LogConfig: Setting CVar [[s.TimeLimitExceededMinTime:0.005]]
[2024.08.24-09.52.22:994][  0]LogConfig: Setting CVar [[s.UseBackgroundLevelStreaming:1]]
[2024.08.24-09.52.22:994][  0]LogConfig: Setting CVar [[s.PriorityAsyncLoadingExtraTime:15.0]]
[2024.08.24-09.52.22:994][  0]LogConfig: Setting CVar [[s.LevelStreamingActorsUpdateTimeLimit:5.0]]
[2024.08.24-09.52.22:994][  0]LogConfig: Setting CVar [[s.PriorityLevelStreamingActorsUpdateExtraTime:5.0]]
[2024.08.24-09.52.22:996][  0]LogConfig: Setting CVar [[s.LevelStreamingComponentsRegistrationGranularity:10]]
[2024.08.24-09.52.22:996][  0]LogConfig: Setting CVar [[s.UnregisterComponentsTimeLimit:1.0]]
[2024.08.24-09.52.22:996][  0]LogConfig: Setting CVar [[s.LevelStreamingComponentsUnregistrationGranularity:5]]
[2024.08.24-09.52.22:997][  0]LogConfig: Setting CVar [[s.FlushStreamingOnExit:1]]
[2024.08.24-09.52.22:997][  0]LogConfig: Applying CVar settings from Section [/Script/Engine.GarbageCollectionSettings] File [D:/Users/PC/Documents/GitHub/NewNewInsectHeaven/InsectHeaven/Saved/Config/Windows/Engine.ini]
[2024.08.24-09.52.22:997][  0]LogConfig: Setting CVar [[gc.MaxObjectsNotConsideredByGC:1]]
[2024.08.24-09.52.22:997][  0]LogConfig: Setting CVar [[gc.SizeOfPermanentObjectPool:0]]
[2024.08.24-09.52.22:997][  0]LogConfig: Setting CVar [[gc.FlushStreamingOnGC:0]]
[2024.08.24-09.52.22:997][  0]LogConfig: Setting CVar [[gc.NumRetriesBeforeForcingGC:10]]
[2024.08.24-09.52.22:997][  0]LogConfig: Setting CVar [[gc.AllowParallelGC:1]]
[2024.08.24-09.52.22:997][  0]LogConfig: Setting CVar [[gc.TimeBetweenPurgingPendingKillObjects:61.1]]
[2024.08.24-09.52.22:997][  0]LogConfig: Setting CVar [[gc.MaxObjectsInEditor:25165824]]
[2024.08.24-09.52.22:997][  0]LogConfig: Setting CVar [[gc.IncrementalBeginDestroyEnabled:1]]
[2024.08.24-09.52.22:997][  0]LogConfig: Setting CVar [[gc.CreateGCClusters:1]]
[2024.08.24-09.52.22:997][  0]LogConfig: Setting CVar [[gc.MinGCClusterSize:5]]
[2024.08.24-09.52.22:997][  0]LogConfig: Setting CVar [[gc.ActorClusteringEnabled:0]]
[2024.08.24-09.52.22:998][  0]LogConfig: Setting CVar [[gc.BlueprintClusteringEnabled:0]]
[2024.08.24-09.52.22:998][  0]LogConfig: Setting CVar [[gc.UseDisregardForGCOnDedicatedServers:0]]
[2024.08.24-09.52.22:998][  0]LogConfig: Setting CVar [[gc.MultithreadedDestructionEnabled:1]]
[2024.08.24-09.52.22:999][  0]LogConfig: Applying CVar settings from Section [/Script/Engine.NetworkSettings] File [D:/Users/PC/Documents/GitHub/NewNewInsectHeaven/InsectHeaven/Saved/Config/Windows/Engine.ini]
[2024.08.24-09.52.22:999][  0]LogConfig: Applying CVar settings from Section [/Script/UnrealEd.CookerSettings] File [D:/Users/PC/Documents/GitHub/NewNewInsectHeaven/InsectHeaven/Saved/Config/Windows/Engine.ini]
[2024.08.24-09.52.23:107][  0]LogConfig: Applying CVar settings from Section [ViewDistanceQuality@3] File [D:/Users/PC/Documents/GitHub/NewNewInsectHeaven/InsectHeaven/Saved/Config/Windows/Scalability.ini]
[2024.08.24-09.52.23:108][  0]LogConfig: Setting CVar [[r.SkeletalMeshLODBias:0]]
[2024.08.24-09.52.23:119][  0]LogConfig: Setting CVar [[r.ViewDistanceScale:1.0]]
[2024.08.24-09.52.23:132][  0]LogConfig: Applying CVar settings from Section [AntiAliasingQuality@3] File [D:/Users/PC/Documents/GitHub/NewNewInsectHeaven/InsectHeaven/Saved/Config/Windows/Scalability.ini]
[2024.08.24-09.52.23:137][  0]LogConfig: Setting CVar [[r.PostProcessAAQuality:4]]
[2024.08.24-09.52.23:138][  0]LogConfig: Applying CVar settings from Section [ShadowQuality@3] File [D:/Users/PC/Documents/GitHub/NewNewInsectHeaven/InsectHeaven/Saved/Config/Windows/Scalability.ini]
[2024.08.24-09.52.23:138][  0]LogConfig: Setting CVar [[r.LightFunctionQuality:1]]
[2024.08.24-09.52.23:139][  0]LogConfig: Setting CVar [[r.ShadowQuality:5]]
[2024.08.24-09.52.23:141][  0]LogConfig: Setting CVar [[r.Shadow.CSM.MaxCascades:10]]
[2024.08.24-09.52.23:146][  0]LogConfig: Setting CVar [[r.Shadow.MaxResolution:2048]]
[2024.08.24-09.52.23:146][  0]LogConfig: Setting CVar [[r.Shadow.MaxCSMResolution:2048]]
[2024.08.24-09.52.23:146][  0]LogConfig: Setting CVar [[r.Shadow.RadiusThreshold:0.01]]
[2024.08.24-09.52.23:146][  0]LogConfig: Setting CVar [[r.Shadow.DistanceScale:1.0]]
[2024.08.24-09.52.23:146][  0]LogConfig: Setting CVar [[r.Shadow.CSM.TransitionScale:1.0]]
[2024.08.24-09.52.23:146][  0]LogConfig: Setting CVar [[r.Shadow.PreShadowResolutionFactor:1.0]]
[2024.08.24-09.52.23:148][  0]LogConfig: Setting CVar [[r.DistanceFieldShadowing:1]]
[2024.08.24-09.52.23:153][  0]LogConfig: Setting CVar [[r.DistanceFieldAO:1]]
[2024.08.24-09.52.23:156][  0]LogConfig: Setting CVar [[r.AOQuality:2]]
[2024.08.24-09.52.23:197][  0]LogConfig: Setting CVar [[r.VolumetricFog:1]]
[2024.08.24-09.52.23:211][  0]LogConfig: Setting CVar [[r.VolumetricFog.GridPixelSize:8]]
[2024.08.24-09.52.23:252][  0]LogConfig: Setting CVar [[r.VolumetricFog.GridSizeZ:128]]
[2024.08.24-09.52.23:260][  0]LogConfig: Setting CVar [[r.VolumetricFog.HistoryMissSupersampleCount:4]]
[2024.08.24-09.52.23:261][  0]LogConfig: Setting CVar [[r.LightMaxDrawDistanceScale:1]]
[2024.08.24-09.52.23:261][  0]LogConfig: Setting CVar [[r.CapsuleShadows:1]]
[2024.08.24-09.52.23:262][  0]LogConfig: Applying CVar settings from Section [PostProcessQuality@3] File [D:/Users/PC/Documents/GitHub/NewNewInsectHeaven/InsectHeaven/Saved/Config/Windows/Scalability.ini]
[2024.08.24-09.52.23:263][  0]LogConfig: Setting CVar [[r.MotionBlurQuality:4]]
[2024.08.24-09.52.23:263][  0]LogConfig: Setting CVar [[r.AmbientOcclusionMipLevelFactor:0.4]]
[2024.08.24-09.52.23:264][  0]LogConfig: Setting CVar [[r.AmbientOcclusionMaxQuality:100]]
[2024.08.24-09.52.23:266][  0]LogConfig: Setting CVar [[r.AmbientOcclusionLevels:-1]]
[2024.08.24-09.52.23:267][  0]LogConfig: Setting CVar [[r.AmbientOcclusionRadiusScale:1.0]]
[2024.08.24-09.52.23:271][  0]LogConfig: Setting CVar [[r.DepthOfFieldQuality:2]]
[2024.08.24-09.52.23:280][  0]LogConfig: Setting CVar [[r.RenderTargetPoolMin:400]]
[2024.08.24-09.52.23:280][  0]LogConfig: Setting CVar [[r.LensFlareQuality:2]]
[2024.08.24-09.52.23:280][  0]LogConfig: Setting CVar [[r.SceneColorFringeQuality:1]]
[2024.08.24-09.52.23:280][  0]LogConfig: Setting CVar [[r.EyeAdaptationQuality:2]]
[2024.08.24-09.52.23:281][  0]LogConfig: Setting CVar [[r.BloomQuality:5]]
[2024.08.24-09.52.23:281][  0]LogConfig: Setting CVar [[r.FastBlurThreshold:100]]
[2024.08.24-09.52.23:281][  0]LogConfig: Setting CVar [[r.Upscale.Quality:3]]
[2024.08.24-09.52.23:281][  0]LogConfig: Setting CVar [[r.Tonemapper.GrainQuantization:1]]
[2024.08.24-09.52.23:281][  0]LogConfig: Setting CVar [[r.LightShaftQuality:1]]
[2024.08.24-09.52.23:282][  0]LogConfig: Setting CVar [[r.Filter.SizeScale:1]]
[2024.08.24-09.52.23:282][  0]LogConfig: Setting CVar [[r.Tonemapper.Quality:5]]
[2024.08.24-09.52.23:282][  0]LogConfig: Setting CVar [[r.DOF.Gather.AccumulatorQuality:1        ; higher gathering accumulator quality]]
[2024.08.24-09.52.23:282][  0]LogConfig: Setting CVar [[r.DOF.Gather.PostfilterMethod:1          ; Median3x3 postfilering method]]
[2024.08.24-09.52.23:282][  0]LogConfig: Setting CVar [[r.DOF.Gather.EnableBokehSettings:0       ; no bokeh simulation when gathering]]
[2024.08.24-09.52.23:283][  0]LogConfig: Setting CVar [[r.DOF.Gather.RingCount:4                 ; medium number of samples when gathering]]
[2024.08.24-09.52.23:283][  0]LogConfig: Setting CVar [[r.DOF.Scatter.ForegroundCompositing:1    ; additive foreground scattering]]
[2024.08.24-09.52.23:283][  0]LogConfig: Setting CVar [[r.DOF.Scatter.BackgroundCompositing:2    ; additive background scattering]]
[2024.08.24-09.52.23:283][  0]LogConfig: Setting CVar [[r.DOF.Scatter.EnableBokehSettings:1      ; bokeh simulation when scattering]]
[2024.08.24-09.52.23:284][  0]LogConfig: Setting CVar [[r.DOF.Scatter.MaxSpriteRatio:0.1         ; only a maximum of 10% of scattered bokeh]]
[2024.08.24-09.52.23:285][  0]LogConfig: Setting CVar [[r.DOF.Recombine.Quality:1                ; cheap slight out of focus]]
[2024.08.24-09.52.23:286][  0]LogConfig: Setting CVar [[r.DOF.Recombine.EnableBokehSettings:0    ; no bokeh simulation on slight out of focus]]
[2024.08.24-09.52.23:288][  0]LogConfig: Setting CVar [[r.DOF.TemporalAAQuality:1                ; more stable temporal accumulation]]
[2024.08.24-09.52.23:288][  0]LogConfig: Setting CVar [[r.DOF.Kernel.MaxForegroundRadius:0.025]]
[2024.08.24-09.52.23:290][  0]LogConfig: Setting CVar [[r.DOF.Kernel.MaxBackgroundRadius:0.025]]
[2024.08.24-09.52.23:291][  0]LogConfig: Applying CVar settings from Section [TextureQuality@3] File [D:/Users/PC/Documents/GitHub/NewNewInsectHeaven/InsectHeaven/Saved/Config/Windows/Scalability.ini]
[2024.08.24-09.52.23:291][  0]LogConfig: Setting CVar [[r.Streaming.MipBias:0]]
[2024.08.24-09.52.23:292][  0]LogConfig: Setting CVar [[r.Streaming.AmortizeCPUToGPUCopy:0]]
[2024.08.24-09.52.23:293][  0]LogConfig: Setting CVar [[r.Streaming.MaxNumTexturesToStreamPerFrame:0]]
[2024.08.24-09.52.23:293][  0]LogConfig: Setting CVar [[r.Streaming.Boost:1]]
[2024.08.24-09.52.23:293][  0]LogConfig: Setting CVar [[r.MaxAnisotropy:8]]
[2024.08.24-09.52.23:293][  0]LogConfig: Setting CVar [[r.VT.MaxAnisotropy:8]]
[2024.08.24-09.52.23:293][  0]LogConfig: Setting CVar [[r.Streaming.LimitPoolSizeToVRAM:0]]
[2024.08.24-09.52.23:294][  0]LogConfig: Setting CVar [[r.Streaming.PoolSize:1000]]
[2024.08.24-09.52.23:294][  0]LogConfig: Setting CVar [[r.Streaming.MaxEffectiveScreenSize:0]]
[2024.08.24-09.52.23:296][  0]LogConfig: Applying CVar settings from Section [EffectsQuality@3] File [D:/Users/PC/Documents/GitHub/NewNewInsectHeaven/InsectHeaven/Saved/Config/Windows/Scalability.ini]
[2024.08.24-09.52.23:296][  0]LogConfig: Setting CVar [[r.TranslucencyLightingVolumeDim:64]]
[2024.08.24-09.52.23:296][  0]LogConfig: Setting CVar [[r.RefractionQuality:2]]
[2024.08.24-09.52.23:296][  0]LogConfig: Setting CVar [[r.SSR.Quality:3]]
[2024.08.24-09.52.23:297][  0]LogConfig: Setting CVar [[r.SSR.HalfResSceneColor:0]]
[2024.08.24-09.52.23:297][  0]LogConfig: Setting CVar [[r.SceneColorFormat:4]]
[2024.08.24-09.52.23:298][  0]LogConfig: Setting CVar [[r.DetailMode:2]]
[2024.08.24-09.52.23:298][  0]LogConfig: Setting CVar [[r.TranslucencyVolumeBlur:1]]
[2024.08.24-09.52.23:298][  0]LogConfig: Setting CVar [[r.MaterialQualityLevel:1 ; High quality]]
[2024.08.24-09.52.23:298][  0]LogConfig: Setting CVar [[r.AnisotropicMaterials:1]]
[2024.08.24-09.52.23:298][  0]LogConfig: Setting CVar [[r.SSS.Scale:1]]
[2024.08.24-09.52.23:298][  0]LogConfig: Setting CVar [[r.SSS.SampleSet:2]]
[2024.08.24-09.52.23:299][  0]LogConfig: Setting CVar [[r.SSS.Quality:1]]
[2024.08.24-09.52.23:299][  0]LogConfig: Setting CVar [[r.SSS.HalfRes:0]]
[2024.08.24-09.52.23:299][  0]LogConfig: Setting CVar [[r.SSGI.Quality:3]]
[2024.08.24-09.52.23:299][  0]LogConfig: Setting CVar [[r.EmitterSpawnRateScale:1.0]]
[2024.08.24-09.52.23:299][  0]LogConfig: Setting CVar [[r.ParticleLightQuality:2]]
[2024.08.24-09.52.23:300][  0]LogConfig: Setting CVar [[r.SkyAtmosphere.AerialPerspectiveLUT.FastApplyOnOpaque:1 ; Always have FastSkyLUT 1 in this case to avoid wrong sky]]
[2024.08.24-09.52.23:300][  0]LogConfig: Setting CVar [[r.SkyAtmosphere.AerialPerspectiveLUT.SampleCountMaxPerSlice:4]]
[2024.08.24-09.52.23:300][  0]LogConfig: Setting CVar [[r.SkyAtmosphere.AerialPerspectiveLUT.DepthResolution:16.0]]
[2024.08.24-09.52.23:300][  0]LogConfig: Setting CVar [[r.SkyAtmosphere.FastSkyLUT:1]]
[2024.08.24-09.52.23:301][  0]LogConfig: Setting CVar [[r.SkyAtmosphere.FastSkyLUT.SampleCountMin:4.0]]
[2024.08.24-09.52.23:301][  0]LogConfig: Setting CVar [[r.SkyAtmosphere.FastSkyLUT.SampleCountMax:128.0]]
[2024.08.24-09.52.23:302][  0]LogConfig: Setting CVar [[r.SkyAtmosphere.SampleCountMin:4.0]]
[2024.08.24-09.52.23:302][  0]LogConfig: Setting CVar [[r.SkyAtmosphere.SampleCountMax:128.0]]
[2024.08.24-09.52.23:302][  0]LogConfig: Setting CVar [[r.SkyAtmosphere.TransmittanceLUT.UseSmallFormat:0]]
[2024.08.24-09.52.23:302][  0]LogConfig: Setting CVar [[r.SkyAtmosphere.TransmittanceLUT.SampleCount:10.0]]
[2024.08.24-09.52.23:303][  0]LogConfig: Setting CVar [[r.SkyAtmosphere.MultiScatteringLUT.SampleCount:15.0]]
[2024.08.24-09.52.23:303][  0]LogConfig: Setting CVar [[r.SkyLight.RealTimeReflectionCapture:1]]
[2024.08.24-09.52.23:303][  0]LogConfig: Applying CVar settings from Section [FoliageQuality@3] File [D:/Users/PC/Documents/GitHub/NewNewInsectHeaven/InsectHeaven/Saved/Config/Windows/Scalability.ini]
[2024.08.24-09.52.23:303][  0]LogConfig: Setting CVar [[foliage.DensityScale:1.0]]
[2024.08.24-09.52.23:303][  0]LogConfig: Setting CVar [[grass.DensityScale:1.0]]
[2024.08.24-09.52.23:303][  0]LogConfig: Applying CVar settings from Section [ShadingQuality@3] File [D:/Users/PC/Documents/GitHub/NewNewInsectHeaven/InsectHeaven/Saved/Config/Windows/Scalability.ini]
[2024.08.24-09.52.23:304][  0]LogConfig: Setting CVar [[r.HairStrands.SkyLighting.IntegrationType:2]]
[2024.08.24-09.52.23:304][  0]LogConfig: Setting CVar [[r.HairStrands.SkyAO.SampleCount:4]]
[2024.08.24-09.52.23:304][  0]LogConfig: Setting CVar [[r.HairStrands.Visibility.MSAA.SamplePerPixel:4]]
[2024.08.24-09.52.23:304][  0]LogInit: Selected Device Profile: [Windows]
[2024.08.24-09.52.23:304][  0]LogInit: Applying CVar settings loaded from the selected device profile: [Windows]
[2024.08.24-09.52.23:304][  0]LogHAL: Display: Platform has ~ 16 GB [17129017344 / 17179869184 / 16], which maps to Larger [LargestMinGB=32, LargerMinGB=12, DefaultMinGB=8, SmallerMinGB=6, SmallestMinGB=0)
[2024.08.24-09.52.23:304][  0]LogInit: Going up to parent DeviceProfile []
[2024.08.24-09.52.23:304][  0]LogConfig: Applying CVar settings from Section [ViewDistanceQuality@3] File [D:/Users/PC/Documents/GitHub/NewNewInsectHeaven/InsectHeaven/Saved/Config/Windows/Scalability.ini]
[2024.08.24-09.52.23:304][  0]LogConfig: Setting CVar [[r.SkeletalMeshLODBias:0]]
[2024.08.24-09.52.23:304][  0]LogConfig: Setting CVar [[r.ViewDistanceScale:1.0]]
[2024.08.24-09.52.23:305][  0]LogConfig: Applying CVar settings from Section [AntiAliasingQuality@3] File [D:/Users/PC/Documents/GitHub/NewNewInsectHeaven/InsectHeaven/Saved/Config/Windows/Scalability.ini]
[2024.08.24-09.52.23:305][  0]LogConfig: Setting CVar [[r.PostProcessAAQuality:4]]
[2024.08.24-09.52.23:305][  0]LogConfig: Applying CVar settings from Section [ShadowQuality@3] File [D:/Users/PC/Documents/GitHub/NewNewInsectHeaven/InsectHeaven/Saved/Config/Windows/Scalability.ini]
[2024.08.24-09.52.23:306][  0]LogConfig: Setting CVar [[r.LightFunctionQuality:1]]
[2024.08.24-09.52.23:306][  0]LogConfig: Setting CVar [[r.ShadowQuality:5]]
[2024.08.24-09.52.23:306][  0]LogConfig: Setting CVar [[r.Shadow.CSM.MaxCascades:10]]
[2024.08.24-09.52.23:307][  0]LogConfig: Setting CVar [[r.Shadow.MaxResolution:2048]]
[2024.08.24-09.52.23:307][  0]LogConfig: Setting CVar [[r.Shadow.MaxCSMResolution:2048]]
[2024.08.24-09.52.23:308][  0]LogConfig: Setting CVar [[r.Shadow.RadiusThreshold:0.01]]
[2024.08.24-09.52.23:308][  0]LogConfig: Setting CVar [[r.Shadow.DistanceScale:1.0]]
[2024.08.24-09.52.23:309][  0]LogConfig: Setting CVar [[r.Shadow.CSM.TransitionScale:1.0]]
[2024.08.24-09.52.23:309][  0]LogConfig: Setting CVar [[r.Shadow.PreShadowResolutionFactor:1.0]]
[2024.08.24-09.52.23:309][  0]LogConfig: Setting CVar [[r.DistanceFieldShadowing:1]]
[2024.08.24-09.52.23:309][  0]LogConfig: Setting CVar [[r.DistanceFieldAO:1]]
[2024.08.24-09.52.23:309][  0]LogConfig: Setting CVar [[r.AOQuality:2]]
[2024.08.24-09.52.23:309][  0]LogConfig: Setting CVar [[r.VolumetricFog:1]]
[2024.08.24-09.52.23:310][  0]LogConfig: Setting CVar [[r.VolumetricFog.GridPixelSize:8]]
[2024.08.24-09.52.23:310][  0]LogConfig: Setting CVar [[r.VolumetricFog.GridSizeZ:128]]
[2024.08.24-09.52.23:310][  0]LogConfig: Setting CVar [[r.VolumetricFog.HistoryMissSupersampleCount:4]]
[2024.08.24-09.52.23:310][  0]LogConfig: Setting CVar [[r.LightMaxDrawDistanceScale:1]]
[2024.08.24-09.52.23:310][  0]LogConfig: Setting CVar [[r.CapsuleShadows:1]]
[2024.08.24-09.52.23:310][  0]LogConfig: Applying CVar settings from Section [PostProcessQuality@3] File [D:/Users/PC/Documents/GitHub/NewNewInsectHeaven/InsectHeaven/Saved/Config/Windows/Scalability.ini]
[2024.08.24-09.52.23:310][  0]LogConfig: Setting CVar [[r.MotionBlurQuality:4]]
[2024.08.24-09.52.23:310][  0]LogConfig: Setting CVar [[r.AmbientOcclusionMipLevelFactor:0.4]]
[2024.08.24-09.52.23:310][  0]LogConfig: Setting CVar [[r.AmbientOcclusionMaxQuality:100]]
[2024.08.24-09.52.23:310][  0]LogConfig: Setting CVar [[r.AmbientOcclusionLevels:-1]]
[2024.08.24-09.52.23:310][  0]LogConfig: Setting CVar [[r.AmbientOcclusionRadiusScale:1.0]]
[2024.08.24-09.52.23:310][  0]LogConfig: Setting CVar [[r.DepthOfFieldQuality:2]]
[2024.08.24-09.52.23:310][  0]LogConfig: Setting CVar [[r.RenderTargetPoolMin:400]]
[2024.08.24-09.52.23:310][  0]LogConfig: Setting CVar [[r.LensFlareQuality:2]]
[2024.08.24-09.52.23:310][  0]LogConfig: Setting CVar [[r.SceneColorFringeQuality:1]]
[2024.08.24-09.52.23:310][  0]LogConfig: Setting CVar [[r.EyeAdaptationQuality:2]]
[2024.08.24-09.52.23:310][  0]LogConfig: Setting CVar [[r.BloomQuality:5]]
[2024.08.24-09.52.23:311][  0]LogConfig: Setting CVar [[r.FastBlurThreshold:100]]
[2024.08.24-09.52.23:311][  0]LogConfig: Setting CVar [[r.Upscale.Quality:3]]
[2024.08.24-09.52.23:311][  0]LogConfig: Setting CVar [[r.Tonemapper.GrainQuantization:1]]
[2024.08.24-09.52.23:311][  0]LogConfig: Setting CVar [[r.LightShaftQuality:1]]
[2024.08.24-09.52.23:311][  0]LogConfig: Setting CVar [[r.Filter.SizeScale:1]]
[2024.08.24-09.52.23:311][  0]LogConfig: Setting CVar [[r.Tonemapper.Quality:5]]
[2024.08.24-09.52.23:311][  0]LogConfig: Setting CVar [[r.DOF.Gather.AccumulatorQuality:1        ; higher gathering accumulator quality]]
[2024.08.24-09.52.23:311][  0]LogConfig: Setting CVar [[r.DOF.Gather.PostfilterMethod:1          ; Median3x3 postfilering method]]
[2024.08.24-09.52.23:311][  0]LogConfig: Setting CVar [[r.DOF.Gather.EnableBokehSettings:0       ; no bokeh simulation when gathering]]
[2024.08.24-09.52.23:311][  0]LogConfig: Setting CVar [[r.DOF.Gather.RingCount:4                 ; medium number of samples when gathering]]
[2024.08.24-09.52.23:311][  0]LogConfig: Setting CVar [[r.DOF.Scatter.ForegroundCompositing:1    ; additive foreground scattering]]
[2024.08.24-09.52.23:314][  0]LogConfig: Setting CVar [[r.DOF.Scatter.BackgroundCompositing:2    ; additive background scattering]]
[2024.08.24-09.52.23:315][  0]LogConfig: Setting CVar [[r.DOF.Scatter.EnableBokehSettings:1      ; bokeh simulation when scattering]]
[2024.08.24-09.52.23:315][  0]LogConfig: Setting CVar [[r.DOF.Scatter.MaxSpriteRatio:0.1         ; only a maximum of 10% of scattered bokeh]]
[2024.08.24-09.52.23:315][  0]LogConfig: Setting CVar [[r.DOF.Recombine.Quality:1                ; cheap slight out of focus]]
[2024.08.24-09.52.23:315][  0]LogConfig: Setting CVar [[r.DOF.Recombine.EnableBokehSettings:0    ; no bokeh simulation on slight out of focus]]
[2024.08.24-09.52.23:316][  0]LogConfig: Setting CVar [[r.DOF.TemporalAAQuality:1                ; more stable temporal accumulation]]
[2024.08.24-09.52.23:316][  0]LogConfig: Setting CVar [[r.DOF.Kernel.MaxForegroundRadius:0.025]]
[2024.08.24-09.52.23:320][  0]LogConfig: Setting CVar [[r.DOF.Kernel.MaxBackgroundRadius:0.025]]
[2024.08.24-09.52.23:321][  0]LogConfig: Applying CVar settings from Section [TextureQuality@3] File [D:/Users/PC/Documents/GitHub/NewNewInsectHeaven/InsectHeaven/Saved/Config/Windows/Scalability.ini]
[2024.08.24-09.52.23:323][  0]LogConfig: Setting CVar [[r.Streaming.MipBias:0]]
[2024.08.24-09.52.23:323][  0]LogConfig: Setting CVar [[r.Streaming.AmortizeCPUToGPUCopy:0]]
[2024.08.24-09.52.23:323][  0]LogConfig: Setting CVar [[r.Streaming.MaxNumTexturesToStreamPerFrame:0]]
[2024.08.24-09.52.23:323][  0]LogConfig: Setting CVar [[r.Streaming.Boost:1]]
[2024.08.24-09.52.23:324][  0]LogConfig: Setting CVar [[r.MaxAnisotropy:8]]
[2024.08.24-09.52.23:324][  0]LogConfig: Setting CVar [[r.VT.MaxAnisotropy:8]]
[2024.08.24-09.52.23:325][  0]LogConfig: Setting CVar [[r.Streaming.LimitPoolSizeToVRAM:0]]
[2024.08.24-09.52.23:325][  0]LogConfig: Setting CVar [[r.Streaming.PoolSize:1000]]
[2024.08.24-09.52.23:325][  0]LogConfig: Setting CVar [[r.Streaming.MaxEffectiveScreenSize:0]]
[2024.08.24-09.52.23:325][  0]LogConfig: Applying CVar settings from Section [EffectsQuality@3] File [D:/Users/PC/Documents/GitHub/NewNewInsectHeaven/InsectHeaven/Saved/Config/Windows/Scalability.ini]
[2024.08.24-09.52.23:325][  0]LogConfig: Setting CVar [[r.TranslucencyLightingVolumeDim:64]]
[2024.08.24-09.52.23:326][  0]LogConfig: Setting CVar [[r.RefractionQuality:2]]
[2024.08.24-09.52.23:326][  0]LogConfig: Setting CVar [[r.SSR.Quality:3]]
[2024.08.24-09.52.23:326][  0]LogConfig: Setting CVar [[r.SSR.HalfResSceneColor:0]]
[2024.08.24-09.52.23:326][  0]LogConfig: Setting CVar [[r.SceneColorFormat:4]]
[2024.08.24-09.52.23:326][  0]LogConfig: Setting CVar [[r.DetailMode:2]]
[2024.08.24-09.52.23:326][  0]LogConfig: Setting CVar [[r.TranslucencyVolumeBlur:1]]
[2024.08.24-09.52.23:326][  0]LogConfig: Setting CVar [[r.MaterialQualityLevel:1 ; High quality]]
[2024.08.24-09.52.23:326][  0]LogConfig: Setting CVar [[r.AnisotropicMaterials:1]]
[2024.08.24-09.52.23:326][  0]LogConfig: Setting CVar [[r.SSS.Scale:1]]
[2024.08.24-09.52.23:326][  0]LogConfig: Setting CVar [[r.SSS.SampleSet:2]]
[2024.08.24-09.52.23:326][  0]LogConfig: Setting CVar [[r.SSS.Quality:1]]
[2024.08.24-09.52.23:326][  0]LogConfig: Setting CVar [[r.SSS.HalfRes:0]]
[2024.08.24-09.52.23:326][  0]LogConfig: Setting CVar [[r.SSGI.Quality:3]]
[2024.08.24-09.52.23:327][  0]LogConfig: Setting CVar [[r.EmitterSpawnRateScale:1.0]]
[2024.08.24-09.52.23:327][  0]LogConfig: Setting CVar [[r.ParticleLightQuality:2]]
[2024.08.24-09.52.23:327][  0]LogConfig: Setting CVar [[r.SkyAtmosphere.AerialPerspectiveLUT.FastApplyOnOpaque:1 ; Always have FastSkyLUT 1 in this case to avoid wrong sky]]
[2024.08.24-09.52.23:327][  0]LogConfig: Setting CVar [[r.SkyAtmosphere.AerialPerspectiveLUT.SampleCountMaxPerSlice:4]]
[2024.08.24-09.52.23:327][  0]LogConfig: Setting CVar [[r.SkyAtmosphere.AerialPerspectiveLUT.DepthResolution:16.0]]
[2024.08.24-09.52.23:327][  0]LogConfig: Setting CVar [[r.SkyAtmosphere.FastSkyLUT:1]]
[2024.08.24-09.52.23:327][  0]LogConfig: Setting CVar [[r.SkyAtmosphere.FastSkyLUT.SampleCountMin:4.0]]
[2024.08.24-09.52.23:327][  0]LogConfig: Setting CVar [[r.SkyAtmosphere.FastSkyLUT.SampleCountMax:128.0]]
[2024.08.24-09.52.23:327][  0]LogConfig: Setting CVar [[r.SkyAtmosphere.SampleCountMin:4.0]]
[2024.08.24-09.52.23:327][  0]LogConfig: Setting CVar [[r.SkyAtmosphere.SampleCountMax:128.0]]
[2024.08.24-09.52.23:327][  0]LogConfig: Setting CVar [[r.SkyAtmosphere.TransmittanceLUT.UseSmallFormat:0]]
[2024.08.24-09.52.23:327][  0]LogConfig: Setting CVar [[r.SkyAtmosphere.TransmittanceLUT.SampleCount:10.0]]
[2024.08.24-09.52.23:327][  0]LogConfig: Setting CVar [[r.SkyAtmosphere.MultiScatteringLUT.SampleCount:15.0]]
[2024.08.24-09.52.23:327][  0]LogConfig: Setting CVar [[r.SkyLight.RealTimeReflectionCapture:1]]
[2024.08.24-09.52.23:327][  0]LogConfig: Applying CVar settings from Section [FoliageQuality@3] File [D:/Users/PC/Documents/GitHub/NewNewInsectHeaven/InsectHeaven/Saved/Config/Windows/Scalability.ini]
[2024.08.24-09.52.23:327][  0]LogConfig: Setting CVar [[foliage.DensityScale:1.0]]
[2024.08.24-09.52.23:327][  0]LogConfig: Setting CVar [[grass.DensityScale:1.0]]
[2024.08.24-09.52.23:328][  0]LogConfig: Applying CVar settings from Section [ShadingQuality@3] File [D:/Users/PC/Documents/GitHub/NewNewInsectHeaven/InsectHeaven/Saved/Config/Windows/Scalability.ini]
[2024.08.24-09.52.23:328][  0]LogConfig: Setting CVar [[r.HairStrands.SkyLighting.IntegrationType:2]]
[2024.08.24-09.52.23:328][  0]LogConfig: Setting CVar [[r.HairStrands.SkyAO.SampleCount:4]]
[2024.08.24-09.52.23:330][  0]LogConfig: Setting CVar [[r.HairStrands.Visibility.MSAA.SamplePerPixel:4]]
[2024.08.24-09.52.23:330][  0]LogConfig: Applying CVar settings from Section [Startup] File [../../../Engine/Config/ConsoleVariables.ini]
[2024.08.24-09.52.23:331][  0]LogConfig: Setting CVar [[net.UseAdaptiveNetUpdateFrequency:0]]
[2024.08.24-09.52.23:331][  0]LogConfig: Setting CVar [[p.chaos.AllowCreatePhysxBodies:1]]
[2024.08.24-09.52.23:331][  0]LogConfig: Setting CVar [[fx.SkipVectorVMBackendOptimizations:1]]
[2024.08.24-09.52.23:332][  0]LogConfig: Applying CVar settings from Section [ConsoleVariables] File [D:/Users/PC/Documents/GitHub/NewNewInsectHeaven/InsectHeaven/Saved/Config/Windows/Engine.ini]
[2024.08.24-09.52.23:332][  0]LogConfig: Applying CVar settings from Section [ConsoleVariables] File [D:/Users/PC/Documents/GitHub/NewNewInsectHeaven/InsectHeaven/Saved/Config/Windows/Editor.ini]
[2024.08.24-09.52.23:333][  0]LogInit: Computer: DESKTOP-P2P91DD
[2024.08.24-09.52.23:333][  0]LogInit: User: PC
[2024.08.24-09.52.23:334][  0]LogInit: CPU Page size=4096, Cores=6
[2024.08.24-09.52.23:334][  0]LogInit: High frequency timer resolution =10.000000 MHz
[2024.08.24-09.52.23:334][  0]LogMemory: Memory total: Physical=16.0GB (16GB approx)
[2024.08.24-09.52.23:335][  0]LogMemory: Platform Memory Stats for Windows
[2024.08.24-09.52.23:335][  0]LogMemory: Process Physical Memory: 142.73 MB used, 142.74 MB peak
[2024.08.24-09.52.23:335][  0]LogMemory: Process Virtual Memory: 114.70 MB used, 114.70 MB peak
[2024.08.24-09.52.23:335][  0]LogMemory: Physical Memory: 9231.69 MB used,  7103.81 MB free, 16335.50 MB total
[2024.08.24-09.52.23:335][  0]LogMemory: Virtual Memory: 134202272.00 MB used,  15452.32 MB free, 134217728.00 MB total
[2024.08.24-09.52.23:359][  0]LogWindows: WindowsPlatformFeatures enabled
[2024.08.24-09.52.23:714][  0]LogInit: Physics initialised using underlying interface: PhysX
[2024.08.24-09.52.23:717][  0]LogInit: Using OS detected language (ko-KR).
[2024.08.24-09.52.23:718][  0]LogInit: Using OS detected locale (ko-KR).
[2024.08.24-09.52.23:728][  0]LogTextLocalizationManager: No specific localization for 'ko-KR' exists, so the 'ko' localization will be used.
[2024.08.24-09.52.24:053][  0]LogInit: Setting process to per monitor DPI aware
[2024.08.24-09.52.24:174][  0]LogWindowsTextInputMethodSystem: Display: IME system deactivated.
[2024.08.24-09.52.24:235][  0]LogSlate: New Slate User Created.  User Index 0, Is Virtual User: 0
[2024.08.24-09.52.24:235][  0]LogSlate: Slate User Registered.  User Index 0, Is Virtual User: 0
[2024.08.24-09.52.24:621][  0]LogD3D11RHI: Loaded GFSDK_Aftermath_Lib.x64.dll
[2024.08.24-09.52.24:634][  0]LogHMD: Failed to initialize OpenVR with code 110
[2024.08.24-09.52.24:634][  0]LogD3D11RHI: D3D11 min allowed feature level: 11_0
[2024.08.24-09.52.24:634][  0]LogD3D11RHI: D3D11 max allowed feature level: 11_0
[2024.08.24-09.52.24:634][  0]LogD3D11RHI: D3D11 adapters:
[2024.08.24-09.52.24:807][  0]LogD3D11RHI:    0. 'NVIDIA GeForce GTX 1060 3GB' (Feature Level 11_0)
[2024.08.24-09.52.24:807][  0]LogD3D11RHI:       2988/0/8167 MB DedicatedVideo/DedicatedSystem/SharedSystem, Outputs:2, VendorId:0x10de
[2024.08.24-09.52.24:820][  0]LogD3D11RHI:    1. 'Microsoft Basic Render Driver' (Feature Level 11_0)
[2024.08.24-09.52.24:820][  0]LogD3D11RHI:       0/0/8167 MB DedicatedVideo/DedicatedSystem/SharedSystem, Outputs:0, VendorId:0x1414
[2024.08.24-09.52.24:820][  0]LogD3D11RHI: Chosen D3D11 Adapter:
[2024.08.24-09.52.24:820][  0]LogD3D11RHI:     Description : NVIDIA GeForce GTX 1060 3GB
[2024.08.24-09.52.24:820][  0]LogD3D11RHI:     VendorId    : 10de
[2024.08.24-09.52.24:820][  0]LogD3D11RHI:     DeviceId    : 1c02
[2024.08.24-09.52.24:821][  0]LogD3D11RHI:     SubSysId    : 32871462
[2024.08.24-09.52.24:821][  0]LogD3D11RHI:     Revision    : 00a1
[2024.08.24-09.52.24:821][  0]LogD3D11RHI:     DedicatedVideoMemory : 3133145088 bytes
[2024.08.24-09.52.24:821][  0]LogD3D11RHI:     DedicatedSystemMemory : 0 bytes
[2024.08.24-09.52.24:821][  0]LogD3D11RHI:     SharedSystemMemory : 8564508672 bytes
[2024.08.24-09.52.24:821][  0]LogD3D11RHI:     AdapterLuid : 0 64982
[2024.08.24-09.52.24:835][  0]LogD3D11RHI: Creating new Direct3DDevice
[2024.08.24-09.52.24:836][  0]LogD3D11RHI:     GPU DeviceId: 0x1c02 (for the marketing name, search the web for "GPU Device Id")
[2024.08.24-09.52.24:836][  0]LogWindows: EnumDisplayDevices:
[2024.08.24-09.52.24:836][  0]LogWindows:    0. 'NVIDIA GeForce GTX 1060 3GB' (P:1 D:1)
[2024.08.24-09.52.24:838][  0]LogWindows:    1. 'NVIDIA GeForce GTX 1060 3GB' (P:0 D:1)
[2024.08.24-09.52.24:839][  0]LogWindows:    2. 'NVIDIA GeForce GTX 1060 3GB' (P:0 D:0)
[2024.08.24-09.52.24:841][  0]LogWindows:    3. 'NVIDIA GeForce GTX 1060 3GB' (P:0 D:0)
[2024.08.24-09.52.24:843][  0]LogWindows: DebugString: FoundDriverCount:4 
[2024.08.24-09.52.24:843][  0]LogD3D11RHI:     Adapter Name: NVIDIA GeForce GTX 1060 3GB
[2024.08.24-09.52.24:843][  0]LogD3D11RHI:   Driver Version: 457.51 (internal:27.21.14.5751, unified:457.51)
[2024.08.24-09.52.24:843][  0]LogD3D11RHI:      Driver Date: 11-22-2020
[2024.08.24-09.52.24:843][  0]LogRHI: Texture pool is 2091 MB (70% of 2988 MB)
[2024.08.24-09.52.24:843][  0]LogD3D11RHI: Creating D3DDevice using adapter:
[2024.08.24-09.52.24:843][  0]LogD3D11RHI:     Description : NVIDIA GeForce GTX 1060 3GB
[2024.08.24-09.52.24:844][  0]LogD3D11RHI:     VendorId    : 10de
[2024.08.24-09.52.24:844][  0]LogD3D11RHI:     DeviceId    : 1c02
[2024.08.24-09.52.24:844][  0]LogD3D11RHI:     SubSysId    : 32871462
[2024.08.24-09.52.24:844][  0]LogD3D11RHI:     Revision    : 00a1
[2024.08.24-09.52.24:844][  0]LogD3D11RHI:     DedicatedVideoMemory : 3133145088 bytes
[2024.08.24-09.52.24:844][  0]LogD3D11RHI:     DedicatedSystemMemory : 0 bytes
[2024.08.24-09.52.24:844][  0]LogD3D11RHI:     SharedSystemMemory : 8564508672 bytes
[2024.08.24-09.52.24:844][  0]LogD3D11RHI:     AdapterLuid : 0 64982
[2024.08.24-09.52.24:934][  0]LogD3D11RHI: RHI has support for 64 bit atomics
[2024.08.24-09.52.24:934][  0]LogD3D11RHI: Async texture creation enabled
[2024.08.24-09.52.24:935][  0]LogD3D11RHI: Array index from any shader is supported
[2024.08.24-09.52.24:961][  0]LogD3D11RHI: GPU Timing Frequency: 1000.000000 (Debug: 2 1)
[2024.08.24-09.52.25:132][  0]LogRHI: GeForceNow SDK initialized: 1
[2024.08.24-09.52.25:749][  0]LogTargetPlatformManager: Display: Loaded TargetPlatform 'AllDesktop'
[2024.08.24-09.52.25:779][  0]LogTargetPlatformManager: Display: Loaded TargetPlatform 'Android'
[2024.08.24-09.52.25:780][  0]LogTargetPlatformManager: Display: Loaded TargetPlatform 'Android_ASTC'
[2024.08.24-09.52.25:780][  0]LogTargetPlatformManager: Display: Loaded TargetPlatform 'Android_DXT'
[2024.08.24-09.52.25:780][  0]LogTargetPlatformManager: Display: Loaded TargetPlatform 'Android_ETC2'
[2024.08.24-09.52.25:780][  0]LogTargetPlatformManager: Display: Loaded TargetPlatform 'AndroidClient'
[2024.08.24-09.52.25:780][  0]LogTargetPlatformManager: Display: Loaded TargetPlatform 'Android_ASTCClient'
[2024.08.24-09.52.25:780][  0]LogTargetPlatformManager: Display: Loaded TargetPlatform 'Android_DXTClient'
[2024.08.24-09.52.25:780][  0]LogTargetPlatformManager: Display: Loaded TargetPlatform 'Android_ETC2Client'
[2024.08.24-09.52.25:780][  0]LogTargetPlatformManager: Display: Loaded TargetPlatform 'Android_Multi'
[2024.08.24-09.52.25:780][  0]LogTargetPlatformManager: Display: Loaded TargetPlatform 'Android_MultiClient'
[2024.08.24-09.52.25:825][  0]LogTargetPlatformManager: Display: Loaded TargetPlatform 'IOSClient'
[2024.08.24-09.52.25:826][  0]LogTargetPlatformManager: Display: Loaded TargetPlatform 'IOS'
[2024.08.24-09.52.25:847][  0]LogTargetPlatformManager: Display: Loaded TargetPlatform 'Linux'
[2024.08.24-09.52.25:859][  0]LogTargetPlatformManager: Display: Loaded TargetPlatform 'LinuxNoEditor'
[2024.08.24-09.52.25:871][  0]LogTargetPlatformManager: Display: Loaded TargetPlatform 'LinuxClient'
[2024.08.24-09.52.25:883][  0]LogTargetPlatformManager: Display: Loaded TargetPlatform 'LinuxServer'
[2024.08.24-09.52.25:903][  0]LogTargetPlatformManager: Display: Loaded TargetPlatform 'LinuxAArch64NoEditor'
[2024.08.24-09.52.25:914][  0]LogTargetPlatformManager: Display: Loaded TargetPlatform 'LinuxAArch64Client'
[2024.08.24-09.52.25:926][  0]LogTargetPlatformManager: Display: Loaded TargetPlatform 'LinuxAArch64Server'
[2024.08.24-09.52.25:968][  0]LogTargetPlatformManager: Display: Loaded TargetPlatform 'Lumin'
[2024.08.24-09.52.25:968][  0]LogTargetPlatformManager: Display: Loaded TargetPlatform 'LuminClient'
[2024.08.24-09.52.25:984][  0]LogTargetPlatformManager: Display: Loaded TargetPlatform 'MacNoEditor'
[2024.08.24-09.52.25:996][  0]LogTargetPlatformManager: Display: Loaded TargetPlatform 'Mac'
[2024.08.24-09.52.26:008][  0]LogTargetPlatformManager: Display: Loaded TargetPlatform 'MacClient'
[2024.08.24-09.52.26:020][  0]LogTargetPlatformManager: Display: Loaded TargetPlatform 'MacServer'
[2024.08.24-09.52.26:037][  0]LogTargetPlatformManager: Display: Loaded TargetPlatform 'TVOSClient'
[2024.08.24-09.52.26:038][  0]LogTargetPlatformManager: Display: Loaded TargetPlatform 'TVOS'
[2024.08.24-09.52.26:054][  0]LogTargetPlatformManager: Display: Loaded TargetPlatform 'WindowsNoEditor'
[2024.08.24-09.52.26:064][  0]LogTargetPlatformManager: Display: Loaded TargetPlatform 'Windows'
[2024.08.24-09.52.26:075][  0]LogTargetPlatformManager: Display: Loaded TargetPlatform 'WindowsClient'
[2024.08.24-09.52.26:089][  0]LogTargetPlatformManager: Display: Loaded TargetPlatform 'WindowsServer'
[2024.08.24-09.52.26:090][  0]LogTargetPlatformManager: Display: Building Assets For Windows
[2024.08.24-09.52.26:145][  0]LogAudioDebug: Display: Lib vorbis DLL was dynamically loaded.
[2024.08.24-09.52.26:291][  0]LogTextureFormatOodle: Display: Oodle Texture 2.9.0 init RDO Off
[2024.08.24-09.52.26:442][  0]LogRendererCore: Ray tracing is disabled. Reason: r.RayTracing=0.
[2024.08.24-09.52.26:443][  0]LogShaderCompilers: Guid format shader working directory is -18 characters bigger than the processId version (D:/Users/PC/Documents/GitHub/NewNewInsectHeaven/InsectHeaven/Intermediate/Shaders/WorkingDirectory/27512/).
[2024.08.24-09.52.26:443][  0]LogShaderCompilers: Cleaned the shader compiler working directory 'C:/Users/PC/AppData/Local/Temp/UnrealShaderWorkingDir/9473FE9247DE49F758366BBB6E82BBD7/'.
[2024.08.24-09.52.26:444][  0]LogXGEController: Cannot use XGE Controller as Incredibuild is not installed on this machine.
[2024.08.24-09.52.26:445][  0]LogShaderCompilers: Cannot use XGE Shader Compiler as Incredibuild is not installed on this machine.
[2024.08.24-09.52.26:445][  0]LogShaderCompilers: Display: Using Local Shader Compiler.
[2024.08.24-09.52.27:237][  0]LogDerivedDataCache: Display: Max Cache Size: 512 MB
[2024.08.24-09.52.27:306][  0]LogDerivedDataCache: Loaded boot cache 0.07s 94MB C:/Users/PC/AppData/Local/UnrealEngine/4.27/DerivedDataCache/Boot.ddc.
[2024.08.24-09.52.27:306][  0]LogDerivedDataCache: Display: Loaded Boot cache: C:/Users/PC/AppData/Local/UnrealEngine/4.27/DerivedDataCache/Boot.ddc
[2024.08.24-09.52.27:306][  0]LogDerivedDataCache: FDerivedDataBackendGraph:  Pak pak cache file D:/Users/PC/Documents/GitHub/NewNewInsectHeaven/InsectHeaven/DerivedDataCache/DDC.ddp not found, will not use a pak cache.
[2024.08.24-09.52.27:307][  0]LogDerivedDataCache: Unable to find inner node Pak for hierarchical cache Hierarchy.
[2024.08.24-09.52.27:307][  0]LogDerivedDataCache: FDerivedDataBackendGraph:  CompressedPak pak cache file D:/Users/PC/Documents/GitHub/NewNewInsectHeaven/InsectHeaven/DerivedDataCache/Compressed.ddp not found, will not use a pak cache.
[2024.08.24-09.52.27:307][  0]LogDerivedDataCache: Unable to find inner node CompressedPak for hierarchical cache Hierarchy.
[2024.08.24-09.52.27:324][  0]LogDerivedDataCache: Display: Pak cache opened for reading ../../../Engine/DerivedDataCache/Compressed.ddp.
[2024.08.24-09.52.27:324][  0]LogDerivedDataCache: FDerivedDataBackendGraph:  EnterprisePak pak cache file ../../../Enterprise/DerivedDataCache/Compressed.ddp not found, will not use a pak cache.
[2024.08.24-09.52.27:324][  0]LogDerivedDataCache: Unable to find inner node EnterprisePak for hierarchical cache Hierarchy.
[2024.08.24-09.52.27:336][  0]LogDerivedDataCache: Speed tests for C:/Users/PC/AppData/Local/UnrealEngine/Common/DerivedDataCache took 0.01 seconds
[2024.08.24-09.52.27:336][  0]LogDerivedDataCache: Display: Performance to C:/Users/PC/AppData/Local/UnrealEngine/Common/DerivedDataCache: Latency=0.06ms. RandomReadSpeed=652.46MBs, RandomWriteSpeed=93.62MBs. Assigned SpeedClass 'Local'
[2024.08.24-09.52.27:339][  0]LogDerivedDataCache: Using Local data cache path C:/Users/PC/AppData/Local/UnrealEngine/Common/DerivedDataCache: Writable
[2024.08.24-09.52.27:339][  0]LogDerivedDataCache: Shared data cache path not found in *engine.ini, will not use an Shared cache.
[2024.08.24-09.52.27:339][  0]LogDerivedDataCache: Unable to find inner node Shared for hierarchical cache Hierarchy.
[2024.08.24-09.52.27:387][  0]LogSlate: Using FreeType 2.10.0
[2024.08.24-09.52.27:388][  0]LogSlate: SlateFontServices - WITH_FREETYPE: 1, WITH_HARFBUZZ: 1
[2024.08.24-09.52.27:427][  0]LogAssetRegistry: FAssetRegistry took 0.0056 seconds to start up
[2024.08.24-09.52.27:694][  0]LogInit: Selected Device Profile: [Windows]
[2024.08.24-09.52.27:694][  0]LogInit: Active device profile: [00000181DE578B00][00000181DAB12EC0 49] Windows
[2024.08.24-09.52.27:694][  0]LogInit: Profiles: [00000181DE578B00][00000181DAB12EC0 49] Windows, [00000181DE536200][00000181DDBE1040 49] WindowsNoEditor, [00000181DE579900][00000181CF14F1C0 49] WindowsServer, [00000181DE536F00][00000181CF153340 49] WindowsClient, [00000181DE57BC00][00000181CF1574C0 49] IOS, [00000181DE534F00][00000181D191B640 49] iPadAir, [00000181DE57BE00][00000181D191F7C0 49] iPadAir2, [00000181DE4E0E00][00000181D1927A80 49] IPadPro, [00000181DE4E0F00][00000181D1923AC0 49] iPadAir3, [00000181DE537C00][00000181DDD420C0 49] iPadAir4, [00000181DE4E3800][00000181DDD46240 49] iPadMini2, [00000181DE537000][00000181DDD4A3C0 49] iPadMini3, [00000181DE4E3A00][00000181DDD4E540 49] iPadMini4, [00000181DE537800][00000181DDD526C0 49] iPadMini5, [00000181DE4F4600][00000181DDBDC940 49] iPhone6, [00000181DE4F4700][00000181DB710980 49] iPodTouch6, [00000181DE57A900][00000181DB718BC0 49] iPhone7, [00000181DE57A600][00000181DB714C00 49] iPodTouch7, [00000181DE4F4100][00000181DB71CD40 49] iPhone5S, [00000181DE4E0700][00000181DB724EC0 49] iPhone6Plus, [00000181DE4F6500][00000181DB729040 49] iPhone6S, [00000181DE4E1200][00000181DB72D1C0 49] iPhone6SPlus, [00000181DE4F7B00][00000181DB731340 49] iPhone7Plus, [00000181DE4E3700][00000181DB7354C0 49] iPhoneSE, [00000181DE57AC00][00000181DB739640 49] iPhone8, [00000181DE4E0600][00000181DB73D7C0 49] iPhone8Plus, [00000181DE57A100][00000181DB741940 49] iPhoneX, [00000181DE4E2A00][00000181DB745AC0 49] iPhoneXS, [00000181DE57B200][00000181DDEC40C0 49] iPhoneXSMax, [00000181DE4E2F00][00000181DDEC8240 49] iPhoneXR, [00000181DE57BB00][00000181DDECC3C0 49] iPhone11, [00000181DE4E1D00][00000181DDED0540 49] iPhone11Pro, [00000181DE578600][00000181DDED46C0 49] iPhone11ProMax, [00000181DE4E2100][00000181DDED8840 49] iPhoneSE2, [00000181DE57BA00][00000181DDEDC9C0 49] iPhone12Mini, [00000181DE4E2200][00000181DDEE0B40 49] iPhone12, [00000181DE578700][00000181DB720C80 49] iPhone12Pro, [00000181DE4E2400][00000181DDEE4DC0 49] iPhone12ProMax, [00000181DE579200][00000181DDEE8F00 49] iPadPro105, [00000181DE4E1900][00000181DDEF1080 49] iPadPro129, [00000181DE578400][00000181DDEF5200 49] iPadPro97, [00000181DE4E3C00][00000181DDEF9380 49] iPadPro2_129, [00000181DE57B900][00000181DDEFD500 49] iPad5, [00000181DE4E0300][00000181DDF01680 49] iPad6, [00000181DE579B00][00000181DDF05800 49] iPad7, [00000181DE4E2500][00000181DDF09980 49] iPad8, [00000181DE579700][00000181DDF0DB00 49] iPadPro11, [00000181DE4E3900][00000181DDF10100 49] iPadPro2_11, [00000181DE579400][00000181DDF14280 49] iPadPro3_129, [00000181DE4E2300][00000181DDF18400 49] iPadPro4_129, [00000181DE57B700][00000181DDF1C580 49] AppleTV, [00000181DE4E3B00][00000181D161C700 49] AppleTV4K, [00000181DE579D00][00000181D1620880 49] TVOS, [00000181DE4E0800][00000181D1624A00 49] Mac, [00000181DE57A400][00000181D1628B80 49] MacClient, [00000181DE4E2D00][00000181D162CD00 49] MacNoEditor, [00000181DE57B500][00000181DDEECE40 49] MacServer, [00000181DE4E0A00][00000181D1630F80 49] Linux, [00000181DE57AB00][00000181D16350C0 49] LinuxAArch64, [00000181DE4E2900][00000181D163D240 49] LinuxNoEditor, [00000181DE57A500][00000181D16413C0 49] LinuxAArch64NoEditor, [00000181DE4E0D00][00000181D1645540 49] LinuxClient, [00000181DE578D00][00000181D16496C0 49] LinuxAArch64Client, [00000181DE4E1F00][00000181D164D840 49] LinuxServer, [00000181DE57B100][00000181D16519C0 49] LinuxAArch64Server, [00000181DE4E1100][00000181D1655B40 49] Android, [00000181DE57AE00][00000181D1658140 49] Android_Low, [00000181DE4E3400][00000181D165C2C0 49] Android_Mid, [00000181DE57A200][00000181D1660440 49] Android_High, [00000181DE4E1000][00000181D16645C0 49] Android_Default, [00000181DE579300][00000181D1668740 49] Android_Adreno4xx, [00000181DE536400][00000181D166C8C0 49] Android_Adreno5xx_Low, [00000181DE4F5C00][00000181D1670A40 49] Android_Adreno5xx, [00000181DE537700][00000181D1674BC0 49] Android_Adreno6xx, [00000181DE4F6000][00000181D1678D40 49] Android_Adreno6xx_Vulkan, [00000181DE534400][00000181D167CEC0 49] Android_Mali_T6xx, [00000181DE4F4F00][00000181D1639000 49] Android_Mali_T7xx, [00000181DE535F00][00000181D1681140 49] Android_Mali_T8xx, [00000181DE4F5F00][00000181D1685280 49] Android_Mali_G71, [00000181DE536900][00000181D16893C0 49] Android_Mali_G72, [00000181DE4F6F00][00000181D1691540 49] Android_Mali_G72_Vulkan, [00000181DE537F00][00000181D16956C0 49] Android_Mali_G76, [00000181DE4F6200][00000181D1699840 49] Android_Mali_G76_Vulkan, [00000181DE535E00][00000181D169D9C0 49] Android_Mali_G77, [00000181DE4F6C00][00000181D16A5B40 49] Android_Mali_G77_Vulkan, [00000181DE537500][00000181D16B0140 49] Android_Mali_G78, [00000181DE4F5300][00000181D16DA2C0 49] Android_Mali_G78_Vulkan, [00000181DE535400][00000181D1716440 49] Android_Mali_G710, [00000181DE4F4500][00000181DDE6E5C0 49] Android_Mali_G710_Vulkan, [00000181DE534700][00000181DDEAC740 49] Android_Vulkan_SM5, [00000181DE4F7F00][00000181DDEB08C0 49] Android_PowerVR_G6xxx, [00000181DE536000][00000181DDEB4A40 49] Android_PowerVR_GT7xxx, [00000181DE4F7000][00000181DDEB8BC0 49] Android_PowerVR_GE8xxx, [00000181DE537900][00000181DDEBCD40 49] Android_PowerVR_GM9xxx, [00000181DE4F6800][00000181DE32CEC0 49] Android_PowerVR_GM9xxx_Vulkan, [00000181DE535700][00000181DDEC1040 49] Android_TegraK1, [00000181DE4F5700][00000181D168D180 49] Android_Unknown_Vulkan, [00000181DE537400][00000181DE2352C0 49] Lumin, [00000181DE4F7C00][00000181DE239400 49] Lumin_Desktop, [00000181DE534E00][00000181DF713540 49] HoloLens, 
[2024.08.24-09.52.27:924][  0]LogMeshReduction: Using QuadricMeshReduction for automatic static mesh reduction
[2024.08.24-09.52.27:924][  0]LogMeshReduction: Using SimplygonMeshReduction for automatic skeletal mesh reduction
[2024.08.24-09.52.27:924][  0]LogMeshReduction: Using ProxyLODMeshReduction for automatic mesh merging
[2024.08.24-09.52.27:924][  0]LogMeshReduction: No distributed automatic mesh merging module available
[2024.08.24-09.52.27:924][  0]LogMeshMerging: No distributed automatic mesh merging module available
[2024.08.24-09.52.27:957][  0]LogNetVersion: InsectHeaven 1.0.0, NetCL: 17155196, EngineNetVer: 17, GameNetVer: 0 (Checksum: 3375795940)
[2024.08.24-09.52.28:411][  0]LogTexture: Default maximum texture size for cubemaps generated from long-lat sources has been changed from 512 to unlimited. In order to preserve old behaiour for '/Engine/MapTemplates/Sky/DaylightAmbientCubemap.DaylightAmbientCubemap', its maximum texture size has been explicitly set to 512.
[2024.08.24-09.52.28:477][  0]LogHMD: PokeAHoleMaterial loaded successfully
[2024.08.24-09.52.28:485][  0]LogUObjectArray: 17178 objects as part of root set at end of initial load.
[2024.08.24-09.52.28:485][  0]LogUObjectAllocator: 4302048 out of 0 bytes used by permanent object pool.
[2024.08.24-09.52.28:485][  0]LogUObjectArray: CloseDisregardForGC: 0/0 objects in disregard for GC pool
[2024.08.24-09.52.29:109][  0]LogNiagaraDebuggerClient: Niagara Debugger Client Initialized | Session: 9ECAA1F6447FE6AC80DCCEB7933B94C4 | Instance: 67281BC3425162049086599E07EF5F23 (DESKTOP-P2P91DD-27512).
[2024.08.24-09.52.29:376][  0]LogUdpMessaging: Initializing bridge on interface 0.0.0.0:0 to multicast group 230.0.0.1:6666.
[2024.08.24-09.52.29:401][  0]LogTcpMessaging: Initializing TcpMessaging bridge
[2024.08.24-09.52.29:429][  0]LogPython: Using Python 3.7.7
[2024.08.24-09.52.30:422][  0]SourceControl: 소스 컨트롤이 꺼졌습니다.
[2024.08.24-09.52.30:422][  0]SourceControl: 소스 컨트롤이 꺼졌습니다.
[2024.08.24-09.52.30:438][  0]SourceControl: 소스 컨트롤이 꺼졌습니다.
[2024.08.24-09.52.30:448][  0]SourceControl: 소스 컨트롤이 꺼졌습니다.
[2024.08.24-09.52.30:503][  0]LogUProjectInfo: Found projects:
[2024.08.24-09.52.30:566][  0]SourceControl: 소스 컨트롤이 꺼졌습니다.
[2024.08.24-09.52.31:082][  0]LogOpenImageDenoise: OIDN starting up
[2024.08.24-09.52.31:143][  0]LogAndroidPermission: UAndroidPermissionCallbackProxy::GetInstance
[2024.08.24-09.52.31:206][  0]LogAudioCaptureCore: Display: No Audio Capture implementations found. Audio input will be silent.
[2024.08.24-09.52.31:206][  0]LogAudioCaptureCore: Display: No Audio Capture implementations found. Audio input will be silent.
[2024.08.24-09.52.31:483][  0]LogCollectionManager: Loaded 0 collections in 0.002313 seconds
[2024.08.24-09.52.31:547][  0]LogFileCache: Scanning file cache for directory 'D:/Users/PC/Documents/GitHub/NewNewInsectHeaven/InsectHeaven/Saved/Collections/' took 0.00s
[2024.08.24-09.52.31:548][  0]LogFileCache: Scanning file cache for directory 'D:/Users/PC/Documents/GitHub/NewNewInsectHeaven/InsectHeaven/Content/Developers/PC/Collections/' took 0.00s
[2024.08.24-09.52.31:548][  0]LogFileCache: Scanning file cache for directory 'D:/Users/PC/Documents/GitHub/NewNewInsectHeaven/InsectHeaven/Content/Collections/' took 0.00s
[2024.08.24-09.52.31:548][  0]LogOcInput: OculusInput pre-init called
[2024.08.24-09.52.31:899][  0]LogClass: Display: IntProperty FCharacter_2D::Name is not initialized properly. Module:InsectHeaven File:Table/DataStruct/Character_2D.h
[2024.08.24-09.52.31:899][  0]LogClass: Display: IntProperty FCharacter_2D::ImageID is not initialized properly. Module:InsectHeaven File:Table/DataStruct/Character_2D.h
[2024.08.24-09.52.31:899][  0]LogClass: Warning: ObjectProperty FDialogueClip::formerAction is not initialized properly. Module:InsectHeaven File:Library/Dialogue/DialogueEditToolWidget.h
[2024.08.24-09.52.31:899][  0]LogClass: Warning: ObjectProperty FDialogueClip::nowAction is not initialized properly. Module:InsectHeaven File:Library/Dialogue/DialogueEditToolWidget.h
[2024.08.24-09.52.31:899][  0]LogClass: Display: IntProperty FResource_Widget::PathFile is not initialized properly. Module:InsectHeaven File:Table/DataStruct/Resource_Widget.h
[2024.08.24-09.52.31:899][  0]LogClass: Display: IntProperty FScript_Local::Test is not initialized properly. Module:InsectHeaven File:Table/DataStruct/Script_Local.h
[2024.08.24-09.52.31:900][  0]LogClass: Display: 6 Uninitialized script struct members found including 2 object properties
[2024.08.24-09.52.31:900][  0]LogAutomationTest: Warning: ObjectProperty FDialogueClip::formerAction is not initialized properly. Module:InsectHeaven File:Library/Dialogue/DialogueEditToolWidget.h
[2024.08.24-09.52.31:900][  0]LogAutomationTest: Warning: ObjectProperty FDialogueClip::nowAction is not initialized properly. Module:InsectHeaven File:Library/Dialogue/DialogueEditToolWidget.h
[2024.08.24-09.52.31:901][  0]LogEngine: Initializing Engine...
[2024.08.24-09.52.31:906][  0]LogHMD: Failed to enumerate extensions. Please check that you have a valid OpenXR runtime installed.
[2024.08.24-09.52.31:906][  0]LogHMD: Failed to initialize OpenVR with code 110
[2024.08.24-09.52.31:906][  0]LogMagicLeap: Warning: VR disabled because ZI is not enabled.  To enable, in the editor, Edit -> Project Settings -> Plugins -> Magic Leap Plugin -> Enable Zero Iteration
[2024.08.24-09.52.31:907][  0]LogStats: UGameplayTagsManager::InitializeManager -  0.000 s
[2024.08.24-09.52.32:043][  0]LogInit: Initializing FReadOnlyCVARCache
[2024.08.24-09.52.32:059][  0]LogAIModule: Creating AISystem for world Untitled
[2024.08.24-09.52.32:072][  0]LogAudio: Display: Initializing Audio Device Manager...
[2024.08.24-09.52.32:082][  0]LogAudio: Display: Loading Default Audio Settings Objects...
[2024.08.24-09.52.32:083][  0]LogAudio: Display: No default SoundConcurrencyObject specified (or failed to load).
[2024.08.24-09.52.32:084][  0]LogAudio: Display: Audio Device Manager Initialized
[2024.08.24-09.52.32:084][  0]LogAudio: Display: Creating Audio Device:                 Id: 1, Scope: Shared, Realtime: True
[2024.08.24-09.52.32:084][  0]LogAudioMixer: Display: Audio Mixer Platform Settings:
[2024.08.24-09.52.32:085][  0]LogAudioMixer: Display: 	Sample Rate:						  48000
[2024.08.24-09.52.32:085][  0]LogAudioMixer: Display: 	Callback Buffer Frame Size Requested: 1024
[2024.08.24-09.52.32:085][  0]LogAudioMixer: Display: 	Callback Buffer Frame Size To Use:	  1024
[2024.08.24-09.52.32:085][  0]LogAudioMixer: Display: 	Number of buffers to queue:			  2
[2024.08.24-09.52.32:085][  0]LogAudioMixer: Display: 	Max Channels (voices):				  32
[2024.08.24-09.52.32:086][  0]LogAudioMixer: Display: 	Number of Async Source Workers:		  0
[2024.08.24-09.52.32:086][  0]LogAudio: Display: AudioDevice MaxSources: 32
[2024.08.24-09.52.32:086][  0]LogAudio: Display: Audio Spatialization Plugin: None (built-in).
[2024.08.24-09.52.32:086][  0]LogAudio: Display: Audio Reverb Plugin: None (built-in).
[2024.08.24-09.52.32:087][  0]LogAudio: Display: Audio Occlusion Plugin: None (built-in).
[2024.08.24-09.52.32:087][  0]LogAudioMixer: Display: Initializing audio mixer.
[2024.08.24-09.52.32:160][  0]LogAudioMixer: Display: 0: FrontLeft
[2024.08.24-09.52.32:160][  0]LogAudioMixer: Display: 1: FrontRight
[2024.08.24-09.52.32:268][  0]LogAudioMixer: Display: Using Audio Device 스피커(Realtek(R) Audio)
[2024.08.24-09.52.32:271][  0]LogAudioMixer: Display: Initializing Sound Submixes...
[2024.08.24-09.52.32:275][  0]LogAudioMixer: Display: Creating Master Submix 'MasterSubmixDefault'
[2024.08.24-09.52.32:275][  0]LogAudioMixer: Display: Creating Master Submix 'MasterReverbSubmixDefault'
[2024.08.24-09.52.32:276][  0]LogAudioMixer: Display: Creating Master Submix 'MasterEQSubmixDefault'
[2024.08.24-09.52.32:276][  0]LogAudioMixer: FMixerPlatformXAudio2::StartAudioStream() called
[2024.08.24-09.52.32:277][  0]LogAudioMixer: Display: Output buffers initialized: Frames=1024, Channels=2, Samples=2048
[2024.08.24-09.52.32:280][  0]LogAudioMixer: Display: Starting AudioMixerPlatformInterface::RunInternal()
[2024.08.24-09.52.32:280][  0]LogAudioMixer: Display: FMixerPlatformXAudio2::SubmitBuffer() called for the first time
[2024.08.24-09.52.32:280][  0]LogInit: FAudioDevice initialized.
[2024.08.24-09.52.32:281][  0]LogAudio: Display: Audio Device (ID: 1) registered with world 'Untitled'.
[2024.08.24-09.52.32:281][  0]LogNetVersion: Set ProjectVersion to 1.0.0.0. Version Checksum will be recalculated on next use.
[2024.08.24-09.52.32:373][  0]LogDerivedDataCache: Saved boot cache 0.09s 94MB C:/Users/PC/AppData/Local/UnrealEngine/4.27/DerivedDataCache/Boot.ddc.
[2024.08.24-09.52.32:376][  0]LogInit: Texture streaming: Enabled
[2024.08.24-09.52.32:411][  0]LogAnalytics: Display: [UEEditor.Rocket.Release] APIServer = https://datarouter.ol.epicgames.com/. AppVersion = 4.27.2-18319896+++UE4+Release-4.27
[2024.08.24-09.52.32:425][  0]LogEngineSessionManager: EngineSessionManager initialized
[2024.08.24-09.52.32:425][  0]LogEditorSessionSummary: Verbose: Initializing EditorSessionSummaryWriter for editor session tracking
[2024.08.24-09.52.32:434][  0]LogEditorSessionSummary: EditorSessionSummaryWriter initialized
[2024.08.24-09.52.32:493][  0]LogInit: Transaction tracking system initialized
[2024.08.24-09.52.32:557][  0]BlueprintLog: New page: 에디터 로드
[2024.08.24-09.52.32:721][  0]LocalizationService: 현지화 서비스가 비활성화되었습니다.
[2024.08.24-09.52.32:785][  0]TimingProfiler: Initialize
[2024.08.24-09.52.32:785][  0]TimingProfiler: OnSessionChanged
[2024.08.24-09.52.32:785][  0]LoadingProfiler: Initialize
[2024.08.24-09.52.32:785][  0]LoadingProfiler: OnSessionChanged
[2024.08.24-09.52.32:785][  0]NetworkingProfiler: Initialize
[2024.08.24-09.52.32:785][  0]NetworkingProfiler: OnSessionChanged
[2024.08.24-09.52.32:785][  0]MemoryProfiler: Initialize
[2024.08.24-09.52.32:786][  0]MemoryProfiler: OnSessionChanged
[2024.08.24-09.52.33:063][  0]LogCook: Display: CookSettings for Memory: MemoryMaxUsedVirtual 0MiB, MemoryMaxUsedPhysical 16384MiB, MemoryMinFreeVirtual 0MiB, MemoryMinFreePhysical 1024MiB
[2024.08.24-09.52.33:063][  0]LogCook: Display: Mobile HDR setting 1
[2024.08.24-09.52.33:377][  0]LogFileCache: Scanning file cache for directory 'D:/Users/PC/Documents/GitHub/NewNewInsectHeaven/InsectHeaven/Content/' took 0.01s
[2024.08.24-09.52.33:766][  0]LogInit: Display: Engine is initialized. Leaving FEngineLoop::Init()
[2024.08.24-09.52.33:772][  0]SourceControl: 소스 컨트롤이 꺼졌습니다.
[2024.08.24-09.52.33:773][  0]LogUnrealEdMisc: Loading editor; pre map load, took 14.805
[2024.08.24-09.52.33:773][  0]Cmd: MAP LOAD FILE="D:/Users/PC/Documents/GitHub/NewNewInsectHeaven/InsectHeaven/Content/Scene/EmptyMainLevel.umap" TEMPLATE=0 SHOWPROGRESS=1 FEATURELEVEL=3
[2024.08.24-09.52.33:774][  0]LightingResults: New page: 라이팅 빌드
[2024.08.24-09.52.33:775][  0]LogWorld: UWorld::CleanupWorld for Untitled, bSessionEnded=true, bCleanupResources=true
[2024.08.24-09.52.33:776][  0]LogSlate: InvalidateAllWidgets triggered.  All widgets were invalidated
[2024.08.24-09.52.33:776][  0]MapCheck: New page: 맵 체크
[2024.08.24-09.52.33:776][  0]LightingResults: New page: 라이팅 빌드
[2024.08.24-09.52.33:781][  0]LogAudio: Display: Audio Device unregistered from world 'None'.
[2024.08.24-09.52.33:786][  0]LogUObjectHash: Compacting FUObjectHashTables data took   0.72ms
[2024.08.24-09.52.33:792][  0]LogAudio: Display: Audio Device (ID: 1) registered with world 'EmptyMainLevel'.
[2024.08.24-09.52.33:793][  0]LogAIModule: Creating AISystem for world EmptyMainLevel
[2024.08.24-09.52.33:793][  0]LogEditorServer: Finished looking for orphan Actors (0.000 secs)
[2024.08.24-09.52.33:802][  0]LogUObjectHash: Compacting FUObjectHashTables data took   0.65ms
[2024.08.24-09.52.33:803][  0]Cmd: MAP CHECKDEP NOCLEARLOG
[2024.08.24-09.52.33:803][  0]MapCheck: 맵 체크 완료: 오류 0 회, 경고 0 회, 소요 시간 0.358ms.
[2024.08.24-09.52.33:803][  0]LogFileHelpers: Loading map 'EmptyMainLevel' took 0.031
[2024.08.24-09.52.33:816][  0]LogUnrealEdMisc: Total Editor Startup Time, took 14.849
[2024.08.24-09.52.33:994][  0]LogSlate: Updating window title bar state: overlay mode, drag disabled, window buttons hidden, title bar hidden
[2024.08.24-09.52.34:003][  0]LogSlate: Updating window title bar state: overlay mode, drag disabled, window buttons hidden, title bar hidden
[2024.08.24-09.52.34:010][  0]LogSlate: Updating window title bar state: overlay mode, drag disabled, window buttons hidden, title bar hidden
[2024.08.24-09.52.34:018][  0]LogSlate: Updating window title bar state: overlay mode, drag disabled, window buttons hidden, title bar hidden
[2024.08.24-09.52.34:037][  0]LogNativeClassHierarchy: Verbose: Native class hierarchy populated in 0.0106 seconds. Added 3870 classes and 945 folders.
[2024.08.24-09.52.34:041][  0]LogNativeClassHierarchy: Verbose: Native class hierarchy updated for 'WidgetCarousel' in 0.0003 seconds. Added 0 classes and 0 folders.
[2024.08.24-09.52.34:043][  0]LogPakFile: PakFile PrimaryIndexSize=187
[2024.08.24-09.52.34:043][  0]LogPakFile: PakFile PathHashIndexSize=101
[2024.08.24-09.52.34:043][  0]LogPakFile: PakFile FullDirectoryIndexSize=148
[2024.08.24-09.52.34:044][  0]LogShaderLibrary: Display: ShaderCodeLibraryPakFileMountedCallback: PakFile 'C:/UE_4.27/FeaturePacks/FP_FirstPerson.upack' (chunk index -1, root 'root:/') mounted
[2024.08.24-09.52.34:045][  0]LogShaderLibrary: Display: ShaderCodeLibraryPakFileMountedCallback: pending pak file info (ChunkID:-1 Root:root:/ File:C:/UE_4.27/FeaturePacks/FP_FirstPerson.upack)
[2024.08.24-09.52.34:046][  0]LogPakFile: OnPakFileMounted2Time == 0.002077
[2024.08.24-09.52.34:047][  0]LogPakFile: PakFile PrimaryIndexSize=189
[2024.08.24-09.52.34:047][  0]LogPakFile: PakFile PathHashIndexSize=101
[2024.08.24-09.52.34:048][  0]LogPakFile: PakFile FullDirectoryIndexSize=152
[2024.08.24-09.52.34:048][  0]LogShaderLibrary: Display: ShaderCodeLibraryPakFileMountedCallback: PakFile 'C:/UE_4.27/FeaturePacks/FP_FirstPersonBP.upack' (chunk index -1, root 'root:/') mounted
[2024.08.24-09.52.34:048][  0]LogShaderLibrary: Display: ShaderCodeLibraryPakFileMountedCallback: pending pak file info (ChunkID:-1 Root:root:/ File:C:/UE_4.27/FeaturePacks/FP_FirstPersonBP.upack)
[2024.08.24-09.52.34:048][  0]LogPakFile: OnPakFileMounted2Time == 0.000584
[2024.08.24-09.52.34:050][  0]LogPakFile: PakFile PrimaryIndexSize=191
[2024.08.24-09.52.34:050][  0]LogPakFile: PakFile PathHashIndexSize=101
[2024.08.24-09.52.34:050][  0]LogPakFile: PakFile FullDirectoryIndexSize=160
[2024.08.24-09.52.34:050][  0]LogShaderLibrary: Display: ShaderCodeLibraryPakFileMountedCallback: PakFile 'C:/UE_4.27/FeaturePacks/MobileStarterContent.upack' (chunk index -1, root 'root:/') mounted
[2024.08.24-09.52.34:050][  0]LogShaderLibrary: Display: ShaderCodeLibraryPakFileMountedCallback: pending pak file info (ChunkID:-1 Root:root:/ File:C:/UE_4.27/FeaturePacks/MobileStarterContent.upack)
[2024.08.24-09.52.34:051][  0]LogPakFile: OnPakFileMounted2Time == 0.000235
[2024.08.24-09.52.34:052][  0]LogPakFile: PakFile PrimaryIndexSize=185
[2024.08.24-09.52.34:052][  0]LogPakFile: PakFile PathHashIndexSize=101
[2024.08.24-09.52.34:052][  0]LogPakFile: PakFile FullDirectoryIndexSize=148
[2024.08.24-09.52.34:052][  0]LogShaderLibrary: Display: ShaderCodeLibraryPakFileMountedCallback: PakFile 'C:/UE_4.27/FeaturePacks/StarterContent.upack' (chunk index -1, root 'root:/') mounted
[2024.08.24-09.52.34:052][  0]LogShaderLibrary: Display: ShaderCodeLibraryPakFileMountedCallback: pending pak file info (ChunkID:-1 Root:root:/ File:C:/UE_4.27/FeaturePacks/StarterContent.upack)
[2024.08.24-09.52.34:052][  0]LogPakFile: OnPakFileMounted2Time == 0.000214
[2024.08.24-09.52.34:054][  0]LogPakFile: PakFile PrimaryIndexSize=190
[2024.08.24-09.52.34:054][  0]LogPakFile: PakFile PathHashIndexSize=101
[2024.08.24-09.52.34:054][  0]LogPakFile: PakFile FullDirectoryIndexSize=154
[2024.08.24-09.52.34:055][  0]LogShaderLibrary: Display: ShaderCodeLibraryPakFileMountedCallback: PakFile 'C:/UE_4.27/FeaturePacks/TP_2DSideScroller.upack' (chunk index -1, root 'root:/') mounted
[2024.08.24-09.52.34:055][  0]LogShaderLibrary: Display: ShaderCodeLibraryPakFileMountedCallback: pending pak file info (ChunkID:-1 Root:root:/ File:C:/UE_4.27/FeaturePacks/TP_2DSideScroller.upack)
[2024.08.24-09.52.34:055][  0]LogPakFile: OnPakFileMounted2Time == 0.000317
[2024.08.24-09.52.34:056][  0]LogPakFile: PakFile PrimaryIndexSize=192
[2024.08.24-09.52.34:057][  0]LogPakFile: PakFile PathHashIndexSize=101
[2024.08.24-09.52.34:057][  0]LogPakFile: PakFile FullDirectoryIndexSize=158
[2024.08.24-09.52.34:057][  0]LogShaderLibrary: Display: ShaderCodeLibraryPakFileMountedCallback: PakFile 'C:/UE_4.27/FeaturePacks/TP_2DSideScrollerBP.upack' (chunk index -1, root 'root:/') mounted
[2024.08.24-09.52.34:057][  0]LogShaderLibrary: Display: ShaderCodeLibraryPakFileMountedCallback: pending pak file info (ChunkID:-1 Root:root:/ File:C:/UE_4.27/FeaturePacks/TP_2DSideScrollerBP.upack)
[2024.08.24-09.52.34:057][  0]LogPakFile: OnPakFileMounted2Time == 0.000163
[2024.08.24-09.52.34:058][  0]LogPakFile: PakFile PrimaryIndexSize=182
[2024.08.24-09.52.34:058][  0]LogPakFile: PakFile PathHashIndexSize=101
[2024.08.24-09.52.34:058][  0]LogPakFile: PakFile FullDirectoryIndexSize=138
[2024.08.24-09.52.34:058][  0]LogShaderLibrary: Display: ShaderCodeLibraryPakFileMountedCallback: PakFile 'C:/UE_4.27/FeaturePacks/TP_Flying.upack' (chunk index -1, root 'root:/') mounted
[2024.08.24-09.52.34:058][  0]LogShaderLibrary: Display: ShaderCodeLibraryPakFileMountedCallback: pending pak file info (ChunkID:-1 Root:root:/ File:C:/UE_4.27/FeaturePacks/TP_Flying.upack)
[2024.08.24-09.52.34:058][  0]LogPakFile: OnPakFileMounted2Time == 0.000229
[2024.08.24-09.52.34:060][  0]LogPakFile: PakFile PrimaryIndexSize=184
[2024.08.24-09.52.34:060][  0]LogPakFile: PakFile PathHashIndexSize=101
[2024.08.24-09.52.34:060][  0]LogPakFile: PakFile FullDirectoryIndexSize=142
[2024.08.24-09.52.34:060][  0]LogShaderLibrary: Display: ShaderCodeLibraryPakFileMountedCallback: PakFile 'C:/UE_4.27/FeaturePacks/TP_FlyingBP.upack' (chunk index -1, root 'root:/') mounted
[2024.08.24-09.52.34:061][  0]LogShaderLibrary: Display: ShaderCodeLibraryPakFileMountedCallback: pending pak file info (ChunkID:-1 Root:root:/ File:C:/UE_4.27/FeaturePacks/TP_FlyingBP.upack)
[2024.08.24-09.52.34:061][  0]LogPakFile: OnPakFileMounted2Time == 0.000134
[2024.08.24-09.52.34:062][  0]LogPakFile: PakFile PrimaryIndexSize=188
[2024.08.24-09.52.34:063][  0]LogPakFile: PakFile PathHashIndexSize=101
[2024.08.24-09.52.34:065][  0]LogPakFile: PakFile FullDirectoryIndexSize=150
[2024.08.24-09.52.34:065][  0]LogShaderLibrary: Display: ShaderCodeLibraryPakFileMountedCallback: PakFile 'C:/UE_4.27/FeaturePacks/TP_HandheldARBP.upack' (chunk index -1, root 'root:/') mounted
[2024.08.24-09.52.34:065][  0]LogShaderLibrary: Display: ShaderCodeLibraryPakFileMountedCallback: pending pak file info (ChunkID:-1 Root:root:/ File:C:/UE_4.27/FeaturePacks/TP_HandheldARBP.upack)
[2024.08.24-09.52.34:065][  0]LogPakFile: OnPakFileMounted2Time == 0.000152
[2024.08.24-09.52.34:067][  0]LogPakFile: PakFile PrimaryIndexSize=182
[2024.08.24-09.52.34:067][  0]LogPakFile: PakFile PathHashIndexSize=101
[2024.08.24-09.52.34:067][  0]LogPakFile: PakFile FullDirectoryIndexSize=138
[2024.08.24-09.52.34:067][  0]LogShaderLibrary: Display: ShaderCodeLibraryPakFileMountedCallback: PakFile 'C:/UE_4.27/FeaturePacks/TP_Puzzle.upack' (chunk index -1, root 'root:/') mounted
[2024.08.24-09.52.34:067][  0]LogShaderLibrary: Display: ShaderCodeLibraryPakFileMountedCallback: pending pak file info (ChunkID:-1 Root:root:/ File:C:/UE_4.27/FeaturePacks/TP_Puzzle.upack)
[2024.08.24-09.52.34:067][  0]LogPakFile: OnPakFileMounted2Time == 0.000184
[2024.08.24-09.52.34:069][  0]LogPakFile: PakFile PrimaryIndexSize=184
[2024.08.24-09.52.34:069][  0]LogPakFile: PakFile PathHashIndexSize=101
[2024.08.24-09.52.34:069][  0]LogPakFile: PakFile FullDirectoryIndexSize=142
[2024.08.24-09.52.34:069][  0]LogShaderLibrary: Display: ShaderCodeLibraryPakFileMountedCallback: PakFile 'C:/UE_4.27/FeaturePacks/TP_PuzzleBP.upack' (chunk index -1, root 'root:/') mounted
[2024.08.24-09.52.34:070][  0]LogShaderLibrary: Display: ShaderCodeLibraryPakFileMountedCallback: pending pak file info (ChunkID:-1 Root:root:/ File:C:/UE_4.27/FeaturePacks/TP_PuzzleBP.upack)
[2024.08.24-09.52.34:070][  0]LogPakFile: OnPakFileMounted2Time == 0.000460
[2024.08.24-09.52.34:071][  0]LogPakFile: PakFile PrimaryIndexSize=183
[2024.08.24-09.52.34:071][  0]LogPakFile: PakFile PathHashIndexSize=101
[2024.08.24-09.52.34:071][  0]LogPakFile: PakFile FullDirectoryIndexSize=140
[2024.08.24-09.52.34:071][  0]LogShaderLibrary: Display: ShaderCodeLibraryPakFileMountedCallback: PakFile 'C:/UE_4.27/FeaturePacks/TP_Rolling.upack' (chunk index -1, root 'root:/') mounted
[2024.08.24-09.52.34:071][  0]LogShaderLibrary: Display: ShaderCodeLibraryPakFileMountedCallback: pending pak file info (ChunkID:-1 Root:root:/ File:C:/UE_4.27/FeaturePacks/TP_Rolling.upack)
[2024.08.24-09.52.34:071][  0]LogPakFile: OnPakFileMounted2Time == 0.000172
[2024.08.24-09.52.34:073][  0]LogPakFile: PakFile PrimaryIndexSize=185
[2024.08.24-09.52.34:073][  0]LogPakFile: PakFile PathHashIndexSize=101
[2024.08.24-09.52.34:073][  0]LogPakFile: PakFile FullDirectoryIndexSize=144
[2024.08.24-09.52.34:073][  0]LogShaderLibrary: Display: ShaderCodeLibraryPakFileMountedCallback: PakFile 'C:/UE_4.27/FeaturePacks/TP_RollingBP.upack' (chunk index -1, root 'root:/') mounted
[2024.08.24-09.52.34:073][  0]LogShaderLibrary: Display: ShaderCodeLibraryPakFileMountedCallback: pending pak file info (ChunkID:-1 Root:root:/ File:C:/UE_4.27/FeaturePacks/TP_RollingBP.upack)
[2024.08.24-09.52.34:073][  0]LogPakFile: OnPakFileMounted2Time == 0.000164
[2024.08.24-09.52.34:075][  0]LogPakFile: PakFile PrimaryIndexSize=188
[2024.08.24-09.52.34:075][  0]LogPakFile: PakFile PathHashIndexSize=101
[2024.08.24-09.52.34:075][  0]LogPakFile: PakFile FullDirectoryIndexSize=150
[2024.08.24-09.52.34:075][  0]LogShaderLibrary: Display: ShaderCodeLibraryPakFileMountedCallback: PakFile 'C:/UE_4.27/FeaturePacks/TP_SideScroller.upack' (chunk index -1, root 'root:/') mounted
[2024.08.24-09.52.34:075][  0]LogShaderLibrary: Display: ShaderCodeLibraryPakFileMountedCallback: pending pak file info (ChunkID:-1 Root:root:/ File:C:/UE_4.27/FeaturePacks/TP_SideScroller.upack)
[2024.08.24-09.52.34:075][  0]LogPakFile: OnPakFileMounted2Time == 0.000199
[2024.08.24-09.52.34:076][  0]LogPakFile: PakFile PrimaryIndexSize=190
[2024.08.24-09.52.34:076][  0]LogPakFile: PakFile PathHashIndexSize=101
[2024.08.24-09.52.34:077][  0]LogPakFile: PakFile FullDirectoryIndexSize=154
[2024.08.24-09.52.34:077][  0]LogShaderLibrary: Display: ShaderCodeLibraryPakFileMountedCallback: PakFile 'C:/UE_4.27/FeaturePacks/TP_SideScrollerBP.upack' (chunk index -1, root 'root:/') mounted
[2024.08.24-09.52.34:077][  0]LogShaderLibrary: Display: ShaderCodeLibraryPakFileMountedCallback: pending pak file info (ChunkID:-1 Root:root:/ File:C:/UE_4.27/FeaturePacks/TP_SideScrollerBP.upack)
[2024.08.24-09.52.34:077][  0]LogPakFile: OnPakFileMounted2Time == 0.000136
[2024.08.24-09.52.34:078][  0]LogPakFile: PakFile PrimaryIndexSize=187
[2024.08.24-09.52.34:078][  0]LogPakFile: PakFile PathHashIndexSize=101
[2024.08.24-09.52.34:078][  0]LogPakFile: PakFile FullDirectoryIndexSize=148
[2024.08.24-09.52.34:078][  0]LogShaderLibrary: Display: ShaderCodeLibraryPakFileMountedCallback: PakFile 'C:/UE_4.27/FeaturePacks/TP_ThirdPerson.upack' (chunk index -1, root 'root:/') mounted
[2024.08.24-09.52.34:078][  0]LogShaderLibrary: Display: ShaderCodeLibraryPakFileMountedCallback: pending pak file info (ChunkID:-1 Root:root:/ File:C:/UE_4.27/FeaturePacks/TP_ThirdPerson.upack)
[2024.08.24-09.52.34:078][  0]LogPakFile: OnPakFileMounted2Time == 0.000180
[2024.08.24-09.52.34:080][  0]LogPakFile: PakFile PrimaryIndexSize=189
[2024.08.24-09.52.34:080][  0]LogPakFile: PakFile PathHashIndexSize=101
[2024.08.24-09.52.34:080][  0]LogPakFile: PakFile FullDirectoryIndexSize=152
[2024.08.24-09.52.34:080][  0]LogShaderLibrary: Display: ShaderCodeLibraryPakFileMountedCallback: PakFile 'C:/UE_4.27/FeaturePacks/TP_ThirdPersonBP.upack' (chunk index -1, root 'root:/') mounted
[2024.08.24-09.52.34:080][  0]LogShaderLibrary: Display: ShaderCodeLibraryPakFileMountedCallback: pending pak file info (ChunkID:-1 Root:root:/ File:C:/UE_4.27/FeaturePacks/TP_ThirdPersonBP.upack)
[2024.08.24-09.52.34:080][  0]LogPakFile: OnPakFileMounted2Time == 0.000158
[2024.08.24-09.52.34:082][  0]LogPakFile: PakFile PrimaryIndexSize=183
[2024.08.24-09.52.34:082][  0]LogPakFile: PakFile PathHashIndexSize=101
[2024.08.24-09.52.34:082][  0]LogPakFile: PakFile FullDirectoryIndexSize=140
[2024.08.24-09.52.34:082][  0]LogShaderLibrary: Display: ShaderCodeLibraryPakFileMountedCallback: PakFile 'C:/UE_4.27/FeaturePacks/TP_TopDown.upack' (chunk index -1, root 'root:/') mounted
[2024.08.24-09.52.34:082][  0]LogShaderLibrary: Display: ShaderCodeLibraryPakFileMountedCallback: pending pak file info (ChunkID:-1 Root:root:/ File:C:/UE_4.27/FeaturePacks/TP_TopDown.upack)
[2024.08.24-09.52.34:082][  0]LogPakFile: OnPakFileMounted2Time == 0.000132
[2024.08.24-09.52.34:083][  0]LogPakFile: PakFile PrimaryIndexSize=185
[2024.08.24-09.52.34:083][  0]LogPakFile: PakFile PathHashIndexSize=101
[2024.08.24-09.52.34:083][  0]LogPakFile: PakFile FullDirectoryIndexSize=144
[2024.08.24-09.52.34:083][  0]LogShaderLibrary: Display: ShaderCodeLibraryPakFileMountedCallback: PakFile 'C:/UE_4.27/FeaturePacks/TP_TopDownBP.upack' (chunk index -1, root 'root:/') mounted
[2024.08.24-09.52.34:083][  0]LogShaderLibrary: Display: ShaderCodeLibraryPakFileMountedCallback: pending pak file info (ChunkID:-1 Root:root:/ File:C:/UE_4.27/FeaturePacks/TP_TopDownBP.upack)
[2024.08.24-09.52.34:083][  0]LogPakFile: OnPakFileMounted2Time == 0.000134
[2024.08.24-09.52.34:084][  0]LogPakFile: PakFile PrimaryIndexSize=185
[2024.08.24-09.52.34:084][  0]LogPakFile: PakFile PathHashIndexSize=101
[2024.08.24-09.52.34:085][  0]LogPakFile: PakFile FullDirectoryIndexSize=144
[2024.08.24-09.52.34:085][  0]LogShaderLibrary: Display: ShaderCodeLibraryPakFileMountedCallback: PakFile 'C:/UE_4.27/FeaturePacks/TP_TwinStick.upack' (chunk index -1, root 'root:/') mounted
[2024.08.24-09.52.34:085][  0]LogShaderLibrary: Display: ShaderCodeLibraryPakFileMountedCallback: pending pak file info (ChunkID:-1 Root:root:/ File:C:/UE_4.27/FeaturePacks/TP_TwinStick.upack)
[2024.08.24-09.52.34:085][  0]LogPakFile: OnPakFileMounted2Time == 0.000514
[2024.08.24-09.52.34:086][  0]LogPakFile: PakFile PrimaryIndexSize=187
[2024.08.24-09.52.34:086][  0]LogPakFile: PakFile PathHashIndexSize=101
[2024.08.24-09.52.34:086][  0]LogPakFile: PakFile FullDirectoryIndexSize=148
[2024.08.24-09.52.34:087][  0]LogShaderLibrary: Display: ShaderCodeLibraryPakFileMountedCallback: PakFile 'C:/UE_4.27/FeaturePacks/TP_TwinStickBP.upack' (chunk index -1, root 'root:/') mounted
[2024.08.24-09.52.34:087][  0]LogShaderLibrary: Display: ShaderCodeLibraryPakFileMountedCallback: pending pak file info (ChunkID:-1 Root:root:/ File:C:/UE_4.27/FeaturePacks/TP_TwinStickBP.upack)
[2024.08.24-09.52.34:087][  0]LogPakFile: OnPakFileMounted2Time == 0.000146
[2024.08.24-09.52.34:088][  0]LogPakFile: PakFile PrimaryIndexSize=183
[2024.08.24-09.52.34:088][  0]LogPakFile: PakFile PathHashIndexSize=101
[2024.08.24-09.52.34:088][  0]LogPakFile: PakFile FullDirectoryIndexSize=140
[2024.08.24-09.52.34:088][  0]LogShaderLibrary: Display: ShaderCodeLibraryPakFileMountedCallback: PakFile 'C:/UE_4.27/FeaturePacks/TP_Vehicle.upack' (chunk index -1, root 'root:/') mounted
[2024.08.24-09.52.34:088][  0]LogShaderLibrary: Display: ShaderCodeLibraryPakFileMountedCallback: pending pak file info (ChunkID:-1 Root:root:/ File:C:/UE_4.27/FeaturePacks/TP_Vehicle.upack)
[2024.08.24-09.52.34:088][  0]LogPakFile: OnPakFileMounted2Time == 0.000133
[2024.08.24-09.52.34:089][  0]LogPakFile: PakFile PrimaryIndexSize=186
[2024.08.24-09.52.34:090][  0]LogPakFile: PakFile PathHashIndexSize=101
[2024.08.24-09.52.34:090][  0]LogPakFile: PakFile FullDirectoryIndexSize=146
[2024.08.24-09.52.34:091][  0]LogShaderLibrary: Display: ShaderCodeLibraryPakFileMountedCallback: PakFile 'C:/UE_4.27/FeaturePacks/TP_VehicleAdv.upack' (chunk index -1, root 'root:/') mounted
[2024.08.24-09.52.34:091][  0]LogShaderLibrary: Display: ShaderCodeLibraryPakFileMountedCallback: pending pak file info (ChunkID:-1 Root:root:/ File:C:/UE_4.27/FeaturePacks/TP_VehicleAdv.upack)
[2024.08.24-09.52.34:091][  0]LogPakFile: OnPakFileMounted2Time == 0.000179
[2024.08.24-09.52.34:092][  0]LogPakFile: PakFile PrimaryIndexSize=188
[2024.08.24-09.52.34:092][  0]LogPakFile: PakFile PathHashIndexSize=101
[2024.08.24-09.52.34:093][  0]LogPakFile: PakFile FullDirectoryIndexSize=150
[2024.08.24-09.52.34:093][  0]LogShaderLibrary: Display: ShaderCodeLibraryPakFileMountedCallback: PakFile 'C:/UE_4.27/FeaturePacks/TP_VehicleAdvBP.upack' (chunk index -1, root 'root:/') mounted
[2024.08.24-09.52.34:093][  0]LogShaderLibrary: Display: ShaderCodeLibraryPakFileMountedCallback: pending pak file info (ChunkID:-1 Root:root:/ File:C:/UE_4.27/FeaturePacks/TP_VehicleAdvBP.upack)
[2024.08.24-09.52.34:094][  0]LogPakFile: OnPakFileMounted2Time == 0.000481
[2024.08.24-09.52.34:095][  0]LogPakFile: PakFile PrimaryIndexSize=185
[2024.08.24-09.52.34:096][  0]LogPakFile: PakFile PathHashIndexSize=101
[2024.08.24-09.52.34:096][  0]LogPakFile: PakFile FullDirectoryIndexSize=144
[2024.08.24-09.52.34:097][  0]LogShaderLibrary: Display: ShaderCodeLibraryPakFileMountedCallback: PakFile 'C:/UE_4.27/FeaturePacks/TP_VehicleBP.upack' (chunk index -1, root 'root:/') mounted
[2024.08.24-09.52.34:097][  0]LogShaderLibrary: Display: ShaderCodeLibraryPakFileMountedCallback: pending pak file info (ChunkID:-1 Root:root:/ File:C:/UE_4.27/FeaturePacks/TP_VehicleBP.upack)
[2024.08.24-09.52.34:097][  0]LogPakFile: OnPakFileMounted2Time == 0.000382
[2024.08.24-09.52.34:099][  0]LogPakFile: PakFile PrimaryIndexSize=192
[2024.08.24-09.52.34:099][  0]LogPakFile: PakFile PathHashIndexSize=101
[2024.08.24-09.52.34:099][  0]LogPakFile: PakFile FullDirectoryIndexSize=158
[2024.08.24-09.52.34:099][  0]LogShaderLibrary: Display: ShaderCodeLibraryPakFileMountedCallback: PakFile 'C:/UE_4.27/FeaturePacks/TP_VirtualRealityBP.upack' (chunk index -1, root 'root:/') mounted
[2024.08.24-09.52.34:099][  0]LogShaderLibrary: Display: ShaderCodeLibraryPakFileMountedCallback: pending pak file info (ChunkID:-1 Root:root:/ File:C:/UE_4.27/FeaturePacks/TP_VirtualRealityBP.upack)
[2024.08.24-09.52.34:099][  0]LogPakFile: OnPakFileMounted2Time == 0.000415
[2024.08.24-09.52.34:174][  0]LogNativeClassHierarchy: Verbose: Native class hierarchy updated for 'AddContentDialog' in 0.0004 seconds. Added 0 classes and 0 folders.
[2024.08.24-09.52.34:176][  0]LogNativeClassHierarchy: Verbose: Native class hierarchy updated for 'SceneOutliner' in 0.0003 seconds. Added 2 classes and 0 folders.
[2024.08.24-09.52.34:230][  0]LogSlate: Took 0.000317 seconds to synchronously load lazily loaded font '../../../Engine/Content/Slate/Fonts/Roboto-Regular.ttf' (155K)
[2024.08.24-09.52.34:232][  0]LogSlate: Took 0.000207 seconds to synchronously load lazily loaded font '../../../Engine/Content/Editor/Slate/Fonts/FontAwesome.ttf' (139K)
[2024.08.24-09.52.34:234][  0]LogSlate: Took 0.001864 seconds to synchronously load lazily loaded font '../../../Engine/Content/Editor/Slate/Fonts/NanumGothic.ttf' (4243K)
[2024.08.24-09.52.34:236][  0]LogSlate: Took 0.001649 seconds to synchronously load lazily loaded font '../../../Engine/Content/Editor/Slate/Fonts/NanumGothicBold.ttf' (4188K)
[2024.08.24-09.52.34:237][  0]LogSlate: Took 0.000201 seconds to synchronously load lazily loaded font '../../../Engine/Content/Slate/Fonts/Roboto-Bold.ttf' (160K)
[2024.08.24-09.52.34:337][  0]LogRenderer: Reallocating scene render targets to support 1208x580 Format 10 NumSamples 1 (Frame:1).
[2024.08.24-09.52.34:468][  0]LogNativeClassHierarchy: Verbose: Native class hierarchy updated for 'HierarchicalLODOutliner' in 0.0003 seconds. Added 0 classes and 0 folders.
[2024.08.24-09.52.34:468][  0]LogLoad: (Engine Initialization) Total time: 15.50 seconds
[2024.08.24-09.52.34:469][  0]LogLoad: (Engine Initialization) Total Blueprint compile time: 0.00 seconds
[2024.08.24-09.52.34:527][  0]LogAssetRegistry: Asset discovery search completed in 7.1043 seconds
[2024.08.24-09.52.34:537][  0]LogCollectionManager: Fixed up redirectors for 0 collections in 0.000004 seconds (updated 0 objects)
[2024.08.24-09.52.34:540][  0]LogContentStreaming: Texture pool size now 1000 MB
[2024.08.24-09.52.34:555][  1]LogFileCache: Retrieving MD5 hashes for directory 'D:/Users/PC/Documents/GitHub/NewNewInsectHeaven/InsectHeaven/Content/' took 0.06s
[2024.08.24-09.57.01:789][181]LogAudioMixer: Display: Audio Buffer Underrun (starvation) detected.
[2024.08.24-10.02.25:338][880]LogSlate: Took 0.001132 seconds to synchronously load lazily loaded font '../../../Engine/Content/Slate/Fonts/Roboto-Light.ttf' (167K)
[2024.08.24-10.02.34:370][902]LogUObjectHash: Compacting FUObjectHashTables data took   1.36ms
[2024.08.24-10.02.34:403][902]LogSavePackage: Moving 'D:/Users/PC/Documents/GitHub/NewNewInsectHeaven/InsectHeaven/Saved/EmptyMainLevel_Auto1F55494DD4A977B681D5E858F2E89040F.tmp' to 'D:/Users/PC/Documents/GitHub/NewNewInsectHeaven/InsectHeaven/Saved/Autosaves/Game/Scene/EmptyMainLevel_Auto1.umap'
[2024.08.24-10.02.34:409][902]LogFileHelpers: Editor autosave (incl. external actors) for '/Game/Scene/EmptyMainLevel' took 0.070
[2024.08.24-10.02.34:410][902]LogFileHelpers: Editor autosave (incl. sublevels & external actors) for all levels took 0.070
[2024.08.24-10.03.53:842][536]Cmd: MAP LOAD FILE="D:/Users/PC/Documents/GitHub/NewNewInsectHeaven/InsectHeaven/Content/Dialogue/DialogueWorld.umap" TEMPLATE=0 SHOWPROGRESS=1 FEATURELEVEL=3
[2024.08.24-10.03.53:873][536]LightingResults: New page: 라이팅 빌드
[2024.08.24-10.03.53:873][536]LoadErrors: New page: 맵 로드 중: DialogueWorld.umap
[2024.08.24-10.03.53:877][536]LogWorld: UWorld::CleanupWorld for EmptyMainLevel, bSessionEnded=true, bCleanupResources=true
[2024.08.24-10.03.53:878][536]LogSlate: InvalidateAllWidgets triggered.  All widgets were invalidated
[2024.08.24-10.03.53:878][536]MapCheck: New page: 맵 체크
[2024.08.24-10.03.53:878][536]LightingResults: New page: 라이팅 빌드
[2024.08.24-10.03.53:883][536]LogAudio: Display: Audio Device unregistered from world 'None'.
[2024.08.24-10.03.53:886][536]LogUObjectHash: Compacting FUObjectHashTables data took   0.80ms
[2024.08.24-10.03.53:890][536]LogAudio: Display: Audio Device (ID: 1) registered with world 'DialogueWorld'.
[2024.08.24-10.03.53:891][536]LogAIModule: Creating AISystem for world DialogueWorld
[2024.08.24-10.03.53:899][536]LogEditorServer: Finished looking for orphan Actors (0.000 secs)
[2024.08.24-10.03.53:917][536]LogUObjectHash: Compacting FUObjectHashTables data took   0.57ms
[2024.08.24-10.03.53:943][536]Cmd: MAP CHECKDEP NOCLEARLOG
[2024.08.24-10.03.53:944][536]MapCheck: 맵 체크 완료: 오류 0 회, 경고 0 회, 소요 시간 0.288ms.
[2024.08.24-10.03.53:944][536]LogFileHelpers: Loading map 'DialogueWorld' took 0.102
[2024.08.24-10.03.53:960][536]LogPlayLevel: PlayLevel: No blueprints needed recompiling
[2024.08.24-10.03.53:961][536]PIE: New page: PIE 세션: DialogueWorld (2024. 8. 25. 오전 4:03:53)
[2024.08.24-10.03.53:964][536]LogOnline: OSS: Creating online subsystem instance for: NULL
[2024.08.24-10.03.53:969][536]LogOnline: OSS: TryLoadSubsystemAndSetDefault: Loaded subsystem for module [NULL]
[2024.08.24-10.03.53:971][536]LogPlayLevel: Creating play world package: /Game/Dialogue/UEDPIE_0_DialogueWorld
[2024.08.24-10.03.53:974][536]LogPlayLevel: PIE: StaticDuplicateObject took: (0.002522s)
[2024.08.24-10.03.53:976][536]LogAIModule: Creating AISystem for world DialogueWorld
[2024.08.24-10.03.53:977][536]LogPlayLevel: PIE: World Init took: (0.002688s)
[2024.08.24-10.03.53:977][536]LogPlayLevel: PIE: Created PIE world by copying editor world from /Game/Dialogue/DialogueWorld.DialogueWorld to /Game/Dialogue/UEDPIE_0_DialogueWorld.DialogueWorld (0.006141s)
[2024.08.24-10.03.53:984][536]LogUObjectHash: Compacting FUObjectHashTables data took   0.74ms
[2024.08.24-10.03.54:037][536]LogAudio: Display: Creating Audio Device:                 Id: 2, Scope: Unique, Realtime: True
[2024.08.24-10.03.54:037][536]LogAudioMixer: Display: Audio Mixer Platform Settings:
[2024.08.24-10.03.54:038][536]LogAudioMixer: Display: 	Sample Rate:						  48000
[2024.08.24-10.03.54:038][536]LogAudioMixer: Display: 	Callback Buffer Frame Size Requested: 1024
[2024.08.24-10.03.54:038][536]LogAudioMixer: Display: 	Callback Buffer Frame Size To Use:	  1024
[2024.08.24-10.03.54:038][536]LogAudioMixer: Display: 	Number of buffers to queue:			  2
[2024.08.24-10.03.54:038][536]LogAudioMixer: Display: 	Max Channels (voices):				  32
[2024.08.24-10.03.54:038][536]LogAudioMixer: Display: 	Number of Async Source Workers:		  0
[2024.08.24-10.03.54:038][536]LogAudio: Display: AudioDevice MaxSources: 32
[2024.08.24-10.03.54:039][536]LogAudio: Display: Audio Spatialization Plugin: None (built-in).
[2024.08.24-10.03.54:039][536]LogAudio: Display: Audio Reverb Plugin: None (built-in).
[2024.08.24-10.03.54:039][536]LogAudio: Display: Audio Occlusion Plugin: None (built-in).
[2024.08.24-10.03.54:039][536]LogAudioMixer: Display: Initializing audio mixer.
[2024.08.24-10.03.54:063][536]LogAudioMixer: Display: 0: FrontLeft
[2024.08.24-10.03.54:063][536]LogAudioMixer: Display: 1: FrontRight
[2024.08.24-10.03.54:113][536]LogAudioMixer: Display: Using Audio Device 스피커(Realtek(R) Audio)
[2024.08.24-10.03.54:113][536]LogAudioMixer: Display: Initializing Sound Submixes...
[2024.08.24-10.03.54:113][536]LogAudioMixer: Display: Creating Master Submix 'MasterSubmixDefault'
[2024.08.24-10.03.54:113][536]LogAudioMixer: Display: Creating Master Submix 'MasterReverbSubmixDefault'
[2024.08.24-10.03.54:114][536]LogAudioMixer: Display: Creating Master Submix 'MasterEQSubmixDefault'
[2024.08.24-10.03.54:114][536]LogAudioMixer: FMixerPlatformXAudio2::StartAudioStream() called
[2024.08.24-10.03.54:114][536]LogAudioMixer: Display: Output buffers initialized: Frames=1024, Channels=2, Samples=2048
[2024.08.24-10.03.54:118][536]LogAudioMixer: Display: Starting AudioMixerPlatformInterface::RunInternal()
[2024.08.24-10.03.54:118][536]LogAudioMixer: Display: FMixerPlatformXAudio2::SubmitBuffer() called for the first time
[2024.08.24-10.03.54:118][536]LogInit: FAudioDevice initialized.
[2024.08.24-10.03.54:118][536]LogAudio: Display: Audio Device (ID: 2) registered with world 'DialogueWorld'.
[2024.08.24-10.03.54:134][536]LogLoad: Game class is 'IH_GameMode_DialgueTool'
[2024.08.24-10.03.54:136][536]LogWorld: Bringing World /Game/Dialogue/UEDPIE_0_DialogueWorld.DialogueWorld up for play (max tick rate 0) at 2024.08.24-19.03.54
[2024.08.24-10.03.54:138][536]LogWorld: Bringing up level for play took: 0.001865
[2024.08.24-10.03.54:140][536]LogOnline: OSS: Creating online subsystem instance for: :Context_1
[2024.08.24-10.03.54:174][536]LogNativeClassHierarchy: Verbose: Native class hierarchy updated for 'MovieSceneCapture' in 0.0004 seconds. Added 20 classes and 0 folders.
[2024.08.24-10.03.54:200][536]PIE: 서버가 로그인했습니다.
[2024.08.24-10.03.54:204][536]PIE: 에디터에서 플레이 총 시작 시간 0.253초입니다.
[2024.08.24-10.03.54:254][537]LogUObjectHash: Compacting FUObjectHashTables data took   0.70ms
[2024.08.24-10.03.59:448][145]LogLinker: Warning: '{FileName}': 파일을 찾을 수 없습니다. 로드에 실패했습니다.
[2024.08.24-10.03.59:448][145]LogLinker: Warning: '{FileName}': 파일을 찾을 수 없습니다. 로드에 실패했습니다.
[2024.08.24-10.03.59:449][145]LogUObjectGlobals: Warning: 'Texture2D /Game/Resource/2D/Character/Ch_00/Ch_0001.Ch_0001' 오브젝트를 찾는 데 실패했습니다.
[2024.08.24-10.03.59:449][145]LogLinker: Warning: '{FileName}': 파일을 찾을 수 없습니다. 로드에 실패했습니다.
[2024.08.24-10.03.59:450][145]LogLinker: Warning: '{FileName}': 파일을 찾을 수 없습니다. 로드에 실패했습니다.
[2024.08.24-10.03.59:450][145]LogUObjectGlobals: Warning: 'Texture2D /Game/Resource/2D/Character/Ch_03/Ch_0301.Ch_0301' 오브젝트를 찾는 데 실패했습니다.
[2024.08.24-10.04.03:882][666]LogLinker: Warning: '{FileName}': 파일을 찾을 수 없습니다. 로드에 실패했습니다.
[2024.08.24-10.04.03:882][666]LogLinker: Warning: '{FileName}': 파일을 찾을 수 없습니다. 로드에 실패했습니다.
[2024.08.24-10.04.03:883][666]LogUObjectGlobals: Warning: 'Texture2D /Game/Resource/2D/Character/Ch_07/Ch_0701.Ch_0701' 오브젝트를 찾는 데 실패했습니다.
