Log file open, 11/23/24 22:58:57
LogWindows: Failed to load 'aqProf.dll' (GetLastError=126)
LogWindows: File 'aqProf.dll' does not exist
LogWindows: Failed to load 'VtuneApi.dll' (GetLastError=126)
LogWindows: File 'VtuneApi.dll' does not exist
LogWindows: Failed to load 'VtuneApi32e.dll' (GetLastError=126)
LogWindows: File 'VtuneApi32e.dll' does not exist
LogConsoleResponse: Display: Failed to find resolution value strings in scalability ini. Falling back to default.
LogConsoleResponse: Display: Failed to find resolution value strings in scalability ini. Falling back to default.
LogInit: Display: Running engine for game: InsectHeaven
LogPlatformFile: Not using cached read wrapper
LogTaskGraph: Started task graph with 5 named threads and 71 total threads with 3 sets of task threads.
LogStats: Stats thread started at 0.235642
LogICUInternationalization: ICU TimeZone Detection - Raw Offset: +9:00, Platform Override: ''
LogInit: Display: Loading text-based GConfig....
LogPluginManager: Mounting plugin MeshPainting
LogPluginManager: Mounting plugin XGEController
LogPluginManager: Mounting plugin Paper2D
LogPluginManager: Mounting plugin AISupport
LogPluginManager: Mounting plugin EnvironmentQueryEditor
LogPluginManager: Mounting plugin LightPropagationVolume
LogPluginManager: Mounting plugin CameraShakePreviewer
LogPluginManager: Mounting plugin GameplayCameras
LogPluginManager: Mounting plugin OodleNetwork
LogPluginManager: Mounting plugin LiveLink
LogPluginManager: Mounting plugin OodleData
LogPluginManager: Mounting plugin CLionSourceCodeAccess
LogPluginManager: Mounting plugin CodeLiteSourceCodeAccess
LogPluginManager: Mounting plugin GitSourceControl
LogPluginManager: Mounting plugin KDevelopSourceCodeAccess
LogPluginManager: Mounting plugin AnimationSharing
LogPluginManager: Mounting plugin NullSourceCodeAccess
LogPluginManager: Mounting plugin PixWinPlugin
LogPluginManager: Mounting plugin PerforceSourceControl
LogPluginManager: Mounting plugin PluginUtils
LogPluginManager: Mounting plugin PlasticSourceControl
LogPluginManager: Mounting plugin RiderSourceCodeAccess
LogPluginManager: Mounting plugin TextureFormatOodle
LogPluginManager: Mounting plugin UObjectPlugin
LogPluginManager: Mounting plugin PropertyAccessNode
LogPluginManager: Mounting plugin XCodeSourceCodeAccess
LogPluginManager: Mounting plugin SubversionSourceControl
LogPluginManager: Mounting plugin AssetManagerEditor
LogPluginManager: Mounting plugin VisualStudioSourceCodeAccess
LogPluginManager: Mounting plugin CryptoKeys
LogPluginManager: Mounting plugin CurveEditorTools
LogPluginManager: Mounting plugin DataValidation
LogPluginManager: Mounting plugin EditorScriptingUtilities
LogPluginManager: Mounting plugin FacialAnimation
LogPluginManager: Mounting plugin GameplayTagsEditor
LogPluginManager: Mounting plugin MacGraphicsSwitching
LogPluginManager: Mounting plugin GeometryMode
LogPluginManager: Mounting plugin MaterialAnalyzer
LogPluginManager: Mounting plugin MobileLauncherProfileWizard
LogPluginManager: Mounting plugin SpeedTreeImporter
LogPluginManager: Mounting plugin PluginBrowser
LogPluginManager: Mounting plugin AlembicImporter
LogPluginManager: Mounting plugin AutomationUtils
LogPluginManager: Mounting plugin BackChannel
LogPluginManager: Mounting plugin ChaosCloth
LogPluginManager: Mounting plugin ChaosEditor
LogPluginManager: Mounting plugin ChaosClothEditor
LogPluginManager: Mounting plugin ChaosSolverPlugin
LogPluginManager: Mounting plugin ChaosNiagara
LogPluginManager: Mounting plugin Niagara
LogPluginManager: Mounting plugin CharacterAI
LogPluginManager: Mounting plugin GeometryCache
LogPluginManager: Mounting plugin GeometryCollectionPlugin
LogPluginManager: Mounting plugin GeometryProcessing
LogPluginManager: Mounting plugin MotoSynth
LogPluginManager: Mounting plugin OpenImageDenoise
LogPluginManager: Mounting plugin PlanarCut
LogPluginManager: Mounting plugin PlatformCrypto
LogPluginManager: Mounting plugin ProxyLODPlugin
LogPluginManager: Mounting plugin PythonScriptPlugin
LogPluginManager: Mounting plugin SkeletalReduction
LogPluginManager: Mounting plugin DatasmithContent
LogPluginManager: Mounting plugin LuminPlatformFeatures
LogPluginManager: Mounting plugin VariantManagerContent
LogPluginManager: Mounting plugin MagicLeap
LogPluginManager: Mounting plugin MagicLeapLightEstimation
LogPluginManager: Mounting plugin MagicLeapMedia
LogPluginManager: Mounting plugin MagicLeapPassableWorld
LogPluginManager: Mounting plugin MLSDK
LogPluginManager: Mounting plugin AndroidMedia
LogPluginManager: Mounting plugin AvfMedia
LogPluginManager: Mounting plugin ImgMedia
LogPluginManager: Mounting plugin MediaCompositing
LogPluginManager: Mounting plugin MediaPlayerEditor
LogPluginManager: Mounting plugin WebMMedia
LogPluginManager: Mounting plugin WmfMedia
LogPluginManager: Mounting plugin TcpMessaging
LogPluginManager: Mounting plugin UdpMessaging
LogPluginManager: Mounting plugin ActorSequence
LogPluginManager: Mounting plugin MatineeToLevelSequence
LogPluginManager: Mounting plugin LevelSequenceEditor
LogPluginManager: Mounting plugin TemplateSequence
LogPluginManager: Mounting plugin LauncherChunkInstaller
LogPluginManager: Mounting plugin ActorLayerUtilities
LogPluginManager: Mounting plugin AndroidDeviceProfileSelector
LogPluginManager: Mounting plugin AndroidMoviePlayer
LogPluginManager: Mounting plugin AndroidPermission
LogPluginManager: Mounting plugin AppleImageUtils
LogPluginManager: Mounting plugin AppleMoviePlayer
LogPluginManager: Mounting plugin ArchVisCharacter
LogPluginManager: Mounting plugin AssetTags
LogPluginManager: Mounting plugin AudioCapture
LogPluginManager: Mounting plugin AudioSynesthesia
LogPluginManager: Mounting plugin CableComponent
LogPluginManager: Mounting plugin ChunkDownloader
LogPluginManager: Mounting plugin CustomMeshComponent
LogPluginManager: Mounting plugin ExampleDeviceProfileSelector
LogPluginManager: Mounting plugin EditableMesh
LogPluginManager: Mounting plugin OnlineSubsystem
LogPluginManager: Mounting plugin OnlineSubsystemNull
LogPluginManager: Mounting plugin OnlineSubsystemUtils
LogPluginManager: Mounting plugin GoogleCloudMessaging
LogPluginManager: Mounting plugin GooglePAD
LogPluginManager: Mounting plugin IOSDeviceProfileSelector
LogPluginManager: Mounting plugin LinuxDeviceProfileSelector
LogPluginManager: Mounting plugin LocationServicesBPLibrary
LogPluginManager: Mounting plugin MobilePatchingUtils
LogPluginManager: Mounting plugin OpenXR
LogPluginManager: Mounting plugin OpenXREyeTracker
LogPluginManager: Mounting plugin OpenXRHandTracking
LogPluginManager: Mounting plugin PhysXVehicles
LogPluginManager: Mounting plugin PostSplashScreen
LogPluginManager: Mounting plugin ProceduralMeshComponent
LogPluginManager: Mounting plugin PropertyAccessEditor
LogPluginManager: Mounting plugin RuntimePhysXCooking
LogPluginManager: Mounting plugin SignificanceManager
LogPluginManager: Mounting plugin SoundFields
LogPluginManager: Mounting plugin Synthesis
LogPluginManager: Mounting plugin WebMMoviePlayer
LogPluginManager: Mounting plugin WindowsMoviePlayer
LogPluginManager: Mounting plugin ScreenshotTools
LogPluginManager: Mounting plugin Takes
LogPluginManager: Mounting plugin VisualStudioCodeSourceCodeAccess
LogPluginManager: Mounting plugin ContentBrowserAssetDataSource
LogPluginManager: Mounting plugin ContentBrowserFileDataSource
LogPluginManager: Mounting plugin ContentBrowserClassDataSource
LogPluginManager: Mounting plugin RiderLink
LogPluginManager: Mounting plugin OnlineSubsystemGooglePlay
LogPluginManager: Mounting plugin OnlineSubsystemIOS
LogPluginManager: Mounting plugin OculusVR
LogPluginManager: Mounting plugin SteamVR
PixWinPlugin: PIX capture plugin failed to initialize! Check that the process is launched from PIX.
LogInit: Using libcurl 7.55.1-DEV
LogInit:  - built for x86_64-pc-win32
LogInit:  - supports SSL with OpenSSL/1.1.1
LogInit:  - supports HTTP deflate (compression) using libz 1.2.8
LogInit:  - other features:
LogInit:      CURL_VERSION_SSL
LogInit:      CURL_VERSION_LIBZ
LogInit:      CURL_VERSION_IPV6
LogInit:      CURL_VERSION_ASYNCHDNS
LogInit:      CURL_VERSION_LARGEFILE
LogInit:      CURL_VERSION_IDN
LogInit:  CurlRequestOptions (configurable via config and command line):
LogInit:  - bVerifyPeer = true  - Libcurl will verify peer certificate
LogInit:  - bUseHttpProxy = false  - Libcurl will NOT use HTTP proxy
LogInit:  - bDontReuseConnections = false  - Libcurl will reuse connections
LogInit:  - MaxHostConnections = 16  - Libcurl will limit the number of connections to a host
LogInit:  - LocalHostAddr = Default
LogInit:  - BufferSize = 65536
LogOnline: OSS: Creating online subsystem instance for: NULL
LogInit: WinSock: version 1.1 (2.2), MaxSocks=32767, MaxUdp=65467
LogOnline: OSS: TryLoadSubsystemAndSetDefault: Loaded subsystem for module [NULL]
LogOculusPluginWrapper: OculusPlugin initialized successfully
LogHMD: Failed initializing OVRPlugin 1.59.0
LogInit: Build: ++UE4+Release-4.27-CL-18319896
LogInit: Engine Version: 4.27.2-18319896+++UE4+Release-4.27
LogInit: Compatible Engine Version: 4.27.0-17155196+++UE4+Release-4.27
LogInit: Net CL: 17155196
LogInit: OS: Windows 10 (Release 2009) (), CPU: AMD Ryzen 9 7900X 12-Core Processor            , GPU: AMD Radeon RX 7900 XTX
LogInit: Compiled (64-bit): Nov 30 2021 07:12:08
LogInit: Compiled with Visual C++: 19.24.28315.00
LogInit: Build Configuration: DebugGame
LogInit: Branch Name: ++UE4+Release-4.27
LogInit: Command Line: 
LogInit: Base Directory: C:/Program Files/UE_4.27/Engine/Binaries/Win64/
LogInit: Allocator: TBB
LogInit: Installed Engine Build: 1
LogDevObjectVersion: Number of dev versions registered: 29
LogDevObjectVersion:   Dev-Blueprints (B0D832E4-1F89-4F0D-ACCF-7EB736FD4AA2): 10
LogDevObjectVersion:   Dev-Build (E1C64328-A22C-4D53-A36C-8E866417BD8C): 0
LogDevObjectVersion:   Dev-Core (375EC13C-06E4-48FB-B500-84F0262A717E): 4
LogDevObjectVersion:   Dev-Editor (E4B068ED-F494-42E9-A231-DA0B2E46BB41): 40
LogDevObjectVersion:   Dev-Framework (CFFC743F-43B0-4480-9391-14DF171D2073): 37
LogDevObjectVersion:   Dev-Mobile (B02B49B5-BB20-44E9-A304-32B752E40360): 3
LogDevObjectVersion:   Dev-Networking (A4E4105C-59A1-49B5-A7C5-40C4547EDFEE): 0
LogDevObjectVersion:   Dev-Online (39C831C9-5AE6-47DC-9A44-9C173E1C8E7C): 0
LogDevObjectVersion:   Dev-Physics (78F01B33-EBEA-4F98-B9B4-84EACCB95AA2): 14
LogDevObjectVersion:   Dev-Platform (6631380F-2D4D-43E0-8009-CF276956A95A): 0
LogDevObjectVersion:   Dev-Rendering (12F88B9F-8875-4AFC-A67C-D90C383ABD29): 45
LogDevObjectVersion:   Dev-Sequencer (7B5AE74C-D270-4C10-A958-57980B212A5A): 13
LogDevObjectVersion:   Dev-VR (D7296918-1DD6-4BDD-9DE2-64A83CC13884): 3
LogDevObjectVersion:   Dev-LoadTimes (C2A15278-BFE7-4AFE-6C17-90FF531DF755): 1
LogDevObjectVersion:   Private-Geometry (6EACA3D4-40EC-4CC1-B786-8BED09428FC5): 3
LogDevObjectVersion:   Dev-AnimPhys (29E575DD-E0A3-4627-9D10-D276232CDCEA): 17
LogDevObjectVersion:   Dev-Anim (AF43A65D-7FD3-4947-9873-3E8ED9C1BB05): 15
LogDevObjectVersion:   Dev-ReflectionCapture (6B266CEC-1EC7-4B8F-A30B-E4D90942FC07): 1
LogDevObjectVersion:   Dev-Automation (0DF73D61-A23F-47EA-B727-89E90C41499A): 1
LogDevObjectVersion:   FortniteMain (601D1886-AC64-4F84-AA16-D3DE0DEAC7D6): 47
LogDevObjectVersion:   FortniteRelease (E7086368-6B23-4C58-8439-1B7016265E91): 1
LogDevObjectVersion:   Dev-Enterprise (9DFFBCD6-494F-0158-E221-12823C92A888): 10
LogDevObjectVersion:   Dev-Niagara (F2AED0AC-9AFE-416F-8664-AA7FFA26D6FC): 1
LogDevObjectVersion:   Dev-Destruction (174F1F0B-B4C6-45A5-B13F-2EE8D0FB917D): 10
LogDevObjectVersion:   Dev-Physics-Ext (35F94A83-E258-406C-A318-09F59610247C): 41
LogDevObjectVersion:   Dev-PhysicsMaterial-Chaos (B68FC16E-8B1B-42E2-B453-215C058844FE): 1
LogDevObjectVersion:   Dev-CineCamera (B2E18506-4273-CFC2-A54E-F4BB758BBA07): 1
LogDevObjectVersion:   Dev-VirtualProduction (64F58936-FD1B-42BA-BA96-7289D5D0FA4E): 1
LogDevObjectVersion:   Dev-MediaFramework (6F0ED827-A609-4895-9C91-998D90180EA4): 2
LogInit: Presizing for max 25165824 objects, including 0 objects not considered by GC, pre-allocating 0 bytes for permanent pool.
LogConfig: Applying CVar settings from Section [/Script/Engine.StreamingSettings] File [C:/Users/nanim/GitHub/NewNewInsectHeaven/InsectHeaven/Saved/Config/Windows/Engine.ini]
LogConfig: Setting CVar [[s.MinBulkDataSizeForAsyncLoading:131072]]
LogConfig: Setting CVar [[s.AsyncLoadingThreadEnabled:0]]
LogConfig: Setting CVar [[s.EventDrivenLoaderEnabled:1]]
LogConfig: Setting CVar [[s.WarnIfTimeLimitExceeded:0]]
LogConfig: Setting CVar [[s.TimeLimitExceededMultiplier:1.5]]
LogConfig: Setting CVar [[s.TimeLimitExceededMinTime:0.005]]
LogConfig: Setting CVar [[s.UseBackgroundLevelStreaming:1]]
LogConfig: Setting CVar [[s.PriorityAsyncLoadingExtraTime:15.0]]
LogConfig: Setting CVar [[s.LevelStreamingActorsUpdateTimeLimit:5.0]]
LogConfig: Setting CVar [[s.PriorityLevelStreamingActorsUpdateExtraTime:5.0]]
LogConfig: Setting CVar [[s.LevelStreamingComponentsRegistrationGranularity:10]]
LogConfig: Setting CVar [[s.UnregisterComponentsTimeLimit:1.0]]
LogConfig: Setting CVar [[s.LevelStreamingComponentsUnregistrationGranularity:5]]
LogConfig: Setting CVar [[s.FlushStreamingOnExit:1]]
LogInit: Object subsystem initialized
LogConfig: Setting CVar [[con.DebugEarlyDefault:1]]
LogConfig: Setting CVar [[r.setres:1280x720]]
[2024.11.23-13.58.58:151][  0]LogConfig: Setting CVar [[r.VSync:0]]
[2024.11.23-13.58.58:151][  0]LogConfig: Setting CVar [[r.RHICmdBypass:0]]
[2024.11.23-13.58.58:151][  0]LogConfig: Applying CVar settings from Section [/Script/Engine.RendererSettings] File [C:/Users/nanim/GitHub/NewNewInsectHeaven/InsectHeaven/Saved/Config/Windows/Engine.ini]
[2024.11.23-13.58.58:151][  0]LogConfig: Setting CVar [[r.GPUCrashDebugging:0]]
[2024.11.23-13.58.58:151][  0]LogConfig: Applying CVar settings from Section [/Script/Engine.RendererOverrideSettings] File [C:/Users/nanim/GitHub/NewNewInsectHeaven/InsectHeaven/Saved/Config/Windows/Engine.ini]
[2024.11.23-13.58.58:151][  0]LogConfig: Applying CVar settings from Section [/Script/Engine.StreamingSettings] File [C:/Users/nanim/GitHub/NewNewInsectHeaven/InsectHeaven/Saved/Config/Windows/Engine.ini]
[2024.11.23-13.58.58:151][  0]LogConfig: Setting CVar [[s.MinBulkDataSizeForAsyncLoading:131072]]
[2024.11.23-13.58.58:152][  0]LogConfig: Setting CVar [[s.AsyncLoadingThreadEnabled:0]]
[2024.11.23-13.58.58:152][  0]LogConfig: Setting CVar [[s.EventDrivenLoaderEnabled:1]]
[2024.11.23-13.58.58:152][  0]LogConfig: Setting CVar [[s.WarnIfTimeLimitExceeded:0]]
[2024.11.23-13.58.58:152][  0]LogConfig: Setting CVar [[s.TimeLimitExceededMultiplier:1.5]]
[2024.11.23-13.58.58:152][  0]LogConfig: Setting CVar [[s.TimeLimitExceededMinTime:0.005]]
[2024.11.23-13.58.58:152][  0]LogConfig: Setting CVar [[s.UseBackgroundLevelStreaming:1]]
[2024.11.23-13.58.58:152][  0]LogConfig: Setting CVar [[s.PriorityAsyncLoadingExtraTime:15.0]]
[2024.11.23-13.58.58:152][  0]LogConfig: Setting CVar [[s.LevelStreamingActorsUpdateTimeLimit:5.0]]
[2024.11.23-13.58.58:152][  0]LogConfig: Setting CVar [[s.PriorityLevelStreamingActorsUpdateExtraTime:5.0]]
[2024.11.23-13.58.58:152][  0]LogConfig: Setting CVar [[s.LevelStreamingComponentsRegistrationGranularity:10]]
[2024.11.23-13.58.58:152][  0]LogConfig: Setting CVar [[s.UnregisterComponentsTimeLimit:1.0]]
[2024.11.23-13.58.58:153][  0]LogConfig: Setting CVar [[s.LevelStreamingComponentsUnregistrationGranularity:5]]
[2024.11.23-13.58.58:153][  0]LogConfig: Setting CVar [[s.FlushStreamingOnExit:1]]
[2024.11.23-13.58.58:153][  0]LogConfig: Applying CVar settings from Section [/Script/Engine.GarbageCollectionSettings] File [C:/Users/nanim/GitHub/NewNewInsectHeaven/InsectHeaven/Saved/Config/Windows/Engine.ini]
[2024.11.23-13.58.58:153][  0]LogConfig: Setting CVar [[gc.MaxObjectsNotConsideredByGC:1]]
[2024.11.23-13.58.58:153][  0]LogConfig: Setting CVar [[gc.SizeOfPermanentObjectPool:0]]
[2024.11.23-13.58.58:153][  0]LogConfig: Setting CVar [[gc.FlushStreamingOnGC:0]]
[2024.11.23-13.58.58:153][  0]LogConfig: Setting CVar [[gc.NumRetriesBeforeForcingGC:10]]
[2024.11.23-13.58.58:153][  0]LogConfig: Setting CVar [[gc.AllowParallelGC:1]]
[2024.11.23-13.58.58:153][  0]LogConfig: Setting CVar [[gc.TimeBetweenPurgingPendingKillObjects:61.1]]
[2024.11.23-13.58.58:153][  0]LogConfig: Setting CVar [[gc.MaxObjectsInEditor:25165824]]
[2024.11.23-13.58.58:153][  0]LogConfig: Setting CVar [[gc.IncrementalBeginDestroyEnabled:1]]
[2024.11.23-13.58.58:153][  0]LogConfig: Setting CVar [[gc.CreateGCClusters:1]]
[2024.11.23-13.58.58:153][  0]LogConfig: Setting CVar [[gc.MinGCClusterSize:5]]
[2024.11.23-13.58.58:154][  0]LogConfig: Setting CVar [[gc.ActorClusteringEnabled:0]]
[2024.11.23-13.58.58:154][  0]LogConfig: Setting CVar [[gc.BlueprintClusteringEnabled:0]]
[2024.11.23-13.58.58:154][  0]LogConfig: Setting CVar [[gc.UseDisregardForGCOnDedicatedServers:0]]
[2024.11.23-13.58.58:154][  0]LogConfig: Setting CVar [[gc.MultithreadedDestructionEnabled:1]]
[2024.11.23-13.58.58:154][  0]LogConfig: Applying CVar settings from Section [/Script/Engine.NetworkSettings] File [C:/Users/nanim/GitHub/NewNewInsectHeaven/InsectHeaven/Saved/Config/Windows/Engine.ini]
[2024.11.23-13.58.58:154][  0]LogConfig: Applying CVar settings from Section [/Script/UnrealEd.CookerSettings] File [C:/Users/nanim/GitHub/NewNewInsectHeaven/InsectHeaven/Saved/Config/Windows/Engine.ini]
[2024.11.23-13.58.58:197][  0]LogConfig: Applying CVar settings from Section [ViewDistanceQuality@3] File [C:/Users/nanim/GitHub/NewNewInsectHeaven/InsectHeaven/Saved/Config/Windows/Scalability.ini]
[2024.11.23-13.58.58:197][  0]LogConfig: Setting CVar [[r.SkeletalMeshLODBias:0]]
[2024.11.23-13.58.58:197][  0]LogConfig: Setting CVar [[r.ViewDistanceScale:1.0]]
[2024.11.23-13.58.58:197][  0]LogConfig: Applying CVar settings from Section [AntiAliasingQuality@3] File [C:/Users/nanim/GitHub/NewNewInsectHeaven/InsectHeaven/Saved/Config/Windows/Scalability.ini]
[2024.11.23-13.58.58:197][  0]LogConfig: Setting CVar [[r.PostProcessAAQuality:4]]
[2024.11.23-13.58.58:198][  0]LogConfig: Applying CVar settings from Section [ShadowQuality@3] File [C:/Users/nanim/GitHub/NewNewInsectHeaven/InsectHeaven/Saved/Config/Windows/Scalability.ini]
[2024.11.23-13.58.58:198][  0]LogConfig: Setting CVar [[r.LightFunctionQuality:1]]
[2024.11.23-13.58.58:198][  0]LogConfig: Setting CVar [[r.ShadowQuality:5]]
[2024.11.23-13.58.58:198][  0]LogConfig: Setting CVar [[r.Shadow.CSM.MaxCascades:10]]
[2024.11.23-13.58.58:198][  0]LogConfig: Setting CVar [[r.Shadow.MaxResolution:2048]]
[2024.11.23-13.58.58:198][  0]LogConfig: Setting CVar [[r.Shadow.MaxCSMResolution:2048]]
[2024.11.23-13.58.58:198][  0]LogConfig: Setting CVar [[r.Shadow.RadiusThreshold:0.01]]
[2024.11.23-13.58.58:198][  0]LogConfig: Setting CVar [[r.Shadow.DistanceScale:1.0]]
[2024.11.23-13.58.58:198][  0]LogConfig: Setting CVar [[r.Shadow.CSM.TransitionScale:1.0]]
[2024.11.23-13.58.58:198][  0]LogConfig: Setting CVar [[r.Shadow.PreShadowResolutionFactor:1.0]]
[2024.11.23-13.58.58:198][  0]LogConfig: Setting CVar [[r.DistanceFieldShadowing:1]]
[2024.11.23-13.58.58:199][  0]LogConfig: Setting CVar [[r.DistanceFieldAO:1]]
[2024.11.23-13.58.58:199][  0]LogConfig: Setting CVar [[r.AOQuality:2]]
[2024.11.23-13.58.58:199][  0]LogConfig: Setting CVar [[r.VolumetricFog:1]]
[2024.11.23-13.58.58:199][  0]LogConfig: Setting CVar [[r.VolumetricFog.GridPixelSize:8]]
[2024.11.23-13.58.58:199][  0]LogConfig: Setting CVar [[r.VolumetricFog.GridSizeZ:128]]
[2024.11.23-13.58.58:199][  0]LogConfig: Setting CVar [[r.VolumetricFog.HistoryMissSupersampleCount:4]]
[2024.11.23-13.58.58:199][  0]LogConfig: Setting CVar [[r.LightMaxDrawDistanceScale:1]]
[2024.11.23-13.58.58:199][  0]LogConfig: Setting CVar [[r.CapsuleShadows:1]]
[2024.11.23-13.58.58:199][  0]LogConfig: Applying CVar settings from Section [PostProcessQuality@3] File [C:/Users/nanim/GitHub/NewNewInsectHeaven/InsectHeaven/Saved/Config/Windows/Scalability.ini]
[2024.11.23-13.58.58:199][  0]LogConfig: Setting CVar [[r.MotionBlurQuality:4]]
[2024.11.23-13.58.58:200][  0]LogConfig: Setting CVar [[r.AmbientOcclusionMipLevelFactor:0.4]]
[2024.11.23-13.58.58:200][  0]LogConfig: Setting CVar [[r.AmbientOcclusionMaxQuality:100]]
[2024.11.23-13.58.58:200][  0]LogConfig: Setting CVar [[r.AmbientOcclusionLevels:-1]]
[2024.11.23-13.58.58:200][  0]LogConfig: Setting CVar [[r.AmbientOcclusionRadiusScale:1.0]]
[2024.11.23-13.58.58:200][  0]LogConfig: Setting CVar [[r.DepthOfFieldQuality:2]]
[2024.11.23-13.58.58:200][  0]LogConfig: Setting CVar [[r.RenderTargetPoolMin:400]]
[2024.11.23-13.58.58:200][  0]LogConfig: Setting CVar [[r.LensFlareQuality:2]]
[2024.11.23-13.58.58:200][  0]LogConfig: Setting CVar [[r.SceneColorFringeQuality:1]]
[2024.11.23-13.58.58:200][  0]LogConfig: Setting CVar [[r.EyeAdaptationQuality:2]]
[2024.11.23-13.58.58:200][  0]LogConfig: Setting CVar [[r.BloomQuality:5]]
[2024.11.23-13.58.58:201][  0]LogConfig: Setting CVar [[r.FastBlurThreshold:100]]
[2024.11.23-13.58.58:201][  0]LogConfig: Setting CVar [[r.Upscale.Quality:3]]
[2024.11.23-13.58.58:201][  0]LogConfig: Setting CVar [[r.Tonemapper.GrainQuantization:1]]
[2024.11.23-13.58.58:201][  0]LogConfig: Setting CVar [[r.LightShaftQuality:1]]
[2024.11.23-13.58.58:201][  0]LogConfig: Setting CVar [[r.Filter.SizeScale:1]]
[2024.11.23-13.58.58:201][  0]LogConfig: Setting CVar [[r.Tonemapper.Quality:5]]
[2024.11.23-13.58.58:201][  0]LogConfig: Setting CVar [[r.DOF.Gather.AccumulatorQuality:1        ; higher gathering accumulator quality]]
[2024.11.23-13.58.58:201][  0]LogConfig: Setting CVar [[r.DOF.Gather.PostfilterMethod:1          ; Median3x3 postfilering method]]
[2024.11.23-13.58.58:201][  0]LogConfig: Setting CVar [[r.DOF.Gather.EnableBokehSettings:0       ; no bokeh simulation when gathering]]
[2024.11.23-13.58.58:202][  0]LogConfig: Setting CVar [[r.DOF.Gather.RingCount:4                 ; medium number of samples when gathering]]
[2024.11.23-13.58.58:202][  0]LogConfig: Setting CVar [[r.DOF.Scatter.ForegroundCompositing:1    ; additive foreground scattering]]
[2024.11.23-13.58.58:202][  0]LogConfig: Setting CVar [[r.DOF.Scatter.BackgroundCompositing:2    ; additive background scattering]]
[2024.11.23-13.58.58:202][  0]LogConfig: Setting CVar [[r.DOF.Scatter.EnableBokehSettings:1      ; bokeh simulation when scattering]]
[2024.11.23-13.58.58:202][  0]LogConfig: Setting CVar [[r.DOF.Scatter.MaxSpriteRatio:0.1         ; only a maximum of 10% of scattered bokeh]]
[2024.11.23-13.58.58:202][  0]LogConfig: Setting CVar [[r.DOF.Recombine.Quality:1                ; cheap slight out of focus]]
[2024.11.23-13.58.58:202][  0]LogConfig: Setting CVar [[r.DOF.Recombine.EnableBokehSettings:0    ; no bokeh simulation on slight out of focus]]
[2024.11.23-13.58.58:202][  0]LogConfig: Setting CVar [[r.DOF.TemporalAAQuality:1                ; more stable temporal accumulation]]
[2024.11.23-13.58.58:202][  0]LogConfig: Setting CVar [[r.DOF.Kernel.MaxForegroundRadius:0.025]]
[2024.11.23-13.58.58:202][  0]LogConfig: Setting CVar [[r.DOF.Kernel.MaxBackgroundRadius:0.025]]
[2024.11.23-13.58.58:202][  0]LogConfig: Applying CVar settings from Section [TextureQuality@3] File [C:/Users/nanim/GitHub/NewNewInsectHeaven/InsectHeaven/Saved/Config/Windows/Scalability.ini]
[2024.11.23-13.58.58:203][  0]LogConfig: Setting CVar [[r.Streaming.MipBias:0]]
[2024.11.23-13.58.58:203][  0]LogConfig: Setting CVar [[r.Streaming.AmortizeCPUToGPUCopy:0]]
[2024.11.23-13.58.58:203][  0]LogConfig: Setting CVar [[r.Streaming.MaxNumTexturesToStreamPerFrame:0]]
[2024.11.23-13.58.58:203][  0]LogConfig: Setting CVar [[r.Streaming.Boost:1]]
[2024.11.23-13.58.58:203][  0]LogConfig: Setting CVar [[r.MaxAnisotropy:8]]
[2024.11.23-13.58.58:203][  0]LogConfig: Setting CVar [[r.VT.MaxAnisotropy:8]]
[2024.11.23-13.58.58:203][  0]LogConfig: Setting CVar [[r.Streaming.LimitPoolSizeToVRAM:0]]
[2024.11.23-13.58.58:203][  0]LogConfig: Setting CVar [[r.Streaming.PoolSize:1000]]
[2024.11.23-13.58.58:203][  0]LogConfig: Setting CVar [[r.Streaming.MaxEffectiveScreenSize:0]]
[2024.11.23-13.58.58:203][  0]LogConfig: Applying CVar settings from Section [EffectsQuality@3] File [C:/Users/nanim/GitHub/NewNewInsectHeaven/InsectHeaven/Saved/Config/Windows/Scalability.ini]
[2024.11.23-13.58.58:203][  0]LogConfig: Setting CVar [[r.TranslucencyLightingVolumeDim:64]]
[2024.11.23-13.58.58:204][  0]LogConfig: Setting CVar [[r.RefractionQuality:2]]
[2024.11.23-13.58.58:204][  0]LogConfig: Setting CVar [[r.SSR.Quality:3]]
[2024.11.23-13.58.58:204][  0]LogConfig: Setting CVar [[r.SSR.HalfResSceneColor:0]]
[2024.11.23-13.58.58:204][  0]LogConfig: Setting CVar [[r.SceneColorFormat:4]]
[2024.11.23-13.58.58:204][  0]LogConfig: Setting CVar [[r.DetailMode:2]]
[2024.11.23-13.58.58:204][  0]LogConfig: Setting CVar [[r.TranslucencyVolumeBlur:1]]
[2024.11.23-13.58.58:204][  0]LogConfig: Setting CVar [[r.MaterialQualityLevel:1 ; High quality]]
[2024.11.23-13.58.58:204][  0]LogConfig: Setting CVar [[r.AnisotropicMaterials:1]]
[2024.11.23-13.58.58:204][  0]LogConfig: Setting CVar [[r.SSS.Scale:1]]
[2024.11.23-13.58.58:204][  0]LogConfig: Setting CVar [[r.SSS.SampleSet:2]]
[2024.11.23-13.58.58:204][  0]LogConfig: Setting CVar [[r.SSS.Quality:1]]
[2024.11.23-13.58.58:204][  0]LogConfig: Setting CVar [[r.SSS.HalfRes:0]]
[2024.11.23-13.58.58:205][  0]LogConfig: Setting CVar [[r.SSGI.Quality:3]]
[2024.11.23-13.58.58:205][  0]LogConfig: Setting CVar [[r.EmitterSpawnRateScale:1.0]]
[2024.11.23-13.58.58:205][  0]LogConfig: Setting CVar [[r.ParticleLightQuality:2]]
[2024.11.23-13.58.58:205][  0]LogConfig: Setting CVar [[r.SkyAtmosphere.AerialPerspectiveLUT.FastApplyOnOpaque:1 ; Always have FastSkyLUT 1 in this case to avoid wrong sky]]
[2024.11.23-13.58.58:205][  0]LogConfig: Setting CVar [[r.SkyAtmosphere.AerialPerspectiveLUT.SampleCountMaxPerSlice:4]]
[2024.11.23-13.58.58:205][  0]LogConfig: Setting CVar [[r.SkyAtmosphere.AerialPerspectiveLUT.DepthResolution:16.0]]
[2024.11.23-13.58.58:205][  0]LogConfig: Setting CVar [[r.SkyAtmosphere.FastSkyLUT:1]]
[2024.11.23-13.58.58:205][  0]LogConfig: Setting CVar [[r.SkyAtmosphere.FastSkyLUT.SampleCountMin:4.0]]
[2024.11.23-13.58.58:205][  0]LogConfig: Setting CVar [[r.SkyAtmosphere.FastSkyLUT.SampleCountMax:128.0]]
[2024.11.23-13.58.58:205][  0]LogConfig: Setting CVar [[r.SkyAtmosphere.SampleCountMin:4.0]]
[2024.11.23-13.58.58:205][  0]LogConfig: Setting CVar [[r.SkyAtmosphere.SampleCountMax:128.0]]
[2024.11.23-13.58.58:205][  0]LogConfig: Setting CVar [[r.SkyAtmosphere.TransmittanceLUT.UseSmallFormat:0]]
[2024.11.23-13.58.58:206][  0]LogConfig: Setting CVar [[r.SkyAtmosphere.TransmittanceLUT.SampleCount:10.0]]
[2024.11.23-13.58.58:206][  0]LogConfig: Setting CVar [[r.SkyAtmosphere.MultiScatteringLUT.SampleCount:15.0]]
[2024.11.23-13.58.58:206][  0]LogConfig: Setting CVar [[r.SkyLight.RealTimeReflectionCapture:1]]
[2024.11.23-13.58.58:206][  0]LogConfig: Applying CVar settings from Section [FoliageQuality@3] File [C:/Users/nanim/GitHub/NewNewInsectHeaven/InsectHeaven/Saved/Config/Windows/Scalability.ini]
[2024.11.23-13.58.58:206][  0]LogConfig: Setting CVar [[foliage.DensityScale:1.0]]
[2024.11.23-13.58.58:206][  0]LogConfig: Setting CVar [[grass.DensityScale:1.0]]
[2024.11.23-13.58.58:206][  0]LogConfig: Applying CVar settings from Section [ShadingQuality@3] File [C:/Users/nanim/GitHub/NewNewInsectHeaven/InsectHeaven/Saved/Config/Windows/Scalability.ini]
[2024.11.23-13.58.58:206][  0]LogConfig: Setting CVar [[r.HairStrands.SkyLighting.IntegrationType:2]]
[2024.11.23-13.58.58:206][  0]LogConfig: Setting CVar [[r.HairStrands.SkyAO.SampleCount:4]]
[2024.11.23-13.58.58:206][  0]LogConfig: Setting CVar [[r.HairStrands.Visibility.MSAA.SamplePerPixel:4]]
[2024.11.23-13.58.58:206][  0]LogInit: Selected Device Profile: [Windows]
[2024.11.23-13.58.58:207][  0]LogInit: Applying CVar settings loaded from the selected device profile: [Windows]
[2024.11.23-13.58.58:207][  0]LogHAL: Display: Platform has ~ 32 GB [33457160192 / 34359738368 / 32], which maps to Largest [LargestMinGB=32, LargerMinGB=12, DefaultMinGB=8, SmallerMinGB=6, SmallestMinGB=0)
[2024.11.23-13.58.58:207][  0]LogInit: Going up to parent DeviceProfile []
[2024.11.23-13.58.58:207][  0]LogConfig: Applying CVar settings from Section [ViewDistanceQuality@3] File [C:/Users/nanim/GitHub/NewNewInsectHeaven/InsectHeaven/Saved/Config/Windows/Scalability.ini]
[2024.11.23-13.58.58:207][  0]LogConfig: Setting CVar [[r.SkeletalMeshLODBias:0]]
[2024.11.23-13.58.58:207][  0]LogConfig: Setting CVar [[r.ViewDistanceScale:1.0]]
[2024.11.23-13.58.58:207][  0]LogConfig: Applying CVar settings from Section [AntiAliasingQuality@3] File [C:/Users/nanim/GitHub/NewNewInsectHeaven/InsectHeaven/Saved/Config/Windows/Scalability.ini]
[2024.11.23-13.58.58:207][  0]LogConfig: Setting CVar [[r.PostProcessAAQuality:4]]
[2024.11.23-13.58.58:207][  0]LogConfig: Applying CVar settings from Section [ShadowQuality@3] File [C:/Users/nanim/GitHub/NewNewInsectHeaven/InsectHeaven/Saved/Config/Windows/Scalability.ini]
[2024.11.23-13.58.58:207][  0]LogConfig: Setting CVar [[r.LightFunctionQuality:1]]
[2024.11.23-13.58.58:207][  0]LogConfig: Setting CVar [[r.ShadowQuality:5]]
[2024.11.23-13.58.58:208][  0]LogConfig: Setting CVar [[r.Shadow.CSM.MaxCascades:10]]
[2024.11.23-13.58.58:208][  0]LogConfig: Setting CVar [[r.Shadow.MaxResolution:2048]]
[2024.11.23-13.58.58:208][  0]LogConfig: Setting CVar [[r.Shadow.MaxCSMResolution:2048]]
[2024.11.23-13.58.58:208][  0]LogConfig: Setting CVar [[r.Shadow.RadiusThreshold:0.01]]
[2024.11.23-13.58.58:208][  0]LogConfig: Setting CVar [[r.Shadow.DistanceScale:1.0]]
[2024.11.23-13.58.58:208][  0]LogConfig: Setting CVar [[r.Shadow.CSM.TransitionScale:1.0]]
[2024.11.23-13.58.58:208][  0]LogConfig: Setting CVar [[r.Shadow.PreShadowResolutionFactor:1.0]]
[2024.11.23-13.58.58:208][  0]LogConfig: Setting CVar [[r.DistanceFieldShadowing:1]]
[2024.11.23-13.58.58:208][  0]LogConfig: Setting CVar [[r.DistanceFieldAO:1]]
[2024.11.23-13.58.58:208][  0]LogConfig: Setting CVar [[r.AOQuality:2]]
[2024.11.23-13.58.58:208][  0]LogConfig: Setting CVar [[r.VolumetricFog:1]]
[2024.11.23-13.58.58:208][  0]LogConfig: Setting CVar [[r.VolumetricFog.GridPixelSize:8]]
[2024.11.23-13.58.58:208][  0]LogConfig: Setting CVar [[r.VolumetricFog.GridSizeZ:128]]
[2024.11.23-13.58.58:208][  0]LogConfig: Setting CVar [[r.VolumetricFog.HistoryMissSupersampleCount:4]]
[2024.11.23-13.58.58:209][  0]LogConfig: Setting CVar [[r.LightMaxDrawDistanceScale:1]]
[2024.11.23-13.58.58:209][  0]LogConfig: Setting CVar [[r.CapsuleShadows:1]]
[2024.11.23-13.58.58:209][  0]LogConfig: Applying CVar settings from Section [PostProcessQuality@3] File [C:/Users/nanim/GitHub/NewNewInsectHeaven/InsectHeaven/Saved/Config/Windows/Scalability.ini]
[2024.11.23-13.58.58:209][  0]LogConfig: Setting CVar [[r.MotionBlurQuality:4]]
[2024.11.23-13.58.58:209][  0]LogConfig: Setting CVar [[r.AmbientOcclusionMipLevelFactor:0.4]]
[2024.11.23-13.58.58:209][  0]LogConfig: Setting CVar [[r.AmbientOcclusionMaxQuality:100]]
[2024.11.23-13.58.58:209][  0]LogConfig: Setting CVar [[r.AmbientOcclusionLevels:-1]]
[2024.11.23-13.58.58:209][  0]LogConfig: Setting CVar [[r.AmbientOcclusionRadiusScale:1.0]]
[2024.11.23-13.58.58:209][  0]LogConfig: Setting CVar [[r.DepthOfFieldQuality:2]]
[2024.11.23-13.58.58:209][  0]LogConfig: Setting CVar [[r.RenderTargetPoolMin:400]]
[2024.11.23-13.58.58:209][  0]LogConfig: Setting CVar [[r.LensFlareQuality:2]]
[2024.11.23-13.58.58:209][  0]LogConfig: Setting CVar [[r.SceneColorFringeQuality:1]]
[2024.11.23-13.58.58:209][  0]LogConfig: Setting CVar [[r.EyeAdaptationQuality:2]]
[2024.11.23-13.58.58:210][  0]LogConfig: Setting CVar [[r.BloomQuality:5]]
[2024.11.23-13.58.58:210][  0]LogConfig: Setting CVar [[r.FastBlurThreshold:100]]
[2024.11.23-13.58.58:210][  0]LogConfig: Setting CVar [[r.Upscale.Quality:3]]
[2024.11.23-13.58.58:210][  0]LogConfig: Setting CVar [[r.Tonemapper.GrainQuantization:1]]
[2024.11.23-13.58.58:210][  0]LogConfig: Setting CVar [[r.LightShaftQuality:1]]
[2024.11.23-13.58.58:210][  0]LogConfig: Setting CVar [[r.Filter.SizeScale:1]]
[2024.11.23-13.58.58:210][  0]LogConfig: Setting CVar [[r.Tonemapper.Quality:5]]
[2024.11.23-13.58.58:210][  0]LogConfig: Setting CVar [[r.DOF.Gather.AccumulatorQuality:1        ; higher gathering accumulator quality]]
[2024.11.23-13.58.58:210][  0]LogConfig: Setting CVar [[r.DOF.Gather.PostfilterMethod:1          ; Median3x3 postfilering method]]
[2024.11.23-13.58.58:210][  0]LogConfig: Setting CVar [[r.DOF.Gather.EnableBokehSettings:0       ; no bokeh simulation when gathering]]
[2024.11.23-13.58.58:210][  0]LogConfig: Setting CVar [[r.DOF.Gather.RingCount:4                 ; medium number of samples when gathering]]
[2024.11.23-13.58.58:211][  0]LogConfig: Setting CVar [[r.DOF.Scatter.ForegroundCompositing:1    ; additive foreground scattering]]
[2024.11.23-13.58.58:211][  0]LogConfig: Setting CVar [[r.DOF.Scatter.BackgroundCompositing:2    ; additive background scattering]]
[2024.11.23-13.58.58:211][  0]LogConfig: Setting CVar [[r.DOF.Scatter.EnableBokehSettings:1      ; bokeh simulation when scattering]]
[2024.11.23-13.58.58:211][  0]LogConfig: Setting CVar [[r.DOF.Scatter.MaxSpriteRatio:0.1         ; only a maximum of 10% of scattered bokeh]]
[2024.11.23-13.58.58:211][  0]LogConfig: Setting CVar [[r.DOF.Recombine.Quality:1                ; cheap slight out of focus]]
[2024.11.23-13.58.58:211][  0]LogConfig: Setting CVar [[r.DOF.Recombine.EnableBokehSettings:0    ; no bokeh simulation on slight out of focus]]
[2024.11.23-13.58.58:211][  0]LogConfig: Setting CVar [[r.DOF.TemporalAAQuality:1                ; more stable temporal accumulation]]
[2024.11.23-13.58.58:211][  0]LogConfig: Setting CVar [[r.DOF.Kernel.MaxForegroundRadius:0.025]]
[2024.11.23-13.58.58:211][  0]LogConfig: Setting CVar [[r.DOF.Kernel.MaxBackgroundRadius:0.025]]
[2024.11.23-13.58.58:211][  0]LogConfig: Applying CVar settings from Section [TextureQuality@3] File [C:/Users/nanim/GitHub/NewNewInsectHeaven/InsectHeaven/Saved/Config/Windows/Scalability.ini]
[2024.11.23-13.58.58:211][  0]LogConfig: Setting CVar [[r.Streaming.MipBias:0]]
[2024.11.23-13.58.58:212][  0]LogConfig: Setting CVar [[r.Streaming.AmortizeCPUToGPUCopy:0]]
[2024.11.23-13.58.58:212][  0]LogConfig: Setting CVar [[r.Streaming.MaxNumTexturesToStreamPerFrame:0]]
[2024.11.23-13.58.58:212][  0]LogConfig: Setting CVar [[r.Streaming.Boost:1]]
[2024.11.23-13.58.58:212][  0]LogConfig: Setting CVar [[r.MaxAnisotropy:8]]
[2024.11.23-13.58.58:212][  0]LogConfig: Setting CVar [[r.VT.MaxAnisotropy:8]]
[2024.11.23-13.58.58:212][  0]LogConfig: Setting CVar [[r.Streaming.LimitPoolSizeToVRAM:0]]
[2024.11.23-13.58.58:212][  0]LogConfig: Setting CVar [[r.Streaming.PoolSize:1000]]
[2024.11.23-13.58.58:212][  0]LogConfig: Setting CVar [[r.Streaming.MaxEffectiveScreenSize:0]]
[2024.11.23-13.58.58:212][  0]LogConfig: Applying CVar settings from Section [EffectsQuality@3] File [C:/Users/nanim/GitHub/NewNewInsectHeaven/InsectHeaven/Saved/Config/Windows/Scalability.ini]
[2024.11.23-13.58.58:212][  0]LogConfig: Setting CVar [[r.TranslucencyLightingVolumeDim:64]]
[2024.11.23-13.58.58:212][  0]LogConfig: Setting CVar [[r.RefractionQuality:2]]
[2024.11.23-13.58.58:212][  0]LogConfig: Setting CVar [[r.SSR.Quality:3]]
[2024.11.23-13.58.58:213][  0]LogConfig: Setting CVar [[r.SSR.HalfResSceneColor:0]]
[2024.11.23-13.58.58:213][  0]LogConfig: Setting CVar [[r.SceneColorFormat:4]]
[2024.11.23-13.58.58:213][  0]LogConfig: Setting CVar [[r.DetailMode:2]]
[2024.11.23-13.58.58:213][  0]LogConfig: Setting CVar [[r.TranslucencyVolumeBlur:1]]
[2024.11.23-13.58.58:213][  0]LogConfig: Setting CVar [[r.MaterialQualityLevel:1 ; High quality]]
[2024.11.23-13.58.58:213][  0]LogConfig: Setting CVar [[r.AnisotropicMaterials:1]]
[2024.11.23-13.58.58:213][  0]LogConfig: Setting CVar [[r.SSS.Scale:1]]
[2024.11.23-13.58.58:213][  0]LogConfig: Setting CVar [[r.SSS.SampleSet:2]]
[2024.11.23-13.58.58:213][  0]LogConfig: Setting CVar [[r.SSS.Quality:1]]
[2024.11.23-13.58.58:213][  0]LogConfig: Setting CVar [[r.SSS.HalfRes:0]]
[2024.11.23-13.58.58:213][  0]LogConfig: Setting CVar [[r.SSGI.Quality:3]]
[2024.11.23-13.58.58:213][  0]LogConfig: Setting CVar [[r.EmitterSpawnRateScale:1.0]]
[2024.11.23-13.58.58:213][  0]LogConfig: Setting CVar [[r.ParticleLightQuality:2]]
[2024.11.23-13.58.58:214][  0]LogConfig: Setting CVar [[r.SkyAtmosphere.AerialPerspectiveLUT.FastApplyOnOpaque:1 ; Always have FastSkyLUT 1 in this case to avoid wrong sky]]
[2024.11.23-13.58.58:214][  0]LogConfig: Setting CVar [[r.SkyAtmosphere.AerialPerspectiveLUT.SampleCountMaxPerSlice:4]]
[2024.11.23-13.58.58:214][  0]LogConfig: Setting CVar [[r.SkyAtmosphere.AerialPerspectiveLUT.DepthResolution:16.0]]
[2024.11.23-13.58.58:214][  0]LogConfig: Setting CVar [[r.SkyAtmosphere.FastSkyLUT:1]]
[2024.11.23-13.58.58:214][  0]LogConfig: Setting CVar [[r.SkyAtmosphere.FastSkyLUT.SampleCountMin:4.0]]
[2024.11.23-13.58.58:214][  0]LogConfig: Setting CVar [[r.SkyAtmosphere.FastSkyLUT.SampleCountMax:128.0]]
[2024.11.23-13.58.58:214][  0]LogConfig: Setting CVar [[r.SkyAtmosphere.SampleCountMin:4.0]]
[2024.11.23-13.58.58:214][  0]LogConfig: Setting CVar [[r.SkyAtmosphere.SampleCountMax:128.0]]
[2024.11.23-13.58.58:214][  0]LogConfig: Setting CVar [[r.SkyAtmosphere.TransmittanceLUT.UseSmallFormat:0]]
[2024.11.23-13.58.58:214][  0]LogConfig: Setting CVar [[r.SkyAtmosphere.TransmittanceLUT.SampleCount:10.0]]
[2024.11.23-13.58.58:215][  0]LogConfig: Setting CVar [[r.SkyAtmosphere.MultiScatteringLUT.SampleCount:15.0]]
[2024.11.23-13.58.58:215][  0]LogConfig: Setting CVar [[r.SkyLight.RealTimeReflectionCapture:1]]
[2024.11.23-13.58.58:215][  0]LogConfig: Applying CVar settings from Section [FoliageQuality@3] File [C:/Users/nanim/GitHub/NewNewInsectHeaven/InsectHeaven/Saved/Config/Windows/Scalability.ini]
[2024.11.23-13.58.58:215][  0]LogConfig: Setting CVar [[foliage.DensityScale:1.0]]
[2024.11.23-13.58.58:215][  0]LogConfig: Setting CVar [[grass.DensityScale:1.0]]
[2024.11.23-13.58.58:215][  0]LogConfig: Applying CVar settings from Section [ShadingQuality@3] File [C:/Users/nanim/GitHub/NewNewInsectHeaven/InsectHeaven/Saved/Config/Windows/Scalability.ini]
[2024.11.23-13.58.58:215][  0]LogConfig: Setting CVar [[r.HairStrands.SkyLighting.IntegrationType:2]]
[2024.11.23-13.58.58:215][  0]LogConfig: Setting CVar [[r.HairStrands.SkyAO.SampleCount:4]]
[2024.11.23-13.58.58:215][  0]LogConfig: Setting CVar [[r.HairStrands.Visibility.MSAA.SamplePerPixel:4]]
[2024.11.23-13.58.58:215][  0]LogConfig: Applying CVar settings from Section [Startup] File [../../../Engine/Config/ConsoleVariables.ini]
[2024.11.23-13.58.58:216][  0]LogConfig: Setting CVar [[net.UseAdaptiveNetUpdateFrequency:0]]
[2024.11.23-13.58.58:216][  0]LogConfig: Setting CVar [[p.chaos.AllowCreatePhysxBodies:1]]
[2024.11.23-13.58.58:216][  0]LogConfig: Setting CVar [[fx.SkipVectorVMBackendOptimizations:1]]
[2024.11.23-13.58.58:216][  0]LogConfig: Applying CVar settings from Section [ConsoleVariables] File [C:/Users/nanim/GitHub/NewNewInsectHeaven/InsectHeaven/Saved/Config/Windows/Engine.ini]
[2024.11.23-13.58.58:216][  0]LogConfig: Applying CVar settings from Section [ConsoleVariables] File [C:/Users/nanim/GitHub/NewNewInsectHeaven/InsectHeaven/Saved/Config/Windows/Editor.ini]
[2024.11.23-13.58.58:216][  0]LogInit: Computer: DESKTOP-NS5ONMH
[2024.11.23-13.58.58:216][  0]LogInit: User: nanim
[2024.11.23-13.58.58:217][  0]LogInit: CPU Page size=4096, Cores=12
[2024.11.23-13.58.58:217][  0]LogInit: High frequency timer resolution =10.000000 MHz
[2024.11.23-13.58.58:217][  0]LogMemory: Memory total: Physical=31.2GB (32GB approx)
[2024.11.23-13.58.58:217][  0]LogMemory: Platform Memory Stats for Windows
[2024.11.23-13.58.58:217][  0]LogMemory: Process Physical Memory: 149.41 MB used, 149.41 MB peak
[2024.11.23-13.58.58:217][  0]LogMemory: Process Virtual Memory: 128.66 MB used, 128.66 MB peak
[2024.11.23-13.58.58:217][  0]LogMemory: Physical Memory: 17757.00 MB used,  14150.23 MB free, 31907.23 MB total
[2024.11.23-13.58.58:217][  0]LogMemory: Virtual Memory: 134178464.00 MB used,  39266.31 MB free, 134217728.00 MB total
[2024.11.23-13.58.58:231][  0]LogWindows: WindowsPlatformFeatures enabled
[2024.11.23-13.58.58:346][  0]LogInit: Physics initialised using underlying interface: PhysX
[2024.11.23-13.58.58:347][  0]LogInit: Using OS detected language (ko-KR).
[2024.11.23-13.58.58:347][  0]LogInit: Using OS detected locale (ko-KR).
[2024.11.23-13.58.58:354][  0]LogTextLocalizationManager: No specific localization for 'ko-KR' exists, so the 'ko' localization will be used.
[2024.11.23-13.58.58:433][  0]LogInit: Setting process to per monitor DPI aware
[2024.11.23-13.58.58:568][  0]LogWindowsTextInputMethodSystem: Display: IME system deactivated.
[2024.11.23-13.58.58:592][  0]LogSlate: New Slate User Created.  User Index 0, Is Virtual User: 0
[2024.11.23-13.58.58:592][  0]LogSlate: Slate User Registered.  User Index 0, Is Virtual User: 0
[2024.11.23-13.58.58:744][  0]LogD3D11RHI: Loaded GFSDK_Aftermath_Lib.x64.dll
[2024.11.23-13.58.58:751][  0]LogHMD: Failed to initialize OpenVR with code 110
[2024.11.23-13.58.58:752][  0]LogD3D11RHI: D3D11 min allowed feature level: 11_0
[2024.11.23-13.58.58:752][  0]LogD3D11RHI: D3D11 max allowed feature level: 11_0
[2024.11.23-13.58.58:752][  0]LogD3D11RHI: D3D11 adapters:
[2024.11.23-13.58.58:884][  0]LogD3D11RHI:    0. 'AMD Radeon RX 7900 XTX' (Feature Level 11_0)
[2024.11.23-13.58.58:884][  0]LogD3D11RHI:       24491/0/15953 MB DedicatedVideo/DedicatedSystem/SharedSystem, Outputs:2, VendorId:0x1002
[2024.11.23-13.58.58:949][  0]LogD3D11RHI:    1. 'AMD Radeon(TM) Graphics' (Feature Level 11_0)
[2024.11.23-13.58.58:949][  0]LogD3D11RHI:       459/0/15953 MB DedicatedVideo/DedicatedSystem/SharedSystem, Outputs:0, VendorId:0x1002
[2024.11.23-13.58.58:954][  0]LogD3D11RHI:    2. 'Microsoft Basic Render Driver' (Feature Level 11_0)
[2024.11.23-13.58.58:954][  0]LogD3D11RHI:       0/0/15953 MB DedicatedVideo/DedicatedSystem/SharedSystem, Outputs:0, VendorId:0x1414
[2024.11.23-13.58.58:954][  0]LogD3D11RHI: Chosen D3D11 Adapter:
[2024.11.23-13.58.58:954][  0]LogD3D11RHI:     Description : AMD Radeon RX 7900 XTX
[2024.11.23-13.58.58:954][  0]LogD3D11RHI:     VendorId    : 1002
[2024.11.23-13.58.58:955][  0]LogD3D11RHI:     DeviceId    : 744c
[2024.11.23-13.58.58:955][  0]LogD3D11RHI:     SubSysId    : e3b1002
[2024.11.23-13.58.58:955][  0]LogD3D11RHI:     Revision    : 00c8
[2024.11.23-13.58.58:955][  0]LogD3D11RHI:     DedicatedVideoMemory : 25681567744 bytes
[2024.11.23-13.58.58:955][  0]LogD3D11RHI:     DedicatedSystemMemory : 0 bytes
[2024.11.23-13.58.58:955][  0]LogD3D11RHI:     SharedSystemMemory : 16728580096 bytes
[2024.11.23-13.58.58:955][  0]LogD3D11RHI:     AdapterLuid : 0 76150
[2024.11.23-13.58.58:961][  0]LogD3D11RHI: Creating new Direct3DDevice
[2024.11.23-13.58.58:961][  0]LogD3D11RHI:     GPU DeviceId: 0x744c (for the marketing name, search the web for "GPU Device Id")
[2024.11.23-13.58.58:961][  0]LogWindows: EnumDisplayDevices:
[2024.11.23-13.58.58:961][  0]LogWindows:    0. 'AMD Radeon RX 7900 XTX' (P:1 D:1)
[2024.11.23-13.58.58:962][  0]LogWindows:    1. 'AMD Radeon RX 7900 XTX' (P:0 D:1)
[2024.11.23-13.58.58:963][  0]LogWindows:    2. 'AMD Radeon RX 7900 XTX' (P:0 D:0)
[2024.11.23-13.58.58:964][  0]LogWindows:    3. 'AMD Radeon RX 7900 XTX' (P:0 D:0)
[2024.11.23-13.58.58:965][  0]LogWindows:    4. 'AMD Radeon RX 7900 XTX' (P:0 D:0)
[2024.11.23-13.58.58:966][  0]LogWindows:    5. 'AMD Radeon(TM) Graphics' (P:0 D:0)
[2024.11.23-13.58.58:966][  0]LogWindows:    6. 'AMD Radeon(TM) Graphics' (P:0 D:0)
[2024.11.23-13.58.58:967][  0]LogWindows:    7. 'AMD Radeon(TM) Graphics' (P:0 D:0)
[2024.11.23-13.58.58:968][  0]LogWindows:    8. 'AMD Radeon(TM) Graphics' (P:0 D:0)
[2024.11.23-13.58.58:969][  0]LogWindows:    9. 'AMD Radeon(TM) Graphics' (P:0 D:0)
[2024.11.23-13.58.58:969][  0]LogWindows: DebugString: PrimaryIsNotTheChoosenAdapter PrimaryIsNotTheChoosenAdapter PrimaryIsNotTheChoosenAdapter PrimaryIsNotTheChoosenAdapter PrimaryIsNotTheChoosenAdapter FoundDriverCount:5 
[2024.11.23-13.58.58:970][  0]LogD3D11RHI:     Adapter Name: AMD Radeon RX 7900 XTX
[2024.11.23-13.58.58:970][  0]LogD3D11RHI:   Driver Version: AMD Software: Adrenalin Edition 24.9.1 (internal:32.0.12011.1036, unified:32.0.12011.1036)
[2024.11.23-13.58.58:970][  0]LogD3D11RHI:      Driver Date: 9-26-2024
[2024.11.23-13.58.58:970][  0]LogRHI: Texture pool is 16606 MB (70% of 23723 MB)
[2024.11.23-13.58.59:032][  0]LogD3D11RHI: Creating D3DDevice with AMD AGS, using adapter:
[2024.11.23-13.58.59:032][  0]LogD3D11RHI:     Description : AMD Radeon RX 7900 XTX
[2024.11.23-13.58.59:033][  0]LogD3D11RHI:     VendorId    : 1002
[2024.11.23-13.58.59:033][  0]LogD3D11RHI:     DeviceId    : 744c
[2024.11.23-13.58.59:033][  0]LogD3D11RHI:     SubSysId    : e3b1002
[2024.11.23-13.58.59:033][  0]LogD3D11RHI:     Revision    : 00c8
[2024.11.23-13.58.59:033][  0]LogD3D11RHI:     DedicatedVideoMemory : 25681567744 bytes
[2024.11.23-13.58.59:033][  0]LogD3D11RHI:     DedicatedSystemMemory : 0 bytes
[2024.11.23-13.58.59:033][  0]LogD3D11RHI:     SharedSystemMemory : 16728580096 bytes
[2024.11.23-13.58.59:033][  0]LogD3D11RHI:     AdapterLuid : 0 76150
[2024.11.23-13.58.59:119][  0]LogD3D11RHI: Created device via AGS, feature level 11_0, supported extensions 1fffffbf.
[2024.11.23-13.58.59:120][  0]LogD3D11RHI: RHI has support for 64 bit atomics
[2024.11.23-13.58.59:120][  0]LogD3D11RHI: Async texture creation enabled
[2024.11.23-13.58.59:120][  0]LogD3D11RHI: Array index from any shader is supported
[2024.11.23-13.58.59:130][  0]LogD3D11RHI: GPU Timing Frequency: 100.000000 (Debug: 2 1)
[2024.11.23-13.58.59:382][  0]LogTargetPlatformManager: Display: Loaded TargetPlatform 'AllDesktop'
[2024.11.23-13.58.59:404][  0]LogTargetPlatformManager: Display: Loaded TargetPlatform 'Android'
[2024.11.23-13.58.59:404][  0]LogTargetPlatformManager: Display: Loaded TargetPlatform 'Android_ASTC'
[2024.11.23-13.58.59:404][  0]LogTargetPlatformManager: Display: Loaded TargetPlatform 'Android_DXT'
[2024.11.23-13.58.59:404][  0]LogTargetPlatformManager: Display: Loaded TargetPlatform 'Android_ETC2'
[2024.11.23-13.58.59:404][  0]LogTargetPlatformManager: Display: Loaded TargetPlatform 'AndroidClient'
[2024.11.23-13.58.59:404][  0]LogTargetPlatformManager: Display: Loaded TargetPlatform 'Android_ASTCClient'
[2024.11.23-13.58.59:404][  0]LogTargetPlatformManager: Display: Loaded TargetPlatform 'Android_DXTClient'
[2024.11.23-13.58.59:404][  0]LogTargetPlatformManager: Display: Loaded TargetPlatform 'Android_ETC2Client'
[2024.11.23-13.58.59:405][  0]LogTargetPlatformManager: Display: Loaded TargetPlatform 'Android_Multi'
[2024.11.23-13.58.59:405][  0]LogTargetPlatformManager: Display: Loaded TargetPlatform 'Android_MultiClient'
[2024.11.23-13.58.59:437][  0]LogTargetPlatformManager: Display: Loaded TargetPlatform 'IOSClient'
[2024.11.23-13.58.59:437][  0]LogTargetPlatformManager: Display: Loaded TargetPlatform 'IOS'
[2024.11.23-13.58.59:450][  0]LogTargetPlatformManager: Display: Loaded TargetPlatform 'Linux'
[2024.11.23-13.58.59:458][  0]LogTargetPlatformManager: Display: Loaded TargetPlatform 'LinuxNoEditor'
[2024.11.23-13.58.59:468][  0]LogTargetPlatformManager: Display: Loaded TargetPlatform 'LinuxClient'
[2024.11.23-13.58.59:477][  0]LogTargetPlatformManager: Display: Loaded TargetPlatform 'LinuxServer'
[2024.11.23-13.58.59:489][  0]LogTargetPlatformManager: Display: Loaded TargetPlatform 'LinuxAArch64NoEditor'
[2024.11.23-13.58.59:498][  0]LogTargetPlatformManager: Display: Loaded TargetPlatform 'LinuxAArch64Client'
[2024.11.23-13.58.59:506][  0]LogTargetPlatformManager: Display: Loaded TargetPlatform 'LinuxAArch64Server'
[2024.11.23-13.58.59:528][  0]LogTargetPlatformManager: Display: Loaded TargetPlatform 'Lumin'
[2024.11.23-13.58.59:528][  0]LogTargetPlatformManager: Display: Loaded TargetPlatform 'LuminClient'
[2024.11.23-13.58.59:539][  0]LogTargetPlatformManager: Display: Loaded TargetPlatform 'MacNoEditor'
[2024.11.23-13.58.59:547][  0]LogTargetPlatformManager: Display: Loaded TargetPlatform 'Mac'
[2024.11.23-13.58.59:556][  0]LogTargetPlatformManager: Display: Loaded TargetPlatform 'MacClient'
[2024.11.23-13.58.59:566][  0]LogTargetPlatformManager: Display: Loaded TargetPlatform 'MacServer'
[2024.11.23-13.58.59:579][  0]LogTargetPlatformManager: Display: Loaded TargetPlatform 'TVOSClient'
[2024.11.23-13.58.59:579][  0]LogTargetPlatformManager: Display: Loaded TargetPlatform 'TVOS'
[2024.11.23-13.58.59:591][  0]LogTargetPlatformManager: Display: Loaded TargetPlatform 'WindowsNoEditor'
[2024.11.23-13.58.59:599][  0]LogTargetPlatformManager: Display: Loaded TargetPlatform 'Windows'
[2024.11.23-13.58.59:608][  0]LogTargetPlatformManager: Display: Loaded TargetPlatform 'WindowsClient'
[2024.11.23-13.58.59:617][  0]LogTargetPlatformManager: Display: Loaded TargetPlatform 'WindowsServer'
[2024.11.23-13.58.59:617][  0]LogTargetPlatformManager: Display: Building Assets For Windows
[2024.11.23-13.58.59:647][  0]LogAudioDebug: Display: Lib vorbis DLL was dynamically loaded.
[2024.11.23-13.58.59:748][  0]LogTextureFormatOodle: Display: Oodle Texture 2.9.0 init RDO Off
[2024.11.23-13.58.59:838][  0]LogRendererCore: Ray tracing is disabled. Reason: r.RayTracing=0.
[2024.11.23-13.58.59:838][  0]LogShaderCompilers: Guid format shader working directory is -19 characters bigger than the processId version (../../../../../Users/nanim/GitHub/NewNewInsectHeaven/InsectHeaven/Intermediate/Shaders/WorkingDirectory/9896/).
[2024.11.23-13.58.59:839][  0]LogShaderCompilers: Cleaned the shader compiler working directory 'C:/Users/nanim/AppData/Local/Temp/UnrealShaderWorkingDir/EDC2834F4321338EA3008DAC4F77BC08/'.
[2024.11.23-13.58.59:839][  0]LogXGEController: Cannot use XGE Controller as Incredibuild is not installed on this machine.
[2024.11.23-13.58.59:839][  0]LogShaderCompilers: Cannot use XGE Shader Compiler as Incredibuild is not installed on this machine.
[2024.11.23-13.58.59:839][  0]LogShaderCompilers: Display: Using Local Shader Compiler.
[2024.11.23-13.59.00:291][  0]LogDerivedDataCache: Display: Max Cache Size: 512 MB
[2024.11.23-13.59.00:328][  0]LogDerivedDataCache: Loaded boot cache 0.04s 94MB C:/Users/nanim/AppData/Local/UnrealEngine/4.27/DerivedDataCache/Boot.ddc.
[2024.11.23-13.59.00:329][  0]LogDerivedDataCache: Display: Loaded Boot cache: C:/Users/nanim/AppData/Local/UnrealEngine/4.27/DerivedDataCache/Boot.ddc
[2024.11.23-13.59.00:329][  0]LogDerivedDataCache: FDerivedDataBackendGraph:  Pak pak cache file ../../../../../Users/nanim/GitHub/NewNewInsectHeaven/InsectHeaven/DerivedDataCache/DDC.ddp not found, will not use a pak cache.
[2024.11.23-13.59.00:329][  0]LogDerivedDataCache: Unable to find inner node Pak for hierarchical cache Hierarchy.
[2024.11.23-13.59.00:329][  0]LogDerivedDataCache: FDerivedDataBackendGraph:  CompressedPak pak cache file ../../../../../Users/nanim/GitHub/NewNewInsectHeaven/InsectHeaven/DerivedDataCache/Compressed.ddp not found, will not use a pak cache.
[2024.11.23-13.59.00:329][  0]LogDerivedDataCache: Unable to find inner node CompressedPak for hierarchical cache Hierarchy.
[2024.11.23-13.59.00:341][  0]LogDerivedDataCache: Display: Pak cache opened for reading ../../../Engine/DerivedDataCache/Compressed.ddp.
[2024.11.23-13.59.00:341][  0]LogDerivedDataCache: FDerivedDataBackendGraph:  EnterprisePak pak cache file ../../../Enterprise/DerivedDataCache/Compressed.ddp not found, will not use a pak cache.
[2024.11.23-13.59.00:341][  0]LogDerivedDataCache: Unable to find inner node EnterprisePak for hierarchical cache Hierarchy.
[2024.11.23-13.59.00:350][  0]LogDerivedDataCache: Speed tests for C:/Users/nanim/AppData/Local/UnrealEngine/Common/DerivedDataCache took 0.01 seconds
[2024.11.23-13.59.00:350][  0]LogDerivedDataCache: Display: Performance to C:/Users/nanim/AppData/Local/UnrealEngine/Common/DerivedDataCache: Latency=0.04ms. RandomReadSpeed=754.37MBs, RandomWriteSpeed=138.36MBs. Assigned SpeedClass 'Local'
[2024.11.23-13.59.00:351][  0]LogDerivedDataCache: Using Local data cache path C:/Users/nanim/AppData/Local/UnrealEngine/Common/DerivedDataCache: Writable
[2024.11.23-13.59.00:351][  0]LogDerivedDataCache: Shared data cache path not found in *engine.ini, will not use an Shared cache.
[2024.11.23-13.59.00:351][  0]LogDerivedDataCache: Unable to find inner node Shared for hierarchical cache Hierarchy.
[2024.11.23-13.59.00:376][  0]LogSlate: Using FreeType 2.10.0
[2024.11.23-13.59.00:376][  0]LogSlate: SlateFontServices - WITH_FREETYPE: 1, WITH_HARFBUZZ: 1
[2024.11.23-13.59.00:398][  0]LogAssetRegistry: FAssetRegistry took 0.0022 seconds to start up
[2024.11.23-13.59.00:548][  0]LogInit: Selected Device Profile: [Windows]
[2024.11.23-13.59.00:548][  0]LogInit: Active device profile: [000001CF9B10C700][000001CF9956CAC0 49] Windows
[2024.11.23-13.59.00:548][  0]LogInit: Profiles: [000001CF9B10C700][000001CF9956CAC0 49] Windows, [000001CF9B0C7700][000001CF9B75EC40 49] WindowsNoEditor, [000001CF9B10F300][000001CF9B762DC0 49] WindowsServer, [000001CF9B0C4F00][000001CF9B766F40 49] WindowsClient, [000001CF9B10F500][000001CF9B76B0C0 49] IOS, [000001CF9B0C3F00][000001CF9B76F240 49] iPadAir, [000001CF9B0C7B00][000001CF9B7733C0 49] iPadAir2, [000001CF9B074500][000001CF9B77B680 49] IPadPro, [000001CF9B074600][000001CF9B7776C0 49] iPadAir3, [000001CF9B0C0100][000001CF95A4B840 49] iPadAir4, [000001CF9B076C00][000001CF95A4F9C0 49] iPadMini2, [000001CF9B0C2500][000001CF95A53B40 49] iPadMini3, [000001CF9B077400][000001CF95A56140 49] iPadMini4, [000001CF9B0C0F00][000001CF95A5A2C0 49] iPadMini5, [000001CF9B073E00][000001CF95A62580 49] iPhone6, [000001CF9B073F00][000001CF95A5E5C0 49] iPodTouch6, [000001CF9B10F900][000001CF99568840 49] iPhone7, [000001CF9B10E100][000001CF95A66880 49] iPodTouch7, [000001CF9B070400][000001CF95A6A9C0 49] iPhone5S, [000001CF9B077D00][000001CF95A6EB00 49] iPhone6Plus, [000001CF9B10F400][000001CF95A76C80 49] iPhone6S, [000001CF9B076000][000001CF95A7AE00 49] iPhone6SPlus, [000001CF9B10C900][000001CF95A7EF80 49] iPhone7Plus, [000001CF9B074E00][000001CF992E5100 49] iPhoneSE, [000001CF9B10F100][000001CF992E9280 49] iPhone8, [000001CF9B076400][000001CF992ED400 49] iPhone8Plus, [000001CF9B10FA00][000001CF992F1580 49] iPhoneX, [000001CF9B077E00][000001CF992F5700 49] iPhoneXS, [000001CF9B10D500][000001CF992F9880 49] iPhoneXSMax, [000001CF9B076500][000001CF992FDA00 49] iPhoneXR, [000001CF9B10EA00][000001CF99301B80 49] iPhone11, [000001CF9B077A00][000001CF99304180 49] iPhone11Pro, [000001CF9B10CF00][000001CF99308300 49] iPhone11ProMax, [000001CF9B076300][000001CF9930C480 49] iPhoneSE2, [000001CF9B10D700][000001CF99310600 49] iPhone12Mini, [000001CF9B074700][000001CF99314780 49] iPhone12, [000001CF9B10C300][000001CF99318900 49] iPhone12Pro, [000001CF9B077500][000001CF95A72A40 49] iPhone12ProMax, [000001CF9B10CB00][000001CF9931CB80 49] iPadPro105, [000001CF9B075B00][000001CF99320CC0 49] iPadPro129, [000001CF9B10C200][000001CF992CEE40 49] iPadPro97, [000001CF9B076100][000001CF992D2FC0 49] iPadPro2_129, [000001CF9B10CD00][000001CF992DB140 49] iPad5, [000001CF9B077000][000001CF935B12C0 49] iPad6, [000001CF9B10EC00][000001CF937FB440 49] iPad7, [000001CF9B076E00][000001CF937FF5C0 49] iPad8, [000001CF9B10D900][000001CF93803740 49] iPadPro11, [000001CF9B077F00][000001CF9B9518C0 49] iPadPro2_11, [000001CF9B10D600][000001CF9B961A40 49] iPadPro3_129, [000001CF9B076700][000001CF9B969BC0 49] iPadPro4_129, [000001CF9B10E600][000001CF9B9781C0 49] AppleTV, [000001CF9B076B00][000001CF9B97C340 49] AppleTV4K, [000001CF9B10DB00][000001CF95B2E4C0 49] TVOS, [000001CF9B074900][000001CF95B36640 49] Mac, [000001CF9B10E700][000001CF95B667C0 49] MacClient, [000001CF9B076F00][000001CF95B6A940 49] MacNoEditor, [000001CF9B10FB00][000001CF992AEAC0 49] MacServer, [000001CF9B074400][000001CF99328C00 49] Linux, [000001CF9B10EE00][000001CF93876D40 49] LinuxAArch64, [000001CF9B075500][000001CF9387AE80 49] LinuxNoEditor, [000001CF9B10EB00][000001CF8F680FC0 49] LinuxAArch64NoEditor, [000001CF9B077600][000001CF8F689140 49] LinuxClient, [000001CF9B10ED00][000001CF95B3B2C0 49] LinuxAArch64Client, [000001CF9B074B00][000001CF992B3440 49] LinuxServer, [000001CF9B10C400][000001CF992B75C0 49] LinuxAArch64Server, [000001CF9B077C00][000001CF992BF740 49] Android, [000001CF9B0C3A00][000001CF992C38C0 49] Android_Low, [000001CF9B071B00][000001CF992C7A40 49] Android_Mid, [000001CF9B0C3000][000001CF992CBBC0 49] Android_High, [000001CF9B072300][000001CF9356A1C0 49] Android_Default, [000001CF9B0C2000][000001CF9356E340 49] Android_Adreno4xx, [000001CF9B070100][000001CF935724C0 49] Android_Adreno5xx_Low, [000001CF9B0C0B00][000001CF9357A640 49] Android_Adreno5xx, [000001CF9B071800][000001CF9357E7C0 49] Android_Adreno6xx, [000001CF9B0C1100][000001CF93582940 49] Android_Adreno6xx_Vulkan, [000001CF9B070800][000001CF93586AC0 49] Android_Mali_T6xx, [000001CF9B0C3600][000001CF9358AC40 49] Android_Mali_T7xx, [000001CF9B070D00][000001CF8F684D80 49] Android_Mali_T8xx, [000001CF9B0C3C00][000001CF9358EEC0 49] Android_Mali_G71, [000001CF9B071500][000001CF93593000 49] Android_Mali_G72, [000001CF9B0C3E00][000001CF93597140 49] Android_Mali_G72_Vulkan, [000001CF9B073D00][000001CF9359F2C0 49] Android_Mali_G76, [000001CF9B0C3900][000001CF935A3440 49] Android_Mali_G76_Vulkan, [000001CF9B073600][000001CF9B94D5C0 49] Android_Mali_G77, [000001CF9B0C2200][000001CF935A7740 49] Android_Mali_G77_Vulkan, [000001CF9B073800][000001CF938538C0 49] Android_Mali_G78, [000001CF9B0C0A00][000001CF8F613A40 49] Android_Mali_G78_Vulkan, [000001CF9B073400][000001CF8F617BC0 49] Android_Mali_G710, [000001CF9B0C1400][000001CF8F61A1C0 49] Android_Mali_G710_Vulkan, [000001CF9B070600][000001CF8F65C340 49] Android_Vulkan_SM5, [000001CF9B0C2400][000001CF8F6644C0 49] Android_PowerVR_G6xxx, [000001CF9B070E00][000001CF8F668640 49] Android_PowerVR_GT7xxx, [000001CF9B0C0200][000001CF8F66C7C0 49] Android_PowerVR_GE8xxx, [000001CF9B070700][000001CF8F670940 49] Android_PowerVR_GM9xxx, [000001CF9B0C2100][000001CF8F674AC0 49] Android_PowerVR_GM9xxx_Vulkan, [000001CF9B076600][000001CF8F61EC40 49] Android_TegraK1, [000001CF9B0C2A00][000001CF8F660DC0 49] Android_Unknown_Vulkan, [000001CF9B075400][000001CF8F678F40 49] Lumin, [000001CF9B0C1300][000001CF9359B080 49] Lumin_Desktop, [000001CF9B074C00][000001CF8F67D1C0 49] HoloLens, 
[2024.11.23-13.59.00:689][  0]LogMeshReduction: Using QuadricMeshReduction for automatic static mesh reduction
[2024.11.23-13.59.00:689][  0]LogMeshReduction: Using SimplygonMeshReduction for automatic skeletal mesh reduction
[2024.11.23-13.59.00:689][  0]LogMeshReduction: Using ProxyLODMeshReduction for automatic mesh merging
[2024.11.23-13.59.00:689][  0]LogMeshReduction: No distributed automatic mesh merging module available
[2024.11.23-13.59.00:689][  0]LogMeshMerging: No distributed automatic mesh merging module available
[2024.11.23-13.59.00:708][  0]LogNetVersion: InsectHeaven 1.0.0, NetCL: 17155196, EngineNetVer: 17, GameNetVer: 0 (Checksum: 3375795940)
[2024.11.23-13.59.00:948][  0]LogTexture: Default maximum texture size for cubemaps generated from long-lat sources has been changed from 512 to unlimited. In order to preserve old behaiour for '/Engine/MapTemplates/Sky/DaylightAmbientCubemap.DaylightAmbientCubemap', its maximum texture size has been explicitly set to 512.
[2024.11.23-13.59.00:982][  0]LogHMD: PokeAHoleMaterial loaded successfully
[2024.11.23-13.59.00:987][  0]LogUObjectArray: 17178 objects as part of root set at end of initial load.
[2024.11.23-13.59.00:987][  0]LogUObjectAllocator: 4302048 out of 0 bytes used by permanent object pool.
[2024.11.23-13.59.00:987][  0]LogUObjectArray: CloseDisregardForGC: 0/0 objects in disregard for GC pool
[2024.11.23-13.59.01:603][  0]LogNiagaraDebuggerClient: Niagara Debugger Client Initialized | Session: AA1BE61B4EE7E957C54195A2AD83FFFC | Instance: 6740DF52441C673A8066A5ACAFCA67D5 (DESKTOP-NS5ONMH-9896).
[2024.11.23-13.59.01:712][  0]LogPython: Using Python 3.7.7
[2024.11.23-13.59.04:234][  0]LogTcpMessaging: Initializing TcpMessaging bridge
[2024.11.23-13.59.04:244][  0]LogUdpMessaging: Initializing bridge on interface 0.0.0.0:0 to multicast group 230.0.0.1:6666.
[2024.11.23-13.59.06:604][  0]SourceControl: 소스 컨트롤이 꺼졌습니다.
[2024.11.23-13.59.06:604][  0]SourceControl: 소스 컨트롤이 꺼졌습니다.
[2024.11.23-13.59.06:622][  0]SourceControl: 소스 컨트롤이 꺼졌습니다.
[2024.11.23-13.59.06:640][  0]SourceControl: 소스 컨트롤이 꺼졌습니다.
[2024.11.23-13.59.06:669][  0]SourceControl: 소스 컨트롤이 꺼졌습니다.
[2024.11.23-13.59.06:678][  0]LogUProjectInfo: Found projects:
[2024.11.23-13.59.07:172][  0]LogOpenImageDenoise: OIDN starting up
[2024.11.23-13.59.07:303][  0]LogAndroidPermission: UAndroidPermissionCallbackProxy::GetInstance
[2024.11.23-13.59.07:359][  0]LogAudioCaptureCore: Display: No Audio Capture implementations found. Audio input will be silent.
[2024.11.23-13.59.07:359][  0]LogAudioCaptureCore: Display: No Audio Capture implementations found. Audio input will be silent.
[2024.11.23-13.59.07:595][  0]LogCollectionManager: Loaded 0 collections in 0.001385 seconds
[2024.11.23-13.59.07:867][  0]LogFileCache: Scanning file cache for directory 'C:/Users/nanim/GitHub/NewNewInsectHeaven/InsectHeaven/Saved/Collections/' took 0.00s
[2024.11.23-13.59.07:867][  0]LogFileCache: Scanning file cache for directory 'C:/Users/nanim/GitHub/NewNewInsectHeaven/InsectHeaven/Content/Developers/nanim/Collections/' took 0.00s
[2024.11.23-13.59.07:867][  0]LogFileCache: Scanning file cache for directory 'C:/Users/nanim/GitHub/NewNewInsectHeaven/InsectHeaven/Content/Collections/' took 0.00s
[2024.11.23-13.59.07:867][  0]LogOcInput: OculusInput pre-init called
[2024.11.23-13.59.08:072][  0]LogClass: Display: IntProperty FCharacter_2D::Name is not initialized properly. Module:InsectHeaven File:Table/DataStruct/Character_2D.h
[2024.11.23-13.59.08:072][  0]LogClass: Display: IntProperty FCharacter_2D::ImageID is not initialized properly. Module:InsectHeaven File:Table/DataStruct/Character_2D.h
[2024.11.23-13.59.08:073][  0]LogClass: Warning: ObjectProperty FDialogueClip::formerAction is not initialized properly. Module:InsectHeaven File:Library/Dialogue/DialogueEditToolWidget.h
[2024.11.23-13.59.08:073][  0]LogClass: Warning: ObjectProperty FDialogueClip::nowAction is not initialized properly. Module:InsectHeaven File:Library/Dialogue/DialogueEditToolWidget.h
[2024.11.23-13.59.08:073][  0]LogClass: Display: IntProperty FResource_Widget::PathFile is not initialized properly. Module:InsectHeaven File:Table/DataStruct/Resource_Widget.h
[2024.11.23-13.59.08:073][  0]LogClass: Display: IntProperty FScript_Local::Test is not initialized properly. Module:InsectHeaven File:Table/DataStruct/Script_Local.h
[2024.11.23-13.59.08:074][  0]LogClass: Display: 6 Uninitialized script struct members found including 2 object properties
[2024.11.23-13.59.08:074][  0]LogAutomationTest: Warning: ObjectProperty FDialogueClip::formerAction is not initialized properly. Module:InsectHeaven File:Library/Dialogue/DialogueEditToolWidget.h
[2024.11.23-13.59.08:074][  0]LogAutomationTest: Warning: ObjectProperty FDialogueClip::nowAction is not initialized properly. Module:InsectHeaven File:Library/Dialogue/DialogueEditToolWidget.h
[2024.11.23-13.59.08:075][  0]LogEngine: Initializing Engine...
[2024.11.23-13.59.08:083][  0]LogHMD: Failed to enumerate extensions. Please check that you have a valid OpenXR runtime installed.
[2024.11.23-13.59.08:083][  0]LogHMD: Failed to initialize OpenVR with code 110
[2024.11.23-13.59.08:084][  0]LogMagicLeap: Warning: VR disabled because ZI is not enabled.  To enable, in the editor, Edit -> Project Settings -> Plugins -> Magic Leap Plugin -> Enable Zero Iteration
[2024.11.23-13.59.08:084][  0]LogStats: UGameplayTagsManager::InitializeManager -  0.000 s
[2024.11.23-13.59.08:171][  0]LogInit: Initializing FReadOnlyCVARCache
[2024.11.23-13.59.08:185][  0]LogAIModule: Creating AISystem for world Untitled
[2024.11.23-13.59.08:186][  0]LogAudio: Display: Initializing Audio Device Manager...
[2024.11.23-13.59.08:195][  0]LogAudio: Display: Loading Default Audio Settings Objects...
[2024.11.23-13.59.08:196][  0]LogAudio: Display: No default SoundConcurrencyObject specified (or failed to load).
[2024.11.23-13.59.08:196][  0]LogAudio: Display: Audio Device Manager Initialized
[2024.11.23-13.59.08:196][  0]LogAudio: Display: Creating Audio Device:                 Id: 1, Scope: Shared, Realtime: True
[2024.11.23-13.59.08:196][  0]LogAudioMixer: Display: Audio Mixer Platform Settings:
[2024.11.23-13.59.08:196][  0]LogAudioMixer: Display: 	Sample Rate:						  48000
[2024.11.23-13.59.08:197][  0]LogAudioMixer: Display: 	Callback Buffer Frame Size Requested: 1024
[2024.11.23-13.59.08:197][  0]LogAudioMixer: Display: 	Callback Buffer Frame Size To Use:	  1024
[2024.11.23-13.59.08:197][  0]LogAudioMixer: Display: 	Number of buffers to queue:			  2
[2024.11.23-13.59.08:197][  0]LogAudioMixer: Display: 	Max Channels (voices):				  32
[2024.11.23-13.59.08:197][  0]LogAudioMixer: Display: 	Number of Async Source Workers:		  0
[2024.11.23-13.59.08:197][  0]LogAudio: Display: AudioDevice MaxSources: 32
[2024.11.23-13.59.08:198][  0]LogAudio: Display: Audio Spatialization Plugin: None (built-in).
[2024.11.23-13.59.08:198][  0]LogAudio: Display: Audio Reverb Plugin: None (built-in).
[2024.11.23-13.59.08:198][  0]LogAudio: Display: Audio Occlusion Plugin: None (built-in).
[2024.11.23-13.59.08:198][  0]LogAudioMixer: Display: Initializing audio mixer.
[2024.11.23-13.59.08:237][  0]LogAudioMixer: Display: 0: FrontLeft
[2024.11.23-13.59.08:237][  0]LogAudioMixer: Display: 1: FrontRight
[2024.11.23-13.59.08:283][  0]LogAudioMixer: Display: Using Audio Device 스피커(ABKO N550)
[2024.11.23-13.59.08:284][  0]LogAudioMixer: Display: Initializing Sound Submixes...
[2024.11.23-13.59.08:286][  0]LogAudioMixer: Display: Creating Master Submix 'MasterSubmixDefault'
[2024.11.23-13.59.08:286][  0]LogAudioMixer: Display: Creating Master Submix 'MasterReverbSubmixDefault'
[2024.11.23-13.59.08:287][  0]LogAudioMixer: Display: Creating Master Submix 'MasterEQSubmixDefault'
[2024.11.23-13.59.08:287][  0]LogAudioMixer: FMixerPlatformXAudio2::StartAudioStream() called
[2024.11.23-13.59.08:287][  0]LogAudioMixer: Display: Output buffers initialized: Frames=1024, Channels=2, Samples=2048
[2024.11.23-13.59.08:288][  0]LogAudioMixer: Display: Starting AudioMixerPlatformInterface::RunInternal()
[2024.11.23-13.59.08:288][  0]LogAudioMixer: Display: FMixerPlatformXAudio2::SubmitBuffer() called for the first time
[2024.11.23-13.59.08:288][  0]LogInit: FAudioDevice initialized.
[2024.11.23-13.59.08:288][  0]LogAudio: Display: Audio Device (ID: 1) registered with world 'Untitled'.
[2024.11.23-13.59.08:289][  0]LogNetVersion: Set ProjectVersion to 1.0.0.0. Version Checksum will be recalculated on next use.
[2024.11.23-13.59.08:486][  0]LogDerivedDataCache: Saved boot cache 0.20s 94MB C:/Users/nanim/AppData/Local/UnrealEngine/4.27/DerivedDataCache/Boot.ddc.
[2024.11.23-13.59.08:486][  0]LogInit: Texture streaming: Enabled
[2024.11.23-13.59.08:516][  0]LogAnalytics: Display: [UEEditor.Rocket.Release] APIServer = https://datarouter.ol.epicgames.com/. AppVersion = 4.27.2-18319896+++UE4+Release-4.27
[2024.11.23-13.59.08:530][  0]LogEngineSessionManager: EngineSessionManager initialized
[2024.11.23-13.59.08:530][  0]LogEngineSessionManager: EngineSessionManager sent abnormal shutdown report. Type=Debugger, SessionId={32928E74-473A-C068-7F1B-889382F8A5A0}
[2024.11.23-13.59.08:530][  0]LogEditorSessionSummary: Verbose: Initializing EditorSessionSummaryWriter for editor session tracking
[2024.11.23-13.59.08:534][  0]LogEditorSessionSummary: EditorSessionSummaryWriter initialized
[2024.11.23-13.59.08:568][  0]LogInit: Transaction tracking system initialized
[2024.11.23-13.59.08:622][  0]BlueprintLog: New page: 에디터 로드
[2024.11.23-13.59.08:758][  0]LocalizationService: 현지화 서비스가 비활성화되었습니다.
[2024.11.23-13.59.08:821][  0]TimingProfiler: Initialize
[2024.11.23-13.59.08:821][  0]TimingProfiler: OnSessionChanged
[2024.11.23-13.59.08:821][  0]LoadingProfiler: Initialize
[2024.11.23-13.59.08:822][  0]LoadingProfiler: OnSessionChanged
[2024.11.23-13.59.08:822][  0]NetworkingProfiler: Initialize
[2024.11.23-13.59.08:822][  0]NetworkingProfiler: OnSessionChanged
[2024.11.23-13.59.08:822][  0]MemoryProfiler: Initialize
[2024.11.23-13.59.08:822][  0]MemoryProfiler: OnSessionChanged
[2024.11.23-13.59.09:001][  0]LogCook: Display: CookSettings for Memory: MemoryMaxUsedVirtual 0MiB, MemoryMaxUsedPhysical 16384MiB, MemoryMinFreeVirtual 0MiB, MemoryMinFreePhysical 1024MiB
[2024.11.23-13.59.09:001][  0]LogCook: Display: Mobile HDR setting 1
[2024.11.23-13.59.10:101][  0]LogFileCache: Scanning file cache for directory 'C:/Users/nanim/GitHub/NewNewInsectHeaven/InsectHeaven/Content/' took 0.01s
[2024.11.23-13.59.10:303][  0]LogInit: Display: Engine is initialized. Leaving FEngineLoop::Init()
[2024.11.23-13.59.10:308][  0]SourceControl: 소스 컨트롤이 꺼졌습니다.
[2024.11.23-13.59.10:308][  0]LogUnrealEdMisc: Loading editor; pre map load, took 13.939
[2024.11.23-13.59.10:308][  0]Cmd: MAP LOAD FILE="../../../../../Users/nanim/GitHub/NewNewInsectHeaven/InsectHeaven/Content/Scene/EmptyMainLevel.umap" TEMPLATE=0 SHOWPROGRESS=1 FEATURELEVEL=3
[2024.11.23-13.59.10:309][  0]LightingResults: New page: 라이팅 빌드
[2024.11.23-13.59.10:310][  0]LogWorld: UWorld::CleanupWorld for Untitled, bSessionEnded=true, bCleanupResources=true
[2024.11.23-13.59.10:310][  0]LogSlate: InvalidateAllWidgets triggered.  All widgets were invalidated
[2024.11.23-13.59.10:310][  0]MapCheck: New page: 맵 체크
[2024.11.23-13.59.10:310][  0]LightingResults: New page: 라이팅 빌드
[2024.11.23-13.59.10:319][  0]LogAudio: Display: Audio Device unregistered from world 'None'.
[2024.11.23-13.59.10:321][  0]LogUObjectHash: Compacting FUObjectHashTables data took   0.49ms
[2024.11.23-13.59.10:325][  0]LogAudio: Display: Audio Device (ID: 1) registered with world 'EmptyMainLevel'.
[2024.11.23-13.59.10:326][  0]LogAIModule: Creating AISystem for world EmptyMainLevel
[2024.11.23-13.59.10:326][  0]LogEditorServer: Finished looking for orphan Actors (0.000 secs)
[2024.11.23-13.59.10:329][  0]LogUObjectHash: Compacting FUObjectHashTables data took   0.38ms
[2024.11.23-13.59.10:330][  0]Cmd: MAP CHECKDEP NOCLEARLOG
[2024.11.23-13.59.10:330][  0]MapCheck: 맵 체크 완료: 오류 0 회, 경고 0 회, 소요 시간 0.21ms.
[2024.11.23-13.59.10:330][  0]LogFileHelpers: Loading map 'EmptyMainLevel' took 0.022
[2024.11.23-13.59.10:336][  0]LogUnrealEdMisc: Total Editor Startup Time, took 13.966
[2024.11.23-13.59.10:460][  0]LogSlate: Updating window title bar state: overlay mode, drag disabled, window buttons hidden, title bar hidden
[2024.11.23-13.59.10:463][  0]LogSlate: Updating window title bar state: overlay mode, drag disabled, window buttons hidden, title bar hidden
[2024.11.23-13.59.10:466][  0]LogSlate: Updating window title bar state: overlay mode, drag disabled, window buttons hidden, title bar hidden
[2024.11.23-13.59.10:469][  0]LogSlate: Updating window title bar state: overlay mode, drag disabled, window buttons hidden, title bar hidden
[2024.11.23-13.59.10:480][  0]LogNativeClassHierarchy: Verbose: Native class hierarchy populated in 0.0062 seconds. Added 3872 classes and 945 folders.
[2024.11.23-13.59.10:481][  0]LogNativeClassHierarchy: Verbose: Native class hierarchy updated for 'WidgetCarousel' in 0.0002 seconds. Added 0 classes and 0 folders.
[2024.11.23-13.59.10:483][  0]LogPakFile: PakFile PrimaryIndexSize=187
[2024.11.23-13.59.10:483][  0]LogPakFile: PakFile PathHashIndexSize=101
[2024.11.23-13.59.10:483][  0]LogPakFile: PakFile FullDirectoryIndexSize=148
[2024.11.23-13.59.10:483][  0]LogShaderLibrary: Display: ShaderCodeLibraryPakFileMountedCallback: PakFile 'C:/Program Files/UE_4.27/FeaturePacks/FP_FirstPerson.upack' (chunk index -1, root 'root:/') mounted
[2024.11.23-13.59.10:483][  0]LogShaderLibrary: Display: ShaderCodeLibraryPakFileMountedCallback: pending pak file info (ChunkID:-1 Root:root:/ File:C:/Program Files/UE_4.27/FeaturePacks/FP_FirstPerson.upack)
[2024.11.23-13.59.10:483][  0]LogPakFile: OnPakFileMounted2Time == 0.000296
[2024.11.23-13.59.10:484][  0]LogPakFile: PakFile PrimaryIndexSize=189
[2024.11.23-13.59.10:484][  0]LogPakFile: PakFile PathHashIndexSize=101
[2024.11.23-13.59.10:484][  0]LogPakFile: PakFile FullDirectoryIndexSize=152
[2024.11.23-13.59.10:484][  0]LogShaderLibrary: Display: ShaderCodeLibraryPakFileMountedCallback: PakFile 'C:/Program Files/UE_4.27/FeaturePacks/FP_FirstPersonBP.upack' (chunk index -1, root 'root:/') mounted
[2024.11.23-13.59.10:485][  0]LogShaderLibrary: Display: ShaderCodeLibraryPakFileMountedCallback: pending pak file info (ChunkID:-1 Root:root:/ File:C:/Program Files/UE_4.27/FeaturePacks/FP_FirstPersonBP.upack)
[2024.11.23-13.59.10:485][  0]LogPakFile: OnPakFileMounted2Time == 0.000236
[2024.11.23-13.59.10:485][  0]LogPakFile: PakFile PrimaryIndexSize=191
[2024.11.23-13.59.10:485][  0]LogPakFile: PakFile PathHashIndexSize=101
[2024.11.23-13.59.10:486][  0]LogPakFile: PakFile FullDirectoryIndexSize=160
[2024.11.23-13.59.10:486][  0]LogShaderLibrary: Display: ShaderCodeLibraryPakFileMountedCallback: PakFile 'C:/Program Files/UE_4.27/FeaturePacks/MobileStarterContent.upack' (chunk index -1, root 'root:/') mounted
[2024.11.23-13.59.10:486][  0]LogShaderLibrary: Display: ShaderCodeLibraryPakFileMountedCallback: pending pak file info (ChunkID:-1 Root:root:/ File:C:/Program Files/UE_4.27/FeaturePacks/MobileStarterContent.upack)
[2024.11.23-13.59.10:486][  0]LogPakFile: OnPakFileMounted2Time == 0.000309
[2024.11.23-13.59.10:487][  0]LogPakFile: PakFile PrimaryIndexSize=185
[2024.11.23-13.59.10:487][  0]LogPakFile: PakFile PathHashIndexSize=101
[2024.11.23-13.59.10:487][  0]LogPakFile: PakFile FullDirectoryIndexSize=148
[2024.11.23-13.59.10:487][  0]LogShaderLibrary: Display: ShaderCodeLibraryPakFileMountedCallback: PakFile 'C:/Program Files/UE_4.27/FeaturePacks/StarterContent.upack' (chunk index -1, root 'root:/') mounted
[2024.11.23-13.59.10:487][  0]LogShaderLibrary: Display: ShaderCodeLibraryPakFileMountedCallback: pending pak file info (ChunkID:-1 Root:root:/ File:C:/Program Files/UE_4.27/FeaturePacks/StarterContent.upack)
[2024.11.23-13.59.10:487][  0]LogPakFile: OnPakFileMounted2Time == 0.000292
[2024.11.23-13.59.10:488][  0]LogPakFile: PakFile PrimaryIndexSize=190
[2024.11.23-13.59.10:488][  0]LogPakFile: PakFile PathHashIndexSize=101
[2024.11.23-13.59.10:488][  0]LogPakFile: PakFile FullDirectoryIndexSize=154
[2024.11.23-13.59.10:488][  0]LogShaderLibrary: Display: ShaderCodeLibraryPakFileMountedCallback: PakFile 'C:/Program Files/UE_4.27/FeaturePacks/TP_2DSideScroller.upack' (chunk index -1, root 'root:/') mounted
[2024.11.23-13.59.10:488][  0]LogShaderLibrary: Display: ShaderCodeLibraryPakFileMountedCallback: pending pak file info (ChunkID:-1 Root:root:/ File:C:/Program Files/UE_4.27/FeaturePacks/TP_2DSideScroller.upack)
[2024.11.23-13.59.10:488][  0]LogPakFile: OnPakFileMounted2Time == 0.000235
[2024.11.23-13.59.10:536][  0]LogPakFile: PakFile PrimaryIndexSize=192
[2024.11.23-13.59.10:536][  0]LogPakFile: PakFile PathHashIndexSize=101
[2024.11.23-13.59.10:536][  0]LogPakFile: PakFile FullDirectoryIndexSize=158
[2024.11.23-13.59.10:536][  0]LogShaderLibrary: Display: ShaderCodeLibraryPakFileMountedCallback: PakFile 'C:/Program Files/UE_4.27/FeaturePacks/TP_2DSideScrollerBP.upack' (chunk index -1, root 'root:/') mounted
[2024.11.23-13.59.10:536][  0]LogShaderLibrary: Display: ShaderCodeLibraryPakFileMountedCallback: pending pak file info (ChunkID:-1 Root:root:/ File:C:/Program Files/UE_4.27/FeaturePacks/TP_2DSideScrollerBP.upack)
[2024.11.23-13.59.10:536][  0]LogPakFile: OnPakFileMounted2Time == 0.000408
[2024.11.23-13.59.10:537][  0]LogPakFile: PakFile PrimaryIndexSize=182
[2024.11.23-13.59.10:538][  0]LogPakFile: PakFile PathHashIndexSize=101
[2024.11.23-13.59.10:538][  0]LogPakFile: PakFile FullDirectoryIndexSize=138
[2024.11.23-13.59.10:538][  0]LogShaderLibrary: Display: ShaderCodeLibraryPakFileMountedCallback: PakFile 'C:/Program Files/UE_4.27/FeaturePacks/TP_Flying.upack' (chunk index -1, root 'root:/') mounted
[2024.11.23-13.59.10:538][  0]LogShaderLibrary: Display: ShaderCodeLibraryPakFileMountedCallback: pending pak file info (ChunkID:-1 Root:root:/ File:C:/Program Files/UE_4.27/FeaturePacks/TP_Flying.upack)
[2024.11.23-13.59.10:538][  0]LogPakFile: OnPakFileMounted2Time == 0.000348
[2024.11.23-13.59.10:539][  0]LogPakFile: PakFile PrimaryIndexSize=184
[2024.11.23-13.59.10:539][  0]LogPakFile: PakFile PathHashIndexSize=101
[2024.11.23-13.59.10:539][  0]LogPakFile: PakFile FullDirectoryIndexSize=142
[2024.11.23-13.59.10:539][  0]LogShaderLibrary: Display: ShaderCodeLibraryPakFileMountedCallback: PakFile 'C:/Program Files/UE_4.27/FeaturePacks/TP_FlyingBP.upack' (chunk index -1, root 'root:/') mounted
[2024.11.23-13.59.10:539][  0]LogShaderLibrary: Display: ShaderCodeLibraryPakFileMountedCallback: pending pak file info (ChunkID:-1 Root:root:/ File:C:/Program Files/UE_4.27/FeaturePacks/TP_FlyingBP.upack)
[2024.11.23-13.59.10:540][  0]LogPakFile: OnPakFileMounted2Time == 0.000340
[2024.11.23-13.59.10:541][  0]LogPakFile: PakFile PrimaryIndexSize=188
[2024.11.23-13.59.10:541][  0]LogPakFile: PakFile PathHashIndexSize=101
[2024.11.23-13.59.10:541][  0]LogPakFile: PakFile FullDirectoryIndexSize=150
[2024.11.23-13.59.10:541][  0]LogShaderLibrary: Display: ShaderCodeLibraryPakFileMountedCallback: PakFile 'C:/Program Files/UE_4.27/FeaturePacks/TP_HandheldARBP.upack' (chunk index -1, root 'root:/') mounted
[2024.11.23-13.59.10:541][  0]LogShaderLibrary: Display: ShaderCodeLibraryPakFileMountedCallback: pending pak file info (ChunkID:-1 Root:root:/ File:C:/Program Files/UE_4.27/FeaturePacks/TP_HandheldARBP.upack)
[2024.11.23-13.59.10:541][  0]LogPakFile: OnPakFileMounted2Time == 0.000408
[2024.11.23-13.59.10:542][  0]LogPakFile: PakFile PrimaryIndexSize=182
[2024.11.23-13.59.10:542][  0]LogPakFile: PakFile PathHashIndexSize=101
[2024.11.23-13.59.10:543][  0]LogPakFile: PakFile FullDirectoryIndexSize=138
[2024.11.23-13.59.10:543][  0]LogShaderLibrary: Display: ShaderCodeLibraryPakFileMountedCallback: PakFile 'C:/Program Files/UE_4.27/FeaturePacks/TP_Puzzle.upack' (chunk index -1, root 'root:/') mounted
[2024.11.23-13.59.10:543][  0]LogShaderLibrary: Display: ShaderCodeLibraryPakFileMountedCallback: pending pak file info (ChunkID:-1 Root:root:/ File:C:/Program Files/UE_4.27/FeaturePacks/TP_Puzzle.upack)
[2024.11.23-13.59.10:543][  0]LogPakFile: OnPakFileMounted2Time == 0.000271
[2024.11.23-13.59.10:544][  0]LogPakFile: PakFile PrimaryIndexSize=184
[2024.11.23-13.59.10:544][  0]LogPakFile: PakFile PathHashIndexSize=101
[2024.11.23-13.59.10:544][  0]LogPakFile: PakFile FullDirectoryIndexSize=142
[2024.11.23-13.59.10:545][  0]LogShaderLibrary: Display: ShaderCodeLibraryPakFileMountedCallback: PakFile 'C:/Program Files/UE_4.27/FeaturePacks/TP_PuzzleBP.upack' (chunk index -1, root 'root:/') mounted
[2024.11.23-13.59.10:545][  0]LogShaderLibrary: Display: ShaderCodeLibraryPakFileMountedCallback: pending pak file info (ChunkID:-1 Root:root:/ File:C:/Program Files/UE_4.27/FeaturePacks/TP_PuzzleBP.upack)
[2024.11.23-13.59.10:545][  0]LogPakFile: OnPakFileMounted2Time == 0.000366
[2024.11.23-13.59.10:546][  0]LogPakFile: PakFile PrimaryIndexSize=183
[2024.11.23-13.59.10:546][  0]LogPakFile: PakFile PathHashIndexSize=101
[2024.11.23-13.59.10:546][  0]LogPakFile: PakFile FullDirectoryIndexSize=140
[2024.11.23-13.59.10:546][  0]LogShaderLibrary: Display: ShaderCodeLibraryPakFileMountedCallback: PakFile 'C:/Program Files/UE_4.27/FeaturePacks/TP_Rolling.upack' (chunk index -1, root 'root:/') mounted
[2024.11.23-13.59.10:546][  0]LogShaderLibrary: Display: ShaderCodeLibraryPakFileMountedCallback: pending pak file info (ChunkID:-1 Root:root:/ File:C:/Program Files/UE_4.27/FeaturePacks/TP_Rolling.upack)
[2024.11.23-13.59.10:547][  0]LogPakFile: OnPakFileMounted2Time == 0.000435
[2024.11.23-13.59.10:548][  0]LogPakFile: PakFile PrimaryIndexSize=185
[2024.11.23-13.59.10:548][  0]LogPakFile: PakFile PathHashIndexSize=101
[2024.11.23-13.59.10:548][  0]LogPakFile: PakFile FullDirectoryIndexSize=144
[2024.11.23-13.59.10:548][  0]LogShaderLibrary: Display: ShaderCodeLibraryPakFileMountedCallback: PakFile 'C:/Program Files/UE_4.27/FeaturePacks/TP_RollingBP.upack' (chunk index -1, root 'root:/') mounted
[2024.11.23-13.59.10:548][  0]LogShaderLibrary: Display: ShaderCodeLibraryPakFileMountedCallback: pending pak file info (ChunkID:-1 Root:root:/ File:C:/Program Files/UE_4.27/FeaturePacks/TP_RollingBP.upack)
[2024.11.23-13.59.10:548][  0]LogPakFile: OnPakFileMounted2Time == 0.000367
[2024.11.23-13.59.10:549][  0]LogPakFile: PakFile PrimaryIndexSize=188
[2024.11.23-13.59.10:549][  0]LogPakFile: PakFile PathHashIndexSize=101
[2024.11.23-13.59.10:550][  0]LogPakFile: PakFile FullDirectoryIndexSize=150
[2024.11.23-13.59.10:550][  0]LogShaderLibrary: Display: ShaderCodeLibraryPakFileMountedCallback: PakFile 'C:/Program Files/UE_4.27/FeaturePacks/TP_SideScroller.upack' (chunk index -1, root 'root:/') mounted
[2024.11.23-13.59.10:550][  0]LogShaderLibrary: Display: ShaderCodeLibraryPakFileMountedCallback: pending pak file info (ChunkID:-1 Root:root:/ File:C:/Program Files/UE_4.27/FeaturePacks/TP_SideScroller.upack)
[2024.11.23-13.59.10:550][  0]LogPakFile: OnPakFileMounted2Time == 0.000295
[2024.11.23-13.59.10:551][  0]LogPakFile: PakFile PrimaryIndexSize=190
[2024.11.23-13.59.10:551][  0]LogPakFile: PakFile PathHashIndexSize=101
[2024.11.23-13.59.10:551][  0]LogPakFile: PakFile FullDirectoryIndexSize=154
[2024.11.23-13.59.10:551][  0]LogShaderLibrary: Display: ShaderCodeLibraryPakFileMountedCallback: PakFile 'C:/Program Files/UE_4.27/FeaturePacks/TP_SideScrollerBP.upack' (chunk index -1, root 'root:/') mounted
[2024.11.23-13.59.10:551][  0]LogShaderLibrary: Display: ShaderCodeLibraryPakFileMountedCallback: pending pak file info (ChunkID:-1 Root:root:/ File:C:/Program Files/UE_4.27/FeaturePacks/TP_SideScrollerBP.upack)
[2024.11.23-13.59.10:552][  0]LogPakFile: OnPakFileMounted2Time == 0.000320
[2024.11.23-13.59.10:552][  0]LogPakFile: PakFile PrimaryIndexSize=187
[2024.11.23-13.59.10:552][  0]LogPakFile: PakFile PathHashIndexSize=101
[2024.11.23-13.59.10:553][  0]LogPakFile: PakFile FullDirectoryIndexSize=148
[2024.11.23-13.59.10:553][  0]LogShaderLibrary: Display: ShaderCodeLibraryPakFileMountedCallback: PakFile 'C:/Program Files/UE_4.27/FeaturePacks/TP_ThirdPerson.upack' (chunk index -1, root 'root:/') mounted
[2024.11.23-13.59.10:553][  0]LogShaderLibrary: Display: ShaderCodeLibraryPakFileMountedCallback: pending pak file info (ChunkID:-1 Root:root:/ File:C:/Program Files/UE_4.27/FeaturePacks/TP_ThirdPerson.upack)
[2024.11.23-13.59.10:553][  0]LogPakFile: OnPakFileMounted2Time == 0.000312
[2024.11.23-13.59.10:554][  0]LogPakFile: PakFile PrimaryIndexSize=189
[2024.11.23-13.59.10:554][  0]LogPakFile: PakFile PathHashIndexSize=101
[2024.11.23-13.59.10:554][  0]LogPakFile: PakFile FullDirectoryIndexSize=152
[2024.11.23-13.59.10:554][  0]LogShaderLibrary: Display: ShaderCodeLibraryPakFileMountedCallback: PakFile 'C:/Program Files/UE_4.27/FeaturePacks/TP_ThirdPersonBP.upack' (chunk index -1, root 'root:/') mounted
[2024.11.23-13.59.10:554][  0]LogShaderLibrary: Display: ShaderCodeLibraryPakFileMountedCallback: pending pak file info (ChunkID:-1 Root:root:/ File:C:/Program Files/UE_4.27/FeaturePacks/TP_ThirdPersonBP.upack)
[2024.11.23-13.59.10:555][  0]LogPakFile: OnPakFileMounted2Time == 0.000344
[2024.11.23-13.59.10:555][  0]LogPakFile: PakFile PrimaryIndexSize=183
[2024.11.23-13.59.10:555][  0]LogPakFile: PakFile PathHashIndexSize=101
[2024.11.23-13.59.10:555][  0]LogPakFile: PakFile FullDirectoryIndexSize=140
[2024.11.23-13.59.10:556][  0]LogShaderLibrary: Display: ShaderCodeLibraryPakFileMountedCallback: PakFile 'C:/Program Files/UE_4.27/FeaturePacks/TP_TopDown.upack' (chunk index -1, root 'root:/') mounted
[2024.11.23-13.59.10:556][  0]LogShaderLibrary: Display: ShaderCodeLibraryPakFileMountedCallback: pending pak file info (ChunkID:-1 Root:root:/ File:C:/Program Files/UE_4.27/FeaturePacks/TP_TopDown.upack)
[2024.11.23-13.59.10:556][  0]LogPakFile: OnPakFileMounted2Time == 0.000308
[2024.11.23-13.59.10:557][  0]LogPakFile: PakFile PrimaryIndexSize=185
[2024.11.23-13.59.10:557][  0]LogPakFile: PakFile PathHashIndexSize=101
[2024.11.23-13.59.10:557][  0]LogPakFile: PakFile FullDirectoryIndexSize=144
[2024.11.23-13.59.10:557][  0]LogShaderLibrary: Display: ShaderCodeLibraryPakFileMountedCallback: PakFile 'C:/Program Files/UE_4.27/FeaturePacks/TP_TopDownBP.upack' (chunk index -1, root 'root:/') mounted
[2024.11.23-13.59.10:557][  0]LogShaderLibrary: Display: ShaderCodeLibraryPakFileMountedCallback: pending pak file info (ChunkID:-1 Root:root:/ File:C:/Program Files/UE_4.27/FeaturePacks/TP_TopDownBP.upack)
[2024.11.23-13.59.10:558][  0]LogPakFile: OnPakFileMounted2Time == 0.000261
[2024.11.23-13.59.10:558][  0]LogPakFile: PakFile PrimaryIndexSize=185
[2024.11.23-13.59.10:558][  0]LogPakFile: PakFile PathHashIndexSize=101
[2024.11.23-13.59.10:559][  0]LogPakFile: PakFile FullDirectoryIndexSize=144
[2024.11.23-13.59.10:559][  0]LogShaderLibrary: Display: ShaderCodeLibraryPakFileMountedCallback: PakFile 'C:/Program Files/UE_4.27/FeaturePacks/TP_TwinStick.upack' (chunk index -1, root 'root:/') mounted
[2024.11.23-13.59.10:559][  0]LogShaderLibrary: Display: ShaderCodeLibraryPakFileMountedCallback: pending pak file info (ChunkID:-1 Root:root:/ File:C:/Program Files/UE_4.27/FeaturePacks/TP_TwinStick.upack)
[2024.11.23-13.59.10:559][  0]LogPakFile: OnPakFileMounted2Time == 0.000372
[2024.11.23-13.59.10:560][  0]LogPakFile: PakFile PrimaryIndexSize=187
[2024.11.23-13.59.10:560][  0]LogPakFile: PakFile PathHashIndexSize=101
[2024.11.23-13.59.10:560][  0]LogPakFile: PakFile FullDirectoryIndexSize=148
[2024.11.23-13.59.10:561][  0]LogShaderLibrary: Display: ShaderCodeLibraryPakFileMountedCallback: PakFile 'C:/Program Files/UE_4.27/FeaturePacks/TP_TwinStickBP.upack' (chunk index -1, root 'root:/') mounted
[2024.11.23-13.59.10:561][  0]LogShaderLibrary: Display: ShaderCodeLibraryPakFileMountedCallback: pending pak file info (ChunkID:-1 Root:root:/ File:C:/Program Files/UE_4.27/FeaturePacks/TP_TwinStickBP.upack)
[2024.11.23-13.59.10:561][  0]LogPakFile: OnPakFileMounted2Time == 0.000307
[2024.11.23-13.59.10:562][  0]LogPakFile: PakFile PrimaryIndexSize=183
[2024.11.23-13.59.10:562][  0]LogPakFile: PakFile PathHashIndexSize=101
[2024.11.23-13.59.10:562][  0]LogPakFile: PakFile FullDirectoryIndexSize=140
[2024.11.23-13.59.10:562][  0]LogShaderLibrary: Display: ShaderCodeLibraryPakFileMountedCallback: PakFile 'C:/Program Files/UE_4.27/FeaturePacks/TP_Vehicle.upack' (chunk index -1, root 'root:/') mounted
[2024.11.23-13.59.10:562][  0]LogShaderLibrary: Display: ShaderCodeLibraryPakFileMountedCallback: pending pak file info (ChunkID:-1 Root:root:/ File:C:/Program Files/UE_4.27/FeaturePacks/TP_Vehicle.upack)
[2024.11.23-13.59.10:562][  0]LogPakFile: OnPakFileMounted2Time == 0.000304
[2024.11.23-13.59.10:563][  0]LogPakFile: PakFile PrimaryIndexSize=186
[2024.11.23-13.59.10:563][  0]LogPakFile: PakFile PathHashIndexSize=101
[2024.11.23-13.59.10:563][  0]LogPakFile: PakFile FullDirectoryIndexSize=146
[2024.11.23-13.59.10:564][  0]LogShaderLibrary: Display: ShaderCodeLibraryPakFileMountedCallback: PakFile 'C:/Program Files/UE_4.27/FeaturePacks/TP_VehicleAdv.upack' (chunk index -1, root 'root:/') mounted
[2024.11.23-13.59.10:564][  0]LogShaderLibrary: Display: ShaderCodeLibraryPakFileMountedCallback: pending pak file info (ChunkID:-1 Root:root:/ File:C:/Program Files/UE_4.27/FeaturePacks/TP_VehicleAdv.upack)
[2024.11.23-13.59.10:564][  0]LogPakFile: OnPakFileMounted2Time == 0.000285
[2024.11.23-13.59.10:565][  0]LogPakFile: PakFile PrimaryIndexSize=188
[2024.11.23-13.59.10:565][  0]LogPakFile: PakFile PathHashIndexSize=101
[2024.11.23-13.59.10:565][  0]LogPakFile: PakFile FullDirectoryIndexSize=150
[2024.11.23-13.59.10:565][  0]LogShaderLibrary: Display: ShaderCodeLibraryPakFileMountedCallback: PakFile 'C:/Program Files/UE_4.27/FeaturePacks/TP_VehicleAdvBP.upack' (chunk index -1, root 'root:/') mounted
[2024.11.23-13.59.10:565][  0]LogShaderLibrary: Display: ShaderCodeLibraryPakFileMountedCallback: pending pak file info (ChunkID:-1 Root:root:/ File:C:/Program Files/UE_4.27/FeaturePacks/TP_VehicleAdvBP.upack)
[2024.11.23-13.59.10:565][  0]LogPakFile: OnPakFileMounted2Time == 0.000328
[2024.11.23-13.59.10:566][  0]LogPakFile: PakFile PrimaryIndexSize=185
[2024.11.23-13.59.10:566][  0]LogPakFile: PakFile PathHashIndexSize=101
[2024.11.23-13.59.10:566][  0]LogPakFile: PakFile FullDirectoryIndexSize=144
[2024.11.23-13.59.10:566][  0]LogShaderLibrary: Display: ShaderCodeLibraryPakFileMountedCallback: PakFile 'C:/Program Files/UE_4.27/FeaturePacks/TP_VehicleBP.upack' (chunk index -1, root 'root:/') mounted
[2024.11.23-13.59.10:566][  0]LogShaderLibrary: Display: ShaderCodeLibraryPakFileMountedCallback: pending pak file info (ChunkID:-1 Root:root:/ File:C:/Program Files/UE_4.27/FeaturePacks/TP_VehicleBP.upack)
[2024.11.23-13.59.10:566][  0]LogPakFile: OnPakFileMounted2Time == 0.000245
[2024.11.23-13.59.10:567][  0]LogPakFile: PakFile PrimaryIndexSize=192
[2024.11.23-13.59.10:567][  0]LogPakFile: PakFile PathHashIndexSize=101
[2024.11.23-13.59.10:567][  0]LogPakFile: PakFile FullDirectoryIndexSize=158
[2024.11.23-13.59.10:567][  0]LogShaderLibrary: Display: ShaderCodeLibraryPakFileMountedCallback: PakFile 'C:/Program Files/UE_4.27/FeaturePacks/TP_VirtualRealityBP.upack' (chunk index -1, root 'root:/') mounted
[2024.11.23-13.59.10:568][  0]LogShaderLibrary: Display: ShaderCodeLibraryPakFileMountedCallback: pending pak file info (ChunkID:-1 Root:root:/ File:C:/Program Files/UE_4.27/FeaturePacks/TP_VirtualRealityBP.upack)
[2024.11.23-13.59.10:568][  0]LogPakFile: OnPakFileMounted2Time == 0.000447
[2024.11.23-13.59.10:618][  0]LogNativeClassHierarchy: Verbose: Native class hierarchy updated for 'AddContentDialog' in 0.0002 seconds. Added 0 classes and 0 folders.
[2024.11.23-13.59.10:619][  0]LogNativeClassHierarchy: Verbose: Native class hierarchy updated for 'SceneOutliner' in 0.0002 seconds. Added 2 classes and 0 folders.
[2024.11.23-13.59.10:665][  0]LogSlate: Took 0.000238 seconds to synchronously load lazily loaded font '../../../Engine/Content/Slate/Fonts/Roboto-Regular.ttf' (155K)
[2024.11.23-13.59.10:666][  0]LogSlate: Took 0.000162 seconds to synchronously load lazily loaded font '../../../Engine/Content/Editor/Slate/Fonts/FontAwesome.ttf' (139K)
[2024.11.23-13.59.10:667][  0]LogSlate: Took 0.000752 seconds to synchronously load lazily loaded font '../../../Engine/Content/Editor/Slate/Fonts/NanumGothic.ttf' (4243K)
[2024.11.23-13.59.10:669][  0]LogSlate: Took 0.000729 seconds to synchronously load lazily loaded font '../../../Engine/Content/Editor/Slate/Fonts/NanumGothicBold.ttf' (4188K)
[2024.11.23-13.59.10:669][  0]LogSlate: Took 0.000145 seconds to synchronously load lazily loaded font '../../../Engine/Content/Slate/Fonts/Roboto-Bold.ttf' (160K)
[2024.11.23-13.59.10:723][  0]LogRenderer: Reallocating scene render targets to support 1616x808 Format 10 NumSamples 1 (Frame:1).
[2024.11.23-13.59.11:594][  0]LogNativeClassHierarchy: Verbose: Native class hierarchy updated for 'HierarchicalLODOutliner' in 0.0002 seconds. Added 0 classes and 0 folders.
[2024.11.23-13.59.11:594][  0]LogLoad: (Engine Initialization) Total time: 15.23 seconds
[2024.11.23-13.59.11:594][  0]LogLoad: (Engine Initialization) Total Blueprint compile time: 0.00 seconds
[2024.11.23-13.59.11:631][  0]LogAssetRegistry: Asset discovery search completed in 11.2357 seconds
[2024.11.23-13.59.11:637][  0]LogCollectionManager: Fixed up redirectors for 0 collections in 0.000003 seconds (updated 0 objects)
[2024.11.23-13.59.11:638][  0]LogContentStreaming: Texture pool size now 1000 MB
[2024.11.23-13.59.11:946][  1]LogFileCache: Retrieving MD5 hashes for directory 'C:/Users/nanim/GitHub/NewNewInsectHeaven/InsectHeaven/Content/' took 0.33s
[2024.11.23-14.03.18:587][801]LogTexture: Display: 텍스처 빌드: Plus (OODLE_AutoDXT, 2000X2000)
[2024.11.23-14.03.18:587][801]LogTextureFormatOodle: Display: non-RDO encode 2000 x 2000 x 1 to format OODLE_AutoDXT (Oodle OodleTex_BC3) lambda=0 effort=20 
[2024.11.23-14.03.22:573][890]LogAudioMixer: Resetting audio stream to device id 
[2024.11.23-14.03.22:587][890]LogAudioMixer: Display: 0: FrontLeft
[2024.11.23-14.03.22:587][890]LogAudioMixer: Display: 1: FrontRight
[2024.11.23-14.03.35:046][145]LogSlate: Window 'DialogueTool' being destroyed
[2024.11.23-14.03.35:051][145]LogSlate: Window 'DialogueTool' being destroyed
[2024.11.23-14.03.46:209][748]LogSlate: Window 'DialogueTool' being destroyed
[2024.11.23-14.03.46:214][748]LogSlate: Window 'DialogueTool' being destroyed
