Log file open, 10/13/24 17:24:59
LogWindows: Failed to load 'aqProf.dll' (GetLastError=126)
LogWindows: File 'aqProf.dll' does not exist
LogWindows: Failed to load 'VtuneApi.dll' (GetLastError=126)
LogWindows: File 'VtuneApi.dll' does not exist
LogWindows: Failed to load 'VtuneApi32e.dll' (GetLastError=126)
LogWindows: File 'VtuneApi32e.dll' does not exist
LogConsoleResponse: Display: Failed to find resolution value strings in scalability ini. Falling back to default.
LogConsoleResponse: Display: Failed to find resolution value strings in scalability ini. Falling back to default.
LogInit: Display: Running engine for game: InsectHeaven
LogPlatformFile: Not using cached read wrapper
LogTaskGraph: Started task graph with 5 named threads and 71 total threads with 3 sets of task threads.
LogStats: Stats thread started at 0.219960
LogICUInternationalization: ICU TimeZone Detection - Raw Offset: +9:00, Platform Override: ''
LogInit: Display: Loading text-based GConfig....
LogPluginManager: Mounting plugin MeshPainting
LogPluginManager: Mounting plugin XGEController
LogPluginManager: Mounting plugin Paper2D
LogPluginManager: Mounting plugin AISupport
LogPluginManager: Mounting plugin LightPropagationVolume
LogPluginManager: Mounting plugin EnvironmentQueryEditor
LogPluginManager: Mounting plugin LiveLink
LogPluginManager: Mounting plugin OodleData
LogPluginManager: Mounting plugin OodleNetwork
LogPluginManager: Mounting plugin AnimationSharing
LogPluginManager: Mounting plugin CodeLiteSourceCodeAccess
LogPluginManager: Mounting plugin CLionSourceCodeAccess
LogPluginManager: Mounting plugin GitSourceControl
LogPluginManager: Mounting plugin KDevelopSourceCodeAccess
LogPluginManager: Mounting plugin NullSourceCodeAccess
LogPluginManager: Mounting plugin PerforceSourceControl
LogPluginManager: Mounting plugin PluginUtils
LogPluginManager: Mounting plugin PixWinPlugin
LogPluginManager: Mounting plugin PlasticSourceControl
LogPluginManager: Mounting plugin PropertyAccessNode
LogPluginManager: Mounting plugin RiderSourceCodeAccess
LogPluginManager: Mounting plugin SubversionSourceControl
LogPluginManager: Mounting plugin TextureFormatOodle
LogPluginManager: Mounting plugin VisualStudioCodeSourceCodeAccess
LogPluginManager: Mounting plugin VisualStudioSourceCodeAccess
LogPluginManager: Mounting plugin AssetManagerEditor
LogPluginManager: Mounting plugin XCodeSourceCodeAccess
LogPluginManager: Mounting plugin UObjectPlugin
LogPluginManager: Mounting plugin CryptoKeys
LogPluginManager: Mounting plugin DataValidation
LogPluginManager: Mounting plugin EditorScriptingUtilities
LogPluginManager: Mounting plugin FacialAnimation
LogPluginManager: Mounting plugin CurveEditorTools
LogPluginManager: Mounting plugin GameplayTagsEditor
LogPluginManager: Mounting plugin GeometryMode
LogPluginManager: Mounting plugin MaterialAnalyzer
LogPluginManager: Mounting plugin MacGraphicsSwitching
LogPluginManager: Mounting plugin MobileLauncherProfileWizard
LogPluginManager: Mounting plugin PluginBrowser
LogPluginManager: Mounting plugin SpeedTreeImporter
LogPluginManager: Mounting plugin DatasmithContent
LogPluginManager: Mounting plugin VariantManagerContent
LogPluginManager: Mounting plugin Niagara
LogPluginManager: Mounting plugin AlembicImporter
LogPluginManager: Mounting plugin AutomationUtils
LogPluginManager: Mounting plugin BackChannel
LogPluginManager: Mounting plugin ChaosSolverPlugin
LogPluginManager: Mounting plugin ChaosEditor
LogPluginManager: Mounting plugin ChaosCloth
LogPluginManager: Mounting plugin ChaosClothEditor
LogPluginManager: Mounting plugin ChaosNiagara
LogPluginManager: Mounting plugin CharacterAI
LogPluginManager: Mounting plugin LuminPlatformFeatures
LogPluginManager: Mounting plugin MagicLeap
LogPluginManager: Mounting plugin MagicLeapLightEstimation
LogPluginManager: Mounting plugin MagicLeapMedia
LogPluginManager: Mounting plugin MagicLeapPassableWorld
LogPluginManager: Mounting plugin GeometryCache
LogPluginManager: Mounting plugin GeometryCollectionPlugin
LogPluginManager: Mounting plugin GeometryProcessing
LogPluginManager: Mounting plugin MLSDK
LogPluginManager: Mounting plugin AndroidMedia
LogPluginManager: Mounting plugin AvfMedia
LogPluginManager: Mounting plugin ImgMedia
LogPluginManager: Mounting plugin MediaCompositing
LogPluginManager: Mounting plugin MediaPlayerEditor
LogPluginManager: Mounting plugin MotoSynth
LogPluginManager: Mounting plugin OpenImageDenoise
LogPluginManager: Mounting plugin PlanarCut
LogPluginManager: Mounting plugin PlatformCrypto
LogPluginManager: Mounting plugin ProxyLODPlugin
LogPluginManager: Mounting plugin WebMMedia
LogPluginManager: Mounting plugin WmfMedia
LogPluginManager: Mounting plugin PythonScriptPlugin
LogPluginManager: Mounting plugin SkeletalReduction
LogPluginManager: Mounting plugin TcpMessaging
LogPluginManager: Mounting plugin UdpMessaging
LogPluginManager: Mounting plugin ActorSequence
LogPluginManager: Mounting plugin LevelSequenceEditor
LogPluginManager: Mounting plugin MatineeToLevelSequence
LogPluginManager: Mounting plugin TemplateSequence
LogPluginManager: Mounting plugin LauncherChunkInstaller
LogPluginManager: Mounting plugin OnlineSubsystem
LogPluginManager: Mounting plugin OnlineSubsystemNull
LogPluginManager: Mounting plugin OnlineSubsystemUtils
LogPluginManager: Mounting plugin ActorLayerUtilities
LogPluginManager: Mounting plugin AndroidDeviceProfileSelector
LogPluginManager: Mounting plugin AndroidMoviePlayer
LogPluginManager: Mounting plugin AndroidPermission
LogPluginManager: Mounting plugin AppleImageUtils
LogPluginManager: Mounting plugin AppleMoviePlayer
LogPluginManager: Mounting plugin AssetTags
LogPluginManager: Mounting plugin ArchVisCharacter
LogPluginManager: Mounting plugin AudioCapture
LogPluginManager: Mounting plugin AudioSynesthesia
LogPluginManager: Mounting plugin CableComponent
LogPluginManager: Mounting plugin ChunkDownloader
LogPluginManager: Mounting plugin CustomMeshComponent
LogPluginManager: Mounting plugin EditableMesh
LogPluginManager: Mounting plugin ExampleDeviceProfileSelector
LogPluginManager: Mounting plugin GoogleCloudMessaging
LogPluginManager: Mounting plugin GooglePAD
LogPluginManager: Mounting plugin IOSDeviceProfileSelector
LogPluginManager: Mounting plugin LinuxDeviceProfileSelector
LogPluginManager: Mounting plugin LocationServicesBPLibrary
LogPluginManager: Mounting plugin MobilePatchingUtils
LogPluginManager: Mounting plugin OpenXR
LogPluginManager: Mounting plugin OpenXREyeTracker
LogPluginManager: Mounting plugin OpenXRHandTracking
LogPluginManager: Mounting plugin PhysXVehicles
LogPluginManager: Mounting plugin PostSplashScreen
LogPluginManager: Mounting plugin ProceduralMeshComponent
LogPluginManager: Mounting plugin PropertyAccessEditor
LogPluginManager: Mounting plugin RuntimePhysXCooking
LogPluginManager: Mounting plugin SignificanceManager
LogPluginManager: Mounting plugin SoundFields
LogPluginManager: Mounting plugin Synthesis
LogPluginManager: Mounting plugin ScreenshotTools
LogPluginManager: Mounting plugin WebMMoviePlayer
LogPluginManager: Mounting plugin WindowsMoviePlayer
LogPluginManager: Mounting plugin CameraShakePreviewer
LogPluginManager: Mounting plugin GameplayCameras
LogPluginManager: Mounting plugin Takes
LogPluginManager: Mounting plugin ContentBrowserClassDataSource
LogPluginManager: Mounting plugin ContentBrowserAssetDataSource
LogPluginManager: Mounting plugin ContentBrowserFileDataSource
LogPluginManager: Mounting plugin RiderLink
LogPluginManager: Mounting plugin OnlineSubsystemGooglePlay
LogPluginManager: Mounting plugin OnlineSubsystemIOS
LogPluginManager: Mounting plugin OculusVR
LogPluginManager: Mounting plugin SteamVR
PixWinPlugin: PIX capture plugin failed to initialize! Check that the process is launched from PIX.
LogInit: Using libcurl 7.55.1-DEV
LogInit:  - built for x86_64-pc-win32
LogInit:  - supports SSL with OpenSSL/1.1.1
LogInit:  - supports HTTP deflate (compression) using libz 1.2.8
LogInit:  - other features:
LogInit:      CURL_VERSION_SSL
LogInit:      CURL_VERSION_LIBZ
LogInit:      CURL_VERSION_IPV6
LogInit:      CURL_VERSION_ASYNCHDNS
LogInit:      CURL_VERSION_LARGEFILE
LogInit:      CURL_VERSION_IDN
LogInit:  CurlRequestOptions (configurable via config and command line):
LogInit:  - bVerifyPeer = true  - Libcurl will verify peer certificate
LogInit:  - bUseHttpProxy = false  - Libcurl will NOT use HTTP proxy
LogInit:  - bDontReuseConnections = false  - Libcurl will reuse connections
LogInit:  - MaxHostConnections = 16  - Libcurl will limit the number of connections to a host
LogInit:  - LocalHostAddr = Default
LogInit:  - BufferSize = 65536
LogOnline: OSS: Creating online subsystem instance for: NULL
LogInit: WinSock: version 1.1 (2.2), MaxSocks=32767, MaxUdp=65467
LogOnline: OSS: TryLoadSubsystemAndSetDefault: Loaded subsystem for module [NULL]
LogOculusPluginWrapper: OculusPlugin initialized successfully
LogHMD: Failed initializing OVRPlugin 1.59.0
LogInit: Build: ++UE4+Release-4.27-CL-18319896
LogInit: Engine Version: 4.27.2-18319896+++UE4+Release-4.27
LogInit: Compatible Engine Version: 4.27.0-17155196+++UE4+Release-4.27
LogInit: Net CL: 17155196
LogInit: OS: Windows 10 (Release 2009) (), CPU: AMD Ryzen 9 7900X 12-Core Processor            , GPU: AMD Radeon RX 7900 XTX
LogInit: Compiled (64-bit): Nov 30 2021 07:12:08
LogInit: Compiled with Visual C++: 19.24.28315.00
LogInit: Build Configuration: DebugGame
LogInit: Branch Name: ++UE4+Release-4.27
LogInit: Command Line: 
LogInit: Base Directory: C:/Program Files/UE_4.27/Engine/Binaries/Win64/
LogInit: Allocator: TBB
LogInit: Installed Engine Build: 1
LogDevObjectVersion: Number of dev versions registered: 29
LogDevObjectVersion:   Dev-Blueprints (B0D832E4-1F89-4F0D-ACCF-7EB736FD4AA2): 10
LogDevObjectVersion:   Dev-Build (E1C64328-A22C-4D53-A36C-8E866417BD8C): 0
LogDevObjectVersion:   Dev-Core (375EC13C-06E4-48FB-B500-84F0262A717E): 4
LogDevObjectVersion:   Dev-Editor (E4B068ED-F494-42E9-A231-DA0B2E46BB41): 40
LogDevObjectVersion:   Dev-Framework (CFFC743F-43B0-4480-9391-14DF171D2073): 37
LogDevObjectVersion:   Dev-Mobile (B02B49B5-BB20-44E9-A304-32B752E40360): 3
LogDevObjectVersion:   Dev-Networking (A4E4105C-59A1-49B5-A7C5-40C4547EDFEE): 0
LogDevObjectVersion:   Dev-Online (39C831C9-5AE6-47DC-9A44-9C173E1C8E7C): 0
LogDevObjectVersion:   Dev-Physics (78F01B33-EBEA-4F98-B9B4-84EACCB95AA2): 14
LogDevObjectVersion:   Dev-Platform (6631380F-2D4D-43E0-8009-CF276956A95A): 0
LogDevObjectVersion:   Dev-Rendering (12F88B9F-8875-4AFC-A67C-D90C383ABD29): 45
LogDevObjectVersion:   Dev-Sequencer (7B5AE74C-D270-4C10-A958-57980B212A5A): 13
LogDevObjectVersion:   Dev-VR (D7296918-1DD6-4BDD-9DE2-64A83CC13884): 3
LogDevObjectVersion:   Dev-LoadTimes (C2A15278-BFE7-4AFE-6C17-90FF531DF755): 1
LogDevObjectVersion:   Private-Geometry (6EACA3D4-40EC-4CC1-B786-8BED09428FC5): 3
LogDevObjectVersion:   Dev-AnimPhys (29E575DD-E0A3-4627-9D10-D276232CDCEA): 17
LogDevObjectVersion:   Dev-Anim (AF43A65D-7FD3-4947-9873-3E8ED9C1BB05): 15
LogDevObjectVersion:   Dev-ReflectionCapture (6B266CEC-1EC7-4B8F-A30B-E4D90942FC07): 1
LogDevObjectVersion:   Dev-Automation (0DF73D61-A23F-47EA-B727-89E90C41499A): 1
LogDevObjectVersion:   FortniteMain (601D1886-AC64-4F84-AA16-D3DE0DEAC7D6): 47
LogDevObjectVersion:   FortniteRelease (E7086368-6B23-4C58-8439-1B7016265E91): 1
LogDevObjectVersion:   Dev-Enterprise (9DFFBCD6-494F-0158-E221-12823C92A888): 10
LogDevObjectVersion:   Dev-Niagara (F2AED0AC-9AFE-416F-8664-AA7FFA26D6FC): 1
LogDevObjectVersion:   Dev-Destruction (174F1F0B-B4C6-45A5-B13F-2EE8D0FB917D): 10
LogDevObjectVersion:   Dev-Physics-Ext (35F94A83-E258-406C-A318-09F59610247C): 41
LogDevObjectVersion:   Dev-PhysicsMaterial-Chaos (B68FC16E-8B1B-42E2-B453-215C058844FE): 1
LogDevObjectVersion:   Dev-CineCamera (B2E18506-4273-CFC2-A54E-F4BB758BBA07): 1
LogDevObjectVersion:   Dev-VirtualProduction (64F58936-FD1B-42BA-BA96-7289D5D0FA4E): 1
LogDevObjectVersion:   Dev-MediaFramework (6F0ED827-A609-4895-9C91-998D90180EA4): 2
LogInit: Presizing for max 25165824 objects, including 0 objects not considered by GC, pre-allocating 0 bytes for permanent pool.
LogConfig: Applying CVar settings from Section [/Script/Engine.StreamingSettings] File [C:/Users/nanim/GitHub/NewNewInsectHeaven/InsectHeaven/Saved/Config/Windows/Engine.ini]
LogConfig: Setting CVar [[s.MinBulkDataSizeForAsyncLoading:131072]]
LogConfig: Setting CVar [[s.AsyncLoadingThreadEnabled:0]]
LogConfig: Setting CVar [[s.EventDrivenLoaderEnabled:1]]
LogConfig: Setting CVar [[s.WarnIfTimeLimitExceeded:0]]
LogConfig: Setting CVar [[s.TimeLimitExceededMultiplier:1.5]]
LogConfig: Setting CVar [[s.TimeLimitExceededMinTime:0.005]]
LogConfig: Setting CVar [[s.UseBackgroundLevelStreaming:1]]
LogConfig: Setting CVar [[s.PriorityAsyncLoadingExtraTime:15.0]]
LogConfig: Setting CVar [[s.LevelStreamingActorsUpdateTimeLimit:5.0]]
LogConfig: Setting CVar [[s.PriorityLevelStreamingActorsUpdateExtraTime:5.0]]
LogConfig: Setting CVar [[s.LevelStreamingComponentsRegistrationGranularity:10]]
LogConfig: Setting CVar [[s.UnregisterComponentsTimeLimit:1.0]]
LogConfig: Setting CVar [[s.LevelStreamingComponentsUnregistrationGranularity:5]]
LogConfig: Setting CVar [[s.FlushStreamingOnExit:1]]
LogInit: Object subsystem initialized
LogConfig: Setting CVar [[con.DebugEarlyDefault:1]]
LogConfig: Setting CVar [[r.setres:1280x720]]
[2024.10.13-08.25.00:726][  0]LogConfig: Setting CVar [[r.VSync:0]]
[2024.10.13-08.25.00:727][  0]LogConfig: Setting CVar [[r.RHICmdBypass:0]]
[2024.10.13-08.25.00:727][  0]LogConfig: Applying CVar settings from Section [/Script/Engine.RendererSettings] File [C:/Users/nanim/GitHub/NewNewInsectHeaven/InsectHeaven/Saved/Config/Windows/Engine.ini]
[2024.10.13-08.25.00:727][  0]LogConfig: Setting CVar [[r.GPUCrashDebugging:0]]
[2024.10.13-08.25.00:727][  0]LogConfig: Applying CVar settings from Section [/Script/Engine.RendererOverrideSettings] File [C:/Users/nanim/GitHub/NewNewInsectHeaven/InsectHeaven/Saved/Config/Windows/Engine.ini]
[2024.10.13-08.25.00:727][  0]LogConfig: Applying CVar settings from Section [/Script/Engine.StreamingSettings] File [C:/Users/nanim/GitHub/NewNewInsectHeaven/InsectHeaven/Saved/Config/Windows/Engine.ini]
[2024.10.13-08.25.00:727][  0]LogConfig: Setting CVar [[s.MinBulkDataSizeForAsyncLoading:131072]]
[2024.10.13-08.25.00:727][  0]LogConfig: Setting CVar [[s.AsyncLoadingThreadEnabled:0]]
[2024.10.13-08.25.00:727][  0]LogConfig: Setting CVar [[s.EventDrivenLoaderEnabled:1]]
[2024.10.13-08.25.00:727][  0]LogConfig: Setting CVar [[s.WarnIfTimeLimitExceeded:0]]
[2024.10.13-08.25.00:727][  0]LogConfig: Setting CVar [[s.TimeLimitExceededMultiplier:1.5]]
[2024.10.13-08.25.00:728][  0]LogConfig: Setting CVar [[s.TimeLimitExceededMinTime:0.005]]
[2024.10.13-08.25.00:728][  0]LogConfig: Setting CVar [[s.UseBackgroundLevelStreaming:1]]
[2024.10.13-08.25.00:728][  0]LogConfig: Setting CVar [[s.PriorityAsyncLoadingExtraTime:15.0]]
[2024.10.13-08.25.00:728][  0]LogConfig: Setting CVar [[s.LevelStreamingActorsUpdateTimeLimit:5.0]]
[2024.10.13-08.25.00:728][  0]LogConfig: Setting CVar [[s.PriorityLevelStreamingActorsUpdateExtraTime:5.0]]
[2024.10.13-08.25.00:728][  0]LogConfig: Setting CVar [[s.LevelStreamingComponentsRegistrationGranularity:10]]
[2024.10.13-08.25.00:728][  0]LogConfig: Setting CVar [[s.UnregisterComponentsTimeLimit:1.0]]
[2024.10.13-08.25.00:728][  0]LogConfig: Setting CVar [[s.LevelStreamingComponentsUnregistrationGranularity:5]]
[2024.10.13-08.25.00:728][  0]LogConfig: Setting CVar [[s.FlushStreamingOnExit:1]]
[2024.10.13-08.25.00:729][  0]LogConfig: Applying CVar settings from Section [/Script/Engine.GarbageCollectionSettings] File [C:/Users/nanim/GitHub/NewNewInsectHeaven/InsectHeaven/Saved/Config/Windows/Engine.ini]
[2024.10.13-08.25.00:729][  0]LogConfig: Setting CVar [[gc.MaxObjectsNotConsideredByGC:1]]
[2024.10.13-08.25.00:729][  0]LogConfig: Setting CVar [[gc.SizeOfPermanentObjectPool:0]]
[2024.10.13-08.25.00:729][  0]LogConfig: Setting CVar [[gc.FlushStreamingOnGC:0]]
[2024.10.13-08.25.00:729][  0]LogConfig: Setting CVar [[gc.NumRetriesBeforeForcingGC:10]]
[2024.10.13-08.25.00:729][  0]LogConfig: Setting CVar [[gc.AllowParallelGC:1]]
[2024.10.13-08.25.00:729][  0]LogConfig: Setting CVar [[gc.TimeBetweenPurgingPendingKillObjects:61.1]]
[2024.10.13-08.25.00:729][  0]LogConfig: Setting CVar [[gc.MaxObjectsInEditor:25165824]]
[2024.10.13-08.25.00:729][  0]LogConfig: Setting CVar [[gc.IncrementalBeginDestroyEnabled:1]]
[2024.10.13-08.25.00:729][  0]LogConfig: Setting CVar [[gc.CreateGCClusters:1]]
[2024.10.13-08.25.00:730][  0]LogConfig: Setting CVar [[gc.MinGCClusterSize:5]]
[2024.10.13-08.25.00:730][  0]LogConfig: Setting CVar [[gc.ActorClusteringEnabled:0]]
[2024.10.13-08.25.00:730][  0]LogConfig: Setting CVar [[gc.BlueprintClusteringEnabled:0]]
[2024.10.13-08.25.00:730][  0]LogConfig: Setting CVar [[gc.UseDisregardForGCOnDedicatedServers:0]]
[2024.10.13-08.25.00:730][  0]LogConfig: Setting CVar [[gc.MultithreadedDestructionEnabled:1]]
[2024.10.13-08.25.00:730][  0]LogConfig: Applying CVar settings from Section [/Script/Engine.NetworkSettings] File [C:/Users/nanim/GitHub/NewNewInsectHeaven/InsectHeaven/Saved/Config/Windows/Engine.ini]
[2024.10.13-08.25.00:730][  0]LogConfig: Applying CVar settings from Section [/Script/UnrealEd.CookerSettings] File [C:/Users/nanim/GitHub/NewNewInsectHeaven/InsectHeaven/Saved/Config/Windows/Engine.ini]
[2024.10.13-08.25.00:770][  0]LogConfig: Applying CVar settings from Section [ViewDistanceQuality@3] File [C:/Users/nanim/GitHub/NewNewInsectHeaven/InsectHeaven/Saved/Config/Windows/Scalability.ini]
[2024.10.13-08.25.00:770][  0]LogConfig: Setting CVar [[r.SkeletalMeshLODBias:0]]
[2024.10.13-08.25.00:770][  0]LogConfig: Setting CVar [[r.ViewDistanceScale:1.0]]
[2024.10.13-08.25.00:770][  0]LogConfig: Applying CVar settings from Section [AntiAliasingQuality@3] File [C:/Users/nanim/GitHub/NewNewInsectHeaven/InsectHeaven/Saved/Config/Windows/Scalability.ini]
[2024.10.13-08.25.00:770][  0]LogConfig: Setting CVar [[r.PostProcessAAQuality:4]]
[2024.10.13-08.25.00:771][  0]LogConfig: Applying CVar settings from Section [ShadowQuality@3] File [C:/Users/nanim/GitHub/NewNewInsectHeaven/InsectHeaven/Saved/Config/Windows/Scalability.ini]
[2024.10.13-08.25.00:771][  0]LogConfig: Setting CVar [[r.LightFunctionQuality:1]]
[2024.10.13-08.25.00:771][  0]LogConfig: Setting CVar [[r.ShadowQuality:5]]
[2024.10.13-08.25.00:771][  0]LogConfig: Setting CVar [[r.Shadow.CSM.MaxCascades:10]]
[2024.10.13-08.25.00:771][  0]LogConfig: Setting CVar [[r.Shadow.MaxResolution:2048]]
[2024.10.13-08.25.00:771][  0]LogConfig: Setting CVar [[r.Shadow.MaxCSMResolution:2048]]
[2024.10.13-08.25.00:771][  0]LogConfig: Setting CVar [[r.Shadow.RadiusThreshold:0.01]]
[2024.10.13-08.25.00:771][  0]LogConfig: Setting CVar [[r.Shadow.DistanceScale:1.0]]
[2024.10.13-08.25.00:771][  0]LogConfig: Setting CVar [[r.Shadow.CSM.TransitionScale:1.0]]
[2024.10.13-08.25.00:771][  0]LogConfig: Setting CVar [[r.Shadow.PreShadowResolutionFactor:1.0]]
[2024.10.13-08.25.00:772][  0]LogConfig: Setting CVar [[r.DistanceFieldShadowing:1]]
[2024.10.13-08.25.00:772][  0]LogConfig: Setting CVar [[r.DistanceFieldAO:1]]
[2024.10.13-08.25.00:772][  0]LogConfig: Setting CVar [[r.AOQuality:2]]
[2024.10.13-08.25.00:772][  0]LogConfig: Setting CVar [[r.VolumetricFog:1]]
[2024.10.13-08.25.00:772][  0]LogConfig: Setting CVar [[r.VolumetricFog.GridPixelSize:8]]
[2024.10.13-08.25.00:772][  0]LogConfig: Setting CVar [[r.VolumetricFog.GridSizeZ:128]]
[2024.10.13-08.25.00:772][  0]LogConfig: Setting CVar [[r.VolumetricFog.HistoryMissSupersampleCount:4]]
[2024.10.13-08.25.00:772][  0]LogConfig: Setting CVar [[r.LightMaxDrawDistanceScale:1]]
[2024.10.13-08.25.00:772][  0]LogConfig: Setting CVar [[r.CapsuleShadows:1]]
[2024.10.13-08.25.00:772][  0]LogConfig: Applying CVar settings from Section [PostProcessQuality@3] File [C:/Users/nanim/GitHub/NewNewInsectHeaven/InsectHeaven/Saved/Config/Windows/Scalability.ini]
[2024.10.13-08.25.00:773][  0]LogConfig: Setting CVar [[r.MotionBlurQuality:4]]
[2024.10.13-08.25.00:773][  0]LogConfig: Setting CVar [[r.AmbientOcclusionMipLevelFactor:0.4]]
[2024.10.13-08.25.00:773][  0]LogConfig: Setting CVar [[r.AmbientOcclusionMaxQuality:100]]
[2024.10.13-08.25.00:773][  0]LogConfig: Setting CVar [[r.AmbientOcclusionLevels:-1]]
[2024.10.13-08.25.00:773][  0]LogConfig: Setting CVar [[r.AmbientOcclusionRadiusScale:1.0]]
[2024.10.13-08.25.00:773][  0]LogConfig: Setting CVar [[r.DepthOfFieldQuality:2]]
[2024.10.13-08.25.00:773][  0]LogConfig: Setting CVar [[r.RenderTargetPoolMin:400]]
[2024.10.13-08.25.00:773][  0]LogConfig: Setting CVar [[r.LensFlareQuality:2]]
[2024.10.13-08.25.00:773][  0]LogConfig: Setting CVar [[r.SceneColorFringeQuality:1]]
[2024.10.13-08.25.00:773][  0]LogConfig: Setting CVar [[r.EyeAdaptationQuality:2]]
[2024.10.13-08.25.00:774][  0]LogConfig: Setting CVar [[r.BloomQuality:5]]
[2024.10.13-08.25.00:774][  0]LogConfig: Setting CVar [[r.FastBlurThreshold:100]]
[2024.10.13-08.25.00:774][  0]LogConfig: Setting CVar [[r.Upscale.Quality:3]]
[2024.10.13-08.25.00:774][  0]LogConfig: Setting CVar [[r.Tonemapper.GrainQuantization:1]]
[2024.10.13-08.25.00:774][  0]LogConfig: Setting CVar [[r.LightShaftQuality:1]]
[2024.10.13-08.25.00:774][  0]LogConfig: Setting CVar [[r.Filter.SizeScale:1]]
[2024.10.13-08.25.00:774][  0]LogConfig: Setting CVar [[r.Tonemapper.Quality:5]]
[2024.10.13-08.25.00:774][  0]LogConfig: Setting CVar [[r.DOF.Gather.AccumulatorQuality:1        ; higher gathering accumulator quality]]
[2024.10.13-08.25.00:774][  0]LogConfig: Setting CVar [[r.DOF.Gather.PostfilterMethod:1          ; Median3x3 postfilering method]]
[2024.10.13-08.25.00:774][  0]LogConfig: Setting CVar [[r.DOF.Gather.EnableBokehSettings:0       ; no bokeh simulation when gathering]]
[2024.10.13-08.25.00:774][  0]LogConfig: Setting CVar [[r.DOF.Gather.RingCount:4                 ; medium number of samples when gathering]]
[2024.10.13-08.25.00:775][  0]LogConfig: Setting CVar [[r.DOF.Scatter.ForegroundCompositing:1    ; additive foreground scattering]]
[2024.10.13-08.25.00:775][  0]LogConfig: Setting CVar [[r.DOF.Scatter.BackgroundCompositing:2    ; additive background scattering]]
[2024.10.13-08.25.00:775][  0]LogConfig: Setting CVar [[r.DOF.Scatter.EnableBokehSettings:1      ; bokeh simulation when scattering]]
[2024.10.13-08.25.00:775][  0]LogConfig: Setting CVar [[r.DOF.Scatter.MaxSpriteRatio:0.1         ; only a maximum of 10% of scattered bokeh]]
[2024.10.13-08.25.00:775][  0]LogConfig: Setting CVar [[r.DOF.Recombine.Quality:1                ; cheap slight out of focus]]
[2024.10.13-08.25.00:775][  0]LogConfig: Setting CVar [[r.DOF.Recombine.EnableBokehSettings:0    ; no bokeh simulation on slight out of focus]]
[2024.10.13-08.25.00:775][  0]LogConfig: Setting CVar [[r.DOF.TemporalAAQuality:1                ; more stable temporal accumulation]]
[2024.10.13-08.25.00:775][  0]LogConfig: Setting CVar [[r.DOF.Kernel.MaxForegroundRadius:0.025]]
[2024.10.13-08.25.00:775][  0]LogConfig: Setting CVar [[r.DOF.Kernel.MaxBackgroundRadius:0.025]]
[2024.10.13-08.25.00:775][  0]LogConfig: Applying CVar settings from Section [TextureQuality@3] File [C:/Users/nanim/GitHub/NewNewInsectHeaven/InsectHeaven/Saved/Config/Windows/Scalability.ini]
[2024.10.13-08.25.00:776][  0]LogConfig: Setting CVar [[r.Streaming.MipBias:0]]
[2024.10.13-08.25.00:776][  0]LogConfig: Setting CVar [[r.Streaming.AmortizeCPUToGPUCopy:0]]
[2024.10.13-08.25.00:776][  0]LogConfig: Setting CVar [[r.Streaming.MaxNumTexturesToStreamPerFrame:0]]
[2024.10.13-08.25.00:776][  0]LogConfig: Setting CVar [[r.Streaming.Boost:1]]
[2024.10.13-08.25.00:776][  0]LogConfig: Setting CVar [[r.MaxAnisotropy:8]]
[2024.10.13-08.25.00:776][  0]LogConfig: Setting CVar [[r.VT.MaxAnisotropy:8]]
[2024.10.13-08.25.00:776][  0]LogConfig: Setting CVar [[r.Streaming.LimitPoolSizeToVRAM:0]]
[2024.10.13-08.25.00:776][  0]LogConfig: Setting CVar [[r.Streaming.PoolSize:1000]]
[2024.10.13-08.25.00:776][  0]LogConfig: Setting CVar [[r.Streaming.MaxEffectiveScreenSize:0]]
[2024.10.13-08.25.00:776][  0]LogConfig: Applying CVar settings from Section [EffectsQuality@3] File [C:/Users/nanim/GitHub/NewNewInsectHeaven/InsectHeaven/Saved/Config/Windows/Scalability.ini]
[2024.10.13-08.25.00:776][  0]LogConfig: Setting CVar [[r.TranslucencyLightingVolumeDim:64]]
[2024.10.13-08.25.00:777][  0]LogConfig: Setting CVar [[r.RefractionQuality:2]]
[2024.10.13-08.25.00:777][  0]LogConfig: Setting CVar [[r.SSR.Quality:3]]
[2024.10.13-08.25.00:777][  0]LogConfig: Setting CVar [[r.SSR.HalfResSceneColor:0]]
[2024.10.13-08.25.00:777][  0]LogConfig: Setting CVar [[r.SceneColorFormat:4]]
[2024.10.13-08.25.00:777][  0]LogConfig: Setting CVar [[r.DetailMode:2]]
[2024.10.13-08.25.00:777][  0]LogConfig: Setting CVar [[r.TranslucencyVolumeBlur:1]]
[2024.10.13-08.25.00:777][  0]LogConfig: Setting CVar [[r.MaterialQualityLevel:1 ; High quality]]
[2024.10.13-08.25.00:777][  0]LogConfig: Setting CVar [[r.AnisotropicMaterials:1]]
[2024.10.13-08.25.00:777][  0]LogConfig: Setting CVar [[r.SSS.Scale:1]]
[2024.10.13-08.25.00:777][  0]LogConfig: Setting CVar [[r.SSS.SampleSet:2]]
[2024.10.13-08.25.00:777][  0]LogConfig: Setting CVar [[r.SSS.Quality:1]]
[2024.10.13-08.25.00:778][  0]LogConfig: Setting CVar [[r.SSS.HalfRes:0]]
[2024.10.13-08.25.00:778][  0]LogConfig: Setting CVar [[r.SSGI.Quality:3]]
[2024.10.13-08.25.00:778][  0]LogConfig: Setting CVar [[r.EmitterSpawnRateScale:1.0]]
[2024.10.13-08.25.00:778][  0]LogConfig: Setting CVar [[r.ParticleLightQuality:2]]
[2024.10.13-08.25.00:778][  0]LogConfig: Setting CVar [[r.SkyAtmosphere.AerialPerspectiveLUT.FastApplyOnOpaque:1 ; Always have FastSkyLUT 1 in this case to avoid wrong sky]]
[2024.10.13-08.25.00:778][  0]LogConfig: Setting CVar [[r.SkyAtmosphere.AerialPerspectiveLUT.SampleCountMaxPerSlice:4]]
[2024.10.13-08.25.00:778][  0]LogConfig: Setting CVar [[r.SkyAtmosphere.AerialPerspectiveLUT.DepthResolution:16.0]]
[2024.10.13-08.25.00:778][  0]LogConfig: Setting CVar [[r.SkyAtmosphere.FastSkyLUT:1]]
[2024.10.13-08.25.00:778][  0]LogConfig: Setting CVar [[r.SkyAtmosphere.FastSkyLUT.SampleCountMin:4.0]]
[2024.10.13-08.25.00:779][  0]LogConfig: Setting CVar [[r.SkyAtmosphere.FastSkyLUT.SampleCountMax:128.0]]
[2024.10.13-08.25.00:779][  0]LogConfig: Setting CVar [[r.SkyAtmosphere.SampleCountMin:4.0]]
[2024.10.13-08.25.00:779][  0]LogConfig: Setting CVar [[r.SkyAtmosphere.SampleCountMax:128.0]]
[2024.10.13-08.25.00:779][  0]LogConfig: Setting CVar [[r.SkyAtmosphere.TransmittanceLUT.UseSmallFormat:0]]
[2024.10.13-08.25.00:779][  0]LogConfig: Setting CVar [[r.SkyAtmosphere.TransmittanceLUT.SampleCount:10.0]]
[2024.10.13-08.25.00:779][  0]LogConfig: Setting CVar [[r.SkyAtmosphere.MultiScatteringLUT.SampleCount:15.0]]
[2024.10.13-08.25.00:779][  0]LogConfig: Setting CVar [[r.SkyLight.RealTimeReflectionCapture:1]]
[2024.10.13-08.25.00:779][  0]LogConfig: Applying CVar settings from Section [FoliageQuality@3] File [C:/Users/nanim/GitHub/NewNewInsectHeaven/InsectHeaven/Saved/Config/Windows/Scalability.ini]
[2024.10.13-08.25.00:779][  0]LogConfig: Setting CVar [[foliage.DensityScale:1.0]]
[2024.10.13-08.25.00:780][  0]LogConfig: Setting CVar [[grass.DensityScale:1.0]]
[2024.10.13-08.25.00:780][  0]LogConfig: Applying CVar settings from Section [ShadingQuality@3] File [C:/Users/nanim/GitHub/NewNewInsectHeaven/InsectHeaven/Saved/Config/Windows/Scalability.ini]
[2024.10.13-08.25.00:780][  0]LogConfig: Setting CVar [[r.HairStrands.SkyLighting.IntegrationType:2]]
[2024.10.13-08.25.00:780][  0]LogConfig: Setting CVar [[r.HairStrands.SkyAO.SampleCount:4]]
[2024.10.13-08.25.00:780][  0]LogConfig: Setting CVar [[r.HairStrands.Visibility.MSAA.SamplePerPixel:4]]
[2024.10.13-08.25.00:780][  0]LogInit: Selected Device Profile: [Windows]
[2024.10.13-08.25.00:780][  0]LogInit: Applying CVar settings loaded from the selected device profile: [Windows]
[2024.10.13-08.25.00:780][  0]LogHAL: Display: Platform has ~ 32 GB [33457160192 / 34359738368 / 32], which maps to Largest [LargestMinGB=32, LargerMinGB=12, DefaultMinGB=8, SmallerMinGB=6, SmallestMinGB=0)
[2024.10.13-08.25.00:780][  0]LogInit: Going up to parent DeviceProfile []
[2024.10.13-08.25.00:780][  0]LogConfig: Applying CVar settings from Section [ViewDistanceQuality@3] File [C:/Users/nanim/GitHub/NewNewInsectHeaven/InsectHeaven/Saved/Config/Windows/Scalability.ini]
[2024.10.13-08.25.00:781][  0]LogConfig: Setting CVar [[r.SkeletalMeshLODBias:0]]
[2024.10.13-08.25.00:781][  0]LogConfig: Setting CVar [[r.ViewDistanceScale:1.0]]
[2024.10.13-08.25.00:781][  0]LogConfig: Applying CVar settings from Section [AntiAliasingQuality@3] File [C:/Users/nanim/GitHub/NewNewInsectHeaven/InsectHeaven/Saved/Config/Windows/Scalability.ini]
[2024.10.13-08.25.00:781][  0]LogConfig: Setting CVar [[r.PostProcessAAQuality:4]]
[2024.10.13-08.25.00:781][  0]LogConfig: Applying CVar settings from Section [ShadowQuality@3] File [C:/Users/nanim/GitHub/NewNewInsectHeaven/InsectHeaven/Saved/Config/Windows/Scalability.ini]
[2024.10.13-08.25.00:781][  0]LogConfig: Setting CVar [[r.LightFunctionQuality:1]]
[2024.10.13-08.25.00:781][  0]LogConfig: Setting CVar [[r.ShadowQuality:5]]
[2024.10.13-08.25.00:781][  0]LogConfig: Setting CVar [[r.Shadow.CSM.MaxCascades:10]]
[2024.10.13-08.25.00:781][  0]LogConfig: Setting CVar [[r.Shadow.MaxResolution:2048]]
[2024.10.13-08.25.00:781][  0]LogConfig: Setting CVar [[r.Shadow.MaxCSMResolution:2048]]
[2024.10.13-08.25.00:781][  0]LogConfig: Setting CVar [[r.Shadow.RadiusThreshold:0.01]]
[2024.10.13-08.25.00:782][  0]LogConfig: Setting CVar [[r.Shadow.DistanceScale:1.0]]
[2024.10.13-08.25.00:782][  0]LogConfig: Setting CVar [[r.Shadow.CSM.TransitionScale:1.0]]
[2024.10.13-08.25.00:782][  0]LogConfig: Setting CVar [[r.Shadow.PreShadowResolutionFactor:1.0]]
[2024.10.13-08.25.00:782][  0]LogConfig: Setting CVar [[r.DistanceFieldShadowing:1]]
[2024.10.13-08.25.00:782][  0]LogConfig: Setting CVar [[r.DistanceFieldAO:1]]
[2024.10.13-08.25.00:782][  0]LogConfig: Setting CVar [[r.AOQuality:2]]
[2024.10.13-08.25.00:782][  0]LogConfig: Setting CVar [[r.VolumetricFog:1]]
[2024.10.13-08.25.00:782][  0]LogConfig: Setting CVar [[r.VolumetricFog.GridPixelSize:8]]
[2024.10.13-08.25.00:782][  0]LogConfig: Setting CVar [[r.VolumetricFog.GridSizeZ:128]]
[2024.10.13-08.25.00:782][  0]LogConfig: Setting CVar [[r.VolumetricFog.HistoryMissSupersampleCount:4]]
[2024.10.13-08.25.00:783][  0]LogConfig: Setting CVar [[r.LightMaxDrawDistanceScale:1]]
[2024.10.13-08.25.00:783][  0]LogConfig: Setting CVar [[r.CapsuleShadows:1]]
[2024.10.13-08.25.00:783][  0]LogConfig: Applying CVar settings from Section [PostProcessQuality@3] File [C:/Users/nanim/GitHub/NewNewInsectHeaven/InsectHeaven/Saved/Config/Windows/Scalability.ini]
[2024.10.13-08.25.00:783][  0]LogConfig: Setting CVar [[r.MotionBlurQuality:4]]
[2024.10.13-08.25.00:783][  0]LogConfig: Setting CVar [[r.AmbientOcclusionMipLevelFactor:0.4]]
[2024.10.13-08.25.00:783][  0]LogConfig: Setting CVar [[r.AmbientOcclusionMaxQuality:100]]
[2024.10.13-08.25.00:783][  0]LogConfig: Setting CVar [[r.AmbientOcclusionLevels:-1]]
[2024.10.13-08.25.00:783][  0]LogConfig: Setting CVar [[r.AmbientOcclusionRadiusScale:1.0]]
[2024.10.13-08.25.00:783][  0]LogConfig: Setting CVar [[r.DepthOfFieldQuality:2]]
[2024.10.13-08.25.00:783][  0]LogConfig: Setting CVar [[r.RenderTargetPoolMin:400]]
[2024.10.13-08.25.00:784][  0]LogConfig: Setting CVar [[r.LensFlareQuality:2]]
[2024.10.13-08.25.00:784][  0]LogConfig: Setting CVar [[r.SceneColorFringeQuality:1]]
[2024.10.13-08.25.00:784][  0]LogConfig: Setting CVar [[r.EyeAdaptationQuality:2]]
[2024.10.13-08.25.00:784][  0]LogConfig: Setting CVar [[r.BloomQuality:5]]
[2024.10.13-08.25.00:784][  0]LogConfig: Setting CVar [[r.FastBlurThreshold:100]]
[2024.10.13-08.25.00:784][  0]LogConfig: Setting CVar [[r.Upscale.Quality:3]]
[2024.10.13-08.25.00:784][  0]LogConfig: Setting CVar [[r.Tonemapper.GrainQuantization:1]]
[2024.10.13-08.25.00:784][  0]LogConfig: Setting CVar [[r.LightShaftQuality:1]]
[2024.10.13-08.25.00:784][  0]LogConfig: Setting CVar [[r.Filter.SizeScale:1]]
[2024.10.13-08.25.00:784][  0]LogConfig: Setting CVar [[r.Tonemapper.Quality:5]]
[2024.10.13-08.25.00:785][  0]LogConfig: Setting CVar [[r.DOF.Gather.AccumulatorQuality:1        ; higher gathering accumulator quality]]
[2024.10.13-08.25.00:785][  0]LogConfig: Setting CVar [[r.DOF.Gather.PostfilterMethod:1          ; Median3x3 postfilering method]]
[2024.10.13-08.25.00:785][  0]LogConfig: Setting CVar [[r.DOF.Gather.EnableBokehSettings:0       ; no bokeh simulation when gathering]]
[2024.10.13-08.25.00:785][  0]LogConfig: Setting CVar [[r.DOF.Gather.RingCount:4                 ; medium number of samples when gathering]]
[2024.10.13-08.25.00:785][  0]LogConfig: Setting CVar [[r.DOF.Scatter.ForegroundCompositing:1    ; additive foreground scattering]]
[2024.10.13-08.25.00:785][  0]LogConfig: Setting CVar [[r.DOF.Scatter.BackgroundCompositing:2    ; additive background scattering]]
[2024.10.13-08.25.00:785][  0]LogConfig: Setting CVar [[r.DOF.Scatter.EnableBokehSettings:1      ; bokeh simulation when scattering]]
[2024.10.13-08.25.00:785][  0]LogConfig: Setting CVar [[r.DOF.Scatter.MaxSpriteRatio:0.1         ; only a maximum of 10% of scattered bokeh]]
[2024.10.13-08.25.00:785][  0]LogConfig: Setting CVar [[r.DOF.Recombine.Quality:1                ; cheap slight out of focus]]
[2024.10.13-08.25.00:785][  0]LogConfig: Setting CVar [[r.DOF.Recombine.EnableBokehSettings:0    ; no bokeh simulation on slight out of focus]]
[2024.10.13-08.25.00:785][  0]LogConfig: Setting CVar [[r.DOF.TemporalAAQuality:1                ; more stable temporal accumulation]]
[2024.10.13-08.25.00:786][  0]LogConfig: Setting CVar [[r.DOF.Kernel.MaxForegroundRadius:0.025]]
[2024.10.13-08.25.00:786][  0]LogConfig: Setting CVar [[r.DOF.Kernel.MaxBackgroundRadius:0.025]]
[2024.10.13-08.25.00:786][  0]LogConfig: Applying CVar settings from Section [TextureQuality@3] File [C:/Users/nanim/GitHub/NewNewInsectHeaven/InsectHeaven/Saved/Config/Windows/Scalability.ini]
[2024.10.13-08.25.00:786][  0]LogConfig: Setting CVar [[r.Streaming.MipBias:0]]
[2024.10.13-08.25.00:786][  0]LogConfig: Setting CVar [[r.Streaming.AmortizeCPUToGPUCopy:0]]
[2024.10.13-08.25.00:786][  0]LogConfig: Setting CVar [[r.Streaming.MaxNumTexturesToStreamPerFrame:0]]
[2024.10.13-08.25.00:786][  0]LogConfig: Setting CVar [[r.Streaming.Boost:1]]
[2024.10.13-08.25.00:786][  0]LogConfig: Setting CVar [[r.MaxAnisotropy:8]]
[2024.10.13-08.25.00:786][  0]LogConfig: Setting CVar [[r.VT.MaxAnisotropy:8]]
[2024.10.13-08.25.00:786][  0]LogConfig: Setting CVar [[r.Streaming.LimitPoolSizeToVRAM:0]]
[2024.10.13-08.25.00:786][  0]LogConfig: Setting CVar [[r.Streaming.PoolSize:1000]]
[2024.10.13-08.25.00:787][  0]LogConfig: Setting CVar [[r.Streaming.MaxEffectiveScreenSize:0]]
[2024.10.13-08.25.00:787][  0]LogConfig: Applying CVar settings from Section [EffectsQuality@3] File [C:/Users/nanim/GitHub/NewNewInsectHeaven/InsectHeaven/Saved/Config/Windows/Scalability.ini]
[2024.10.13-08.25.00:787][  0]LogConfig: Setting CVar [[r.TranslucencyLightingVolumeDim:64]]
[2024.10.13-08.25.00:787][  0]LogConfig: Setting CVar [[r.RefractionQuality:2]]
[2024.10.13-08.25.00:787][  0]LogConfig: Setting CVar [[r.SSR.Quality:3]]
[2024.10.13-08.25.00:787][  0]LogConfig: Setting CVar [[r.SSR.HalfResSceneColor:0]]
[2024.10.13-08.25.00:787][  0]LogConfig: Setting CVar [[r.SceneColorFormat:4]]
[2024.10.13-08.25.00:787][  0]LogConfig: Setting CVar [[r.DetailMode:2]]
[2024.10.13-08.25.00:787][  0]LogConfig: Setting CVar [[r.TranslucencyVolumeBlur:1]]
[2024.10.13-08.25.00:787][  0]LogConfig: Setting CVar [[r.MaterialQualityLevel:1 ; High quality]]
[2024.10.13-08.25.00:787][  0]LogConfig: Setting CVar [[r.AnisotropicMaterials:1]]
[2024.10.13-08.25.00:788][  0]LogConfig: Setting CVar [[r.SSS.Scale:1]]
[2024.10.13-08.25.00:788][  0]LogConfig: Setting CVar [[r.SSS.SampleSet:2]]
[2024.10.13-08.25.00:788][  0]LogConfig: Setting CVar [[r.SSS.Quality:1]]
[2024.10.13-08.25.00:788][  0]LogConfig: Setting CVar [[r.SSS.HalfRes:0]]
[2024.10.13-08.25.00:788][  0]LogConfig: Setting CVar [[r.SSGI.Quality:3]]
[2024.10.13-08.25.00:788][  0]LogConfig: Setting CVar [[r.EmitterSpawnRateScale:1.0]]
[2024.10.13-08.25.00:788][  0]LogConfig: Setting CVar [[r.ParticleLightQuality:2]]
[2024.10.13-08.25.00:788][  0]LogConfig: Setting CVar [[r.SkyAtmosphere.AerialPerspectiveLUT.FastApplyOnOpaque:1 ; Always have FastSkyLUT 1 in this case to avoid wrong sky]]
[2024.10.13-08.25.00:788][  0]LogConfig: Setting CVar [[r.SkyAtmosphere.AerialPerspectiveLUT.SampleCountMaxPerSlice:4]]
[2024.10.13-08.25.00:788][  0]LogConfig: Setting CVar [[r.SkyAtmosphere.AerialPerspectiveLUT.DepthResolution:16.0]]
[2024.10.13-08.25.00:789][  0]LogConfig: Setting CVar [[r.SkyAtmosphere.FastSkyLUT:1]]
[2024.10.13-08.25.00:789][  0]LogConfig: Setting CVar [[r.SkyAtmosphere.FastSkyLUT.SampleCountMin:4.0]]
[2024.10.13-08.25.00:789][  0]LogConfig: Setting CVar [[r.SkyAtmosphere.FastSkyLUT.SampleCountMax:128.0]]
[2024.10.13-08.25.00:789][  0]LogConfig: Setting CVar [[r.SkyAtmosphere.SampleCountMin:4.0]]
[2024.10.13-08.25.00:789][  0]LogConfig: Setting CVar [[r.SkyAtmosphere.SampleCountMax:128.0]]
[2024.10.13-08.25.00:789][  0]LogConfig: Setting CVar [[r.SkyAtmosphere.TransmittanceLUT.UseSmallFormat:0]]
[2024.10.13-08.25.00:789][  0]LogConfig: Setting CVar [[r.SkyAtmosphere.TransmittanceLUT.SampleCount:10.0]]
[2024.10.13-08.25.00:789][  0]LogConfig: Setting CVar [[r.SkyAtmosphere.MultiScatteringLUT.SampleCount:15.0]]
[2024.10.13-08.25.00:789][  0]LogConfig: Setting CVar [[r.SkyLight.RealTimeReflectionCapture:1]]
[2024.10.13-08.25.00:789][  0]LogConfig: Applying CVar settings from Section [FoliageQuality@3] File [C:/Users/nanim/GitHub/NewNewInsectHeaven/InsectHeaven/Saved/Config/Windows/Scalability.ini]
[2024.10.13-08.25.00:789][  0]LogConfig: Setting CVar [[foliage.DensityScale:1.0]]
[2024.10.13-08.25.00:790][  0]LogConfig: Setting CVar [[grass.DensityScale:1.0]]
[2024.10.13-08.25.00:790][  0]LogConfig: Applying CVar settings from Section [ShadingQuality@3] File [C:/Users/nanim/GitHub/NewNewInsectHeaven/InsectHeaven/Saved/Config/Windows/Scalability.ini]
[2024.10.13-08.25.00:790][  0]LogConfig: Setting CVar [[r.HairStrands.SkyLighting.IntegrationType:2]]
[2024.10.13-08.25.00:790][  0]LogConfig: Setting CVar [[r.HairStrands.SkyAO.SampleCount:4]]
[2024.10.13-08.25.00:790][  0]LogConfig: Setting CVar [[r.HairStrands.Visibility.MSAA.SamplePerPixel:4]]
[2024.10.13-08.25.00:790][  0]LogConfig: Applying CVar settings from Section [Startup] File [../../../Engine/Config/ConsoleVariables.ini]
[2024.10.13-08.25.00:790][  0]LogConfig: Setting CVar [[net.UseAdaptiveNetUpdateFrequency:0]]
[2024.10.13-08.25.00:791][  0]LogConfig: Setting CVar [[p.chaos.AllowCreatePhysxBodies:1]]
[2024.10.13-08.25.00:791][  0]LogConfig: Setting CVar [[fx.SkipVectorVMBackendOptimizations:1]]
[2024.10.13-08.25.00:791][  0]LogConfig: Applying CVar settings from Section [ConsoleVariables] File [C:/Users/nanim/GitHub/NewNewInsectHeaven/InsectHeaven/Saved/Config/Windows/Engine.ini]
[2024.10.13-08.25.00:791][  0]LogConfig: Applying CVar settings from Section [ConsoleVariables] File [C:/Users/nanim/GitHub/NewNewInsectHeaven/InsectHeaven/Saved/Config/Windows/Editor.ini]
[2024.10.13-08.25.00:791][  0]LogInit: Computer: DESKTOP-NS5ONMH
[2024.10.13-08.25.00:791][  0]LogInit: User: nanim
[2024.10.13-08.25.00:791][  0]LogInit: CPU Page size=4096, Cores=12
[2024.10.13-08.25.00:791][  0]LogInit: High frequency timer resolution =10.000000 MHz
[2024.10.13-08.25.00:791][  0]LogMemory: Memory total: Physical=31.2GB (32GB approx)
[2024.10.13-08.25.00:791][  0]LogMemory: Platform Memory Stats for Windows
[2024.10.13-08.25.00:792][  0]LogMemory: Process Physical Memory: 149.38 MB used, 149.38 MB peak
[2024.10.13-08.25.00:792][  0]LogMemory: Process Virtual Memory: 128.83 MB used, 128.83 MB peak
[2024.10.13-08.25.00:792][  0]LogMemory: Physical Memory: 16549.49 MB used,  15357.74 MB free, 31907.23 MB total
[2024.10.13-08.25.00:792][  0]LogMemory: Virtual Memory: 134177448.00 MB used,  40280.50 MB free, 134217728.00 MB total
[2024.10.13-08.25.00:804][  0]LogWindows: WindowsPlatformFeatures enabled
[2024.10.13-08.25.00:903][  0]LogInit: Physics initialised using underlying interface: PhysX
[2024.10.13-08.25.00:904][  0]LogInit: Using OS detected language (ko-KR).
[2024.10.13-08.25.00:904][  0]LogInit: Using OS detected locale (ko-KR).
[2024.10.13-08.25.00:907][  0]LogTextLocalizationManager: No specific localization for 'ko-KR' exists, so the 'ko' localization will be used.
[2024.10.13-08.25.00:980][  0]LogInit: Setting process to per monitor DPI aware
[2024.10.13-08.25.01:110][  0]LogWindowsTextInputMethodSystem: Display: IME system deactivated.
[2024.10.13-08.25.01:137][  0]LogSlate: New Slate User Created.  User Index 0, Is Virtual User: 0
[2024.10.13-08.25.01:137][  0]LogSlate: Slate User Registered.  User Index 0, Is Virtual User: 0
[2024.10.13-08.25.01:277][  0]LogD3D11RHI: Loaded GFSDK_Aftermath_Lib.x64.dll
[2024.10.13-08.25.01:284][  0]LogHMD: Failed to initialize OpenVR with code 110
[2024.10.13-08.25.01:284][  0]LogD3D11RHI: D3D11 min allowed feature level: 11_0
[2024.10.13-08.25.01:284][  0]LogD3D11RHI: D3D11 max allowed feature level: 11_0
[2024.10.13-08.25.01:284][  0]LogD3D11RHI: D3D11 adapters:
[2024.10.13-08.25.01:390][  0]LogD3D11RHI:    0. 'AMD Radeon RX 7900 XTX' (Feature Level 11_0)
[2024.10.13-08.25.01:390][  0]LogD3D11RHI:       24491/0/15953 MB DedicatedVideo/DedicatedSystem/SharedSystem, Outputs:2, VendorId:0x1002
[2024.10.13-08.25.01:454][  0]LogD3D11RHI:    1. 'AMD Radeon(TM) Graphics' (Feature Level 11_0)
[2024.10.13-08.25.01:454][  0]LogD3D11RHI:       459/0/15953 MB DedicatedVideo/DedicatedSystem/SharedSystem, Outputs:0, VendorId:0x1002
[2024.10.13-08.25.01:459][  0]LogD3D11RHI:    2. 'Microsoft Basic Render Driver' (Feature Level 11_0)
[2024.10.13-08.25.01:460][  0]LogD3D11RHI:       0/0/15953 MB DedicatedVideo/DedicatedSystem/SharedSystem, Outputs:0, VendorId:0x1414
[2024.10.13-08.25.01:460][  0]LogD3D11RHI: Chosen D3D11 Adapter:
[2024.10.13-08.25.01:460][  0]LogD3D11RHI:     Description : AMD Radeon RX 7900 XTX
[2024.10.13-08.25.01:460][  0]LogD3D11RHI:     VendorId    : 1002
[2024.10.13-08.25.01:460][  0]LogD3D11RHI:     DeviceId    : 744c
[2024.10.13-08.25.01:460][  0]LogD3D11RHI:     SubSysId    : e3b1002
[2024.10.13-08.25.01:460][  0]LogD3D11RHI:     Revision    : 00c8
[2024.10.13-08.25.01:460][  0]LogD3D11RHI:     DedicatedVideoMemory : 25681567744 bytes
[2024.10.13-08.25.01:460][  0]LogD3D11RHI:     DedicatedSystemMemory : 0 bytes
[2024.10.13-08.25.01:460][  0]LogD3D11RHI:     SharedSystemMemory : 16728580096 bytes
[2024.10.13-08.25.01:461][  0]LogD3D11RHI:     AdapterLuid : 0 76128
[2024.10.13-08.25.01:466][  0]LogD3D11RHI: Creating new Direct3DDevice
[2024.10.13-08.25.01:466][  0]LogD3D11RHI:     GPU DeviceId: 0x744c (for the marketing name, search the web for "GPU Device Id")
[2024.10.13-08.25.01:467][  0]LogWindows: EnumDisplayDevices:
[2024.10.13-08.25.01:467][  0]LogWindows:    0. 'AMD Radeon RX 7900 XTX' (P:1 D:1)
[2024.10.13-08.25.01:468][  0]LogWindows:    1. 'AMD Radeon RX 7900 XTX' (P:0 D:1)
[2024.10.13-08.25.01:469][  0]LogWindows:    2. 'AMD Radeon RX 7900 XTX' (P:0 D:0)
[2024.10.13-08.25.01:469][  0]LogWindows:    3. 'AMD Radeon RX 7900 XTX' (P:0 D:0)
[2024.10.13-08.25.01:470][  0]LogWindows:    4. 'AMD Radeon RX 7900 XTX' (P:0 D:0)
[2024.10.13-08.25.01:471][  0]LogWindows:    5. 'AMD Radeon(TM) Graphics' (P:0 D:0)
[2024.10.13-08.25.01:472][  0]LogWindows:    6. 'AMD Radeon(TM) Graphics' (P:0 D:0)
[2024.10.13-08.25.01:472][  0]LogWindows:    7. 'AMD Radeon(TM) Graphics' (P:0 D:0)
[2024.10.13-08.25.01:473][  0]LogWindows:    8. 'AMD Radeon(TM) Graphics' (P:0 D:0)
[2024.10.13-08.25.01:474][  0]LogWindows:    9. 'AMD Radeon(TM) Graphics' (P:0 D:0)
[2024.10.13-08.25.01:475][  0]LogWindows: DebugString: PrimaryIsNotTheChoosenAdapter PrimaryIsNotTheChoosenAdapter PrimaryIsNotTheChoosenAdapter PrimaryIsNotTheChoosenAdapter PrimaryIsNotTheChoosenAdapter FoundDriverCount:5 
[2024.10.13-08.25.01:475][  0]LogD3D11RHI:     Adapter Name: AMD Radeon RX 7900 XTX
[2024.10.13-08.25.01:475][  0]LogD3D11RHI:   Driver Version: AMD Software: Adrenalin Edition 24.9.1 (internal:32.0.12011.1036, unified:32.0.12011.1036)
[2024.10.13-08.25.01:475][  0]LogD3D11RHI:      Driver Date: 9-26-2024
[2024.10.13-08.25.01:475][  0]LogRHI: Texture pool is 16606 MB (70% of 23723 MB)
[2024.10.13-08.25.01:529][  0]LogD3D11RHI: Creating D3DDevice with AMD AGS, using adapter:
[2024.10.13-08.25.01:529][  0]LogD3D11RHI:     Description : AMD Radeon RX 7900 XTX
[2024.10.13-08.25.01:529][  0]LogD3D11RHI:     VendorId    : 1002
[2024.10.13-08.25.01:529][  0]LogD3D11RHI:     DeviceId    : 744c
[2024.10.13-08.25.01:529][  0]LogD3D11RHI:     SubSysId    : e3b1002
[2024.10.13-08.25.01:530][  0]LogD3D11RHI:     Revision    : 00c8
[2024.10.13-08.25.01:530][  0]LogD3D11RHI:     DedicatedVideoMemory : 25681567744 bytes
[2024.10.13-08.25.01:530][  0]LogD3D11RHI:     DedicatedSystemMemory : 0 bytes
[2024.10.13-08.25.01:530][  0]LogD3D11RHI:     SharedSystemMemory : 16728580096 bytes
[2024.10.13-08.25.01:530][  0]LogD3D11RHI:     AdapterLuid : 0 76128
[2024.10.13-08.25.01:609][  0]LogD3D11RHI: Created device via AGS, feature level 11_0, supported extensions 1fffffbf.
[2024.10.13-08.25.01:609][  0]LogD3D11RHI: RHI has support for 64 bit atomics
[2024.10.13-08.25.01:609][  0]LogD3D11RHI: Async texture creation enabled
[2024.10.13-08.25.01:610][  0]LogD3D11RHI: Array index from any shader is supported
[2024.10.13-08.25.01:620][  0]LogD3D11RHI: GPU Timing Frequency: 100.000000 (Debug: 2 1)
[2024.10.13-08.25.01:863][  0]LogTargetPlatformManager: Display: Loaded TargetPlatform 'AllDesktop'
[2024.10.13-08.25.01:883][  0]LogTargetPlatformManager: Display: Loaded TargetPlatform 'Android'
[2024.10.13-08.25.01:883][  0]LogTargetPlatformManager: Display: Loaded TargetPlatform 'Android_ASTC'
[2024.10.13-08.25.01:883][  0]LogTargetPlatformManager: Display: Loaded TargetPlatform 'Android_DXT'
[2024.10.13-08.25.01:883][  0]LogTargetPlatformManager: Display: Loaded TargetPlatform 'Android_ETC2'
[2024.10.13-08.25.01:883][  0]LogTargetPlatformManager: Display: Loaded TargetPlatform 'AndroidClient'
[2024.10.13-08.25.01:883][  0]LogTargetPlatformManager: Display: Loaded TargetPlatform 'Android_ASTCClient'
[2024.10.13-08.25.01:883][  0]LogTargetPlatformManager: Display: Loaded TargetPlatform 'Android_DXTClient'
[2024.10.13-08.25.01:883][  0]LogTargetPlatformManager: Display: Loaded TargetPlatform 'Android_ETC2Client'
[2024.10.13-08.25.01:884][  0]LogTargetPlatformManager: Display: Loaded TargetPlatform 'Android_Multi'
[2024.10.13-08.25.01:884][  0]LogTargetPlatformManager: Display: Loaded TargetPlatform 'Android_MultiClient'
[2024.10.13-08.25.01:912][  0]LogTargetPlatformManager: Display: Loaded TargetPlatform 'IOSClient'
[2024.10.13-08.25.01:912][  0]LogTargetPlatformManager: Display: Loaded TargetPlatform 'IOS'
[2024.10.13-08.25.01:924][  0]LogTargetPlatformManager: Display: Loaded TargetPlatform 'Linux'
[2024.10.13-08.25.01:932][  0]LogTargetPlatformManager: Display: Loaded TargetPlatform 'LinuxNoEditor'
[2024.10.13-08.25.01:940][  0]LogTargetPlatformManager: Display: Loaded TargetPlatform 'LinuxClient'
[2024.10.13-08.25.01:948][  0]LogTargetPlatformManager: Display: Loaded TargetPlatform 'LinuxServer'
[2024.10.13-08.25.01:960][  0]LogTargetPlatformManager: Display: Loaded TargetPlatform 'LinuxAArch64NoEditor'
[2024.10.13-08.25.01:968][  0]LogTargetPlatformManager: Display: Loaded TargetPlatform 'LinuxAArch64Client'
[2024.10.13-08.25.01:976][  0]LogTargetPlatformManager: Display: Loaded TargetPlatform 'LinuxAArch64Server'
[2024.10.13-08.25.01:997][  0]LogTargetPlatformManager: Display: Loaded TargetPlatform 'Lumin'
[2024.10.13-08.25.01:997][  0]LogTargetPlatformManager: Display: Loaded TargetPlatform 'LuminClient'
[2024.10.13-08.25.02:009][  0]LogTargetPlatformManager: Display: Loaded TargetPlatform 'MacNoEditor'
[2024.10.13-08.25.02:018][  0]LogTargetPlatformManager: Display: Loaded TargetPlatform 'Mac'
[2024.10.13-08.25.02:025][  0]LogTargetPlatformManager: Display: Loaded TargetPlatform 'MacClient'
[2024.10.13-08.25.02:033][  0]LogTargetPlatformManager: Display: Loaded TargetPlatform 'MacServer'
[2024.10.13-08.25.02:045][  0]LogTargetPlatformManager: Display: Loaded TargetPlatform 'TVOSClient'
[2024.10.13-08.25.02:045][  0]LogTargetPlatformManager: Display: Loaded TargetPlatform 'TVOS'
[2024.10.13-08.25.02:056][  0]LogTargetPlatformManager: Display: Loaded TargetPlatform 'WindowsNoEditor'
[2024.10.13-08.25.02:064][  0]LogTargetPlatformManager: Display: Loaded TargetPlatform 'Windows'
[2024.10.13-08.25.02:072][  0]LogTargetPlatformManager: Display: Loaded TargetPlatform 'WindowsClient'
[2024.10.13-08.25.02:081][  0]LogTargetPlatformManager: Display: Loaded TargetPlatform 'WindowsServer'
[2024.10.13-08.25.02:081][  0]LogTargetPlatformManager: Display: Building Assets For Windows
[2024.10.13-08.25.02:109][  0]LogAudioDebug: Display: Lib vorbis DLL was dynamically loaded.
[2024.10.13-08.25.02:203][  0]LogTextureFormatOodle: Display: Oodle Texture 2.9.0 init RDO Off
[2024.10.13-08.25.02:284][  0]LogRendererCore: Ray tracing is disabled. Reason: r.RayTracing=0.
[2024.10.13-08.25.02:284][  0]LogShaderCompilers: Guid format shader working directory is -19 characters bigger than the processId version (../../../../../Users/nanim/GitHub/NewNewInsectHeaven/InsectHeaven/Intermediate/Shaders/WorkingDirectory/6440/).
[2024.10.13-08.25.02:284][  0]LogShaderCompilers: Cleaned the shader compiler working directory 'C:/Users/nanim/AppData/Local/Temp/UnrealShaderWorkingDir/8BBCE8E249A8775F73C264B7C2C9D5BA/'.
[2024.10.13-08.25.02:285][  0]LogXGEController: Cannot use XGE Controller as Incredibuild is not installed on this machine.
[2024.10.13-08.25.02:285][  0]LogShaderCompilers: Cannot use XGE Shader Compiler as Incredibuild is not installed on this machine.
[2024.10.13-08.25.02:285][  0]LogShaderCompilers: Display: Using Local Shader Compiler.
[2024.10.13-08.25.02:732][  0]LogDerivedDataCache: Display: Max Cache Size: 512 MB
[2024.10.13-08.25.02:774][  0]LogDerivedDataCache: Loaded boot cache 0.04s 96MB C:/Users/nanim/AppData/Local/UnrealEngine/4.27/DerivedDataCache/Boot.ddc.
[2024.10.13-08.25.02:775][  0]LogDerivedDataCache: Display: Loaded Boot cache: C:/Users/nanim/AppData/Local/UnrealEngine/4.27/DerivedDataCache/Boot.ddc
[2024.10.13-08.25.02:775][  0]LogDerivedDataCache: FDerivedDataBackendGraph:  Pak pak cache file ../../../../../Users/nanim/GitHub/NewNewInsectHeaven/InsectHeaven/DerivedDataCache/DDC.ddp not found, will not use a pak cache.
[2024.10.13-08.25.02:775][  0]LogDerivedDataCache: Unable to find inner node Pak for hierarchical cache Hierarchy.
[2024.10.13-08.25.02:775][  0]LogDerivedDataCache: FDerivedDataBackendGraph:  CompressedPak pak cache file ../../../../../Users/nanim/GitHub/NewNewInsectHeaven/InsectHeaven/DerivedDataCache/Compressed.ddp not found, will not use a pak cache.
[2024.10.13-08.25.02:775][  0]LogDerivedDataCache: Unable to find inner node CompressedPak for hierarchical cache Hierarchy.
[2024.10.13-08.25.02:786][  0]LogDerivedDataCache: Display: Pak cache opened for reading ../../../Engine/DerivedDataCache/Compressed.ddp.
[2024.10.13-08.25.02:787][  0]LogDerivedDataCache: FDerivedDataBackendGraph:  EnterprisePak pak cache file ../../../Enterprise/DerivedDataCache/Compressed.ddp not found, will not use a pak cache.
[2024.10.13-08.25.02:787][  0]LogDerivedDataCache: Unable to find inner node EnterprisePak for hierarchical cache Hierarchy.
[2024.10.13-08.25.02:795][  0]LogDerivedDataCache: Speed tests for C:/Users/nanim/AppData/Local/UnrealEngine/Common/DerivedDataCache took 0.01 seconds
[2024.10.13-08.25.02:795][  0]LogDerivedDataCache: Display: Performance to C:/Users/nanim/AppData/Local/UnrealEngine/Common/DerivedDataCache: Latency=0.04ms. RandomReadSpeed=802.22MBs, RandomWriteSpeed=148.16MBs. Assigned SpeedClass 'Local'
[2024.10.13-08.25.02:796][  0]LogDerivedDataCache: Using Local data cache path C:/Users/nanim/AppData/Local/UnrealEngine/Common/DerivedDataCache: Writable
[2024.10.13-08.25.02:796][  0]LogDerivedDataCache: Shared data cache path not found in *engine.ini, will not use an Shared cache.
[2024.10.13-08.25.02:796][  0]LogDerivedDataCache: Unable to find inner node Shared for hierarchical cache Hierarchy.
[2024.10.13-08.25.02:822][  0]LogSlate: Using FreeType 2.10.0
[2024.10.13-08.25.02:822][  0]LogSlate: SlateFontServices - WITH_FREETYPE: 1, WITH_HARFBUZZ: 1
[2024.10.13-08.25.02:845][  0]LogAssetRegistry: FAssetRegistry took 0.0024 seconds to start up
[2024.10.13-08.25.02:987][  0]LogInit: Selected Device Profile: [Windows]
[2024.10.13-08.25.02:988][  0]LogInit: Active device profile: [00000169D0E08700][00000169CF64EE00 49] Windows
[2024.10.13-08.25.02:988][  0]LogInit: Profiles: [00000169D0E08700][00000169CF64EE00 49] Windows, [00000169D0DBF700][00000169CF656F80 49] WindowsNoEditor, [00000169D0E0B300][00000169CF65B100 49] WindowsServer, [00000169D0DBCF00][00000169CF65F280 49] WindowsClient, [00000169D0E0B500][00000169CF663400 49] IOS, [00000169D0DAFF00][00000169CF667580 49] iPadAir, [00000169D0DBFB00][00000169CF66B700 49] iPadAir2, [00000169D0D70500][00000169CF6739C0 49] IPadPro, [00000169D0D70600][00000169CF66FA00 49] iPadAir3, [00000169D0DAC100][00000169CF677B80 49] iPadAir4, [00000169D0D72C00][00000169CF67A180 49] iPadMini2, [00000169D0DAE500][00000169CF67E300 49] iPadMini3, [00000169D0D73400][00000169CF682480 49] iPadMini4, [00000169D0DACF00][00000169CF686600 49] iPadMini5, [00000169D0D6BE00][00000169CF68A840 49] iPhone6, [00000169D0D6BF00][00000169CF652880 49] iPodTouch6, [00000169D0E0B900][00000169CFFC6AC0 49] iPhone7, [00000169D0E0A100][00000169CFFC2B00 49] iPodTouch7, [00000169D0D68400][00000169CFFCEC80 49] iPhone5S, [00000169D0D73D00][00000169CFFD2E00 49] iPhone6Plus, [00000169D0E0B400][00000169CFFD6F80 49] iPhone6S, [00000169D0D72000][00000169CFFDB100 49] iPhone6SPlus, [00000169D0E08900][00000169CFFDF280 49] iPhone7Plus, [00000169D0D70E00][00000169CFFE3400 49] iPhoneSE, [00000169D0E0B100][00000169CFFE7580 49] iPhone8, [00000169D0D72400][00000169CFFEB700 49] iPhone8Plus, [00000169D0E0BA00][00000169CFFEF880 49] iPhoneX, [00000169D0D73E00][00000169CFFF3A00 49] iPhoneXS, [00000169D0E09500][00000169CFFF7B80 49] iPhoneXSMax, [00000169D0D72500][00000169CFFFA180 49] iPhoneXR, [00000169D0E0AA00][00000169CFFFE300 49] iPhone11, [00000169D0D73A00][00000169D0002480 49] iPhone11Pro, [00000169D0E08F00][00000169D0006600 49] iPhone11ProMax, [00000169D0D72300][00000169D000A780 49] iPhoneSE2, [00000169D0E09700][00000169D000E900 49] iPhone12Mini, [00000169D0D70700][00000169CFFCAA40 49] iPhone12, [00000169D0E08300][00000169D0012B80 49] iPhone12Pro, [00000169D0D73500][00000169D0016CC0 49] iPhone12ProMax, [00000169D0E08B00][00000169D001EE40 49] iPadPro105, [00000169D0D71B00][00000169D0022FC0 49] iPadPro129, [00000169D0E08200][00000169D0027140 49] iPadPro97, [00000169D0D72100][00000169D002B2C0 49] iPadPro2_129, [00000169D0E08D00][00000169D002F440 49] iPad5, [00000169D0D73000][00000169D00335C0 49] iPad6, [00000169D0E0AC00][00000169D0037740 49] iPad7, [00000169D0D72E00][00000169D003B8C0 49] iPad8, [00000169D0E09900][00000169D003FA40 49] iPadPro11, [00000169D0D73F00][00000169D0043BC0 49] iPadPro2_11, [00000169D0E09600][00000169D00461C0 49] iPadPro3_129, [00000169D0D72700][00000169D004A340 49] iPadPro4_129, [00000169D0E0A600][00000169D004E4C0 49] AppleTV, [00000169D0D72B00][00000169D0052640 49] AppleTV4K, [00000169D0E09B00][00000169D00A47C0 49] TVOS, [00000169D0D70900][00000169D00A8940 49] Mac, [00000169D0E0A700][00000169D00ACAC0 49] MacClient, [00000169D0D72F00][00000169D001AC00 49] MacNoEditor, [00000169D0E0BB00][00000169CAC80D40 49] MacServer, [00000169D0D70400][00000169C51E8E80 49] Linux, [00000169D0E0AE00][00000169C5780FC0 49] LinuxAArch64, [00000169D0D71500][00000169C88E3140 49] LinuxNoEditor, [00000169D0E0AB00][00000169C88E72C0 49] LinuxAArch64NoEditor, [00000169D0D73600][00000169C88EB440 49] LinuxClient, [00000169D0E0AD00][00000169C88EF5C0 49] LinuxAArch64Client, [00000169D0D70B00][00000169C88F7740 49] LinuxServer, [00000169D0E08400][00000169C890B8C0 49] LinuxAArch64Server, [00000169D0D73C00][00000169C890FA40 49] Android, [00000169D0DAFA00][00000169CFEA1BC0 49] Android_Low, [00000169D0D69B00][00000169CFEA41C0 49] Android_Mid, [00000169D0DAF000][00000169CAD1A340 49] Android_High, [00000169D0D6A300][00000169CAD2E4C0 49] Android_Default, [00000169D0DAE000][00000169C891C640 49] Android_Adreno4xx, [00000169D0D68100][00000169C89207C0 49] Android_Adreno5xx_Low, [00000169D0DACB00][00000169C8924940 49] Android_Adreno5xx, [00000169D0D69800][00000169C8928AC0 49] Android_Adreno6xx, [00000169D0DAD100][00000169C51D8C40 49] Android_Adreno6xx_Vulkan, [00000169D0D68800][00000169C88DED80 49] Android_Mali_T6xx, [00000169D0DAF600][00000169C51DCEC0 49] Android_Mali_T7xx, [00000169D0D68D00][00000169C5293000 49] Android_Mali_T8xx, [00000169D0DAFC00][00000169C51E1140 49] Android_Mali_G71, [00000169D0D69500][00000169D00912C0 49] Android_Mali_G72, [00000169D0DAFE00][00000169D0095440 49] Android_Mali_G72_Vulkan, [00000169D0D6BD00][00000169D00995C0 49] Android_Mali_G76, [00000169D0DAF900][00000169C577B740 49] Android_Mali_G76_Vulkan, [00000169D0D6B600][00000169D009D8C0 49] Android_Mali_G77, [00000169D0DAE200][00000169D00A1A40 49] Android_Mali_G77_Vulkan, [00000169D0D6B800][00000169CFC27BC0 49] Android_Mali_G78, [00000169D0DACA00][00000169CFC2E1C0 49] Android_Mali_G78_Vulkan, [00000169D0D6B400][00000169CFC3C340 49] Android_Mali_G710, [00000169D0DAD400][00000169CFC404C0 49] Android_Mali_G710_Vulkan, [00000169D0D68600][00000169D01CE640 49] Android_Vulkan_SM5, [00000169D0DAE400][00000169D01D27C0 49] Android_PowerVR_G6xxx, [00000169D0D68E00][00000169D01D6940 49] Android_PowerVR_GT7xxx, [00000169D0DAC200][00000169D01DAAC0 49] Android_PowerVR_GE8xxx, [00000169D0D68700][00000169C5168C40 49] Android_PowerVR_GM9xxx, [00000169D0DAE100][00000169C516CDC0 49] Android_PowerVR_GM9xxx_Vulkan, [00000169D0D72600][00000169D024EF40 49] Android_TegraK1, [00000169D0DAEA00][00000169C51E5080 49] Android_Unknown_Vulkan, [00000169D0D71400][00000169D026F1C0 49] Lumin, [00000169D0DAD300][00000169D0273300 49] Lumin_Desktop, [00000169D0D70C00][00000169C51A9480 49] HoloLens, 
[2024.10.13-08.25.03:127][  0]LogMeshReduction: Using QuadricMeshReduction for automatic static mesh reduction
[2024.10.13-08.25.03:127][  0]LogMeshReduction: Using SimplygonMeshReduction for automatic skeletal mesh reduction
[2024.10.13-08.25.03:127][  0]LogMeshReduction: Using ProxyLODMeshReduction for automatic mesh merging
[2024.10.13-08.25.03:127][  0]LogMeshReduction: No distributed automatic mesh merging module available
[2024.10.13-08.25.03:127][  0]LogMeshMerging: No distributed automatic mesh merging module available
[2024.10.13-08.25.03:146][  0]LogNetVersion: InsectHeaven 1.0.0, NetCL: 17155196, EngineNetVer: 17, GameNetVer: 0 (Checksum: 3375795940)
[2024.10.13-08.25.03:376][  0]LogTexture: Default maximum texture size for cubemaps generated from long-lat sources has been changed from 512 to unlimited. In order to preserve old behaiour for '/Engine/MapTemplates/Sky/DaylightAmbientCubemap.DaylightAmbientCubemap', its maximum texture size has been explicitly set to 512.
[2024.10.13-08.25.03:408][  0]LogHMD: PokeAHoleMaterial loaded successfully
[2024.10.13-08.25.03:414][  0]LogUObjectArray: 17178 objects as part of root set at end of initial load.
[2024.10.13-08.25.03:414][  0]LogUObjectAllocator: 4302048 out of 0 bytes used by permanent object pool.
[2024.10.13-08.25.03:414][  0]LogUObjectArray: CloseDisregardForGC: 0/0 objects in disregard for GC pool
[2024.10.13-08.25.04:009][  0]LogNiagaraDebuggerClient: Niagara Debugger Client Initialized | Session: 5787115E4021D2E0443D24832A521460 | Instance: 5563447446C7AA511D229EA23C71AD41 (DESKTOP-NS5ONMH-6440).
[2024.10.13-08.25.04:268][  0]LogPython: Using Python 3.7.7
[2024.10.13-08.25.04:570][  0]LogTcpMessaging: Initializing TcpMessaging bridge
[2024.10.13-08.25.04:580][  0]LogUdpMessaging: Initializing bridge on interface 0.0.0.0:0 to multicast group 230.0.0.1:6666.
[2024.10.13-08.25.05:100][  0]SourceControl: 소스 컨트롤이 꺼졌습니다.
[2024.10.13-08.25.05:100][  0]SourceControl: 소스 컨트롤이 꺼졌습니다.
[2024.10.13-08.25.05:110][  0]SourceControl: 소스 컨트롤이 꺼졌습니다.
[2024.10.13-08.25.05:127][  0]SourceControl: 소스 컨트롤이 꺼졌습니다.
[2024.10.13-08.25.05:145][  0]SourceControl: 소스 컨트롤이 꺼졌습니다.
[2024.10.13-08.25.05:153][  0]LogUProjectInfo: Found projects:
[2024.10.13-08.25.05:728][  0]LogOpenImageDenoise: OIDN starting up
[2024.10.13-08.25.05:759][  0]LogAndroidPermission: UAndroidPermissionCallbackProxy::GetInstance
[2024.10.13-08.25.05:817][  0]LogAudioCaptureCore: Display: No Audio Capture implementations found. Audio input will be silent.
[2024.10.13-08.25.05:817][  0]LogAudioCaptureCore: Display: No Audio Capture implementations found. Audio input will be silent.
[2024.10.13-08.25.06:013][  0]LogCollectionManager: Loaded 0 collections in 0.001559 seconds
[2024.10.13-08.25.06:067][  0]LogFileCache: Scanning file cache for directory 'C:/Users/nanim/GitHub/NewNewInsectHeaven/InsectHeaven/Saved/Collections/' took 0.00s
[2024.10.13-08.25.06:068][  0]LogFileCache: Scanning file cache for directory 'C:/Users/nanim/GitHub/NewNewInsectHeaven/InsectHeaven/Content/Developers/nanim/Collections/' took 0.00s
[2024.10.13-08.25.06:068][  0]LogFileCache: Scanning file cache for directory 'C:/Users/nanim/GitHub/NewNewInsectHeaven/InsectHeaven/Content/Collections/' took 0.00s
[2024.10.13-08.25.06:068][  0]LogOcInput: OculusInput pre-init called
[2024.10.13-08.25.06:275][  0]LogClass: Display: IntProperty FCharacter_2D::Name is not initialized properly. Module:InsectHeaven File:Table/DataStruct/Character_2D.h
[2024.10.13-08.25.06:275][  0]LogClass: Display: IntProperty FCharacter_2D::ImageID is not initialized properly. Module:InsectHeaven File:Table/DataStruct/Character_2D.h
[2024.10.13-08.25.06:275][  0]LogClass: Warning: ObjectProperty FDialogueClip::formerAction is not initialized properly. Module:InsectHeaven File:Library/Dialogue/DialogueEditToolWidget.h
[2024.10.13-08.25.06:275][  0]LogClass: Warning: ObjectProperty FDialogueClip::nowAction is not initialized properly. Module:InsectHeaven File:Library/Dialogue/DialogueEditToolWidget.h
[2024.10.13-08.25.06:275][  0]LogClass: Display: IntProperty FResource_Widget::PathFile is not initialized properly. Module:InsectHeaven File:Table/DataStruct/Resource_Widget.h
[2024.10.13-08.25.06:276][  0]LogClass: Display: IntProperty FScript_Local::Test is not initialized properly. Module:InsectHeaven File:Table/DataStruct/Script_Local.h
[2024.10.13-08.25.06:276][  0]LogClass: Display: 6 Uninitialized script struct members found including 2 object properties
[2024.10.13-08.25.06:277][  0]LogAutomationTest: Warning: ObjectProperty FDialogueClip::formerAction is not initialized properly. Module:InsectHeaven File:Library/Dialogue/DialogueEditToolWidget.h
[2024.10.13-08.25.06:277][  0]LogAutomationTest: Warning: ObjectProperty FDialogueClip::nowAction is not initialized properly. Module:InsectHeaven File:Library/Dialogue/DialogueEditToolWidget.h
[2024.10.13-08.25.06:277][  0]LogEngine: Initializing Engine...
[2024.10.13-08.25.06:285][  0]LogHMD: Failed to enumerate extensions. Please check that you have a valid OpenXR runtime installed.
[2024.10.13-08.25.06:285][  0]LogHMD: Failed to initialize OpenVR with code 110
[2024.10.13-08.25.06:285][  0]LogMagicLeap: Warning: VR disabled because ZI is not enabled.  To enable, in the editor, Edit -> Project Settings -> Plugins -> Magic Leap Plugin -> Enable Zero Iteration
[2024.10.13-08.25.06:286][  0]LogStats: UGameplayTagsManager::InitializeManager -  0.000 s
[2024.10.13-08.25.06:365][  0]LogInit: Initializing FReadOnlyCVARCache
[2024.10.13-08.25.06:377][  0]LogAIModule: Creating AISystem for world Untitled
[2024.10.13-08.25.06:377][  0]LogAudio: Display: Initializing Audio Device Manager...
[2024.10.13-08.25.06:385][  0]LogAudio: Display: Loading Default Audio Settings Objects...
[2024.10.13-08.25.06:386][  0]LogAudio: Display: No default SoundConcurrencyObject specified (or failed to load).
[2024.10.13-08.25.06:386][  0]LogAudio: Display: Audio Device Manager Initialized
[2024.10.13-08.25.06:386][  0]LogAudio: Display: Creating Audio Device:                 Id: 1, Scope: Shared, Realtime: True
[2024.10.13-08.25.06:386][  0]LogAudioMixer: Display: Audio Mixer Platform Settings:
[2024.10.13-08.25.06:387][  0]LogAudioMixer: Display: 	Sample Rate:						  48000
[2024.10.13-08.25.06:387][  0]LogAudioMixer: Display: 	Callback Buffer Frame Size Requested: 1024
[2024.10.13-08.25.06:387][  0]LogAudioMixer: Display: 	Callback Buffer Frame Size To Use:	  1024
[2024.10.13-08.25.06:387][  0]LogAudioMixer: Display: 	Number of buffers to queue:			  2
[2024.10.13-08.25.06:387][  0]LogAudioMixer: Display: 	Max Channels (voices):				  32
[2024.10.13-08.25.06:387][  0]LogAudioMixer: Display: 	Number of Async Source Workers:		  0
[2024.10.13-08.25.06:387][  0]LogAudio: Display: AudioDevice MaxSources: 32
[2024.10.13-08.25.06:388][  0]LogAudio: Display: Audio Spatialization Plugin: None (built-in).
[2024.10.13-08.25.06:388][  0]LogAudio: Display: Audio Reverb Plugin: None (built-in).
[2024.10.13-08.25.06:388][  0]LogAudio: Display: Audio Occlusion Plugin: None (built-in).
[2024.10.13-08.25.06:388][  0]LogAudioMixer: Display: Initializing audio mixer.
[2024.10.13-08.25.06:425][  0]LogAudioMixer: Display: 0: FrontLeft
[2024.10.13-08.25.06:425][  0]LogAudioMixer: Display: 1: FrontRight
[2024.10.13-08.25.06:468][  0]LogAudioMixer: Display: Using Audio Device 스피커(ABKO N550)
[2024.10.13-08.25.06:468][  0]LogAudioMixer: Display: Initializing Sound Submixes...
[2024.10.13-08.25.06:470][  0]LogAudioMixer: Display: Creating Master Submix 'MasterSubmixDefault'
[2024.10.13-08.25.06:470][  0]LogAudioMixer: Display: Creating Master Submix 'MasterReverbSubmixDefault'
[2024.10.13-08.25.06:471][  0]LogAudioMixer: Display: Creating Master Submix 'MasterEQSubmixDefault'
[2024.10.13-08.25.06:471][  0]LogAudioMixer: FMixerPlatformXAudio2::StartAudioStream() called
[2024.10.13-08.25.06:471][  0]LogAudioMixer: Display: Output buffers initialized: Frames=1024, Channels=2, Samples=2048
[2024.10.13-08.25.06:472][  0]LogAudioMixer: Display: Starting AudioMixerPlatformInterface::RunInternal()
[2024.10.13-08.25.06:472][  0]LogAudioMixer: Display: FMixerPlatformXAudio2::SubmitBuffer() called for the first time
[2024.10.13-08.25.06:472][  0]LogInit: FAudioDevice initialized.
[2024.10.13-08.25.06:472][  0]LogAudio: Display: Audio Device (ID: 1) registered with world 'Untitled'.
[2024.10.13-08.25.06:472][  0]LogNetVersion: Set ProjectVersion to 1.0.0.0. Version Checksum will be recalculated on next use.
[2024.10.13-08.25.06:923][  0]LogDerivedDataCache: Saved boot cache 0.45s 94MB C:/Users/nanim/AppData/Local/UnrealEngine/4.27/DerivedDataCache/Boot.ddc.
[2024.10.13-08.25.06:924][  0]LogInit: Texture streaming: Enabled
[2024.10.13-08.25.06:948][  0]LogAnalytics: Display: [UEEditor.Rocket.Release] APIServer = https://datarouter.ol.epicgames.com/. AppVersion = 4.27.2-18319896+++UE4+Release-4.27
[2024.10.13-08.25.06:956][  0]LogEngineSessionManager: EngineSessionManager initialized
[2024.10.13-08.25.06:957][  0]LogEditorSessionSummary: Verbose: Initializing EditorSessionSummaryWriter for editor session tracking
[2024.10.13-08.25.06:960][  0]LogEditorSessionSummary: EditorSessionSummaryWriter initialized
[2024.10.13-08.25.06:986][  0]LogInit: Transaction tracking system initialized
[2024.10.13-08.25.07:030][  0]BlueprintLog: New page: 에디터 로드
[2024.10.13-08.25.07:146][  0]LocalizationService: 현지화 서비스가 비활성화되었습니다.
[2024.10.13-08.25.07:204][  0]TimingProfiler: Initialize
[2024.10.13-08.25.07:205][  0]TimingProfiler: OnSessionChanged
[2024.10.13-08.25.07:205][  0]LoadingProfiler: Initialize
[2024.10.13-08.25.07:205][  0]LoadingProfiler: OnSessionChanged
[2024.10.13-08.25.07:205][  0]NetworkingProfiler: Initialize
[2024.10.13-08.25.07:205][  0]NetworkingProfiler: OnSessionChanged
[2024.10.13-08.25.07:205][  0]MemoryProfiler: Initialize
[2024.10.13-08.25.07:206][  0]MemoryProfiler: OnSessionChanged
[2024.10.13-08.25.07:382][  0]LogCook: Display: CookSettings for Memory: MemoryMaxUsedVirtual 0MiB, MemoryMaxUsedPhysical 16384MiB, MemoryMinFreeVirtual 0MiB, MemoryMinFreePhysical 1024MiB
[2024.10.13-08.25.07:382][  0]LogCook: Display: Mobile HDR setting 1
[2024.10.13-08.25.07:740][  0]LogFileCache: Scanning file cache for directory 'C:/Users/nanim/GitHub/NewNewInsectHeaven/InsectHeaven/Content/' took 0.01s
[2024.10.13-08.25.07:863][  0]LogInit: Display: Engine is initialized. Leaving FEngineLoop::Init()
[2024.10.13-08.25.07:866][  0]SourceControl: 소스 컨트롤이 꺼졌습니다.
[2024.10.13-08.25.07:867][  0]LogUnrealEdMisc: Loading editor; pre map load, took 8.905
[2024.10.13-08.25.07:867][  0]Cmd: MAP LOAD FILE="../../../../../Users/nanim/GitHub/NewNewInsectHeaven/InsectHeaven/Content/Scene/EmptyMainLevel.umap" TEMPLATE=0 SHOWPROGRESS=1 FEATURELEVEL=3
[2024.10.13-08.25.07:867][  0]LightingResults: New page: 라이팅 빌드
[2024.10.13-08.25.07:868][  0]LogWorld: UWorld::CleanupWorld for Untitled, bSessionEnded=true, bCleanupResources=true
[2024.10.13-08.25.07:868][  0]LogSlate: InvalidateAllWidgets triggered.  All widgets were invalidated
[2024.10.13-08.25.07:869][  0]MapCheck: New page: 맵 체크
[2024.10.13-08.25.07:869][  0]LightingResults: New page: 라이팅 빌드
[2024.10.13-08.25.07:872][  0]LogAudio: Display: Audio Device unregistered from world 'None'.
[2024.10.13-08.25.07:874][  0]LogUObjectHash: Compacting FUObjectHashTables data took   0.45ms
[2024.10.13-08.25.07:878][  0]LogAudio: Display: Audio Device (ID: 1) registered with world 'EmptyMainLevel'.
[2024.10.13-08.25.07:879][  0]LogAIModule: Creating AISystem for world EmptyMainLevel
[2024.10.13-08.25.07:879][  0]LogEditorServer: Finished looking for orphan Actors (0.000 secs)
[2024.10.13-08.25.07:882][  0]LogUObjectHash: Compacting FUObjectHashTables data took   0.35ms
[2024.10.13-08.25.07:883][  0]Cmd: MAP CHECKDEP NOCLEARLOG
[2024.10.13-08.25.07:883][  0]MapCheck: 맵 체크 완료: 오류 0 회, 경고 0 회, 소요 시간 0.148ms.
[2024.10.13-08.25.07:883][  0]LogFileHelpers: Loading map 'EmptyMainLevel' took 0.016
[2024.10.13-08.25.07:887][  0]LogUnrealEdMisc: Total Editor Startup Time, took 8.925
[2024.10.13-08.25.08:027][  0]LogSlate: Updating window title bar state: overlay mode, drag disabled, window buttons hidden, title bar hidden
[2024.10.13-08.25.08:031][  0]LogSlate: Updating window title bar state: overlay mode, drag disabled, window buttons hidden, title bar hidden
[2024.10.13-08.25.08:034][  0]LogSlate: Updating window title bar state: overlay mode, drag disabled, window buttons hidden, title bar hidden
[2024.10.13-08.25.08:037][  0]LogSlate: Updating window title bar state: overlay mode, drag disabled, window buttons hidden, title bar hidden
[2024.10.13-08.25.08:048][  0]LogNativeClassHierarchy: Verbose: Native class hierarchy populated in 0.0064 seconds. Added 3872 classes and 945 folders.
[2024.10.13-08.25.08:050][  0]LogNativeClassHierarchy: Verbose: Native class hierarchy updated for 'WidgetCarousel' in 0.0002 seconds. Added 0 classes and 0 folders.
[2024.10.13-08.25.08:051][  0]LogPakFile: PakFile PrimaryIndexSize=187
[2024.10.13-08.25.08:051][  0]LogPakFile: PakFile PathHashIndexSize=101
[2024.10.13-08.25.08:051][  0]LogPakFile: PakFile FullDirectoryIndexSize=148
[2024.10.13-08.25.08:051][  0]LogShaderLibrary: Display: ShaderCodeLibraryPakFileMountedCallback: PakFile 'C:/Program Files/UE_4.27/FeaturePacks/FP_FirstPerson.upack' (chunk index -1, root 'root:/') mounted
[2024.10.13-08.25.08:052][  0]LogShaderLibrary: Display: ShaderCodeLibraryPakFileMountedCallback: pending pak file info (ChunkID:-1 Root:root:/ File:C:/Program Files/UE_4.27/FeaturePacks/FP_FirstPerson.upack)
[2024.10.13-08.25.08:052][  0]LogPakFile: OnPakFileMounted2Time == 0.000273
[2024.10.13-08.25.08:052][  0]LogPakFile: PakFile PrimaryIndexSize=189
[2024.10.13-08.25.08:053][  0]LogPakFile: PakFile PathHashIndexSize=101
[2024.10.13-08.25.08:053][  0]LogPakFile: PakFile FullDirectoryIndexSize=152
[2024.10.13-08.25.08:053][  0]LogShaderLibrary: Display: ShaderCodeLibraryPakFileMountedCallback: PakFile 'C:/Program Files/UE_4.27/FeaturePacks/FP_FirstPersonBP.upack' (chunk index -1, root 'root:/') mounted
[2024.10.13-08.25.08:053][  0]LogShaderLibrary: Display: ShaderCodeLibraryPakFileMountedCallback: pending pak file info (ChunkID:-1 Root:root:/ File:C:/Program Files/UE_4.27/FeaturePacks/FP_FirstPersonBP.upack)
[2024.10.13-08.25.08:053][  0]LogPakFile: OnPakFileMounted2Time == 0.000327
[2024.10.13-08.25.08:054][  0]LogPakFile: PakFile PrimaryIndexSize=191
[2024.10.13-08.25.08:054][  0]LogPakFile: PakFile PathHashIndexSize=101
[2024.10.13-08.25.08:054][  0]LogPakFile: PakFile FullDirectoryIndexSize=160
[2024.10.13-08.25.08:054][  0]LogShaderLibrary: Display: ShaderCodeLibraryPakFileMountedCallback: PakFile 'C:/Program Files/UE_4.27/FeaturePacks/MobileStarterContent.upack' (chunk index -1, root 'root:/') mounted
[2024.10.13-08.25.08:054][  0]LogShaderLibrary: Display: ShaderCodeLibraryPakFileMountedCallback: pending pak file info (ChunkID:-1 Root:root:/ File:C:/Program Files/UE_4.27/FeaturePacks/MobileStarterContent.upack)
[2024.10.13-08.25.08:054][  0]LogPakFile: OnPakFileMounted2Time == 0.000263
[2024.10.13-08.25.08:055][  0]LogPakFile: PakFile PrimaryIndexSize=185
[2024.10.13-08.25.08:055][  0]LogPakFile: PakFile PathHashIndexSize=101
[2024.10.13-08.25.08:055][  0]LogPakFile: PakFile FullDirectoryIndexSize=148
[2024.10.13-08.25.08:055][  0]LogShaderLibrary: Display: ShaderCodeLibraryPakFileMountedCallback: PakFile 'C:/Program Files/UE_4.27/FeaturePacks/StarterContent.upack' (chunk index -1, root 'root:/') mounted
[2024.10.13-08.25.08:055][  0]LogShaderLibrary: Display: ShaderCodeLibraryPakFileMountedCallback: pending pak file info (ChunkID:-1 Root:root:/ File:C:/Program Files/UE_4.27/FeaturePacks/StarterContent.upack)
[2024.10.13-08.25.08:055][  0]LogPakFile: OnPakFileMounted2Time == 0.000315
[2024.10.13-08.25.08:056][  0]LogPakFile: PakFile PrimaryIndexSize=190
[2024.10.13-08.25.08:056][  0]LogPakFile: PakFile PathHashIndexSize=101
[2024.10.13-08.25.08:056][  0]LogPakFile: PakFile FullDirectoryIndexSize=154
[2024.10.13-08.25.08:056][  0]LogShaderLibrary: Display: ShaderCodeLibraryPakFileMountedCallback: PakFile 'C:/Program Files/UE_4.27/FeaturePacks/TP_2DSideScroller.upack' (chunk index -1, root 'root:/') mounted
[2024.10.13-08.25.08:056][  0]LogShaderLibrary: Display: ShaderCodeLibraryPakFileMountedCallback: pending pak file info (ChunkID:-1 Root:root:/ File:C:/Program Files/UE_4.27/FeaturePacks/TP_2DSideScroller.upack)
[2024.10.13-08.25.08:056][  0]LogPakFile: OnPakFileMounted2Time == 0.000227
[2024.10.13-08.25.08:057][  0]LogPakFile: PakFile PrimaryIndexSize=192
[2024.10.13-08.25.08:057][  0]LogPakFile: PakFile PathHashIndexSize=101
[2024.10.13-08.25.08:057][  0]LogPakFile: PakFile FullDirectoryIndexSize=158
[2024.10.13-08.25.08:057][  0]LogShaderLibrary: Display: ShaderCodeLibraryPakFileMountedCallback: PakFile 'C:/Program Files/UE_4.27/FeaturePacks/TP_2DSideScrollerBP.upack' (chunk index -1, root 'root:/') mounted
[2024.10.13-08.25.08:057][  0]LogShaderLibrary: Display: ShaderCodeLibraryPakFileMountedCallback: pending pak file info (ChunkID:-1 Root:root:/ File:C:/Program Files/UE_4.27/FeaturePacks/TP_2DSideScrollerBP.upack)
[2024.10.13-08.25.08:057][  0]LogPakFile: OnPakFileMounted2Time == 0.000257
[2024.10.13-08.25.08:058][  0]LogPakFile: PakFile PrimaryIndexSize=182
[2024.10.13-08.25.08:058][  0]LogPakFile: PakFile PathHashIndexSize=101
[2024.10.13-08.25.08:058][  0]LogPakFile: PakFile FullDirectoryIndexSize=138
[2024.10.13-08.25.08:058][  0]LogShaderLibrary: Display: ShaderCodeLibraryPakFileMountedCallback: PakFile 'C:/Program Files/UE_4.27/FeaturePacks/TP_Flying.upack' (chunk index -1, root 'root:/') mounted
[2024.10.13-08.25.08:058][  0]LogShaderLibrary: Display: ShaderCodeLibraryPakFileMountedCallback: pending pak file info (ChunkID:-1 Root:root:/ File:C:/Program Files/UE_4.27/FeaturePacks/TP_Flying.upack)
[2024.10.13-08.25.08:058][  0]LogPakFile: OnPakFileMounted2Time == 0.000259
[2024.10.13-08.25.08:059][  0]LogPakFile: PakFile PrimaryIndexSize=184
[2024.10.13-08.25.08:059][  0]LogPakFile: PakFile PathHashIndexSize=101
[2024.10.13-08.25.08:059][  0]LogPakFile: PakFile FullDirectoryIndexSize=142
[2024.10.13-08.25.08:059][  0]LogShaderLibrary: Display: ShaderCodeLibraryPakFileMountedCallback: PakFile 'C:/Program Files/UE_4.27/FeaturePacks/TP_FlyingBP.upack' (chunk index -1, root 'root:/') mounted
[2024.10.13-08.25.08:059][  0]LogShaderLibrary: Display: ShaderCodeLibraryPakFileMountedCallback: pending pak file info (ChunkID:-1 Root:root:/ File:C:/Program Files/UE_4.27/FeaturePacks/TP_FlyingBP.upack)
[2024.10.13-08.25.08:059][  0]LogPakFile: OnPakFileMounted2Time == 0.000262
[2024.10.13-08.25.08:060][  0]LogPakFile: PakFile PrimaryIndexSize=188
[2024.10.13-08.25.08:060][  0]LogPakFile: PakFile PathHashIndexSize=101
[2024.10.13-08.25.08:060][  0]LogPakFile: PakFile FullDirectoryIndexSize=150
[2024.10.13-08.25.08:060][  0]LogShaderLibrary: Display: ShaderCodeLibraryPakFileMountedCallback: PakFile 'C:/Program Files/UE_4.27/FeaturePacks/TP_HandheldARBP.upack' (chunk index -1, root 'root:/') mounted
[2024.10.13-08.25.08:060][  0]LogShaderLibrary: Display: ShaderCodeLibraryPakFileMountedCallback: pending pak file info (ChunkID:-1 Root:root:/ File:C:/Program Files/UE_4.27/FeaturePacks/TP_HandheldARBP.upack)
[2024.10.13-08.25.08:061][  0]LogPakFile: OnPakFileMounted2Time == 0.000317
[2024.10.13-08.25.08:061][  0]LogPakFile: PakFile PrimaryIndexSize=182
[2024.10.13-08.25.08:061][  0]LogPakFile: PakFile PathHashIndexSize=101
[2024.10.13-08.25.08:061][  0]LogPakFile: PakFile FullDirectoryIndexSize=138
[2024.10.13-08.25.08:061][  0]LogShaderLibrary: Display: ShaderCodeLibraryPakFileMountedCallback: PakFile 'C:/Program Files/UE_4.27/FeaturePacks/TP_Puzzle.upack' (chunk index -1, root 'root:/') mounted
[2024.10.13-08.25.08:062][  0]LogShaderLibrary: Display: ShaderCodeLibraryPakFileMountedCallback: pending pak file info (ChunkID:-1 Root:root:/ File:C:/Program Files/UE_4.27/FeaturePacks/TP_Puzzle.upack)
[2024.10.13-08.25.08:062][  0]LogPakFile: OnPakFileMounted2Time == 0.000402
[2024.10.13-08.25.08:063][  0]LogPakFile: PakFile PrimaryIndexSize=184
[2024.10.13-08.25.08:063][  0]LogPakFile: PakFile PathHashIndexSize=101
[2024.10.13-08.25.08:063][  0]LogPakFile: PakFile FullDirectoryIndexSize=142
[2024.10.13-08.25.08:063][  0]LogShaderLibrary: Display: ShaderCodeLibraryPakFileMountedCallback: PakFile 'C:/Program Files/UE_4.27/FeaturePacks/TP_PuzzleBP.upack' (chunk index -1, root 'root:/') mounted
[2024.10.13-08.25.08:063][  0]LogShaderLibrary: Display: ShaderCodeLibraryPakFileMountedCallback: pending pak file info (ChunkID:-1 Root:root:/ File:C:/Program Files/UE_4.27/FeaturePacks/TP_PuzzleBP.upack)
[2024.10.13-08.25.08:063][  0]LogPakFile: OnPakFileMounted2Time == 0.000259
[2024.10.13-08.25.08:064][  0]LogPakFile: PakFile PrimaryIndexSize=183
[2024.10.13-08.25.08:064][  0]LogPakFile: PakFile PathHashIndexSize=101
[2024.10.13-08.25.08:064][  0]LogPakFile: PakFile FullDirectoryIndexSize=140
[2024.10.13-08.25.08:064][  0]LogShaderLibrary: Display: ShaderCodeLibraryPakFileMountedCallback: PakFile 'C:/Program Files/UE_4.27/FeaturePacks/TP_Rolling.upack' (chunk index -1, root 'root:/') mounted
[2024.10.13-08.25.08:065][  0]LogShaderLibrary: Display: ShaderCodeLibraryPakFileMountedCallback: pending pak file info (ChunkID:-1 Root:root:/ File:C:/Program Files/UE_4.27/FeaturePacks/TP_Rolling.upack)
[2024.10.13-08.25.08:065][  0]LogPakFile: OnPakFileMounted2Time == 0.000255
[2024.10.13-08.25.08:065][  0]LogPakFile: PakFile PrimaryIndexSize=185
[2024.10.13-08.25.08:066][  0]LogPakFile: PakFile PathHashIndexSize=101
[2024.10.13-08.25.08:066][  0]LogPakFile: PakFile FullDirectoryIndexSize=144
[2024.10.13-08.25.08:066][  0]LogShaderLibrary: Display: ShaderCodeLibraryPakFileMountedCallback: PakFile 'C:/Program Files/UE_4.27/FeaturePacks/TP_RollingBP.upack' (chunk index -1, root 'root:/') mounted
[2024.10.13-08.25.08:066][  0]LogShaderLibrary: Display: ShaderCodeLibraryPakFileMountedCallback: pending pak file info (ChunkID:-1 Root:root:/ File:C:/Program Files/UE_4.27/FeaturePacks/TP_RollingBP.upack)
[2024.10.13-08.25.08:066][  0]LogPakFile: OnPakFileMounted2Time == 0.000217
[2024.10.13-08.25.08:067][  0]LogPakFile: PakFile PrimaryIndexSize=188
[2024.10.13-08.25.08:067][  0]LogPakFile: PakFile PathHashIndexSize=101
[2024.10.13-08.25.08:067][  0]LogPakFile: PakFile FullDirectoryIndexSize=150
[2024.10.13-08.25.08:067][  0]LogShaderLibrary: Display: ShaderCodeLibraryPakFileMountedCallback: PakFile 'C:/Program Files/UE_4.27/FeaturePacks/TP_SideScroller.upack' (chunk index -1, root 'root:/') mounted
[2024.10.13-08.25.08:067][  0]LogShaderLibrary: Display: ShaderCodeLibraryPakFileMountedCallback: pending pak file info (ChunkID:-1 Root:root:/ File:C:/Program Files/UE_4.27/FeaturePacks/TP_SideScroller.upack)
[2024.10.13-08.25.08:067][  0]LogPakFile: OnPakFileMounted2Time == 0.000270
[2024.10.13-08.25.08:068][  0]LogPakFile: PakFile PrimaryIndexSize=190
[2024.10.13-08.25.08:068][  0]LogPakFile: PakFile PathHashIndexSize=101
[2024.10.13-08.25.08:068][  0]LogPakFile: PakFile FullDirectoryIndexSize=154
[2024.10.13-08.25.08:068][  0]LogShaderLibrary: Display: ShaderCodeLibraryPakFileMountedCallback: PakFile 'C:/Program Files/UE_4.27/FeaturePacks/TP_SideScrollerBP.upack' (chunk index -1, root 'root:/') mounted
[2024.10.13-08.25.08:068][  0]LogShaderLibrary: Display: ShaderCodeLibraryPakFileMountedCallback: pending pak file info (ChunkID:-1 Root:root:/ File:C:/Program Files/UE_4.27/FeaturePacks/TP_SideScrollerBP.upack)
[2024.10.13-08.25.08:068][  0]LogPakFile: OnPakFileMounted2Time == 0.000244
[2024.10.13-08.25.08:069][  0]LogPakFile: PakFile PrimaryIndexSize=187
[2024.10.13-08.25.08:069][  0]LogPakFile: PakFile PathHashIndexSize=101
[2024.10.13-08.25.08:069][  0]LogPakFile: PakFile FullDirectoryIndexSize=148
[2024.10.13-08.25.08:069][  0]LogShaderLibrary: Display: ShaderCodeLibraryPakFileMountedCallback: PakFile 'C:/Program Files/UE_4.27/FeaturePacks/TP_ThirdPerson.upack' (chunk index -1, root 'root:/') mounted
[2024.10.13-08.25.08:069][  0]LogShaderLibrary: Display: ShaderCodeLibraryPakFileMountedCallback: pending pak file info (ChunkID:-1 Root:root:/ File:C:/Program Files/UE_4.27/FeaturePacks/TP_ThirdPerson.upack)
[2024.10.13-08.25.08:069][  0]LogPakFile: OnPakFileMounted2Time == 0.000271
[2024.10.13-08.25.08:070][  0]LogPakFile: PakFile PrimaryIndexSize=189
[2024.10.13-08.25.08:070][  0]LogPakFile: PakFile PathHashIndexSize=101
[2024.10.13-08.25.08:070][  0]LogPakFile: PakFile FullDirectoryIndexSize=152
[2024.10.13-08.25.08:071][  0]LogShaderLibrary: Display: ShaderCodeLibraryPakFileMountedCallback: PakFile 'C:/Program Files/UE_4.27/FeaturePacks/TP_ThirdPersonBP.upack' (chunk index -1, root 'root:/') mounted
[2024.10.13-08.25.08:071][  0]LogShaderLibrary: Display: ShaderCodeLibraryPakFileMountedCallback: pending pak file info (ChunkID:-1 Root:root:/ File:C:/Program Files/UE_4.27/FeaturePacks/TP_ThirdPersonBP.upack)
[2024.10.13-08.25.08:071][  0]LogPakFile: OnPakFileMounted2Time == 0.000277
[2024.10.13-08.25.08:071][  0]LogPakFile: PakFile PrimaryIndexSize=183
[2024.10.13-08.25.08:072][  0]LogPakFile: PakFile PathHashIndexSize=101
[2024.10.13-08.25.08:072][  0]LogPakFile: PakFile FullDirectoryIndexSize=140
[2024.10.13-08.25.08:072][  0]LogShaderLibrary: Display: ShaderCodeLibraryPakFileMountedCallback: PakFile 'C:/Program Files/UE_4.27/FeaturePacks/TP_TopDown.upack' (chunk index -1, root 'root:/') mounted
[2024.10.13-08.25.08:072][  0]LogShaderLibrary: Display: ShaderCodeLibraryPakFileMountedCallback: pending pak file info (ChunkID:-1 Root:root:/ File:C:/Program Files/UE_4.27/FeaturePacks/TP_TopDown.upack)
[2024.10.13-08.25.08:072][  0]LogPakFile: OnPakFileMounted2Time == 0.000281
[2024.10.13-08.25.08:073][  0]LogPakFile: PakFile PrimaryIndexSize=185
[2024.10.13-08.25.08:073][  0]LogPakFile: PakFile PathHashIndexSize=101
[2024.10.13-08.25.08:073][  0]LogPakFile: PakFile FullDirectoryIndexSize=144
[2024.10.13-08.25.08:073][  0]LogShaderLibrary: Display: ShaderCodeLibraryPakFileMountedCallback: PakFile 'C:/Program Files/UE_4.27/FeaturePacks/TP_TopDownBP.upack' (chunk index -1, root 'root:/') mounted
[2024.10.13-08.25.08:073][  0]LogShaderLibrary: Display: ShaderCodeLibraryPakFileMountedCallback: pending pak file info (ChunkID:-1 Root:root:/ File:C:/Program Files/UE_4.27/FeaturePacks/TP_TopDownBP.upack)
[2024.10.13-08.25.08:073][  0]LogPakFile: OnPakFileMounted2Time == 0.000248
[2024.10.13-08.25.08:074][  0]LogPakFile: PakFile PrimaryIndexSize=185
[2024.10.13-08.25.08:074][  0]LogPakFile: PakFile PathHashIndexSize=101
[2024.10.13-08.25.08:074][  0]LogPakFile: PakFile FullDirectoryIndexSize=144
[2024.10.13-08.25.08:074][  0]LogShaderLibrary: Display: ShaderCodeLibraryPakFileMountedCallback: PakFile 'C:/Program Files/UE_4.27/FeaturePacks/TP_TwinStick.upack' (chunk index -1, root 'root:/') mounted
[2024.10.13-08.25.08:074][  0]LogShaderLibrary: Display: ShaderCodeLibraryPakFileMountedCallback: pending pak file info (ChunkID:-1 Root:root:/ File:C:/Program Files/UE_4.27/FeaturePacks/TP_TwinStick.upack)
[2024.10.13-08.25.08:074][  0]LogPakFile: OnPakFileMounted2Time == 0.000303
[2024.10.13-08.25.08:075][  0]LogPakFile: PakFile PrimaryIndexSize=187
[2024.10.13-08.25.08:075][  0]LogPakFile: PakFile PathHashIndexSize=101
[2024.10.13-08.25.08:075][  0]LogPakFile: PakFile FullDirectoryIndexSize=148
[2024.10.13-08.25.08:075][  0]LogShaderLibrary: Display: ShaderCodeLibraryPakFileMountedCallback: PakFile 'C:/Program Files/UE_4.27/FeaturePacks/TP_TwinStickBP.upack' (chunk index -1, root 'root:/') mounted
[2024.10.13-08.25.08:075][  0]LogShaderLibrary: Display: ShaderCodeLibraryPakFileMountedCallback: pending pak file info (ChunkID:-1 Root:root:/ File:C:/Program Files/UE_4.27/FeaturePacks/TP_TwinStickBP.upack)
[2024.10.13-08.25.08:075][  0]LogPakFile: OnPakFileMounted2Time == 0.000258
[2024.10.13-08.25.08:076][  0]LogPakFile: PakFile PrimaryIndexSize=183
[2024.10.13-08.25.08:076][  0]LogPakFile: PakFile PathHashIndexSize=101
[2024.10.13-08.25.08:076][  0]LogPakFile: PakFile FullDirectoryIndexSize=140
[2024.10.13-08.25.08:076][  0]LogShaderLibrary: Display: ShaderCodeLibraryPakFileMountedCallback: PakFile 'C:/Program Files/UE_4.27/FeaturePacks/TP_Vehicle.upack' (chunk index -1, root 'root:/') mounted
[2024.10.13-08.25.08:076][  0]LogShaderLibrary: Display: ShaderCodeLibraryPakFileMountedCallback: pending pak file info (ChunkID:-1 Root:root:/ File:C:/Program Files/UE_4.27/FeaturePacks/TP_Vehicle.upack)
[2024.10.13-08.25.08:077][  0]LogPakFile: OnPakFileMounted2Time == 0.000285
[2024.10.13-08.25.08:077][  0]LogPakFile: PakFile PrimaryIndexSize=186
[2024.10.13-08.25.08:077][  0]LogPakFile: PakFile PathHashIndexSize=101
[2024.10.13-08.25.08:077][  0]LogPakFile: PakFile FullDirectoryIndexSize=146
[2024.10.13-08.25.08:077][  0]LogShaderLibrary: Display: ShaderCodeLibraryPakFileMountedCallback: PakFile 'C:/Program Files/UE_4.27/FeaturePacks/TP_VehicleAdv.upack' (chunk index -1, root 'root:/') mounted
[2024.10.13-08.25.08:078][  0]LogShaderLibrary: Display: ShaderCodeLibraryPakFileMountedCallback: pending pak file info (ChunkID:-1 Root:root:/ File:C:/Program Files/UE_4.27/FeaturePacks/TP_VehicleAdv.upack)
[2024.10.13-08.25.08:078][  0]LogPakFile: OnPakFileMounted2Time == 0.000277
[2024.10.13-08.25.08:078][  0]LogPakFile: PakFile PrimaryIndexSize=188
[2024.10.13-08.25.08:078][  0]LogPakFile: PakFile PathHashIndexSize=101
[2024.10.13-08.25.08:079][  0]LogPakFile: PakFile FullDirectoryIndexSize=150
[2024.10.13-08.25.08:079][  0]LogShaderLibrary: Display: ShaderCodeLibraryPakFileMountedCallback: PakFile 'C:/Program Files/UE_4.27/FeaturePacks/TP_VehicleAdvBP.upack' (chunk index -1, root 'root:/') mounted
[2024.10.13-08.25.08:079][  0]LogShaderLibrary: Display: ShaderCodeLibraryPakFileMountedCallback: pending pak file info (ChunkID:-1 Root:root:/ File:C:/Program Files/UE_4.27/FeaturePacks/TP_VehicleAdvBP.upack)
[2024.10.13-08.25.08:079][  0]LogPakFile: OnPakFileMounted2Time == 0.000321
[2024.10.13-08.25.08:080][  0]LogPakFile: PakFile PrimaryIndexSize=185
[2024.10.13-08.25.08:080][  0]LogPakFile: PakFile PathHashIndexSize=101
[2024.10.13-08.25.08:080][  0]LogPakFile: PakFile FullDirectoryIndexSize=144
[2024.10.13-08.25.08:080][  0]LogShaderLibrary: Display: ShaderCodeLibraryPakFileMountedCallback: PakFile 'C:/Program Files/UE_4.27/FeaturePacks/TP_VehicleBP.upack' (chunk index -1, root 'root:/') mounted
[2024.10.13-08.25.08:080][  0]LogShaderLibrary: Display: ShaderCodeLibraryPakFileMountedCallback: pending pak file info (ChunkID:-1 Root:root:/ File:C:/Program Files/UE_4.27/FeaturePacks/TP_VehicleBP.upack)
[2024.10.13-08.25.08:080][  0]LogPakFile: OnPakFileMounted2Time == 0.000346
[2024.10.13-08.25.08:081][  0]LogPakFile: PakFile PrimaryIndexSize=192
[2024.10.13-08.25.08:081][  0]LogPakFile: PakFile PathHashIndexSize=101
[2024.10.13-08.25.08:081][  0]LogPakFile: PakFile FullDirectoryIndexSize=158
[2024.10.13-08.25.08:081][  0]LogShaderLibrary: Display: ShaderCodeLibraryPakFileMountedCallback: PakFile 'C:/Program Files/UE_4.27/FeaturePacks/TP_VirtualRealityBP.upack' (chunk index -1, root 'root:/') mounted
[2024.10.13-08.25.08:081][  0]LogShaderLibrary: Display: ShaderCodeLibraryPakFileMountedCallback: pending pak file info (ChunkID:-1 Root:root:/ File:C:/Program Files/UE_4.27/FeaturePacks/TP_VirtualRealityBP.upack)
[2024.10.13-08.25.08:081][  0]LogPakFile: OnPakFileMounted2Time == 0.000234
[2024.10.13-08.25.08:122][  0]LogNativeClassHierarchy: Verbose: Native class hierarchy updated for 'AddContentDialog' in 0.0002 seconds. Added 0 classes and 0 folders.
[2024.10.13-08.25.08:123][  0]LogNativeClassHierarchy: Verbose: Native class hierarchy updated for 'SceneOutliner' in 0.0002 seconds. Added 2 classes and 0 folders.
[2024.10.13-08.25.08:162][  0]LogSlate: Took 0.000254 seconds to synchronously load lazily loaded font '../../../Engine/Content/Slate/Fonts/Roboto-Regular.ttf' (155K)
[2024.10.13-08.25.08:163][  0]LogSlate: Took 0.000173 seconds to synchronously load lazily loaded font '../../../Engine/Content/Editor/Slate/Fonts/FontAwesome.ttf' (139K)
[2024.10.13-08.25.08:164][  0]LogSlate: Took 0.000790 seconds to synchronously load lazily loaded font '../../../Engine/Content/Editor/Slate/Fonts/NanumGothic.ttf' (4243K)
[2024.10.13-08.25.08:166][  0]LogSlate: Took 0.000751 seconds to synchronously load lazily loaded font '../../../Engine/Content/Editor/Slate/Fonts/NanumGothicBold.ttf' (4188K)
[2024.10.13-08.25.08:166][  0]LogSlate: Took 0.000174 seconds to synchronously load lazily loaded font '../../../Engine/Content/Slate/Fonts/Roboto-Bold.ttf' (160K)
[2024.10.13-08.25.08:218][  0]LogRenderer: Reallocating scene render targets to support 1616x808 Format 10 NumSamples 1 (Frame:1).
[2024.10.13-08.25.08:273][  0]LogNativeClassHierarchy: Verbose: Native class hierarchy updated for 'HierarchicalLODOutliner' in 0.0002 seconds. Added 0 classes and 0 folders.
[2024.10.13-08.25.08:273][  0]LogLoad: (Engine Initialization) Total time: 9.31 seconds
[2024.10.13-08.25.08:273][  0]LogLoad: (Engine Initialization) Total Blueprint compile time: 0.00 seconds
[2024.10.13-08.25.08:308][  0]LogAssetRegistry: Asset discovery search completed in 5.4628 seconds
[2024.10.13-08.25.08:312][  0]LogCollectionManager: Fixed up redirectors for 0 collections in 0.000003 seconds (updated 0 objects)
[2024.10.13-08.25.08:313][  0]LogContentStreaming: Texture pool size now 1000 MB
[2024.10.13-08.25.08:324][  1]LogFileCache: Retrieving MD5 hashes for directory 'C:/Users/nanim/GitHub/NewNewInsectHeaven/InsectHeaven/Content/' took 0.03s
[2024.10.13-08.25.15:896][806]Cmd: MAP LOAD FILE="../../../../../Users/nanim/GitHub/NewNewInsectHeaven/InsectHeaven/Content/Dialogue/DialogueWorld.umap" TEMPLATE=0 SHOWPROGRESS=1 FEATURELEVEL=3
[2024.10.13-08.25.15:899][806]LogSlate: Took 0.000171 seconds to synchronously load lazily loaded font '../../../Engine/Content/Slate/Fonts/Roboto-Light.ttf' (167K)
[2024.10.13-08.25.15:917][806]LightingResults: New page: 라이팅 빌드
[2024.10.13-08.25.15:917][806]LoadErrors: New page: 맵 로드 중: DialogueWorld.umap
[2024.10.13-08.25.15:919][806]LogWorld: UWorld::CleanupWorld for EmptyMainLevel, bSessionEnded=true, bCleanupResources=true
[2024.10.13-08.25.15:920][806]LogSlate: InvalidateAllWidgets triggered.  All widgets were invalidated
[2024.10.13-08.25.15:920][806]MapCheck: New page: 맵 체크
[2024.10.13-08.25.15:920][806]LightingResults: New page: 라이팅 빌드
[2024.10.13-08.25.15:933][806]LogAudio: Display: Audio Device unregistered from world 'None'.
[2024.10.13-08.25.15:934][806]LogUObjectHash: Compacting FUObjectHashTables data took   0.64ms
[2024.10.13-08.25.15:936][806]LogAudio: Display: Audio Device (ID: 1) registered with world 'DialogueWorld'.
[2024.10.13-08.25.15:937][806]LogAIModule: Creating AISystem for world DialogueWorld
[2024.10.13-08.25.15:938][806]LogEditorServer: Finished looking for orphan Actors (0.000 secs)
[2024.10.13-08.25.15:961][806]LogUObjectHash: Compacting FUObjectHashTables data took   0.41ms
[2024.10.13-08.25.15:977][806]Cmd: MAP CHECKDEP NOCLEARLOG
[2024.10.13-08.25.15:977][806]MapCheck: 맵 체크 완료: 오류 0 회, 경고 0 회, 소요 시간 0.197ms.
[2024.10.13-08.25.15:978][806]LogFileHelpers: Loading map 'DialogueWorld' took 0.082
[2024.10.13-08.25.15:985][806]LogPlayLevel: PlayLevel: No blueprints needed recompiling
[2024.10.13-08.25.15:985][806]PIE: New page: PIE 세션: DialogueWorld (2024. 10. 14. 오전 2:25:15)
[2024.10.13-08.25.15:986][806]LogOnline: OSS: Creating online subsystem instance for: NULL
[2024.10.13-08.25.15:988][806]LogOnline: OSS: TryLoadSubsystemAndSetDefault: Loaded subsystem for module [NULL]
[2024.10.13-08.25.15:989][806]LogPlayLevel: Creating play world package: /Game/Dialogue/UEDPIE_0_DialogueWorld
[2024.10.13-08.25.15:989][806]LogPlayLevel: PIE: StaticDuplicateObject took: (0.000485s)
[2024.10.13-08.25.15:990][806]LogAIModule: Creating AISystem for world DialogueWorld
[2024.10.13-08.25.15:990][806]LogPlayLevel: PIE: World Init took: (0.000746s)
[2024.10.13-08.25.15:990][806]LogPlayLevel: PIE: Created PIE world by copying editor world from /Game/Dialogue/DialogueWorld.DialogueWorld to /Game/Dialogue/UEDPIE_0_DialogueWorld.DialogueWorld (0.001547s)
[2024.10.13-08.25.15:999][806]LogUObjectHash: Compacting FUObjectHashTables data took   0.73ms
[2024.10.13-08.25.16:004][806]LogSlate: InvalidateAllWidgets triggered.  All widgets were invalidated
[2024.10.13-08.25.16:004][806]LogAudio: Display: Creating Audio Device:                 Id: 2, Scope: Unique, Realtime: True
[2024.10.13-08.25.16:004][806]LogAudioMixer: Display: Audio Mixer Platform Settings:
[2024.10.13-08.25.16:004][806]LogAudioMixer: Display: 	Sample Rate:						  48000
[2024.10.13-08.25.16:004][806]LogAudioMixer: Display: 	Callback Buffer Frame Size Requested: 1024
[2024.10.13-08.25.16:004][806]LogAudioMixer: Display: 	Callback Buffer Frame Size To Use:	  1024
[2024.10.13-08.25.16:004][806]LogAudioMixer: Display: 	Number of buffers to queue:			  2
[2024.10.13-08.25.16:005][806]LogAudioMixer: Display: 	Max Channels (voices):				  32
[2024.10.13-08.25.16:005][806]LogAudioMixer: Display: 	Number of Async Source Workers:		  0
[2024.10.13-08.25.16:005][806]LogAudio: Display: AudioDevice MaxSources: 32
[2024.10.13-08.25.16:005][806]LogAudio: Display: Audio Spatialization Plugin: None (built-in).
[2024.10.13-08.25.16:005][806]LogAudio: Display: Audio Reverb Plugin: None (built-in).
[2024.10.13-08.25.16:006][806]LogAudio: Display: Audio Occlusion Plugin: None (built-in).
[2024.10.13-08.25.16:006][806]LogAudioMixer: Display: Initializing audio mixer.
[2024.10.13-08.25.16:019][806]LogAudioMixer: Display: 0: FrontLeft
[2024.10.13-08.25.16:020][806]LogAudioMixer: Display: 1: FrontRight
[2024.10.13-08.25.16:034][806]LogAudioMixer: Display: Using Audio Device 스피커(ABKO N550)
[2024.10.13-08.25.16:034][806]LogAudioMixer: Display: Initializing Sound Submixes...
[2024.10.13-08.25.16:034][806]LogAudioMixer: Display: Creating Master Submix 'MasterSubmixDefault'
[2024.10.13-08.25.16:034][806]LogAudioMixer: Display: Creating Master Submix 'MasterReverbSubmixDefault'
[2024.10.13-08.25.16:034][806]LogAudioMixer: Display: Creating Master Submix 'MasterEQSubmixDefault'
[2024.10.13-08.25.16:034][806]LogAudioMixer: FMixerPlatformXAudio2::StartAudioStream() called
[2024.10.13-08.25.16:035][806]LogAudioMixer: Display: Output buffers initialized: Frames=1024, Channels=2, Samples=2048
[2024.10.13-08.25.16:036][806]LogAudioMixer: Display: Starting AudioMixerPlatformInterface::RunInternal()
[2024.10.13-08.25.16:036][806]LogAudioMixer: Display: FMixerPlatformXAudio2::SubmitBuffer() called for the first time
[2024.10.13-08.25.16:036][806]LogInit: FAudioDevice initialized.
[2024.10.13-08.25.16:036][806]LogAudio: Display: Audio Device (ID: 2) registered with world 'DialogueWorld'.
[2024.10.13-08.25.16:042][806]LogLoad: Game class is 'IH_GameMode_DialgueTool'
[2024.10.13-08.25.16:043][806]LogWorld: Bringing World /Game/Dialogue/UEDPIE_0_DialogueWorld.DialogueWorld up for play (max tick rate 0) at 2024.10.13-17.25.16
[2024.10.13-08.25.16:043][806]LogWorld: Bringing up level for play took: 0.000337
[2024.10.13-08.25.16:043][806]LogOnline: OSS: Creating online subsystem instance for: :Context_1
[2024.10.13-08.25.16:046][806]LogNativeClassHierarchy: Verbose: Native class hierarchy updated for 'MovieSceneCapture' in 0.0003 seconds. Added 20 classes and 0 folders.
[2024.10.13-08.25.16:059][806]PIE: 서버가 로그인했습니다.
[2024.10.13-08.25.16:061][806]PIE: 에디터에서 플레이 총 시작 시간 0.078초입니다.
[2024.10.13-08.25.16:084][807]LogUObjectHash: Compacting FUObjectHashTables data took   0.58ms
[2024.10.13-08.25.20:345][312]LogSlate: Updating window title bar state: overlay mode, drag disabled, window buttons hidden, title bar hidden
[2024.10.13-08.25.20:345][312]LogWorld: BeginTearingDown for /Game/Dialogue/UEDPIE_0_DialogueWorld
[2024.10.13-08.25.20:345][312]LogWorld: UWorld::CleanupWorld for DialogueWorld, bSessionEnded=true, bCleanupResources=true
[2024.10.13-08.25.20:346][312]LogSlate: InvalidateAllWidgets triggered.  All widgets were invalidated
[2024.10.13-08.25.20:353][312]LogPlayLevel: Display: Shutting down PIE online subsystems
[2024.10.13-08.25.20:354][312]LogSlate: InvalidateAllWidgets triggered.  All widgets were invalidated
[2024.10.13-08.25.20:357][312]LogSlate: Updating window title bar state: overlay mode, drag disabled, window buttons hidden, title bar hidden
[2024.10.13-08.25.20:357][312]LogAudioMixer: FMixerPlatformXAudio2::StopAudioStream() called
[2024.10.13-08.25.20:358][312]LogAudioMixer: FMixerPlatformXAudio2::StopAudioStream() called
[2024.10.13-08.25.20:361][312]LogUObjectHash: Compacting FUObjectHashTables data took   0.48ms
[2024.10.13-08.25.20:420][319]LogPlayLevel: Display: Destroying online subsystem :Context_1
