Log file open, 03/17/24 20:01:07
LogWindows: Failed to load 'aqProf.dll' (GetLastError=126)
LogWindows: File 'aqProf.dll' does not exist
LogWindows: Failed to load 'VtuneApi.dll' (GetLastError=126)
LogWindows: File 'VtuneApi.dll' does not exist
LogWindows: Failed to load 'VtuneApi32e.dll' (GetLastError=126)
LogWindows: File 'VtuneApi32e.dll' does not exist
LogConsoleResponse: Display: Failed to find resolution value strings in scalability ini. Falling back to default.
LogConsoleResponse: Display: Failed to find resolution value strings in scalability ini. Falling back to default.
LogInit: Display: Running engine for game: InsectHeaven
LogPlatformFile: Not using cached read wrapper
LogTaskGraph: Started task graph with 5 named threads and 71 total threads with 3 sets of task threads.
LogStats: Stats thread started at 16.700922
LogICUInternationalization: ICU TimeZone Detection - Raw Offset: +9:00, Platform Override: ''
LogInit: Display: Loading text-based GConfig....
LogPluginManager: Mounting plugin MeshPainting
LogPluginManager: Mounting plugin XGEController
LogPluginManager: Mounting plugin Paper2D
LogPluginManager: Mounting plugin AISupport
LogPluginManager: Mounting plugin LightPropagationVolume
LogPluginManager: Mounting plugin EnvironmentQueryEditor
LogPluginManager: Mounting plugin LiveLink
LogPluginManager: Mounting plugin GameplayCameras
LogPluginManager: Mounting plugin CameraShakePreviewer
LogPluginManager: Mounting plugin OodleData
LogPluginManager: Mounting plugin OodleNetwork
LogPluginManager: Mounting plugin DatasmithContent
LogPluginManager: Mounting plugin VariantManagerContent
LogPluginManager: Mounting plugin AnimationSharing
LogPluginManager: Mounting plugin CLionSourceCodeAccess
LogPluginManager: Mounting plugin GitSourceControl
LogPluginManager: Mounting plugin CodeLiteSourceCodeAccess
LogPluginManager: Mounting plugin KDevelopSourceCodeAccess
LogPluginManager: Mounting plugin NullSourceCodeAccess
LogPluginManager: Mounting plugin PerforceSourceControl
LogPluginManager: Mounting plugin PixWinPlugin
LogPluginManager: Mounting plugin PlasticSourceControl
LogPluginManager: Mounting plugin PluginUtils
LogPluginManager: Mounting plugin PropertyAccessNode
LogPluginManager: Mounting plugin RiderSourceCodeAccess
LogPluginManager: Mounting plugin SubversionSourceControl
LogPluginManager: Mounting plugin TextureFormatOodle
LogPluginManager: Mounting plugin UObjectPlugin
LogPluginManager: Mounting plugin VisualStudioCodeSourceCodeAccess
LogPluginManager: Mounting plugin Niagara
LogPluginManager: Mounting plugin XCodeSourceCodeAccess
LogPluginManager: Mounting plugin VisualStudioSourceCodeAccess
LogPluginManager: Mounting plugin AssetManagerEditor
LogPluginManager: Mounting plugin AndroidMedia
LogPluginManager: Mounting plugin LuminPlatformFeatures
LogPluginManager: Mounting plugin MagicLeap
LogPluginManager: Mounting plugin AvfMedia
LogPluginManager: Mounting plugin MagicLeapLightEstimation
LogPluginManager: Mounting plugin MagicLeapMedia
LogPluginManager: Mounting plugin ImgMedia
LogPluginManager: Mounting plugin MagicLeapPassableWorld
LogPluginManager: Mounting plugin MediaCompositing
LogPluginManager: Mounting plugin MLSDK
LogPluginManager: Mounting plugin CurveEditorTools
LogPluginManager: Mounting plugin CryptoKeys
LogPluginManager: Mounting plugin DataValidation
LogPluginManager: Mounting plugin FacialAnimation
LogPluginManager: Mounting plugin GameplayTagsEditor
LogPluginManager: Mounting plugin GeometryMode
LogPluginManager: Mounting plugin MacGraphicsSwitching
LogPluginManager: Mounting plugin MaterialAnalyzer
LogPluginManager: Mounting plugin MobileLauncherProfileWizard
LogPluginManager: Mounting plugin PluginBrowser
LogPluginManager: Mounting plugin SpeedTreeImporter
LogPluginManager: Mounting plugin MediaPlayerEditor
LogPluginManager: Mounting plugin WebMMedia
LogPluginManager: Mounting plugin WmfMedia
LogPluginManager: Mounting plugin AlembicImporter
LogPluginManager: Mounting plugin AutomationUtils
LogPluginManager: Mounting plugin BackChannel
LogPluginManager: Mounting plugin ChaosCloth
LogPluginManager: Mounting plugin ChaosClothEditor
LogPluginManager: Mounting plugin ChaosEditor
LogPluginManager: Mounting plugin ChaosNiagara
LogPluginManager: Mounting plugin ChaosSolverPlugin
LogPluginManager: Mounting plugin CharacterAI
LogPluginManager: Mounting plugin ActorSequence
LogPluginManager: Mounting plugin LevelSequenceEditor
LogPluginManager: Mounting plugin MatineeToLevelSequence
LogPluginManager: Mounting plugin TemplateSequence
LogPluginManager: Mounting plugin TcpMessaging
LogPluginManager: Mounting plugin UdpMessaging
LogPluginManager: Mounting plugin OnlineSubsystem
LogPluginManager: Mounting plugin OnlineSubsystemNull
LogPluginManager: Mounting plugin OnlineSubsystemUtils
LogPluginManager: Mounting plugin LauncherChunkInstaller
LogPluginManager: Mounting plugin ActorLayerUtilities
LogPluginManager: Mounting plugin AndroidDeviceProfileSelector
LogPluginManager: Mounting plugin AndroidMoviePlayer
LogPluginManager: Mounting plugin AndroidPermission
LogPluginManager: Mounting plugin AppleMoviePlayer
LogPluginManager: Mounting plugin AppleImageUtils
LogPluginManager: Mounting plugin ArchVisCharacter
LogPluginManager: Mounting plugin AudioCapture
LogPluginManager: Mounting plugin AudioSynesthesia
LogPluginManager: Mounting plugin AssetTags
LogPluginManager: Mounting plugin ChunkDownloader
LogPluginManager: Mounting plugin CustomMeshComponent
LogPluginManager: Mounting plugin CableComponent
LogPluginManager: Mounting plugin EditableMesh
LogPluginManager: Mounting plugin ExampleDeviceProfileSelector
LogPluginManager: Mounting plugin GeometryCache
LogPluginManager: Mounting plugin GeometryProcessing
LogPluginManager: Mounting plugin GeometryCollectionPlugin
LogPluginManager: Mounting plugin OpenImageDenoise
LogPluginManager: Mounting plugin MotoSynth
LogPluginManager: Mounting plugin PlatformCrypto
LogPluginManager: Mounting plugin PlanarCut
LogPluginManager: Mounting plugin ProxyLODPlugin
LogPluginManager: Mounting plugin PythonScriptPlugin
LogPluginManager: Mounting plugin ScreenshotTools
LogPluginManager: Mounting plugin SkeletalReduction
LogPluginManager: Mounting plugin GooglePAD
LogPluginManager: Mounting plugin GoogleCloudMessaging
LogPluginManager: Mounting plugin LinuxDeviceProfileSelector
LogPluginManager: Mounting plugin IOSDeviceProfileSelector
LogPluginManager: Mounting plugin LocationServicesBPLibrary
LogPluginManager: Mounting plugin MobilePatchingUtils
LogPluginManager: Mounting plugin OpenXR
LogPluginManager: Mounting plugin OpenXREyeTracker
LogPluginManager: Mounting plugin Takes
LogPluginManager: Mounting plugin OpenXRHandTracking
LogPluginManager: Mounting plugin PhysXVehicles
LogPluginManager: Mounting plugin PostSplashScreen
LogPluginManager: Mounting plugin ProceduralMeshComponent
LogPluginManager: Mounting plugin PropertyAccessEditor
LogPluginManager: Mounting plugin SignificanceManager
LogPluginManager: Mounting plugin RuntimePhysXCooking
LogPluginManager: Mounting plugin SoundFields
LogPluginManager: Mounting plugin Synthesis
LogPluginManager: Mounting plugin WindowsMoviePlayer
LogPluginManager: Mounting plugin WebMMoviePlayer
LogPluginManager: Mounting plugin RiderLink
LogPluginManager: Mounting plugin ContentBrowserAssetDataSource
LogPluginManager: Mounting plugin ContentBrowserClassDataSource
LogPluginManager: Mounting plugin ContentBrowserFileDataSource
LogPluginManager: Mounting plugin OnlineSubsystemGooglePlay
LogPluginManager: Mounting plugin OnlineSubsystemIOS
LogPluginManager: Mounting plugin OculusVR
LogPluginManager: Mounting plugin SteamVR
LogInit: Warning: Incompatible or missing module: InsectHeaven
Running C:/Program Files/UE_4.27/Engine/Binaries/DotNET/UnrealBuildTool.exe Development Win64 -Project="C:/Uneal/InsectHeaven/InsectHeaven.uproject" -TargetType=Editor -Progress -NoEngineChanges -NoHotReloadFromIDE
Creating makefile for InsectHeavenEditor (no existing makefile)
@progress push 5%
@progress pop
Building InsectHeavenEditor...
Using Visual Studio 2019 14.29.30151 toolchain (C:\Program Files (x86)\Microsoft Visual Studio\2019\Community\VC\Tools\MSVC\14.29.30133) and Windows 10.0.22621.0 SDK (C:\Program Files (x86)\Windows Kits\10).
Building 71 actions with 24 processes...
  @progress 'Compiling C++ source code...' 0%
  @progress 'Compiling C++ source code...' 1%
  [1/71] Default.rc2
  @progress 'Compiling C++ source code...' 3%
  [2/71] SharedPCH.Engine.ShadowErrors.cpp
  @progress 'Compiling C++ source code...' 4%
  [3/71] IH_TableManager.cpp
  c1xx: error C3859: PCH?? ???? ???? ?޸𸮸? ?????? ???߽??ϴ?.
  c1xx: note: ?ý??ۿ??? 1455 ?ڵ带 ??ȯ??: ?? ?۾??? ?Ϸ??ϱ? ???? ????¡ ?????? ?ʹ? ?۽??ϴ?.
  
  
  c1xx: note: ?ڼ??? ?????? https://aka.ms/pch-help?? ?????ϼ???.
  c1xx: fatal error C1076: ?????Ϸ? ?Ѱ?: ???? ?? ?Ѱ迡 ?????߽??ϴ?.
  @progress 'Compiling C++ source code...' 6%
  [4/71] IH_SceneDefine.gen.cpp
  c1xx: error C3859: PCH?? ???? ???? ?޸𸮸? ?????? ???߽??ϴ?.
  c1xx: note: ?ý??ۿ??? 1455 ?ڵ带 ??ȯ??: ?? ?۾??? ?Ϸ??ϱ? ???? ????¡ ?????? ?ʹ? ?۽??ϴ?.
  
  
  c1xx: note: ?ڼ??? ?????? https://aka.ms/pch-help?? ?????ϼ???.
  c1xx: fatal error C1076: ?????Ϸ? ?Ѱ?: ???? ?? ?Ѱ迡 ?????߽??ϴ?.
  @progress 'Compiling C++ source code...' 7%
  [5/71] IH_Widget.gen.cpp
  c1xx: error C3859: PCH?? ???? ???? ?޸𸮸? ?????? ???߽??ϴ?.
  c1xx: note: ?ý??ۿ??? 1455 ?ڵ带 ??ȯ??: ?? ?۾??? ?Ϸ??ϱ? ???? ????¡ ?????? ?ʹ? ?۽??ϴ?.
  
  
  c1xx: note: ?ڼ??? ?????? https://aka.ms/pch-help?? ?????ϼ???.
  c1xx: fatal error C1076: ?????Ϸ? ?Ѱ?: ???? ?? ?Ѱ迡 ?????߽??ϴ?.
  @progress 'Compiling C++ source code...' 8%
  [6/71] InsectHeaven.init.gen.cpp
  c1xx: error C3859: PCH?? ???? ???? ?޸𸮸? ?????? ???߽??ϴ?.
  c1xx: note: ?ý??ۿ??? 1455 ?ڵ带 ??ȯ??: ?? ?۾??? ?Ϸ??ϱ? ???? ????¡ ?????? ?ʹ? ?۽??ϴ?.
  
  
  c1xx: note: ?ڼ??? ?????? https://aka.ms/pch-help?? ?????ϼ???.
  c1xx: fatal error C1076: ?????Ϸ? ?Ѱ?: ???? ?? ?Ѱ迡 ?????߽??ϴ?.
  @progress 'Compiling C++ source code...' 10%
  [7/71] DialogueAction.cpp
  c1xx: error C3859: PCH?? ???? ???? ?޸𸮸? ?????? ???߽??ϴ?.
  c1xx: note: ?ý??ۿ??? 1455 ?ڵ带 ??ȯ??: ?? ?۾??? ?Ϸ??ϱ? ???? ????¡ ?????? ?ʹ? ?۽??ϴ?.
  
  
  c1xx: note: ?ڼ??? ?????? https://aka.ms/pch-help?? ?????ϼ???.
  c1xx: fatal error C1076: ?????Ϸ? ?Ѱ?: ???? ?? ?Ѱ迡 ?????߽??ϴ?.
  @progress 'Compiling C++ source code...' 11%
  [8/71] IH_Widget_MainLobby.cpp
  c1xx: error C3859: PCH?? ???? ???? ?޸𸮸? ?????? ???߽??ϴ?.
  c1xx: note: ?ý??ۿ??? 1455 ?ڵ带 ??ȯ??: ?? ?۾??? ?Ϸ??ϱ? ???? ????¡ ?????? ?ʹ? ?۽??ϴ?.
  
  
  c1xx: note: ?ڼ??? ?????? https://aka.ms/pch-help?? ?????ϼ???.
  c1xx: fatal error C1076: ?????Ϸ? ?Ѱ?: ???? ?? ?Ѱ迡 ?????߽??ϴ?.
  @progress 'Compiling C++ source code...' 13%
  [9/71] IH_TableDefine.gen.cpp
  @progress 'Compiling C++ source code...' 14%
  [10/71] InGame_Local.gen.cpp
  @progress 'Compiling C++ source code...' 15%
  [11/71] Character_2D.gen.cpp
  @progress 'Compiling C++ source code...' 17%
  [12/71] IH_SceneManager.cpp
  @progress 'Compiling C++ source code...' 18%
  [13/71] IH_StateMachine.gen.cpp
  @progress 'Compiling C++ source code...' 20%
  [14/71] IH_StateBase.cpp
  @progress 'Compiling C++ source code...' 21%
  [15/71] DialogueAction.gen.cpp
  @progress 'Compiling C++ source code...' 23%
  [16/71] IH_TableManager.gen.cpp
  @progress 'Compiling C++ source code...' 24%
  [17/71] InsectHeavenGameModeBase.gen.cpp
  @progress 'Compiling C++ source code...' 25%
  [18/71] IH_StateMachine.cpp
  @progress 'Compiling C++ source code...' 27%
  [19/71] Resource_Widget.gen.cpp
  @progress 'Compiling C++ source code...' 28%
  [20/71] IH_SceneBase.gen.cpp
  @progress 'Compiling C++ source code...' 30%
  [21/71] IH_Mapper_BasePath_Widget.gen.cpp
  @progress 'Compiling C++ source code...' 31%
  [22/71] IH_LevelScriptActor.cpp
  @progress 'Compiling C++ source code...' 32%
  [23/71] InsectHeaven.gen.cpp
  @progress 'Compiling C++ source code...' 34%
  [24/71] IH_Widget_Portrait.gen.cpp
  @progress 'Compiling C++ source code...' 35%
  [25/71] InsectHeavenGameModeBase.cpp
  @progress 'Compiling C++ source code...' 37%
  [26/71] IH_Mapper_Resource_Widget.cpp
  @progress 'Compiling C++ source code...' 38%
  [27/71] BasePath_Image.gen.cpp
  @progress 'Compiling C++ source code...' 39%
  [28/71] IH_Widget.cpp
  @progress 'Compiling C++ source code...' 41%
  [29/71] IH_WidgetManager.cpp
  @progress 'Compiling C++ source code...' 42%
  [30/71] Script_Local.gen.cpp
  @progress 'Compiling C++ source code...' 44%
  [31/71] IH_TableDefine.cpp
  @progress 'Compiling C++ source code...' 45%
  [32/71] DialogueActionLayer.cpp
  @progress 'Compiling C++ source code...' 46%
  [33/71] IH_DialoguePlayer.cpp
  @progress 'Compiling C++ source code...' 48%
  [34/71] IH_StateBase.gen.cpp
  @progress 'Compiling C++ source code...' 49%
  [35/71] IH_Mapper_BasePath_Dir.gen.cpp
  @progress 'Compiling C++ source code...' 51%
  [36/71] BasePath_Directory.gen.cpp
  @progress 'Compiling C++ source code...' 52%
  [37/71] IH_SceneLobby.gen.cpp
  @progress 'Compiling C++ source code...' 54%
  [38/71] IH_SceneBase.cpp
  @progress 'Compiling C++ source code...' 55%
  [39/71] IH_Util.cpp
  @progress 'Compiling C++ source code...' 56%
  [40/71] SingletonInterface.cpp
  @progress 'Compiling C++ source code...' 58%
  [41/71] IH_Mapper_Character_2D.gen.cpp
  @progress 'Compiling C++ source code...' 59%
  [42/71] IH_Mapper_BasePath_Dir.cpp
  @progress 'Compiling C++ source code...' 61%
  [43/71] BasePath_Widget.gen.cpp
  @progress 'Compiling C++ source code...' 62%
  [44/71] IH_LevelScriptActor.gen.cpp
  @progress 'Compiling C++ source code...' 63%
  [45/71] IH_Mapper_BasePath_Img.gen.cpp
  @progress 'Compiling C++ source code...' 65%
  [46/71] DialogueDefine.gen.cpp
  @progress 'Compiling C++ source code...' 66%
  [47/71] IH_Mapper_Resource_Widget.gen.cpp
  @progress 'Compiling C++ source code...' 68%
  [48/71] IH_Mapper_BasePath_Img.cpp
  @progress 'Compiling C++ source code...' 69%
  [49/71] IH_Mapper_BasePath_Widget.cpp
  @progress 'Compiling C++ source code...' 70%
  [50/71] IH_Widget_DialogueScene.cpp
  @progress 'Compiling C++ source code...' 72%
  [51/71] IH_SceneDefine.cpp
  @progress 'Compiling C++ source code...' 73%
  [52/71] DialogueActionLayer.gen.cpp
  @progress 'Compiling C++ source code...' 75%
  [53/71] IH_SceneManager.gen.cpp
  @progress 'Compiling C++ source code...' 76%
  [54/71] IH_SingletonManager.gen.cpp
  @progress 'Compiling C++ source code...' 77%
  [55/71] IH_Mapper_Script_Local.gen.cpp
  @progress 'Compiling C++ source code...' 79%
  [56/71] IH_TableMapper.gen.cpp
  @progress 'Compiling C++ source code...' 80%
  [57/71] IH_WidgetManager.gen.cpp
  @progress 'Compiling C++ source code...' 82%
  [58/71] IH_Widget_DialogueScene.gen.cpp
  @progress 'Compiling C++ source code...' 83%
  [59/71] IH_SceneLobby.cpp
  @progress 'Compiling C++ source code...' 85%
  [60/71] InsectHeaven.cpp
  @progress 'Compiling C++ source code...' 86%
  [61/71] IH_TableMapper.cpp
  @progress 'Compiling C++ source code...' 87%
  [62/71] IH_Mapper_InGame_Local.gen.cpp
  @progress 'Compiling C++ source code...' 89%
  [63/71] IH_Mapper_Script_Local.cpp
  @progress 'Compiling C++ source code...' 90%
  [64/71] IH_Mapper_Character_2D.cpp
  @progress 'Compiling C++ source code...' 92%
  [65/71] IH_Mapper_InGame_Local.cpp
  @progress 'Compiling C++ source code...' 93%
  [66/71] IH_SingletonManager.cpp
  @progress 'Compiling C++ source code...' 94%
  [67/71] IH_Widget_Portrait.cpp
  @progress 'Compiling C++ source code...' 96%
  [68/71] IH_Widget_MainLobby.gen.cpp
LogInit: Warning: Still incompatible or missing module: InsectHeaven
LogCore: Engine exit requested (reason: EngineExit() was called)
LogExit: Preparing to exit.
LogModuleManager: Shutting down and abandoning module DesktopPlatform (48)
LogModuleManager: Shutting down and abandoning module PythonScriptPluginPreload (46)
LogModuleManager: Shutting down and abandoning module PlatformCryptoOpenSSL (44)
LogModuleManager: Shutting down and abandoning module PlatformCryptoTypes (42)
LogModuleManager: Shutting down and abandoning module PlatformCrypto (40)
LogModuleManager: Shutting down and abandoning module OodleDataCompressionFormat (38)
LogModuleManager: Shutting down and abandoning module XGEController (36)
LogXGEController: Cannot use XGE Controller as Incredibuild is not installed on this machine.
LogXGEController: Cleaning working directory: C:/Users/nanim/AppData/Local/Temp/UnrealXGEWorkingDir/
LogModuleManager: Shutting down and abandoning module AnimationModifiers (34)
LogModuleManager: Shutting down and abandoning module AudioEditor (32)
LogModuleManager: Shutting down and abandoning module PropertyEditor (31)
LogModuleManager: Shutting down and abandoning module TextureCompressor (28)
LogModuleManager: Shutting down and abandoning module RenderCore (26)
LogModuleManager: Shutting down and abandoning module Landscape (24)
LogModuleManager: Shutting down and abandoning module SlateRHIRenderer (22)
LogModuleManager: Shutting down and abandoning module AnimGraphRuntime (20)
LogModuleManager: Shutting down and abandoning module Renderer (18)
LogModuleManager: Shutting down and abandoning module Engine (16)
LogModuleManager: Shutting down and abandoning module CoreUObject (14)
LogModuleManager: Shutting down and abandoning module NetworkFile (12)
LogModuleManager: Shutting down and abandoning module CookedIterativeFile (10)
LogModuleManager: Shutting down and abandoning module StreamingFile (8)
LogModuleManager: Shutting down and abandoning module SandboxFile (6)
LogModuleManager: Shutting down and abandoning module PakFile (4)
LogModuleManager: Shutting down and abandoning module RSA (3)
LogExit: Exiting.
Log file closed, 03/17/24 20:02:32
