Log file open, 09/07/24 23:51:21
LogWindows: Failed to load 'aqProf.dll' (GetLastError=126)
LogWindows: File 'aqProf.dll' does not exist
LogWindows: Failed to load 'VtuneApi.dll' (GetLastError=126)
LogWindows: File 'VtuneApi.dll' does not exist
LogWindows: Failed to load 'VtuneApi32e.dll' (GetLastError=126)
LogWindows: File 'VtuneApi32e.dll' does not exist
LogConsoleResponse: Display: Failed to find resolution value strings in scalability ini. Falling back to default.
LogConsoleResponse: Display: Failed to find resolution value strings in scalability ini. Falling back to default.
LogInit: Display: Running engine for game: InsectHeaven
LogPlatformFile: Not using cached read wrapper
LogTaskGraph: Started task graph with 5 named threads and 71 total threads with 3 sets of task threads.
LogStats: Stats thread started at 0.220415
LogICUInternationalization: ICU TimeZone Detection - Raw Offset: +9:00, Platform Override: ''
LogInit: Display: Loading text-based GConfig....
LogPluginManager: Mounting plugin MeshPainting
LogPluginManager: Mounting plugin XGEController
LogPluginManager: Mounting plugin Paper2D
LogPluginManager: Mounting plugin AISupport
LogPluginManager: Mounting plugin EnvironmentQueryEditor
LogPluginManager: Mounting plugin LightPropagationVolume
LogPluginManager: Mounting plugin GameplayCameras
LogPluginManager: Mounting plugin LiveLink
LogPluginManager: Mounting plugin CameraShakePreviewer
LogPluginManager: Mounting plugin OodleData
LogPluginManager: Mounting plugin AssetManagerEditor
LogPluginManager: Mounting plugin AnimationSharing
LogPluginManager: Mounting plugin OodleNetwork
LogPluginManager: Mounting plugin CLionSourceCodeAccess
LogPluginManager: Mounting plugin CodeLiteSourceCodeAccess
LogPluginManager: Mounting plugin GitSourceControl
LogPluginManager: Mounting plugin CryptoKeys
LogPluginManager: Mounting plugin CurveEditorTools
LogPluginManager: Mounting plugin KDevelopSourceCodeAccess
LogPluginManager: Mounting plugin DataValidation
LogPluginManager: Mounting plugin EditorScriptingUtilities
LogPluginManager: Mounting plugin NullSourceCodeAccess
LogPluginManager: Mounting plugin PerforceSourceControl
LogPluginManager: Mounting plugin PlasticSourceControl
LogPluginManager: Mounting plugin FacialAnimation
LogPluginManager: Mounting plugin PluginUtils
LogPluginManager: Mounting plugin PixWinPlugin
LogPluginManager: Mounting plugin MacGraphicsSwitching
LogPluginManager: Mounting plugin GameplayTagsEditor
LogPluginManager: Mounting plugin GeometryMode
LogPluginManager: Mounting plugin PropertyAccessNode
LogPluginManager: Mounting plugin RiderSourceCodeAccess
LogPluginManager: Mounting plugin TextureFormatOodle
LogPluginManager: Mounting plugin SubversionSourceControl
LogPluginManager: Mounting plugin UObjectPlugin
LogPluginManager: Mounting plugin DatasmithContent
LogPluginManager: Mounting plugin MaterialAnalyzer
LogPluginManager: Mounting plugin MobileLauncherProfileWizard
LogPluginManager: Mounting plugin PluginBrowser
LogPluginManager: Mounting plugin Niagara
LogPluginManager: Mounting plugin SpeedTreeImporter
LogPluginManager: Mounting plugin VisualStudioCodeSourceCodeAccess
LogPluginManager: Mounting plugin VariantManagerContent
LogPluginManager: Mounting plugin XCodeSourceCodeAccess
LogPluginManager: Mounting plugin VisualStudioSourceCodeAccess
LogPluginManager: Mounting plugin AlembicImporter
LogPluginManager: Mounting plugin BackChannel
LogPluginManager: Mounting plugin ChaosCloth
LogPluginManager: Mounting plugin ChaosClothEditor
LogPluginManager: Mounting plugin ChaosEditor
LogPluginManager: Mounting plugin ChaosSolverPlugin
LogPluginManager: Mounting plugin AutomationUtils
LogPluginManager: Mounting plugin CharacterAI
LogPluginManager: Mounting plugin ChaosNiagara
LogPluginManager: Mounting plugin LuminPlatformFeatures
LogPluginManager: Mounting plugin MagicLeap
LogPluginManager: Mounting plugin MagicLeapLightEstimation
LogPluginManager: Mounting plugin MagicLeapMedia
LogPluginManager: Mounting plugin MagicLeapPassableWorld
LogPluginManager: Mounting plugin MLSDK
LogPluginManager: Mounting plugin GeometryCache
LogPluginManager: Mounting plugin GeometryCollectionPlugin
LogPluginManager: Mounting plugin GeometryProcessing
LogPluginManager: Mounting plugin AndroidMedia
LogPluginManager: Mounting plugin AvfMedia
LogPluginManager: Mounting plugin ImgMedia
LogPluginManager: Mounting plugin MotoSynth
LogPluginManager: Mounting plugin OpenImageDenoise
LogPluginManager: Mounting plugin MediaCompositing
LogPluginManager: Mounting plugin PlatformCrypto
LogPluginManager: Mounting plugin PlanarCut
LogPluginManager: Mounting plugin ProxyLODPlugin
LogPluginManager: Mounting plugin PythonScriptPlugin
LogPluginManager: Mounting plugin MediaPlayerEditor
LogPluginManager: Mounting plugin WebMMedia
LogPluginManager: Mounting plugin WmfMedia
LogPluginManager: Mounting plugin SkeletalReduction
LogPluginManager: Mounting plugin TcpMessaging
LogPluginManager: Mounting plugin UdpMessaging
LogPluginManager: Mounting plugin ActorSequence
LogPluginManager: Mounting plugin MatineeToLevelSequence
LogPluginManager: Mounting plugin LevelSequenceEditor
LogPluginManager: Mounting plugin TemplateSequence
LogPluginManager: Mounting plugin OnlineSubsystem
LogPluginManager: Mounting plugin OnlineSubsystemNull
LogPluginManager: Mounting plugin OnlineSubsystemUtils
LogPluginManager: Mounting plugin LauncherChunkInstaller
LogPluginManager: Mounting plugin ActorLayerUtilities
LogPluginManager: Mounting plugin AndroidDeviceProfileSelector
LogPluginManager: Mounting plugin AndroidMoviePlayer
LogPluginManager: Mounting plugin AndroidPermission
LogPluginManager: Mounting plugin AppleImageUtils
LogPluginManager: Mounting plugin AppleMoviePlayer
LogPluginManager: Mounting plugin ArchVisCharacter
LogPluginManager: Mounting plugin AssetTags
LogPluginManager: Mounting plugin AudioCapture
LogPluginManager: Mounting plugin AudioSynesthesia
LogPluginManager: Mounting plugin CableComponent
LogPluginManager: Mounting plugin ChunkDownloader
LogPluginManager: Mounting plugin CustomMeshComponent
LogPluginManager: Mounting plugin EditableMesh
LogPluginManager: Mounting plugin ExampleDeviceProfileSelector
LogPluginManager: Mounting plugin GoogleCloudMessaging
LogPluginManager: Mounting plugin ScreenshotTools
LogPluginManager: Mounting plugin GooglePAD
LogPluginManager: Mounting plugin IOSDeviceProfileSelector
LogPluginManager: Mounting plugin LinuxDeviceProfileSelector
LogPluginManager: Mounting plugin LocationServicesBPLibrary
LogPluginManager: Mounting plugin MobilePatchingUtils
LogPluginManager: Mounting plugin OpenXREyeTracker
LogPluginManager: Mounting plugin OpenXR
LogPluginManager: Mounting plugin OpenXRHandTracking
LogPluginManager: Mounting plugin PhysXVehicles
LogPluginManager: Mounting plugin PostSplashScreen
LogPluginManager: Mounting plugin ProceduralMeshComponent
LogPluginManager: Mounting plugin PropertyAccessEditor
LogPluginManager: Mounting plugin RuntimePhysXCooking
LogPluginManager: Mounting plugin SignificanceManager
LogPluginManager: Mounting plugin SoundFields
LogPluginManager: Mounting plugin Synthesis
LogPluginManager: Mounting plugin WebMMoviePlayer
LogPluginManager: Mounting plugin WindowsMoviePlayer
LogPluginManager: Mounting plugin Takes
LogPluginManager: Mounting plugin ContentBrowserAssetDataSource
LogPluginManager: Mounting plugin ContentBrowserClassDataSource
LogPluginManager: Mounting plugin ContentBrowserFileDataSource
LogPluginManager: Mounting plugin RiderLink
LogPluginManager: Mounting plugin OnlineSubsystemGooglePlay
LogPluginManager: Mounting plugin OnlineSubsystemIOS
LogPluginManager: Mounting plugin OculusVR
LogPluginManager: Mounting plugin SteamVR
PixWinPlugin: PIX capture plugin failed to initialize! Check that the process is launched from PIX.
LogInit: Using libcurl 7.55.1-DEV
LogInit:  - built for x86_64-pc-win32
LogInit:  - supports SSL with OpenSSL/1.1.1
LogInit:  - supports HTTP deflate (compression) using libz 1.2.8
LogInit:  - other features:
LogInit:      CURL_VERSION_SSL
LogInit:      CURL_VERSION_LIBZ
LogInit:      CURL_VERSION_IPV6
LogInit:      CURL_VERSION_ASYNCHDNS
LogInit:      CURL_VERSION_LARGEFILE
LogInit:      CURL_VERSION_IDN
LogInit:  CurlRequestOptions (configurable via config and command line):
LogInit:  - bVerifyPeer = true  - Libcurl will verify peer certificate
LogInit:  - bUseHttpProxy = false  - Libcurl will NOT use HTTP proxy
LogInit:  - bDontReuseConnections = false  - Libcurl will reuse connections
LogInit:  - MaxHostConnections = 16  - Libcurl will limit the number of connections to a host
LogInit:  - LocalHostAddr = Default
LogInit:  - BufferSize = 65536
LogOnline: OSS: Creating online subsystem instance for: NULL
LogInit: WinSock: version 1.1 (2.2), MaxSocks=32767, MaxUdp=65467
LogOnline: OSS: TryLoadSubsystemAndSetDefault: Loaded subsystem for module [NULL]
LogOculusPluginWrapper: OculusPlugin initialized successfully
LogHMD: Failed initializing OVRPlugin 1.59.0
LogInit: Build: ++UE4+Release-4.27-CL-18319896
LogInit: Engine Version: 4.27.2-18319896+++UE4+Release-4.27
LogInit: Compatible Engine Version: 4.27.0-17155196+++UE4+Release-4.27
LogInit: Net CL: 17155196
LogInit: OS: Windows 10 (Release 2009) (), CPU: AMD Ryzen 9 7900X 12-Core Processor            , GPU: AMD Radeon RX 7900 XTX
LogInit: Compiled (64-bit): Nov 30 2021 07:12:08
LogInit: Compiled with Visual C++: 19.24.28315.00
LogInit: Build Configuration: Development
LogInit: Branch Name: ++UE4+Release-4.27
LogInit: Command Line: 
LogInit: Base Directory: C:/Program Files/UE_4.27/Engine/Binaries/Win64/
LogInit: Allocator: TBB
LogInit: Installed Engine Build: 1
LogDevObjectVersion: Number of dev versions registered: 29
LogDevObjectVersion:   Dev-Blueprints (B0D832E4-1F89-4F0D-ACCF-7EB736FD4AA2): 10
LogDevObjectVersion:   Dev-Build (E1C64328-A22C-4D53-A36C-8E866417BD8C): 0
LogDevObjectVersion:   Dev-Core (375EC13C-06E4-48FB-B500-84F0262A717E): 4
LogDevObjectVersion:   Dev-Editor (E4B068ED-F494-42E9-A231-DA0B2E46BB41): 40
LogDevObjectVersion:   Dev-Framework (CFFC743F-43B0-4480-9391-14DF171D2073): 37
LogDevObjectVersion:   Dev-Mobile (B02B49B5-BB20-44E9-A304-32B752E40360): 3
LogDevObjectVersion:   Dev-Networking (A4E4105C-59A1-49B5-A7C5-40C4547EDFEE): 0
LogDevObjectVersion:   Dev-Online (39C831C9-5AE6-47DC-9A44-9C173E1C8E7C): 0
LogDevObjectVersion:   Dev-Physics (78F01B33-EBEA-4F98-B9B4-84EACCB95AA2): 14
LogDevObjectVersion:   Dev-Platform (6631380F-2D4D-43E0-8009-CF276956A95A): 0
LogDevObjectVersion:   Dev-Rendering (12F88B9F-8875-4AFC-A67C-D90C383ABD29): 45
LogDevObjectVersion:   Dev-Sequencer (7B5AE74C-D270-4C10-A958-57980B212A5A): 13
LogDevObjectVersion:   Dev-VR (D7296918-1DD6-4BDD-9DE2-64A83CC13884): 3
LogDevObjectVersion:   Dev-LoadTimes (C2A15278-BFE7-4AFE-6C17-90FF531DF755): 1
LogDevObjectVersion:   Private-Geometry (6EACA3D4-40EC-4CC1-B786-8BED09428FC5): 3
LogDevObjectVersion:   Dev-AnimPhys (29E575DD-E0A3-4627-9D10-D276232CDCEA): 17
LogDevObjectVersion:   Dev-Anim (AF43A65D-7FD3-4947-9873-3E8ED9C1BB05): 15
LogDevObjectVersion:   Dev-ReflectionCapture (6B266CEC-1EC7-4B8F-A30B-E4D90942FC07): 1
LogDevObjectVersion:   Dev-Automation (0DF73D61-A23F-47EA-B727-89E90C41499A): 1
LogDevObjectVersion:   FortniteMain (601D1886-AC64-4F84-AA16-D3DE0DEAC7D6): 47
LogDevObjectVersion:   FortniteRelease (E7086368-6B23-4C58-8439-1B7016265E91): 1
LogDevObjectVersion:   Dev-Enterprise (9DFFBCD6-494F-0158-E221-12823C92A888): 10
LogDevObjectVersion:   Dev-Niagara (F2AED0AC-9AFE-416F-8664-AA7FFA26D6FC): 1
LogDevObjectVersion:   Dev-Destruction (174F1F0B-B4C6-45A5-B13F-2EE8D0FB917D): 10
LogDevObjectVersion:   Dev-Physics-Ext (35F94A83-E258-406C-A318-09F59610247C): 41
LogDevObjectVersion:   Dev-PhysicsMaterial-Chaos (B68FC16E-8B1B-42E2-B453-215C058844FE): 1
LogDevObjectVersion:   Dev-CineCamera (B2E18506-4273-CFC2-A54E-F4BB758BBA07): 1
LogDevObjectVersion:   Dev-VirtualProduction (64F58936-FD1B-42BA-BA96-7289D5D0FA4E): 1
LogDevObjectVersion:   Dev-MediaFramework (6F0ED827-A609-4895-9C91-998D90180EA4): 2
LogInit: Presizing for max 25165824 objects, including 0 objects not considered by GC, pre-allocating 0 bytes for permanent pool.
LogConfig: Applying CVar settings from Section [/Script/Engine.StreamingSettings] File [C:/Users/nanim/GitHub/NewNewInsectHeaven/InsectHeaven/Saved/Config/Windows/Engine.ini]
LogConfig: Setting CVar [[s.MinBulkDataSizeForAsyncLoading:131072]]
LogConfig: Setting CVar [[s.AsyncLoadingThreadEnabled:0]]
LogConfig: Setting CVar [[s.EventDrivenLoaderEnabled:1]]
LogConfig: Setting CVar [[s.WarnIfTimeLimitExceeded:0]]
LogConfig: Setting CVar [[s.TimeLimitExceededMultiplier:1.5]]
LogConfig: Setting CVar [[s.TimeLimitExceededMinTime:0.005]]
LogConfig: Setting CVar [[s.UseBackgroundLevelStreaming:1]]
LogConfig: Setting CVar [[s.PriorityAsyncLoadingExtraTime:15.0]]
LogConfig: Setting CVar [[s.LevelStreamingActorsUpdateTimeLimit:5.0]]
LogConfig: Setting CVar [[s.PriorityLevelStreamingActorsUpdateExtraTime:5.0]]
LogConfig: Setting CVar [[s.LevelStreamingComponentsRegistrationGranularity:10]]
LogConfig: Setting CVar [[s.UnregisterComponentsTimeLimit:1.0]]
LogConfig: Setting CVar [[s.LevelStreamingComponentsUnregistrationGranularity:5]]
LogConfig: Setting CVar [[s.FlushStreamingOnExit:1]]
LogInit: Object subsystem initialized
LogConfig: Setting CVar [[con.DebugEarlyDefault:1]]
LogConfig: Setting CVar [[r.setres:1280x720]]
[2024.09.07-14.51.22:704][  0]LogConfig: Setting CVar [[r.VSync:0]]
[2024.09.07-14.51.22:704][  0]LogConfig: Setting CVar [[r.RHICmdBypass:0]]
[2024.09.07-14.51.22:704][  0]LogConfig: Applying CVar settings from Section [/Script/Engine.RendererSettings] File [C:/Users/nanim/GitHub/NewNewInsectHeaven/InsectHeaven/Saved/Config/Windows/Engine.ini]
[2024.09.07-14.51.22:705][  0]LogConfig: Setting CVar [[r.GPUCrashDebugging:0]]
[2024.09.07-14.51.22:705][  0]LogConfig: Applying CVar settings from Section [/Script/Engine.RendererOverrideSettings] File [C:/Users/nanim/GitHub/NewNewInsectHeaven/InsectHeaven/Saved/Config/Windows/Engine.ini]
[2024.09.07-14.51.22:705][  0]LogConfig: Applying CVar settings from Section [/Script/Engine.StreamingSettings] File [C:/Users/nanim/GitHub/NewNewInsectHeaven/InsectHeaven/Saved/Config/Windows/Engine.ini]
[2024.09.07-14.51.22:705][  0]LogConfig: Setting CVar [[s.MinBulkDataSizeForAsyncLoading:131072]]
[2024.09.07-14.51.22:705][  0]LogConfig: Setting CVar [[s.AsyncLoadingThreadEnabled:0]]
[2024.09.07-14.51.22:705][  0]LogConfig: Setting CVar [[s.EventDrivenLoaderEnabled:1]]
[2024.09.07-14.51.22:705][  0]LogConfig: Setting CVar [[s.WarnIfTimeLimitExceeded:0]]
[2024.09.07-14.51.22:705][  0]LogConfig: Setting CVar [[s.TimeLimitExceededMultiplier:1.5]]
[2024.09.07-14.51.22:705][  0]LogConfig: Setting CVar [[s.TimeLimitExceededMinTime:0.005]]
[2024.09.07-14.51.22:705][  0]LogConfig: Setting CVar [[s.UseBackgroundLevelStreaming:1]]
[2024.09.07-14.51.22:705][  0]LogConfig: Setting CVar [[s.PriorityAsyncLoadingExtraTime:15.0]]
[2024.09.07-14.51.22:705][  0]LogConfig: Setting CVar [[s.LevelStreamingActorsUpdateTimeLimit:5.0]]
[2024.09.07-14.51.22:706][  0]LogConfig: Setting CVar [[s.PriorityLevelStreamingActorsUpdateExtraTime:5.0]]
[2024.09.07-14.51.22:706][  0]LogConfig: Setting CVar [[s.LevelStreamingComponentsRegistrationGranularity:10]]
[2024.09.07-14.51.22:706][  0]LogConfig: Setting CVar [[s.UnregisterComponentsTimeLimit:1.0]]
[2024.09.07-14.51.22:706][  0]LogConfig: Setting CVar [[s.LevelStreamingComponentsUnregistrationGranularity:5]]
[2024.09.07-14.51.22:706][  0]LogConfig: Setting CVar [[s.FlushStreamingOnExit:1]]
[2024.09.07-14.51.22:706][  0]LogConfig: Applying CVar settings from Section [/Script/Engine.GarbageCollectionSettings] File [C:/Users/nanim/GitHub/NewNewInsectHeaven/InsectHeaven/Saved/Config/Windows/Engine.ini]
[2024.09.07-14.51.22:706][  0]LogConfig: Setting CVar [[gc.MaxObjectsNotConsideredByGC:1]]
[2024.09.07-14.51.22:706][  0]LogConfig: Setting CVar [[gc.SizeOfPermanentObjectPool:0]]
[2024.09.07-14.51.22:706][  0]LogConfig: Setting CVar [[gc.FlushStreamingOnGC:0]]
[2024.09.07-14.51.22:706][  0]LogConfig: Setting CVar [[gc.NumRetriesBeforeForcingGC:10]]
[2024.09.07-14.51.22:706][  0]LogConfig: Setting CVar [[gc.AllowParallelGC:1]]
[2024.09.07-14.51.22:707][  0]LogConfig: Setting CVar [[gc.TimeBetweenPurgingPendingKillObjects:61.1]]
[2024.09.07-14.51.22:707][  0]LogConfig: Setting CVar [[gc.MaxObjectsInEditor:25165824]]
[2024.09.07-14.51.22:707][  0]LogConfig: Setting CVar [[gc.IncrementalBeginDestroyEnabled:1]]
[2024.09.07-14.51.22:707][  0]LogConfig: Setting CVar [[gc.CreateGCClusters:1]]
[2024.09.07-14.51.22:707][  0]LogConfig: Setting CVar [[gc.MinGCClusterSize:5]]
[2024.09.07-14.51.22:707][  0]LogConfig: Setting CVar [[gc.ActorClusteringEnabled:0]]
[2024.09.07-14.51.22:707][  0]LogConfig: Setting CVar [[gc.BlueprintClusteringEnabled:0]]
[2024.09.07-14.51.22:707][  0]LogConfig: Setting CVar [[gc.UseDisregardForGCOnDedicatedServers:0]]
[2024.09.07-14.51.22:707][  0]LogConfig: Setting CVar [[gc.MultithreadedDestructionEnabled:1]]
[2024.09.07-14.51.22:707][  0]LogConfig: Applying CVar settings from Section [/Script/Engine.NetworkSettings] File [C:/Users/nanim/GitHub/NewNewInsectHeaven/InsectHeaven/Saved/Config/Windows/Engine.ini]
[2024.09.07-14.51.22:707][  0]LogConfig: Applying CVar settings from Section [/Script/UnrealEd.CookerSettings] File [C:/Users/nanim/GitHub/NewNewInsectHeaven/InsectHeaven/Saved/Config/Windows/Engine.ini]
[2024.09.07-14.51.22:748][  0]LogConfig: Applying CVar settings from Section [ViewDistanceQuality@3] File [C:/Users/nanim/GitHub/NewNewInsectHeaven/InsectHeaven/Saved/Config/Windows/Scalability.ini]
[2024.09.07-14.51.22:748][  0]LogConfig: Setting CVar [[r.SkeletalMeshLODBias:0]]
[2024.09.07-14.51.22:748][  0]LogConfig: Setting CVar [[r.ViewDistanceScale:1.0]]
[2024.09.07-14.51.22:748][  0]LogConfig: Applying CVar settings from Section [AntiAliasingQuality@3] File [C:/Users/nanim/GitHub/NewNewInsectHeaven/InsectHeaven/Saved/Config/Windows/Scalability.ini]
[2024.09.07-14.51.22:749][  0]LogConfig: Setting CVar [[r.PostProcessAAQuality:4]]
[2024.09.07-14.51.22:749][  0]LogConfig: Applying CVar settings from Section [ShadowQuality@3] File [C:/Users/nanim/GitHub/NewNewInsectHeaven/InsectHeaven/Saved/Config/Windows/Scalability.ini]
[2024.09.07-14.51.22:749][  0]LogConfig: Setting CVar [[r.LightFunctionQuality:1]]
[2024.09.07-14.51.22:749][  0]LogConfig: Setting CVar [[r.ShadowQuality:5]]
[2024.09.07-14.51.22:749][  0]LogConfig: Setting CVar [[r.Shadow.CSM.MaxCascades:10]]
[2024.09.07-14.51.22:749][  0]LogConfig: Setting CVar [[r.Shadow.MaxResolution:2048]]
[2024.09.07-14.51.22:749][  0]LogConfig: Setting CVar [[r.Shadow.MaxCSMResolution:2048]]
[2024.09.07-14.51.22:749][  0]LogConfig: Setting CVar [[r.Shadow.RadiusThreshold:0.01]]
[2024.09.07-14.51.22:749][  0]LogConfig: Setting CVar [[r.Shadow.DistanceScale:1.0]]
[2024.09.07-14.51.22:749][  0]LogConfig: Setting CVar [[r.Shadow.CSM.TransitionScale:1.0]]
[2024.09.07-14.51.22:750][  0]LogConfig: Setting CVar [[r.Shadow.PreShadowResolutionFactor:1.0]]
[2024.09.07-14.51.22:750][  0]LogConfig: Setting CVar [[r.DistanceFieldShadowing:1]]
[2024.09.07-14.51.22:750][  0]LogConfig: Setting CVar [[r.DistanceFieldAO:1]]
[2024.09.07-14.51.22:750][  0]LogConfig: Setting CVar [[r.AOQuality:2]]
[2024.09.07-14.51.22:750][  0]LogConfig: Setting CVar [[r.VolumetricFog:1]]
[2024.09.07-14.51.22:750][  0]LogConfig: Setting CVar [[r.VolumetricFog.GridPixelSize:8]]
[2024.09.07-14.51.22:750][  0]LogConfig: Setting CVar [[r.VolumetricFog.GridSizeZ:128]]
[2024.09.07-14.51.22:750][  0]LogConfig: Setting CVar [[r.VolumetricFog.HistoryMissSupersampleCount:4]]
[2024.09.07-14.51.22:750][  0]LogConfig: Setting CVar [[r.LightMaxDrawDistanceScale:1]]
[2024.09.07-14.51.22:751][  0]LogConfig: Setting CVar [[r.CapsuleShadows:1]]
[2024.09.07-14.51.22:751][  0]LogConfig: Applying CVar settings from Section [PostProcessQuality@3] File [C:/Users/nanim/GitHub/NewNewInsectHeaven/InsectHeaven/Saved/Config/Windows/Scalability.ini]
[2024.09.07-14.51.22:751][  0]LogConfig: Setting CVar [[r.MotionBlurQuality:4]]
[2024.09.07-14.51.22:751][  0]LogConfig: Setting CVar [[r.AmbientOcclusionMipLevelFactor:0.4]]
[2024.09.07-14.51.22:751][  0]LogConfig: Setting CVar [[r.AmbientOcclusionMaxQuality:100]]
[2024.09.07-14.51.22:751][  0]LogConfig: Setting CVar [[r.AmbientOcclusionLevels:-1]]
[2024.09.07-14.51.22:751][  0]LogConfig: Setting CVar [[r.AmbientOcclusionRadiusScale:1.0]]
[2024.09.07-14.51.22:751][  0]LogConfig: Setting CVar [[r.DepthOfFieldQuality:2]]
[2024.09.07-14.51.22:751][  0]LogConfig: Setting CVar [[r.RenderTargetPoolMin:400]]
[2024.09.07-14.51.22:751][  0]LogConfig: Setting CVar [[r.LensFlareQuality:2]]
[2024.09.07-14.51.22:752][  0]LogConfig: Setting CVar [[r.SceneColorFringeQuality:1]]
[2024.09.07-14.51.22:752][  0]LogConfig: Setting CVar [[r.EyeAdaptationQuality:2]]
[2024.09.07-14.51.22:752][  0]LogConfig: Setting CVar [[r.BloomQuality:5]]
[2024.09.07-14.51.22:752][  0]LogConfig: Setting CVar [[r.FastBlurThreshold:100]]
[2024.09.07-14.51.22:752][  0]LogConfig: Setting CVar [[r.Upscale.Quality:3]]
[2024.09.07-14.51.22:752][  0]LogConfig: Setting CVar [[r.Tonemapper.GrainQuantization:1]]
[2024.09.07-14.51.22:752][  0]LogConfig: Setting CVar [[r.LightShaftQuality:1]]
[2024.09.07-14.51.22:752][  0]LogConfig: Setting CVar [[r.Filter.SizeScale:1]]
[2024.09.07-14.51.22:752][  0]LogConfig: Setting CVar [[r.Tonemapper.Quality:5]]
[2024.09.07-14.51.22:752][  0]LogConfig: Setting CVar [[r.DOF.Gather.AccumulatorQuality:1        ; higher gathering accumulator quality]]
[2024.09.07-14.51.22:752][  0]LogConfig: Setting CVar [[r.DOF.Gather.PostfilterMethod:1          ; Median3x3 postfilering method]]
[2024.09.07-14.51.22:753][  0]LogConfig: Setting CVar [[r.DOF.Gather.EnableBokehSettings:0       ; no bokeh simulation when gathering]]
[2024.09.07-14.51.22:753][  0]LogConfig: Setting CVar [[r.DOF.Gather.RingCount:4                 ; medium number of samples when gathering]]
[2024.09.07-14.51.22:753][  0]LogConfig: Setting CVar [[r.DOF.Scatter.ForegroundCompositing:1    ; additive foreground scattering]]
[2024.09.07-14.51.22:753][  0]LogConfig: Setting CVar [[r.DOF.Scatter.BackgroundCompositing:2    ; additive background scattering]]
[2024.09.07-14.51.22:753][  0]LogConfig: Setting CVar [[r.DOF.Scatter.EnableBokehSettings:1      ; bokeh simulation when scattering]]
[2024.09.07-14.51.22:753][  0]LogConfig: Setting CVar [[r.DOF.Scatter.MaxSpriteRatio:0.1         ; only a maximum of 10% of scattered bokeh]]
[2024.09.07-14.51.22:753][  0]LogConfig: Setting CVar [[r.DOF.Recombine.Quality:1                ; cheap slight out of focus]]
[2024.09.07-14.51.22:753][  0]LogConfig: Setting CVar [[r.DOF.Recombine.EnableBokehSettings:0    ; no bokeh simulation on slight out of focus]]
[2024.09.07-14.51.22:753][  0]LogConfig: Setting CVar [[r.DOF.TemporalAAQuality:1                ; more stable temporal accumulation]]
[2024.09.07-14.51.22:753][  0]LogConfig: Setting CVar [[r.DOF.Kernel.MaxForegroundRadius:0.025]]
[2024.09.07-14.51.22:753][  0]LogConfig: Setting CVar [[r.DOF.Kernel.MaxBackgroundRadius:0.025]]
[2024.09.07-14.51.22:754][  0]LogConfig: Applying CVar settings from Section [TextureQuality@3] File [C:/Users/nanim/GitHub/NewNewInsectHeaven/InsectHeaven/Saved/Config/Windows/Scalability.ini]
[2024.09.07-14.51.22:754][  0]LogConfig: Setting CVar [[r.Streaming.MipBias:0]]
[2024.09.07-14.51.22:754][  0]LogConfig: Setting CVar [[r.Streaming.AmortizeCPUToGPUCopy:0]]
[2024.09.07-14.51.22:754][  0]LogConfig: Setting CVar [[r.Streaming.MaxNumTexturesToStreamPerFrame:0]]
[2024.09.07-14.51.22:754][  0]LogConfig: Setting CVar [[r.Streaming.Boost:1]]
[2024.09.07-14.51.22:754][  0]LogConfig: Setting CVar [[r.MaxAnisotropy:8]]
[2024.09.07-14.51.22:754][  0]LogConfig: Setting CVar [[r.VT.MaxAnisotropy:8]]
[2024.09.07-14.51.22:754][  0]LogConfig: Setting CVar [[r.Streaming.LimitPoolSizeToVRAM:0]]
[2024.09.07-14.51.22:754][  0]LogConfig: Setting CVar [[r.Streaming.PoolSize:1000]]
[2024.09.07-14.51.22:754][  0]LogConfig: Setting CVar [[r.Streaming.MaxEffectiveScreenSize:0]]
[2024.09.07-14.51.22:754][  0]LogConfig: Applying CVar settings from Section [EffectsQuality@3] File [C:/Users/nanim/GitHub/NewNewInsectHeaven/InsectHeaven/Saved/Config/Windows/Scalability.ini]
[2024.09.07-14.51.22:755][  0]LogConfig: Setting CVar [[r.TranslucencyLightingVolumeDim:64]]
[2024.09.07-14.51.22:755][  0]LogConfig: Setting CVar [[r.RefractionQuality:2]]
[2024.09.07-14.51.22:755][  0]LogConfig: Setting CVar [[r.SSR.Quality:3]]
[2024.09.07-14.51.22:755][  0]LogConfig: Setting CVar [[r.SSR.HalfResSceneColor:0]]
[2024.09.07-14.51.22:755][  0]LogConfig: Setting CVar [[r.SceneColorFormat:4]]
[2024.09.07-14.51.22:755][  0]LogConfig: Setting CVar [[r.DetailMode:2]]
[2024.09.07-14.51.22:755][  0]LogConfig: Setting CVar [[r.TranslucencyVolumeBlur:1]]
[2024.09.07-14.51.22:755][  0]LogConfig: Setting CVar [[r.MaterialQualityLevel:1 ; High quality]]
[2024.09.07-14.51.22:755][  0]LogConfig: Setting CVar [[r.AnisotropicMaterials:1]]
[2024.09.07-14.51.22:755][  0]LogConfig: Setting CVar [[r.SSS.Scale:1]]
[2024.09.07-14.51.22:755][  0]LogConfig: Setting CVar [[r.SSS.SampleSet:2]]
[2024.09.07-14.51.22:755][  0]LogConfig: Setting CVar [[r.SSS.Quality:1]]
[2024.09.07-14.51.22:755][  0]LogConfig: Setting CVar [[r.SSS.HalfRes:0]]
[2024.09.07-14.51.22:756][  0]LogConfig: Setting CVar [[r.SSGI.Quality:3]]
[2024.09.07-14.51.22:756][  0]LogConfig: Setting CVar [[r.EmitterSpawnRateScale:1.0]]
[2024.09.07-14.51.22:756][  0]LogConfig: Setting CVar [[r.ParticleLightQuality:2]]
[2024.09.07-14.51.22:756][  0]LogConfig: Setting CVar [[r.SkyAtmosphere.AerialPerspectiveLUT.FastApplyOnOpaque:1 ; Always have FastSkyLUT 1 in this case to avoid wrong sky]]
[2024.09.07-14.51.22:756][  0]LogConfig: Setting CVar [[r.SkyAtmosphere.AerialPerspectiveLUT.SampleCountMaxPerSlice:4]]
[2024.09.07-14.51.22:756][  0]LogConfig: Setting CVar [[r.SkyAtmosphere.AerialPerspectiveLUT.DepthResolution:16.0]]
[2024.09.07-14.51.22:756][  0]LogConfig: Setting CVar [[r.SkyAtmosphere.FastSkyLUT:1]]
[2024.09.07-14.51.22:756][  0]LogConfig: Setting CVar [[r.SkyAtmosphere.FastSkyLUT.SampleCountMin:4.0]]
[2024.09.07-14.51.22:756][  0]LogConfig: Setting CVar [[r.SkyAtmosphere.FastSkyLUT.SampleCountMax:128.0]]
[2024.09.07-14.51.22:756][  0]LogConfig: Setting CVar [[r.SkyAtmosphere.SampleCountMin:4.0]]
[2024.09.07-14.51.22:756][  0]LogConfig: Setting CVar [[r.SkyAtmosphere.SampleCountMax:128.0]]
[2024.09.07-14.51.22:756][  0]LogConfig: Setting CVar [[r.SkyAtmosphere.TransmittanceLUT.UseSmallFormat:0]]
[2024.09.07-14.51.22:757][  0]LogConfig: Setting CVar [[r.SkyAtmosphere.TransmittanceLUT.SampleCount:10.0]]
[2024.09.07-14.51.22:757][  0]LogConfig: Setting CVar [[r.SkyAtmosphere.MultiScatteringLUT.SampleCount:15.0]]
[2024.09.07-14.51.22:757][  0]LogConfig: Setting CVar [[r.SkyLight.RealTimeReflectionCapture:1]]
[2024.09.07-14.51.22:757][  0]LogConfig: Applying CVar settings from Section [FoliageQuality@3] File [C:/Users/nanim/GitHub/NewNewInsectHeaven/InsectHeaven/Saved/Config/Windows/Scalability.ini]
[2024.09.07-14.51.22:757][  0]LogConfig: Setting CVar [[foliage.DensityScale:1.0]]
[2024.09.07-14.51.22:757][  0]LogConfig: Setting CVar [[grass.DensityScale:1.0]]
[2024.09.07-14.51.22:757][  0]LogConfig: Applying CVar settings from Section [ShadingQuality@3] File [C:/Users/nanim/GitHub/NewNewInsectHeaven/InsectHeaven/Saved/Config/Windows/Scalability.ini]
[2024.09.07-14.51.22:757][  0]LogConfig: Setting CVar [[r.HairStrands.SkyLighting.IntegrationType:2]]
[2024.09.07-14.51.22:757][  0]LogConfig: Setting CVar [[r.HairStrands.SkyAO.SampleCount:4]]
[2024.09.07-14.51.22:757][  0]LogConfig: Setting CVar [[r.HairStrands.Visibility.MSAA.SamplePerPixel:4]]
[2024.09.07-14.51.22:758][  0]LogInit: Selected Device Profile: [Windows]
[2024.09.07-14.51.22:758][  0]LogInit: Applying CVar settings loaded from the selected device profile: [Windows]
[2024.09.07-14.51.22:758][  0]LogHAL: Display: Platform has ~ 32 GB [33457160192 / 34359738368 / 32], which maps to Largest [LargestMinGB=32, LargerMinGB=12, DefaultMinGB=8, SmallerMinGB=6, SmallestMinGB=0)
[2024.09.07-14.51.22:758][  0]LogInit: Going up to parent DeviceProfile []
[2024.09.07-14.51.22:758][  0]LogConfig: Applying CVar settings from Section [ViewDistanceQuality@3] File [C:/Users/nanim/GitHub/NewNewInsectHeaven/InsectHeaven/Saved/Config/Windows/Scalability.ini]
[2024.09.07-14.51.22:758][  0]LogConfig: Setting CVar [[r.SkeletalMeshLODBias:0]]
[2024.09.07-14.51.22:758][  0]LogConfig: Setting CVar [[r.ViewDistanceScale:1.0]]
[2024.09.07-14.51.22:758][  0]LogConfig: Applying CVar settings from Section [AntiAliasingQuality@3] File [C:/Users/nanim/GitHub/NewNewInsectHeaven/InsectHeaven/Saved/Config/Windows/Scalability.ini]
[2024.09.07-14.51.22:758][  0]LogConfig: Setting CVar [[r.PostProcessAAQuality:4]]
[2024.09.07-14.51.22:759][  0]LogConfig: Applying CVar settings from Section [ShadowQuality@3] File [C:/Users/nanim/GitHub/NewNewInsectHeaven/InsectHeaven/Saved/Config/Windows/Scalability.ini]
[2024.09.07-14.51.22:759][  0]LogConfig: Setting CVar [[r.LightFunctionQuality:1]]
[2024.09.07-14.51.22:759][  0]LogConfig: Setting CVar [[r.ShadowQuality:5]]
[2024.09.07-14.51.22:759][  0]LogConfig: Setting CVar [[r.Shadow.CSM.MaxCascades:10]]
[2024.09.07-14.51.22:759][  0]LogConfig: Setting CVar [[r.Shadow.MaxResolution:2048]]
[2024.09.07-14.51.22:759][  0]LogConfig: Setting CVar [[r.Shadow.MaxCSMResolution:2048]]
[2024.09.07-14.51.22:759][  0]LogConfig: Setting CVar [[r.Shadow.RadiusThreshold:0.01]]
[2024.09.07-14.51.22:759][  0]LogConfig: Setting CVar [[r.Shadow.DistanceScale:1.0]]
[2024.09.07-14.51.22:759][  0]LogConfig: Setting CVar [[r.Shadow.CSM.TransitionScale:1.0]]
[2024.09.07-14.51.22:759][  0]LogConfig: Setting CVar [[r.Shadow.PreShadowResolutionFactor:1.0]]
[2024.09.07-14.51.22:759][  0]LogConfig: Setting CVar [[r.DistanceFieldShadowing:1]]
[2024.09.07-14.51.22:759][  0]LogConfig: Setting CVar [[r.DistanceFieldAO:1]]
[2024.09.07-14.51.22:760][  0]LogConfig: Setting CVar [[r.AOQuality:2]]
[2024.09.07-14.51.22:760][  0]LogConfig: Setting CVar [[r.VolumetricFog:1]]
[2024.09.07-14.51.22:760][  0]LogConfig: Setting CVar [[r.VolumetricFog.GridPixelSize:8]]
[2024.09.07-14.51.22:760][  0]LogConfig: Setting CVar [[r.VolumetricFog.GridSizeZ:128]]
[2024.09.07-14.51.22:760][  0]LogConfig: Setting CVar [[r.VolumetricFog.HistoryMissSupersampleCount:4]]
[2024.09.07-14.51.22:760][  0]LogConfig: Setting CVar [[r.LightMaxDrawDistanceScale:1]]
[2024.09.07-14.51.22:760][  0]LogConfig: Setting CVar [[r.CapsuleShadows:1]]
[2024.09.07-14.51.22:760][  0]LogConfig: Applying CVar settings from Section [PostProcessQuality@3] File [C:/Users/nanim/GitHub/NewNewInsectHeaven/InsectHeaven/Saved/Config/Windows/Scalability.ini]
[2024.09.07-14.51.22:760][  0]LogConfig: Setting CVar [[r.MotionBlurQuality:4]]
[2024.09.07-14.51.22:760][  0]LogConfig: Setting CVar [[r.AmbientOcclusionMipLevelFactor:0.4]]
[2024.09.07-14.51.22:760][  0]LogConfig: Setting CVar [[r.AmbientOcclusionMaxQuality:100]]
[2024.09.07-14.51.22:760][  0]LogConfig: Setting CVar [[r.AmbientOcclusionLevels:-1]]
[2024.09.07-14.51.22:760][  0]LogConfig: Setting CVar [[r.AmbientOcclusionRadiusScale:1.0]]
[2024.09.07-14.51.22:761][  0]LogConfig: Setting CVar [[r.DepthOfFieldQuality:2]]
[2024.09.07-14.51.22:761][  0]LogConfig: Setting CVar [[r.RenderTargetPoolMin:400]]
[2024.09.07-14.51.22:761][  0]LogConfig: Setting CVar [[r.LensFlareQuality:2]]
[2024.09.07-14.51.22:761][  0]LogConfig: Setting CVar [[r.SceneColorFringeQuality:1]]
[2024.09.07-14.51.22:761][  0]LogConfig: Setting CVar [[r.EyeAdaptationQuality:2]]
[2024.09.07-14.51.22:761][  0]LogConfig: Setting CVar [[r.BloomQuality:5]]
[2024.09.07-14.51.22:761][  0]LogConfig: Setting CVar [[r.FastBlurThreshold:100]]
[2024.09.07-14.51.22:761][  0]LogConfig: Setting CVar [[r.Upscale.Quality:3]]
[2024.09.07-14.51.22:761][  0]LogConfig: Setting CVar [[r.Tonemapper.GrainQuantization:1]]
[2024.09.07-14.51.22:761][  0]LogConfig: Setting CVar [[r.LightShaftQuality:1]]
[2024.09.07-14.51.22:761][  0]LogConfig: Setting CVar [[r.Filter.SizeScale:1]]
[2024.09.07-14.51.22:762][  0]LogConfig: Setting CVar [[r.Tonemapper.Quality:5]]
[2024.09.07-14.51.22:762][  0]LogConfig: Setting CVar [[r.DOF.Gather.AccumulatorQuality:1        ; higher gathering accumulator quality]]
[2024.09.07-14.51.22:762][  0]LogConfig: Setting CVar [[r.DOF.Gather.PostfilterMethod:1          ; Median3x3 postfilering method]]
[2024.09.07-14.51.22:762][  0]LogConfig: Setting CVar [[r.DOF.Gather.EnableBokehSettings:0       ; no bokeh simulation when gathering]]
[2024.09.07-14.51.22:762][  0]LogConfig: Setting CVar [[r.DOF.Gather.RingCount:4                 ; medium number of samples when gathering]]
[2024.09.07-14.51.22:762][  0]LogConfig: Setting CVar [[r.DOF.Scatter.ForegroundCompositing:1    ; additive foreground scattering]]
[2024.09.07-14.51.22:762][  0]LogConfig: Setting CVar [[r.DOF.Scatter.BackgroundCompositing:2    ; additive background scattering]]
[2024.09.07-14.51.22:762][  0]LogConfig: Setting CVar [[r.DOF.Scatter.EnableBokehSettings:1      ; bokeh simulation when scattering]]
[2024.09.07-14.51.22:762][  0]LogConfig: Setting CVar [[r.DOF.Scatter.MaxSpriteRatio:0.1         ; only a maximum of 10% of scattered bokeh]]
[2024.09.07-14.51.22:762][  0]LogConfig: Setting CVar [[r.DOF.Recombine.Quality:1                ; cheap slight out of focus]]
[2024.09.07-14.51.22:762][  0]LogConfig: Setting CVar [[r.DOF.Recombine.EnableBokehSettings:0    ; no bokeh simulation on slight out of focus]]
[2024.09.07-14.51.22:763][  0]LogConfig: Setting CVar [[r.DOF.TemporalAAQuality:1                ; more stable temporal accumulation]]
[2024.09.07-14.51.22:763][  0]LogConfig: Setting CVar [[r.DOF.Kernel.MaxForegroundRadius:0.025]]
[2024.09.07-14.51.22:763][  0]LogConfig: Setting CVar [[r.DOF.Kernel.MaxBackgroundRadius:0.025]]
[2024.09.07-14.51.22:763][  0]LogConfig: Applying CVar settings from Section [TextureQuality@3] File [C:/Users/nanim/GitHub/NewNewInsectHeaven/InsectHeaven/Saved/Config/Windows/Scalability.ini]
[2024.09.07-14.51.22:763][  0]LogConfig: Setting CVar [[r.Streaming.MipBias:0]]
[2024.09.07-14.51.22:763][  0]LogConfig: Setting CVar [[r.Streaming.AmortizeCPUToGPUCopy:0]]
[2024.09.07-14.51.22:763][  0]LogConfig: Setting CVar [[r.Streaming.MaxNumTexturesToStreamPerFrame:0]]
[2024.09.07-14.51.22:763][  0]LogConfig: Setting CVar [[r.Streaming.Boost:1]]
[2024.09.07-14.51.22:763][  0]LogConfig: Setting CVar [[r.MaxAnisotropy:8]]
[2024.09.07-14.51.22:763][  0]LogConfig: Setting CVar [[r.VT.MaxAnisotropy:8]]
[2024.09.07-14.51.22:763][  0]LogConfig: Setting CVar [[r.Streaming.LimitPoolSizeToVRAM:0]]
[2024.09.07-14.51.22:764][  0]LogConfig: Setting CVar [[r.Streaming.PoolSize:1000]]
[2024.09.07-14.51.22:764][  0]LogConfig: Setting CVar [[r.Streaming.MaxEffectiveScreenSize:0]]
[2024.09.07-14.51.22:764][  0]LogConfig: Applying CVar settings from Section [EffectsQuality@3] File [C:/Users/nanim/GitHub/NewNewInsectHeaven/InsectHeaven/Saved/Config/Windows/Scalability.ini]
[2024.09.07-14.51.22:764][  0]LogConfig: Setting CVar [[r.TranslucencyLightingVolumeDim:64]]
[2024.09.07-14.51.22:764][  0]LogConfig: Setting CVar [[r.RefractionQuality:2]]
[2024.09.07-14.51.22:764][  0]LogConfig: Setting CVar [[r.SSR.Quality:3]]
[2024.09.07-14.51.22:764][  0]LogConfig: Setting CVar [[r.SSR.HalfResSceneColor:0]]
[2024.09.07-14.51.22:764][  0]LogConfig: Setting CVar [[r.SceneColorFormat:4]]
[2024.09.07-14.51.22:764][  0]LogConfig: Setting CVar [[r.DetailMode:2]]
[2024.09.07-14.51.22:764][  0]LogConfig: Setting CVar [[r.TranslucencyVolumeBlur:1]]
[2024.09.07-14.51.22:764][  0]LogConfig: Setting CVar [[r.MaterialQualityLevel:1 ; High quality]]
[2024.09.07-14.51.22:765][  0]LogConfig: Setting CVar [[r.AnisotropicMaterials:1]]
[2024.09.07-14.51.22:765][  0]LogConfig: Setting CVar [[r.SSS.Scale:1]]
[2024.09.07-14.51.22:765][  0]LogConfig: Setting CVar [[r.SSS.SampleSet:2]]
[2024.09.07-14.51.22:765][  0]LogConfig: Setting CVar [[r.SSS.Quality:1]]
[2024.09.07-14.51.22:765][  0]LogConfig: Setting CVar [[r.SSS.HalfRes:0]]
[2024.09.07-14.51.22:765][  0]LogConfig: Setting CVar [[r.SSGI.Quality:3]]
[2024.09.07-14.51.22:765][  0]LogConfig: Setting CVar [[r.EmitterSpawnRateScale:1.0]]
[2024.09.07-14.51.22:765][  0]LogConfig: Setting CVar [[r.ParticleLightQuality:2]]
[2024.09.07-14.51.22:765][  0]LogConfig: Setting CVar [[r.SkyAtmosphere.AerialPerspectiveLUT.FastApplyOnOpaque:1 ; Always have FastSkyLUT 1 in this case to avoid wrong sky]]
[2024.09.07-14.51.22:765][  0]LogConfig: Setting CVar [[r.SkyAtmosphere.AerialPerspectiveLUT.SampleCountMaxPerSlice:4]]
[2024.09.07-14.51.22:765][  0]LogConfig: Setting CVar [[r.SkyAtmosphere.AerialPerspectiveLUT.DepthResolution:16.0]]
[2024.09.07-14.51.22:765][  0]LogConfig: Setting CVar [[r.SkyAtmosphere.FastSkyLUT:1]]
[2024.09.07-14.51.22:766][  0]LogConfig: Setting CVar [[r.SkyAtmosphere.FastSkyLUT.SampleCountMin:4.0]]
[2024.09.07-14.51.22:766][  0]LogConfig: Setting CVar [[r.SkyAtmosphere.FastSkyLUT.SampleCountMax:128.0]]
[2024.09.07-14.51.22:766][  0]LogConfig: Setting CVar [[r.SkyAtmosphere.SampleCountMin:4.0]]
[2024.09.07-14.51.22:766][  0]LogConfig: Setting CVar [[r.SkyAtmosphere.SampleCountMax:128.0]]
[2024.09.07-14.51.22:766][  0]LogConfig: Setting CVar [[r.SkyAtmosphere.TransmittanceLUT.UseSmallFormat:0]]
[2024.09.07-14.51.22:766][  0]LogConfig: Setting CVar [[r.SkyAtmosphere.TransmittanceLUT.SampleCount:10.0]]
[2024.09.07-14.51.22:766][  0]LogConfig: Setting CVar [[r.SkyAtmosphere.MultiScatteringLUT.SampleCount:15.0]]
[2024.09.07-14.51.22:766][  0]LogConfig: Setting CVar [[r.SkyLight.RealTimeReflectionCapture:1]]
[2024.09.07-14.51.22:766][  0]LogConfig: Applying CVar settings from Section [FoliageQuality@3] File [C:/Users/nanim/GitHub/NewNewInsectHeaven/InsectHeaven/Saved/Config/Windows/Scalability.ini]
[2024.09.07-14.51.22:766][  0]LogConfig: Setting CVar [[foliage.DensityScale:1.0]]
[2024.09.07-14.51.22:766][  0]LogConfig: Setting CVar [[grass.DensityScale:1.0]]
[2024.09.07-14.51.22:766][  0]LogConfig: Applying CVar settings from Section [ShadingQuality@3] File [C:/Users/nanim/GitHub/NewNewInsectHeaven/InsectHeaven/Saved/Config/Windows/Scalability.ini]
[2024.09.07-14.51.22:766][  0]LogConfig: Setting CVar [[r.HairStrands.SkyLighting.IntegrationType:2]]
[2024.09.07-14.51.22:767][  0]LogConfig: Setting CVar [[r.HairStrands.SkyAO.SampleCount:4]]
[2024.09.07-14.51.22:767][  0]LogConfig: Setting CVar [[r.HairStrands.Visibility.MSAA.SamplePerPixel:4]]
[2024.09.07-14.51.22:767][  0]LogConfig: Applying CVar settings from Section [Startup] File [../../../Engine/Config/ConsoleVariables.ini]
[2024.09.07-14.51.22:767][  0]LogConfig: Setting CVar [[net.UseAdaptiveNetUpdateFrequency:0]]
[2024.09.07-14.51.22:767][  0]LogConfig: Setting CVar [[p.chaos.AllowCreatePhysxBodies:1]]
[2024.09.07-14.51.22:767][  0]LogConfig: Setting CVar [[fx.SkipVectorVMBackendOptimizations:1]]
[2024.09.07-14.51.22:767][  0]LogConfig: Applying CVar settings from Section [ConsoleVariables] File [C:/Users/nanim/GitHub/NewNewInsectHeaven/InsectHeaven/Saved/Config/Windows/Engine.ini]
[2024.09.07-14.51.22:767][  0]LogConfig: Applying CVar settings from Section [ConsoleVariables] File [C:/Users/nanim/GitHub/NewNewInsectHeaven/InsectHeaven/Saved/Config/Windows/Editor.ini]
[2024.09.07-14.51.22:768][  0]LogInit: Computer: DESKTOP-NS5ONMH
[2024.09.07-14.51.22:768][  0]LogInit: User: nanim
[2024.09.07-14.51.22:768][  0]LogInit: CPU Page size=4096, Cores=12
[2024.09.07-14.51.22:768][  0]LogInit: High frequency timer resolution =10.000000 MHz
[2024.09.07-14.51.22:768][  0]LogMemory: Memory total: Physical=31.2GB (32GB approx)
[2024.09.07-14.51.22:768][  0]LogMemory: Platform Memory Stats for Windows
[2024.09.07-14.51.22:768][  0]LogMemory: Process Physical Memory: 152.20 MB used, 152.20 MB peak
[2024.09.07-14.51.22:768][  0]LogMemory: Process Virtual Memory: 129.83 MB used, 129.83 MB peak
[2024.09.07-14.51.22:768][  0]LogMemory: Physical Memory: 16357.93 MB used,  15549.31 MB free, 31907.23 MB total
[2024.09.07-14.51.22:768][  0]LogMemory: Virtual Memory: 134178024.00 MB used,  39704.40 MB free, 134217728.00 MB total
[2024.09.07-14.51.22:780][  0]LogWindows: WindowsPlatformFeatures enabled
[2024.09.07-14.51.22:884][  0]LogInit: Physics initialised using underlying interface: PhysX
[2024.09.07-14.51.22:885][  0]LogInit: Using OS detected language (ko-KR).
[2024.09.07-14.51.22:885][  0]LogInit: Using OS detected locale (ko-KR).
[2024.09.07-14.51.22:890][  0]LogTextLocalizationManager: No specific localization for 'ko-KR' exists, so the 'ko' localization will be used.
[2024.09.07-14.51.22:958][  0]LogInit: Setting process to per monitor DPI aware
[2024.09.07-14.51.23:098][  0]LogWindowsTextInputMethodSystem: Display: IME system deactivated.
[2024.09.07-14.51.23:123][  0]LogSlate: New Slate User Created.  User Index 0, Is Virtual User: 0
[2024.09.07-14.51.23:123][  0]LogSlate: Slate User Registered.  User Index 0, Is Virtual User: 0
[2024.09.07-14.51.23:258][  0]LogD3D11RHI: Loaded GFSDK_Aftermath_Lib.x64.dll
[2024.09.07-14.51.23:265][  0]LogHMD: Failed to initialize OpenVR with code 110
[2024.09.07-14.51.23:265][  0]LogD3D11RHI: D3D11 min allowed feature level: 11_0
[2024.09.07-14.51.23:265][  0]LogD3D11RHI: D3D11 max allowed feature level: 11_0
[2024.09.07-14.51.23:265][  0]LogD3D11RHI: D3D11 adapters:
[2024.09.07-14.51.23:354][  0]LogD3D11RHI:    0. 'AMD Radeon RX 7900 XTX' (Feature Level 11_0)
[2024.09.07-14.51.23:354][  0]LogD3D11RHI:       24515/0/15953 MB DedicatedVideo/DedicatedSystem/SharedSystem, Outputs:2, VendorId:0x1002
[2024.09.07-14.51.23:412][  0]LogD3D11RHI:    1. 'AMD Radeon(TM) Graphics' (Feature Level 11_0)
[2024.09.07-14.51.23:412][  0]LogD3D11RHI:       485/0/15953 MB DedicatedVideo/DedicatedSystem/SharedSystem, Outputs:0, VendorId:0x1002
[2024.09.07-14.51.23:417][  0]LogD3D11RHI:    2. 'Microsoft Basic Render Driver' (Feature Level 11_0)
[2024.09.07-14.51.23:417][  0]LogD3D11RHI:       0/0/15953 MB DedicatedVideo/DedicatedSystem/SharedSystem, Outputs:0, VendorId:0x1414
[2024.09.07-14.51.23:417][  0]LogD3D11RHI: Chosen D3D11 Adapter:
[2024.09.07-14.51.23:417][  0]LogD3D11RHI:     Description : AMD Radeon RX 7900 XTX
[2024.09.07-14.51.23:417][  0]LogD3D11RHI:     VendorId    : 1002
[2024.09.07-14.51.23:417][  0]LogD3D11RHI:     DeviceId    : 744c
[2024.09.07-14.51.23:418][  0]LogD3D11RHI:     SubSysId    : e3b1002
[2024.09.07-14.51.23:418][  0]LogD3D11RHI:     Revision    : 00c8
[2024.09.07-14.51.23:418][  0]LogD3D11RHI:     DedicatedVideoMemory : 25706012672 bytes
[2024.09.07-14.51.23:418][  0]LogD3D11RHI:     DedicatedSystemMemory : 0 bytes
[2024.09.07-14.51.23:418][  0]LogD3D11RHI:     SharedSystemMemory : 16728580096 bytes
[2024.09.07-14.51.23:418][  0]LogD3D11RHI:     AdapterLuid : 0 67208
[2024.09.07-14.51.23:423][  0]LogD3D11RHI: Creating new Direct3DDevice
[2024.09.07-14.51.23:423][  0]LogD3D11RHI:     GPU DeviceId: 0x744c (for the marketing name, search the web for "GPU Device Id")
[2024.09.07-14.51.23:423][  0]LogWindows: EnumDisplayDevices:
[2024.09.07-14.51.23:423][  0]LogWindows:    0. 'AMD Radeon RX 7900 XTX' (P:1 D:1)
[2024.09.07-14.51.23:424][  0]LogWindows:    1. 'AMD Radeon RX 7900 XTX' (P:0 D:1)
[2024.09.07-14.51.23:425][  0]LogWindows:    2. 'AMD Radeon RX 7900 XTX' (P:0 D:0)
[2024.09.07-14.51.23:426][  0]LogWindows:    3. 'AMD Radeon RX 7900 XTX' (P:0 D:0)
[2024.09.07-14.51.23:426][  0]LogWindows:    4. 'AMD Radeon RX 7900 XTX' (P:0 D:0)
[2024.09.07-14.51.23:427][  0]LogWindows:    5. 'AMD Radeon(TM) Graphics' (P:0 D:0)
[2024.09.07-14.51.23:428][  0]LogWindows:    6. 'AMD Radeon(TM) Graphics' (P:0 D:0)
[2024.09.07-14.51.23:429][  0]LogWindows:    7. 'AMD Radeon(TM) Graphics' (P:0 D:0)
[2024.09.07-14.51.23:429][  0]LogWindows:    8. 'AMD Radeon(TM) Graphics' (P:0 D:0)
[2024.09.07-14.51.23:430][  0]LogWindows:    9. 'AMD Radeon(TM) Graphics' (P:0 D:0)
[2024.09.07-14.51.23:431][  0]LogWindows: DebugString: PrimaryIsNotTheChoosenAdapter PrimaryIsNotTheChoosenAdapter PrimaryIsNotTheChoosenAdapter PrimaryIsNotTheChoosenAdapter PrimaryIsNotTheChoosenAdapter FoundDriverCount:5 
[2024.09.07-14.51.23:431][  0]LogD3D11RHI:     Adapter Name: AMD Radeon RX 7900 XTX
[2024.09.07-14.51.23:431][  0]LogD3D11RHI:   Driver Version: AMD Software: Adrenalin Edition 23.8.1 (internal:31.0.21029.1006, unified:31.0.21029.1006)
[2024.09.07-14.51.23:431][  0]LogD3D11RHI:      Driver Date: 8-14-2023
[2024.09.07-14.51.23:431][  0]LogRHI: Texture pool is 16623 MB (70% of 23747 MB)
[2024.09.07-14.51.23:470][  0]LogD3D11RHI: Creating D3DDevice with AMD AGS, using adapter:
[2024.09.07-14.51.23:470][  0]LogD3D11RHI:     Description : AMD Radeon RX 7900 XTX
[2024.09.07-14.51.23:470][  0]LogD3D11RHI:     VendorId    : 1002
[2024.09.07-14.51.23:470][  0]LogD3D11RHI:     DeviceId    : 744c
[2024.09.07-14.51.23:470][  0]LogD3D11RHI:     SubSysId    : e3b1002
[2024.09.07-14.51.23:470][  0]LogD3D11RHI:     Revision    : 00c8
[2024.09.07-14.51.23:470][  0]LogD3D11RHI:     DedicatedVideoMemory : 25706012672 bytes
[2024.09.07-14.51.23:470][  0]LogD3D11RHI:     DedicatedSystemMemory : 0 bytes
[2024.09.07-14.51.23:470][  0]LogD3D11RHI:     SharedSystemMemory : 16728580096 bytes
[2024.09.07-14.51.23:471][  0]LogD3D11RHI:     AdapterLuid : 0 67208
[2024.09.07-14.51.23:533][  0]LogD3D11RHI: Created device via AGS, feature level 11_0, supported extensions 1fffffbf.
[2024.09.07-14.51.23:533][  0]LogD3D11RHI: RHI has support for 64 bit atomics
[2024.09.07-14.51.23:533][  0]LogD3D11RHI: Async texture creation enabled
[2024.09.07-14.51.23:533][  0]LogD3D11RHI: Array index from any shader is supported
[2024.09.07-14.51.23:545][  0]LogD3D11RHI: GPU Timing Frequency: 100.000000 (Debug: 2 1)
[2024.09.07-14.51.23:788][  0]LogTargetPlatformManager: Display: Loaded TargetPlatform 'AllDesktop'
[2024.09.07-14.51.23:808][  0]LogTargetPlatformManager: Display: Loaded TargetPlatform 'Android'
[2024.09.07-14.51.23:808][  0]LogTargetPlatformManager: Display: Loaded TargetPlatform 'Android_ASTC'
[2024.09.07-14.51.23:808][  0]LogTargetPlatformManager: Display: Loaded TargetPlatform 'Android_DXT'
[2024.09.07-14.51.23:808][  0]LogTargetPlatformManager: Display: Loaded TargetPlatform 'Android_ETC2'
[2024.09.07-14.51.23:808][  0]LogTargetPlatformManager: Display: Loaded TargetPlatform 'AndroidClient'
[2024.09.07-14.51.23:808][  0]LogTargetPlatformManager: Display: Loaded TargetPlatform 'Android_ASTCClient'
[2024.09.07-14.51.23:808][  0]LogTargetPlatformManager: Display: Loaded TargetPlatform 'Android_DXTClient'
[2024.09.07-14.51.23:808][  0]LogTargetPlatformManager: Display: Loaded TargetPlatform 'Android_ETC2Client'
[2024.09.07-14.51.23:809][  0]LogTargetPlatformManager: Display: Loaded TargetPlatform 'Android_Multi'
[2024.09.07-14.51.23:809][  0]LogTargetPlatformManager: Display: Loaded TargetPlatform 'Android_MultiClient'
[2024.09.07-14.51.23:836][  0]LogTargetPlatformManager: Display: Loaded TargetPlatform 'IOSClient'
[2024.09.07-14.51.23:836][  0]LogTargetPlatformManager: Display: Loaded TargetPlatform 'IOS'
[2024.09.07-14.51.23:848][  0]LogTargetPlatformManager: Display: Loaded TargetPlatform 'Linux'
[2024.09.07-14.51.23:856][  0]LogTargetPlatformManager: Display: Loaded TargetPlatform 'LinuxNoEditor'
[2024.09.07-14.51.23:864][  0]LogTargetPlatformManager: Display: Loaded TargetPlatform 'LinuxClient'
[2024.09.07-14.51.23:872][  0]LogTargetPlatformManager: Display: Loaded TargetPlatform 'LinuxServer'
[2024.09.07-14.51.23:883][  0]LogTargetPlatformManager: Display: Loaded TargetPlatform 'LinuxAArch64NoEditor'
[2024.09.07-14.51.23:891][  0]LogTargetPlatformManager: Display: Loaded TargetPlatform 'LinuxAArch64Client'
[2024.09.07-14.51.23:898][  0]LogTargetPlatformManager: Display: Loaded TargetPlatform 'LinuxAArch64Server'
[2024.09.07-14.51.23:919][  0]LogTargetPlatformManager: Display: Loaded TargetPlatform 'Lumin'
[2024.09.07-14.51.23:919][  0]LogTargetPlatformManager: Display: Loaded TargetPlatform 'LuminClient'
[2024.09.07-14.51.23:929][  0]LogTargetPlatformManager: Display: Loaded TargetPlatform 'MacNoEditor'
[2024.09.07-14.51.23:937][  0]LogTargetPlatformManager: Display: Loaded TargetPlatform 'Mac'
[2024.09.07-14.51.23:946][  0]LogTargetPlatformManager: Display: Loaded TargetPlatform 'MacClient'
[2024.09.07-14.51.23:953][  0]LogTargetPlatformManager: Display: Loaded TargetPlatform 'MacServer'
[2024.09.07-14.51.23:965][  0]LogTargetPlatformManager: Display: Loaded TargetPlatform 'TVOSClient'
[2024.09.07-14.51.23:965][  0]LogTargetPlatformManager: Display: Loaded TargetPlatform 'TVOS'
[2024.09.07-14.51.23:975][  0]LogTargetPlatformManager: Display: Loaded TargetPlatform 'WindowsNoEditor'
[2024.09.07-14.51.23:983][  0]LogTargetPlatformManager: Display: Loaded TargetPlatform 'Windows'
[2024.09.07-14.51.23:991][  0]LogTargetPlatformManager: Display: Loaded TargetPlatform 'WindowsClient'
[2024.09.07-14.51.23:999][  0]LogTargetPlatformManager: Display: Loaded TargetPlatform 'WindowsServer'
[2024.09.07-14.51.23:999][  0]LogTargetPlatformManager: Display: Building Assets For Windows
[2024.09.07-14.51.24:026][  0]LogAudioDebug: Display: Lib vorbis DLL was dynamically loaded.
[2024.09.07-14.51.24:118][  0]LogTextureFormatOodle: Display: Oodle Texture 2.9.0 init RDO Off
[2024.09.07-14.51.24:194][  0]LogRendererCore: Ray tracing is disabled. Reason: r.RayTracing=0.
[2024.09.07-14.51.24:194][  0]LogShaderCompilers: Guid format shader working directory is -20 characters bigger than the processId version (../../../../../Users/nanim/GitHub/NewNewInsectHeaven/InsectHeaven/Intermediate/Shaders/WorkingDirectory/20060/).
[2024.09.07-14.51.24:195][  0]LogShaderCompilers: Cleaned the shader compiler working directory 'C:/Users/nanim/AppData/Local/Temp/UnrealShaderWorkingDir/9104447C41CF589DD535F4B2F7441BF1/'.
[2024.09.07-14.51.24:195][  0]LogXGEController: Cannot use XGE Controller as Incredibuild is not installed on this machine.
[2024.09.07-14.51.24:195][  0]LogShaderCompilers: Cannot use XGE Shader Compiler as Incredibuild is not installed on this machine.
[2024.09.07-14.51.24:195][  0]LogShaderCompilers: Display: Using Local Shader Compiler.
[2024.09.07-14.51.24:646][  0]LogDerivedDataCache: Display: Max Cache Size: 512 MB
[2024.09.07-14.51.24:679][  0]LogDerivedDataCache: Loaded boot cache 0.03s 94MB C:/Users/nanim/AppData/Local/UnrealEngine/4.27/DerivedDataCache/Boot.ddc.
[2024.09.07-14.51.24:679][  0]LogDerivedDataCache: Display: Loaded Boot cache: C:/Users/nanim/AppData/Local/UnrealEngine/4.27/DerivedDataCache/Boot.ddc
[2024.09.07-14.51.24:679][  0]LogDerivedDataCache: FDerivedDataBackendGraph:  Pak pak cache file ../../../../../Users/nanim/GitHub/NewNewInsectHeaven/InsectHeaven/DerivedDataCache/DDC.ddp not found, will not use a pak cache.
[2024.09.07-14.51.24:679][  0]LogDerivedDataCache: Unable to find inner node Pak for hierarchical cache Hierarchy.
[2024.09.07-14.51.24:679][  0]LogDerivedDataCache: FDerivedDataBackendGraph:  CompressedPak pak cache file ../../../../../Users/nanim/GitHub/NewNewInsectHeaven/InsectHeaven/DerivedDataCache/Compressed.ddp not found, will not use a pak cache.
[2024.09.07-14.51.24:680][  0]LogDerivedDataCache: Unable to find inner node CompressedPak for hierarchical cache Hierarchy.
[2024.09.07-14.51.24:691][  0]LogDerivedDataCache: Display: Pak cache opened for reading ../../../Engine/DerivedDataCache/Compressed.ddp.
[2024.09.07-14.51.24:691][  0]LogDerivedDataCache: FDerivedDataBackendGraph:  EnterprisePak pak cache file ../../../Enterprise/DerivedDataCache/Compressed.ddp not found, will not use a pak cache.
[2024.09.07-14.51.24:691][  0]LogDerivedDataCache: Unable to find inner node EnterprisePak for hierarchical cache Hierarchy.
[2024.09.07-14.51.24:699][  0]LogDerivedDataCache: Speed tests for C:/Users/nanim/AppData/Local/UnrealEngine/Common/DerivedDataCache took 0.01 seconds
[2024.09.07-14.51.24:699][  0]LogDerivedDataCache: Display: Performance to C:/Users/nanim/AppData/Local/UnrealEngine/Common/DerivedDataCache: Latency=0.03ms. RandomReadSpeed=896.52MBs, RandomWriteSpeed=154.84MBs. Assigned SpeedClass 'Local'
[2024.09.07-14.51.24:700][  0]LogDerivedDataCache: Using Local data cache path C:/Users/nanim/AppData/Local/UnrealEngine/Common/DerivedDataCache: Writable
[2024.09.07-14.51.24:700][  0]LogDerivedDataCache: Shared data cache path not found in *engine.ini, will not use an Shared cache.
[2024.09.07-14.51.24:700][  0]LogDerivedDataCache: Unable to find inner node Shared for hierarchical cache Hierarchy.
[2024.09.07-14.51.24:727][  0]LogSlate: Using FreeType 2.10.0
[2024.09.07-14.51.24:727][  0]LogSlate: SlateFontServices - WITH_FREETYPE: 1, WITH_HARFBUZZ: 1
[2024.09.07-14.51.24:747][  0]LogAssetRegistry: FAssetRegistry took 0.0022 seconds to start up
[2024.09.07-14.51.24:884][  0]LogInit: Selected Device Profile: [Windows]
[2024.09.07-14.51.24:884][  0]LogInit: Active device profile: [000001DA7F030700][000001DA7D8190C0 49] Windows
[2024.09.07-14.51.24:884][  0]LogInit: Profiles: [000001DA7F030700][000001DA7D8190C0 49] Windows, [000001DA7EFEF700][000001DA7713F240 49] WindowsNoEditor, [000001DA7F033300][000001DA771433C0 49] WindowsServer, [000001DA7EFECF00][000001DA77147540 49] WindowsClient, [000001DA7F033500][000001DA7714B6C0 49] IOS, [000001DA7F003F00][000001DA7714F840 49] iPadAir, [000001DA7EFEFB00][000001DA771539C0 49] iPadAir2, [000001DA7EFA0500][000001DA7715A100 49] IPadPro, [000001DA7EFA0600][000001DA77156140 49] iPadAir3, [000001DA7F000100][000001DA7715E2C0 49] iPadAir4, [000001DA7EFA2C00][000001DA77162440 49] iPadMini2, [000001DA7F002500][000001DA771665C0 49] iPadMini3, [000001DA7EFA3400][000001DA7716A740 49] iPadMini4, [000001DA7F000F00][000001DA7D81C880 49] iPadMini5, [000001DA7EF8FE00][000001DA77172AC0 49] iPhone6, [000001DA7EF8FF00][000001DA7716EB00 49] iPodTouch6, [000001DA7F033900][000001DA7717EDC0 49] iPhone7, [000001DA7F032100][000001DA7717AE00 49] iPodTouch7, [000001DA7EF8C400][000001DA77182F80 49] iPhone5S, [000001DA7EFA3D00][000001DA77187100 49] iPhone6Plus, [000001DA7F033400][000001DA7718B280 49] iPhone6S, [000001DA7EFA2000][000001DA7718F400 49] iPhone6SPlus, [000001DA7F030900][000001DA77193580 49] iPhone7Plus, [000001DA7EFA0E00][000001DA7E307700 49] iPhoneSE, [000001DA7F033100][000001DA7E30B880 49] iPhone8, [000001DA7EFA2400][000001DA7E30FA00 49] iPhone8Plus, [000001DA7F033A00][000001DA7E313B80 49] iPhoneX, [000001DA7EFA3E00][000001DA7E316180 49] iPhoneXS, [000001DA7F031500][000001DA7E31A300 49] iPhoneXSMax, [000001DA7EFA2500][000001DA7E31E480 49] iPhoneXR, [000001DA7F032A00][000001DA7E322600 49] iPhone11, [000001DA7EFA3A00][000001DA7E326780 49] iPhone11Pro, [000001DA7F030F00][000001DA7E32A900 49] iPhone11ProMax, [000001DA7EFA2300][000001DA77176A40 49] iPhoneSE2, [000001DA7F031700][000001DA7E32EB80 49] iPhone12Mini, [000001DA7EFA0700][000001DA7E332CC0 49] iPhone12, [000001DA7F030300][000001DA7E33AE40 49] iPhone12Pro, [000001DA7EFA3500][000001DA7E33EFC0 49] iPhone12ProMax, [000001DA7F030B00][000001DA7E343140 49] iPadPro105, [000001DA7EFA1B00][000001DA7E3472C0 49] iPadPro129, [000001DA7F030200][000001DA7E34B440 49] iPadPro97, [000001DA7EFA2100][000001DA7E34F5C0 49] iPadPro2_129, [000001DA7F030D00][000001DA7E353740 49] iPad5, [000001DA7EFA3000][000001DA7E3578C0 49] iPad6, [000001DA7F032C00][000001DA7E35BA40 49] iPad7, [000001DA7EFA2E00][000001DA7E35FBC0 49] iPad8, [000001DA7F031900][000001DA7E3621C0 49] iPadPro11, [000001DA7EFA3F00][000001DA7E366340 49] iPadPro2_11, [000001DA7F031600][000001DA7E36A4C0 49] iPadPro3_129, [000001DA7EFA2700][000001DA7E36E640 49] iPadPro4_129, [000001DA7F032600][000001DA7E3727C0 49] AppleTV, [000001DA7EFA2B00][000001DA7E376940 49] AppleTV4K, [000001DA7F031B00][000001DA7E37AAC0 49] TVOS, [000001DA7EFA0900][000001DA7E336C00 49] Mac, [000001DA7F032700][000001DA7E37ED40 49] MacClient, [000001DA7EFA2F00][000001DA7E382E80 49] MacNoEditor, [000001DA7F033B00][000001DA7E386FC0 49] MacServer, [000001DA7EFA0400][000001DA7E38F140 49] Linux, [000001DA7F032E00][000001DA7E3932C0 49] LinuxAArch64, [000001DA7EFA1500][000001DA7E397440 49] LinuxNoEditor, [000001DA7F032B00][000001DA7E39B5C0 49] LinuxAArch64NoEditor, [000001DA7EFA3600][000001DA7E39F740 49] LinuxClient, [000001DA7F032D00][000001DA7E3A38C0 49] LinuxAArch64Client, [000001DA7EFA0B00][000001DA7E3A7A40 49] LinuxServer, [000001DA7F030400][000001DA7E3F1BC0 49] LinuxAArch64Server, [000001DA7EFA3C00][000001DA7E44A1C0 49] Android, [000001DA7F003A00][000001DA7DC40340 49] Android_Low, [000001DA7EF8DB00][000001DA7DCAA4C0 49] Android_Mid, [000001DA7F003000][000001DA72DEA640 49] Android_High, [000001DA7EF8E300][000001DA72DF27C0 49] Android_Default, [000001DA7F002000][000001DA7343E940 49] Android_Adreno4xx, [000001DA7EF8C100][000001DA7DD26AC0 49] Android_Adreno5xx_Low, [000001DA7F000B00][000001DA7DDD4C40 49] Android_Adreno5xx, [000001DA7EF8D800][000001DA7E38AD80 49] Android_Adreno6xx, [000001DA7F001100][000001DA7DE92EC0 49] Android_Adreno6xx_Vulkan, [000001DA7EF8C800][000001DA7DE97000 49] Android_Mali_T6xx, [000001DA7F003600][000001DA7D493140 49] Android_Mali_T7xx, [000001DA7EF8CD00][000001DA7D49B2C0 49] Android_Mali_T8xx, [000001DA7F003C00][000001DA7D49F440 49] Android_Mali_G71, [000001DA7EF8D500][000001DA7E3D15C0 49] Android_Mali_G72, [000001DA7F003E00][000001DA7E3D9740 49] Android_Mali_G72_Vulkan, [000001DA7EF8FD00][000001DA7E43D8C0 49] Android_Mali_G76, [000001DA7F003900][000001DA7D4ABA40 49] Android_Mali_G76_Vulkan, [000001DA7EF8F600][000001DA7D4AFBC0 49] Android_Mali_G77, [000001DA7F002200][000001DA7D4B21C0 49] Android_Mali_G77_Vulkan, [000001DA7EF8F800][000001DA7DD1E340 49] Android_Mali_G78, [000001DA7F000A00][000001DA7DD224C0 49] Android_Mali_G78_Vulkan, [000001DA7EF8F400][000001DA7D4B6640 49] Android_Mali_G710, [000001DA7F001400][000001DA7D4BA7C0 49] Android_Mali_G710_Vulkan, [000001DA7EF8C600][000001DA72DE6940 49] Android_Vulkan_SM5, [000001DA7F002400][000001DA7D4BEAC0 49] Android_PowerVR_G6xxx, [000001DA7EF8CE00][000001DA7DC8EC40 49] Android_PowerVR_GT7xxx, [000001DA7F000200][000001DA7DC92DC0 49] Android_PowerVR_GE8xxx, [000001DA7EF8C700][000001DA7DC96F40 49] Android_PowerVR_GM9xxx, [000001DA7F002100][000001DA7E03B080 49] Android_PowerVR_GM9xxx_Vulkan, [000001DA7EFA2600][000001DA7DBE91C0 49] Android_TegraK1, [000001DA7F002A00][000001DA7DC11300 49] Android_Unknown_Vulkan, [000001DA7EFA1400][000001DA7DDD9480 49] Lumin, [000001DA7F001300][000001DA7DDE1600 49] Lumin_Desktop, [000001DA7EFA0C00][000001DA7DDEF780 49] HoloLens, 
[2024.09.07-14.51.25:018][  0]LogMeshReduction: Using QuadricMeshReduction for automatic static mesh reduction
[2024.09.07-14.51.25:019][  0]LogMeshReduction: Using SimplygonMeshReduction for automatic skeletal mesh reduction
[2024.09.07-14.51.25:019][  0]LogMeshReduction: Using ProxyLODMeshReduction for automatic mesh merging
[2024.09.07-14.51.25:019][  0]LogMeshReduction: No distributed automatic mesh merging module available
[2024.09.07-14.51.25:019][  0]LogMeshMerging: No distributed automatic mesh merging module available
[2024.09.07-14.51.25:036][  0]LogNetVersion: InsectHeaven 1.0.0, NetCL: 17155196, EngineNetVer: 17, GameNetVer: 0 (Checksum: 3375795940)
[2024.09.07-14.51.25:267][  0]LogTexture: Default maximum texture size for cubemaps generated from long-lat sources has been changed from 512 to unlimited. In order to preserve old behaiour for '/Engine/MapTemplates/Sky/DaylightAmbientCubemap.DaylightAmbientCubemap', its maximum texture size has been explicitly set to 512.
[2024.09.07-14.51.25:298][  0]LogHMD: PokeAHoleMaterial loaded successfully
[2024.09.07-14.51.25:303][  0]LogUObjectArray: 17178 objects as part of root set at end of initial load.
[2024.09.07-14.51.25:303][  0]LogUObjectAllocator: 4302048 out of 0 bytes used by permanent object pool.
[2024.09.07-14.51.25:303][  0]LogUObjectArray: CloseDisregardForGC: 0/0 objects in disregard for GC pool
[2024.09.07-14.51.25:893][  0]LogNiagaraDebuggerClient: Niagara Debugger Client Initialized | Session: D9B4662B425C61E2C95F4F9174E11985 | Instance: DB0A570043B874E7BF79CAB93468B4EC (DESKTOP-NS5ONMH-20060).
[2024.09.07-14.51.26:145][  0]LogPython: Using Python 3.7.7
[2024.09.07-14.51.26:451][  0]LogTcpMessaging: Initializing TcpMessaging bridge
[2024.09.07-14.51.26:461][  0]LogUdpMessaging: Initializing bridge on interface 0.0.0.0:0 to multicast group 230.0.0.1:6666.
[2024.09.07-14.51.27:044][  0]SourceControl: 소스 컨트롤이 꺼졌습니다.
[2024.09.07-14.51.27:045][  0]SourceControl: 소스 컨트롤이 꺼졌습니다.
[2024.09.07-14.51.27:112][  0]SourceControl: 소스 컨트롤이 꺼졌습니다.
[2024.09.07-14.51.27:121][  0]SourceControl: 소스 컨트롤이 꺼졌습니다.
[2024.09.07-14.51.27:152][  0]SourceControl: 소스 컨트롤이 꺼졌습니다.
[2024.09.07-14.51.27:243][  0]LogUProjectInfo: Found projects:
[2024.09.07-14.51.27:653][  0]LogOpenImageDenoise: OIDN starting up
[2024.09.07-14.51.27:693][  0]LogAndroidPermission: UAndroidPermissionCallbackProxy::GetInstance
[2024.09.07-14.51.27:745][  0]LogAudioCaptureCore: Display: No Audio Capture implementations found. Audio input will be silent.
[2024.09.07-14.51.27:745][  0]LogAudioCaptureCore: Display: No Audio Capture implementations found. Audio input will be silent.
[2024.09.07-14.51.27:937][  0]LogCollectionManager: Loaded 0 collections in 0.001322 seconds
[2024.09.07-14.51.28:004][  0]LogFileCache: Scanning file cache for directory 'C:/Users/nanim/GitHub/NewNewInsectHeaven/InsectHeaven/Saved/Collections/' took 0.00s
[2024.09.07-14.51.28:004][  0]LogFileCache: Scanning file cache for directory 'C:/Users/nanim/GitHub/NewNewInsectHeaven/InsectHeaven/Content/Developers/nanim/Collections/' took 0.00s
[2024.09.07-14.51.28:005][  0]LogFileCache: Scanning file cache for directory 'C:/Users/nanim/GitHub/NewNewInsectHeaven/InsectHeaven/Content/Collections/' took 0.00s
[2024.09.07-14.51.28:005][  0]LogOcInput: OculusInput pre-init called
[2024.09.07-14.51.28:195][  0]LogClass: Display: IntProperty FCharacter_2D::Name is not initialized properly. Module:InsectHeaven File:Table/DataStruct/Character_2D.h
[2024.09.07-14.51.28:195][  0]LogClass: Display: IntProperty FCharacter_2D::ImageID is not initialized properly. Module:InsectHeaven File:Table/DataStruct/Character_2D.h
[2024.09.07-14.51.28:195][  0]LogClass: Warning: ObjectProperty FDialogueClip::formerAction is not initialized properly. Module:InsectHeaven File:Library/Dialogue/DialogueEditToolWidget.h
[2024.09.07-14.51.28:195][  0]LogClass: Warning: ObjectProperty FDialogueClip::nowAction is not initialized properly. Module:InsectHeaven File:Library/Dialogue/DialogueEditToolWidget.h
[2024.09.07-14.51.28:195][  0]LogClass: Display: IntProperty FResource_Widget::PathFile is not initialized properly. Module:InsectHeaven File:Table/DataStruct/Resource_Widget.h
[2024.09.07-14.51.28:195][  0]LogClass: Display: IntProperty FScript_Local::Test is not initialized properly. Module:InsectHeaven File:Table/DataStruct/Script_Local.h
[2024.09.07-14.51.28:196][  0]LogClass: Display: 6 Uninitialized script struct members found including 2 object properties
[2024.09.07-14.51.28:196][  0]LogAutomationTest: Warning: ObjectProperty FDialogueClip::formerAction is not initialized properly. Module:InsectHeaven File:Library/Dialogue/DialogueEditToolWidget.h
[2024.09.07-14.51.28:196][  0]LogAutomationTest: Warning: ObjectProperty FDialogueClip::nowAction is not initialized properly. Module:InsectHeaven File:Library/Dialogue/DialogueEditToolWidget.h
[2024.09.07-14.51.28:197][  0]LogEngine: Initializing Engine...
[2024.09.07-14.51.28:204][  0]LogHMD: Failed to enumerate extensions. Please check that you have a valid OpenXR runtime installed.
[2024.09.07-14.51.28:204][  0]LogHMD: Failed to initialize OpenVR with code 110
[2024.09.07-14.51.28:204][  0]LogMagicLeap: Warning: VR disabled because ZI is not enabled.  To enable, in the editor, Edit -> Project Settings -> Plugins -> Magic Leap Plugin -> Enable Zero Iteration
[2024.09.07-14.51.28:205][  0]LogStats: UGameplayTagsManager::InitializeManager -  0.000 s
[2024.09.07-14.51.28:274][  0]LogInit: Initializing FReadOnlyCVARCache
[2024.09.07-14.51.28:286][  0]LogAIModule: Creating AISystem for world Untitled
[2024.09.07-14.51.28:287][  0]LogAudio: Display: Initializing Audio Device Manager...
[2024.09.07-14.51.28:294][  0]LogAudio: Display: Loading Default Audio Settings Objects...
[2024.09.07-14.51.28:294][  0]LogAudio: Display: No default SoundConcurrencyObject specified (or failed to load).
[2024.09.07-14.51.28:295][  0]LogAudio: Display: Audio Device Manager Initialized
[2024.09.07-14.51.28:295][  0]LogAudio: Display: Creating Audio Device:                 Id: 1, Scope: Shared, Realtime: True
[2024.09.07-14.51.28:295][  0]LogAudioMixer: Display: Audio Mixer Platform Settings:
[2024.09.07-14.51.28:295][  0]LogAudioMixer: Display: 	Sample Rate:						  48000
[2024.09.07-14.51.28:295][  0]LogAudioMixer: Display: 	Callback Buffer Frame Size Requested: 1024
[2024.09.07-14.51.28:295][  0]LogAudioMixer: Display: 	Callback Buffer Frame Size To Use:	  1024
[2024.09.07-14.51.28:295][  0]LogAudioMixer: Display: 	Number of buffers to queue:			  2
[2024.09.07-14.51.28:295][  0]LogAudioMixer: Display: 	Max Channels (voices):				  32
[2024.09.07-14.51.28:295][  0]LogAudioMixer: Display: 	Number of Async Source Workers:		  0
[2024.09.07-14.51.28:295][  0]LogAudio: Display: AudioDevice MaxSources: 32
[2024.09.07-14.51.28:297][  0]LogAudio: Display: Audio Spatialization Plugin: None (built-in).
[2024.09.07-14.51.28:297][  0]LogAudio: Display: Audio Reverb Plugin: None (built-in).
[2024.09.07-14.51.28:297][  0]LogAudio: Display: Audio Occlusion Plugin: None (built-in).
[2024.09.07-14.51.28:297][  0]LogAudioMixer: Display: Initializing audio mixer.
[2024.09.07-14.51.28:334][  0]LogAudioMixer: Display: 0: FrontLeft
[2024.09.07-14.51.28:334][  0]LogAudioMixer: Display: 1: FrontRight
[2024.09.07-14.51.28:378][  0]LogAudioMixer: Display: Using Audio Device 스피커(ABKO N550)
[2024.09.07-14.51.28:380][  0]LogAudioMixer: Display: Initializing Sound Submixes...
[2024.09.07-14.51.28:382][  0]LogAudioMixer: Display: Creating Master Submix 'MasterSubmixDefault'
[2024.09.07-14.51.28:382][  0]LogAudioMixer: Display: Creating Master Submix 'MasterReverbSubmixDefault'
[2024.09.07-14.51.28:382][  0]LogAudioMixer: Display: Creating Master Submix 'MasterEQSubmixDefault'
[2024.09.07-14.51.28:383][  0]LogAudioMixer: FMixerPlatformXAudio2::StartAudioStream() called
[2024.09.07-14.51.28:383][  0]LogAudioMixer: Display: Output buffers initialized: Frames=1024, Channels=2, Samples=2048
[2024.09.07-14.51.28:383][  0]LogAudioMixer: Display: Starting AudioMixerPlatformInterface::RunInternal()
[2024.09.07-14.51.28:384][  0]LogAudioMixer: Display: FMixerPlatformXAudio2::SubmitBuffer() called for the first time
[2024.09.07-14.51.28:384][  0]LogInit: FAudioDevice initialized.
[2024.09.07-14.51.28:384][  0]LogAudio: Display: Audio Device (ID: 1) registered with world 'Untitled'.
[2024.09.07-14.51.28:384][  0]LogNetVersion: Set ProjectVersion to 1.0.0.0. Version Checksum will be recalculated on next use.
[2024.09.07-14.51.28:543][  0]LogDerivedDataCache: Saved boot cache 0.16s 94MB C:/Users/nanim/AppData/Local/UnrealEngine/4.27/DerivedDataCache/Boot.ddc.
[2024.09.07-14.51.28:543][  0]LogInit: Texture streaming: Enabled
[2024.09.07-14.51.28:567][  0]LogAnalytics: Display: [UEEditor.Rocket.Release] APIServer = https://datarouter.ol.epicgames.com/. AppVersion = 4.27.2-18319896+++UE4+Release-4.27
[2024.09.07-14.51.28:577][  0]LogEngineSessionManager: EngineSessionManager initialized
[2024.09.07-14.51.28:577][  0]LogEngineSessionManager: EngineSessionManager sent abnormal shutdown report. Type=Debugger, SessionId={5B449D03-42B8-4C73-017E-EFAB925BEB3E}
[2024.09.07-14.51.28:577][  0]LogEditorSessionSummary: Verbose: Initializing EditorSessionSummaryWriter for editor session tracking
[2024.09.07-14.51.28:581][  0]LogEditorSessionSummary: EditorSessionSummaryWriter initialized
[2024.09.07-14.51.28:609][  0]LogInit: Transaction tracking system initialized
[2024.09.07-14.51.28:652][  0]BlueprintLog: New page: 에디터 로드
[2024.09.07-14.51.28:765][  0]LocalizationService: 현지화 서비스가 비활성화되었습니다.
[2024.09.07-14.51.28:821][  0]TimingProfiler: Initialize
[2024.09.07-14.51.28:821][  0]TimingProfiler: OnSessionChanged
[2024.09.07-14.51.28:821][  0]LoadingProfiler: Initialize
[2024.09.07-14.51.28:822][  0]LoadingProfiler: OnSessionChanged
[2024.09.07-14.51.28:822][  0]NetworkingProfiler: Initialize
[2024.09.07-14.51.28:822][  0]NetworkingProfiler: OnSessionChanged
[2024.09.07-14.51.28:822][  0]MemoryProfiler: Initialize
[2024.09.07-14.51.28:822][  0]MemoryProfiler: OnSessionChanged
[2024.09.07-14.51.28:987][  0]LogCook: Display: CookSettings for Memory: MemoryMaxUsedVirtual 0MiB, MemoryMaxUsedPhysical 16384MiB, MemoryMinFreeVirtual 0MiB, MemoryMinFreePhysical 1024MiB
[2024.09.07-14.51.28:987][  0]LogCook: Display: Mobile HDR setting 1
[2024.09.07-14.51.29:368][  0]LogFileCache: Scanning file cache for directory 'C:/Users/nanim/GitHub/NewNewInsectHeaven/InsectHeaven/Content/' took 0.01s
[2024.09.07-14.51.29:488][  0]LogInit: Display: Engine is initialized. Leaving FEngineLoop::Init()
[2024.09.07-14.51.29:492][  0]SourceControl: 소스 컨트롤이 꺼졌습니다.
[2024.09.07-14.51.29:492][  0]LogUnrealEdMisc: Loading editor; pre map load, took 8.434
[2024.09.07-14.51.29:492][  0]Cmd: MAP LOAD FILE="../../../../../Users/nanim/GitHub/NewNewInsectHeaven/InsectHeaven/Content/Scene/EmptyMainLevel.umap" TEMPLATE=0 SHOWPROGRESS=1 FEATURELEVEL=3
[2024.09.07-14.51.29:492][  0]LightingResults: New page: 라이팅 빌드
[2024.09.07-14.51.29:493][  0]LogWorld: UWorld::CleanupWorld for Untitled, bSessionEnded=true, bCleanupResources=true
[2024.09.07-14.51.29:493][  0]LogSlate: InvalidateAllWidgets triggered.  All widgets were invalidated
[2024.09.07-14.51.29:494][  0]MapCheck: New page: 맵 체크
[2024.09.07-14.51.29:494][  0]LightingResults: New page: 라이팅 빌드
[2024.09.07-14.51.29:506][  0]LogAudio: Display: Audio Device unregistered from world 'None'.
[2024.09.07-14.51.29:508][  0]LogUObjectHash: Compacting FUObjectHashTables data took   0.47ms
[2024.09.07-14.51.29:511][  0]LogAudio: Display: Audio Device (ID: 1) registered with world 'EmptyMainLevel'.
[2024.09.07-14.51.29:512][  0]LogAIModule: Creating AISystem for world EmptyMainLevel
[2024.09.07-14.51.29:512][  0]LogEditorServer: Finished looking for orphan Actors (0.000 secs)
[2024.09.07-14.51.29:516][  0]LogUObjectHash: Compacting FUObjectHashTables data took   0.35ms
[2024.09.07-14.51.29:516][  0]Cmd: MAP CHECKDEP NOCLEARLOG
[2024.09.07-14.51.29:516][  0]MapCheck: 맵 체크 완료: 오류 0 회, 경고 0 회, 소요 시간 0.138ms.
[2024.09.07-14.51.29:516][  0]LogFileHelpers: Loading map 'EmptyMainLevel' took 0.024
[2024.09.07-14.51.29:521][  0]LogUnrealEdMisc: Total Editor Startup Time, took 8.463
[2024.09.07-14.51.29:664][  0]LogSlate: Updating window title bar state: overlay mode, drag disabled, window buttons hidden, title bar hidden
[2024.09.07-14.51.29:667][  0]LogSlate: Updating window title bar state: overlay mode, drag disabled, window buttons hidden, title bar hidden
[2024.09.07-14.51.29:670][  0]LogSlate: Updating window title bar state: overlay mode, drag disabled, window buttons hidden, title bar hidden
[2024.09.07-14.51.29:673][  0]LogSlate: Updating window title bar state: overlay mode, drag disabled, window buttons hidden, title bar hidden
[2024.09.07-14.51.29:684][  0]LogNativeClassHierarchy: Verbose: Native class hierarchy populated in 0.0064 seconds. Added 3870 classes and 945 folders.
[2024.09.07-14.51.29:686][  0]LogNativeClassHierarchy: Verbose: Native class hierarchy updated for 'WidgetCarousel' in 0.0002 seconds. Added 0 classes and 0 folders.
[2024.09.07-14.51.29:687][  0]LogPakFile: PakFile PrimaryIndexSize=187
[2024.09.07-14.51.29:687][  0]LogPakFile: PakFile PathHashIndexSize=101
[2024.09.07-14.51.29:687][  0]LogPakFile: PakFile FullDirectoryIndexSize=148
[2024.09.07-14.51.29:687][  0]LogShaderLibrary: Display: ShaderCodeLibraryPakFileMountedCallback: PakFile 'C:/Program Files/UE_4.27/FeaturePacks/FP_FirstPerson.upack' (chunk index -1, root 'root:/') mounted
[2024.09.07-14.51.29:687][  0]LogShaderLibrary: Display: ShaderCodeLibraryPakFileMountedCallback: pending pak file info (ChunkID:-1 Root:root:/ File:C:/Program Files/UE_4.27/FeaturePacks/FP_FirstPerson.upack)
[2024.09.07-14.51.29:688][  0]LogPakFile: OnPakFileMounted2Time == 0.000287
[2024.09.07-14.51.29:688][  0]LogPakFile: PakFile PrimaryIndexSize=189
[2024.09.07-14.51.29:688][  0]LogPakFile: PakFile PathHashIndexSize=101
[2024.09.07-14.51.29:689][  0]LogPakFile: PakFile FullDirectoryIndexSize=152
[2024.09.07-14.51.29:689][  0]LogShaderLibrary: Display: ShaderCodeLibraryPakFileMountedCallback: PakFile 'C:/Program Files/UE_4.27/FeaturePacks/FP_FirstPersonBP.upack' (chunk index -1, root 'root:/') mounted
[2024.09.07-14.51.29:689][  0]LogShaderLibrary: Display: ShaderCodeLibraryPakFileMountedCallback: pending pak file info (ChunkID:-1 Root:root:/ File:C:/Program Files/UE_4.27/FeaturePacks/FP_FirstPersonBP.upack)
[2024.09.07-14.51.29:689][  0]LogPakFile: OnPakFileMounted2Time == 0.000347
[2024.09.07-14.51.29:690][  0]LogPakFile: PakFile PrimaryIndexSize=191
[2024.09.07-14.51.29:690][  0]LogPakFile: PakFile PathHashIndexSize=101
[2024.09.07-14.51.29:690][  0]LogPakFile: PakFile FullDirectoryIndexSize=160
[2024.09.07-14.51.29:690][  0]LogShaderLibrary: Display: ShaderCodeLibraryPakFileMountedCallback: PakFile 'C:/Program Files/UE_4.27/FeaturePacks/MobileStarterContent.upack' (chunk index -1, root 'root:/') mounted
[2024.09.07-14.51.29:690][  0]LogShaderLibrary: Display: ShaderCodeLibraryPakFileMountedCallback: pending pak file info (ChunkID:-1 Root:root:/ File:C:/Program Files/UE_4.27/FeaturePacks/MobileStarterContent.upack)
[2024.09.07-14.51.29:690][  0]LogPakFile: OnPakFileMounted2Time == 0.000218
[2024.09.07-14.51.29:691][  0]LogPakFile: PakFile PrimaryIndexSize=185
[2024.09.07-14.51.29:691][  0]LogPakFile: PakFile PathHashIndexSize=101
[2024.09.07-14.51.29:691][  0]LogPakFile: PakFile FullDirectoryIndexSize=148
[2024.09.07-14.51.29:691][  0]LogShaderLibrary: Display: ShaderCodeLibraryPakFileMountedCallback: PakFile 'C:/Program Files/UE_4.27/FeaturePacks/StarterContent.upack' (chunk index -1, root 'root:/') mounted
[2024.09.07-14.51.29:691][  0]LogShaderLibrary: Display: ShaderCodeLibraryPakFileMountedCallback: pending pak file info (ChunkID:-1 Root:root:/ File:C:/Program Files/UE_4.27/FeaturePacks/StarterContent.upack)
[2024.09.07-14.51.29:691][  0]LogPakFile: OnPakFileMounted2Time == 0.000196
[2024.09.07-14.51.29:692][  0]LogPakFile: PakFile PrimaryIndexSize=190
[2024.09.07-14.51.29:692][  0]LogPakFile: PakFile PathHashIndexSize=101
[2024.09.07-14.51.29:692][  0]LogPakFile: PakFile FullDirectoryIndexSize=154
[2024.09.07-14.51.29:692][  0]LogShaderLibrary: Display: ShaderCodeLibraryPakFileMountedCallback: PakFile 'C:/Program Files/UE_4.27/FeaturePacks/TP_2DSideScroller.upack' (chunk index -1, root 'root:/') mounted
[2024.09.07-14.51.29:692][  0]LogShaderLibrary: Display: ShaderCodeLibraryPakFileMountedCallback: pending pak file info (ChunkID:-1 Root:root:/ File:C:/Program Files/UE_4.27/FeaturePacks/TP_2DSideScroller.upack)
[2024.09.07-14.51.29:692][  0]LogPakFile: OnPakFileMounted2Time == 0.000188
[2024.09.07-14.51.29:693][  0]LogPakFile: PakFile PrimaryIndexSize=192
[2024.09.07-14.51.29:693][  0]LogPakFile: PakFile PathHashIndexSize=101
[2024.09.07-14.51.29:693][  0]LogPakFile: PakFile FullDirectoryIndexSize=158
[2024.09.07-14.51.29:693][  0]LogShaderLibrary: Display: ShaderCodeLibraryPakFileMountedCallback: PakFile 'C:/Program Files/UE_4.27/FeaturePacks/TP_2DSideScrollerBP.upack' (chunk index -1, root 'root:/') mounted
[2024.09.07-14.51.29:693][  0]LogShaderLibrary: Display: ShaderCodeLibraryPakFileMountedCallback: pending pak file info (ChunkID:-1 Root:root:/ File:C:/Program Files/UE_4.27/FeaturePacks/TP_2DSideScrollerBP.upack)
[2024.09.07-14.51.29:693][  0]LogPakFile: OnPakFileMounted2Time == 0.000225
[2024.09.07-14.51.29:694][  0]LogPakFile: PakFile PrimaryIndexSize=182
[2024.09.07-14.51.29:694][  0]LogPakFile: PakFile PathHashIndexSize=101
[2024.09.07-14.51.29:694][  0]LogPakFile: PakFile FullDirectoryIndexSize=138
[2024.09.07-14.51.29:694][  0]LogShaderLibrary: Display: ShaderCodeLibraryPakFileMountedCallback: PakFile 'C:/Program Files/UE_4.27/FeaturePacks/TP_Flying.upack' (chunk index -1, root 'root:/') mounted
[2024.09.07-14.51.29:694][  0]LogShaderLibrary: Display: ShaderCodeLibraryPakFileMountedCallback: pending pak file info (ChunkID:-1 Root:root:/ File:C:/Program Files/UE_4.27/FeaturePacks/TP_Flying.upack)
[2024.09.07-14.51.29:694][  0]LogPakFile: OnPakFileMounted2Time == 0.000195
[2024.09.07-14.51.29:695][  0]LogPakFile: PakFile PrimaryIndexSize=184
[2024.09.07-14.51.29:695][  0]LogPakFile: PakFile PathHashIndexSize=101
[2024.09.07-14.51.29:695][  0]LogPakFile: PakFile FullDirectoryIndexSize=142
[2024.09.07-14.51.29:695][  0]LogShaderLibrary: Display: ShaderCodeLibraryPakFileMountedCallback: PakFile 'C:/Program Files/UE_4.27/FeaturePacks/TP_FlyingBP.upack' (chunk index -1, root 'root:/') mounted
[2024.09.07-14.51.29:695][  0]LogShaderLibrary: Display: ShaderCodeLibraryPakFileMountedCallback: pending pak file info (ChunkID:-1 Root:root:/ File:C:/Program Files/UE_4.27/FeaturePacks/TP_FlyingBP.upack)
[2024.09.07-14.51.29:695][  0]LogPakFile: OnPakFileMounted2Time == 0.000222
[2024.09.07-14.51.29:696][  0]LogPakFile: PakFile PrimaryIndexSize=188
[2024.09.07-14.51.29:696][  0]LogPakFile: PakFile PathHashIndexSize=101
[2024.09.07-14.51.29:696][  0]LogPakFile: PakFile FullDirectoryIndexSize=150
[2024.09.07-14.51.29:696][  0]LogShaderLibrary: Display: ShaderCodeLibraryPakFileMountedCallback: PakFile 'C:/Program Files/UE_4.27/FeaturePacks/TP_HandheldARBP.upack' (chunk index -1, root 'root:/') mounted
[2024.09.07-14.51.29:696][  0]LogShaderLibrary: Display: ShaderCodeLibraryPakFileMountedCallback: pending pak file info (ChunkID:-1 Root:root:/ File:C:/Program Files/UE_4.27/FeaturePacks/TP_HandheldARBP.upack)
[2024.09.07-14.51.29:696][  0]LogPakFile: OnPakFileMounted2Time == 0.000213
[2024.09.07-14.51.29:697][  0]LogPakFile: PakFile PrimaryIndexSize=182
[2024.09.07-14.51.29:697][  0]LogPakFile: PakFile PathHashIndexSize=101
[2024.09.07-14.51.29:697][  0]LogPakFile: PakFile FullDirectoryIndexSize=138
[2024.09.07-14.51.29:697][  0]LogShaderLibrary: Display: ShaderCodeLibraryPakFileMountedCallback: PakFile 'C:/Program Files/UE_4.27/FeaturePacks/TP_Puzzle.upack' (chunk index -1, root 'root:/') mounted
[2024.09.07-14.51.29:698][  0]LogShaderLibrary: Display: ShaderCodeLibraryPakFileMountedCallback: pending pak file info (ChunkID:-1 Root:root:/ File:C:/Program Files/UE_4.27/FeaturePacks/TP_Puzzle.upack)
[2024.09.07-14.51.29:698][  0]LogPakFile: OnPakFileMounted2Time == 0.000314
[2024.09.07-14.51.29:698][  0]LogPakFile: PakFile PrimaryIndexSize=184
[2024.09.07-14.51.29:698][  0]LogPakFile: PakFile PathHashIndexSize=101
[2024.09.07-14.51.29:698][  0]LogPakFile: PakFile FullDirectoryIndexSize=142
[2024.09.07-14.51.29:699][  0]LogShaderLibrary: Display: ShaderCodeLibraryPakFileMountedCallback: PakFile 'C:/Program Files/UE_4.27/FeaturePacks/TP_PuzzleBP.upack' (chunk index -1, root 'root:/') mounted
[2024.09.07-14.51.29:699][  0]LogShaderLibrary: Display: ShaderCodeLibraryPakFileMountedCallback: pending pak file info (ChunkID:-1 Root:root:/ File:C:/Program Files/UE_4.27/FeaturePacks/TP_PuzzleBP.upack)
[2024.09.07-14.51.29:699][  0]LogPakFile: OnPakFileMounted2Time == 0.000292
[2024.09.07-14.51.29:699][  0]LogPakFile: PakFile PrimaryIndexSize=183
[2024.09.07-14.51.29:699][  0]LogPakFile: PakFile PathHashIndexSize=101
[2024.09.07-14.51.29:700][  0]LogPakFile: PakFile FullDirectoryIndexSize=140
[2024.09.07-14.51.29:700][  0]LogShaderLibrary: Display: ShaderCodeLibraryPakFileMountedCallback: PakFile 'C:/Program Files/UE_4.27/FeaturePacks/TP_Rolling.upack' (chunk index -1, root 'root:/') mounted
[2024.09.07-14.51.29:700][  0]LogShaderLibrary: Display: ShaderCodeLibraryPakFileMountedCallback: pending pak file info (ChunkID:-1 Root:root:/ File:C:/Program Files/UE_4.27/FeaturePacks/TP_Rolling.upack)
[2024.09.07-14.51.29:700][  0]LogPakFile: OnPakFileMounted2Time == 0.000228
[2024.09.07-14.51.29:700][  0]LogPakFile: PakFile PrimaryIndexSize=185
[2024.09.07-14.51.29:701][  0]LogPakFile: PakFile PathHashIndexSize=101
[2024.09.07-14.51.29:701][  0]LogPakFile: PakFile FullDirectoryIndexSize=144
[2024.09.07-14.51.29:701][  0]LogShaderLibrary: Display: ShaderCodeLibraryPakFileMountedCallback: PakFile 'C:/Program Files/UE_4.27/FeaturePacks/TP_RollingBP.upack' (chunk index -1, root 'root:/') mounted
[2024.09.07-14.51.29:701][  0]LogShaderLibrary: Display: ShaderCodeLibraryPakFileMountedCallback: pending pak file info (ChunkID:-1 Root:root:/ File:C:/Program Files/UE_4.27/FeaturePacks/TP_RollingBP.upack)
[2024.09.07-14.51.29:701][  0]LogPakFile: OnPakFileMounted2Time == 0.000231
[2024.09.07-14.51.29:701][  0]LogPakFile: PakFile PrimaryIndexSize=188
[2024.09.07-14.51.29:702][  0]LogPakFile: PakFile PathHashIndexSize=101
[2024.09.07-14.51.29:702][  0]LogPakFile: PakFile FullDirectoryIndexSize=150
[2024.09.07-14.51.29:702][  0]LogShaderLibrary: Display: ShaderCodeLibraryPakFileMountedCallback: PakFile 'C:/Program Files/UE_4.27/FeaturePacks/TP_SideScroller.upack' (chunk index -1, root 'root:/') mounted
[2024.09.07-14.51.29:702][  0]LogShaderLibrary: Display: ShaderCodeLibraryPakFileMountedCallback: pending pak file info (ChunkID:-1 Root:root:/ File:C:/Program Files/UE_4.27/FeaturePacks/TP_SideScroller.upack)
[2024.09.07-14.51.29:702][  0]LogPakFile: OnPakFileMounted2Time == 0.000305
[2024.09.07-14.51.29:703][  0]LogPakFile: PakFile PrimaryIndexSize=190
[2024.09.07-14.51.29:703][  0]LogPakFile: PakFile PathHashIndexSize=101
[2024.09.07-14.51.29:703][  0]LogPakFile: PakFile FullDirectoryIndexSize=154
[2024.09.07-14.51.29:703][  0]LogShaderLibrary: Display: ShaderCodeLibraryPakFileMountedCallback: PakFile 'C:/Program Files/UE_4.27/FeaturePacks/TP_SideScrollerBP.upack' (chunk index -1, root 'root:/') mounted
[2024.09.07-14.51.29:703][  0]LogShaderLibrary: Display: ShaderCodeLibraryPakFileMountedCallback: pending pak file info (ChunkID:-1 Root:root:/ File:C:/Program Files/UE_4.27/FeaturePacks/TP_SideScrollerBP.upack)
[2024.09.07-14.51.29:703][  0]LogPakFile: OnPakFileMounted2Time == 0.000226
[2024.09.07-14.51.29:704][  0]LogPakFile: PakFile PrimaryIndexSize=187
[2024.09.07-14.51.29:704][  0]LogPakFile: PakFile PathHashIndexSize=101
[2024.09.07-14.51.29:704][  0]LogPakFile: PakFile FullDirectoryIndexSize=148
[2024.09.07-14.51.29:704][  0]LogShaderLibrary: Display: ShaderCodeLibraryPakFileMountedCallback: PakFile 'C:/Program Files/UE_4.27/FeaturePacks/TP_ThirdPerson.upack' (chunk index -1, root 'root:/') mounted
[2024.09.07-14.51.29:704][  0]LogShaderLibrary: Display: ShaderCodeLibraryPakFileMountedCallback: pending pak file info (ChunkID:-1 Root:root:/ File:C:/Program Files/UE_4.27/FeaturePacks/TP_ThirdPerson.upack)
[2024.09.07-14.51.29:704][  0]LogPakFile: OnPakFileMounted2Time == 0.000325
[2024.09.07-14.51.29:705][  0]LogPakFile: PakFile PrimaryIndexSize=189
[2024.09.07-14.51.29:705][  0]LogPakFile: PakFile PathHashIndexSize=101
[2024.09.07-14.51.29:705][  0]LogPakFile: PakFile FullDirectoryIndexSize=152
[2024.09.07-14.51.29:705][  0]LogShaderLibrary: Display: ShaderCodeLibraryPakFileMountedCallback: PakFile 'C:/Program Files/UE_4.27/FeaturePacks/TP_ThirdPersonBP.upack' (chunk index -1, root 'root:/') mounted
[2024.09.07-14.51.29:705][  0]LogShaderLibrary: Display: ShaderCodeLibraryPakFileMountedCallback: pending pak file info (ChunkID:-1 Root:root:/ File:C:/Program Files/UE_4.27/FeaturePacks/TP_ThirdPersonBP.upack)
[2024.09.07-14.51.29:706][  0]LogPakFile: OnPakFileMounted2Time == 0.000262
[2024.09.07-14.51.29:706][  0]LogPakFile: PakFile PrimaryIndexSize=183
[2024.09.07-14.51.29:706][  0]LogPakFile: PakFile PathHashIndexSize=101
[2024.09.07-14.51.29:706][  0]LogPakFile: PakFile FullDirectoryIndexSize=140
[2024.09.07-14.51.29:706][  0]LogShaderLibrary: Display: ShaderCodeLibraryPakFileMountedCallback: PakFile 'C:/Program Files/UE_4.27/FeaturePacks/TP_TopDown.upack' (chunk index -1, root 'root:/') mounted
[2024.09.07-14.51.29:707][  0]LogShaderLibrary: Display: ShaderCodeLibraryPakFileMountedCallback: pending pak file info (ChunkID:-1 Root:root:/ File:C:/Program Files/UE_4.27/FeaturePacks/TP_TopDown.upack)
[2024.09.07-14.51.29:707][  0]LogPakFile: OnPakFileMounted2Time == 0.000223
[2024.09.07-14.51.29:707][  0]LogPakFile: PakFile PrimaryIndexSize=185
[2024.09.07-14.51.29:707][  0]LogPakFile: PakFile PathHashIndexSize=101
[2024.09.07-14.51.29:707][  0]LogPakFile: PakFile FullDirectoryIndexSize=144
[2024.09.07-14.51.29:707][  0]LogShaderLibrary: Display: ShaderCodeLibraryPakFileMountedCallback: PakFile 'C:/Program Files/UE_4.27/FeaturePacks/TP_TopDownBP.upack' (chunk index -1, root 'root:/') mounted
[2024.09.07-14.51.29:708][  0]LogShaderLibrary: Display: ShaderCodeLibraryPakFileMountedCallback: pending pak file info (ChunkID:-1 Root:root:/ File:C:/Program Files/UE_4.27/FeaturePacks/TP_TopDownBP.upack)
[2024.09.07-14.51.29:708][  0]LogPakFile: OnPakFileMounted2Time == 0.000285
[2024.09.07-14.51.29:708][  0]LogPakFile: PakFile PrimaryIndexSize=185
[2024.09.07-14.51.29:708][  0]LogPakFile: PakFile PathHashIndexSize=101
[2024.09.07-14.51.29:708][  0]LogPakFile: PakFile FullDirectoryIndexSize=144
[2024.09.07-14.51.29:709][  0]LogShaderLibrary: Display: ShaderCodeLibraryPakFileMountedCallback: PakFile 'C:/Program Files/UE_4.27/FeaturePacks/TP_TwinStick.upack' (chunk index -1, root 'root:/') mounted
[2024.09.07-14.51.29:709][  0]LogShaderLibrary: Display: ShaderCodeLibraryPakFileMountedCallback: pending pak file info (ChunkID:-1 Root:root:/ File:C:/Program Files/UE_4.27/FeaturePacks/TP_TwinStick.upack)
[2024.09.07-14.51.29:709][  0]LogPakFile: OnPakFileMounted2Time == 0.000221
[2024.09.07-14.51.29:709][  0]LogPakFile: PakFile PrimaryIndexSize=187
[2024.09.07-14.51.29:709][  0]LogPakFile: PakFile PathHashIndexSize=101
[2024.09.07-14.51.29:710][  0]LogPakFile: PakFile FullDirectoryIndexSize=148
[2024.09.07-14.51.29:710][  0]LogShaderLibrary: Display: ShaderCodeLibraryPakFileMountedCallback: PakFile 'C:/Program Files/UE_4.27/FeaturePacks/TP_TwinStickBP.upack' (chunk index -1, root 'root:/') mounted
[2024.09.07-14.51.29:710][  0]LogShaderLibrary: Display: ShaderCodeLibraryPakFileMountedCallback: pending pak file info (ChunkID:-1 Root:root:/ File:C:/Program Files/UE_4.27/FeaturePacks/TP_TwinStickBP.upack)
[2024.09.07-14.51.29:710][  0]LogPakFile: OnPakFileMounted2Time == 0.000260
[2024.09.07-14.51.29:710][  0]LogPakFile: PakFile PrimaryIndexSize=183
[2024.09.07-14.51.29:711][  0]LogPakFile: PakFile PathHashIndexSize=101
[2024.09.07-14.51.29:711][  0]LogPakFile: PakFile FullDirectoryIndexSize=140
[2024.09.07-14.51.29:711][  0]LogShaderLibrary: Display: ShaderCodeLibraryPakFileMountedCallback: PakFile 'C:/Program Files/UE_4.27/FeaturePacks/TP_Vehicle.upack' (chunk index -1, root 'root:/') mounted
[2024.09.07-14.51.29:711][  0]LogShaderLibrary: Display: ShaderCodeLibraryPakFileMountedCallback: pending pak file info (ChunkID:-1 Root:root:/ File:C:/Program Files/UE_4.27/FeaturePacks/TP_Vehicle.upack)
[2024.09.07-14.51.29:711][  0]LogPakFile: OnPakFileMounted2Time == 0.000228
[2024.09.07-14.51.29:711][  0]LogPakFile: PakFile PrimaryIndexSize=186
[2024.09.07-14.51.29:712][  0]LogPakFile: PakFile PathHashIndexSize=101
[2024.09.07-14.51.29:712][  0]LogPakFile: PakFile FullDirectoryIndexSize=146
[2024.09.07-14.51.29:712][  0]LogShaderLibrary: Display: ShaderCodeLibraryPakFileMountedCallback: PakFile 'C:/Program Files/UE_4.27/FeaturePacks/TP_VehicleAdv.upack' (chunk index -1, root 'root:/') mounted
[2024.09.07-14.51.29:712][  0]LogShaderLibrary: Display: ShaderCodeLibraryPakFileMountedCallback: pending pak file info (ChunkID:-1 Root:root:/ File:C:/Program Files/UE_4.27/FeaturePacks/TP_VehicleAdv.upack)
[2024.09.07-14.51.29:712][  0]LogPakFile: OnPakFileMounted2Time == 0.000199
[2024.09.07-14.51.29:712][  0]LogPakFile: PakFile PrimaryIndexSize=188
[2024.09.07-14.51.29:713][  0]LogPakFile: PakFile PathHashIndexSize=101
[2024.09.07-14.51.29:713][  0]LogPakFile: PakFile FullDirectoryIndexSize=150
[2024.09.07-14.51.29:713][  0]LogShaderLibrary: Display: ShaderCodeLibraryPakFileMountedCallback: PakFile 'C:/Program Files/UE_4.27/FeaturePacks/TP_VehicleAdvBP.upack' (chunk index -1, root 'root:/') mounted
[2024.09.07-14.51.29:713][  0]LogShaderLibrary: Display: ShaderCodeLibraryPakFileMountedCallback: pending pak file info (ChunkID:-1 Root:root:/ File:C:/Program Files/UE_4.27/FeaturePacks/TP_VehicleAdvBP.upack)
[2024.09.07-14.51.29:713][  0]LogPakFile: OnPakFileMounted2Time == 0.000222
[2024.09.07-14.51.29:714][  0]LogPakFile: PakFile PrimaryIndexSize=185
[2024.09.07-14.51.29:714][  0]LogPakFile: PakFile PathHashIndexSize=101
[2024.09.07-14.51.29:714][  0]LogPakFile: PakFile FullDirectoryIndexSize=144
[2024.09.07-14.51.29:714][  0]LogShaderLibrary: Display: ShaderCodeLibraryPakFileMountedCallback: PakFile 'C:/Program Files/UE_4.27/FeaturePacks/TP_VehicleBP.upack' (chunk index -1, root 'root:/') mounted
[2024.09.07-14.51.29:714][  0]LogShaderLibrary: Display: ShaderCodeLibraryPakFileMountedCallback: pending pak file info (ChunkID:-1 Root:root:/ File:C:/Program Files/UE_4.27/FeaturePacks/TP_VehicleBP.upack)
[2024.09.07-14.51.29:714][  0]LogPakFile: OnPakFileMounted2Time == 0.000263
[2024.09.07-14.51.29:715][  0]LogPakFile: PakFile PrimaryIndexSize=192
[2024.09.07-14.51.29:715][  0]LogPakFile: PakFile PathHashIndexSize=101
[2024.09.07-14.51.29:715][  0]LogPakFile: PakFile FullDirectoryIndexSize=158
[2024.09.07-14.51.29:715][  0]LogShaderLibrary: Display: ShaderCodeLibraryPakFileMountedCallback: PakFile 'C:/Program Files/UE_4.27/FeaturePacks/TP_VirtualRealityBP.upack' (chunk index -1, root 'root:/') mounted
[2024.09.07-14.51.29:715][  0]LogShaderLibrary: Display: ShaderCodeLibraryPakFileMountedCallback: pending pak file info (ChunkID:-1 Root:root:/ File:C:/Program Files/UE_4.27/FeaturePacks/TP_VirtualRealityBP.upack)
[2024.09.07-14.51.29:715][  0]LogPakFile: OnPakFileMounted2Time == 0.000206
[2024.09.07-14.51.29:758][  0]LogNativeClassHierarchy: Verbose: Native class hierarchy updated for 'AddContentDialog' in 0.0002 seconds. Added 0 classes and 0 folders.
[2024.09.07-14.51.29:759][  0]LogNativeClassHierarchy: Verbose: Native class hierarchy updated for 'SceneOutliner' in 0.0001 seconds. Added 2 classes and 0 folders.
[2024.09.07-14.51.29:852][  0]LogSlate: Took 0.000204 seconds to synchronously load lazily loaded font '../../../Engine/Content/Slate/Fonts/Roboto-Regular.ttf' (155K)
[2024.09.07-14.51.29:853][  0]LogSlate: Took 0.000154 seconds to synchronously load lazily loaded font '../../../Engine/Content/Editor/Slate/Fonts/FontAwesome.ttf' (139K)
[2024.09.07-14.51.29:854][  0]LogSlate: Took 0.000948 seconds to synchronously load lazily loaded font '../../../Engine/Content/Editor/Slate/Fonts/NanumGothic.ttf' (4243K)
[2024.09.07-14.51.29:856][  0]LogSlate: Took 0.000945 seconds to synchronously load lazily loaded font '../../../Engine/Content/Editor/Slate/Fonts/NanumGothicBold.ttf' (4188K)
[2024.09.07-14.51.29:856][  0]LogSlate: Took 0.000146 seconds to synchronously load lazily loaded font '../../../Engine/Content/Slate/Fonts/Roboto-Bold.ttf' (160K)
[2024.09.07-14.51.29:910][  0]LogRenderer: Reallocating scene render targets to support 1616x808 Format 10 NumSamples 1 (Frame:1).
[2024.09.07-14.51.29:976][  0]LogNativeClassHierarchy: Verbose: Native class hierarchy updated for 'HierarchicalLODOutliner' in 0.0002 seconds. Added 0 classes and 0 folders.
[2024.09.07-14.51.29:977][  0]LogLoad: (Engine Initialization) Total time: 8.92 seconds
[2024.09.07-14.51.29:977][  0]LogLoad: (Engine Initialization) Total Blueprint compile time: 0.00 seconds
[2024.09.07-14.51.30:010][  0]LogAssetRegistry: Asset discovery search completed in 5.2644 seconds
[2024.09.07-14.51.30:014][  0]LogCollectionManager: Fixed up redirectors for 0 collections in 0.000003 seconds (updated 0 objects)
[2024.09.07-14.51.30:015][  0]LogContentStreaming: Texture pool size now 1000 MB
[2024.09.07-14.51.30:029][  1]LogFileCache: Retrieving MD5 hashes for directory 'C:/Users/nanim/GitHub/NewNewInsectHeaven/InsectHeaven/Content/' took 0.04s
[2024.09.07-14.53.50:071][911]Cmd: MAP LOAD FILE="../../../../../Users/nanim/GitHub/NewNewInsectHeaven/InsectHeaven/Content/Dialogue/DialogueWorld.umap" TEMPLATE=0 SHOWPROGRESS=1 FEATURELEVEL=3
[2024.09.07-14.53.50:074][911]LogSlate: Took 0.000183 seconds to synchronously load lazily loaded font '../../../Engine/Content/Slate/Fonts/Roboto-Light.ttf' (167K)
[2024.09.07-14.53.50:083][911]LightingResults: New page: 라이팅 빌드
[2024.09.07-14.53.50:083][911]LoadErrors: New page: 맵 로드 중: DialogueWorld.umap
[2024.09.07-14.53.50:085][911]LogWorld: UWorld::CleanupWorld for EmptyMainLevel, bSessionEnded=true, bCleanupResources=true
[2024.09.07-14.53.50:085][911]LogSlate: InvalidateAllWidgets triggered.  All widgets were invalidated
[2024.09.07-14.53.50:085][911]MapCheck: New page: 맵 체크
[2024.09.07-14.53.50:085][911]LightingResults: New page: 라이팅 빌드
[2024.09.07-14.53.50:104][911]LogAudio: Display: Audio Device unregistered from world 'None'.
[2024.09.07-14.53.50:105][911]LogUObjectHash: Compacting FUObjectHashTables data took   0.74ms
[2024.09.07-14.53.50:107][911]LogAudio: Display: Audio Device (ID: 1) registered with world 'DialogueWorld'.
[2024.09.07-14.53.50:108][911]LogAIModule: Creating AISystem for world DialogueWorld
[2024.09.07-14.53.50:109][911]LogEditorServer: Finished looking for orphan Actors (0.000 secs)
[2024.09.07-14.53.50:118][911]LogUObjectHash: Compacting FUObjectHashTables data took   0.39ms
[2024.09.07-14.53.50:132][911]Cmd: MAP CHECKDEP NOCLEARLOG
[2024.09.07-14.53.50:133][911]MapCheck: 맵 체크 완료: 오류 0 회, 경고 0 회, 소요 시간 0.142ms.
[2024.09.07-14.53.50:133][911]LogFileHelpers: Loading map 'DialogueWorld' took 0.062
[2024.09.07-14.53.50:137][911]LogPlayLevel: PlayLevel: No blueprints needed recompiling
[2024.09.07-14.53.50:138][911]PIE: New page: PIE 세션: DialogueWorld (2024. 9. 8. 오전 8:53:50)
[2024.09.07-14.53.50:139][911]LogOnline: OSS: Creating online subsystem instance for: NULL
[2024.09.07-14.53.50:140][911]LogOnline: OSS: TryLoadSubsystemAndSetDefault: Loaded subsystem for module [NULL]
[2024.09.07-14.53.50:141][911]LogPlayLevel: Creating play world package: /Game/Dialogue/UEDPIE_0_DialogueWorld
[2024.09.07-14.53.50:142][911]LogPlayLevel: PIE: StaticDuplicateObject took: (0.000450s)
[2024.09.07-14.53.50:142][911]LogAIModule: Creating AISystem for world DialogueWorld
[2024.09.07-14.53.50:143][911]LogPlayLevel: PIE: World Init took: (0.000724s)
[2024.09.07-14.53.50:143][911]LogPlayLevel: PIE: Created PIE world by copying editor world from /Game/Dialogue/DialogueWorld.DialogueWorld to /Game/Dialogue/UEDPIE_0_DialogueWorld.DialogueWorld (0.001479s)
[2024.09.07-14.53.50:146][911]LogUObjectHash: Compacting FUObjectHashTables data took   0.45ms
[2024.09.07-14.53.50:151][911]LogSlate: InvalidateAllWidgets triggered.  All widgets were invalidated
[2024.09.07-14.53.50:151][911]LogAudio: Display: Creating Audio Device:                 Id: 2, Scope: Unique, Realtime: True
[2024.09.07-14.53.50:151][911]LogAudioMixer: Display: Audio Mixer Platform Settings:
[2024.09.07-14.53.50:151][911]LogAudioMixer: Display: 	Sample Rate:						  48000
[2024.09.07-14.53.50:151][911]LogAudioMixer: Display: 	Callback Buffer Frame Size Requested: 1024
[2024.09.07-14.53.50:152][911]LogAudioMixer: Display: 	Callback Buffer Frame Size To Use:	  1024
[2024.09.07-14.53.50:152][911]LogAudioMixer: Display: 	Number of buffers to queue:			  2
[2024.09.07-14.53.50:152][911]LogAudioMixer: Display: 	Max Channels (voices):				  32
[2024.09.07-14.53.50:152][911]LogAudioMixer: Display: 	Number of Async Source Workers:		  0
[2024.09.07-14.53.50:152][911]LogAudio: Display: AudioDevice MaxSources: 32
[2024.09.07-14.53.50:152][911]LogAudio: Display: Audio Spatialization Plugin: None (built-in).
[2024.09.07-14.53.50:152][911]LogAudio: Display: Audio Reverb Plugin: None (built-in).
[2024.09.07-14.53.50:152][911]LogAudio: Display: Audio Occlusion Plugin: None (built-in).
[2024.09.07-14.53.50:153][911]LogAudioMixer: Display: Initializing audio mixer.
[2024.09.07-14.53.50:168][911]LogAudioMixer: Display: 0: FrontLeft
[2024.09.07-14.53.50:168][911]LogAudioMixer: Display: 1: FrontRight
[2024.09.07-14.53.50:184][911]LogAudioMixer: Display: Using Audio Device 스피커(ABKO N550)
[2024.09.07-14.53.50:184][911]LogAudioMixer: Display: Initializing Sound Submixes...
[2024.09.07-14.53.50:184][911]LogAudioMixer: Display: Creating Master Submix 'MasterSubmixDefault'
[2024.09.07-14.53.50:184][911]LogAudioMixer: Display: Creating Master Submix 'MasterReverbSubmixDefault'
[2024.09.07-14.53.50:185][911]LogAudioMixer: Display: Creating Master Submix 'MasterEQSubmixDefault'
[2024.09.07-14.53.50:185][911]LogAudioMixer: FMixerPlatformXAudio2::StartAudioStream() called
[2024.09.07-14.53.50:185][911]LogAudioMixer: Display: Output buffers initialized: Frames=1024, Channels=2, Samples=2048
[2024.09.07-14.53.50:186][911]LogAudioMixer: Display: Starting AudioMixerPlatformInterface::RunInternal()
[2024.09.07-14.53.50:186][911]LogAudioMixer: Display: FMixerPlatformXAudio2::SubmitBuffer() called for the first time
[2024.09.07-14.53.50:186][911]LogInit: FAudioDevice initialized.
[2024.09.07-14.53.50:186][911]LogAudio: Display: Audio Device (ID: 2) registered with world 'DialogueWorld'.
[2024.09.07-14.53.50:190][911]LogLoad: Game class is 'IH_GameMode_DialgueTool'
[2024.09.07-14.53.50:191][911]LogWorld: Bringing World /Game/Dialogue/UEDPIE_0_DialogueWorld.DialogueWorld up for play (max tick rate 0) at 2024.09.07-23.53.50
[2024.09.07-14.53.50:191][911]LogWorld: Bringing up level for play took: 0.000270
[2024.09.07-14.53.50:191][911]LogOnline: OSS: Creating online subsystem instance for: :Context_1
[2024.09.07-14.53.50:194][911]LogNativeClassHierarchy: Verbose: Native class hierarchy updated for 'MovieSceneCapture' in 0.0003 seconds. Added 20 classes and 0 folders.
[2024.09.07-14.53.50:219][911]PIE: 서버가 로그인했습니다.
[2024.09.07-14.53.50:221][911]PIE: 에디터에서 플레이 총 시작 시간 0.085초입니다.
[2024.09.07-14.53.50:244][912]LogUObjectHash: Compacting FUObjectHashTables data took   0.46ms
[2024.09.07-14.53.56:143][602]LogSlate: Window 'DialogueTool' being destroyed
[2024.09.07-14.53.56:148][602]LogSlate: Window 'DialogueTool' being destroyed
[2024.09.07-14.53.58:423][868]LogSlate: Updating window title bar state: overlay mode, drag disabled, window buttons hidden, title bar hidden
[2024.09.07-14.53.58:424][868]LogWorld: BeginTearingDown for /Game/Dialogue/UEDPIE_0_DialogueWorld
[2024.09.07-14.53.58:424][868]LogWorld: UWorld::CleanupWorld for DialogueWorld, bSessionEnded=true, bCleanupResources=true
[2024.09.07-14.53.58:424][868]LogSlate: InvalidateAllWidgets triggered.  All widgets were invalidated
[2024.09.07-14.53.58:431][868]LogPlayLevel: Display: Shutting down PIE online subsystems
[2024.09.07-14.53.58:432][868]LogSlate: InvalidateAllWidgets triggered.  All widgets were invalidated
[2024.09.07-14.53.58:435][868]LogAudio: Display: Audio Device unregistered from world 'None'.
[2024.09.07-14.53.58:436][868]LogAudioMixer: FMixerPlatformXAudio2::StopAudioStream() called
[2024.09.07-14.53.58:436][868]LogAudioMixer: FMixerPlatformXAudio2::StopAudioStream() called
[2024.09.07-14.53.58:438][868]LogSlate: Updating window title bar state: overlay mode, drag disabled, window buttons hidden, title bar hidden
[2024.09.07-14.53.58:439][868]LogUObjectHash: Compacting FUObjectHashTables data took   0.43ms
[2024.09.07-14.53.58:504][876]LogPlayLevel: Display: Destroying online subsystem :Context_1
