Log file open, 12/15/24 02:31:47
LogWindows: Failed to load 'aqProf.dll' (GetLastError=126)
LogWindows: File 'aqProf.dll' does not exist
LogWindows: Failed to load 'VtuneApi.dll' (GetLastError=126)
LogWindows: File 'VtuneApi.dll' does not exist
LogWindows: Failed to load 'VtuneApi32e.dll' (GetLastError=126)
LogWindows: File 'VtuneApi32e.dll' does not exist
LogConsoleResponse: Display: Failed to find resolution value strings in scalability ini. Falling back to default.
LogConsoleResponse: Display: Failed to find resolution value strings in scalability ini. Falling back to default.
LogInit: Display: Running engine for game: InsectHeaven
LogPlatformFile: Not using cached read wrapper
LogTaskGraph: Started task graph with 5 named threads and 71 total threads with 3 sets of task threads.
LogStats: Stats thread started at 0.228671
LogICUInternationalization: ICU TimeZone Detection - Raw Offset: +9:00, Platform Override: ''
LogInit: Display: Loading text-based GConfig....
LogPluginManager: Mounting plugin MeshPainting
LogPluginManager: Mounting plugin XGEController
LogPluginManager: Mounting plugin Paper2D
LogPluginManager: Mounting plugin LightPropagationVolume
LogPluginManager: Mounting plugin AISupport
LogPluginManager: Mounting plugin EnvironmentQueryEditor
LogPluginManager: Mounting plugin LiveLink
LogPluginManager: Mounting plugin CameraShakePreviewer
LogPluginManager: Mounting plugin AnimationSharing
LogPluginManager: Mounting plugin GameplayCameras
LogPluginManager: Mounting plugin OodleNetwork
LogPluginManager: Mounting plugin OodleData
LogPluginManager: Mounting plugin CLionSourceCodeAccess
LogPluginManager: Mounting plugin CodeLiteSourceCodeAccess
LogPluginManager: Mounting plugin GitSourceControl
LogPluginManager: Mounting plugin KDevelopSourceCodeAccess
LogPluginManager: Mounting plugin NullSourceCodeAccess
LogPluginManager: Mounting plugin PixWinPlugin
LogPluginManager: Mounting plugin PlasticSourceControl
LogPluginManager: Mounting plugin RiderSourceCodeAccess
LogPluginManager: Mounting plugin PerforceSourceControl
LogPluginManager: Mounting plugin TextureFormatOodle
LogPluginManager: Mounting plugin PluginUtils
LogPluginManager: Mounting plugin PropertyAccessNode
LogPluginManager: Mounting plugin SubversionSourceControl
LogPluginManager: Mounting plugin UObjectPlugin
LogPluginManager: Mounting plugin XCodeSourceCodeAccess
LogPluginManager: Mounting plugin VisualStudioCodeSourceCodeAccess
LogPluginManager: Mounting plugin Niagara
LogPluginManager: Mounting plugin VisualStudioSourceCodeAccess
LogPluginManager: Mounting plugin DatasmithContent
LogPluginManager: Mounting plugin AlembicImporter
LogPluginManager: Mounting plugin AutomationUtils
LogPluginManager: Mounting plugin BackChannel
LogPluginManager: Mounting plugin ChaosCloth
LogPluginManager: Mounting plugin ChaosClothEditor
LogPluginManager: Mounting plugin ChaosEditor
LogPluginManager: Mounting plugin ChaosSolverPlugin
LogPluginManager: Mounting plugin ChaosNiagara
LogPluginManager: Mounting plugin VariantManagerContent
LogPluginManager: Mounting plugin CharacterAI
LogPluginManager: Mounting plugin GeometryCache
LogPluginManager: Mounting plugin GeometryCollectionPlugin
LogPluginManager: Mounting plugin GeometryProcessing
LogPluginManager: Mounting plugin MotoSynth
LogPluginManager: Mounting plugin OpenImageDenoise
LogPluginManager: Mounting plugin PlatformCrypto
LogPluginManager: Mounting plugin PlanarCut
LogPluginManager: Mounting plugin ProxyLODPlugin
LogPluginManager: Mounting plugin PythonScriptPlugin
LogPluginManager: Mounting plugin SkeletalReduction
LogPluginManager: Mounting plugin LuminPlatformFeatures
LogPluginManager: Mounting plugin MagicLeap
LogPluginManager: Mounting plugin MagicLeapLightEstimation
LogPluginManager: Mounting plugin MagicLeapMedia
LogPluginManager: Mounting plugin MagicLeapPassableWorld
LogPluginManager: Mounting plugin MLSDK
LogPluginManager: Mounting plugin AssetManagerEditor
LogPluginManager: Mounting plugin AndroidMedia
LogPluginManager: Mounting plugin AvfMedia
LogPluginManager: Mounting plugin CryptoKeys
LogPluginManager: Mounting plugin ImgMedia
LogPluginManager: Mounting plugin EditorScriptingUtilities
LogPluginManager: Mounting plugin DataValidation
LogPluginManager: Mounting plugin MediaCompositing
LogPluginManager: Mounting plugin CurveEditorTools
LogPluginManager: Mounting plugin GameplayTagsEditor
LogPluginManager: Mounting plugin FacialAnimation
LogPluginManager: Mounting plugin GeometryMode
LogPluginManager: Mounting plugin MaterialAnalyzer
LogPluginManager: Mounting plugin MacGraphicsSwitching
LogPluginManager: Mounting plugin MobileLauncherProfileWizard
LogPluginManager: Mounting plugin PluginBrowser
LogPluginManager: Mounting plugin SpeedTreeImporter
LogPluginManager: Mounting plugin MediaPlayerEditor
LogPluginManager: Mounting plugin WebMMedia
LogPluginManager: Mounting plugin WmfMedia
LogPluginManager: Mounting plugin OnlineSubsystem
LogPluginManager: Mounting plugin OnlineSubsystemNull
LogPluginManager: Mounting plugin OnlineSubsystemUtils
LogPluginManager: Mounting plugin LevelSequenceEditor
LogPluginManager: Mounting plugin ActorSequence
LogPluginManager: Mounting plugin MatineeToLevelSequence
LogPluginManager: Mounting plugin TemplateSequence
LogPluginManager: Mounting plugin TcpMessaging
LogPluginManager: Mounting plugin UdpMessaging
LogPluginManager: Mounting plugin LauncherChunkInstaller
LogPluginManager: Mounting plugin ActorLayerUtilities
LogPluginManager: Mounting plugin AndroidDeviceProfileSelector
LogPluginManager: Mounting plugin AndroidMoviePlayer
LogPluginManager: Mounting plugin AndroidPermission
LogPluginManager: Mounting plugin AppleMoviePlayer
LogPluginManager: Mounting plugin AppleImageUtils
LogPluginManager: Mounting plugin ArchVisCharacter
LogPluginManager: Mounting plugin AssetTags
LogPluginManager: Mounting plugin AudioCapture
LogPluginManager: Mounting plugin AudioSynesthesia
LogPluginManager: Mounting plugin CableComponent
LogPluginManager: Mounting plugin ChunkDownloader
LogPluginManager: Mounting plugin CustomMeshComponent
LogPluginManager: Mounting plugin EditableMesh
LogPluginManager: Mounting plugin ExampleDeviceProfileSelector
LogPluginManager: Mounting plugin ScreenshotTools
LogPluginManager: Mounting plugin GoogleCloudMessaging
LogPluginManager: Mounting plugin GooglePAD
LogPluginManager: Mounting plugin IOSDeviceProfileSelector
LogPluginManager: Mounting plugin LinuxDeviceProfileSelector
LogPluginManager: Mounting plugin LocationServicesBPLibrary
LogPluginManager: Mounting plugin MobilePatchingUtils
LogPluginManager: Mounting plugin OpenXR
LogPluginManager: Mounting plugin OpenXREyeTracker
LogPluginManager: Mounting plugin OpenXRHandTracking
LogPluginManager: Mounting plugin PostSplashScreen
LogPluginManager: Mounting plugin PhysXVehicles
LogPluginManager: Mounting plugin PropertyAccessEditor
LogPluginManager: Mounting plugin ProceduralMeshComponent
LogPluginManager: Mounting plugin RuntimePhysXCooking
LogPluginManager: Mounting plugin SignificanceManager
LogPluginManager: Mounting plugin SoundFields
LogPluginManager: Mounting plugin Synthesis
LogPluginManager: Mounting plugin Takes
LogPluginManager: Mounting plugin WebMMoviePlayer
LogPluginManager: Mounting plugin WindowsMoviePlayer
LogPluginManager: Mounting plugin RiderLink
LogPluginManager: Mounting plugin ContentBrowserAssetDataSource
LogPluginManager: Mounting plugin ContentBrowserClassDataSource
LogPluginManager: Mounting plugin ContentBrowserFileDataSource
LogPluginManager: Mounting plugin OnlineSubsystemGooglePlay
LogPluginManager: Mounting plugin OnlineSubsystemIOS
LogPluginManager: Mounting plugin OculusVR
LogPluginManager: Mounting plugin SteamVR
PixWinPlugin: PIX capture plugin failed to initialize! Check that the process is launched from PIX.
LogInit: Using libcurl 7.55.1-DEV
LogInit:  - built for x86_64-pc-win32
LogInit:  - supports SSL with OpenSSL/1.1.1
LogInit:  - supports HTTP deflate (compression) using libz 1.2.8
LogInit:  - other features:
LogInit:      CURL_VERSION_SSL
LogInit:      CURL_VERSION_LIBZ
LogInit:      CURL_VERSION_IPV6
LogInit:      CURL_VERSION_ASYNCHDNS
LogInit:      CURL_VERSION_LARGEFILE
LogInit:      CURL_VERSION_IDN
LogInit:  CurlRequestOptions (configurable via config and command line):
LogInit:  - bVerifyPeer = true  - Libcurl will verify peer certificate
LogInit:  - bUseHttpProxy = false  - Libcurl will NOT use HTTP proxy
LogInit:  - bDontReuseConnections = false  - Libcurl will reuse connections
LogInit:  - MaxHostConnections = 16  - Libcurl will limit the number of connections to a host
LogInit:  - LocalHostAddr = Default
LogInit:  - BufferSize = 65536
LogOnline: OSS: Creating online subsystem instance for: NULL
LogInit: WinSock: version 1.1 (2.2), MaxSocks=32767, MaxUdp=65467
LogOnline: OSS: TryLoadSubsystemAndSetDefault: Loaded subsystem for module [NULL]
LogOculusPluginWrapper: OculusPlugin initialized successfully
LogHMD: Failed initializing OVRPlugin 1.59.0
LogInit: Build: ++UE4+Release-4.27-CL-18319896
LogInit: Engine Version: 4.27.2-18319896+++UE4+Release-4.27
LogInit: Compatible Engine Version: 4.27.0-17155196+++UE4+Release-4.27
LogInit: Net CL: 17155196
LogInit: OS: Windows 10 (Release 2009) (), CPU: AMD Ryzen 9 7900X 12-Core Processor            , GPU: AMD Radeon RX 7900 XTX
LogInit: Compiled (64-bit): Nov 30 2021 07:12:08
LogInit: Compiled with Visual C++: 19.24.28315.00
LogInit: Build Configuration: DebugGame
LogInit: Branch Name: ++UE4+Release-4.27
LogInit: Command Line: 
LogInit: Base Directory: C:/Program Files/UE_4.27/Engine/Binaries/Win64/
LogInit: Allocator: TBB
LogInit: Installed Engine Build: 1
LogDevObjectVersion: Number of dev versions registered: 29
LogDevObjectVersion:   Dev-Blueprints (B0D832E4-1F89-4F0D-ACCF-7EB736FD4AA2): 10
LogDevObjectVersion:   Dev-Build (E1C64328-A22C-4D53-A36C-8E866417BD8C): 0
LogDevObjectVersion:   Dev-Core (375EC13C-06E4-48FB-B500-84F0262A717E): 4
LogDevObjectVersion:   Dev-Editor (E4B068ED-F494-42E9-A231-DA0B2E46BB41): 40
LogDevObjectVersion:   Dev-Framework (CFFC743F-43B0-4480-9391-14DF171D2073): 37
LogDevObjectVersion:   Dev-Mobile (B02B49B5-BB20-44E9-A304-32B752E40360): 3
LogDevObjectVersion:   Dev-Networking (A4E4105C-59A1-49B5-A7C5-40C4547EDFEE): 0
LogDevObjectVersion:   Dev-Online (39C831C9-5AE6-47DC-9A44-9C173E1C8E7C): 0
LogDevObjectVersion:   Dev-Physics (78F01B33-EBEA-4F98-B9B4-84EACCB95AA2): 14
LogDevObjectVersion:   Dev-Platform (6631380F-2D4D-43E0-8009-CF276956A95A): 0
LogDevObjectVersion:   Dev-Rendering (12F88B9F-8875-4AFC-A67C-D90C383ABD29): 45
LogDevObjectVersion:   Dev-Sequencer (7B5AE74C-D270-4C10-A958-57980B212A5A): 13
LogDevObjectVersion:   Dev-VR (D7296918-1DD6-4BDD-9DE2-64A83CC13884): 3
LogDevObjectVersion:   Dev-LoadTimes (C2A15278-BFE7-4AFE-6C17-90FF531DF755): 1
LogDevObjectVersion:   Private-Geometry (6EACA3D4-40EC-4CC1-B786-8BED09428FC5): 3
LogDevObjectVersion:   Dev-AnimPhys (29E575DD-E0A3-4627-9D10-D276232CDCEA): 17
LogDevObjectVersion:   Dev-Anim (AF43A65D-7FD3-4947-9873-3E8ED9C1BB05): 15
LogDevObjectVersion:   Dev-ReflectionCapture (6B266CEC-1EC7-4B8F-A30B-E4D90942FC07): 1
LogDevObjectVersion:   Dev-Automation (0DF73D61-A23F-47EA-B727-89E90C41499A): 1
LogDevObjectVersion:   FortniteMain (601D1886-AC64-4F84-AA16-D3DE0DEAC7D6): 47
LogDevObjectVersion:   FortniteRelease (E7086368-6B23-4C58-8439-1B7016265E91): 1
LogDevObjectVersion:   Dev-Enterprise (9DFFBCD6-494F-0158-E221-12823C92A888): 10
LogDevObjectVersion:   Dev-Niagara (F2AED0AC-9AFE-416F-8664-AA7FFA26D6FC): 1
LogDevObjectVersion:   Dev-Destruction (174F1F0B-B4C6-45A5-B13F-2EE8D0FB917D): 10
LogDevObjectVersion:   Dev-Physics-Ext (35F94A83-E258-406C-A318-09F59610247C): 41
LogDevObjectVersion:   Dev-PhysicsMaterial-Chaos (B68FC16E-8B1B-42E2-B453-215C058844FE): 1
LogDevObjectVersion:   Dev-CineCamera (B2E18506-4273-CFC2-A54E-F4BB758BBA07): 1
LogDevObjectVersion:   Dev-VirtualProduction (64F58936-FD1B-42BA-BA96-7289D5D0FA4E): 1
LogDevObjectVersion:   Dev-MediaFramework (6F0ED827-A609-4895-9C91-998D90180EA4): 2
LogInit: Presizing for max 25165824 objects, including 0 objects not considered by GC, pre-allocating 0 bytes for permanent pool.
LogConfig: Applying CVar settings from Section [/Script/Engine.StreamingSettings] File [C:/Users/nanim/GitHub/NewNewInsectHeaven/InsectHeaven/Saved/Config/Windows/Engine.ini]
LogConfig: Setting CVar [[s.MinBulkDataSizeForAsyncLoading:131072]]
LogConfig: Setting CVar [[s.AsyncLoadingThreadEnabled:0]]
LogConfig: Setting CVar [[s.EventDrivenLoaderEnabled:1]]
LogConfig: Setting CVar [[s.WarnIfTimeLimitExceeded:0]]
LogConfig: Setting CVar [[s.TimeLimitExceededMultiplier:1.5]]
LogConfig: Setting CVar [[s.TimeLimitExceededMinTime:0.005]]
LogConfig: Setting CVar [[s.UseBackgroundLevelStreaming:1]]
LogConfig: Setting CVar [[s.PriorityAsyncLoadingExtraTime:15.0]]
LogConfig: Setting CVar [[s.LevelStreamingActorsUpdateTimeLimit:5.0]]
LogConfig: Setting CVar [[s.PriorityLevelStreamingActorsUpdateExtraTime:5.0]]
LogConfig: Setting CVar [[s.LevelStreamingComponentsRegistrationGranularity:10]]
LogConfig: Setting CVar [[s.UnregisterComponentsTimeLimit:1.0]]
LogConfig: Setting CVar [[s.LevelStreamingComponentsUnregistrationGranularity:5]]
LogConfig: Setting CVar [[s.FlushStreamingOnExit:1]]
LogInit: Object subsystem initialized
LogConfig: Setting CVar [[con.DebugEarlyDefault:1]]
LogConfig: Setting CVar [[r.setres:1280x720]]
[2024.12.14-17.31.48:813][  0]LogConfig: Setting CVar [[r.VSync:0]]
[2024.12.14-17.31.48:813][  0]LogConfig: Setting CVar [[r.RHICmdBypass:0]]
[2024.12.14-17.31.48:813][  0]LogConfig: Applying CVar settings from Section [/Script/Engine.RendererSettings] File [C:/Users/nanim/GitHub/NewNewInsectHeaven/InsectHeaven/Saved/Config/Windows/Engine.ini]
[2024.12.14-17.31.48:813][  0]LogConfig: Setting CVar [[r.GPUCrashDebugging:0]]
[2024.12.14-17.31.48:813][  0]LogConfig: Applying CVar settings from Section [/Script/Engine.RendererOverrideSettings] File [C:/Users/nanim/GitHub/NewNewInsectHeaven/InsectHeaven/Saved/Config/Windows/Engine.ini]
[2024.12.14-17.31.48:813][  0]LogConfig: Applying CVar settings from Section [/Script/Engine.StreamingSettings] File [C:/Users/nanim/GitHub/NewNewInsectHeaven/InsectHeaven/Saved/Config/Windows/Engine.ini]
[2024.12.14-17.31.48:814][  0]LogConfig: Setting CVar [[s.MinBulkDataSizeForAsyncLoading:131072]]
[2024.12.14-17.31.48:814][  0]LogConfig: Setting CVar [[s.AsyncLoadingThreadEnabled:0]]
[2024.12.14-17.31.48:814][  0]LogConfig: Setting CVar [[s.EventDrivenLoaderEnabled:1]]
[2024.12.14-17.31.48:814][  0]LogConfig: Setting CVar [[s.WarnIfTimeLimitExceeded:0]]
[2024.12.14-17.31.48:814][  0]LogConfig: Setting CVar [[s.TimeLimitExceededMultiplier:1.5]]
[2024.12.14-17.31.48:814][  0]LogConfig: Setting CVar [[s.TimeLimitExceededMinTime:0.005]]
[2024.12.14-17.31.48:814][  0]LogConfig: Setting CVar [[s.UseBackgroundLevelStreaming:1]]
[2024.12.14-17.31.48:814][  0]LogConfig: Setting CVar [[s.PriorityAsyncLoadingExtraTime:15.0]]
[2024.12.14-17.31.48:814][  0]LogConfig: Setting CVar [[s.LevelStreamingActorsUpdateTimeLimit:5.0]]
[2024.12.14-17.31.48:814][  0]LogConfig: Setting CVar [[s.PriorityLevelStreamingActorsUpdateExtraTime:5.0]]
[2024.12.14-17.31.48:815][  0]LogConfig: Setting CVar [[s.LevelStreamingComponentsRegistrationGranularity:10]]
[2024.12.14-17.31.48:815][  0]LogConfig: Setting CVar [[s.UnregisterComponentsTimeLimit:1.0]]
[2024.12.14-17.31.48:815][  0]LogConfig: Setting CVar [[s.LevelStreamingComponentsUnregistrationGranularity:5]]
[2024.12.14-17.31.48:815][  0]LogConfig: Setting CVar [[s.FlushStreamingOnExit:1]]
[2024.12.14-17.31.48:815][  0]LogConfig: Applying CVar settings from Section [/Script/Engine.GarbageCollectionSettings] File [C:/Users/nanim/GitHub/NewNewInsectHeaven/InsectHeaven/Saved/Config/Windows/Engine.ini]
[2024.12.14-17.31.48:815][  0]LogConfig: Setting CVar [[gc.MaxObjectsNotConsideredByGC:1]]
[2024.12.14-17.31.48:815][  0]LogConfig: Setting CVar [[gc.SizeOfPermanentObjectPool:0]]
[2024.12.14-17.31.48:815][  0]LogConfig: Setting CVar [[gc.FlushStreamingOnGC:0]]
[2024.12.14-17.31.48:815][  0]LogConfig: Setting CVar [[gc.NumRetriesBeforeForcingGC:10]]
[2024.12.14-17.31.48:816][  0]LogConfig: Setting CVar [[gc.AllowParallelGC:1]]
[2024.12.14-17.31.48:816][  0]LogConfig: Setting CVar [[gc.TimeBetweenPurgingPendingKillObjects:61.1]]
[2024.12.14-17.31.48:816][  0]LogConfig: Setting CVar [[gc.MaxObjectsInEditor:25165824]]
[2024.12.14-17.31.48:816][  0]LogConfig: Setting CVar [[gc.IncrementalBeginDestroyEnabled:1]]
[2024.12.14-17.31.48:816][  0]LogConfig: Setting CVar [[gc.CreateGCClusters:1]]
[2024.12.14-17.31.48:816][  0]LogConfig: Setting CVar [[gc.MinGCClusterSize:5]]
[2024.12.14-17.31.48:816][  0]LogConfig: Setting CVar [[gc.ActorClusteringEnabled:0]]
[2024.12.14-17.31.48:816][  0]LogConfig: Setting CVar [[gc.BlueprintClusteringEnabled:0]]
[2024.12.14-17.31.48:816][  0]LogConfig: Setting CVar [[gc.UseDisregardForGCOnDedicatedServers:0]]
[2024.12.14-17.31.48:816][  0]LogConfig: Setting CVar [[gc.MultithreadedDestructionEnabled:1]]
[2024.12.14-17.31.48:816][  0]LogConfig: Applying CVar settings from Section [/Script/Engine.NetworkSettings] File [C:/Users/nanim/GitHub/NewNewInsectHeaven/InsectHeaven/Saved/Config/Windows/Engine.ini]
[2024.12.14-17.31.48:817][  0]LogConfig: Applying CVar settings from Section [/Script/UnrealEd.CookerSettings] File [C:/Users/nanim/GitHub/NewNewInsectHeaven/InsectHeaven/Saved/Config/Windows/Engine.ini]
[2024.12.14-17.31.48:859][  0]LogConfig: Applying CVar settings from Section [ViewDistanceQuality@3] File [C:/Users/nanim/GitHub/NewNewInsectHeaven/InsectHeaven/Saved/Config/Windows/Scalability.ini]
[2024.12.14-17.31.48:859][  0]LogConfig: Setting CVar [[r.SkeletalMeshLODBias:0]]
[2024.12.14-17.31.48:859][  0]LogConfig: Setting CVar [[r.ViewDistanceScale:1.0]]
[2024.12.14-17.31.48:860][  0]LogConfig: Applying CVar settings from Section [AntiAliasingQuality@3] File [C:/Users/nanim/GitHub/NewNewInsectHeaven/InsectHeaven/Saved/Config/Windows/Scalability.ini]
[2024.12.14-17.31.48:860][  0]LogConfig: Setting CVar [[r.PostProcessAAQuality:4]]
[2024.12.14-17.31.48:860][  0]LogConfig: Applying CVar settings from Section [ShadowQuality@3] File [C:/Users/nanim/GitHub/NewNewInsectHeaven/InsectHeaven/Saved/Config/Windows/Scalability.ini]
[2024.12.14-17.31.48:860][  0]LogConfig: Setting CVar [[r.LightFunctionQuality:1]]
[2024.12.14-17.31.48:860][  0]LogConfig: Setting CVar [[r.ShadowQuality:5]]
[2024.12.14-17.31.48:860][  0]LogConfig: Setting CVar [[r.Shadow.CSM.MaxCascades:10]]
[2024.12.14-17.31.48:860][  0]LogConfig: Setting CVar [[r.Shadow.MaxResolution:2048]]
[2024.12.14-17.31.48:860][  0]LogConfig: Setting CVar [[r.Shadow.MaxCSMResolution:2048]]
[2024.12.14-17.31.48:861][  0]LogConfig: Setting CVar [[r.Shadow.RadiusThreshold:0.01]]
[2024.12.14-17.31.48:861][  0]LogConfig: Setting CVar [[r.Shadow.DistanceScale:1.0]]
[2024.12.14-17.31.48:861][  0]LogConfig: Setting CVar [[r.Shadow.CSM.TransitionScale:1.0]]
[2024.12.14-17.31.48:861][  0]LogConfig: Setting CVar [[r.Shadow.PreShadowResolutionFactor:1.0]]
[2024.12.14-17.31.48:861][  0]LogConfig: Setting CVar [[r.DistanceFieldShadowing:1]]
[2024.12.14-17.31.48:861][  0]LogConfig: Setting CVar [[r.DistanceFieldAO:1]]
[2024.12.14-17.31.48:861][  0]LogConfig: Setting CVar [[r.AOQuality:2]]
[2024.12.14-17.31.48:861][  0]LogConfig: Setting CVar [[r.VolumetricFog:1]]
[2024.12.14-17.31.48:861][  0]LogConfig: Setting CVar [[r.VolumetricFog.GridPixelSize:8]]
[2024.12.14-17.31.48:861][  0]LogConfig: Setting CVar [[r.VolumetricFog.GridSizeZ:128]]
[2024.12.14-17.31.48:862][  0]LogConfig: Setting CVar [[r.VolumetricFog.HistoryMissSupersampleCount:4]]
[2024.12.14-17.31.48:862][  0]LogConfig: Setting CVar [[r.LightMaxDrawDistanceScale:1]]
[2024.12.14-17.31.48:862][  0]LogConfig: Setting CVar [[r.CapsuleShadows:1]]
[2024.12.14-17.31.48:862][  0]LogConfig: Applying CVar settings from Section [PostProcessQuality@3] File [C:/Users/nanim/GitHub/NewNewInsectHeaven/InsectHeaven/Saved/Config/Windows/Scalability.ini]
[2024.12.14-17.31.48:862][  0]LogConfig: Setting CVar [[r.MotionBlurQuality:4]]
[2024.12.14-17.31.48:862][  0]LogConfig: Setting CVar [[r.AmbientOcclusionMipLevelFactor:0.4]]
[2024.12.14-17.31.48:862][  0]LogConfig: Setting CVar [[r.AmbientOcclusionMaxQuality:100]]
[2024.12.14-17.31.48:862][  0]LogConfig: Setting CVar [[r.AmbientOcclusionLevels:-1]]
[2024.12.14-17.31.48:862][  0]LogConfig: Setting CVar [[r.AmbientOcclusionRadiusScale:1.0]]
[2024.12.14-17.31.48:862][  0]LogConfig: Setting CVar [[r.DepthOfFieldQuality:2]]
[2024.12.14-17.31.48:863][  0]LogConfig: Setting CVar [[r.RenderTargetPoolMin:400]]
[2024.12.14-17.31.48:863][  0]LogConfig: Setting CVar [[r.LensFlareQuality:2]]
[2024.12.14-17.31.48:863][  0]LogConfig: Setting CVar [[r.SceneColorFringeQuality:1]]
[2024.12.14-17.31.48:863][  0]LogConfig: Setting CVar [[r.EyeAdaptationQuality:2]]
[2024.12.14-17.31.48:863][  0]LogConfig: Setting CVar [[r.BloomQuality:5]]
[2024.12.14-17.31.48:863][  0]LogConfig: Setting CVar [[r.FastBlurThreshold:100]]
[2024.12.14-17.31.48:863][  0]LogConfig: Setting CVar [[r.Upscale.Quality:3]]
[2024.12.14-17.31.48:863][  0]LogConfig: Setting CVar [[r.Tonemapper.GrainQuantization:1]]
[2024.12.14-17.31.48:863][  0]LogConfig: Setting CVar [[r.LightShaftQuality:1]]
[2024.12.14-17.31.48:864][  0]LogConfig: Setting CVar [[r.Filter.SizeScale:1]]
[2024.12.14-17.31.48:864][  0]LogConfig: Setting CVar [[r.Tonemapper.Quality:5]]
[2024.12.14-17.31.48:864][  0]LogConfig: Setting CVar [[r.DOF.Gather.AccumulatorQuality:1        ; higher gathering accumulator quality]]
[2024.12.14-17.31.48:864][  0]LogConfig: Setting CVar [[r.DOF.Gather.PostfilterMethod:1          ; Median3x3 postfilering method]]
[2024.12.14-17.31.48:864][  0]LogConfig: Setting CVar [[r.DOF.Gather.EnableBokehSettings:0       ; no bokeh simulation when gathering]]
[2024.12.14-17.31.48:864][  0]LogConfig: Setting CVar [[r.DOF.Gather.RingCount:4                 ; medium number of samples when gathering]]
[2024.12.14-17.31.48:864][  0]LogConfig: Setting CVar [[r.DOF.Scatter.ForegroundCompositing:1    ; additive foreground scattering]]
[2024.12.14-17.31.48:864][  0]LogConfig: Setting CVar [[r.DOF.Scatter.BackgroundCompositing:2    ; additive background scattering]]
[2024.12.14-17.31.48:864][  0]LogConfig: Setting CVar [[r.DOF.Scatter.EnableBokehSettings:1      ; bokeh simulation when scattering]]
[2024.12.14-17.31.48:864][  0]LogConfig: Setting CVar [[r.DOF.Scatter.MaxSpriteRatio:0.1         ; only a maximum of 10% of scattered bokeh]]
[2024.12.14-17.31.48:865][  0]LogConfig: Setting CVar [[r.DOF.Recombine.Quality:1                ; cheap slight out of focus]]
[2024.12.14-17.31.48:865][  0]LogConfig: Setting CVar [[r.DOF.Recombine.EnableBokehSettings:0    ; no bokeh simulation on slight out of focus]]
[2024.12.14-17.31.48:865][  0]LogConfig: Setting CVar [[r.DOF.TemporalAAQuality:1                ; more stable temporal accumulation]]
[2024.12.14-17.31.48:865][  0]LogConfig: Setting CVar [[r.DOF.Kernel.MaxForegroundRadius:0.025]]
[2024.12.14-17.31.48:865][  0]LogConfig: Setting CVar [[r.DOF.Kernel.MaxBackgroundRadius:0.025]]
[2024.12.14-17.31.48:865][  0]LogConfig: Applying CVar settings from Section [TextureQuality@3] File [C:/Users/nanim/GitHub/NewNewInsectHeaven/InsectHeaven/Saved/Config/Windows/Scalability.ini]
[2024.12.14-17.31.48:865][  0]LogConfig: Setting CVar [[r.Streaming.MipBias:0]]
[2024.12.14-17.31.48:865][  0]LogConfig: Setting CVar [[r.Streaming.AmortizeCPUToGPUCopy:0]]
[2024.12.14-17.31.48:865][  0]LogConfig: Setting CVar [[r.Streaming.MaxNumTexturesToStreamPerFrame:0]]
[2024.12.14-17.31.48:865][  0]LogConfig: Setting CVar [[r.Streaming.Boost:1]]
[2024.12.14-17.31.48:866][  0]LogConfig: Setting CVar [[r.MaxAnisotropy:8]]
[2024.12.14-17.31.48:866][  0]LogConfig: Setting CVar [[r.VT.MaxAnisotropy:8]]
[2024.12.14-17.31.48:866][  0]LogConfig: Setting CVar [[r.Streaming.LimitPoolSizeToVRAM:0]]
[2024.12.14-17.31.48:866][  0]LogConfig: Setting CVar [[r.Streaming.PoolSize:1000]]
[2024.12.14-17.31.48:866][  0]LogConfig: Setting CVar [[r.Streaming.MaxEffectiveScreenSize:0]]
[2024.12.14-17.31.48:866][  0]LogConfig: Applying CVar settings from Section [EffectsQuality@3] File [C:/Users/nanim/GitHub/NewNewInsectHeaven/InsectHeaven/Saved/Config/Windows/Scalability.ini]
[2024.12.14-17.31.48:866][  0]LogConfig: Setting CVar [[r.TranslucencyLightingVolumeDim:64]]
[2024.12.14-17.31.48:866][  0]LogConfig: Setting CVar [[r.RefractionQuality:2]]
[2024.12.14-17.31.48:866][  0]LogConfig: Setting CVar [[r.SSR.Quality:3]]
[2024.12.14-17.31.48:867][  0]LogConfig: Setting CVar [[r.SSR.HalfResSceneColor:0]]
[2024.12.14-17.31.48:867][  0]LogConfig: Setting CVar [[r.SceneColorFormat:4]]
[2024.12.14-17.31.48:867][  0]LogConfig: Setting CVar [[r.DetailMode:2]]
[2024.12.14-17.31.48:867][  0]LogConfig: Setting CVar [[r.TranslucencyVolumeBlur:1]]
[2024.12.14-17.31.48:867][  0]LogConfig: Setting CVar [[r.MaterialQualityLevel:1 ; High quality]]
[2024.12.14-17.31.48:867][  0]LogConfig: Setting CVar [[r.AnisotropicMaterials:1]]
[2024.12.14-17.31.48:867][  0]LogConfig: Setting CVar [[r.SSS.Scale:1]]
[2024.12.14-17.31.48:867][  0]LogConfig: Setting CVar [[r.SSS.SampleSet:2]]
[2024.12.14-17.31.48:867][  0]LogConfig: Setting CVar [[r.SSS.Quality:1]]
[2024.12.14-17.31.48:867][  0]LogConfig: Setting CVar [[r.SSS.HalfRes:0]]
[2024.12.14-17.31.48:867][  0]LogConfig: Setting CVar [[r.SSGI.Quality:3]]
[2024.12.14-17.31.48:867][  0]LogConfig: Setting CVar [[r.EmitterSpawnRateScale:1.0]]
[2024.12.14-17.31.48:868][  0]LogConfig: Setting CVar [[r.ParticleLightQuality:2]]
[2024.12.14-17.31.48:868][  0]LogConfig: Setting CVar [[r.SkyAtmosphere.AerialPerspectiveLUT.FastApplyOnOpaque:1 ; Always have FastSkyLUT 1 in this case to avoid wrong sky]]
[2024.12.14-17.31.48:868][  0]LogConfig: Setting CVar [[r.SkyAtmosphere.AerialPerspectiveLUT.SampleCountMaxPerSlice:4]]
[2024.12.14-17.31.48:868][  0]LogConfig: Setting CVar [[r.SkyAtmosphere.AerialPerspectiveLUT.DepthResolution:16.0]]
[2024.12.14-17.31.48:868][  0]LogConfig: Setting CVar [[r.SkyAtmosphere.FastSkyLUT:1]]
[2024.12.14-17.31.48:868][  0]LogConfig: Setting CVar [[r.SkyAtmosphere.FastSkyLUT.SampleCountMin:4.0]]
[2024.12.14-17.31.48:868][  0]LogConfig: Setting CVar [[r.SkyAtmosphere.FastSkyLUT.SampleCountMax:128.0]]
[2024.12.14-17.31.48:868][  0]LogConfig: Setting CVar [[r.SkyAtmosphere.SampleCountMin:4.0]]
[2024.12.14-17.31.48:868][  0]LogConfig: Setting CVar [[r.SkyAtmosphere.SampleCountMax:128.0]]
[2024.12.14-17.31.48:868][  0]LogConfig: Setting CVar [[r.SkyAtmosphere.TransmittanceLUT.UseSmallFormat:0]]
[2024.12.14-17.31.48:868][  0]LogConfig: Setting CVar [[r.SkyAtmosphere.TransmittanceLUT.SampleCount:10.0]]
[2024.12.14-17.31.48:869][  0]LogConfig: Setting CVar [[r.SkyAtmosphere.MultiScatteringLUT.SampleCount:15.0]]
[2024.12.14-17.31.48:869][  0]LogConfig: Setting CVar [[r.SkyLight.RealTimeReflectionCapture:1]]
[2024.12.14-17.31.48:869][  0]LogConfig: Applying CVar settings from Section [FoliageQuality@3] File [C:/Users/nanim/GitHub/NewNewInsectHeaven/InsectHeaven/Saved/Config/Windows/Scalability.ini]
[2024.12.14-17.31.48:869][  0]LogConfig: Setting CVar [[foliage.DensityScale:1.0]]
[2024.12.14-17.31.48:869][  0]LogConfig: Setting CVar [[grass.DensityScale:1.0]]
[2024.12.14-17.31.48:869][  0]LogConfig: Applying CVar settings from Section [ShadingQuality@3] File [C:/Users/nanim/GitHub/NewNewInsectHeaven/InsectHeaven/Saved/Config/Windows/Scalability.ini]
[2024.12.14-17.31.48:869][  0]LogConfig: Setting CVar [[r.HairStrands.SkyLighting.IntegrationType:2]]
[2024.12.14-17.31.48:869][  0]LogConfig: Setting CVar [[r.HairStrands.SkyAO.SampleCount:4]]
[2024.12.14-17.31.48:869][  0]LogConfig: Setting CVar [[r.HairStrands.Visibility.MSAA.SamplePerPixel:4]]
[2024.12.14-17.31.48:869][  0]LogInit: Selected Device Profile: [Windows]
[2024.12.14-17.31.48:869][  0]LogInit: Applying CVar settings loaded from the selected device profile: [Windows]
[2024.12.14-17.31.48:870][  0]LogHAL: Display: Platform has ~ 32 GB [33457160192 / 34359738368 / 32], which maps to Largest [LargestMinGB=32, LargerMinGB=12, DefaultMinGB=8, SmallerMinGB=6, SmallestMinGB=0)
[2024.12.14-17.31.48:870][  0]LogInit: Going up to parent DeviceProfile []
[2024.12.14-17.31.48:870][  0]LogConfig: Applying CVar settings from Section [ViewDistanceQuality@3] File [C:/Users/nanim/GitHub/NewNewInsectHeaven/InsectHeaven/Saved/Config/Windows/Scalability.ini]
[2024.12.14-17.31.48:870][  0]LogConfig: Setting CVar [[r.SkeletalMeshLODBias:0]]
[2024.12.14-17.31.48:870][  0]LogConfig: Setting CVar [[r.ViewDistanceScale:1.0]]
[2024.12.14-17.31.48:870][  0]LogConfig: Applying CVar settings from Section [AntiAliasingQuality@3] File [C:/Users/nanim/GitHub/NewNewInsectHeaven/InsectHeaven/Saved/Config/Windows/Scalability.ini]
[2024.12.14-17.31.48:870][  0]LogConfig: Setting CVar [[r.PostProcessAAQuality:4]]
[2024.12.14-17.31.48:870][  0]LogConfig: Applying CVar settings from Section [ShadowQuality@3] File [C:/Users/nanim/GitHub/NewNewInsectHeaven/InsectHeaven/Saved/Config/Windows/Scalability.ini]
[2024.12.14-17.31.48:870][  0]LogConfig: Setting CVar [[r.LightFunctionQuality:1]]
[2024.12.14-17.31.48:871][  0]LogConfig: Setting CVar [[r.ShadowQuality:5]]
[2024.12.14-17.31.48:871][  0]LogConfig: Setting CVar [[r.Shadow.CSM.MaxCascades:10]]
[2024.12.14-17.31.48:871][  0]LogConfig: Setting CVar [[r.Shadow.MaxResolution:2048]]
[2024.12.14-17.31.48:871][  0]LogConfig: Setting CVar [[r.Shadow.MaxCSMResolution:2048]]
[2024.12.14-17.31.48:871][  0]LogConfig: Setting CVar [[r.Shadow.RadiusThreshold:0.01]]
[2024.12.14-17.31.48:871][  0]LogConfig: Setting CVar [[r.Shadow.DistanceScale:1.0]]
[2024.12.14-17.31.48:871][  0]LogConfig: Setting CVar [[r.Shadow.CSM.TransitionScale:1.0]]
[2024.12.14-17.31.48:871][  0]LogConfig: Setting CVar [[r.Shadow.PreShadowResolutionFactor:1.0]]
[2024.12.14-17.31.48:871][  0]LogConfig: Setting CVar [[r.DistanceFieldShadowing:1]]
[2024.12.14-17.31.48:872][  0]LogConfig: Setting CVar [[r.DistanceFieldAO:1]]
[2024.12.14-17.31.48:872][  0]LogConfig: Setting CVar [[r.AOQuality:2]]
[2024.12.14-17.31.48:872][  0]LogConfig: Setting CVar [[r.VolumetricFog:1]]
[2024.12.14-17.31.48:872][  0]LogConfig: Setting CVar [[r.VolumetricFog.GridPixelSize:8]]
[2024.12.14-17.31.48:872][  0]LogConfig: Setting CVar [[r.VolumetricFog.GridSizeZ:128]]
[2024.12.14-17.31.48:872][  0]LogConfig: Setting CVar [[r.VolumetricFog.HistoryMissSupersampleCount:4]]
[2024.12.14-17.31.48:872][  0]LogConfig: Setting CVar [[r.LightMaxDrawDistanceScale:1]]
[2024.12.14-17.31.48:872][  0]LogConfig: Setting CVar [[r.CapsuleShadows:1]]
[2024.12.14-17.31.48:872][  0]LogConfig: Applying CVar settings from Section [PostProcessQuality@3] File [C:/Users/nanim/GitHub/NewNewInsectHeaven/InsectHeaven/Saved/Config/Windows/Scalability.ini]
[2024.12.14-17.31.48:872][  0]LogConfig: Setting CVar [[r.MotionBlurQuality:4]]
[2024.12.14-17.31.48:873][  0]LogConfig: Setting CVar [[r.AmbientOcclusionMipLevelFactor:0.4]]
[2024.12.14-17.31.48:873][  0]LogConfig: Setting CVar [[r.AmbientOcclusionMaxQuality:100]]
[2024.12.14-17.31.48:873][  0]LogConfig: Setting CVar [[r.AmbientOcclusionLevels:-1]]
[2024.12.14-17.31.48:873][  0]LogConfig: Setting CVar [[r.AmbientOcclusionRadiusScale:1.0]]
[2024.12.14-17.31.48:873][  0]LogConfig: Setting CVar [[r.DepthOfFieldQuality:2]]
[2024.12.14-17.31.48:873][  0]LogConfig: Setting CVar [[r.RenderTargetPoolMin:400]]
[2024.12.14-17.31.48:874][  0]LogConfig: Setting CVar [[r.LensFlareQuality:2]]
[2024.12.14-17.31.48:874][  0]LogConfig: Setting CVar [[r.SceneColorFringeQuality:1]]
[2024.12.14-17.31.48:874][  0]LogConfig: Setting CVar [[r.EyeAdaptationQuality:2]]
[2024.12.14-17.31.48:874][  0]LogConfig: Setting CVar [[r.BloomQuality:5]]
[2024.12.14-17.31.48:874][  0]LogConfig: Setting CVar [[r.FastBlurThreshold:100]]
[2024.12.14-17.31.48:874][  0]LogConfig: Setting CVar [[r.Upscale.Quality:3]]
[2024.12.14-17.31.48:874][  0]LogConfig: Setting CVar [[r.Tonemapper.GrainQuantization:1]]
[2024.12.14-17.31.48:874][  0]LogConfig: Setting CVar [[r.LightShaftQuality:1]]
[2024.12.14-17.31.48:874][  0]LogConfig: Setting CVar [[r.Filter.SizeScale:1]]
[2024.12.14-17.31.48:874][  0]LogConfig: Setting CVar [[r.Tonemapper.Quality:5]]
[2024.12.14-17.31.48:875][  0]LogConfig: Setting CVar [[r.DOF.Gather.AccumulatorQuality:1        ; higher gathering accumulator quality]]
[2024.12.14-17.31.48:875][  0]LogConfig: Setting CVar [[r.DOF.Gather.PostfilterMethod:1          ; Median3x3 postfilering method]]
[2024.12.14-17.31.48:875][  0]LogConfig: Setting CVar [[r.DOF.Gather.EnableBokehSettings:0       ; no bokeh simulation when gathering]]
[2024.12.14-17.31.48:875][  0]LogConfig: Setting CVar [[r.DOF.Gather.RingCount:4                 ; medium number of samples when gathering]]
[2024.12.14-17.31.48:875][  0]LogConfig: Setting CVar [[r.DOF.Scatter.ForegroundCompositing:1    ; additive foreground scattering]]
[2024.12.14-17.31.48:875][  0]LogConfig: Setting CVar [[r.DOF.Scatter.BackgroundCompositing:2    ; additive background scattering]]
[2024.12.14-17.31.48:875][  0]LogConfig: Setting CVar [[r.DOF.Scatter.EnableBokehSettings:1      ; bokeh simulation when scattering]]
[2024.12.14-17.31.48:875][  0]LogConfig: Setting CVar [[r.DOF.Scatter.MaxSpriteRatio:0.1         ; only a maximum of 10% of scattered bokeh]]
[2024.12.14-17.31.48:875][  0]LogConfig: Setting CVar [[r.DOF.Recombine.Quality:1                ; cheap slight out of focus]]
[2024.12.14-17.31.48:875][  0]LogConfig: Setting CVar [[r.DOF.Recombine.EnableBokehSettings:0    ; no bokeh simulation on slight out of focus]]
[2024.12.14-17.31.48:875][  0]LogConfig: Setting CVar [[r.DOF.TemporalAAQuality:1                ; more stable temporal accumulation]]
[2024.12.14-17.31.48:876][  0]LogConfig: Setting CVar [[r.DOF.Kernel.MaxForegroundRadius:0.025]]
[2024.12.14-17.31.48:876][  0]LogConfig: Setting CVar [[r.DOF.Kernel.MaxBackgroundRadius:0.025]]
[2024.12.14-17.31.48:876][  0]LogConfig: Applying CVar settings from Section [TextureQuality@3] File [C:/Users/nanim/GitHub/NewNewInsectHeaven/InsectHeaven/Saved/Config/Windows/Scalability.ini]
[2024.12.14-17.31.48:876][  0]LogConfig: Setting CVar [[r.Streaming.MipBias:0]]
[2024.12.14-17.31.48:876][  0]LogConfig: Setting CVar [[r.Streaming.AmortizeCPUToGPUCopy:0]]
[2024.12.14-17.31.48:876][  0]LogConfig: Setting CVar [[r.Streaming.MaxNumTexturesToStreamPerFrame:0]]
[2024.12.14-17.31.48:876][  0]LogConfig: Setting CVar [[r.Streaming.Boost:1]]
[2024.12.14-17.31.48:876][  0]LogConfig: Setting CVar [[r.MaxAnisotropy:8]]
[2024.12.14-17.31.48:876][  0]LogConfig: Setting CVar [[r.VT.MaxAnisotropy:8]]
[2024.12.14-17.31.48:876][  0]LogConfig: Setting CVar [[r.Streaming.LimitPoolSizeToVRAM:0]]
[2024.12.14-17.31.48:877][  0]LogConfig: Setting CVar [[r.Streaming.PoolSize:1000]]
[2024.12.14-17.31.48:877][  0]LogConfig: Setting CVar [[r.Streaming.MaxEffectiveScreenSize:0]]
[2024.12.14-17.31.48:877][  0]LogConfig: Applying CVar settings from Section [EffectsQuality@3] File [C:/Users/nanim/GitHub/NewNewInsectHeaven/InsectHeaven/Saved/Config/Windows/Scalability.ini]
[2024.12.14-17.31.48:877][  0]LogConfig: Setting CVar [[r.TranslucencyLightingVolumeDim:64]]
[2024.12.14-17.31.48:877][  0]LogConfig: Setting CVar [[r.RefractionQuality:2]]
[2024.12.14-17.31.48:877][  0]LogConfig: Setting CVar [[r.SSR.Quality:3]]
[2024.12.14-17.31.48:877][  0]LogConfig: Setting CVar [[r.SSR.HalfResSceneColor:0]]
[2024.12.14-17.31.48:877][  0]LogConfig: Setting CVar [[r.SceneColorFormat:4]]
[2024.12.14-17.31.48:877][  0]LogConfig: Setting CVar [[r.DetailMode:2]]
[2024.12.14-17.31.48:877][  0]LogConfig: Setting CVar [[r.TranslucencyVolumeBlur:1]]
[2024.12.14-17.31.48:877][  0]LogConfig: Setting CVar [[r.MaterialQualityLevel:1 ; High quality]]
[2024.12.14-17.31.48:877][  0]LogConfig: Setting CVar [[r.AnisotropicMaterials:1]]
[2024.12.14-17.31.48:878][  0]LogConfig: Setting CVar [[r.SSS.Scale:1]]
[2024.12.14-17.31.48:878][  0]LogConfig: Setting CVar [[r.SSS.SampleSet:2]]
[2024.12.14-17.31.48:878][  0]LogConfig: Setting CVar [[r.SSS.Quality:1]]
[2024.12.14-17.31.48:878][  0]LogConfig: Setting CVar [[r.SSS.HalfRes:0]]
[2024.12.14-17.31.48:878][  0]LogConfig: Setting CVar [[r.SSGI.Quality:3]]
[2024.12.14-17.31.48:878][  0]LogConfig: Setting CVar [[r.EmitterSpawnRateScale:1.0]]
[2024.12.14-17.31.48:878][  0]LogConfig: Setting CVar [[r.ParticleLightQuality:2]]
[2024.12.14-17.31.48:878][  0]LogConfig: Setting CVar [[r.SkyAtmosphere.AerialPerspectiveLUT.FastApplyOnOpaque:1 ; Always have FastSkyLUT 1 in this case to avoid wrong sky]]
[2024.12.14-17.31.48:878][  0]LogConfig: Setting CVar [[r.SkyAtmosphere.AerialPerspectiveLUT.SampleCountMaxPerSlice:4]]
[2024.12.14-17.31.48:878][  0]LogConfig: Setting CVar [[r.SkyAtmosphere.AerialPerspectiveLUT.DepthResolution:16.0]]
[2024.12.14-17.31.48:878][  0]LogConfig: Setting CVar [[r.SkyAtmosphere.FastSkyLUT:1]]
[2024.12.14-17.31.48:879][  0]LogConfig: Setting CVar [[r.SkyAtmosphere.FastSkyLUT.SampleCountMin:4.0]]
[2024.12.14-17.31.48:879][  0]LogConfig: Setting CVar [[r.SkyAtmosphere.FastSkyLUT.SampleCountMax:128.0]]
[2024.12.14-17.31.48:879][  0]LogConfig: Setting CVar [[r.SkyAtmosphere.SampleCountMin:4.0]]
[2024.12.14-17.31.48:879][  0]LogConfig: Setting CVar [[r.SkyAtmosphere.SampleCountMax:128.0]]
[2024.12.14-17.31.48:879][  0]LogConfig: Setting CVar [[r.SkyAtmosphere.TransmittanceLUT.UseSmallFormat:0]]
[2024.12.14-17.31.48:879][  0]LogConfig: Setting CVar [[r.SkyAtmosphere.TransmittanceLUT.SampleCount:10.0]]
[2024.12.14-17.31.48:879][  0]LogConfig: Setting CVar [[r.SkyAtmosphere.MultiScatteringLUT.SampleCount:15.0]]
[2024.12.14-17.31.48:879][  0]LogConfig: Setting CVar [[r.SkyLight.RealTimeReflectionCapture:1]]
[2024.12.14-17.31.48:879][  0]LogConfig: Applying CVar settings from Section [FoliageQuality@3] File [C:/Users/nanim/GitHub/NewNewInsectHeaven/InsectHeaven/Saved/Config/Windows/Scalability.ini]
[2024.12.14-17.31.48:879][  0]LogConfig: Setting CVar [[foliage.DensityScale:1.0]]
[2024.12.14-17.31.48:880][  0]LogConfig: Setting CVar [[grass.DensityScale:1.0]]
[2024.12.14-17.31.48:880][  0]LogConfig: Applying CVar settings from Section [ShadingQuality@3] File [C:/Users/nanim/GitHub/NewNewInsectHeaven/InsectHeaven/Saved/Config/Windows/Scalability.ini]
[2024.12.14-17.31.48:880][  0]LogConfig: Setting CVar [[r.HairStrands.SkyLighting.IntegrationType:2]]
[2024.12.14-17.31.48:880][  0]LogConfig: Setting CVar [[r.HairStrands.SkyAO.SampleCount:4]]
[2024.12.14-17.31.48:880][  0]LogConfig: Setting CVar [[r.HairStrands.Visibility.MSAA.SamplePerPixel:4]]
[2024.12.14-17.31.48:880][  0]LogConfig: Applying CVar settings from Section [Startup] File [../../../Engine/Config/ConsoleVariables.ini]
[2024.12.14-17.31.48:880][  0]LogConfig: Setting CVar [[net.UseAdaptiveNetUpdateFrequency:0]]
[2024.12.14-17.31.48:881][  0]LogConfig: Setting CVar [[p.chaos.AllowCreatePhysxBodies:1]]
[2024.12.14-17.31.48:881][  0]LogConfig: Setting CVar [[fx.SkipVectorVMBackendOptimizations:1]]
[2024.12.14-17.31.48:881][  0]LogConfig: Applying CVar settings from Section [ConsoleVariables] File [C:/Users/nanim/GitHub/NewNewInsectHeaven/InsectHeaven/Saved/Config/Windows/Engine.ini]
[2024.12.14-17.31.48:881][  0]LogConfig: Applying CVar settings from Section [ConsoleVariables] File [C:/Users/nanim/GitHub/NewNewInsectHeaven/InsectHeaven/Saved/Config/Windows/Editor.ini]
[2024.12.14-17.31.48:881][  0]LogInit: Computer: DESKTOP-NS5ONMH
[2024.12.14-17.31.48:881][  0]LogInit: User: nanim
[2024.12.14-17.31.48:881][  0]LogInit: CPU Page size=4096, Cores=12
[2024.12.14-17.31.48:881][  0]LogInit: High frequency timer resolution =10.000000 MHz
[2024.12.14-17.31.48:881][  0]LogMemory: Memory total: Physical=31.2GB (32GB approx)
[2024.12.14-17.31.48:882][  0]LogMemory: Platform Memory Stats for Windows
[2024.12.14-17.31.48:882][  0]LogMemory: Process Physical Memory: 150.16 MB used, 150.16 MB peak
[2024.12.14-17.31.48:882][  0]LogMemory: Process Virtual Memory: 132.93 MB used, 132.93 MB peak
[2024.12.14-17.31.48:882][  0]LogMemory: Physical Memory: 15829.15 MB used,  16078.08 MB free, 31907.23 MB total
[2024.12.14-17.31.48:882][  0]LogMemory: Virtual Memory: 134177400.00 MB used,  40324.35 MB free, 134217728.00 MB total
[2024.12.14-17.31.48:894][  0]LogWindows: WindowsPlatformFeatures enabled
[2024.12.14-17.31.49:006][  0]LogInit: Physics initialised using underlying interface: PhysX
[2024.12.14-17.31.49:007][  0]LogInit: Using OS detected language (ko-KR).
[2024.12.14-17.31.49:007][  0]LogInit: Using OS detected locale (ko-KR).
[2024.12.14-17.31.49:012][  0]LogTextLocalizationManager: No specific localization for 'ko-KR' exists, so the 'ko' localization will be used.
[2024.12.14-17.31.49:083][  0]LogInit: Setting process to per monitor DPI aware
[2024.12.14-17.31.49:213][  0]LogWindowsTextInputMethodSystem: Display: IME system deactivated.
[2024.12.14-17.31.49:243][  0]LogSlate: New Slate User Created.  User Index 0, Is Virtual User: 0
[2024.12.14-17.31.49:243][  0]LogSlate: Slate User Registered.  User Index 0, Is Virtual User: 0
[2024.12.14-17.31.49:391][  0]LogD3D11RHI: Loaded GFSDK_Aftermath_Lib.x64.dll
[2024.12.14-17.31.49:398][  0]LogHMD: Failed to initialize OpenVR with code 110
[2024.12.14-17.31.49:398][  0]LogD3D11RHI: D3D11 min allowed feature level: 11_0
[2024.12.14-17.31.49:399][  0]LogD3D11RHI: D3D11 max allowed feature level: 11_0
[2024.12.14-17.31.49:399][  0]LogD3D11RHI: D3D11 adapters:
[2024.12.14-17.31.49:506][  0]LogD3D11RHI:    0. 'AMD Radeon RX 7900 XTX' (Feature Level 11_0)
[2024.12.14-17.31.49:506][  0]LogD3D11RHI:       24491/0/15953 MB DedicatedVideo/DedicatedSystem/SharedSystem, Outputs:2, VendorId:0x1002
[2024.12.14-17.31.49:572][  0]LogD3D11RHI:    1. 'AMD Radeon(TM) Graphics' (Feature Level 11_0)
[2024.12.14-17.31.49:572][  0]LogD3D11RHI:       459/0/15953 MB DedicatedVideo/DedicatedSystem/SharedSystem, Outputs:0, VendorId:0x1002
[2024.12.14-17.31.49:578][  0]LogD3D11RHI:    2. 'Microsoft Basic Render Driver' (Feature Level 11_0)
[2024.12.14-17.31.49:578][  0]LogD3D11RHI:       0/0/15953 MB DedicatedVideo/DedicatedSystem/SharedSystem, Outputs:0, VendorId:0x1414
[2024.12.14-17.31.49:578][  0]LogD3D11RHI: Chosen D3D11 Adapter:
[2024.12.14-17.31.49:578][  0]LogD3D11RHI:     Description : AMD Radeon RX 7900 XTX
[2024.12.14-17.31.49:578][  0]LogD3D11RHI:     VendorId    : 1002
[2024.12.14-17.31.49:578][  0]LogD3D11RHI:     DeviceId    : 744c
[2024.12.14-17.31.49:578][  0]LogD3D11RHI:     SubSysId    : e3b1002
[2024.12.14-17.31.49:578][  0]LogD3D11RHI:     Revision    : 00c8
[2024.12.14-17.31.49:578][  0]LogD3D11RHI:     DedicatedVideoMemory : 25681567744 bytes
[2024.12.14-17.31.49:578][  0]LogD3D11RHI:     DedicatedSystemMemory : 0 bytes
[2024.12.14-17.31.49:579][  0]LogD3D11RHI:     SharedSystemMemory : 16728580096 bytes
[2024.12.14-17.31.49:579][  0]LogD3D11RHI:     AdapterLuid : 0 75829
[2024.12.14-17.31.49:584][  0]LogD3D11RHI: Creating new Direct3DDevice
[2024.12.14-17.31.49:584][  0]LogD3D11RHI:     GPU DeviceId: 0x744c (for the marketing name, search the web for "GPU Device Id")
[2024.12.14-17.31.49:584][  0]LogWindows: EnumDisplayDevices:
[2024.12.14-17.31.49:584][  0]LogWindows:    0. 'AMD Radeon RX 7900 XTX' (P:1 D:1)
[2024.12.14-17.31.49:585][  0]LogWindows:    1. 'AMD Radeon RX 7900 XTX' (P:0 D:1)
[2024.12.14-17.31.49:586][  0]LogWindows:    2. 'AMD Radeon RX 7900 XTX' (P:0 D:0)
[2024.12.14-17.31.49:587][  0]LogWindows:    3. 'AMD Radeon RX 7900 XTX' (P:0 D:0)
[2024.12.14-17.31.49:588][  0]LogWindows:    4. 'AMD Radeon RX 7900 XTX' (P:0 D:0)
[2024.12.14-17.31.49:589][  0]LogWindows:    5. 'AMD Radeon(TM) Graphics' (P:0 D:0)
[2024.12.14-17.31.49:589][  0]LogWindows:    6. 'AMD Radeon(TM) Graphics' (P:0 D:0)
[2024.12.14-17.31.49:590][  0]LogWindows:    7. 'AMD Radeon(TM) Graphics' (P:0 D:0)
[2024.12.14-17.31.49:591][  0]LogWindows:    8. 'AMD Radeon(TM) Graphics' (P:0 D:0)
[2024.12.14-17.31.49:592][  0]LogWindows:    9. 'AMD Radeon(TM) Graphics' (P:0 D:0)
[2024.12.14-17.31.49:593][  0]LogWindows: DebugString: PrimaryIsNotTheChoosenAdapter PrimaryIsNotTheChoosenAdapter PrimaryIsNotTheChoosenAdapter PrimaryIsNotTheChoosenAdapter PrimaryIsNotTheChoosenAdapter FoundDriverCount:5 
[2024.12.14-17.31.49:593][  0]LogD3D11RHI:     Adapter Name: AMD Radeon RX 7900 XTX
[2024.12.14-17.31.49:593][  0]LogD3D11RHI:   Driver Version: AMD Software: Adrenalin Edition 24.9.1 (internal:32.0.12011.1036, unified:32.0.12011.1036)
[2024.12.14-17.31.49:593][  0]LogD3D11RHI:      Driver Date: 9-26-2024
[2024.12.14-17.31.49:593][  0]LogRHI: Texture pool is 16606 MB (70% of 23723 MB)
[2024.12.14-17.31.49:649][  0]LogD3D11RHI: Creating D3DDevice with AMD AGS, using adapter:
[2024.12.14-17.31.49:649][  0]LogD3D11RHI:     Description : AMD Radeon RX 7900 XTX
[2024.12.14-17.31.49:649][  0]LogD3D11RHI:     VendorId    : 1002
[2024.12.14-17.31.49:649][  0]LogD3D11RHI:     DeviceId    : 744c
[2024.12.14-17.31.49:649][  0]LogD3D11RHI:     SubSysId    : e3b1002
[2024.12.14-17.31.49:650][  0]LogD3D11RHI:     Revision    : 00c8
[2024.12.14-17.31.49:650][  0]LogD3D11RHI:     DedicatedVideoMemory : 25681567744 bytes
[2024.12.14-17.31.49:650][  0]LogD3D11RHI:     DedicatedSystemMemory : 0 bytes
[2024.12.14-17.31.49:650][  0]LogD3D11RHI:     SharedSystemMemory : 16728580096 bytes
[2024.12.14-17.31.49:650][  0]LogD3D11RHI:     AdapterLuid : 0 75829
[2024.12.14-17.31.49:734][  0]LogD3D11RHI: Created device via AGS, feature level 11_0, supported extensions 1fffffbf.
[2024.12.14-17.31.49:734][  0]LogD3D11RHI: RHI has support for 64 bit atomics
[2024.12.14-17.31.49:734][  0]LogD3D11RHI: Async texture creation enabled
[2024.12.14-17.31.49:734][  0]LogD3D11RHI: Array index from any shader is supported
[2024.12.14-17.31.49:745][  0]LogD3D11RHI: GPU Timing Frequency: 100.000000 (Debug: 2 1)
[2024.12.14-17.31.49:988][  0]LogTargetPlatformManager: Display: Loaded TargetPlatform 'AllDesktop'
[2024.12.14-17.31.50:008][  0]LogTargetPlatformManager: Display: Loaded TargetPlatform 'Android'
[2024.12.14-17.31.50:008][  0]LogTargetPlatformManager: Display: Loaded TargetPlatform 'Android_ASTC'
[2024.12.14-17.31.50:008][  0]LogTargetPlatformManager: Display: Loaded TargetPlatform 'Android_DXT'
[2024.12.14-17.31.50:008][  0]LogTargetPlatformManager: Display: Loaded TargetPlatform 'Android_ETC2'
[2024.12.14-17.31.50:009][  0]LogTargetPlatformManager: Display: Loaded TargetPlatform 'AndroidClient'
[2024.12.14-17.31.50:009][  0]LogTargetPlatformManager: Display: Loaded TargetPlatform 'Android_ASTCClient'
[2024.12.14-17.31.50:009][  0]LogTargetPlatformManager: Display: Loaded TargetPlatform 'Android_DXTClient'
[2024.12.14-17.31.50:009][  0]LogTargetPlatformManager: Display: Loaded TargetPlatform 'Android_ETC2Client'
[2024.12.14-17.31.50:009][  0]LogTargetPlatformManager: Display: Loaded TargetPlatform 'Android_Multi'
[2024.12.14-17.31.50:009][  0]LogTargetPlatformManager: Display: Loaded TargetPlatform 'Android_MultiClient'
[2024.12.14-17.31.50:038][  0]LogTargetPlatformManager: Display: Loaded TargetPlatform 'IOSClient'
[2024.12.14-17.31.50:038][  0]LogTargetPlatformManager: Display: Loaded TargetPlatform 'IOS'
[2024.12.14-17.31.50:051][  0]LogTargetPlatformManager: Display: Loaded TargetPlatform 'Linux'
[2024.12.14-17.31.50:061][  0]LogTargetPlatformManager: Display: Loaded TargetPlatform 'LinuxNoEditor'
[2024.12.14-17.31.50:070][  0]LogTargetPlatformManager: Display: Loaded TargetPlatform 'LinuxClient'
[2024.12.14-17.31.50:078][  0]LogTargetPlatformManager: Display: Loaded TargetPlatform 'LinuxServer'
[2024.12.14-17.31.50:090][  0]LogTargetPlatformManager: Display: Loaded TargetPlatform 'LinuxAArch64NoEditor'
[2024.12.14-17.31.50:099][  0]LogTargetPlatformManager: Display: Loaded TargetPlatform 'LinuxAArch64Client'
[2024.12.14-17.31.50:109][  0]LogTargetPlatformManager: Display: Loaded TargetPlatform 'LinuxAArch64Server'
[2024.12.14-17.31.50:134][  0]LogTargetPlatformManager: Display: Loaded TargetPlatform 'Lumin'
[2024.12.14-17.31.50:134][  0]LogTargetPlatformManager: Display: Loaded TargetPlatform 'LuminClient'
[2024.12.14-17.31.50:146][  0]LogTargetPlatformManager: Display: Loaded TargetPlatform 'MacNoEditor'
[2024.12.14-17.31.50:154][  0]LogTargetPlatformManager: Display: Loaded TargetPlatform 'Mac'
[2024.12.14-17.31.50:163][  0]LogTargetPlatformManager: Display: Loaded TargetPlatform 'MacClient'
[2024.12.14-17.31.50:171][  0]LogTargetPlatformManager: Display: Loaded TargetPlatform 'MacServer'
[2024.12.14-17.31.50:183][  0]LogTargetPlatformManager: Display: Loaded TargetPlatform 'TVOSClient'
[2024.12.14-17.31.50:183][  0]LogTargetPlatformManager: Display: Loaded TargetPlatform 'TVOS'
[2024.12.14-17.31.50:194][  0]LogTargetPlatformManager: Display: Loaded TargetPlatform 'WindowsNoEditor'
[2024.12.14-17.31.50:203][  0]LogTargetPlatformManager: Display: Loaded TargetPlatform 'Windows'
[2024.12.14-17.31.50:212][  0]LogTargetPlatformManager: Display: Loaded TargetPlatform 'WindowsClient'
[2024.12.14-17.31.50:220][  0]LogTargetPlatformManager: Display: Loaded TargetPlatform 'WindowsServer'
[2024.12.14-17.31.50:220][  0]LogTargetPlatformManager: Display: Building Assets For Windows
[2024.12.14-17.31.50:250][  0]LogAudioDebug: Display: Lib vorbis DLL was dynamically loaded.
[2024.12.14-17.31.50:348][  0]LogTextureFormatOodle: Display: Oodle Texture 2.9.0 init RDO Off
[2024.12.14-17.31.50:434][  0]LogRendererCore: Ray tracing is disabled. Reason: r.RayTracing=0.
[2024.12.14-17.31.50:434][  0]LogShaderCompilers: Guid format shader working directory is -20 characters bigger than the processId version (../../../../../Users/nanim/GitHub/NewNewInsectHeaven/InsectHeaven/Intermediate/Shaders/WorkingDirectory/16432/).
[2024.12.14-17.31.50:434][  0]LogShaderCompilers: Cleaned the shader compiler working directory 'C:/Users/nanim/AppData/Local/Temp/UnrealShaderWorkingDir/5B4112274D908699DCFA2CB78F9DF527/'.
[2024.12.14-17.31.50:434][  0]LogXGEController: Cannot use XGE Controller as Incredibuild is not installed on this machine.
[2024.12.14-17.31.50:435][  0]LogShaderCompilers: Cannot use XGE Shader Compiler as Incredibuild is not installed on this machine.
[2024.12.14-17.31.50:435][  0]LogShaderCompilers: Display: Using Local Shader Compiler.
[2024.12.14-17.31.50:892][  0]LogDerivedDataCache: Display: Max Cache Size: 512 MB
[2024.12.14-17.31.50:932][  0]LogDerivedDataCache: Loaded boot cache 0.04s 94MB C:/Users/nanim/AppData/Local/UnrealEngine/4.27/DerivedDataCache/Boot.ddc.
[2024.12.14-17.31.50:932][  0]LogDerivedDataCache: Display: Loaded Boot cache: C:/Users/nanim/AppData/Local/UnrealEngine/4.27/DerivedDataCache/Boot.ddc
[2024.12.14-17.31.50:932][  0]LogDerivedDataCache: FDerivedDataBackendGraph:  Pak pak cache file ../../../../../Users/nanim/GitHub/NewNewInsectHeaven/InsectHeaven/DerivedDataCache/DDC.ddp not found, will not use a pak cache.
[2024.12.14-17.31.50:932][  0]LogDerivedDataCache: Unable to find inner node Pak for hierarchical cache Hierarchy.
[2024.12.14-17.31.50:932][  0]LogDerivedDataCache: FDerivedDataBackendGraph:  CompressedPak pak cache file ../../../../../Users/nanim/GitHub/NewNewInsectHeaven/InsectHeaven/DerivedDataCache/Compressed.ddp not found, will not use a pak cache.
[2024.12.14-17.31.50:933][  0]LogDerivedDataCache: Unable to find inner node CompressedPak for hierarchical cache Hierarchy.
[2024.12.14-17.31.50:944][  0]LogDerivedDataCache: Display: Pak cache opened for reading ../../../Engine/DerivedDataCache/Compressed.ddp.
[2024.12.14-17.31.50:944][  0]LogDerivedDataCache: FDerivedDataBackendGraph:  EnterprisePak pak cache file ../../../Enterprise/DerivedDataCache/Compressed.ddp not found, will not use a pak cache.
[2024.12.14-17.31.50:944][  0]LogDerivedDataCache: Unable to find inner node EnterprisePak for hierarchical cache Hierarchy.
[2024.12.14-17.31.50:952][  0]LogDerivedDataCache: Speed tests for C:/Users/nanim/AppData/Local/UnrealEngine/Common/DerivedDataCache took 0.01 seconds
[2024.12.14-17.31.50:952][  0]LogDerivedDataCache: Display: Performance to C:/Users/nanim/AppData/Local/UnrealEngine/Common/DerivedDataCache: Latency=0.04ms. RandomReadSpeed=866.60MBs, RandomWriteSpeed=155.11MBs. Assigned SpeedClass 'Local'
[2024.12.14-17.31.50:953][  0]LogDerivedDataCache: Using Local data cache path C:/Users/nanim/AppData/Local/UnrealEngine/Common/DerivedDataCache: Writable
[2024.12.14-17.31.50:953][  0]LogDerivedDataCache: Shared data cache path not found in *engine.ini, will not use an Shared cache.
[2024.12.14-17.31.50:954][  0]LogDerivedDataCache: Unable to find inner node Shared for hierarchical cache Hierarchy.
[2024.12.14-17.31.50:983][  0]LogSlate: Using FreeType 2.10.0
[2024.12.14-17.31.50:983][  0]LogSlate: SlateFontServices - WITH_FREETYPE: 1, WITH_HARFBUZZ: 1
[2024.12.14-17.31.51:003][  0]LogAssetRegistry: FAssetRegistry took 0.0023 seconds to start up
[2024.12.14-17.31.51:149][  0]LogInit: Selected Device Profile: [Windows]
[2024.12.14-17.31.51:149][  0]LogInit: Active device profile: [000001E6D5A18700][000001E6CC608780 49] Windows
[2024.12.14-17.31.51:149][  0]LogInit: Profiles: [000001E6D5A18700][000001E6CC608780 49] Windows, [000001E6D59CF700][000001E6CC1C48C0 49] WindowsNoEditor, [000001E6D5A1B300][000001E6CDE7EA40 49] WindowsServer, [000001E6D59CCF00][000001E6CDE82BC0 49] WindowsClient, [000001E6D5A1B500][000001E6CDE86D40 49] IOS, [000001E6D59CBF00][000001E6CDE8AEC0 49] iPadAir, [000001E6D59CFB00][000001E6CDE8F040 49] iPadAir2, [000001E6D597C500][000001E6CDE97300 49] IPadPro, [000001E6D597C600][000001E6CDE93340 49] iPadAir3, [000001E6D59C8100][000001E6CDE9B4C0 49] iPadAir4, [000001E6D597EC00][000001E6CDE9F640 49] iPadMini2, [000001E6D59CA500][000001E6CDEA37C0 49] iPadMini3, [000001E6D597F400][000001E6CDEA7940 49] iPadMini4, [000001E6D59C8F00][000001E6CDEABAC0 49] iPadMini5, [000001E6D597BE00][000001E6CDEB2200 49] iPhone6, [000001E6D597BF00][000001E6CDEAE240 49] iPodTouch6, [000001E6D5A1B900][000001E6CDEBA500 49] iPhone7, [000001E6D5A1A100][000001E6CDEB6540 49] iPodTouch7, [000001E6D5978400][000001E6CDEBE6C0 49] iPhone5S, [000001E6D597FD00][000001E6CC1C8800 49] iPhone6Plus, [000001E6D5A1B400][000001E6CDEC2940 49] iPhone6S, [000001E6D597E000][000001E6CDEC6A80 49] iPhone6SPlus, [000001E6D5A18900][000001E6CDECABC0 49] iPhone7Plus, [000001E6D597CE00][000001E6CDED2D40 49] iPhoneSE, [000001E6D5A1B100][000001E6CDED6EC0 49] iPhone8, [000001E6D597E400][000001E6CDEDB040 49] iPhone8Plus, [000001E6D5A1BA00][000001E6CDEDF1C0 49] iPhoneX, [000001E6D597FE00][000001E6CDEE3340 49] iPhoneXS, [000001E6D5A19500][000001E6CDEE74C0 49] iPhoneXSMax, [000001E6D597E500][000001E6CDEEB640 49] iPhoneXR, [000001E6D5A1AA00][000001E6CDEEF7C0 49] iPhone11, [000001E6D597FA00][000001E6CDEF3940 49] iPhone11Pro, [000001E6D5A18F00][000001E6CDEF7AC0 49] iPhone11ProMax, [000001E6D597E300][000001E6CDEFA0C0 49] iPhoneSE2, [000001E6D5A19700][000001E6CDEFE240 49] iPhone12Mini, [000001E6D597C700][000001E6CDF023C0 49] iPhone12, [000001E6D5A18300][000001E6CDF06540 49] iPhone12Pro, [000001E6D597F500][000001E6CDF0A6C0 49] iPhone12ProMax, [000001E6D5A18B00][000001E6CDF0E840 49] iPadPro105, [000001E6D597DB00][000001E6CDECE980 49] iPadPro129, [000001E6D5A18200][000001E6CDF12AC0 49] iPadPro97, [000001E6D597E100][000001E6CDF16C00 49] iPadPro2_129, [000001E6D5A18D00][000001E6CDF1AD40 49] iPad5, [000001E6D597F000][000001E6CD8D2EC0 49] iPad6, [000001E6D5A1AC00][000001E6CD8D7040 49] iPad7, [000001E6D597EE00][000001E6CD9231C0 49] iPad8, [000001E6D5A19900][000001E6CD927340 49] iPadPro11, [000001E6D597FF00][000001E6CD9834C0 49] iPadPro2_11, [000001E6D5A19600][000001E6CD987640 49] iPadPro3_129, [000001E6D597E700][000001E6CD9F37C0 49] iPadPro4_129, [000001E6D5A1A600][000001E6CE2C9940 49] AppleTV, [000001E6D597EB00][000001E6CD1F9AC0 49] AppleTV4K, [000001E6D5A19B00][000001E6CCB4C0C0 49] TVOS, [000001E6D597C900][000001E6CCB50240 49] Mac, [000001E6D5A1A700][000001E6CCB543C0 49] MacClient, [000001E6D597EF00][000001E6CCB58540 49] MacNoEditor, [000001E6D5A1BB00][000001E6CCB5C6C0 49] MacServer, [000001E6D597C400][000001E6CCB68840 49] Linux, [000001E6D5A1AE00][000001E6CCB749C0 49] LinuxAArch64, [000001E6D597D500][000001E6CCB84B40 49] LinuxNoEditor, [000001E6D5A1AB00][000001E6CD8CEC80 49] LinuxAArch64NoEditor, [000001E6D597F600][000001E6CCB88DC0 49] LinuxClient, [000001E6D5A1AD00][000001E6CDAF6F00 49] LinuxAArch64Client, [000001E6D597CB00][000001E6CE2BF080 49] LinuxServer, [000001E6D5A18400][000001E6CE2C3200 49] LinuxAArch64Server, [000001E6D597FC00][000001E6CD6E3380 49] Android, [000001E6D59CBA00][000001E6CD915500 49] Android_Low, [000001E6D5979B00][000001E6CD919680 49] Android_Mid, [000001E6D59CB000][000001E6CD91D800 49] Android_High, [000001E6D597A300][000001E6CD6E7980 49] Android_Default, [000001E6D59CA000][000001E6CD6EBB00 49] Android_Adreno4xx, [000001E6D5978100][000001E6CE9B4100 49] Android_Adreno5xx_Low, [000001E6D59C8B00][000001E6CD6EE280 49] Android_Adreno5xx, [000001E6D5979800][000001E6CD6F2400 49] Android_Adreno6xx, [000001E6D59C9100][000001E6CD6F6580 49] Android_Adreno6xx_Vulkan, [000001E6D5978800][000001E6CD6FA700 49] Android_Mali_T6xx, [000001E6D59CB600][000001E6CD1EC880 49] Android_Mali_T7xx, [000001E6D5978D00][000001E6CD1F0A00 49] Android_Mali_T8xx, [000001E6D59CBC00][000001E6CD1F4B80 49] Android_Mali_G71, [000001E6D5979500][000001E6CD282D00 49] Android_Mali_G72, [000001E6D59CBE00][000001E6CE2BAE40 49] Android_Mali_G72_Vulkan, [000001E6D597BD00][000001E6CD286F80 49] Android_Mali_G76, [000001E6D59CB900][000001E6CD28B0C0 49] Android_Mali_G76_Vulkan, [000001E6D597B600][000001E6CD297240 49] Android_Mali_G77, [000001E6D59CA200][000001E6CD29B3C0 49] Android_Mali_G77_Vulkan, [000001E6D597B800][000001E6CD29F540 49] Android_Mali_G78, [000001E6D59C8A00][000001E6CD4776C0 49] Android_Mali_G78_Vulkan, [000001E6D597B400][000001E6CD47B840 49] Android_Mali_G710, [000001E6D59C9400][000001E6CD47F9C0 49] Android_Mali_G710_Vulkan, [000001E6D5978600][000001E6D5DE7B40 49] Android_Vulkan_SM5, [000001E6D59CA400][000001E6CD204140 49] Android_PowerVR_G6xxx, [000001E6D5978E00][000001E6CD52C2C0 49] Android_PowerVR_GT7xxx, [000001E6D59C8200][000001E6CD530440 49] Android_PowerVR_GE8xxx, [000001E6D5978700][000001E6CD2285C0 49] Android_PowerVR_GM9xxx, [000001E6D59CA100][000001E6CD234740 49] Android_PowerVR_GM9xxx_Vulkan, [000001E6D597E600][000001E6CD2388C0 49] Android_TegraK1, [000001E6D59CAA00][000001E6CD23CA40 49] Android_Unknown_Vulkan, [000001E6D597D400][000001E6CD244BC0 49] Lumin, [000001E6D59C9300][000001E6CD248D40 49] Lumin_Desktop, [000001E6D597CC00][000001E6CD24CEC0 49] HoloLens, 
[2024.12.14-17.31.51:290][  0]LogMeshReduction: Using QuadricMeshReduction for automatic static mesh reduction
[2024.12.14-17.31.51:290][  0]LogMeshReduction: Using SimplygonMeshReduction for automatic skeletal mesh reduction
[2024.12.14-17.31.51:290][  0]LogMeshReduction: Using ProxyLODMeshReduction for automatic mesh merging
[2024.12.14-17.31.51:291][  0]LogMeshReduction: No distributed automatic mesh merging module available
[2024.12.14-17.31.51:291][  0]LogMeshMerging: No distributed automatic mesh merging module available
[2024.12.14-17.31.51:310][  0]LogNetVersion: InsectHeaven 1.0.0, NetCL: 17155196, EngineNetVer: 17, GameNetVer: 0 (Checksum: 3375795940)
[2024.12.14-17.31.51:549][  0]LogTexture: Default maximum texture size for cubemaps generated from long-lat sources has been changed from 512 to unlimited. In order to preserve old behaiour for '/Engine/MapTemplates/Sky/DaylightAmbientCubemap.DaylightAmbientCubemap', its maximum texture size has been explicitly set to 512.
[2024.12.14-17.31.51:581][  0]LogHMD: PokeAHoleMaterial loaded successfully
[2024.12.14-17.31.51:585][  0]LogUObjectArray: 17178 objects as part of root set at end of initial load.
[2024.12.14-17.31.51:586][  0]LogUObjectAllocator: 4302048 out of 0 bytes used by permanent object pool.
[2024.12.14-17.31.51:586][  0]LogUObjectArray: CloseDisregardForGC: 0/0 objects in disregard for GC pool
[2024.12.14-17.31.52:048][  0]LogNiagaraDebuggerClient: Niagara Debugger Client Initialized | Session: D0CA181C4C0E6710192F919D69EE4266 | Instance: D2B4825C458706578781D58F41526F7A (DESKTOP-NS5ONMH-16432).
[2024.12.14-17.31.52:151][  0]LogPython: Using Python 3.7.7
[2024.12.14-17.31.52:792][  0]LogTcpMessaging: Initializing TcpMessaging bridge
[2024.12.14-17.31.52:801][  0]LogUdpMessaging: Initializing bridge on interface 0.0.0.0:0 to multicast group 230.0.0.1:6666.
[2024.12.14-17.31.53:387][  0]SourceControl: 소스 컨트롤이 꺼졌습니다.
[2024.12.14-17.31.53:387][  0]SourceControl: 소스 컨트롤이 꺼졌습니다.
[2024.12.14-17.31.53:396][  0]SourceControl: 소스 컨트롤이 꺼졌습니다.
[2024.12.14-17.31.53:417][  0]SourceControl: 소스 컨트롤이 꺼졌습니다.
[2024.12.14-17.31.53:432][  0]SourceControl: 소스 컨트롤이 꺼졌습니다.
[2024.12.14-17.31.53:449][  0]LogUProjectInfo: Found projects:
[2024.12.14-17.31.53:841][  0]LogOpenImageDenoise: OIDN starting up
[2024.12.14-17.31.54:049][  0]LogAndroidPermission: UAndroidPermissionCallbackProxy::GetInstance
[2024.12.14-17.31.54:105][  0]LogAudioCaptureCore: Display: No Audio Capture implementations found. Audio input will be silent.
[2024.12.14-17.31.54:105][  0]LogAudioCaptureCore: Display: No Audio Capture implementations found. Audio input will be silent.
[2024.12.14-17.31.54:329][  0]LogCollectionManager: Loaded 0 collections in 0.001358 seconds
[2024.12.14-17.31.54:375][  0]LogFileCache: Scanning file cache for directory 'C:/Users/nanim/GitHub/NewNewInsectHeaven/InsectHeaven/Saved/Collections/' took 0.00s
[2024.12.14-17.31.54:375][  0]LogFileCache: Scanning file cache for directory 'C:/Users/nanim/GitHub/NewNewInsectHeaven/InsectHeaven/Content/Developers/nanim/Collections/' took 0.00s
[2024.12.14-17.31.54:375][  0]LogFileCache: Scanning file cache for directory 'C:/Users/nanim/GitHub/NewNewInsectHeaven/InsectHeaven/Content/Collections/' took 0.00s
[2024.12.14-17.31.54:375][  0]LogOcInput: OculusInput pre-init called
[2024.12.14-17.31.54:566][  0]LogClass: Display: IntProperty FCharacter_2D::Name is not initialized properly. Module:InsectHeaven File:Table/DataStruct/Character_2D.h
[2024.12.14-17.31.54:566][  0]LogClass: Display: IntProperty FCharacter_2D::ImageID is not initialized properly. Module:InsectHeaven File:Table/DataStruct/Character_2D.h
[2024.12.14-17.31.54:566][  0]LogClass: Warning: ObjectProperty FDialogueClip::formerAction is not initialized properly. Module:InsectHeaven File:Library/Dialogue/DialogueEditToolWidget.h
[2024.12.14-17.31.54:566][  0]LogClass: Warning: ObjectProperty FDialogueClip::nowAction is not initialized properly. Module:InsectHeaven File:Library/Dialogue/DialogueEditToolWidget.h
[2024.12.14-17.31.54:566][  0]LogClass: Display: IntProperty FResource_Widget::PathFile is not initialized properly. Module:InsectHeaven File:Table/DataStruct/Resource_Widget.h
[2024.12.14-17.31.54:566][  0]LogClass: Display: IntProperty FScript_Local::Test is not initialized properly. Module:InsectHeaven File:Table/DataStruct/Script_Local.h
[2024.12.14-17.31.54:567][  0]LogClass: Display: 6 Uninitialized script struct members found including 2 object properties
[2024.12.14-17.31.54:567][  0]LogAutomationTest: Warning: ObjectProperty FDialogueClip::formerAction is not initialized properly. Module:InsectHeaven File:Library/Dialogue/DialogueEditToolWidget.h
[2024.12.14-17.31.54:567][  0]LogAutomationTest: Warning: ObjectProperty FDialogueClip::nowAction is not initialized properly. Module:InsectHeaven File:Library/Dialogue/DialogueEditToolWidget.h
[2024.12.14-17.31.54:568][  0]LogEngine: Initializing Engine...
[2024.12.14-17.31.54:578][  0]LogHMD: Failed to enumerate extensions. Please check that you have a valid OpenXR runtime installed.
[2024.12.14-17.31.54:578][  0]LogHMD: Failed to initialize OpenVR with code 110
[2024.12.14-17.31.54:578][  0]LogMagicLeap: Warning: VR disabled because ZI is not enabled.  To enable, in the editor, Edit -> Project Settings -> Plugins -> Magic Leap Plugin -> Enable Zero Iteration
[2024.12.14-17.31.54:579][  0]LogStats: UGameplayTagsManager::InitializeManager -  0.000 s
[2024.12.14-17.31.54:652][  0]LogInit: Initializing FReadOnlyCVARCache
[2024.12.14-17.31.54:667][  0]LogAIModule: Creating AISystem for world Untitled
[2024.12.14-17.31.54:667][  0]LogAudio: Display: Initializing Audio Device Manager...
[2024.12.14-17.31.54:675][  0]LogAudio: Display: Loading Default Audio Settings Objects...
[2024.12.14-17.31.54:676][  0]LogAudio: Display: No default SoundConcurrencyObject specified (or failed to load).
[2024.12.14-17.31.54:676][  0]LogAudio: Display: Audio Device Manager Initialized
[2024.12.14-17.31.54:676][  0]LogAudio: Display: Creating Audio Device:                 Id: 1, Scope: Shared, Realtime: True
[2024.12.14-17.31.54:676][  0]LogAudioMixer: Display: Audio Mixer Platform Settings:
[2024.12.14-17.31.54:676][  0]LogAudioMixer: Display: 	Sample Rate:						  48000
[2024.12.14-17.31.54:676][  0]LogAudioMixer: Display: 	Callback Buffer Frame Size Requested: 1024
[2024.12.14-17.31.54:677][  0]LogAudioMixer: Display: 	Callback Buffer Frame Size To Use:	  1024
[2024.12.14-17.31.54:677][  0]LogAudioMixer: Display: 	Number of buffers to queue:			  2
[2024.12.14-17.31.54:677][  0]LogAudioMixer: Display: 	Max Channels (voices):				  32
[2024.12.14-17.31.54:677][  0]LogAudioMixer: Display: 	Number of Async Source Workers:		  0
[2024.12.14-17.31.54:677][  0]LogAudio: Display: AudioDevice MaxSources: 32
[2024.12.14-17.31.54:677][  0]LogAudio: Display: Audio Spatialization Plugin: None (built-in).
[2024.12.14-17.31.54:678][  0]LogAudio: Display: Audio Reverb Plugin: None (built-in).
[2024.12.14-17.31.54:678][  0]LogAudio: Display: Audio Occlusion Plugin: None (built-in).
[2024.12.14-17.31.54:678][  0]LogAudioMixer: Display: Initializing audio mixer.
[2024.12.14-17.31.54:716][  0]LogAudioMixer: Display: 0: FrontLeft
[2024.12.14-17.31.54:716][  0]LogAudioMixer: Display: 1: FrontRight
[2024.12.14-17.31.54:762][  0]LogAudioMixer: Display: Using Audio Device 스피커(ABKO N550)
[2024.12.14-17.31.54:764][  0]LogAudioMixer: Display: Initializing Sound Submixes...
[2024.12.14-17.31.54:766][  0]LogAudioMixer: Display: Creating Master Submix 'MasterSubmixDefault'
[2024.12.14-17.31.54:766][  0]LogAudioMixer: Display: Creating Master Submix 'MasterReverbSubmixDefault'
[2024.12.14-17.31.54:767][  0]LogAudioMixer: Display: Creating Master Submix 'MasterEQSubmixDefault'
[2024.12.14-17.31.54:767][  0]LogAudioMixer: FMixerPlatformXAudio2::StartAudioStream() called
[2024.12.14-17.31.54:767][  0]LogAudioMixer: Display: Output buffers initialized: Frames=1024, Channels=2, Samples=2048
[2024.12.14-17.31.54:768][  0]LogAudioMixer: Display: Starting AudioMixerPlatformInterface::RunInternal()
[2024.12.14-17.31.54:768][  0]LogAudioMixer: Display: FMixerPlatformXAudio2::SubmitBuffer() called for the first time
[2024.12.14-17.31.54:768][  0]LogInit: FAudioDevice initialized.
[2024.12.14-17.31.54:768][  0]LogAudio: Display: Audio Device (ID: 1) registered with world 'Untitled'.
[2024.12.14-17.31.54:768][  0]LogNetVersion: Set ProjectVersion to 1.0.0.0. Version Checksum will be recalculated on next use.
[2024.12.14-17.31.55:219][  0]LogDerivedDataCache: Saved boot cache 0.45s 94MB C:/Users/nanim/AppData/Local/UnrealEngine/4.27/DerivedDataCache/Boot.ddc.
[2024.12.14-17.31.55:220][  0]LogInit: Texture streaming: Enabled
[2024.12.14-17.31.55:247][  0]LogAnalytics: Display: [UEEditor.Rocket.Release] APIServer = https://datarouter.ol.epicgames.com/. AppVersion = 4.27.2-18319896+++UE4+Release-4.27
[2024.12.14-17.31.55:256][  0]LogEngineSessionManager: EngineSessionManager initialized
[2024.12.14-17.31.55:257][  0]LogEditorSessionSummary: Verbose: Initializing EditorSessionSummaryWriter for editor session tracking
[2024.12.14-17.31.55:260][  0]LogEditorSessionSummary: EditorSessionSummaryWriter initialized
[2024.12.14-17.31.55:288][  0]LogInit: Transaction tracking system initialized
[2024.12.14-17.31.55:333][  0]BlueprintLog: New page: 에디터 로드
[2024.12.14-17.31.55:455][  0]LocalizationService: 현지화 서비스가 비활성화되었습니다.
[2024.12.14-17.31.55:510][  0]TimingProfiler: Initialize
[2024.12.14-17.31.55:511][  0]TimingProfiler: OnSessionChanged
[2024.12.14-17.31.55:511][  0]LoadingProfiler: Initialize
[2024.12.14-17.31.55:511][  0]LoadingProfiler: OnSessionChanged
[2024.12.14-17.31.55:511][  0]NetworkingProfiler: Initialize
[2024.12.14-17.31.55:511][  0]NetworkingProfiler: OnSessionChanged
[2024.12.14-17.31.55:511][  0]MemoryProfiler: Initialize
[2024.12.14-17.31.55:511][  0]MemoryProfiler: OnSessionChanged
[2024.12.14-17.31.55:679][  0]LogCook: Display: CookSettings for Memory: MemoryMaxUsedVirtual 0MiB, MemoryMaxUsedPhysical 16384MiB, MemoryMinFreeVirtual 0MiB, MemoryMinFreePhysical 1024MiB
[2024.12.14-17.31.55:679][  0]LogCook: Display: Mobile HDR setting 1
[2024.12.14-17.31.56:054][  0]LogFileCache: Scanning file cache for directory 'C:/Users/nanim/GitHub/NewNewInsectHeaven/InsectHeaven/Content/' took 0.01s
[2024.12.14-17.31.56:178][  0]LogInit: Display: Engine is initialized. Leaving FEngineLoop::Init()
[2024.12.14-17.31.56:181][  0]SourceControl: 소스 컨트롤이 꺼졌습니다.
[2024.12.14-17.31.56:181][  0]LogUnrealEdMisc: Loading editor; pre map load, took 9.105
[2024.12.14-17.31.56:181][  0]Cmd: MAP LOAD FILE="../../../../../Users/nanim/GitHub/NewNewInsectHeaven/InsectHeaven/Content/Scene/EmptyMainLevel.umap" TEMPLATE=0 SHOWPROGRESS=1 FEATURELEVEL=3
[2024.12.14-17.31.56:182][  0]LightingResults: New page: 라이팅 빌드
[2024.12.14-17.31.56:183][  0]LogWorld: UWorld::CleanupWorld for Untitled, bSessionEnded=true, bCleanupResources=true
[2024.12.14-17.31.56:183][  0]LogSlate: InvalidateAllWidgets triggered.  All widgets were invalidated
[2024.12.14-17.31.56:183][  0]MapCheck: New page: 맵 체크
[2024.12.14-17.31.56:183][  0]LightingResults: New page: 라이팅 빌드
[2024.12.14-17.31.56:187][  0]LogAudio: Display: Audio Device unregistered from world 'None'.
[2024.12.14-17.31.56:190][  0]LogUObjectHash: Compacting FUObjectHashTables data took   0.49ms
[2024.12.14-17.31.56:193][  0]LogAudio: Display: Audio Device (ID: 1) registered with world 'EmptyMainLevel'.
[2024.12.14-17.31.56:193][  0]LogAIModule: Creating AISystem for world EmptyMainLevel
[2024.12.14-17.31.56:194][  0]LogEditorServer: Finished looking for orphan Actors (0.000 secs)
[2024.12.14-17.31.56:197][  0]LogUObjectHash: Compacting FUObjectHashTables data took   0.35ms
[2024.12.14-17.31.56:198][  0]Cmd: MAP CHECKDEP NOCLEARLOG
[2024.12.14-17.31.56:198][  0]MapCheck: 맵 체크 완료: 오류 0 회, 경고 0 회, 소요 시간 0.116ms.
[2024.12.14-17.31.56:198][  0]LogFileHelpers: Loading map 'EmptyMainLevel' took 0.017
[2024.12.14-17.31.56:202][  0]LogUnrealEdMisc: Total Editor Startup Time, took 9.126
[2024.12.14-17.31.56:818][  0]LogSlate: Updating window title bar state: overlay mode, drag disabled, window buttons hidden, title bar hidden
[2024.12.14-17.31.56:822][  0]LogSlate: Updating window title bar state: overlay mode, drag disabled, window buttons hidden, title bar hidden
[2024.12.14-17.31.56:825][  0]LogSlate: Updating window title bar state: overlay mode, drag disabled, window buttons hidden, title bar hidden
[2024.12.14-17.31.56:828][  0]LogSlate: Updating window title bar state: overlay mode, drag disabled, window buttons hidden, title bar hidden
[2024.12.14-17.31.56:838][  0]LogNativeClassHierarchy: Verbose: Native class hierarchy populated in 0.0065 seconds. Added 3875 classes and 945 folders.
[2024.12.14-17.31.56:841][  0]LogNativeClassHierarchy: Verbose: Native class hierarchy updated for 'WidgetCarousel' in 0.0002 seconds. Added 0 classes and 0 folders.
[2024.12.14-17.31.56:842][  0]LogPakFile: PakFile PrimaryIndexSize=187
[2024.12.14-17.31.56:842][  0]LogPakFile: PakFile PathHashIndexSize=101
[2024.12.14-17.31.56:842][  0]LogPakFile: PakFile FullDirectoryIndexSize=148
[2024.12.14-17.31.56:842][  0]LogShaderLibrary: Display: ShaderCodeLibraryPakFileMountedCallback: PakFile 'C:/Program Files/UE_4.27/FeaturePacks/FP_FirstPerson.upack' (chunk index -1, root 'root:/') mounted
[2024.12.14-17.31.56:843][  0]LogShaderLibrary: Display: ShaderCodeLibraryPakFileMountedCallback: pending pak file info (ChunkID:-1 Root:root:/ File:C:/Program Files/UE_4.27/FeaturePacks/FP_FirstPerson.upack)
[2024.12.14-17.31.56:843][  0]LogPakFile: OnPakFileMounted2Time == 0.000258
[2024.12.14-17.31.56:843][  0]LogPakFile: PakFile PrimaryIndexSize=189
[2024.12.14-17.31.56:844][  0]LogPakFile: PakFile PathHashIndexSize=101
[2024.12.14-17.31.56:844][  0]LogPakFile: PakFile FullDirectoryIndexSize=152
[2024.12.14-17.31.56:844][  0]LogShaderLibrary: Display: ShaderCodeLibraryPakFileMountedCallback: PakFile 'C:/Program Files/UE_4.27/FeaturePacks/FP_FirstPersonBP.upack' (chunk index -1, root 'root:/') mounted
[2024.12.14-17.31.56:844][  0]LogShaderLibrary: Display: ShaderCodeLibraryPakFileMountedCallback: pending pak file info (ChunkID:-1 Root:root:/ File:C:/Program Files/UE_4.27/FeaturePacks/FP_FirstPersonBP.upack)
[2024.12.14-17.31.56:844][  0]LogPakFile: OnPakFileMounted2Time == 0.000217
[2024.12.14-17.31.56:845][  0]LogPakFile: PakFile PrimaryIndexSize=191
[2024.12.14-17.31.56:845][  0]LogPakFile: PakFile PathHashIndexSize=101
[2024.12.14-17.31.56:845][  0]LogPakFile: PakFile FullDirectoryIndexSize=160
[2024.12.14-17.31.56:845][  0]LogShaderLibrary: Display: ShaderCodeLibraryPakFileMountedCallback: PakFile 'C:/Program Files/UE_4.27/FeaturePacks/MobileStarterContent.upack' (chunk index -1, root 'root:/') mounted
[2024.12.14-17.31.56:845][  0]LogShaderLibrary: Display: ShaderCodeLibraryPakFileMountedCallback: pending pak file info (ChunkID:-1 Root:root:/ File:C:/Program Files/UE_4.27/FeaturePacks/MobileStarterContent.upack)
[2024.12.14-17.31.56:845][  0]LogPakFile: OnPakFileMounted2Time == 0.000229
[2024.12.14-17.31.56:846][  0]LogPakFile: PakFile PrimaryIndexSize=185
[2024.12.14-17.31.56:846][  0]LogPakFile: PakFile PathHashIndexSize=101
[2024.12.14-17.31.56:846][  0]LogPakFile: PakFile FullDirectoryIndexSize=148
[2024.12.14-17.31.56:846][  0]LogShaderLibrary: Display: ShaderCodeLibraryPakFileMountedCallback: PakFile 'C:/Program Files/UE_4.27/FeaturePacks/StarterContent.upack' (chunk index -1, root 'root:/') mounted
[2024.12.14-17.31.56:846][  0]LogShaderLibrary: Display: ShaderCodeLibraryPakFileMountedCallback: pending pak file info (ChunkID:-1 Root:root:/ File:C:/Program Files/UE_4.27/FeaturePacks/StarterContent.upack)
[2024.12.14-17.31.56:846][  0]LogPakFile: OnPakFileMounted2Time == 0.000266
[2024.12.14-17.31.56:847][  0]LogPakFile: PakFile PrimaryIndexSize=190
[2024.12.14-17.31.56:847][  0]LogPakFile: PakFile PathHashIndexSize=101
[2024.12.14-17.31.56:847][  0]LogPakFile: PakFile FullDirectoryIndexSize=154
[2024.12.14-17.31.56:847][  0]LogShaderLibrary: Display: ShaderCodeLibraryPakFileMountedCallback: PakFile 'C:/Program Files/UE_4.27/FeaturePacks/TP_2DSideScroller.upack' (chunk index -1, root 'root:/') mounted
[2024.12.14-17.31.56:847][  0]LogShaderLibrary: Display: ShaderCodeLibraryPakFileMountedCallback: pending pak file info (ChunkID:-1 Root:root:/ File:C:/Program Files/UE_4.27/FeaturePacks/TP_2DSideScroller.upack)
[2024.12.14-17.31.56:847][  0]LogPakFile: OnPakFileMounted2Time == 0.000196
[2024.12.14-17.31.56:848][  0]LogPakFile: PakFile PrimaryIndexSize=192
[2024.12.14-17.31.56:848][  0]LogPakFile: PakFile PathHashIndexSize=101
[2024.12.14-17.31.56:848][  0]LogPakFile: PakFile FullDirectoryIndexSize=158
[2024.12.14-17.31.56:848][  0]LogShaderLibrary: Display: ShaderCodeLibraryPakFileMountedCallback: PakFile 'C:/Program Files/UE_4.27/FeaturePacks/TP_2DSideScrollerBP.upack' (chunk index -1, root 'root:/') mounted
[2024.12.14-17.31.56:848][  0]LogShaderLibrary: Display: ShaderCodeLibraryPakFileMountedCallback: pending pak file info (ChunkID:-1 Root:root:/ File:C:/Program Files/UE_4.27/FeaturePacks/TP_2DSideScrollerBP.upack)
[2024.12.14-17.31.56:848][  0]LogPakFile: OnPakFileMounted2Time == 0.000298
[2024.12.14-17.31.56:850][  0]LogPakFile: PakFile PrimaryIndexSize=182
[2024.12.14-17.31.56:850][  0]LogPakFile: PakFile PathHashIndexSize=101
[2024.12.14-17.31.56:850][  0]LogPakFile: PakFile FullDirectoryIndexSize=138
[2024.12.14-17.31.56:850][  0]LogShaderLibrary: Display: ShaderCodeLibraryPakFileMountedCallback: PakFile 'C:/Program Files/UE_4.27/FeaturePacks/TP_Flying.upack' (chunk index -1, root 'root:/') mounted
[2024.12.14-17.31.56:850][  0]LogShaderLibrary: Display: ShaderCodeLibraryPakFileMountedCallback: pending pak file info (ChunkID:-1 Root:root:/ File:C:/Program Files/UE_4.27/FeaturePacks/TP_Flying.upack)
[2024.12.14-17.31.56:850][  0]LogPakFile: OnPakFileMounted2Time == 0.000219
[2024.12.14-17.31.56:851][  0]LogPakFile: PakFile PrimaryIndexSize=184
[2024.12.14-17.31.56:851][  0]LogPakFile: PakFile PathHashIndexSize=101
[2024.12.14-17.31.56:851][  0]LogPakFile: PakFile FullDirectoryIndexSize=142
[2024.12.14-17.31.56:851][  0]LogShaderLibrary: Display: ShaderCodeLibraryPakFileMountedCallback: PakFile 'C:/Program Files/UE_4.27/FeaturePacks/TP_FlyingBP.upack' (chunk index -1, root 'root:/') mounted
[2024.12.14-17.31.56:851][  0]LogShaderLibrary: Display: ShaderCodeLibraryPakFileMountedCallback: pending pak file info (ChunkID:-1 Root:root:/ File:C:/Program Files/UE_4.27/FeaturePacks/TP_FlyingBP.upack)
[2024.12.14-17.31.56:852][  0]LogPakFile: OnPakFileMounted2Time == 0.000336
[2024.12.14-17.31.56:852][  0]LogPakFile: PakFile PrimaryIndexSize=188
[2024.12.14-17.31.56:852][  0]LogPakFile: PakFile PathHashIndexSize=101
[2024.12.14-17.31.56:852][  0]LogPakFile: PakFile FullDirectoryIndexSize=150
[2024.12.14-17.31.56:853][  0]LogShaderLibrary: Display: ShaderCodeLibraryPakFileMountedCallback: PakFile 'C:/Program Files/UE_4.27/FeaturePacks/TP_HandheldARBP.upack' (chunk index -1, root 'root:/') mounted
[2024.12.14-17.31.56:853][  0]LogShaderLibrary: Display: ShaderCodeLibraryPakFileMountedCallback: pending pak file info (ChunkID:-1 Root:root:/ File:C:/Program Files/UE_4.27/FeaturePacks/TP_HandheldARBP.upack)
[2024.12.14-17.31.56:853][  0]LogPakFile: OnPakFileMounted2Time == 0.000231
[2024.12.14-17.31.56:853][  0]LogPakFile: PakFile PrimaryIndexSize=182
[2024.12.14-17.31.56:854][  0]LogPakFile: PakFile PathHashIndexSize=101
[2024.12.14-17.31.56:854][  0]LogPakFile: PakFile FullDirectoryIndexSize=138
[2024.12.14-17.31.56:854][  0]LogShaderLibrary: Display: ShaderCodeLibraryPakFileMountedCallback: PakFile 'C:/Program Files/UE_4.27/FeaturePacks/TP_Puzzle.upack' (chunk index -1, root 'root:/') mounted
[2024.12.14-17.31.56:854][  0]LogShaderLibrary: Display: ShaderCodeLibraryPakFileMountedCallback: pending pak file info (ChunkID:-1 Root:root:/ File:C:/Program Files/UE_4.27/FeaturePacks/TP_Puzzle.upack)
[2024.12.14-17.31.56:854][  0]LogPakFile: OnPakFileMounted2Time == 0.000227
[2024.12.14-17.31.56:855][  0]LogPakFile: PakFile PrimaryIndexSize=184
[2024.12.14-17.31.56:855][  0]LogPakFile: PakFile PathHashIndexSize=101
[2024.12.14-17.31.56:855][  0]LogPakFile: PakFile FullDirectoryIndexSize=142
[2024.12.14-17.31.56:855][  0]LogShaderLibrary: Display: ShaderCodeLibraryPakFileMountedCallback: PakFile 'C:/Program Files/UE_4.27/FeaturePacks/TP_PuzzleBP.upack' (chunk index -1, root 'root:/') mounted
[2024.12.14-17.31.56:855][  0]LogShaderLibrary: Display: ShaderCodeLibraryPakFileMountedCallback: pending pak file info (ChunkID:-1 Root:root:/ File:C:/Program Files/UE_4.27/FeaturePacks/TP_PuzzleBP.upack)
[2024.12.14-17.31.56:855][  0]LogPakFile: OnPakFileMounted2Time == 0.000288
[2024.12.14-17.31.56:856][  0]LogPakFile: PakFile PrimaryIndexSize=183
[2024.12.14-17.31.56:857][  0]LogPakFile: PakFile PathHashIndexSize=101
[2024.12.14-17.31.56:857][  0]LogPakFile: PakFile FullDirectoryIndexSize=140
[2024.12.14-17.31.56:857][  0]LogShaderLibrary: Display: ShaderCodeLibraryPakFileMountedCallback: PakFile 'C:/Program Files/UE_4.27/FeaturePacks/TP_Rolling.upack' (chunk index -1, root 'root:/') mounted
[2024.12.14-17.31.56:857][  0]LogShaderLibrary: Display: ShaderCodeLibraryPakFileMountedCallback: pending pak file info (ChunkID:-1 Root:root:/ File:C:/Program Files/UE_4.27/FeaturePacks/TP_Rolling.upack)
[2024.12.14-17.31.56:857][  0]LogPakFile: OnPakFileMounted2Time == 0.000282
[2024.12.14-17.31.56:858][  0]LogPakFile: PakFile PrimaryIndexSize=185
[2024.12.14-17.31.56:858][  0]LogPakFile: PakFile PathHashIndexSize=101
[2024.12.14-17.31.56:858][  0]LogPakFile: PakFile FullDirectoryIndexSize=144
[2024.12.14-17.31.56:858][  0]LogShaderLibrary: Display: ShaderCodeLibraryPakFileMountedCallback: PakFile 'C:/Program Files/UE_4.27/FeaturePacks/TP_RollingBP.upack' (chunk index -1, root 'root:/') mounted
[2024.12.14-17.31.56:858][  0]LogShaderLibrary: Display: ShaderCodeLibraryPakFileMountedCallback: pending pak file info (ChunkID:-1 Root:root:/ File:C:/Program Files/UE_4.27/FeaturePacks/TP_RollingBP.upack)
[2024.12.14-17.31.56:858][  0]LogPakFile: OnPakFileMounted2Time == 0.000329
[2024.12.14-17.31.56:859][  0]LogPakFile: PakFile PrimaryIndexSize=188
[2024.12.14-17.31.56:859][  0]LogPakFile: PakFile PathHashIndexSize=101
[2024.12.14-17.31.56:859][  0]LogPakFile: PakFile FullDirectoryIndexSize=150
[2024.12.14-17.31.56:859][  0]LogShaderLibrary: Display: ShaderCodeLibraryPakFileMountedCallback: PakFile 'C:/Program Files/UE_4.27/FeaturePacks/TP_SideScroller.upack' (chunk index -1, root 'root:/') mounted
[2024.12.14-17.31.56:859][  0]LogShaderLibrary: Display: ShaderCodeLibraryPakFileMountedCallback: pending pak file info (ChunkID:-1 Root:root:/ File:C:/Program Files/UE_4.27/FeaturePacks/TP_SideScroller.upack)
[2024.12.14-17.31.56:860][  0]LogPakFile: OnPakFileMounted2Time == 0.000258
[2024.12.14-17.31.56:860][  0]LogPakFile: PakFile PrimaryIndexSize=190
[2024.12.14-17.31.56:860][  0]LogPakFile: PakFile PathHashIndexSize=101
[2024.12.14-17.31.56:860][  0]LogPakFile: PakFile FullDirectoryIndexSize=154
[2024.12.14-17.31.56:860][  0]LogShaderLibrary: Display: ShaderCodeLibraryPakFileMountedCallback: PakFile 'C:/Program Files/UE_4.27/FeaturePacks/TP_SideScrollerBP.upack' (chunk index -1, root 'root:/') mounted
[2024.12.14-17.31.56:861][  0]LogShaderLibrary: Display: ShaderCodeLibraryPakFileMountedCallback: pending pak file info (ChunkID:-1 Root:root:/ File:C:/Program Files/UE_4.27/FeaturePacks/TP_SideScrollerBP.upack)
[2024.12.14-17.31.56:861][  0]LogPakFile: OnPakFileMounted2Time == 0.000232
[2024.12.14-17.31.56:861][  0]LogPakFile: PakFile PrimaryIndexSize=187
[2024.12.14-17.31.56:861][  0]LogPakFile: PakFile PathHashIndexSize=101
[2024.12.14-17.31.56:861][  0]LogPakFile: PakFile FullDirectoryIndexSize=148
[2024.12.14-17.31.56:862][  0]LogShaderLibrary: Display: ShaderCodeLibraryPakFileMountedCallback: PakFile 'C:/Program Files/UE_4.27/FeaturePacks/TP_ThirdPerson.upack' (chunk index -1, root 'root:/') mounted
[2024.12.14-17.31.56:862][  0]LogShaderLibrary: Display: ShaderCodeLibraryPakFileMountedCallback: pending pak file info (ChunkID:-1 Root:root:/ File:C:/Program Files/UE_4.27/FeaturePacks/TP_ThirdPerson.upack)
[2024.12.14-17.31.56:862][  0]LogPakFile: OnPakFileMounted2Time == 0.000237
[2024.12.14-17.31.56:862][  0]LogPakFile: PakFile PrimaryIndexSize=189
[2024.12.14-17.31.56:863][  0]LogPakFile: PakFile PathHashIndexSize=101
[2024.12.14-17.31.56:863][  0]LogPakFile: PakFile FullDirectoryIndexSize=152
[2024.12.14-17.31.56:863][  0]LogShaderLibrary: Display: ShaderCodeLibraryPakFileMountedCallback: PakFile 'C:/Program Files/UE_4.27/FeaturePacks/TP_ThirdPersonBP.upack' (chunk index -1, root 'root:/') mounted
[2024.12.14-17.31.56:863][  0]LogShaderLibrary: Display: ShaderCodeLibraryPakFileMountedCallback: pending pak file info (ChunkID:-1 Root:root:/ File:C:/Program Files/UE_4.27/FeaturePacks/TP_ThirdPersonBP.upack)
[2024.12.14-17.31.56:863][  0]LogPakFile: OnPakFileMounted2Time == 0.000235
[2024.12.14-17.31.56:864][  0]LogPakFile: PakFile PrimaryIndexSize=183
[2024.12.14-17.31.56:864][  0]LogPakFile: PakFile PathHashIndexSize=101
[2024.12.14-17.31.56:864][  0]LogPakFile: PakFile FullDirectoryIndexSize=140
[2024.12.14-17.31.56:864][  0]LogShaderLibrary: Display: ShaderCodeLibraryPakFileMountedCallback: PakFile 'C:/Program Files/UE_4.27/FeaturePacks/TP_TopDown.upack' (chunk index -1, root 'root:/') mounted
[2024.12.14-17.31.56:864][  0]LogShaderLibrary: Display: ShaderCodeLibraryPakFileMountedCallback: pending pak file info (ChunkID:-1 Root:root:/ File:C:/Program Files/UE_4.27/FeaturePacks/TP_TopDown.upack)
[2024.12.14-17.31.56:864][  0]LogPakFile: OnPakFileMounted2Time == 0.000276
[2024.12.14-17.31.56:865][  0]LogPakFile: PakFile PrimaryIndexSize=185
[2024.12.14-17.31.56:865][  0]LogPakFile: PakFile PathHashIndexSize=101
[2024.12.14-17.31.56:865][  0]LogPakFile: PakFile FullDirectoryIndexSize=144
[2024.12.14-17.31.56:865][  0]LogShaderLibrary: Display: ShaderCodeLibraryPakFileMountedCallback: PakFile 'C:/Program Files/UE_4.27/FeaturePacks/TP_TopDownBP.upack' (chunk index -1, root 'root:/') mounted
[2024.12.14-17.31.56:865][  0]LogShaderLibrary: Display: ShaderCodeLibraryPakFileMountedCallback: pending pak file info (ChunkID:-1 Root:root:/ File:C:/Program Files/UE_4.27/FeaturePacks/TP_TopDownBP.upack)
[2024.12.14-17.31.56:865][  0]LogPakFile: OnPakFileMounted2Time == 0.000223
[2024.12.14-17.31.56:866][  0]LogPakFile: PakFile PrimaryIndexSize=185
[2024.12.14-17.31.56:866][  0]LogPakFile: PakFile PathHashIndexSize=101
[2024.12.14-17.31.56:866][  0]LogPakFile: PakFile FullDirectoryIndexSize=144
[2024.12.14-17.31.56:866][  0]LogShaderLibrary: Display: ShaderCodeLibraryPakFileMountedCallback: PakFile 'C:/Program Files/UE_4.27/FeaturePacks/TP_TwinStick.upack' (chunk index -1, root 'root:/') mounted
[2024.12.14-17.31.56:866][  0]LogShaderLibrary: Display: ShaderCodeLibraryPakFileMountedCallback: pending pak file info (ChunkID:-1 Root:root:/ File:C:/Program Files/UE_4.27/FeaturePacks/TP_TwinStick.upack)
[2024.12.14-17.31.56:866][  0]LogPakFile: OnPakFileMounted2Time == 0.000301
[2024.12.14-17.31.56:867][  0]LogPakFile: PakFile PrimaryIndexSize=187
[2024.12.14-17.31.56:867][  0]LogPakFile: PakFile PathHashIndexSize=101
[2024.12.14-17.31.56:867][  0]LogPakFile: PakFile FullDirectoryIndexSize=148
[2024.12.14-17.31.56:867][  0]LogShaderLibrary: Display: ShaderCodeLibraryPakFileMountedCallback: PakFile 'C:/Program Files/UE_4.27/FeaturePacks/TP_TwinStickBP.upack' (chunk index -1, root 'root:/') mounted
[2024.12.14-17.31.56:867][  0]LogShaderLibrary: Display: ShaderCodeLibraryPakFileMountedCallback: pending pak file info (ChunkID:-1 Root:root:/ File:C:/Program Files/UE_4.27/FeaturePacks/TP_TwinStickBP.upack)
[2024.12.14-17.31.56:867][  0]LogPakFile: OnPakFileMounted2Time == 0.000221
[2024.12.14-17.31.56:868][  0]LogPakFile: PakFile PrimaryIndexSize=183
[2024.12.14-17.31.56:868][  0]LogPakFile: PakFile PathHashIndexSize=101
[2024.12.14-17.31.56:868][  0]LogPakFile: PakFile FullDirectoryIndexSize=140
[2024.12.14-17.31.56:868][  0]LogShaderLibrary: Display: ShaderCodeLibraryPakFileMountedCallback: PakFile 'C:/Program Files/UE_4.27/FeaturePacks/TP_Vehicle.upack' (chunk index -1, root 'root:/') mounted
[2024.12.14-17.31.56:869][  0]LogShaderLibrary: Display: ShaderCodeLibraryPakFileMountedCallback: pending pak file info (ChunkID:-1 Root:root:/ File:C:/Program Files/UE_4.27/FeaturePacks/TP_Vehicle.upack)
[2024.12.14-17.31.56:869][  0]LogPakFile: OnPakFileMounted2Time == 0.000207
[2024.12.14-17.31.56:869][  0]LogPakFile: PakFile PrimaryIndexSize=186
[2024.12.14-17.31.56:869][  0]LogPakFile: PakFile PathHashIndexSize=101
[2024.12.14-17.31.56:870][  0]LogPakFile: PakFile FullDirectoryIndexSize=146
[2024.12.14-17.31.56:870][  0]LogShaderLibrary: Display: ShaderCodeLibraryPakFileMountedCallback: PakFile 'C:/Program Files/UE_4.27/FeaturePacks/TP_VehicleAdv.upack' (chunk index -1, root 'root:/') mounted
[2024.12.14-17.31.56:870][  0]LogShaderLibrary: Display: ShaderCodeLibraryPakFileMountedCallback: pending pak file info (ChunkID:-1 Root:root:/ File:C:/Program Files/UE_4.27/FeaturePacks/TP_VehicleAdv.upack)
[2024.12.14-17.31.56:870][  0]LogPakFile: OnPakFileMounted2Time == 0.000241
[2024.12.14-17.31.56:871][  0]LogPakFile: PakFile PrimaryIndexSize=188
[2024.12.14-17.31.56:871][  0]LogPakFile: PakFile PathHashIndexSize=101
[2024.12.14-17.31.56:871][  0]LogPakFile: PakFile FullDirectoryIndexSize=150
[2024.12.14-17.31.56:871][  0]LogShaderLibrary: Display: ShaderCodeLibraryPakFileMountedCallback: PakFile 'C:/Program Files/UE_4.27/FeaturePacks/TP_VehicleAdvBP.upack' (chunk index -1, root 'root:/') mounted
[2024.12.14-17.31.56:871][  0]LogShaderLibrary: Display: ShaderCodeLibraryPakFileMountedCallback: pending pak file info (ChunkID:-1 Root:root:/ File:C:/Program Files/UE_4.27/FeaturePacks/TP_VehicleAdvBP.upack)
[2024.12.14-17.31.56:871][  0]LogPakFile: OnPakFileMounted2Time == 0.000247
[2024.12.14-17.31.56:872][  0]LogPakFile: PakFile PrimaryIndexSize=185
[2024.12.14-17.31.56:872][  0]LogPakFile: PakFile PathHashIndexSize=101
[2024.12.14-17.31.56:872][  0]LogPakFile: PakFile FullDirectoryIndexSize=144
[2024.12.14-17.31.56:872][  0]LogShaderLibrary: Display: ShaderCodeLibraryPakFileMountedCallback: PakFile 'C:/Program Files/UE_4.27/FeaturePacks/TP_VehicleBP.upack' (chunk index -1, root 'root:/') mounted
[2024.12.14-17.31.56:872][  0]LogShaderLibrary: Display: ShaderCodeLibraryPakFileMountedCallback: pending pak file info (ChunkID:-1 Root:root:/ File:C:/Program Files/UE_4.27/FeaturePacks/TP_VehicleBP.upack)
[2024.12.14-17.31.56:872][  0]LogPakFile: OnPakFileMounted2Time == 0.000327
[2024.12.14-17.31.56:872][  0]LogPakFile: PakFile PrimaryIndexSize=192
[2024.12.14-17.31.56:873][  0]LogPakFile: PakFile PathHashIndexSize=101
[2024.12.14-17.31.56:873][  0]LogPakFile: PakFile FullDirectoryIndexSize=158
[2024.12.14-17.31.56:873][  0]LogShaderLibrary: Display: ShaderCodeLibraryPakFileMountedCallback: PakFile 'C:/Program Files/UE_4.27/FeaturePacks/TP_VirtualRealityBP.upack' (chunk index -1, root 'root:/') mounted
[2024.12.14-17.31.56:873][  0]LogShaderLibrary: Display: ShaderCodeLibraryPakFileMountedCallback: pending pak file info (ChunkID:-1 Root:root:/ File:C:/Program Files/UE_4.27/FeaturePacks/TP_VirtualRealityBP.upack)
[2024.12.14-17.31.56:873][  0]LogPakFile: OnPakFileMounted2Time == 0.000270
[2024.12.14-17.31.56:920][  0]LogNativeClassHierarchy: Verbose: Native class hierarchy updated for 'AddContentDialog' in 0.0003 seconds. Added 0 classes and 0 folders.
[2024.12.14-17.31.56:921][  0]LogNativeClassHierarchy: Verbose: Native class hierarchy updated for 'SceneOutliner' in 0.0002 seconds. Added 2 classes and 0 folders.
[2024.12.14-17.31.57:055][  0]LogSlate: Took 0.000216 seconds to synchronously load lazily loaded font '../../../Engine/Content/Slate/Fonts/Roboto-Regular.ttf' (155K)
[2024.12.14-17.31.57:056][  0]LogSlate: Took 0.000167 seconds to synchronously load lazily loaded font '../../../Engine/Content/Editor/Slate/Fonts/FontAwesome.ttf' (139K)
[2024.12.14-17.31.57:057][  0]LogSlate: Took 0.000885 seconds to synchronously load lazily loaded font '../../../Engine/Content/Editor/Slate/Fonts/NanumGothic.ttf' (4243K)
[2024.12.14-17.31.57:059][  0]LogSlate: Took 0.001018 seconds to synchronously load lazily loaded font '../../../Engine/Content/Editor/Slate/Fonts/NanumGothicBold.ttf' (4188K)
[2024.12.14-17.31.57:059][  0]LogSlate: Took 0.000163 seconds to synchronously load lazily loaded font '../../../Engine/Content/Slate/Fonts/Roboto-Bold.ttf' (160K)
[2024.12.14-17.31.57:102][  0]LogRenderer: Reallocating scene render targets to support 1616x808 Format 10 NumSamples 1 (Frame:1).
[2024.12.14-17.31.57:154][  0]LogNativeClassHierarchy: Verbose: Native class hierarchy updated for 'HierarchicalLODOutliner' in 0.0002 seconds. Added 0 classes and 0 folders.
[2024.12.14-17.31.57:154][  0]LogLoad: (Engine Initialization) Total time: 10.08 seconds
[2024.12.14-17.31.57:154][  0]LogLoad: (Engine Initialization) Total Blueprint compile time: 0.00 seconds
[2024.12.14-17.31.57:187][  0]LogAssetRegistry: Asset discovery search completed in 6.1845 seconds
[2024.12.14-17.31.57:192][  0]LogCollectionManager: Fixed up redirectors for 0 collections in 0.000003 seconds (updated 0 objects)
[2024.12.14-17.31.57:193][  0]LogContentStreaming: Texture pool size now 1000 MB
[2024.12.14-17.31.57:210][  1]LogFileCache: Retrieving MD5 hashes for directory 'C:/Users/nanim/GitHub/NewNewInsectHeaven/InsectHeaven/Content/' took 0.04s
[2024.12.14-17.32.13:325][630]Cmd: MAP LOAD FILE="../../../../../Users/nanim/GitHub/NewNewInsectHeaven/InsectHeaven/Content/Dialogue/DialogueWorld.umap" TEMPLATE=0 SHOWPROGRESS=1 FEATURELEVEL=3
[2024.12.14-17.32.13:328][630]LogSlate: Took 0.000174 seconds to synchronously load lazily loaded font '../../../Engine/Content/Slate/Fonts/Roboto-Light.ttf' (167K)
[2024.12.14-17.32.13:344][630]LightingResults: New page: 라이팅 빌드
[2024.12.14-17.32.13:344][630]LoadErrors: New page: 맵 로드 중: DialogueWorld.umap
[2024.12.14-17.32.13:346][630]LogWorld: UWorld::CleanupWorld for EmptyMainLevel, bSessionEnded=true, bCleanupResources=true
[2024.12.14-17.32.13:346][630]LogSlate: InvalidateAllWidgets triggered.  All widgets were invalidated
[2024.12.14-17.32.13:346][630]MapCheck: New page: 맵 체크
[2024.12.14-17.32.13:346][630]LightingResults: New page: 라이팅 빌드
[2024.12.14-17.32.13:355][630]LogAudio: Display: Audio Device unregistered from world 'None'.
[2024.12.14-17.32.13:356][630]LogUObjectHash: Compacting FUObjectHashTables data took   0.53ms
[2024.12.14-17.32.13:358][630]LogAudio: Display: Audio Device (ID: 1) registered with world 'DialogueWorld'.
[2024.12.14-17.32.13:359][630]LogAIModule: Creating AISystem for world DialogueWorld
[2024.12.14-17.32.13:360][630]LogEditorServer: Finished looking for orphan Actors (0.000 secs)
[2024.12.14-17.32.13:365][630]LogUObjectHash: Compacting FUObjectHashTables data took   0.36ms
[2024.12.14-17.32.13:381][630]Cmd: MAP CHECKDEP NOCLEARLOG
[2024.12.14-17.32.13:382][630]MapCheck: 맵 체크 완료: 오류 0 회, 경고 0 회, 소요 시간 0.13ms.
[2024.12.14-17.32.13:382][630]LogFileHelpers: Loading map 'DialogueWorld' took 0.057
[2024.12.14-17.32.13:386][630]LogPlayLevel: PlayLevel: No blueprints needed recompiling
[2024.12.14-17.32.13:386][630]PIE: New page: PIE 세션: DialogueWorld (2024. 12. 15. 오전 11:32:13)
[2024.12.14-17.32.13:387][630]LogOnline: OSS: Creating online subsystem instance for: NULL
[2024.12.14-17.32.13:389][630]LogOnline: OSS: TryLoadSubsystemAndSetDefault: Loaded subsystem for module [NULL]
[2024.12.14-17.32.13:390][630]LogPlayLevel: Creating play world package: /Game/Dialogue/UEDPIE_0_DialogueWorld
[2024.12.14-17.32.13:391][630]LogPlayLevel: PIE: StaticDuplicateObject took: (0.000594s)
[2024.12.14-17.32.13:392][630]LogAIModule: Creating AISystem for world DialogueWorld
[2024.12.14-17.32.13:392][630]LogPlayLevel: PIE: World Init took: (0.001013s)
[2024.12.14-17.32.13:392][630]LogPlayLevel: PIE: Created PIE world by copying editor world from /Game/Dialogue/DialogueWorld.DialogueWorld to /Game/Dialogue/UEDPIE_0_DialogueWorld.DialogueWorld (0.002066s)
[2024.12.14-17.32.13:395][630]LogUObjectHash: Compacting FUObjectHashTables data took   0.43ms
[2024.12.14-17.32.13:400][630]LogSlate: InvalidateAllWidgets triggered.  All widgets were invalidated
[2024.12.14-17.32.13:401][630]LogAudio: Display: Creating Audio Device:                 Id: 2, Scope: Unique, Realtime: True
[2024.12.14-17.32.13:401][630]LogAudioMixer: Display: Audio Mixer Platform Settings:
[2024.12.14-17.32.13:401][630]LogAudioMixer: Display: 	Sample Rate:						  48000
[2024.12.14-17.32.13:401][630]LogAudioMixer: Display: 	Callback Buffer Frame Size Requested: 1024
[2024.12.14-17.32.13:401][630]LogAudioMixer: Display: 	Callback Buffer Frame Size To Use:	  1024
[2024.12.14-17.32.13:401][630]LogAudioMixer: Display: 	Number of buffers to queue:			  2
[2024.12.14-17.32.13:401][630]LogAudioMixer: Display: 	Max Channels (voices):				  32
[2024.12.14-17.32.13:401][630]LogAudioMixer: Display: 	Number of Async Source Workers:		  0
[2024.12.14-17.32.13:401][630]LogAudio: Display: AudioDevice MaxSources: 32
[2024.12.14-17.32.13:402][630]LogAudio: Display: Audio Spatialization Plugin: None (built-in).
[2024.12.14-17.32.13:402][630]LogAudio: Display: Audio Reverb Plugin: None (built-in).
[2024.12.14-17.32.13:402][630]LogAudio: Display: Audio Occlusion Plugin: None (built-in).
[2024.12.14-17.32.13:402][630]LogAudioMixer: Display: Initializing audio mixer.
[2024.12.14-17.32.13:416][630]LogAudioMixer: Display: 0: FrontLeft
[2024.12.14-17.32.13:416][630]LogAudioMixer: Display: 1: FrontRight
[2024.12.14-17.32.13:431][630]LogAudioMixer: Display: Using Audio Device 스피커(ABKO N550)
[2024.12.14-17.32.13:432][630]LogAudioMixer: Display: Initializing Sound Submixes...
[2024.12.14-17.32.13:432][630]LogAudioMixer: Display: Creating Master Submix 'MasterSubmixDefault'
[2024.12.14-17.32.13:432][630]LogAudioMixer: Display: Creating Master Submix 'MasterReverbSubmixDefault'
[2024.12.14-17.32.13:433][630]LogAudioMixer: Display: Creating Master Submix 'MasterEQSubmixDefault'
[2024.12.14-17.32.13:433][630]LogAudioMixer: FMixerPlatformXAudio2::StartAudioStream() called
[2024.12.14-17.32.13:433][630]LogAudioMixer: Display: Output buffers initialized: Frames=1024, Channels=2, Samples=2048
[2024.12.14-17.32.13:434][630]LogAudioMixer: Display: Starting AudioMixerPlatformInterface::RunInternal()
[2024.12.14-17.32.13:434][630]LogAudioMixer: Display: FMixerPlatformXAudio2::SubmitBuffer() called for the first time
[2024.12.14-17.32.13:434][630]LogInit: FAudioDevice initialized.
[2024.12.14-17.32.13:434][630]LogAudio: Display: Audio Device (ID: 2) registered with world 'DialogueWorld'.
[2024.12.14-17.32.13:441][630]LogLoad: Game class is 'IH_GameMode_DialgueTool'
[2024.12.14-17.32.13:442][630]LogWorld: Bringing World /Game/Dialogue/UEDPIE_0_DialogueWorld.DialogueWorld up for play (max tick rate 0) at 2024.12.15-02.32.13
[2024.12.14-17.32.13:442][630]LogWorld: Bringing up level for play took: 0.000331
[2024.12.14-17.32.13:442][630]LogOnline: OSS: Creating online subsystem instance for: :Context_1
[2024.12.14-17.32.13:445][630]LogNativeClassHierarchy: Verbose: Native class hierarchy updated for 'MovieSceneCapture' in 0.0003 seconds. Added 20 classes and 0 folders.
[2024.12.14-17.32.13:458][630]PIE: 서버가 로그인했습니다.
[2024.12.14-17.32.13:460][630]PIE: 에디터에서 플레이 총 시작 시간 0.076초입니다.
[2024.12.14-17.32.13:495][631]LogUObjectHash: Compacting FUObjectHashTables data took   0.44ms
