Log file open, 12/15/24 03:05:03
LogWindows: Failed to load 'aqProf.dll' (GetLastError=126)
LogWindows: File 'aqProf.dll' does not exist
LogWindows: Failed to load 'VtuneApi.dll' (GetLastError=126)
LogWindows: File 'VtuneApi.dll' does not exist
LogWindows: Failed to load 'VtuneApi32e.dll' (GetLastError=126)
LogWindows: File 'VtuneApi32e.dll' does not exist
LogConsoleResponse: Display: Failed to find resolution value strings in scalability ini. Falling back to default.
LogConsoleResponse: Display: Failed to find resolution value strings in scalability ini. Falling back to default.
LogInit: Display: Running engine for game: InsectHeaven
LogPlatformFile: Not using cached read wrapper
LogTaskGraph: Started task graph with 5 named threads and 71 total threads with 3 sets of task threads.
LogStats: Stats thread started at 0.228581
LogICUInternationalization: ICU TimeZone Detection - Raw Offset: +9:00, Platform Override: ''
LogInit: Display: Loading text-based GConfig....
LogPluginManager: Mounting plugin MeshPainting
LogPluginManager: Mounting plugin XGEController
LogPluginManager: Mounting plugin Paper2D
LogPluginManager: Mounting plugin LightPropagationVolume
LogPluginManager: Mounting plugin AISupport
LogPluginManager: Mounting plugin EnvironmentQueryEditor
LogPluginManager: Mounting plugin LiveLink
LogPluginManager: Mounting plugin OodleData
LogPluginManager: Mounting plugin OodleNetwork
LogPluginManager: Mounting plugin AnimationSharing
LogPluginManager: Mounting plugin CLionSourceCodeAccess
LogPluginManager: Mounting plugin GitSourceControl
LogPluginManager: Mounting plugin CodeLiteSourceCodeAccess
LogPluginManager: Mounting plugin KDevelopSourceCodeAccess
LogPluginManager: Mounting plugin NullSourceCodeAccess
LogPluginManager: Mounting plugin PerforceSourceControl
LogPluginManager: Mounting plugin PlasticSourceControl
LogPluginManager: Mounting plugin PixWinPlugin
LogPluginManager: Mounting plugin RiderSourceCodeAccess
LogPluginManager: Mounting plugin TextureFormatOodle
LogPluginManager: Mounting plugin PluginUtils
LogPluginManager: Mounting plugin SubversionSourceControl
LogPluginManager: Mounting plugin UObjectPlugin
LogPluginManager: Mounting plugin VisualStudioCodeSourceCodeAccess
LogPluginManager: Mounting plugin XCodeSourceCodeAccess
LogPluginManager: Mounting plugin AssetManagerEditor
LogPluginManager: Mounting plugin PropertyAccessNode
LogPluginManager: Mounting plugin VisualStudioSourceCodeAccess
LogPluginManager: Mounting plugin Niagara
LogPluginManager: Mounting plugin CryptoKeys
LogPluginManager: Mounting plugin CurveEditorTools
LogPluginManager: Mounting plugin EditorScriptingUtilities
LogPluginManager: Mounting plugin DataValidation
LogPluginManager: Mounting plugin GameplayTagsEditor
LogPluginManager: Mounting plugin FacialAnimation
LogPluginManager: Mounting plugin GeometryMode
LogPluginManager: Mounting plugin MaterialAnalyzer
LogPluginManager: Mounting plugin MacGraphicsSwitching
LogPluginManager: Mounting plugin MobileLauncherProfileWizard
LogPluginManager: Mounting plugin PluginBrowser
LogPluginManager: Mounting plugin SpeedTreeImporter
LogPluginManager: Mounting plugin AlembicImporter
LogPluginManager: Mounting plugin AutomationUtils
LogPluginManager: Mounting plugin BackChannel
LogPluginManager: Mounting plugin ChaosCloth
LogPluginManager: Mounting plugin ChaosClothEditor
LogPluginManager: Mounting plugin ChaosEditor
LogPluginManager: Mounting plugin ChaosNiagara
LogPluginManager: Mounting plugin ChaosSolverPlugin
LogPluginManager: Mounting plugin CharacterAI
LogPluginManager: Mounting plugin DatasmithContent
LogPluginManager: Mounting plugin LuminPlatformFeatures
LogPluginManager: Mounting plugin VariantManagerContent
LogPluginManager: Mounting plugin MagicLeap
LogPluginManager: Mounting plugin MagicLeapLightEstimation
LogPluginManager: Mounting plugin MagicLeapMedia
LogPluginManager: Mounting plugin MagicLeapPassableWorld
LogPluginManager: Mounting plugin MLSDK
LogPluginManager: Mounting plugin GeometryCache
LogPluginManager: Mounting plugin GeometryCollectionPlugin
LogPluginManager: Mounting plugin GeometryProcessing
LogPluginManager: Mounting plugin MotoSynth
LogPluginManager: Mounting plugin OpenImageDenoise
LogPluginManager: Mounting plugin PlanarCut
LogPluginManager: Mounting plugin ProxyLODPlugin
LogPluginManager: Mounting plugin PlatformCrypto
LogPluginManager: Mounting plugin PythonScriptPlugin
LogPluginManager: Mounting plugin SkeletalReduction
LogPluginManager: Mounting plugin AndroidMedia
LogPluginManager: Mounting plugin AvfMedia
LogPluginManager: Mounting plugin ImgMedia
LogPluginManager: Mounting plugin MediaCompositing
LogPluginManager: Mounting plugin MediaPlayerEditor
LogPluginManager: Mounting plugin WebMMedia
LogPluginManager: Mounting plugin WmfMedia
LogPluginManager: Mounting plugin TcpMessaging
LogPluginManager: Mounting plugin UdpMessaging
LogPluginManager: Mounting plugin OnlineSubsystem
LogPluginManager: Mounting plugin OnlineSubsystemNull
LogPluginManager: Mounting plugin ActorSequence
LogPluginManager: Mounting plugin OnlineSubsystemUtils
LogPluginManager: Mounting plugin MatineeToLevelSequence
LogPluginManager: Mounting plugin TemplateSequence
LogPluginManager: Mounting plugin AndroidDeviceProfileSelector
LogPluginManager: Mounting plugin LevelSequenceEditor
LogPluginManager: Mounting plugin AndroidMoviePlayer
LogPluginManager: Mounting plugin ActorLayerUtilities
LogPluginManager: Mounting plugin AndroidPermission
LogPluginManager: Mounting plugin AppleMoviePlayer
LogPluginManager: Mounting plugin AppleImageUtils
LogPluginManager: Mounting plugin ArchVisCharacter
LogPluginManager: Mounting plugin AssetTags
LogPluginManager: Mounting plugin AudioCapture
LogPluginManager: Mounting plugin AudioSynesthesia
LogPluginManager: Mounting plugin CableComponent
LogPluginManager: Mounting plugin ChunkDownloader
LogPluginManager: Mounting plugin CustomMeshComponent
LogPluginManager: Mounting plugin EditableMesh
LogPluginManager: Mounting plugin ExampleDeviceProfileSelector
LogPluginManager: Mounting plugin GoogleCloudMessaging
LogPluginManager: Mounting plugin ScreenshotTools
LogPluginManager: Mounting plugin GooglePAD
LogPluginManager: Mounting plugin IOSDeviceProfileSelector
LogPluginManager: Mounting plugin LinuxDeviceProfileSelector
LogPluginManager: Mounting plugin LocationServicesBPLibrary
LogPluginManager: Mounting plugin MobilePatchingUtils
LogPluginManager: Mounting plugin OpenXR
LogPluginManager: Mounting plugin OpenXREyeTracker
LogPluginManager: Mounting plugin OpenXRHandTracking
LogPluginManager: Mounting plugin PostSplashScreen
LogPluginManager: Mounting plugin PhysXVehicles
LogPluginManager: Mounting plugin ProceduralMeshComponent
LogPluginManager: Mounting plugin PropertyAccessEditor
LogPluginManager: Mounting plugin RuntimePhysXCooking
LogPluginManager: Mounting plugin SignificanceManager
LogPluginManager: Mounting plugin SoundFields
LogPluginManager: Mounting plugin Synthesis
LogPluginManager: Mounting plugin Takes
LogPluginManager: Mounting plugin LauncherChunkInstaller
LogPluginManager: Mounting plugin WebMMoviePlayer
LogPluginManager: Mounting plugin WindowsMoviePlayer
LogPluginManager: Mounting plugin CameraShakePreviewer
LogPluginManager: Mounting plugin GameplayCameras
LogPluginManager: Mounting plugin ContentBrowserAssetDataSource
LogPluginManager: Mounting plugin ContentBrowserClassDataSource
LogPluginManager: Mounting plugin ContentBrowserFileDataSource
LogPluginManager: Mounting plugin RiderLink
LogPluginManager: Mounting plugin OnlineSubsystemGooglePlay
LogPluginManager: Mounting plugin OnlineSubsystemIOS
LogPluginManager: Mounting plugin OculusVR
LogPluginManager: Mounting plugin SteamVR
PixWinPlugin: PIX capture plugin failed to initialize! Check that the process is launched from PIX.
LogInit: Using libcurl 7.55.1-DEV
LogInit:  - built for x86_64-pc-win32
LogInit:  - supports SSL with OpenSSL/1.1.1
LogInit:  - supports HTTP deflate (compression) using libz 1.2.8
LogInit:  - other features:
LogInit:      CURL_VERSION_SSL
LogInit:      CURL_VERSION_LIBZ
LogInit:      CURL_VERSION_IPV6
LogInit:      CURL_VERSION_ASYNCHDNS
LogInit:      CURL_VERSION_LARGEFILE
LogInit:      CURL_VERSION_IDN
LogInit:  CurlRequestOptions (configurable via config and command line):
LogInit:  - bVerifyPeer = true  - Libcurl will verify peer certificate
LogInit:  - bUseHttpProxy = false  - Libcurl will NOT use HTTP proxy
LogInit:  - bDontReuseConnections = false  - Libcurl will reuse connections
LogInit:  - MaxHostConnections = 16  - Libcurl will limit the number of connections to a host
LogInit:  - LocalHostAddr = Default
LogInit:  - BufferSize = 65536
LogOnline: OSS: Creating online subsystem instance for: NULL
LogInit: WinSock: version 1.1 (2.2), MaxSocks=32767, MaxUdp=65467
LogOnline: OSS: TryLoadSubsystemAndSetDefault: Loaded subsystem for module [NULL]
LogOculusPluginWrapper: OculusPlugin initialized successfully
LogHMD: Failed initializing OVRPlugin 1.59.0
LogInit: Build: ++UE4+Release-4.27-CL-18319896
LogInit: Engine Version: 4.27.2-18319896+++UE4+Release-4.27
LogInit: Compatible Engine Version: 4.27.0-17155196+++UE4+Release-4.27
LogInit: Net CL: 17155196
LogInit: OS: Windows 10 (Release 2009) (), CPU: AMD Ryzen 9 7900X 12-Core Processor            , GPU: AMD Radeon RX 7900 XTX
LogInit: Compiled (64-bit): Nov 30 2021 07:12:08
LogInit: Compiled with Visual C++: 19.24.28315.00
LogInit: Build Configuration: DebugGame
LogInit: Branch Name: ++UE4+Release-4.27
LogInit: Command Line: 
LogInit: Base Directory: C:/Program Files/UE_4.27/Engine/Binaries/Win64/
LogInit: Allocator: TBB
LogInit: Installed Engine Build: 1
LogDevObjectVersion: Number of dev versions registered: 29
LogDevObjectVersion:   Dev-Blueprints (B0D832E4-1F89-4F0D-ACCF-7EB736FD4AA2): 10
LogDevObjectVersion:   Dev-Build (E1C64328-A22C-4D53-A36C-8E866417BD8C): 0
LogDevObjectVersion:   Dev-Core (375EC13C-06E4-48FB-B500-84F0262A717E): 4
LogDevObjectVersion:   Dev-Editor (E4B068ED-F494-42E9-A231-DA0B2E46BB41): 40
LogDevObjectVersion:   Dev-Framework (CFFC743F-43B0-4480-9391-14DF171D2073): 37
LogDevObjectVersion:   Dev-Mobile (B02B49B5-BB20-44E9-A304-32B752E40360): 3
LogDevObjectVersion:   Dev-Networking (A4E4105C-59A1-49B5-A7C5-40C4547EDFEE): 0
LogDevObjectVersion:   Dev-Online (39C831C9-5AE6-47DC-9A44-9C173E1C8E7C): 0
LogDevObjectVersion:   Dev-Physics (78F01B33-EBEA-4F98-B9B4-84EACCB95AA2): 14
LogDevObjectVersion:   Dev-Platform (6631380F-2D4D-43E0-8009-CF276956A95A): 0
LogDevObjectVersion:   Dev-Rendering (12F88B9F-8875-4AFC-A67C-D90C383ABD29): 45
LogDevObjectVersion:   Dev-Sequencer (7B5AE74C-D270-4C10-A958-57980B212A5A): 13
LogDevObjectVersion:   Dev-VR (D7296918-1DD6-4BDD-9DE2-64A83CC13884): 3
LogDevObjectVersion:   Dev-LoadTimes (C2A15278-BFE7-4AFE-6C17-90FF531DF755): 1
LogDevObjectVersion:   Private-Geometry (6EACA3D4-40EC-4CC1-B786-8BED09428FC5): 3
LogDevObjectVersion:   Dev-AnimPhys (29E575DD-E0A3-4627-9D10-D276232CDCEA): 17
LogDevObjectVersion:   Dev-Anim (AF43A65D-7FD3-4947-9873-3E8ED9C1BB05): 15
LogDevObjectVersion:   Dev-ReflectionCapture (6B266CEC-1EC7-4B8F-A30B-E4D90942FC07): 1
LogDevObjectVersion:   Dev-Automation (0DF73D61-A23F-47EA-B727-89E90C41499A): 1
LogDevObjectVersion:   FortniteMain (601D1886-AC64-4F84-AA16-D3DE0DEAC7D6): 47
LogDevObjectVersion:   FortniteRelease (E7086368-6B23-4C58-8439-1B7016265E91): 1
LogDevObjectVersion:   Dev-Enterprise (9DFFBCD6-494F-0158-E221-12823C92A888): 10
LogDevObjectVersion:   Dev-Niagara (F2AED0AC-9AFE-416F-8664-AA7FFA26D6FC): 1
LogDevObjectVersion:   Dev-Destruction (174F1F0B-B4C6-45A5-B13F-2EE8D0FB917D): 10
LogDevObjectVersion:   Dev-Physics-Ext (35F94A83-E258-406C-A318-09F59610247C): 41
LogDevObjectVersion:   Dev-PhysicsMaterial-Chaos (B68FC16E-8B1B-42E2-B453-215C058844FE): 1
LogDevObjectVersion:   Dev-CineCamera (B2E18506-4273-CFC2-A54E-F4BB758BBA07): 1
LogDevObjectVersion:   Dev-VirtualProduction (64F58936-FD1B-42BA-BA96-7289D5D0FA4E): 1
LogDevObjectVersion:   Dev-MediaFramework (6F0ED827-A609-4895-9C91-998D90180EA4): 2
LogInit: Presizing for max 25165824 objects, including 0 objects not considered by GC, pre-allocating 0 bytes for permanent pool.
LogConfig: Applying CVar settings from Section [/Script/Engine.StreamingSettings] File [C:/Users/nanim/GitHub/NewNewInsectHeaven/InsectHeaven/Saved/Config/Windows/Engine.ini]
LogConfig: Setting CVar [[s.MinBulkDataSizeForAsyncLoading:131072]]
LogConfig: Setting CVar [[s.AsyncLoadingThreadEnabled:0]]
LogConfig: Setting CVar [[s.EventDrivenLoaderEnabled:1]]
LogConfig: Setting CVar [[s.WarnIfTimeLimitExceeded:0]]
LogConfig: Setting CVar [[s.TimeLimitExceededMultiplier:1.5]]
LogConfig: Setting CVar [[s.TimeLimitExceededMinTime:0.005]]
LogConfig: Setting CVar [[s.UseBackgroundLevelStreaming:1]]
LogConfig: Setting CVar [[s.PriorityAsyncLoadingExtraTime:15.0]]
LogConfig: Setting CVar [[s.LevelStreamingActorsUpdateTimeLimit:5.0]]
LogConfig: Setting CVar [[s.PriorityLevelStreamingActorsUpdateExtraTime:5.0]]
LogConfig: Setting CVar [[s.LevelStreamingComponentsRegistrationGranularity:10]]
LogConfig: Setting CVar [[s.UnregisterComponentsTimeLimit:1.0]]
LogConfig: Setting CVar [[s.LevelStreamingComponentsUnregistrationGranularity:5]]
LogConfig: Setting CVar [[s.FlushStreamingOnExit:1]]
LogInit: Object subsystem initialized
LogConfig: Setting CVar [[con.DebugEarlyDefault:1]]
LogConfig: Setting CVar [[r.setres:1280x720]]
[2024.12.14-18.05.05:027][  0]LogConfig: Setting CVar [[r.VSync:0]]
[2024.12.14-18.05.05:027][  0]LogConfig: Setting CVar [[r.RHICmdBypass:0]]
[2024.12.14-18.05.05:027][  0]LogConfig: Applying CVar settings from Section [/Script/Engine.RendererSettings] File [C:/Users/nanim/GitHub/NewNewInsectHeaven/InsectHeaven/Saved/Config/Windows/Engine.ini]
[2024.12.14-18.05.05:027][  0]LogConfig: Setting CVar [[r.GPUCrashDebugging:0]]
[2024.12.14-18.05.05:027][  0]LogConfig: Applying CVar settings from Section [/Script/Engine.RendererOverrideSettings] File [C:/Users/nanim/GitHub/NewNewInsectHeaven/InsectHeaven/Saved/Config/Windows/Engine.ini]
[2024.12.14-18.05.05:027][  0]LogConfig: Applying CVar settings from Section [/Script/Engine.StreamingSettings] File [C:/Users/nanim/GitHub/NewNewInsectHeaven/InsectHeaven/Saved/Config/Windows/Engine.ini]
[2024.12.14-18.05.05:028][  0]LogConfig: Setting CVar [[s.MinBulkDataSizeForAsyncLoading:131072]]
[2024.12.14-18.05.05:028][  0]LogConfig: Setting CVar [[s.AsyncLoadingThreadEnabled:0]]
[2024.12.14-18.05.05:028][  0]LogConfig: Setting CVar [[s.EventDrivenLoaderEnabled:1]]
[2024.12.14-18.05.05:028][  0]LogConfig: Setting CVar [[s.WarnIfTimeLimitExceeded:0]]
[2024.12.14-18.05.05:028][  0]LogConfig: Setting CVar [[s.TimeLimitExceededMultiplier:1.5]]
[2024.12.14-18.05.05:028][  0]LogConfig: Setting CVar [[s.TimeLimitExceededMinTime:0.005]]
[2024.12.14-18.05.05:028][  0]LogConfig: Setting CVar [[s.UseBackgroundLevelStreaming:1]]
[2024.12.14-18.05.05:028][  0]LogConfig: Setting CVar [[s.PriorityAsyncLoadingExtraTime:15.0]]
[2024.12.14-18.05.05:028][  0]LogConfig: Setting CVar [[s.LevelStreamingActorsUpdateTimeLimit:5.0]]
[2024.12.14-18.05.05:028][  0]LogConfig: Setting CVar [[s.PriorityLevelStreamingActorsUpdateExtraTime:5.0]]
[2024.12.14-18.05.05:029][  0]LogConfig: Setting CVar [[s.LevelStreamingComponentsRegistrationGranularity:10]]
[2024.12.14-18.05.05:029][  0]LogConfig: Setting CVar [[s.UnregisterComponentsTimeLimit:1.0]]
[2024.12.14-18.05.05:029][  0]LogConfig: Setting CVar [[s.LevelStreamingComponentsUnregistrationGranularity:5]]
[2024.12.14-18.05.05:029][  0]LogConfig: Setting CVar [[s.FlushStreamingOnExit:1]]
[2024.12.14-18.05.05:029][  0]LogConfig: Applying CVar settings from Section [/Script/Engine.GarbageCollectionSettings] File [C:/Users/nanim/GitHub/NewNewInsectHeaven/InsectHeaven/Saved/Config/Windows/Engine.ini]
[2024.12.14-18.05.05:029][  0]LogConfig: Setting CVar [[gc.MaxObjectsNotConsideredByGC:1]]
[2024.12.14-18.05.05:029][  0]LogConfig: Setting CVar [[gc.SizeOfPermanentObjectPool:0]]
[2024.12.14-18.05.05:029][  0]LogConfig: Setting CVar [[gc.FlushStreamingOnGC:0]]
[2024.12.14-18.05.05:029][  0]LogConfig: Setting CVar [[gc.NumRetriesBeforeForcingGC:10]]
[2024.12.14-18.05.05:030][  0]LogConfig: Setting CVar [[gc.AllowParallelGC:1]]
[2024.12.14-18.05.05:030][  0]LogConfig: Setting CVar [[gc.TimeBetweenPurgingPendingKillObjects:61.1]]
[2024.12.14-18.05.05:030][  0]LogConfig: Setting CVar [[gc.MaxObjectsInEditor:25165824]]
[2024.12.14-18.05.05:030][  0]LogConfig: Setting CVar [[gc.IncrementalBeginDestroyEnabled:1]]
[2024.12.14-18.05.05:030][  0]LogConfig: Setting CVar [[gc.CreateGCClusters:1]]
[2024.12.14-18.05.05:030][  0]LogConfig: Setting CVar [[gc.MinGCClusterSize:5]]
[2024.12.14-18.05.05:030][  0]LogConfig: Setting CVar [[gc.ActorClusteringEnabled:0]]
[2024.12.14-18.05.05:030][  0]LogConfig: Setting CVar [[gc.BlueprintClusteringEnabled:0]]
[2024.12.14-18.05.05:030][  0]LogConfig: Setting CVar [[gc.UseDisregardForGCOnDedicatedServers:0]]
[2024.12.14-18.05.05:030][  0]LogConfig: Setting CVar [[gc.MultithreadedDestructionEnabled:1]]
[2024.12.14-18.05.05:030][  0]LogConfig: Applying CVar settings from Section [/Script/Engine.NetworkSettings] File [C:/Users/nanim/GitHub/NewNewInsectHeaven/InsectHeaven/Saved/Config/Windows/Engine.ini]
[2024.12.14-18.05.05:031][  0]LogConfig: Applying CVar settings from Section [/Script/UnrealEd.CookerSettings] File [C:/Users/nanim/GitHub/NewNewInsectHeaven/InsectHeaven/Saved/Config/Windows/Engine.ini]
[2024.12.14-18.05.05:073][  0]LogConfig: Applying CVar settings from Section [ViewDistanceQuality@3] File [C:/Users/nanim/GitHub/NewNewInsectHeaven/InsectHeaven/Saved/Config/Windows/Scalability.ini]
[2024.12.14-18.05.05:073][  0]LogConfig: Setting CVar [[r.SkeletalMeshLODBias:0]]
[2024.12.14-18.05.05:073][  0]LogConfig: Setting CVar [[r.ViewDistanceScale:1.0]]
[2024.12.14-18.05.05:073][  0]LogConfig: Applying CVar settings from Section [AntiAliasingQuality@3] File [C:/Users/nanim/GitHub/NewNewInsectHeaven/InsectHeaven/Saved/Config/Windows/Scalability.ini]
[2024.12.14-18.05.05:073][  0]LogConfig: Setting CVar [[r.PostProcessAAQuality:4]]
[2024.12.14-18.05.05:073][  0]LogConfig: Applying CVar settings from Section [ShadowQuality@3] File [C:/Users/nanim/GitHub/NewNewInsectHeaven/InsectHeaven/Saved/Config/Windows/Scalability.ini]
[2024.12.14-18.05.05:074][  0]LogConfig: Setting CVar [[r.LightFunctionQuality:1]]
[2024.12.14-18.05.05:074][  0]LogConfig: Setting CVar [[r.ShadowQuality:5]]
[2024.12.14-18.05.05:074][  0]LogConfig: Setting CVar [[r.Shadow.CSM.MaxCascades:10]]
[2024.12.14-18.05.05:074][  0]LogConfig: Setting CVar [[r.Shadow.MaxResolution:2048]]
[2024.12.14-18.05.05:074][  0]LogConfig: Setting CVar [[r.Shadow.MaxCSMResolution:2048]]
[2024.12.14-18.05.05:074][  0]LogConfig: Setting CVar [[r.Shadow.RadiusThreshold:0.01]]
[2024.12.14-18.05.05:074][  0]LogConfig: Setting CVar [[r.Shadow.DistanceScale:1.0]]
[2024.12.14-18.05.05:074][  0]LogConfig: Setting CVar [[r.Shadow.CSM.TransitionScale:1.0]]
[2024.12.14-18.05.05:074][  0]LogConfig: Setting CVar [[r.Shadow.PreShadowResolutionFactor:1.0]]
[2024.12.14-18.05.05:074][  0]LogConfig: Setting CVar [[r.DistanceFieldShadowing:1]]
[2024.12.14-18.05.05:075][  0]LogConfig: Setting CVar [[r.DistanceFieldAO:1]]
[2024.12.14-18.05.05:075][  0]LogConfig: Setting CVar [[r.AOQuality:2]]
[2024.12.14-18.05.05:075][  0]LogConfig: Setting CVar [[r.VolumetricFog:1]]
[2024.12.14-18.05.05:075][  0]LogConfig: Setting CVar [[r.VolumetricFog.GridPixelSize:8]]
[2024.12.14-18.05.05:075][  0]LogConfig: Setting CVar [[r.VolumetricFog.GridSizeZ:128]]
[2024.12.14-18.05.05:075][  0]LogConfig: Setting CVar [[r.VolumetricFog.HistoryMissSupersampleCount:4]]
[2024.12.14-18.05.05:075][  0]LogConfig: Setting CVar [[r.LightMaxDrawDistanceScale:1]]
[2024.12.14-18.05.05:075][  0]LogConfig: Setting CVar [[r.CapsuleShadows:1]]
[2024.12.14-18.05.05:075][  0]LogConfig: Applying CVar settings from Section [PostProcessQuality@3] File [C:/Users/nanim/GitHub/NewNewInsectHeaven/InsectHeaven/Saved/Config/Windows/Scalability.ini]
[2024.12.14-18.05.05:075][  0]LogConfig: Setting CVar [[r.MotionBlurQuality:4]]
[2024.12.14-18.05.05:075][  0]LogConfig: Setting CVar [[r.AmbientOcclusionMipLevelFactor:0.4]]
[2024.12.14-18.05.05:076][  0]LogConfig: Setting CVar [[r.AmbientOcclusionMaxQuality:100]]
[2024.12.14-18.05.05:076][  0]LogConfig: Setting CVar [[r.AmbientOcclusionLevels:-1]]
[2024.12.14-18.05.05:076][  0]LogConfig: Setting CVar [[r.AmbientOcclusionRadiusScale:1.0]]
[2024.12.14-18.05.05:076][  0]LogConfig: Setting CVar [[r.DepthOfFieldQuality:2]]
[2024.12.14-18.05.05:076][  0]LogConfig: Setting CVar [[r.RenderTargetPoolMin:400]]
[2024.12.14-18.05.05:076][  0]LogConfig: Setting CVar [[r.LensFlareQuality:2]]
[2024.12.14-18.05.05:076][  0]LogConfig: Setting CVar [[r.SceneColorFringeQuality:1]]
[2024.12.14-18.05.05:076][  0]LogConfig: Setting CVar [[r.EyeAdaptationQuality:2]]
[2024.12.14-18.05.05:077][  0]LogConfig: Setting CVar [[r.BloomQuality:5]]
[2024.12.14-18.05.05:077][  0]LogConfig: Setting CVar [[r.FastBlurThreshold:100]]
[2024.12.14-18.05.05:077][  0]LogConfig: Setting CVar [[r.Upscale.Quality:3]]
[2024.12.14-18.05.05:077][  0]LogConfig: Setting CVar [[r.Tonemapper.GrainQuantization:1]]
[2024.12.14-18.05.05:077][  0]LogConfig: Setting CVar [[r.LightShaftQuality:1]]
[2024.12.14-18.05.05:077][  0]LogConfig: Setting CVar [[r.Filter.SizeScale:1]]
[2024.12.14-18.05.05:077][  0]LogConfig: Setting CVar [[r.Tonemapper.Quality:5]]
[2024.12.14-18.05.05:077][  0]LogConfig: Setting CVar [[r.DOF.Gather.AccumulatorQuality:1        ; higher gathering accumulator quality]]
[2024.12.14-18.05.05:077][  0]LogConfig: Setting CVar [[r.DOF.Gather.PostfilterMethod:1          ; Median3x3 postfilering method]]
[2024.12.14-18.05.05:077][  0]LogConfig: Setting CVar [[r.DOF.Gather.EnableBokehSettings:0       ; no bokeh simulation when gathering]]
[2024.12.14-18.05.05:077][  0]LogConfig: Setting CVar [[r.DOF.Gather.RingCount:4                 ; medium number of samples when gathering]]
[2024.12.14-18.05.05:078][  0]LogConfig: Setting CVar [[r.DOF.Scatter.ForegroundCompositing:1    ; additive foreground scattering]]
[2024.12.14-18.05.05:078][  0]LogConfig: Setting CVar [[r.DOF.Scatter.BackgroundCompositing:2    ; additive background scattering]]
[2024.12.14-18.05.05:078][  0]LogConfig: Setting CVar [[r.DOF.Scatter.EnableBokehSettings:1      ; bokeh simulation when scattering]]
[2024.12.14-18.05.05:078][  0]LogConfig: Setting CVar [[r.DOF.Scatter.MaxSpriteRatio:0.1         ; only a maximum of 10% of scattered bokeh]]
[2024.12.14-18.05.05:078][  0]LogConfig: Setting CVar [[r.DOF.Recombine.Quality:1                ; cheap slight out of focus]]
[2024.12.14-18.05.05:078][  0]LogConfig: Setting CVar [[r.DOF.Recombine.EnableBokehSettings:0    ; no bokeh simulation on slight out of focus]]
[2024.12.14-18.05.05:078][  0]LogConfig: Setting CVar [[r.DOF.TemporalAAQuality:1                ; more stable temporal accumulation]]
[2024.12.14-18.05.05:078][  0]LogConfig: Setting CVar [[r.DOF.Kernel.MaxForegroundRadius:0.025]]
[2024.12.14-18.05.05:078][  0]LogConfig: Setting CVar [[r.DOF.Kernel.MaxBackgroundRadius:0.025]]
[2024.12.14-18.05.05:078][  0]LogConfig: Applying CVar settings from Section [TextureQuality@3] File [C:/Users/nanim/GitHub/NewNewInsectHeaven/InsectHeaven/Saved/Config/Windows/Scalability.ini]
[2024.12.14-18.05.05:079][  0]LogConfig: Setting CVar [[r.Streaming.MipBias:0]]
[2024.12.14-18.05.05:079][  0]LogConfig: Setting CVar [[r.Streaming.AmortizeCPUToGPUCopy:0]]
[2024.12.14-18.05.05:079][  0]LogConfig: Setting CVar [[r.Streaming.MaxNumTexturesToStreamPerFrame:0]]
[2024.12.14-18.05.05:079][  0]LogConfig: Setting CVar [[r.Streaming.Boost:1]]
[2024.12.14-18.05.05:079][  0]LogConfig: Setting CVar [[r.MaxAnisotropy:8]]
[2024.12.14-18.05.05:079][  0]LogConfig: Setting CVar [[r.VT.MaxAnisotropy:8]]
[2024.12.14-18.05.05:079][  0]LogConfig: Setting CVar [[r.Streaming.LimitPoolSizeToVRAM:0]]
[2024.12.14-18.05.05:079][  0]LogConfig: Setting CVar [[r.Streaming.PoolSize:1000]]
[2024.12.14-18.05.05:079][  0]LogConfig: Setting CVar [[r.Streaming.MaxEffectiveScreenSize:0]]
[2024.12.14-18.05.05:079][  0]LogConfig: Applying CVar settings from Section [EffectsQuality@3] File [C:/Users/nanim/GitHub/NewNewInsectHeaven/InsectHeaven/Saved/Config/Windows/Scalability.ini]
[2024.12.14-18.05.05:080][  0]LogConfig: Setting CVar [[r.TranslucencyLightingVolumeDim:64]]
[2024.12.14-18.05.05:080][  0]LogConfig: Setting CVar [[r.RefractionQuality:2]]
[2024.12.14-18.05.05:080][  0]LogConfig: Setting CVar [[r.SSR.Quality:3]]
[2024.12.14-18.05.05:080][  0]LogConfig: Setting CVar [[r.SSR.HalfResSceneColor:0]]
[2024.12.14-18.05.05:080][  0]LogConfig: Setting CVar [[r.SceneColorFormat:4]]
[2024.12.14-18.05.05:080][  0]LogConfig: Setting CVar [[r.DetailMode:2]]
[2024.12.14-18.05.05:080][  0]LogConfig: Setting CVar [[r.TranslucencyVolumeBlur:1]]
[2024.12.14-18.05.05:080][  0]LogConfig: Setting CVar [[r.MaterialQualityLevel:1 ; High quality]]
[2024.12.14-18.05.05:080][  0]LogConfig: Setting CVar [[r.AnisotropicMaterials:1]]
[2024.12.14-18.05.05:080][  0]LogConfig: Setting CVar [[r.SSS.Scale:1]]
[2024.12.14-18.05.05:080][  0]LogConfig: Setting CVar [[r.SSS.SampleSet:2]]
[2024.12.14-18.05.05:081][  0]LogConfig: Setting CVar [[r.SSS.Quality:1]]
[2024.12.14-18.05.05:081][  0]LogConfig: Setting CVar [[r.SSS.HalfRes:0]]
[2024.12.14-18.05.05:081][  0]LogConfig: Setting CVar [[r.SSGI.Quality:3]]
[2024.12.14-18.05.05:081][  0]LogConfig: Setting CVar [[r.EmitterSpawnRateScale:1.0]]
[2024.12.14-18.05.05:081][  0]LogConfig: Setting CVar [[r.ParticleLightQuality:2]]
[2024.12.14-18.05.05:081][  0]LogConfig: Setting CVar [[r.SkyAtmosphere.AerialPerspectiveLUT.FastApplyOnOpaque:1 ; Always have FastSkyLUT 1 in this case to avoid wrong sky]]
[2024.12.14-18.05.05:081][  0]LogConfig: Setting CVar [[r.SkyAtmosphere.AerialPerspectiveLUT.SampleCountMaxPerSlice:4]]
[2024.12.14-18.05.05:081][  0]LogConfig: Setting CVar [[r.SkyAtmosphere.AerialPerspectiveLUT.DepthResolution:16.0]]
[2024.12.14-18.05.05:081][  0]LogConfig: Setting CVar [[r.SkyAtmosphere.FastSkyLUT:1]]
[2024.12.14-18.05.05:081][  0]LogConfig: Setting CVar [[r.SkyAtmosphere.FastSkyLUT.SampleCountMin:4.0]]
[2024.12.14-18.05.05:082][  0]LogConfig: Setting CVar [[r.SkyAtmosphere.FastSkyLUT.SampleCountMax:128.0]]
[2024.12.14-18.05.05:082][  0]LogConfig: Setting CVar [[r.SkyAtmosphere.SampleCountMin:4.0]]
[2024.12.14-18.05.05:082][  0]LogConfig: Setting CVar [[r.SkyAtmosphere.SampleCountMax:128.0]]
[2024.12.14-18.05.05:082][  0]LogConfig: Setting CVar [[r.SkyAtmosphere.TransmittanceLUT.UseSmallFormat:0]]
[2024.12.14-18.05.05:082][  0]LogConfig: Setting CVar [[r.SkyAtmosphere.TransmittanceLUT.SampleCount:10.0]]
[2024.12.14-18.05.05:082][  0]LogConfig: Setting CVar [[r.SkyAtmosphere.MultiScatteringLUT.SampleCount:15.0]]
[2024.12.14-18.05.05:082][  0]LogConfig: Setting CVar [[r.SkyLight.RealTimeReflectionCapture:1]]
[2024.12.14-18.05.05:082][  0]LogConfig: Applying CVar settings from Section [FoliageQuality@3] File [C:/Users/nanim/GitHub/NewNewInsectHeaven/InsectHeaven/Saved/Config/Windows/Scalability.ini]
[2024.12.14-18.05.05:082][  0]LogConfig: Setting CVar [[foliage.DensityScale:1.0]]
[2024.12.14-18.05.05:083][  0]LogConfig: Setting CVar [[grass.DensityScale:1.0]]
[2024.12.14-18.05.05:083][  0]LogConfig: Applying CVar settings from Section [ShadingQuality@3] File [C:/Users/nanim/GitHub/NewNewInsectHeaven/InsectHeaven/Saved/Config/Windows/Scalability.ini]
[2024.12.14-18.05.05:083][  0]LogConfig: Setting CVar [[r.HairStrands.SkyLighting.IntegrationType:2]]
[2024.12.14-18.05.05:083][  0]LogConfig: Setting CVar [[r.HairStrands.SkyAO.SampleCount:4]]
[2024.12.14-18.05.05:083][  0]LogConfig: Setting CVar [[r.HairStrands.Visibility.MSAA.SamplePerPixel:4]]
[2024.12.14-18.05.05:083][  0]LogInit: Selected Device Profile: [Windows]
[2024.12.14-18.05.05:083][  0]LogInit: Applying CVar settings loaded from the selected device profile: [Windows]
[2024.12.14-18.05.05:084][  0]LogHAL: Display: Platform has ~ 32 GB [33457160192 / 34359738368 / 32], which maps to Largest [LargestMinGB=32, LargerMinGB=12, DefaultMinGB=8, SmallerMinGB=6, SmallestMinGB=0)
[2024.12.14-18.05.05:084][  0]LogInit: Going up to parent DeviceProfile []
[2024.12.14-18.05.05:084][  0]LogConfig: Applying CVar settings from Section [ViewDistanceQuality@3] File [C:/Users/nanim/GitHub/NewNewInsectHeaven/InsectHeaven/Saved/Config/Windows/Scalability.ini]
[2024.12.14-18.05.05:084][  0]LogConfig: Setting CVar [[r.SkeletalMeshLODBias:0]]
[2024.12.14-18.05.05:084][  0]LogConfig: Setting CVar [[r.ViewDistanceScale:1.0]]
[2024.12.14-18.05.05:084][  0]LogConfig: Applying CVar settings from Section [AntiAliasingQuality@3] File [C:/Users/nanim/GitHub/NewNewInsectHeaven/InsectHeaven/Saved/Config/Windows/Scalability.ini]
[2024.12.14-18.05.05:084][  0]LogConfig: Setting CVar [[r.PostProcessAAQuality:4]]
[2024.12.14-18.05.05:084][  0]LogConfig: Applying CVar settings from Section [ShadowQuality@3] File [C:/Users/nanim/GitHub/NewNewInsectHeaven/InsectHeaven/Saved/Config/Windows/Scalability.ini]
[2024.12.14-18.05.05:084][  0]LogConfig: Setting CVar [[r.LightFunctionQuality:1]]
[2024.12.14-18.05.05:084][  0]LogConfig: Setting CVar [[r.ShadowQuality:5]]
[2024.12.14-18.05.05:085][  0]LogConfig: Setting CVar [[r.Shadow.CSM.MaxCascades:10]]
[2024.12.14-18.05.05:085][  0]LogConfig: Setting CVar [[r.Shadow.MaxResolution:2048]]
[2024.12.14-18.05.05:085][  0]LogConfig: Setting CVar [[r.Shadow.MaxCSMResolution:2048]]
[2024.12.14-18.05.05:085][  0]LogConfig: Setting CVar [[r.Shadow.RadiusThreshold:0.01]]
[2024.12.14-18.05.05:085][  0]LogConfig: Setting CVar [[r.Shadow.DistanceScale:1.0]]
[2024.12.14-18.05.05:085][  0]LogConfig: Setting CVar [[r.Shadow.CSM.TransitionScale:1.0]]
[2024.12.14-18.05.05:085][  0]LogConfig: Setting CVar [[r.Shadow.PreShadowResolutionFactor:1.0]]
[2024.12.14-18.05.05:085][  0]LogConfig: Setting CVar [[r.DistanceFieldShadowing:1]]
[2024.12.14-18.05.05:085][  0]LogConfig: Setting CVar [[r.DistanceFieldAO:1]]
[2024.12.14-18.05.05:086][  0]LogConfig: Setting CVar [[r.AOQuality:2]]
[2024.12.14-18.05.05:086][  0]LogConfig: Setting CVar [[r.VolumetricFog:1]]
[2024.12.14-18.05.05:086][  0]LogConfig: Setting CVar [[r.VolumetricFog.GridPixelSize:8]]
[2024.12.14-18.05.05:086][  0]LogConfig: Setting CVar [[r.VolumetricFog.GridSizeZ:128]]
[2024.12.14-18.05.05:086][  0]LogConfig: Setting CVar [[r.VolumetricFog.HistoryMissSupersampleCount:4]]
[2024.12.14-18.05.05:086][  0]LogConfig: Setting CVar [[r.LightMaxDrawDistanceScale:1]]
[2024.12.14-18.05.05:086][  0]LogConfig: Setting CVar [[r.CapsuleShadows:1]]
[2024.12.14-18.05.05:086][  0]LogConfig: Applying CVar settings from Section [PostProcessQuality@3] File [C:/Users/nanim/GitHub/NewNewInsectHeaven/InsectHeaven/Saved/Config/Windows/Scalability.ini]
[2024.12.14-18.05.05:086][  0]LogConfig: Setting CVar [[r.MotionBlurQuality:4]]
[2024.12.14-18.05.05:087][  0]LogConfig: Setting CVar [[r.AmbientOcclusionMipLevelFactor:0.4]]
[2024.12.14-18.05.05:087][  0]LogConfig: Setting CVar [[r.AmbientOcclusionMaxQuality:100]]
[2024.12.14-18.05.05:087][  0]LogConfig: Setting CVar [[r.AmbientOcclusionLevels:-1]]
[2024.12.14-18.05.05:087][  0]LogConfig: Setting CVar [[r.AmbientOcclusionRadiusScale:1.0]]
[2024.12.14-18.05.05:087][  0]LogConfig: Setting CVar [[r.DepthOfFieldQuality:2]]
[2024.12.14-18.05.05:087][  0]LogConfig: Setting CVar [[r.RenderTargetPoolMin:400]]
[2024.12.14-18.05.05:087][  0]LogConfig: Setting CVar [[r.LensFlareQuality:2]]
[2024.12.14-18.05.05:087][  0]LogConfig: Setting CVar [[r.SceneColorFringeQuality:1]]
[2024.12.14-18.05.05:087][  0]LogConfig: Setting CVar [[r.EyeAdaptationQuality:2]]
[2024.12.14-18.05.05:087][  0]LogConfig: Setting CVar [[r.BloomQuality:5]]
[2024.12.14-18.05.05:087][  0]LogConfig: Setting CVar [[r.FastBlurThreshold:100]]
[2024.12.14-18.05.05:088][  0]LogConfig: Setting CVar [[r.Upscale.Quality:3]]
[2024.12.14-18.05.05:088][  0]LogConfig: Setting CVar [[r.Tonemapper.GrainQuantization:1]]
[2024.12.14-18.05.05:088][  0]LogConfig: Setting CVar [[r.LightShaftQuality:1]]
[2024.12.14-18.05.05:088][  0]LogConfig: Setting CVar [[r.Filter.SizeScale:1]]
[2024.12.14-18.05.05:088][  0]LogConfig: Setting CVar [[r.Tonemapper.Quality:5]]
[2024.12.14-18.05.05:088][  0]LogConfig: Setting CVar [[r.DOF.Gather.AccumulatorQuality:1        ; higher gathering accumulator quality]]
[2024.12.14-18.05.05:088][  0]LogConfig: Setting CVar [[r.DOF.Gather.PostfilterMethod:1          ; Median3x3 postfilering method]]
[2024.12.14-18.05.05:088][  0]LogConfig: Setting CVar [[r.DOF.Gather.EnableBokehSettings:0       ; no bokeh simulation when gathering]]
[2024.12.14-18.05.05:088][  0]LogConfig: Setting CVar [[r.DOF.Gather.RingCount:4                 ; medium number of samples when gathering]]
[2024.12.14-18.05.05:088][  0]LogConfig: Setting CVar [[r.DOF.Scatter.ForegroundCompositing:1    ; additive foreground scattering]]
[2024.12.14-18.05.05:089][  0]LogConfig: Setting CVar [[r.DOF.Scatter.BackgroundCompositing:2    ; additive background scattering]]
[2024.12.14-18.05.05:089][  0]LogConfig: Setting CVar [[r.DOF.Scatter.EnableBokehSettings:1      ; bokeh simulation when scattering]]
[2024.12.14-18.05.05:089][  0]LogConfig: Setting CVar [[r.DOF.Scatter.MaxSpriteRatio:0.1         ; only a maximum of 10% of scattered bokeh]]
[2024.12.14-18.05.05:089][  0]LogConfig: Setting CVar [[r.DOF.Recombine.Quality:1                ; cheap slight out of focus]]
[2024.12.14-18.05.05:089][  0]LogConfig: Setting CVar [[r.DOF.Recombine.EnableBokehSettings:0    ; no bokeh simulation on slight out of focus]]
[2024.12.14-18.05.05:089][  0]LogConfig: Setting CVar [[r.DOF.TemporalAAQuality:1                ; more stable temporal accumulation]]
[2024.12.14-18.05.05:089][  0]LogConfig: Setting CVar [[r.DOF.Kernel.MaxForegroundRadius:0.025]]
[2024.12.14-18.05.05:089][  0]LogConfig: Setting CVar [[r.DOF.Kernel.MaxBackgroundRadius:0.025]]
[2024.12.14-18.05.05:089][  0]LogConfig: Applying CVar settings from Section [TextureQuality@3] File [C:/Users/nanim/GitHub/NewNewInsectHeaven/InsectHeaven/Saved/Config/Windows/Scalability.ini]
[2024.12.14-18.05.05:090][  0]LogConfig: Setting CVar [[r.Streaming.MipBias:0]]
[2024.12.14-18.05.05:090][  0]LogConfig: Setting CVar [[r.Streaming.AmortizeCPUToGPUCopy:0]]
[2024.12.14-18.05.05:090][  0]LogConfig: Setting CVar [[r.Streaming.MaxNumTexturesToStreamPerFrame:0]]
[2024.12.14-18.05.05:090][  0]LogConfig: Setting CVar [[r.Streaming.Boost:1]]
[2024.12.14-18.05.05:090][  0]LogConfig: Setting CVar [[r.MaxAnisotropy:8]]
[2024.12.14-18.05.05:090][  0]LogConfig: Setting CVar [[r.VT.MaxAnisotropy:8]]
[2024.12.14-18.05.05:090][  0]LogConfig: Setting CVar [[r.Streaming.LimitPoolSizeToVRAM:0]]
[2024.12.14-18.05.05:090][  0]LogConfig: Setting CVar [[r.Streaming.PoolSize:1000]]
[2024.12.14-18.05.05:090][  0]LogConfig: Setting CVar [[r.Streaming.MaxEffectiveScreenSize:0]]
[2024.12.14-18.05.05:090][  0]LogConfig: Applying CVar settings from Section [EffectsQuality@3] File [C:/Users/nanim/GitHub/NewNewInsectHeaven/InsectHeaven/Saved/Config/Windows/Scalability.ini]
[2024.12.14-18.05.05:090][  0]LogConfig: Setting CVar [[r.TranslucencyLightingVolumeDim:64]]
[2024.12.14-18.05.05:091][  0]LogConfig: Setting CVar [[r.RefractionQuality:2]]
[2024.12.14-18.05.05:091][  0]LogConfig: Setting CVar [[r.SSR.Quality:3]]
[2024.12.14-18.05.05:091][  0]LogConfig: Setting CVar [[r.SSR.HalfResSceneColor:0]]
[2024.12.14-18.05.05:091][  0]LogConfig: Setting CVar [[r.SceneColorFormat:4]]
[2024.12.14-18.05.05:091][  0]LogConfig: Setting CVar [[r.DetailMode:2]]
[2024.12.14-18.05.05:091][  0]LogConfig: Setting CVar [[r.TranslucencyVolumeBlur:1]]
[2024.12.14-18.05.05:091][  0]LogConfig: Setting CVar [[r.MaterialQualityLevel:1 ; High quality]]
[2024.12.14-18.05.05:091][  0]LogConfig: Setting CVar [[r.AnisotropicMaterials:1]]
[2024.12.14-18.05.05:091][  0]LogConfig: Setting CVar [[r.SSS.Scale:1]]
[2024.12.14-18.05.05:091][  0]LogConfig: Setting CVar [[r.SSS.SampleSet:2]]
[2024.12.14-18.05.05:091][  0]LogConfig: Setting CVar [[r.SSS.Quality:1]]
[2024.12.14-18.05.05:092][  0]LogConfig: Setting CVar [[r.SSS.HalfRes:0]]
[2024.12.14-18.05.05:092][  0]LogConfig: Setting CVar [[r.SSGI.Quality:3]]
[2024.12.14-18.05.05:092][  0]LogConfig: Setting CVar [[r.EmitterSpawnRateScale:1.0]]
[2024.12.14-18.05.05:092][  0]LogConfig: Setting CVar [[r.ParticleLightQuality:2]]
[2024.12.14-18.05.05:092][  0]LogConfig: Setting CVar [[r.SkyAtmosphere.AerialPerspectiveLUT.FastApplyOnOpaque:1 ; Always have FastSkyLUT 1 in this case to avoid wrong sky]]
[2024.12.14-18.05.05:092][  0]LogConfig: Setting CVar [[r.SkyAtmosphere.AerialPerspectiveLUT.SampleCountMaxPerSlice:4]]
[2024.12.14-18.05.05:092][  0]LogConfig: Setting CVar [[r.SkyAtmosphere.AerialPerspectiveLUT.DepthResolution:16.0]]
[2024.12.14-18.05.05:092][  0]LogConfig: Setting CVar [[r.SkyAtmosphere.FastSkyLUT:1]]
[2024.12.14-18.05.05:092][  0]LogConfig: Setting CVar [[r.SkyAtmosphere.FastSkyLUT.SampleCountMin:4.0]]
[2024.12.14-18.05.05:092][  0]LogConfig: Setting CVar [[r.SkyAtmosphere.FastSkyLUT.SampleCountMax:128.0]]
[2024.12.14-18.05.05:093][  0]LogConfig: Setting CVar [[r.SkyAtmosphere.SampleCountMin:4.0]]
[2024.12.14-18.05.05:093][  0]LogConfig: Setting CVar [[r.SkyAtmosphere.SampleCountMax:128.0]]
[2024.12.14-18.05.05:093][  0]LogConfig: Setting CVar [[r.SkyAtmosphere.TransmittanceLUT.UseSmallFormat:0]]
[2024.12.14-18.05.05:093][  0]LogConfig: Setting CVar [[r.SkyAtmosphere.TransmittanceLUT.SampleCount:10.0]]
[2024.12.14-18.05.05:093][  0]LogConfig: Setting CVar [[r.SkyAtmosphere.MultiScatteringLUT.SampleCount:15.0]]
[2024.12.14-18.05.05:093][  0]LogConfig: Setting CVar [[r.SkyLight.RealTimeReflectionCapture:1]]
[2024.12.14-18.05.05:093][  0]LogConfig: Applying CVar settings from Section [FoliageQuality@3] File [C:/Users/nanim/GitHub/NewNewInsectHeaven/InsectHeaven/Saved/Config/Windows/Scalability.ini]
[2024.12.14-18.05.05:093][  0]LogConfig: Setting CVar [[foliage.DensityScale:1.0]]
[2024.12.14-18.05.05:093][  0]LogConfig: Setting CVar [[grass.DensityScale:1.0]]
[2024.12.14-18.05.05:093][  0]LogConfig: Applying CVar settings from Section [ShadingQuality@3] File [C:/Users/nanim/GitHub/NewNewInsectHeaven/InsectHeaven/Saved/Config/Windows/Scalability.ini]
[2024.12.14-18.05.05:094][  0]LogConfig: Setting CVar [[r.HairStrands.SkyLighting.IntegrationType:2]]
[2024.12.14-18.05.05:094][  0]LogConfig: Setting CVar [[r.HairStrands.SkyAO.SampleCount:4]]
[2024.12.14-18.05.05:094][  0]LogConfig: Setting CVar [[r.HairStrands.Visibility.MSAA.SamplePerPixel:4]]
[2024.12.14-18.05.05:094][  0]LogConfig: Applying CVar settings from Section [Startup] File [../../../Engine/Config/ConsoleVariables.ini]
[2024.12.14-18.05.05:094][  0]LogConfig: Setting CVar [[net.UseAdaptiveNetUpdateFrequency:0]]
[2024.12.14-18.05.05:094][  0]LogConfig: Setting CVar [[p.chaos.AllowCreatePhysxBodies:1]]
[2024.12.14-18.05.05:094][  0]LogConfig: Setting CVar [[fx.SkipVectorVMBackendOptimizations:1]]
[2024.12.14-18.05.05:094][  0]LogConfig: Applying CVar settings from Section [ConsoleVariables] File [C:/Users/nanim/GitHub/NewNewInsectHeaven/InsectHeaven/Saved/Config/Windows/Engine.ini]
[2024.12.14-18.05.05:095][  0]LogConfig: Applying CVar settings from Section [ConsoleVariables] File [C:/Users/nanim/GitHub/NewNewInsectHeaven/InsectHeaven/Saved/Config/Windows/Editor.ini]
[2024.12.14-18.05.05:095][  0]LogInit: Computer: DESKTOP-NS5ONMH
[2024.12.14-18.05.05:095][  0]LogInit: User: nanim
[2024.12.14-18.05.05:095][  0]LogInit: CPU Page size=4096, Cores=12
[2024.12.14-18.05.05:095][  0]LogInit: High frequency timer resolution =10.000000 MHz
[2024.12.14-18.05.05:095][  0]LogMemory: Memory total: Physical=31.2GB (32GB approx)
[2024.12.14-18.05.05:095][  0]LogMemory: Platform Memory Stats for Windows
[2024.12.14-18.05.05:095][  0]LogMemory: Process Physical Memory: 149.83 MB used, 149.84 MB peak
[2024.12.14-18.05.05:096][  0]LogMemory: Process Virtual Memory: 128.92 MB used, 128.92 MB peak
[2024.12.14-18.05.05:096][  0]LogMemory: Physical Memory: 16154.44 MB used,  15752.80 MB free, 31907.23 MB total
[2024.12.14-18.05.05:096][  0]LogMemory: Virtual Memory: 134177288.00 MB used,  40437.43 MB free, 134217728.00 MB total
[2024.12.14-18.05.05:109][  0]LogWindows: WindowsPlatformFeatures enabled
[2024.12.14-18.05.05:218][  0]LogInit: Physics initialised using underlying interface: PhysX
[2024.12.14-18.05.05:219][  0]LogInit: Using OS detected language (ko-KR).
[2024.12.14-18.05.05:219][  0]LogInit: Using OS detected locale (ko-KR).
[2024.12.14-18.05.05:222][  0]LogTextLocalizationManager: No specific localization for 'ko-KR' exists, so the 'ko' localization will be used.
[2024.12.14-18.05.05:297][  0]LogInit: Setting process to per monitor DPI aware
[2024.12.14-18.05.05:432][  0]LogWindowsTextInputMethodSystem: Display: IME system deactivated.
[2024.12.14-18.05.05:465][  0]LogSlate: New Slate User Created.  User Index 0, Is Virtual User: 0
[2024.12.14-18.05.05:465][  0]LogSlate: Slate User Registered.  User Index 0, Is Virtual User: 0
[2024.12.14-18.05.05:602][  0]LogD3D11RHI: Loaded GFSDK_Aftermath_Lib.x64.dll
[2024.12.14-18.05.05:609][  0]LogHMD: Failed to initialize OpenVR with code 110
[2024.12.14-18.05.05:610][  0]LogD3D11RHI: D3D11 min allowed feature level: 11_0
[2024.12.14-18.05.05:610][  0]LogD3D11RHI: D3D11 max allowed feature level: 11_0
[2024.12.14-18.05.05:610][  0]LogD3D11RHI: D3D11 adapters:
[2024.12.14-18.05.05:718][  0]LogD3D11RHI:    0. 'AMD Radeon RX 7900 XTX' (Feature Level 11_0)
[2024.12.14-18.05.05:718][  0]LogD3D11RHI:       24491/0/15953 MB DedicatedVideo/DedicatedSystem/SharedSystem, Outputs:2, VendorId:0x1002
[2024.12.14-18.05.05:783][  0]LogD3D11RHI:    1. 'AMD Radeon(TM) Graphics' (Feature Level 11_0)
[2024.12.14-18.05.05:784][  0]LogD3D11RHI:       459/0/15953 MB DedicatedVideo/DedicatedSystem/SharedSystem, Outputs:0, VendorId:0x1002
[2024.12.14-18.05.05:789][  0]LogD3D11RHI:    2. 'Microsoft Basic Render Driver' (Feature Level 11_0)
[2024.12.14-18.05.05:790][  0]LogD3D11RHI:       0/0/15953 MB DedicatedVideo/DedicatedSystem/SharedSystem, Outputs:0, VendorId:0x1414
[2024.12.14-18.05.05:790][  0]LogD3D11RHI: Chosen D3D11 Adapter:
[2024.12.14-18.05.05:790][  0]LogD3D11RHI:     Description : AMD Radeon RX 7900 XTX
[2024.12.14-18.05.05:790][  0]LogD3D11RHI:     VendorId    : 1002
[2024.12.14-18.05.05:790][  0]LogD3D11RHI:     DeviceId    : 744c
[2024.12.14-18.05.05:790][  0]LogD3D11RHI:     SubSysId    : e3b1002
[2024.12.14-18.05.05:790][  0]LogD3D11RHI:     Revision    : 00c8
[2024.12.14-18.05.05:790][  0]LogD3D11RHI:     DedicatedVideoMemory : 25681567744 bytes
[2024.12.14-18.05.05:790][  0]LogD3D11RHI:     DedicatedSystemMemory : 0 bytes
[2024.12.14-18.05.05:791][  0]LogD3D11RHI:     SharedSystemMemory : 16728580096 bytes
[2024.12.14-18.05.05:791][  0]LogD3D11RHI:     AdapterLuid : 0 75829
[2024.12.14-18.05.05:796][  0]LogD3D11RHI: Creating new Direct3DDevice
[2024.12.14-18.05.05:796][  0]LogD3D11RHI:     GPU DeviceId: 0x744c (for the marketing name, search the web for "GPU Device Id")
[2024.12.14-18.05.05:797][  0]LogWindows: EnumDisplayDevices:
[2024.12.14-18.05.05:797][  0]LogWindows:    0. 'AMD Radeon RX 7900 XTX' (P:1 D:1)
[2024.12.14-18.05.05:798][  0]LogWindows:    1. 'AMD Radeon RX 7900 XTX' (P:0 D:1)
[2024.12.14-18.05.05:798][  0]LogWindows:    2. 'AMD Radeon RX 7900 XTX' (P:0 D:0)
[2024.12.14-18.05.05:799][  0]LogWindows:    3. 'AMD Radeon RX 7900 XTX' (P:0 D:0)
[2024.12.14-18.05.05:800][  0]LogWindows:    4. 'AMD Radeon RX 7900 XTX' (P:0 D:0)
[2024.12.14-18.05.05:801][  0]LogWindows:    5. 'AMD Radeon(TM) Graphics' (P:0 D:0)
[2024.12.14-18.05.05:802][  0]LogWindows:    6. 'AMD Radeon(TM) Graphics' (P:0 D:0)
[2024.12.14-18.05.05:802][  0]LogWindows:    7. 'AMD Radeon(TM) Graphics' (P:0 D:0)
[2024.12.14-18.05.05:803][  0]LogWindows:    8. 'AMD Radeon(TM) Graphics' (P:0 D:0)
[2024.12.14-18.05.05:804][  0]LogWindows:    9. 'AMD Radeon(TM) Graphics' (P:0 D:0)
[2024.12.14-18.05.05:805][  0]LogWindows: DebugString: PrimaryIsNotTheChoosenAdapter PrimaryIsNotTheChoosenAdapter PrimaryIsNotTheChoosenAdapter PrimaryIsNotTheChoosenAdapter PrimaryIsNotTheChoosenAdapter FoundDriverCount:5 
[2024.12.14-18.05.05:805][  0]LogD3D11RHI:     Adapter Name: AMD Radeon RX 7900 XTX
[2024.12.14-18.05.05:805][  0]LogD3D11RHI:   Driver Version: AMD Software: Adrenalin Edition 24.9.1 (internal:32.0.12011.1036, unified:32.0.12011.1036)
[2024.12.14-18.05.05:805][  0]LogD3D11RHI:      Driver Date: 9-26-2024
[2024.12.14-18.05.05:805][  0]LogRHI: Texture pool is 16606 MB (70% of 23723 MB)
[2024.12.14-18.05.05:861][  0]LogD3D11RHI: Creating D3DDevice with AMD AGS, using adapter:
[2024.12.14-18.05.05:861][  0]LogD3D11RHI:     Description : AMD Radeon RX 7900 XTX
[2024.12.14-18.05.05:861][  0]LogD3D11RHI:     VendorId    : 1002
[2024.12.14-18.05.05:861][  0]LogD3D11RHI:     DeviceId    : 744c
[2024.12.14-18.05.05:861][  0]LogD3D11RHI:     SubSysId    : e3b1002
[2024.12.14-18.05.05:862][  0]LogD3D11RHI:     Revision    : 00c8
[2024.12.14-18.05.05:862][  0]LogD3D11RHI:     DedicatedVideoMemory : 25681567744 bytes
[2024.12.14-18.05.05:862][  0]LogD3D11RHI:     DedicatedSystemMemory : 0 bytes
[2024.12.14-18.05.05:862][  0]LogD3D11RHI:     SharedSystemMemory : 16728580096 bytes
[2024.12.14-18.05.05:862][  0]LogD3D11RHI:     AdapterLuid : 0 75829
[2024.12.14-18.05.05:948][  0]LogD3D11RHI: Created device via AGS, feature level 11_0, supported extensions 1fffffbf.
[2024.12.14-18.05.05:948][  0]LogD3D11RHI: RHI has support for 64 bit atomics
[2024.12.14-18.05.05:948][  0]LogD3D11RHI: Async texture creation enabled
[2024.12.14-18.05.05:948][  0]LogD3D11RHI: Array index from any shader is supported
[2024.12.14-18.05.05:958][  0]LogD3D11RHI: GPU Timing Frequency: 100.000000 (Debug: 2 1)
[2024.12.14-18.05.06:212][  0]LogTargetPlatformManager: Display: Loaded TargetPlatform 'AllDesktop'
[2024.12.14-18.05.06:232][  0]LogTargetPlatformManager: Display: Loaded TargetPlatform 'Android'
[2024.12.14-18.05.06:232][  0]LogTargetPlatformManager: Display: Loaded TargetPlatform 'Android_ASTC'
[2024.12.14-18.05.06:232][  0]LogTargetPlatformManager: Display: Loaded TargetPlatform 'Android_DXT'
[2024.12.14-18.05.06:232][  0]LogTargetPlatformManager: Display: Loaded TargetPlatform 'Android_ETC2'
[2024.12.14-18.05.06:232][  0]LogTargetPlatformManager: Display: Loaded TargetPlatform 'AndroidClient'
[2024.12.14-18.05.06:232][  0]LogTargetPlatformManager: Display: Loaded TargetPlatform 'Android_ASTCClient'
[2024.12.14-18.05.06:232][  0]LogTargetPlatformManager: Display: Loaded TargetPlatform 'Android_DXTClient'
[2024.12.14-18.05.06:232][  0]LogTargetPlatformManager: Display: Loaded TargetPlatform 'Android_ETC2Client'
[2024.12.14-18.05.06:233][  0]LogTargetPlatformManager: Display: Loaded TargetPlatform 'Android_Multi'
[2024.12.14-18.05.06:233][  0]LogTargetPlatformManager: Display: Loaded TargetPlatform 'Android_MultiClient'
[2024.12.14-18.05.06:262][  0]LogTargetPlatformManager: Display: Loaded TargetPlatform 'IOSClient'
[2024.12.14-18.05.06:262][  0]LogTargetPlatformManager: Display: Loaded TargetPlatform 'IOS'
[2024.12.14-18.05.06:274][  0]LogTargetPlatformManager: Display: Loaded TargetPlatform 'Linux'
[2024.12.14-18.05.06:282][  0]LogTargetPlatformManager: Display: Loaded TargetPlatform 'LinuxNoEditor'
[2024.12.14-18.05.06:290][  0]LogTargetPlatformManager: Display: Loaded TargetPlatform 'LinuxClient'
[2024.12.14-18.05.06:298][  0]LogTargetPlatformManager: Display: Loaded TargetPlatform 'LinuxServer'
[2024.12.14-18.05.06:310][  0]LogTargetPlatformManager: Display: Loaded TargetPlatform 'LinuxAArch64NoEditor'
[2024.12.14-18.05.06:319][  0]LogTargetPlatformManager: Display: Loaded TargetPlatform 'LinuxAArch64Client'
[2024.12.14-18.05.06:327][  0]LogTargetPlatformManager: Display: Loaded TargetPlatform 'LinuxAArch64Server'
[2024.12.14-18.05.06:348][  0]LogTargetPlatformManager: Display: Loaded TargetPlatform 'Lumin'
[2024.12.14-18.05.06:348][  0]LogTargetPlatformManager: Display: Loaded TargetPlatform 'LuminClient'
[2024.12.14-18.05.06:360][  0]LogTargetPlatformManager: Display: Loaded TargetPlatform 'MacNoEditor'
[2024.12.14-18.05.06:368][  0]LogTargetPlatformManager: Display: Loaded TargetPlatform 'Mac'
[2024.12.14-18.05.06:376][  0]LogTargetPlatformManager: Display: Loaded TargetPlatform 'MacClient'
[2024.12.14-18.05.06:383][  0]LogTargetPlatformManager: Display: Loaded TargetPlatform 'MacServer'
[2024.12.14-18.05.06:396][  0]LogTargetPlatformManager: Display: Loaded TargetPlatform 'TVOSClient'
[2024.12.14-18.05.06:396][  0]LogTargetPlatformManager: Display: Loaded TargetPlatform 'TVOS'
[2024.12.14-18.05.06:408][  0]LogTargetPlatformManager: Display: Loaded TargetPlatform 'WindowsNoEditor'
[2024.12.14-18.05.06:416][  0]LogTargetPlatformManager: Display: Loaded TargetPlatform 'Windows'
[2024.12.14-18.05.06:426][  0]LogTargetPlatformManager: Display: Loaded TargetPlatform 'WindowsClient'
[2024.12.14-18.05.06:435][  0]LogTargetPlatformManager: Display: Loaded TargetPlatform 'WindowsServer'
[2024.12.14-18.05.06:435][  0]LogTargetPlatformManager: Display: Building Assets For Windows
[2024.12.14-18.05.06:464][  0]LogAudioDebug: Display: Lib vorbis DLL was dynamically loaded.
[2024.12.14-18.05.06:562][  0]LogTextureFormatOodle: Display: Oodle Texture 2.9.0 init RDO Off
[2024.12.14-18.05.06:645][  0]LogRendererCore: Ray tracing is disabled. Reason: r.RayTracing=0.
[2024.12.14-18.05.06:645][  0]LogShaderCompilers: Guid format shader working directory is -20 characters bigger than the processId version (../../../../../Users/nanim/GitHub/NewNewInsectHeaven/InsectHeaven/Intermediate/Shaders/WorkingDirectory/21920/).
[2024.12.14-18.05.06:645][  0]LogShaderCompilers: Cleaned the shader compiler working directory 'C:/Users/nanim/AppData/Local/Temp/UnrealShaderWorkingDir/576C17684CD2B27098D906B4A40A6A64/'.
[2024.12.14-18.05.06:645][  0]LogXGEController: Cannot use XGE Controller as Incredibuild is not installed on this machine.
[2024.12.14-18.05.06:646][  0]LogShaderCompilers: Cannot use XGE Shader Compiler as Incredibuild is not installed on this machine.
[2024.12.14-18.05.06:646][  0]LogShaderCompilers: Display: Using Local Shader Compiler.
[2024.12.14-18.05.07:092][  0]LogDerivedDataCache: Display: Max Cache Size: 512 MB
[2024.12.14-18.05.07:131][  0]LogDerivedDataCache: Loaded boot cache 0.04s 94MB C:/Users/nanim/AppData/Local/UnrealEngine/4.27/DerivedDataCache/Boot.ddc.
[2024.12.14-18.05.07:131][  0]LogDerivedDataCache: Display: Loaded Boot cache: C:/Users/nanim/AppData/Local/UnrealEngine/4.27/DerivedDataCache/Boot.ddc
[2024.12.14-18.05.07:131][  0]LogDerivedDataCache: FDerivedDataBackendGraph:  Pak pak cache file ../../../../../Users/nanim/GitHub/NewNewInsectHeaven/InsectHeaven/DerivedDataCache/DDC.ddp not found, will not use a pak cache.
[2024.12.14-18.05.07:131][  0]LogDerivedDataCache: Unable to find inner node Pak for hierarchical cache Hierarchy.
[2024.12.14-18.05.07:131][  0]LogDerivedDataCache: FDerivedDataBackendGraph:  CompressedPak pak cache file ../../../../../Users/nanim/GitHub/NewNewInsectHeaven/InsectHeaven/DerivedDataCache/Compressed.ddp not found, will not use a pak cache.
[2024.12.14-18.05.07:132][  0]LogDerivedDataCache: Unable to find inner node CompressedPak for hierarchical cache Hierarchy.
[2024.12.14-18.05.07:143][  0]LogDerivedDataCache: Display: Pak cache opened for reading ../../../Engine/DerivedDataCache/Compressed.ddp.
[2024.12.14-18.05.07:143][  0]LogDerivedDataCache: FDerivedDataBackendGraph:  EnterprisePak pak cache file ../../../Enterprise/DerivedDataCache/Compressed.ddp not found, will not use a pak cache.
[2024.12.14-18.05.07:143][  0]LogDerivedDataCache: Unable to find inner node EnterprisePak for hierarchical cache Hierarchy.
[2024.12.14-18.05.07:152][  0]LogDerivedDataCache: Speed tests for C:/Users/nanim/AppData/Local/UnrealEngine/Common/DerivedDataCache took 0.01 seconds
[2024.12.14-18.05.07:152][  0]LogDerivedDataCache: Display: Performance to C:/Users/nanim/AppData/Local/UnrealEngine/Common/DerivedDataCache: Latency=0.04ms. RandomReadSpeed=915.77MBs, RandomWriteSpeed=131.22MBs. Assigned SpeedClass 'Local'
[2024.12.14-18.05.07:154][  0]LogDerivedDataCache: Using Local data cache path C:/Users/nanim/AppData/Local/UnrealEngine/Common/DerivedDataCache: Writable
[2024.12.14-18.05.07:154][  0]LogDerivedDataCache: Shared data cache path not found in *engine.ini, will not use an Shared cache.
[2024.12.14-18.05.07:154][  0]LogDerivedDataCache: Unable to find inner node Shared for hierarchical cache Hierarchy.
[2024.12.14-18.05.07:180][  0]LogSlate: Using FreeType 2.10.0
[2024.12.14-18.05.07:181][  0]LogSlate: SlateFontServices - WITH_FREETYPE: 1, WITH_HARFBUZZ: 1
[2024.12.14-18.05.07:201][  0]LogAssetRegistry: FAssetRegistry took 0.0025 seconds to start up
[2024.12.14-18.05.07:343][  0]LogInit: Selected Device Profile: [Windows]
[2024.12.14-18.05.07:343][  0]LogInit: Active device profile: [000001699BD98700][00000169994F4980 49] Windows
[2024.12.14-18.05.07:343][  0]LogInit: Profiles: [000001699BD98700][00000169994F4980 49] Windows, [000001699BD53700][00000169994FCB00 49] WindowsNoEditor, [000001699BD9B300][0000016999500C80 49] WindowsServer, [000001699BD50F00][0000016999504E00 49] WindowsClient, [000001699BD9B500][0000016999508F80 49] IOS, [000001699BD37F00][000001699950D100 49] iPadAir, [000001699BD53B00][0000016999511280 49] iPadAir2, [000001699BD00500][0000016999519540 49] IPadPro, [000001699BD00600][0000016999515580 49] iPadAir3, [000001699BD34100][0000016990515700 49] iPadAir4, [000001699BD02C00][0000016990519880 49] iPadMini2, [000001699BD36500][000001699051DA00 49] iPadMini3, [000001699BD03400][0000016990521B80 49] iPadMini4, [000001699BD34F00][0000016990524180 49] iPadMini5, [000001699BCEFE00][000001699052C440 49] iPhone6, [000001699BCEFF00][0000016990528480 49] iPodTouch6, [000001699BD9B900][0000016990534740 49] iPhone7, [000001699BD9A100][0000016990530780 49] iPodTouch7, [000001699BCEC400][00000169994F88C0 49] iPhone5S, [000001699BD03D00][0000016990538A00 49] iPhone6Plus, [000001699BD9B400][000001699053CB40 49] iPhone6S, [000001699BD02000][0000016990544CC0 49] iPhone6SPlus, [000001699BD98900][0000016990548E40 49] iPhone7Plus, [000001699BD00E00][000001699054CFC0 49] iPhoneSE, [000001699BD9B100][0000016999251140 49] iPhone8, [000001699BD02400][00000169992552C0 49] iPhone8Plus, [000001699BD9BA00][0000016999259440 49] iPhoneX, [000001699BD03E00][000001699925D5C0 49] iPhoneXS, [000001699BD99500][0000016999261740 49] iPhoneXSMax, [000001699BD02500][00000169992658C0 49] iPhoneXR, [000001699BD9AA00][0000016999269A40 49] iPhone11, [000001699BD03A00][000001699926DBC0 49] iPhone11Pro, [000001699BD98F00][00000169992701C0 49] iPhone11ProMax, [000001699BD02300][0000016999274340 49] iPhoneSE2, [000001699BD99700][00000169992784C0 49] iPhone12Mini, [000001699BD00700][000001699927C640 49] iPhone12, [000001699BD98300][00000169992807C0 49] iPhone12Pro, [000001699BD03500][0000016999284940 49] iPhone12ProMax, [000001699BD98B00][0000016990540A80 49] iPadPro105, [000001699BD01B00][0000016999288BC0 49] iPadPro129, [000001699BD98200][000001699928CD00 49] iPadPro97, [000001699BD02100][0000016999294E80 49] iPadPro2_129, [000001699BD98D00][0000016993C33000 49] iPad5, [000001699BD03000][0000016993C37180 49] iPad6, [000001699BD9AC00][0000016993C3B300 49] iPad7, [000001699BD02E00][0000016993C3F480 49] iPad8, [000001699BD99900][0000016993C43600 49] iPadPro11, [000001699BD03F00][0000016993C47780 49] iPadPro2_11, [000001699BD99600][0000016993C4B900 49] iPadPro3_129, [000001699BD02700][0000016993C4FA80 49] iPadPro4_129, [000001699BD9A600][0000016993C53C00 49] AppleTV, [000001699BD02B00][0000016999568200 49] AppleTV4K, [000001699BD99B00][000001699956C380 49] TVOS, [000001699BD00900][000001699923C500 49] Mac, [000001699BD9A700][0000016999244680 49] MacClient, [000001699BD02F00][0000016999248800 49] MacNoEditor, [000001699BD9BB00][0000016993C5A980 49] MacServer, [000001699BD00400][0000016993C62B00 49] Linux, [000001699BD9AE00][0000016999290C40 49] LinuxAArch64, [000001699BD01500][0000016990618D80 49] LinuxNoEditor, [000001699BD9AB00][000001699061CEC0 49] LinuxAArch64NoEditor, [000001699BD03600][000001699A19B040 49] LinuxClient, [000001699BD9AD00][00000169906251C0 49] LinuxAArch64Client, [000001699BD00B00][0000016990635340 49] LinuxServer, [000001699BD98400][00000169906394C0 49] LinuxAArch64Server, [000001699BD03C00][0000016990649640 49] Android, [000001699BD37A00][0000016999D7F7C0 49] Android_Low, [000001699BCEDB00][0000016999D83940 49] Android_Mid, [000001699BD37000][0000016999D87AC0 49] Android_High, [000001699BCEE300][00000169991E00C0 49] Android_Default, [000001699BD36000][0000016999220240 49] Android_Adreno4xx, [000001699BCEC100][000001699922E3C0 49] Android_Adreno5xx_Low, [000001699BD34B00][0000016999232540 49] Android_Adreno5xx, [000001699BCED800][00000169992366C0 49] Android_Adreno6xx, [000001699BD35100][0000016995C40840 49] Android_Adreno6xx_Vulkan, [000001699BCEC800][0000016995C449C0 49] Android_Mali_T6xx, [000001699BD37600][0000016995C48B40 49] Android_Mali_T7xx, [000001699BCECD00][0000016995C4CCC0 49] Android_Mali_T8xx, [000001699BD37C00][000001699A196E00 49] Android_Mali_G71, [000001699BCED500][0000016993818F40 49] Android_Mali_G72, [000001699BD37E00][0000016995C51080 49] Android_Mali_G72_Vulkan, [000001699BCEFD00][0000016995C551C0 49] Android_Mali_G76, [000001699BD37900][0000016990B35340 49] Android_Mali_G76_Vulkan, [000001699BCEF600][0000016990B394C0 49] Android_Mali_G77, [000001699BD36200][0000016990B79640 49] Android_Mali_G77_Vulkan, [000001699BCEF800][0000016990B7D7C0 49] Android_Mali_G78, [000001699BD34A00][0000016990B81940 49] Android_Mali_G78_Vulkan, [000001699BCEF400][000001699A0E9AC0 49] Android_Mali_G710, [000001699BD35400][000001699A0EC0C0 49] Android_Mali_G710_Vulkan, [000001699BCEC600][0000016999AAA240 49] Android_Vulkan_SM5, [000001699BD36400][0000016999AAE3C0 49] Android_PowerVR_G6xxx, [000001699BCECE00][0000016999AB2540 49] Android_PowerVR_GT7xxx, [000001699BD34200][0000016999AB66C0 49] Android_PowerVR_GE8xxx, [000001699BCEC700][0000016999ABA840 49] Android_PowerVR_GM9xxx, [000001699BD36100][0000016999ABE9C0 49] Android_PowerVR_GM9xxx_Vulkan, [000001699BD02600][0000016999FCAB40 49] Android_TegraK1, [000001699BD36A00][000001699A164CC0 49] Android_Unknown_Vulkan, [000001699BD01400][0000016999FCEE40 49] Lumin, [000001699BD35300][0000016995C58F80 49] Lumin_Desktop, [000001699BD00C00][0000016999FFB0C0 49] HoloLens, 
[2024.12.14-18.05.07:482][  0]LogMeshReduction: Using QuadricMeshReduction for automatic static mesh reduction
[2024.12.14-18.05.07:482][  0]LogMeshReduction: Using SimplygonMeshReduction for automatic skeletal mesh reduction
[2024.12.14-18.05.07:482][  0]LogMeshReduction: Using ProxyLODMeshReduction for automatic mesh merging
[2024.12.14-18.05.07:482][  0]LogMeshReduction: No distributed automatic mesh merging module available
[2024.12.14-18.05.07:482][  0]LogMeshMerging: No distributed automatic mesh merging module available
[2024.12.14-18.05.07:502][  0]LogNetVersion: InsectHeaven 1.0.0, NetCL: 17155196, EngineNetVer: 17, GameNetVer: 0 (Checksum: 3375795940)
[2024.12.14-18.05.07:735][  0]LogTexture: Default maximum texture size for cubemaps generated from long-lat sources has been changed from 512 to unlimited. In order to preserve old behaiour for '/Engine/MapTemplates/Sky/DaylightAmbientCubemap.DaylightAmbientCubemap', its maximum texture size has been explicitly set to 512.
[2024.12.14-18.05.07:767][  0]LogHMD: PokeAHoleMaterial loaded successfully
[2024.12.14-18.05.07:771][  0]LogUObjectArray: 17178 objects as part of root set at end of initial load.
[2024.12.14-18.05.07:772][  0]LogUObjectAllocator: 4302048 out of 0 bytes used by permanent object pool.
[2024.12.14-18.05.07:772][  0]LogUObjectArray: CloseDisregardForGC: 0/0 objects in disregard for GC pool
[2024.12.14-18.05.08:316][  0]LogNiagaraDebuggerClient: Niagara Debugger Client Initialized | Session: 31BB9E7744EB8253D6396D9B653F5B3E | Instance: 8897FF3647BF0E9D8A37C98A66265441 (DESKTOP-NS5ONMH-21920).
[2024.12.14-18.05.08:622][  0]LogPython: Using Python 3.7.7
[2024.12.14-18.05.08:948][  0]LogTcpMessaging: Initializing TcpMessaging bridge
[2024.12.14-18.05.08:959][  0]LogUdpMessaging: Initializing bridge on interface 0.0.0.0:0 to multicast group 230.0.0.1:6666.
[2024.12.14-18.05.09:527][  0]SourceControl: 소스 컨트롤이 꺼졌습니다.
[2024.12.14-18.05.09:528][  0]SourceControl: 소스 컨트롤이 꺼졌습니다.
[2024.12.14-18.05.09:537][  0]SourceControl: 소스 컨트롤이 꺼졌습니다.
[2024.12.14-18.05.09:545][  0]SourceControl: 소스 컨트롤이 꺼졌습니다.
[2024.12.14-18.05.09:576][  0]SourceControl: 소스 컨트롤이 꺼졌습니다.
[2024.12.14-18.05.09:592][  0]LogUProjectInfo: Found projects:
[2024.12.14-18.05.10:140][  0]LogOpenImageDenoise: OIDN starting up
[2024.12.14-18.05.10:213][  0]LogAndroidPermission: UAndroidPermissionCallbackProxy::GetInstance
[2024.12.14-18.05.10:269][  0]LogAudioCaptureCore: Display: No Audio Capture implementations found. Audio input will be silent.
[2024.12.14-18.05.10:269][  0]LogAudioCaptureCore: Display: No Audio Capture implementations found. Audio input will be silent.
[2024.12.14-18.05.10:481][  0]LogCollectionManager: Loaded 0 collections in 0.001326 seconds
[2024.12.14-18.05.10:534][  0]LogFileCache: Scanning file cache for directory 'C:/Users/nanim/GitHub/NewNewInsectHeaven/InsectHeaven/Saved/Collections/' took 0.00s
[2024.12.14-18.05.10:534][  0]LogFileCache: Scanning file cache for directory 'C:/Users/nanim/GitHub/NewNewInsectHeaven/InsectHeaven/Content/Developers/nanim/Collections/' took 0.00s
[2024.12.14-18.05.10:534][  0]LogFileCache: Scanning file cache for directory 'C:/Users/nanim/GitHub/NewNewInsectHeaven/InsectHeaven/Content/Collections/' took 0.00s
[2024.12.14-18.05.10:534][  0]LogOcInput: OculusInput pre-init called
[2024.12.14-18.05.10:729][  0]LogClass: Display: IntProperty FCharacter_2D::Name is not initialized properly. Module:InsectHeaven File:Table/DataStruct/Character_2D.h
[2024.12.14-18.05.10:729][  0]LogClass: Display: IntProperty FCharacter_2D::ImageID is not initialized properly. Module:InsectHeaven File:Table/DataStruct/Character_2D.h
[2024.12.14-18.05.10:730][  0]LogClass: Warning: ObjectProperty FDialogueClip::formerAction is not initialized properly. Module:InsectHeaven File:Library/Dialogue/DialogueEditToolWidget.h
[2024.12.14-18.05.10:730][  0]LogClass: Warning: ObjectProperty FDialogueClip::nowAction is not initialized properly. Module:InsectHeaven File:Library/Dialogue/DialogueEditToolWidget.h
[2024.12.14-18.05.10:730][  0]LogClass: Display: IntProperty FResource_Widget::PathFile is not initialized properly. Module:InsectHeaven File:Table/DataStruct/Resource_Widget.h
[2024.12.14-18.05.10:730][  0]LogClass: Display: IntProperty FScript_Local::Test is not initialized properly. Module:InsectHeaven File:Table/DataStruct/Script_Local.h
[2024.12.14-18.05.10:731][  0]LogClass: Display: 6 Uninitialized script struct members found including 2 object properties
[2024.12.14-18.05.10:731][  0]LogAutomationTest: Warning: ObjectProperty FDialogueClip::formerAction is not initialized properly. Module:InsectHeaven File:Library/Dialogue/DialogueEditToolWidget.h
[2024.12.14-18.05.10:731][  0]LogAutomationTest: Warning: ObjectProperty FDialogueClip::nowAction is not initialized properly. Module:InsectHeaven File:Library/Dialogue/DialogueEditToolWidget.h
[2024.12.14-18.05.10:732][  0]LogEngine: Initializing Engine...
[2024.12.14-18.05.10:741][  0]LogHMD: Failed to enumerate extensions. Please check that you have a valid OpenXR runtime installed.
[2024.12.14-18.05.10:741][  0]LogHMD: Failed to initialize OpenVR with code 110
[2024.12.14-18.05.10:741][  0]LogMagicLeap: Warning: VR disabled because ZI is not enabled.  To enable, in the editor, Edit -> Project Settings -> Plugins -> Magic Leap Plugin -> Enable Zero Iteration
[2024.12.14-18.05.10:742][  0]LogStats: UGameplayTagsManager::InitializeManager -  0.000 s
[2024.12.14-18.05.10:813][  0]LogInit: Initializing FReadOnlyCVARCache
[2024.12.14-18.05.10:828][  0]LogAIModule: Creating AISystem for world Untitled
[2024.12.14-18.05.10:828][  0]LogAudio: Display: Initializing Audio Device Manager...
[2024.12.14-18.05.10:836][  0]LogAudio: Display: Loading Default Audio Settings Objects...
[2024.12.14-18.05.10:837][  0]LogAudio: Display: No default SoundConcurrencyObject specified (or failed to load).
[2024.12.14-18.05.10:837][  0]LogAudio: Display: Audio Device Manager Initialized
[2024.12.14-18.05.10:837][  0]LogAudio: Display: Creating Audio Device:                 Id: 1, Scope: Shared, Realtime: True
[2024.12.14-18.05.10:837][  0]LogAudioMixer: Display: Audio Mixer Platform Settings:
[2024.12.14-18.05.10:837][  0]LogAudioMixer: Display: 	Sample Rate:						  48000
[2024.12.14-18.05.10:838][  0]LogAudioMixer: Display: 	Callback Buffer Frame Size Requested: 1024
[2024.12.14-18.05.10:838][  0]LogAudioMixer: Display: 	Callback Buffer Frame Size To Use:	  1024
[2024.12.14-18.05.10:838][  0]LogAudioMixer: Display: 	Number of buffers to queue:			  2
[2024.12.14-18.05.10:838][  0]LogAudioMixer: Display: 	Max Channels (voices):				  32
[2024.12.14-18.05.10:838][  0]LogAudioMixer: Display: 	Number of Async Source Workers:		  0
[2024.12.14-18.05.10:838][  0]LogAudio: Display: AudioDevice MaxSources: 32
[2024.12.14-18.05.10:838][  0]LogAudio: Display: Audio Spatialization Plugin: None (built-in).
[2024.12.14-18.05.10:839][  0]LogAudio: Display: Audio Reverb Plugin: None (built-in).
[2024.12.14-18.05.10:839][  0]LogAudio: Display: Audio Occlusion Plugin: None (built-in).
[2024.12.14-18.05.10:839][  0]LogAudioMixer: Display: Initializing audio mixer.
[2024.12.14-18.05.10:875][  0]LogAudioMixer: Display: 0: FrontLeft
[2024.12.14-18.05.10:875][  0]LogAudioMixer: Display: 1: FrontRight
[2024.12.14-18.05.10:924][  0]LogAudioMixer: Display: Using Audio Device 스피커(ABKO N550)
[2024.12.14-18.05.10:926][  0]LogAudioMixer: Display: Initializing Sound Submixes...
[2024.12.14-18.05.10:928][  0]LogAudioMixer: Display: Creating Master Submix 'MasterSubmixDefault'
[2024.12.14-18.05.10:929][  0]LogAudioMixer: Display: Creating Master Submix 'MasterReverbSubmixDefault'
[2024.12.14-18.05.10:929][  0]LogAudioMixer: Display: Creating Master Submix 'MasterEQSubmixDefault'
[2024.12.14-18.05.10:929][  0]LogAudioMixer: FMixerPlatformXAudio2::StartAudioStream() called
[2024.12.14-18.05.10:930][  0]LogAudioMixer: Display: Output buffers initialized: Frames=1024, Channels=2, Samples=2048
[2024.12.14-18.05.10:931][  0]LogAudioMixer: Display: Starting AudioMixerPlatformInterface::RunInternal()
[2024.12.14-18.05.10:931][  0]LogAudioMixer: Display: FMixerPlatformXAudio2::SubmitBuffer() called for the first time
[2024.12.14-18.05.10:931][  0]LogInit: FAudioDevice initialized.
[2024.12.14-18.05.10:931][  0]LogAudio: Display: Audio Device (ID: 1) registered with world 'Untitled'.
[2024.12.14-18.05.10:931][  0]LogNetVersion: Set ProjectVersion to 1.0.0.0. Version Checksum will be recalculated on next use.
[2024.12.14-18.05.11:128][  0]LogDerivedDataCache: Saved boot cache 0.20s 94MB C:/Users/nanim/AppData/Local/UnrealEngine/4.27/DerivedDataCache/Boot.ddc.
[2024.12.14-18.05.11:129][  0]LogInit: Texture streaming: Enabled
[2024.12.14-18.05.11:156][  0]LogAnalytics: Display: [UEEditor.Rocket.Release] APIServer = https://datarouter.ol.epicgames.com/. AppVersion = 4.27.2-18319896+++UE4+Release-4.27
[2024.12.14-18.05.11:167][  0]LogEngineSessionManager: EngineSessionManager initialized
[2024.12.14-18.05.11:167][  0]LogEngineSessionManager: EngineSessionManager sent abnormal shutdown report. Type=Debugger, SessionId={7C2FE824-4348-2598-A541-51AE4551CC43}
[2024.12.14-18.05.11:168][  0]LogEditorSessionSummary: Verbose: Initializing EditorSessionSummaryWriter for editor session tracking
[2024.12.14-18.05.11:171][  0]LogEditorSessionSummary: EditorSessionSummaryWriter initialized
[2024.12.14-18.05.11:198][  0]LogInit: Transaction tracking system initialized
[2024.12.14-18.05.11:244][  0]BlueprintLog: New page: 에디터 로드
[2024.12.14-18.05.11:371][  0]LocalizationService: 현지화 서비스가 비활성화되었습니다.
[2024.12.14-18.05.11:444][  0]TimingProfiler: Initialize
[2024.12.14-18.05.11:445][  0]TimingProfiler: OnSessionChanged
[2024.12.14-18.05.11:445][  0]LoadingProfiler: Initialize
[2024.12.14-18.05.11:445][  0]LoadingProfiler: OnSessionChanged
[2024.12.14-18.05.11:445][  0]NetworkingProfiler: Initialize
[2024.12.14-18.05.11:445][  0]NetworkingProfiler: OnSessionChanged
[2024.12.14-18.05.11:445][  0]MemoryProfiler: Initialize
[2024.12.14-18.05.11:446][  0]MemoryProfiler: OnSessionChanged
[2024.12.14-18.05.11:626][  0]LogCook: Display: CookSettings for Memory: MemoryMaxUsedVirtual 0MiB, MemoryMaxUsedPhysical 16384MiB, MemoryMinFreeVirtual 0MiB, MemoryMinFreePhysical 1024MiB
[2024.12.14-18.05.11:626][  0]LogCook: Display: Mobile HDR setting 1
[2024.12.14-18.05.12:004][  0]LogFileCache: Scanning file cache for directory 'C:/Users/nanim/GitHub/NewNewInsectHeaven/InsectHeaven/Content/' took 0.01s
[2024.12.14-18.05.12:131][  0]LogInit: Display: Engine is initialized. Leaving FEngineLoop::Init()
[2024.12.14-18.05.12:135][  0]SourceControl: 소스 컨트롤이 꺼졌습니다.
[2024.12.14-18.05.12:135][  0]LogUnrealEdMisc: Loading editor; pre map load, took 8.817
[2024.12.14-18.05.12:135][  0]Cmd: MAP LOAD FILE="../../../../../Users/nanim/GitHub/NewNewInsectHeaven/InsectHeaven/Content/Scene/EmptyMainLevel.umap" TEMPLATE=0 SHOWPROGRESS=1 FEATURELEVEL=3
[2024.12.14-18.05.12:136][  0]LightingResults: New page: 라이팅 빌드
[2024.12.14-18.05.12:137][  0]LogWorld: UWorld::CleanupWorld for Untitled, bSessionEnded=true, bCleanupResources=true
[2024.12.14-18.05.12:137][  0]LogSlate: InvalidateAllWidgets triggered.  All widgets were invalidated
[2024.12.14-18.05.12:137][  0]MapCheck: New page: 맵 체크
[2024.12.14-18.05.12:137][  0]LightingResults: New page: 라이팅 빌드
[2024.12.14-18.05.12:146][  0]LogAudio: Display: Audio Device unregistered from world 'None'.
[2024.12.14-18.05.12:148][  0]LogUObjectHash: Compacting FUObjectHashTables data took   0.44ms
[2024.12.14-18.05.12:152][  0]LogAudio: Display: Audio Device (ID: 1) registered with world 'EmptyMainLevel'.
[2024.12.14-18.05.12:153][  0]LogAIModule: Creating AISystem for world EmptyMainLevel
[2024.12.14-18.05.12:153][  0]LogEditorServer: Finished looking for orphan Actors (0.000 secs)
[2024.12.14-18.05.12:157][  0]LogUObjectHash: Compacting FUObjectHashTables data took   0.37ms
[2024.12.14-18.05.12:157][  0]Cmd: MAP CHECKDEP NOCLEARLOG
[2024.12.14-18.05.12:157][  0]MapCheck: 맵 체크 완료: 오류 0 회, 경고 0 회, 소요 시간 0.223ms.
[2024.12.14-18.05.12:157][  0]LogFileHelpers: Loading map 'EmptyMainLevel' took 0.022
[2024.12.14-18.05.12:162][  0]LogUnrealEdMisc: Total Editor Startup Time, took 8.843
[2024.12.14-18.05.12:316][  0]LogSlate: Updating window title bar state: overlay mode, drag disabled, window buttons hidden, title bar hidden
[2024.12.14-18.05.12:321][  0]LogSlate: Updating window title bar state: overlay mode, drag disabled, window buttons hidden, title bar hidden
[2024.12.14-18.05.12:324][  0]LogSlate: Updating window title bar state: overlay mode, drag disabled, window buttons hidden, title bar hidden
[2024.12.14-18.05.12:328][  0]LogSlate: Updating window title bar state: overlay mode, drag disabled, window buttons hidden, title bar hidden
[2024.12.14-18.05.12:340][  0]LogNativeClassHierarchy: Verbose: Native class hierarchy populated in 0.0076 seconds. Added 3875 classes and 945 folders.
[2024.12.14-18.05.12:342][  0]LogNativeClassHierarchy: Verbose: Native class hierarchy updated for 'WidgetCarousel' in 0.0002 seconds. Added 0 classes and 0 folders.
[2024.12.14-18.05.12:343][  0]LogPakFile: PakFile PrimaryIndexSize=187
[2024.12.14-18.05.12:343][  0]LogPakFile: PakFile PathHashIndexSize=101
[2024.12.14-18.05.12:344][  0]LogPakFile: PakFile FullDirectoryIndexSize=148
[2024.12.14-18.05.12:344][  0]LogShaderLibrary: Display: ShaderCodeLibraryPakFileMountedCallback: PakFile 'C:/Program Files/UE_4.27/FeaturePacks/FP_FirstPerson.upack' (chunk index -1, root 'root:/') mounted
[2024.12.14-18.05.12:344][  0]LogShaderLibrary: Display: ShaderCodeLibraryPakFileMountedCallback: pending pak file info (ChunkID:-1 Root:root:/ File:C:/Program Files/UE_4.27/FeaturePacks/FP_FirstPerson.upack)
[2024.12.14-18.05.12:344][  0]LogPakFile: OnPakFileMounted2Time == 0.000287
[2024.12.14-18.05.12:345][  0]LogPakFile: PakFile PrimaryIndexSize=189
[2024.12.14-18.05.12:345][  0]LogPakFile: PakFile PathHashIndexSize=101
[2024.12.14-18.05.12:345][  0]LogPakFile: PakFile FullDirectoryIndexSize=152
[2024.12.14-18.05.12:345][  0]LogShaderLibrary: Display: ShaderCodeLibraryPakFileMountedCallback: PakFile 'C:/Program Files/UE_4.27/FeaturePacks/FP_FirstPersonBP.upack' (chunk index -1, root 'root:/') mounted
[2024.12.14-18.05.12:345][  0]LogShaderLibrary: Display: ShaderCodeLibraryPakFileMountedCallback: pending pak file info (ChunkID:-1 Root:root:/ File:C:/Program Files/UE_4.27/FeaturePacks/FP_FirstPersonBP.upack)
[2024.12.14-18.05.12:345][  0]LogPakFile: OnPakFileMounted2Time == 0.000283
[2024.12.14-18.05.12:346][  0]LogPakFile: PakFile PrimaryIndexSize=191
[2024.12.14-18.05.12:346][  0]LogPakFile: PakFile PathHashIndexSize=101
[2024.12.14-18.05.12:346][  0]LogPakFile: PakFile FullDirectoryIndexSize=160
[2024.12.14-18.05.12:346][  0]LogShaderLibrary: Display: ShaderCodeLibraryPakFileMountedCallback: PakFile 'C:/Program Files/UE_4.27/FeaturePacks/MobileStarterContent.upack' (chunk index -1, root 'root:/') mounted
[2024.12.14-18.05.12:346][  0]LogShaderLibrary: Display: ShaderCodeLibraryPakFileMountedCallback: pending pak file info (ChunkID:-1 Root:root:/ File:C:/Program Files/UE_4.27/FeaturePacks/MobileStarterContent.upack)
[2024.12.14-18.05.12:346][  0]LogPakFile: OnPakFileMounted2Time == 0.000220
[2024.12.14-18.05.12:347][  0]LogPakFile: PakFile PrimaryIndexSize=185
[2024.12.14-18.05.12:347][  0]LogPakFile: PakFile PathHashIndexSize=101
[2024.12.14-18.05.12:347][  0]LogPakFile: PakFile FullDirectoryIndexSize=148
[2024.12.14-18.05.12:347][  0]LogShaderLibrary: Display: ShaderCodeLibraryPakFileMountedCallback: PakFile 'C:/Program Files/UE_4.27/FeaturePacks/StarterContent.upack' (chunk index -1, root 'root:/') mounted
[2024.12.14-18.05.12:347][  0]LogShaderLibrary: Display: ShaderCodeLibraryPakFileMountedCallback: pending pak file info (ChunkID:-1 Root:root:/ File:C:/Program Files/UE_4.27/FeaturePacks/StarterContent.upack)
[2024.12.14-18.05.12:348][  0]LogPakFile: OnPakFileMounted2Time == 0.000288
[2024.12.14-18.05.12:348][  0]LogPakFile: PakFile PrimaryIndexSize=190
[2024.12.14-18.05.12:348][  0]LogPakFile: PakFile PathHashIndexSize=101
[2024.12.14-18.05.12:348][  0]LogPakFile: PakFile FullDirectoryIndexSize=154
[2024.12.14-18.05.12:349][  0]LogShaderLibrary: Display: ShaderCodeLibraryPakFileMountedCallback: PakFile 'C:/Program Files/UE_4.27/FeaturePacks/TP_2DSideScroller.upack' (chunk index -1, root 'root:/') mounted
[2024.12.14-18.05.12:349][  0]LogShaderLibrary: Display: ShaderCodeLibraryPakFileMountedCallback: pending pak file info (ChunkID:-1 Root:root:/ File:C:/Program Files/UE_4.27/FeaturePacks/TP_2DSideScroller.upack)
[2024.12.14-18.05.12:349][  0]LogPakFile: OnPakFileMounted2Time == 0.000279
[2024.12.14-18.05.12:349][  0]LogPakFile: PakFile PrimaryIndexSize=192
[2024.12.14-18.05.12:349][  0]LogPakFile: PakFile PathHashIndexSize=101
[2024.12.14-18.05.12:350][  0]LogPakFile: PakFile FullDirectoryIndexSize=158
[2024.12.14-18.05.12:350][  0]LogShaderLibrary: Display: ShaderCodeLibraryPakFileMountedCallback: PakFile 'C:/Program Files/UE_4.27/FeaturePacks/TP_2DSideScrollerBP.upack' (chunk index -1, root 'root:/') mounted
[2024.12.14-18.05.12:350][  0]LogShaderLibrary: Display: ShaderCodeLibraryPakFileMountedCallback: pending pak file info (ChunkID:-1 Root:root:/ File:C:/Program Files/UE_4.27/FeaturePacks/TP_2DSideScrollerBP.upack)
[2024.12.14-18.05.12:350][  0]LogPakFile: OnPakFileMounted2Time == 0.000387
[2024.12.14-18.05.12:351][  0]LogPakFile: PakFile PrimaryIndexSize=182
[2024.12.14-18.05.12:351][  0]LogPakFile: PakFile PathHashIndexSize=101
[2024.12.14-18.05.12:351][  0]LogPakFile: PakFile FullDirectoryIndexSize=138
[2024.12.14-18.05.12:351][  0]LogShaderLibrary: Display: ShaderCodeLibraryPakFileMountedCallback: PakFile 'C:/Program Files/UE_4.27/FeaturePacks/TP_Flying.upack' (chunk index -1, root 'root:/') mounted
[2024.12.14-18.05.12:351][  0]LogShaderLibrary: Display: ShaderCodeLibraryPakFileMountedCallback: pending pak file info (ChunkID:-1 Root:root:/ File:C:/Program Files/UE_4.27/FeaturePacks/TP_Flying.upack)
[2024.12.14-18.05.12:351][  0]LogPakFile: OnPakFileMounted2Time == 0.000373
[2024.12.14-18.05.12:352][  0]LogPakFile: PakFile PrimaryIndexSize=184
[2024.12.14-18.05.12:352][  0]LogPakFile: PakFile PathHashIndexSize=101
[2024.12.14-18.05.12:352][  0]LogPakFile: PakFile FullDirectoryIndexSize=142
[2024.12.14-18.05.12:353][  0]LogShaderLibrary: Display: ShaderCodeLibraryPakFileMountedCallback: PakFile 'C:/Program Files/UE_4.27/FeaturePacks/TP_FlyingBP.upack' (chunk index -1, root 'root:/') mounted
[2024.12.14-18.05.12:353][  0]LogShaderLibrary: Display: ShaderCodeLibraryPakFileMountedCallback: pending pak file info (ChunkID:-1 Root:root:/ File:C:/Program Files/UE_4.27/FeaturePacks/TP_FlyingBP.upack)
[2024.12.14-18.05.12:353][  0]LogPakFile: OnPakFileMounted2Time == 0.000259
[2024.12.14-18.05.12:353][  0]LogPakFile: PakFile PrimaryIndexSize=188
[2024.12.14-18.05.12:354][  0]LogPakFile: PakFile PathHashIndexSize=101
[2024.12.14-18.05.12:354][  0]LogPakFile: PakFile FullDirectoryIndexSize=150
[2024.12.14-18.05.12:354][  0]LogShaderLibrary: Display: ShaderCodeLibraryPakFileMountedCallback: PakFile 'C:/Program Files/UE_4.27/FeaturePacks/TP_HandheldARBP.upack' (chunk index -1, root 'root:/') mounted
[2024.12.14-18.05.12:354][  0]LogShaderLibrary: Display: ShaderCodeLibraryPakFileMountedCallback: pending pak file info (ChunkID:-1 Root:root:/ File:C:/Program Files/UE_4.27/FeaturePacks/TP_HandheldARBP.upack)
[2024.12.14-18.05.12:354][  0]LogPakFile: OnPakFileMounted2Time == 0.000365
[2024.12.14-18.05.12:355][  0]LogPakFile: PakFile PrimaryIndexSize=182
[2024.12.14-18.05.12:355][  0]LogPakFile: PakFile PathHashIndexSize=101
[2024.12.14-18.05.12:355][  0]LogPakFile: PakFile FullDirectoryIndexSize=138
[2024.12.14-18.05.12:355][  0]LogShaderLibrary: Display: ShaderCodeLibraryPakFileMountedCallback: PakFile 'C:/Program Files/UE_4.27/FeaturePacks/TP_Puzzle.upack' (chunk index -1, root 'root:/') mounted
[2024.12.14-18.05.12:355][  0]LogShaderLibrary: Display: ShaderCodeLibraryPakFileMountedCallback: pending pak file info (ChunkID:-1 Root:root:/ File:C:/Program Files/UE_4.27/FeaturePacks/TP_Puzzle.upack)
[2024.12.14-18.05.12:355][  0]LogPakFile: OnPakFileMounted2Time == 0.000331
[2024.12.14-18.05.12:356][  0]LogPakFile: PakFile PrimaryIndexSize=184
[2024.12.14-18.05.12:356][  0]LogPakFile: PakFile PathHashIndexSize=101
[2024.12.14-18.05.12:356][  0]LogPakFile: PakFile FullDirectoryIndexSize=142
[2024.12.14-18.05.12:356][  0]LogShaderLibrary: Display: ShaderCodeLibraryPakFileMountedCallback: PakFile 'C:/Program Files/UE_4.27/FeaturePacks/TP_PuzzleBP.upack' (chunk index -1, root 'root:/') mounted
[2024.12.14-18.05.12:357][  0]LogShaderLibrary: Display: ShaderCodeLibraryPakFileMountedCallback: pending pak file info (ChunkID:-1 Root:root:/ File:C:/Program Files/UE_4.27/FeaturePacks/TP_PuzzleBP.upack)
[2024.12.14-18.05.12:357][  0]LogPakFile: OnPakFileMounted2Time == 0.000350
[2024.12.14-18.05.12:357][  0]LogPakFile: PakFile PrimaryIndexSize=183
[2024.12.14-18.05.12:358][  0]LogPakFile: PakFile PathHashIndexSize=101
[2024.12.14-18.05.12:358][  0]LogPakFile: PakFile FullDirectoryIndexSize=140
[2024.12.14-18.05.12:358][  0]LogShaderLibrary: Display: ShaderCodeLibraryPakFileMountedCallback: PakFile 'C:/Program Files/UE_4.27/FeaturePacks/TP_Rolling.upack' (chunk index -1, root 'root:/') mounted
[2024.12.14-18.05.12:358][  0]LogShaderLibrary: Display: ShaderCodeLibraryPakFileMountedCallback: pending pak file info (ChunkID:-1 Root:root:/ File:C:/Program Files/UE_4.27/FeaturePacks/TP_Rolling.upack)
[2024.12.14-18.05.12:358][  0]LogPakFile: OnPakFileMounted2Time == 0.000252
[2024.12.14-18.05.12:359][  0]LogPakFile: PakFile PrimaryIndexSize=185
[2024.12.14-18.05.12:359][  0]LogPakFile: PakFile PathHashIndexSize=101
[2024.12.14-18.05.12:359][  0]LogPakFile: PakFile FullDirectoryIndexSize=144
[2024.12.14-18.05.12:359][  0]LogShaderLibrary: Display: ShaderCodeLibraryPakFileMountedCallback: PakFile 'C:/Program Files/UE_4.27/FeaturePacks/TP_RollingBP.upack' (chunk index -1, root 'root:/') mounted
[2024.12.14-18.05.12:359][  0]LogShaderLibrary: Display: ShaderCodeLibraryPakFileMountedCallback: pending pak file info (ChunkID:-1 Root:root:/ File:C:/Program Files/UE_4.27/FeaturePacks/TP_RollingBP.upack)
[2024.12.14-18.05.12:359][  0]LogPakFile: OnPakFileMounted2Time == 0.000286
[2024.12.14-18.05.12:360][  0]LogPakFile: PakFile PrimaryIndexSize=188
[2024.12.14-18.05.12:360][  0]LogPakFile: PakFile PathHashIndexSize=101
[2024.12.14-18.05.12:360][  0]LogPakFile: PakFile FullDirectoryIndexSize=150
[2024.12.14-18.05.12:360][  0]LogShaderLibrary: Display: ShaderCodeLibraryPakFileMountedCallback: PakFile 'C:/Program Files/UE_4.27/FeaturePacks/TP_SideScroller.upack' (chunk index -1, root 'root:/') mounted
[2024.12.14-18.05.12:360][  0]LogShaderLibrary: Display: ShaderCodeLibraryPakFileMountedCallback: pending pak file info (ChunkID:-1 Root:root:/ File:C:/Program Files/UE_4.27/FeaturePacks/TP_SideScroller.upack)
[2024.12.14-18.05.12:360][  0]LogPakFile: OnPakFileMounted2Time == 0.000265
[2024.12.14-18.05.12:361][  0]LogPakFile: PakFile PrimaryIndexSize=190
[2024.12.14-18.05.12:361][  0]LogPakFile: PakFile PathHashIndexSize=101
[2024.12.14-18.05.12:361][  0]LogPakFile: PakFile FullDirectoryIndexSize=154
[2024.12.14-18.05.12:361][  0]LogShaderLibrary: Display: ShaderCodeLibraryPakFileMountedCallback: PakFile 'C:/Program Files/UE_4.27/FeaturePacks/TP_SideScrollerBP.upack' (chunk index -1, root 'root:/') mounted
[2024.12.14-18.05.12:361][  0]LogShaderLibrary: Display: ShaderCodeLibraryPakFileMountedCallback: pending pak file info (ChunkID:-1 Root:root:/ File:C:/Program Files/UE_4.27/FeaturePacks/TP_SideScrollerBP.upack)
[2024.12.14-18.05.12:361][  0]LogPakFile: OnPakFileMounted2Time == 0.000277
[2024.12.14-18.05.12:362][  0]LogPakFile: PakFile PrimaryIndexSize=187
[2024.12.14-18.05.12:362][  0]LogPakFile: PakFile PathHashIndexSize=101
[2024.12.14-18.05.12:362][  0]LogPakFile: PakFile FullDirectoryIndexSize=148
[2024.12.14-18.05.12:362][  0]LogShaderLibrary: Display: ShaderCodeLibraryPakFileMountedCallback: PakFile 'C:/Program Files/UE_4.27/FeaturePacks/TP_ThirdPerson.upack' (chunk index -1, root 'root:/') mounted
[2024.12.14-18.05.12:362][  0]LogShaderLibrary: Display: ShaderCodeLibraryPakFileMountedCallback: pending pak file info (ChunkID:-1 Root:root:/ File:C:/Program Files/UE_4.27/FeaturePacks/TP_ThirdPerson.upack)
[2024.12.14-18.05.12:362][  0]LogPakFile: OnPakFileMounted2Time == 0.000260
[2024.12.14-18.05.12:363][  0]LogPakFile: PakFile PrimaryIndexSize=189
[2024.12.14-18.05.12:363][  0]LogPakFile: PakFile PathHashIndexSize=101
[2024.12.14-18.05.12:363][  0]LogPakFile: PakFile FullDirectoryIndexSize=152
[2024.12.14-18.05.12:363][  0]LogShaderLibrary: Display: ShaderCodeLibraryPakFileMountedCallback: PakFile 'C:/Program Files/UE_4.27/FeaturePacks/TP_ThirdPersonBP.upack' (chunk index -1, root 'root:/') mounted
[2024.12.14-18.05.12:363][  0]LogShaderLibrary: Display: ShaderCodeLibraryPakFileMountedCallback: pending pak file info (ChunkID:-1 Root:root:/ File:C:/Program Files/UE_4.27/FeaturePacks/TP_ThirdPersonBP.upack)
[2024.12.14-18.05.12:363][  0]LogPakFile: OnPakFileMounted2Time == 0.000239
[2024.12.14-18.05.12:364][  0]LogPakFile: PakFile PrimaryIndexSize=183
[2024.12.14-18.05.12:364][  0]LogPakFile: PakFile PathHashIndexSize=101
[2024.12.14-18.05.12:364][  0]LogPakFile: PakFile FullDirectoryIndexSize=140
[2024.12.14-18.05.12:364][  0]LogShaderLibrary: Display: ShaderCodeLibraryPakFileMountedCallback: PakFile 'C:/Program Files/UE_4.27/FeaturePacks/TP_TopDown.upack' (chunk index -1, root 'root:/') mounted
[2024.12.14-18.05.12:364][  0]LogShaderLibrary: Display: ShaderCodeLibraryPakFileMountedCallback: pending pak file info (ChunkID:-1 Root:root:/ File:C:/Program Files/UE_4.27/FeaturePacks/TP_TopDown.upack)
[2024.12.14-18.05.12:365][  0]LogPakFile: OnPakFileMounted2Time == 0.000307
[2024.12.14-18.05.12:365][  0]LogPakFile: PakFile PrimaryIndexSize=185
[2024.12.14-18.05.12:365][  0]LogPakFile: PakFile PathHashIndexSize=101
[2024.12.14-18.05.12:365][  0]LogPakFile: PakFile FullDirectoryIndexSize=144
[2024.12.14-18.05.12:365][  0]LogShaderLibrary: Display: ShaderCodeLibraryPakFileMountedCallback: PakFile 'C:/Program Files/UE_4.27/FeaturePacks/TP_TopDownBP.upack' (chunk index -1, root 'root:/') mounted
[2024.12.14-18.05.12:365][  0]LogShaderLibrary: Display: ShaderCodeLibraryPakFileMountedCallback: pending pak file info (ChunkID:-1 Root:root:/ File:C:/Program Files/UE_4.27/FeaturePacks/TP_TopDownBP.upack)
[2024.12.14-18.05.12:366][  0]LogPakFile: OnPakFileMounted2Time == 0.000284
[2024.12.14-18.05.12:366][  0]LogPakFile: PakFile PrimaryIndexSize=185
[2024.12.14-18.05.12:366][  0]LogPakFile: PakFile PathHashIndexSize=101
[2024.12.14-18.05.12:366][  0]LogPakFile: PakFile FullDirectoryIndexSize=144
[2024.12.14-18.05.12:367][  0]LogShaderLibrary: Display: ShaderCodeLibraryPakFileMountedCallback: PakFile 'C:/Program Files/UE_4.27/FeaturePacks/TP_TwinStick.upack' (chunk index -1, root 'root:/') mounted
[2024.12.14-18.05.12:367][  0]LogShaderLibrary: Display: ShaderCodeLibraryPakFileMountedCallback: pending pak file info (ChunkID:-1 Root:root:/ File:C:/Program Files/UE_4.27/FeaturePacks/TP_TwinStick.upack)
[2024.12.14-18.05.12:367][  0]LogPakFile: OnPakFileMounted2Time == 0.000337
[2024.12.14-18.05.12:368][  0]LogPakFile: PakFile PrimaryIndexSize=187
[2024.12.14-18.05.12:368][  0]LogPakFile: PakFile PathHashIndexSize=101
[2024.12.14-18.05.12:368][  0]LogPakFile: PakFile FullDirectoryIndexSize=148
[2024.12.14-18.05.12:368][  0]LogShaderLibrary: Display: ShaderCodeLibraryPakFileMountedCallback: PakFile 'C:/Program Files/UE_4.27/FeaturePacks/TP_TwinStickBP.upack' (chunk index -1, root 'root:/') mounted
[2024.12.14-18.05.12:368][  0]LogShaderLibrary: Display: ShaderCodeLibraryPakFileMountedCallback: pending pak file info (ChunkID:-1 Root:root:/ File:C:/Program Files/UE_4.27/FeaturePacks/TP_TwinStickBP.upack)
[2024.12.14-18.05.12:368][  0]LogPakFile: OnPakFileMounted2Time == 0.000314
[2024.12.14-18.05.12:369][  0]LogPakFile: PakFile PrimaryIndexSize=183
[2024.12.14-18.05.12:369][  0]LogPakFile: PakFile PathHashIndexSize=101
[2024.12.14-18.05.12:369][  0]LogPakFile: PakFile FullDirectoryIndexSize=140
[2024.12.14-18.05.12:369][  0]LogShaderLibrary: Display: ShaderCodeLibraryPakFileMountedCallback: PakFile 'C:/Program Files/UE_4.27/FeaturePacks/TP_Vehicle.upack' (chunk index -1, root 'root:/') mounted
[2024.12.14-18.05.12:369][  0]LogShaderLibrary: Display: ShaderCodeLibraryPakFileMountedCallback: pending pak file info (ChunkID:-1 Root:root:/ File:C:/Program Files/UE_4.27/FeaturePacks/TP_Vehicle.upack)
[2024.12.14-18.05.12:369][  0]LogPakFile: OnPakFileMounted2Time == 0.000247
[2024.12.14-18.05.12:370][  0]LogPakFile: PakFile PrimaryIndexSize=186
[2024.12.14-18.05.12:370][  0]LogPakFile: PakFile PathHashIndexSize=101
[2024.12.14-18.05.12:370][  0]LogPakFile: PakFile FullDirectoryIndexSize=146
[2024.12.14-18.05.12:370][  0]LogShaderLibrary: Display: ShaderCodeLibraryPakFileMountedCallback: PakFile 'C:/Program Files/UE_4.27/FeaturePacks/TP_VehicleAdv.upack' (chunk index -1, root 'root:/') mounted
[2024.12.14-18.05.12:370][  0]LogShaderLibrary: Display: ShaderCodeLibraryPakFileMountedCallback: pending pak file info (ChunkID:-1 Root:root:/ File:C:/Program Files/UE_4.27/FeaturePacks/TP_VehicleAdv.upack)
[2024.12.14-18.05.12:370][  0]LogPakFile: OnPakFileMounted2Time == 0.000282
[2024.12.14-18.05.12:371][  0]LogPakFile: PakFile PrimaryIndexSize=188
[2024.12.14-18.05.12:371][  0]LogPakFile: PakFile PathHashIndexSize=101
[2024.12.14-18.05.12:371][  0]LogPakFile: PakFile FullDirectoryIndexSize=150
[2024.12.14-18.05.12:372][  0]LogShaderLibrary: Display: ShaderCodeLibraryPakFileMountedCallback: PakFile 'C:/Program Files/UE_4.27/FeaturePacks/TP_VehicleAdvBP.upack' (chunk index -1, root 'root:/') mounted
[2024.12.14-18.05.12:372][  0]LogShaderLibrary: Display: ShaderCodeLibraryPakFileMountedCallback: pending pak file info (ChunkID:-1 Root:root:/ File:C:/Program Files/UE_4.27/FeaturePacks/TP_VehicleAdvBP.upack)
[2024.12.14-18.05.12:372][  0]LogPakFile: OnPakFileMounted2Time == 0.000349
[2024.12.14-18.05.12:372][  0]LogPakFile: PakFile PrimaryIndexSize=185
[2024.12.14-18.05.12:372][  0]LogPakFile: PakFile PathHashIndexSize=101
[2024.12.14-18.05.12:372][  0]LogPakFile: PakFile FullDirectoryIndexSize=144
[2024.12.14-18.05.12:373][  0]LogShaderLibrary: Display: ShaderCodeLibraryPakFileMountedCallback: PakFile 'C:/Program Files/UE_4.27/FeaturePacks/TP_VehicleBP.upack' (chunk index -1, root 'root:/') mounted
[2024.12.14-18.05.12:373][  0]LogShaderLibrary: Display: ShaderCodeLibraryPakFileMountedCallback: pending pak file info (ChunkID:-1 Root:root:/ File:C:/Program Files/UE_4.27/FeaturePacks/TP_VehicleBP.upack)
[2024.12.14-18.05.12:373][  0]LogPakFile: OnPakFileMounted2Time == 0.000388
[2024.12.14-18.05.12:374][  0]LogPakFile: PakFile PrimaryIndexSize=192
[2024.12.14-18.05.12:374][  0]LogPakFile: PakFile PathHashIndexSize=101
[2024.12.14-18.05.12:374][  0]LogPakFile: PakFile FullDirectoryIndexSize=158
[2024.12.14-18.05.12:374][  0]LogShaderLibrary: Display: ShaderCodeLibraryPakFileMountedCallback: PakFile 'C:/Program Files/UE_4.27/FeaturePacks/TP_VirtualRealityBP.upack' (chunk index -1, root 'root:/') mounted
[2024.12.14-18.05.12:374][  0]LogShaderLibrary: Display: ShaderCodeLibraryPakFileMountedCallback: pending pak file info (ChunkID:-1 Root:root:/ File:C:/Program Files/UE_4.27/FeaturePacks/TP_VirtualRealityBP.upack)
[2024.12.14-18.05.12:374][  0]LogPakFile: OnPakFileMounted2Time == 0.000282
[2024.12.14-18.05.12:417][  0]LogNativeClassHierarchy: Verbose: Native class hierarchy updated for 'AddContentDialog' in 0.0003 seconds. Added 0 classes and 0 folders.
[2024.12.14-18.05.12:418][  0]LogNativeClassHierarchy: Verbose: Native class hierarchy updated for 'SceneOutliner' in 0.0002 seconds. Added 2 classes and 0 folders.
[2024.12.14-18.05.12:566][  0]LogSlate: Took 0.000241 seconds to synchronously load lazily loaded font '../../../Engine/Content/Slate/Fonts/Roboto-Regular.ttf' (155K)
[2024.12.14-18.05.12:567][  0]LogSlate: Took 0.000197 seconds to synchronously load lazily loaded font '../../../Engine/Content/Editor/Slate/Fonts/FontAwesome.ttf' (139K)
[2024.12.14-18.05.12:570][  0]LogSlate: Took 0.001860 seconds to synchronously load lazily loaded font '../../../Engine/Content/Editor/Slate/Fonts/NanumGothic.ttf' (4243K)
[2024.12.14-18.05.12:572][  0]LogSlate: Took 0.001515 seconds to synchronously load lazily loaded font '../../../Engine/Content/Editor/Slate/Fonts/NanumGothicBold.ttf' (4188K)
[2024.12.14-18.05.12:573][  0]LogSlate: Took 0.000230 seconds to synchronously load lazily loaded font '../../../Engine/Content/Slate/Fonts/Roboto-Bold.ttf' (160K)
[2024.12.14-18.05.12:615][  0]LogRenderer: Reallocating scene render targets to support 1616x808 Format 10 NumSamples 1 (Frame:1).
[2024.12.14-18.05.12:672][  0]LogNativeClassHierarchy: Verbose: Native class hierarchy updated for 'HierarchicalLODOutliner' in 0.0002 seconds. Added 0 classes and 0 folders.
[2024.12.14-18.05.12:672][  0]LogLoad: (Engine Initialization) Total time: 9.35 seconds
[2024.12.14-18.05.12:672][  0]LogLoad: (Engine Initialization) Total Blueprint compile time: 0.00 seconds
[2024.12.14-18.05.12:705][  0]LogAssetRegistry: Asset discovery search completed in 5.5056 seconds
[2024.12.14-18.05.12:709][  0]LogCollectionManager: Fixed up redirectors for 0 collections in 0.000003 seconds (updated 0 objects)
[2024.12.14-18.05.12:711][  0]LogContentStreaming: Texture pool size now 1000 MB
[2024.12.14-18.05.12:724][  1]LogFileCache: Retrieving MD5 hashes for directory 'C:/Users/nanim/GitHub/NewNewInsectHeaven/InsectHeaven/Content/' took 0.04s
[2024.12.14-18.05.19:028][537]Cmd: MAP LOAD FILE="../../../../../Users/nanim/GitHub/NewNewInsectHeaven/InsectHeaven/Content/Dialogue/DialogueWorld.umap" TEMPLATE=0 SHOWPROGRESS=1 FEATURELEVEL=3
[2024.12.14-18.05.19:031][537]LogSlate: Took 0.000263 seconds to synchronously load lazily loaded font '../../../Engine/Content/Slate/Fonts/Roboto-Light.ttf' (167K)
[2024.12.14-18.05.19:039][537]LightingResults: New page: 라이팅 빌드
[2024.12.14-18.05.19:039][537]LoadErrors: New page: 맵 로드 중: DialogueWorld.umap
[2024.12.14-18.05.19:041][537]LogWorld: UWorld::CleanupWorld for EmptyMainLevel, bSessionEnded=true, bCleanupResources=true
[2024.12.14-18.05.19:041][537]LogSlate: InvalidateAllWidgets triggered.  All widgets were invalidated
[2024.12.14-18.05.19:041][537]MapCheck: New page: 맵 체크
[2024.12.14-18.05.19:042][537]LightingResults: New page: 라이팅 빌드
[2024.12.14-18.05.19:059][537]LogAudio: Display: Audio Device unregistered from world 'None'.
[2024.12.14-18.05.19:060][537]LogUObjectHash: Compacting FUObjectHashTables data took   0.55ms
[2024.12.14-18.05.19:062][537]LogAudio: Display: Audio Device (ID: 1) registered with world 'DialogueWorld'.
[2024.12.14-18.05.19:063][537]LogAIModule: Creating AISystem for world DialogueWorld
[2024.12.14-18.05.19:064][537]LogEditorServer: Finished looking for orphan Actors (0.000 secs)
[2024.12.14-18.05.19:070][537]LogUObjectHash: Compacting FUObjectHashTables data took   0.42ms
[2024.12.14-18.05.19:088][537]Cmd: MAP CHECKDEP NOCLEARLOG
[2024.12.14-18.05.19:088][537]MapCheck: 맵 체크 완료: 오류 0 회, 경고 0 회, 소요 시간 0.14ms.
[2024.12.14-18.05.19:088][537]LogFileHelpers: Loading map 'DialogueWorld' took 0.060
[2024.12.14-18.05.19:092][537]LogPlayLevel: PlayLevel: No blueprints needed recompiling
[2024.12.14-18.05.19:093][537]PIE: New page: PIE 세션: DialogueWorld (2024. 12. 15. 오후 12:05:19)
[2024.12.14-18.05.19:094][537]LogOnline: OSS: Creating online subsystem instance for: NULL
[2024.12.14-18.05.19:095][537]LogOnline: OSS: TryLoadSubsystemAndSetDefault: Loaded subsystem for module [NULL]
[2024.12.14-18.05.19:096][537]LogPlayLevel: Creating play world package: /Game/Dialogue/UEDPIE_0_DialogueWorld
[2024.12.14-18.05.19:097][537]LogPlayLevel: PIE: StaticDuplicateObject took: (0.000454s)
[2024.12.14-18.05.19:097][537]LogAIModule: Creating AISystem for world DialogueWorld
[2024.12.14-18.05.19:098][537]LogPlayLevel: PIE: World Init took: (0.000734s)
[2024.12.14-18.05.19:098][537]LogPlayLevel: PIE: Created PIE world by copying editor world from /Game/Dialogue/DialogueWorld.DialogueWorld to /Game/Dialogue/UEDPIE_0_DialogueWorld.DialogueWorld (0.001588s)
[2024.12.14-18.05.19:101][537]LogUObjectHash: Compacting FUObjectHashTables data took   0.49ms
[2024.12.14-18.05.19:107][537]LogSlate: InvalidateAllWidgets triggered.  All widgets were invalidated
[2024.12.14-18.05.19:108][537]LogAudio: Display: Creating Audio Device:                 Id: 2, Scope: Unique, Realtime: True
[2024.12.14-18.05.19:108][537]LogAudioMixer: Display: Audio Mixer Platform Settings:
[2024.12.14-18.05.19:108][537]LogAudioMixer: Display: 	Sample Rate:						  48000
[2024.12.14-18.05.19:108][537]LogAudioMixer: Display: 	Callback Buffer Frame Size Requested: 1024
[2024.12.14-18.05.19:108][537]LogAudioMixer: Display: 	Callback Buffer Frame Size To Use:	  1024
[2024.12.14-18.05.19:108][537]LogAudioMixer: Display: 	Number of buffers to queue:			  2
[2024.12.14-18.05.19:108][537]LogAudioMixer: Display: 	Max Channels (voices):				  32
[2024.12.14-18.05.19:109][537]LogAudioMixer: Display: 	Number of Async Source Workers:		  0
[2024.12.14-18.05.19:109][537]LogAudio: Display: AudioDevice MaxSources: 32
[2024.12.14-18.05.19:109][537]LogAudio: Display: Audio Spatialization Plugin: None (built-in).
[2024.12.14-18.05.19:109][537]LogAudio: Display: Audio Reverb Plugin: None (built-in).
[2024.12.14-18.05.19:109][537]LogAudio: Display: Audio Occlusion Plugin: None (built-in).
[2024.12.14-18.05.19:109][537]LogAudioMixer: Display: Initializing audio mixer.
[2024.12.14-18.05.19:124][537]LogAudioMixer: Display: 0: FrontLeft
[2024.12.14-18.05.19:124][537]LogAudioMixer: Display: 1: FrontRight
[2024.12.14-18.05.19:139][537]LogAudioMixer: Display: Using Audio Device 스피커(ABKO N550)
[2024.12.14-18.05.19:140][537]LogAudioMixer: Display: Initializing Sound Submixes...
[2024.12.14-18.05.19:140][537]LogAudioMixer: Display: Creating Master Submix 'MasterSubmixDefault'
[2024.12.14-18.05.19:140][537]LogAudioMixer: Display: Creating Master Submix 'MasterReverbSubmixDefault'
[2024.12.14-18.05.19:140][537]LogAudioMixer: Display: Creating Master Submix 'MasterEQSubmixDefault'
[2024.12.14-18.05.19:140][537]LogAudioMixer: FMixerPlatformXAudio2::StartAudioStream() called
[2024.12.14-18.05.19:141][537]LogAudioMixer: Display: Output buffers initialized: Frames=1024, Channels=2, Samples=2048
[2024.12.14-18.05.19:142][537]LogAudioMixer: Display: Starting AudioMixerPlatformInterface::RunInternal()
[2024.12.14-18.05.19:142][537]LogAudioMixer: Display: FMixerPlatformXAudio2::SubmitBuffer() called for the first time
[2024.12.14-18.05.19:142][537]LogInit: FAudioDevice initialized.
[2024.12.14-18.05.19:142][537]LogAudio: Display: Audio Device (ID: 2) registered with world 'DialogueWorld'.
[2024.12.14-18.05.19:149][537]LogLoad: Game class is 'IH_GameMode_DialgueTool'
[2024.12.14-18.05.19:149][537]LogWorld: Bringing World /Game/Dialogue/UEDPIE_0_DialogueWorld.DialogueWorld up for play (max tick rate 0) at 2024.12.15-03.05.19
[2024.12.14-18.05.19:150][537]LogWorld: Bringing up level for play took: 0.000364
[2024.12.14-18.05.19:150][537]LogOnline: OSS: Creating online subsystem instance for: :Context_1
[2024.12.14-18.05.19:153][537]LogNativeClassHierarchy: Verbose: Native class hierarchy updated for 'MovieSceneCapture' in 0.0003 seconds. Added 20 classes and 0 folders.
[2024.12.14-18.05.19:167][537]PIE: 서버가 로그인했습니다.
[2024.12.14-18.05.19:168][537]PIE: 에디터에서 플레이 총 시작 시간 0.078초입니다.
[2024.12.14-18.05.19:193][538]LogUObjectHash: Compacting FUObjectHashTables data took   0.43ms
[2024.12.14-18.05.30:863][870]LogSlate: Updating window title bar state: overlay mode, drag disabled, window buttons hidden, title bar hidden
[2024.12.14-18.05.30:864][870]LogWorld: BeginTearingDown for /Game/Dialogue/UEDPIE_0_DialogueWorld
[2024.12.14-18.05.30:864][870]LogWorld: UWorld::CleanupWorld for DialogueWorld, bSessionEnded=true, bCleanupResources=true
[2024.12.14-18.05.30:864][870]LogSlate: InvalidateAllWidgets triggered.  All widgets were invalidated
[2024.12.14-18.05.30:870][870]LogPlayLevel: Display: Shutting down PIE online subsystems
[2024.12.14-18.05.30:871][870]LogSlate: InvalidateAllWidgets triggered.  All widgets were invalidated
[2024.12.14-18.05.30:874][870]LogAudio: Display: Audio Device unregistered from world 'None'.
[2024.12.14-18.05.30:875][870]LogAudioMixer: FMixerPlatformXAudio2::StopAudioStream() called
[2024.12.14-18.05.30:875][870]LogAudioMixer: FMixerPlatformXAudio2::StopAudioStream() called
[2024.12.14-18.05.30:877][870]LogSlate: Updating window title bar state: overlay mode, drag disabled, window buttons hidden, title bar hidden
[2024.12.14-18.05.30:879][870]LogUObjectHash: Compacting FUObjectHashTables data took   0.45ms
[2024.12.14-18.05.30:920][875]LogPlayLevel: Display: Destroying online subsystem :Context_1
[2024.12.14-18.05.31:630][960]LogSlate: Window 'DialogueTool' being destroyed
[2024.12.14-18.05.31:632][960]LogSlate: Window 'DialogueTool' being destroyed
