Log file open, 12/15/24 02:30:15
LogWindows: Failed to load 'aqProf.dll' (GetLastError=126)
LogWindows: File 'aqProf.dll' does not exist
LogWindows: Failed to load 'VtuneApi.dll' (GetLastError=126)
LogWindows: File 'VtuneApi.dll' does not exist
LogWindows: Failed to load 'VtuneApi32e.dll' (GetLastError=126)
LogWindows: File 'VtuneApi32e.dll' does not exist
LogConsoleResponse: Display: Failed to find resolution value strings in scalability ini. Falling back to default.
LogConsoleResponse: Display: Failed to find resolution value strings in scalability ini. Falling back to default.
LogInit: Display: Running engine for game: InsectHeaven
LogPlatformFile: Not using cached read wrapper
LogTaskGraph: Started task graph with 5 named threads and 71 total threads with 3 sets of task threads.
LogStats: Stats thread started at 0.228162
LogICUInternationalization: ICU TimeZone Detection - Raw Offset: +9:00, Platform Override: ''
LogInit: Display: Loading text-based GConfig....
LogPluginManager: Mounting plugin MeshPainting
LogPluginManager: Mounting plugin XGEController
LogPluginManager: Mounting plugin Paper2D
LogPluginManager: Mounting plugin LightPropagationVolume
LogPluginManager: Mounting plugin AISupport
LogPluginManager: Mounting plugin EnvironmentQueryEditor
LogPluginManager: Mounting plugin LiveLink
LogPluginManager: Mounting plugin OodleData
LogPluginManager: Mounting plugin OodleNetwork
LogPluginManager: Mounting plugin CLionSourceCodeAccess
LogPluginManager: Mounting plugin CameraShakePreviewer
LogPluginManager: Mounting plugin AnimationSharing
LogPluginManager: Mounting plugin GameplayCameras
LogPluginManager: Mounting plugin AssetManagerEditor
LogPluginManager: Mounting plugin CodeLiteSourceCodeAccess
LogPluginManager: Mounting plugin GitSourceControl
LogPluginManager: Mounting plugin KDevelopSourceCodeAccess
LogPluginManager: Mounting plugin PerforceSourceControl
LogPluginManager: Mounting plugin NullSourceCodeAccess
LogPluginManager: Mounting plugin PlasticSourceControl
LogPluginManager: Mounting plugin PixWinPlugin
LogPluginManager: Mounting plugin PluginUtils
LogPluginManager: Mounting plugin RiderSourceCodeAccess
LogPluginManager: Mounting plugin PropertyAccessNode
LogPluginManager: Mounting plugin TextureFormatOodle
LogPluginManager: Mounting plugin SubversionSourceControl
LogPluginManager: Mounting plugin UObjectPlugin
LogPluginManager: Mounting plugin CurveEditorTools
LogPluginManager: Mounting plugin EditorScriptingUtilities
LogPluginManager: Mounting plugin FacialAnimation
LogPluginManager: Mounting plugin DataValidation
LogPluginManager: Mounting plugin CryptoKeys
LogPluginManager: Mounting plugin VisualStudioCodeSourceCodeAccess
LogPluginManager: Mounting plugin VisualStudioSourceCodeAccess
LogPluginManager: Mounting plugin GameplayTagsEditor
LogPluginManager: Mounting plugin GeometryMode
LogPluginManager: Mounting plugin XCodeSourceCodeAccess
LogPluginManager: Mounting plugin MacGraphicsSwitching
LogPluginManager: Mounting plugin MaterialAnalyzer
LogPluginManager: Mounting plugin MobileLauncherProfileWizard
LogPluginManager: Mounting plugin PluginBrowser
LogPluginManager: Mounting plugin SpeedTreeImporter
LogPluginManager: Mounting plugin DatasmithContent
LogPluginManager: Mounting plugin AlembicImporter
LogPluginManager: Mounting plugin VariantManagerContent
LogPluginManager: Mounting plugin AutomationUtils
LogPluginManager: Mounting plugin BackChannel
LogPluginManager: Mounting plugin ChaosCloth
LogPluginManager: Mounting plugin ChaosEditor
LogPluginManager: Mounting plugin ChaosClothEditor
LogPluginManager: Mounting plugin ChaosSolverPlugin
LogPluginManager: Mounting plugin ChaosNiagara
LogPluginManager: Mounting plugin CharacterAI
LogPluginManager: Mounting plugin GeometryCollectionPlugin
LogPluginManager: Mounting plugin GeometryProcessing
LogPluginManager: Mounting plugin GeometryCache
LogPluginManager: Mounting plugin MotoSynth
LogPluginManager: Mounting plugin OpenImageDenoise
LogPluginManager: Mounting plugin PlatformCrypto
LogPluginManager: Mounting plugin PlanarCut
LogPluginManager: Mounting plugin PythonScriptPlugin
LogPluginManager: Mounting plugin ProxyLODPlugin
LogPluginManager: Mounting plugin LuminPlatformFeatures
LogPluginManager: Mounting plugin MagicLeap
LogPluginManager: Mounting plugin MagicLeapLightEstimation
LogPluginManager: Mounting plugin MagicLeapMedia
LogPluginManager: Mounting plugin MagicLeapPassableWorld
LogPluginManager: Mounting plugin MLSDK
LogPluginManager: Mounting plugin AndroidMedia
LogPluginManager: Mounting plugin Niagara
LogPluginManager: Mounting plugin AvfMedia
LogPluginManager: Mounting plugin ImgMedia
LogPluginManager: Mounting plugin MediaCompositing
LogPluginManager: Mounting plugin MediaPlayerEditor
LogPluginManager: Mounting plugin SkeletalReduction
LogPluginManager: Mounting plugin WebMMedia
LogPluginManager: Mounting plugin WmfMedia
LogPluginManager: Mounting plugin OnlineSubsystem
LogPluginManager: Mounting plugin OnlineSubsystemNull
LogPluginManager: Mounting plugin OnlineSubsystemUtils
LogPluginManager: Mounting plugin TcpMessaging
LogPluginManager: Mounting plugin UdpMessaging
LogPluginManager: Mounting plugin ActorSequence
LogPluginManager: Mounting plugin LevelSequenceEditor
LogPluginManager: Mounting plugin MatineeToLevelSequence
LogPluginManager: Mounting plugin TemplateSequence
LogPluginManager: Mounting plugin LauncherChunkInstaller
LogPluginManager: Mounting plugin ActorLayerUtilities
LogPluginManager: Mounting plugin AndroidMoviePlayer
LogPluginManager: Mounting plugin AndroidDeviceProfileSelector
LogPluginManager: Mounting plugin AndroidPermission
LogPluginManager: Mounting plugin AppleMoviePlayer
LogPluginManager: Mounting plugin AppleImageUtils
LogPluginManager: Mounting plugin ArchVisCharacter
LogPluginManager: Mounting plugin AssetTags
LogPluginManager: Mounting plugin AudioCapture
LogPluginManager: Mounting plugin AudioSynesthesia
LogPluginManager: Mounting plugin CableComponent
LogPluginManager: Mounting plugin ChunkDownloader
LogPluginManager: Mounting plugin CustomMeshComponent
LogPluginManager: Mounting plugin EditableMesh
LogPluginManager: Mounting plugin ExampleDeviceProfileSelector
LogPluginManager: Mounting plugin GoogleCloudMessaging
LogPluginManager: Mounting plugin GooglePAD
LogPluginManager: Mounting plugin IOSDeviceProfileSelector
LogPluginManager: Mounting plugin LinuxDeviceProfileSelector
LogPluginManager: Mounting plugin LocationServicesBPLibrary
LogPluginManager: Mounting plugin MobilePatchingUtils
LogPluginManager: Mounting plugin OpenXR
LogPluginManager: Mounting plugin OpenXREyeTracker
LogPluginManager: Mounting plugin OpenXRHandTracking
LogPluginManager: Mounting plugin PhysXVehicles
LogPluginManager: Mounting plugin PostSplashScreen
LogPluginManager: Mounting plugin ProceduralMeshComponent
LogPluginManager: Mounting plugin PropertyAccessEditor
LogPluginManager: Mounting plugin SignificanceManager
LogPluginManager: Mounting plugin RuntimePhysXCooking
LogPluginManager: Mounting plugin SoundFields
LogPluginManager: Mounting plugin Synthesis
LogPluginManager: Mounting plugin WebMMoviePlayer
LogPluginManager: Mounting plugin WindowsMoviePlayer
LogPluginManager: Mounting plugin ScreenshotTools
LogPluginManager: Mounting plugin Takes
LogPluginManager: Mounting plugin ContentBrowserAssetDataSource
LogPluginManager: Mounting plugin ContentBrowserClassDataSource
LogPluginManager: Mounting plugin ContentBrowserFileDataSource
LogPluginManager: Mounting plugin RiderLink
LogPluginManager: Mounting plugin OnlineSubsystemIOS
LogPluginManager: Mounting plugin OnlineSubsystemGooglePlay
LogPluginManager: Mounting plugin OculusVR
LogPluginManager: Mounting plugin SteamVR
PixWinPlugin: PIX capture plugin failed to initialize! Check that the process is launched from PIX.
LogInit: Using libcurl 7.55.1-DEV
LogInit:  - built for x86_64-pc-win32
LogInit:  - supports SSL with OpenSSL/1.1.1
LogInit:  - supports HTTP deflate (compression) using libz 1.2.8
LogInit:  - other features:
LogInit:      CURL_VERSION_SSL
LogInit:      CURL_VERSION_LIBZ
LogInit:      CURL_VERSION_IPV6
LogInit:      CURL_VERSION_ASYNCHDNS
LogInit:      CURL_VERSION_LARGEFILE
LogInit:      CURL_VERSION_IDN
LogInit:  CurlRequestOptions (configurable via config and command line):
LogInit:  - bVerifyPeer = true  - Libcurl will verify peer certificate
LogInit:  - bUseHttpProxy = false  - Libcurl will NOT use HTTP proxy
LogInit:  - bDontReuseConnections = false  - Libcurl will reuse connections
LogInit:  - MaxHostConnections = 16  - Libcurl will limit the number of connections to a host
LogInit:  - LocalHostAddr = Default
LogInit:  - BufferSize = 65536
LogOnline: OSS: Creating online subsystem instance for: NULL
LogInit: WinSock: version 1.1 (2.2), MaxSocks=32767, MaxUdp=65467
LogOnline: OSS: TryLoadSubsystemAndSetDefault: Loaded subsystem for module [NULL]
LogOculusPluginWrapper: OculusPlugin initialized successfully
LogHMD: Failed initializing OVRPlugin 1.59.0
LogInit: Build: ++UE4+Release-4.27-CL-18319896
LogInit: Engine Version: 4.27.2-18319896+++UE4+Release-4.27
LogInit: Compatible Engine Version: 4.27.0-17155196+++UE4+Release-4.27
LogInit: Net CL: 17155196
LogInit: OS: Windows 10 (Release 2009) (), CPU: AMD Ryzen 9 7900X 12-Core Processor            , GPU: AMD Radeon RX 7900 XTX
LogInit: Compiled (64-bit): Nov 30 2021 07:12:08
LogInit: Compiled with Visual C++: 19.24.28315.00
LogInit: Build Configuration: DebugGame
LogInit: Branch Name: ++UE4+Release-4.27
LogInit: Command Line: 
LogInit: Base Directory: C:/Program Files/UE_4.27/Engine/Binaries/Win64/
LogInit: Allocator: TBB
LogInit: Installed Engine Build: 1
LogDevObjectVersion: Number of dev versions registered: 29
LogDevObjectVersion:   Dev-Blueprints (B0D832E4-1F89-4F0D-ACCF-7EB736FD4AA2): 10
LogDevObjectVersion:   Dev-Build (E1C64328-A22C-4D53-A36C-8E866417BD8C): 0
LogDevObjectVersion:   Dev-Core (375EC13C-06E4-48FB-B500-84F0262A717E): 4
LogDevObjectVersion:   Dev-Editor (E4B068ED-F494-42E9-A231-DA0B2E46BB41): 40
LogDevObjectVersion:   Dev-Framework (CFFC743F-43B0-4480-9391-14DF171D2073): 37
LogDevObjectVersion:   Dev-Mobile (B02B49B5-BB20-44E9-A304-32B752E40360): 3
LogDevObjectVersion:   Dev-Networking (A4E4105C-59A1-49B5-A7C5-40C4547EDFEE): 0
LogDevObjectVersion:   Dev-Online (39C831C9-5AE6-47DC-9A44-9C173E1C8E7C): 0
LogDevObjectVersion:   Dev-Physics (78F01B33-EBEA-4F98-B9B4-84EACCB95AA2): 14
LogDevObjectVersion:   Dev-Platform (6631380F-2D4D-43E0-8009-CF276956A95A): 0
LogDevObjectVersion:   Dev-Rendering (12F88B9F-8875-4AFC-A67C-D90C383ABD29): 45
LogDevObjectVersion:   Dev-Sequencer (7B5AE74C-D270-4C10-A958-57980B212A5A): 13
LogDevObjectVersion:   Dev-VR (D7296918-1DD6-4BDD-9DE2-64A83CC13884): 3
LogDevObjectVersion:   Dev-LoadTimes (C2A15278-BFE7-4AFE-6C17-90FF531DF755): 1
LogDevObjectVersion:   Private-Geometry (6EACA3D4-40EC-4CC1-B786-8BED09428FC5): 3
LogDevObjectVersion:   Dev-AnimPhys (29E575DD-E0A3-4627-9D10-D276232CDCEA): 17
LogDevObjectVersion:   Dev-Anim (AF43A65D-7FD3-4947-9873-3E8ED9C1BB05): 15
LogDevObjectVersion:   Dev-ReflectionCapture (6B266CEC-1EC7-4B8F-A30B-E4D90942FC07): 1
LogDevObjectVersion:   Dev-Automation (0DF73D61-A23F-47EA-B727-89E90C41499A): 1
LogDevObjectVersion:   FortniteMain (601D1886-AC64-4F84-AA16-D3DE0DEAC7D6): 47
LogDevObjectVersion:   FortniteRelease (E7086368-6B23-4C58-8439-1B7016265E91): 1
LogDevObjectVersion:   Dev-Enterprise (9DFFBCD6-494F-0158-E221-12823C92A888): 10
LogDevObjectVersion:   Dev-Niagara (F2AED0AC-9AFE-416F-8664-AA7FFA26D6FC): 1
LogDevObjectVersion:   Dev-Destruction (174F1F0B-B4C6-45A5-B13F-2EE8D0FB917D): 10
LogDevObjectVersion:   Dev-Physics-Ext (35F94A83-E258-406C-A318-09F59610247C): 41
LogDevObjectVersion:   Dev-PhysicsMaterial-Chaos (B68FC16E-8B1B-42E2-B453-215C058844FE): 1
LogDevObjectVersion:   Dev-CineCamera (B2E18506-4273-CFC2-A54E-F4BB758BBA07): 1
LogDevObjectVersion:   Dev-VirtualProduction (64F58936-FD1B-42BA-BA96-7289D5D0FA4E): 1
LogDevObjectVersion:   Dev-MediaFramework (6F0ED827-A609-4895-9C91-998D90180EA4): 2
LogInit: Presizing for max 25165824 objects, including 0 objects not considered by GC, pre-allocating 0 bytes for permanent pool.
LogConfig: Applying CVar settings from Section [/Script/Engine.StreamingSettings] File [C:/Users/nanim/GitHub/NewNewInsectHeaven/InsectHeaven/Saved/Config/Windows/Engine.ini]
LogConfig: Setting CVar [[s.MinBulkDataSizeForAsyncLoading:131072]]
LogConfig: Setting CVar [[s.AsyncLoadingThreadEnabled:0]]
LogConfig: Setting CVar [[s.EventDrivenLoaderEnabled:1]]
LogConfig: Setting CVar [[s.WarnIfTimeLimitExceeded:0]]
LogConfig: Setting CVar [[s.TimeLimitExceededMultiplier:1.5]]
LogConfig: Setting CVar [[s.TimeLimitExceededMinTime:0.005]]
LogConfig: Setting CVar [[s.UseBackgroundLevelStreaming:1]]
LogConfig: Setting CVar [[s.PriorityAsyncLoadingExtraTime:15.0]]
LogConfig: Setting CVar [[s.LevelStreamingActorsUpdateTimeLimit:5.0]]
LogConfig: Setting CVar [[s.PriorityLevelStreamingActorsUpdateExtraTime:5.0]]
LogConfig: Setting CVar [[s.LevelStreamingComponentsRegistrationGranularity:10]]
LogConfig: Setting CVar [[s.UnregisterComponentsTimeLimit:1.0]]
LogConfig: Setting CVar [[s.LevelStreamingComponentsUnregistrationGranularity:5]]
LogConfig: Setting CVar [[s.FlushStreamingOnExit:1]]
LogInit: Object subsystem initialized
LogConfig: Setting CVar [[con.DebugEarlyDefault:1]]
LogConfig: Setting CVar [[r.setres:1280x720]]
[2024.12.14-17.30.16:552][  0]LogConfig: Setting CVar [[r.VSync:0]]
[2024.12.14-17.30.16:552][  0]LogConfig: Setting CVar [[r.RHICmdBypass:0]]
[2024.12.14-17.30.16:553][  0]LogConfig: Applying CVar settings from Section [/Script/Engine.RendererSettings] File [C:/Users/nanim/GitHub/NewNewInsectHeaven/InsectHeaven/Saved/Config/Windows/Engine.ini]
[2024.12.14-17.30.16:553][  0]LogConfig: Setting CVar [[r.GPUCrashDebugging:0]]
[2024.12.14-17.30.16:553][  0]LogConfig: Applying CVar settings from Section [/Script/Engine.RendererOverrideSettings] File [C:/Users/nanim/GitHub/NewNewInsectHeaven/InsectHeaven/Saved/Config/Windows/Engine.ini]
[2024.12.14-17.30.16:553][  0]LogConfig: Applying CVar settings from Section [/Script/Engine.StreamingSettings] File [C:/Users/nanim/GitHub/NewNewInsectHeaven/InsectHeaven/Saved/Config/Windows/Engine.ini]
[2024.12.14-17.30.16:553][  0]LogConfig: Setting CVar [[s.MinBulkDataSizeForAsyncLoading:131072]]
[2024.12.14-17.30.16:553][  0]LogConfig: Setting CVar [[s.AsyncLoadingThreadEnabled:0]]
[2024.12.14-17.30.16:553][  0]LogConfig: Setting CVar [[s.EventDrivenLoaderEnabled:1]]
[2024.12.14-17.30.16:553][  0]LogConfig: Setting CVar [[s.WarnIfTimeLimitExceeded:0]]
[2024.12.14-17.30.16:553][  0]LogConfig: Setting CVar [[s.TimeLimitExceededMultiplier:1.5]]
[2024.12.14-17.30.16:553][  0]LogConfig: Setting CVar [[s.TimeLimitExceededMinTime:0.005]]
[2024.12.14-17.30.16:554][  0]LogConfig: Setting CVar [[s.UseBackgroundLevelStreaming:1]]
[2024.12.14-17.30.16:554][  0]LogConfig: Setting CVar [[s.PriorityAsyncLoadingExtraTime:15.0]]
[2024.12.14-17.30.16:554][  0]LogConfig: Setting CVar [[s.LevelStreamingActorsUpdateTimeLimit:5.0]]
[2024.12.14-17.30.16:554][  0]LogConfig: Setting CVar [[s.PriorityLevelStreamingActorsUpdateExtraTime:5.0]]
[2024.12.14-17.30.16:554][  0]LogConfig: Setting CVar [[s.LevelStreamingComponentsRegistrationGranularity:10]]
[2024.12.14-17.30.16:554][  0]LogConfig: Setting CVar [[s.UnregisterComponentsTimeLimit:1.0]]
[2024.12.14-17.30.16:554][  0]LogConfig: Setting CVar [[s.LevelStreamingComponentsUnregistrationGranularity:5]]
[2024.12.14-17.30.16:554][  0]LogConfig: Setting CVar [[s.FlushStreamingOnExit:1]]
[2024.12.14-17.30.16:554][  0]LogConfig: Applying CVar settings from Section [/Script/Engine.GarbageCollectionSettings] File [C:/Users/nanim/GitHub/NewNewInsectHeaven/InsectHeaven/Saved/Config/Windows/Engine.ini]
[2024.12.14-17.30.16:554][  0]LogConfig: Setting CVar [[gc.MaxObjectsNotConsideredByGC:1]]
[2024.12.14-17.30.16:555][  0]LogConfig: Setting CVar [[gc.SizeOfPermanentObjectPool:0]]
[2024.12.14-17.30.16:555][  0]LogConfig: Setting CVar [[gc.FlushStreamingOnGC:0]]
[2024.12.14-17.30.16:555][  0]LogConfig: Setting CVar [[gc.NumRetriesBeforeForcingGC:10]]
[2024.12.14-17.30.16:555][  0]LogConfig: Setting CVar [[gc.AllowParallelGC:1]]
[2024.12.14-17.30.16:555][  0]LogConfig: Setting CVar [[gc.TimeBetweenPurgingPendingKillObjects:61.1]]
[2024.12.14-17.30.16:555][  0]LogConfig: Setting CVar [[gc.MaxObjectsInEditor:25165824]]
[2024.12.14-17.30.16:555][  0]LogConfig: Setting CVar [[gc.IncrementalBeginDestroyEnabled:1]]
[2024.12.14-17.30.16:555][  0]LogConfig: Setting CVar [[gc.CreateGCClusters:1]]
[2024.12.14-17.30.16:555][  0]LogConfig: Setting CVar [[gc.MinGCClusterSize:5]]
[2024.12.14-17.30.16:555][  0]LogConfig: Setting CVar [[gc.ActorClusteringEnabled:0]]
[2024.12.14-17.30.16:555][  0]LogConfig: Setting CVar [[gc.BlueprintClusteringEnabled:0]]
[2024.12.14-17.30.16:556][  0]LogConfig: Setting CVar [[gc.UseDisregardForGCOnDedicatedServers:0]]
[2024.12.14-17.30.16:556][  0]LogConfig: Setting CVar [[gc.MultithreadedDestructionEnabled:1]]
[2024.12.14-17.30.16:556][  0]LogConfig: Applying CVar settings from Section [/Script/Engine.NetworkSettings] File [C:/Users/nanim/GitHub/NewNewInsectHeaven/InsectHeaven/Saved/Config/Windows/Engine.ini]
[2024.12.14-17.30.16:556][  0]LogConfig: Applying CVar settings from Section [/Script/UnrealEd.CookerSettings] File [C:/Users/nanim/GitHub/NewNewInsectHeaven/InsectHeaven/Saved/Config/Windows/Engine.ini]
[2024.12.14-17.30.16:597][  0]LogConfig: Applying CVar settings from Section [ViewDistanceQuality@3] File [C:/Users/nanim/GitHub/NewNewInsectHeaven/InsectHeaven/Saved/Config/Windows/Scalability.ini]
[2024.12.14-17.30.16:598][  0]LogConfig: Setting CVar [[r.SkeletalMeshLODBias:0]]
[2024.12.14-17.30.16:598][  0]LogConfig: Setting CVar [[r.ViewDistanceScale:1.0]]
[2024.12.14-17.30.16:598][  0]LogConfig: Applying CVar settings from Section [AntiAliasingQuality@3] File [C:/Users/nanim/GitHub/NewNewInsectHeaven/InsectHeaven/Saved/Config/Windows/Scalability.ini]
[2024.12.14-17.30.16:598][  0]LogConfig: Setting CVar [[r.PostProcessAAQuality:4]]
[2024.12.14-17.30.16:598][  0]LogConfig: Applying CVar settings from Section [ShadowQuality@3] File [C:/Users/nanim/GitHub/NewNewInsectHeaven/InsectHeaven/Saved/Config/Windows/Scalability.ini]
[2024.12.14-17.30.16:598][  0]LogConfig: Setting CVar [[r.LightFunctionQuality:1]]
[2024.12.14-17.30.16:598][  0]LogConfig: Setting CVar [[r.ShadowQuality:5]]
[2024.12.14-17.30.16:599][  0]LogConfig: Setting CVar [[r.Shadow.CSM.MaxCascades:10]]
[2024.12.14-17.30.16:599][  0]LogConfig: Setting CVar [[r.Shadow.MaxResolution:2048]]
[2024.12.14-17.30.16:599][  0]LogConfig: Setting CVar [[r.Shadow.MaxCSMResolution:2048]]
[2024.12.14-17.30.16:599][  0]LogConfig: Setting CVar [[r.Shadow.RadiusThreshold:0.01]]
[2024.12.14-17.30.16:599][  0]LogConfig: Setting CVar [[r.Shadow.DistanceScale:1.0]]
[2024.12.14-17.30.16:599][  0]LogConfig: Setting CVar [[r.Shadow.CSM.TransitionScale:1.0]]
[2024.12.14-17.30.16:599][  0]LogConfig: Setting CVar [[r.Shadow.PreShadowResolutionFactor:1.0]]
[2024.12.14-17.30.16:599][  0]LogConfig: Setting CVar [[r.DistanceFieldShadowing:1]]
[2024.12.14-17.30.16:599][  0]LogConfig: Setting CVar [[r.DistanceFieldAO:1]]
[2024.12.14-17.30.16:599][  0]LogConfig: Setting CVar [[r.AOQuality:2]]
[2024.12.14-17.30.16:599][  0]LogConfig: Setting CVar [[r.VolumetricFog:1]]
[2024.12.14-17.30.16:600][  0]LogConfig: Setting CVar [[r.VolumetricFog.GridPixelSize:8]]
[2024.12.14-17.30.16:600][  0]LogConfig: Setting CVar [[r.VolumetricFog.GridSizeZ:128]]
[2024.12.14-17.30.16:600][  0]LogConfig: Setting CVar [[r.VolumetricFog.HistoryMissSupersampleCount:4]]
[2024.12.14-17.30.16:600][  0]LogConfig: Setting CVar [[r.LightMaxDrawDistanceScale:1]]
[2024.12.14-17.30.16:600][  0]LogConfig: Setting CVar [[r.CapsuleShadows:1]]
[2024.12.14-17.30.16:600][  0]LogConfig: Applying CVar settings from Section [PostProcessQuality@3] File [C:/Users/nanim/GitHub/NewNewInsectHeaven/InsectHeaven/Saved/Config/Windows/Scalability.ini]
[2024.12.14-17.30.16:600][  0]LogConfig: Setting CVar [[r.MotionBlurQuality:4]]
[2024.12.14-17.30.16:600][  0]LogConfig: Setting CVar [[r.AmbientOcclusionMipLevelFactor:0.4]]
[2024.12.14-17.30.16:600][  0]LogConfig: Setting CVar [[r.AmbientOcclusionMaxQuality:100]]
[2024.12.14-17.30.16:600][  0]LogConfig: Setting CVar [[r.AmbientOcclusionLevels:-1]]
[2024.12.14-17.30.16:600][  0]LogConfig: Setting CVar [[r.AmbientOcclusionRadiusScale:1.0]]
[2024.12.14-17.30.16:601][  0]LogConfig: Setting CVar [[r.DepthOfFieldQuality:2]]
[2024.12.14-17.30.16:601][  0]LogConfig: Setting CVar [[r.RenderTargetPoolMin:400]]
[2024.12.14-17.30.16:601][  0]LogConfig: Setting CVar [[r.LensFlareQuality:2]]
[2024.12.14-17.30.16:601][  0]LogConfig: Setting CVar [[r.SceneColorFringeQuality:1]]
[2024.12.14-17.30.16:601][  0]LogConfig: Setting CVar [[r.EyeAdaptationQuality:2]]
[2024.12.14-17.30.16:601][  0]LogConfig: Setting CVar [[r.BloomQuality:5]]
[2024.12.14-17.30.16:601][  0]LogConfig: Setting CVar [[r.FastBlurThreshold:100]]
[2024.12.14-17.30.16:601][  0]LogConfig: Setting CVar [[r.Upscale.Quality:3]]
[2024.12.14-17.30.16:601][  0]LogConfig: Setting CVar [[r.Tonemapper.GrainQuantization:1]]
[2024.12.14-17.30.16:601][  0]LogConfig: Setting CVar [[r.LightShaftQuality:1]]
[2024.12.14-17.30.16:601][  0]LogConfig: Setting CVar [[r.Filter.SizeScale:1]]
[2024.12.14-17.30.16:602][  0]LogConfig: Setting CVar [[r.Tonemapper.Quality:5]]
[2024.12.14-17.30.16:602][  0]LogConfig: Setting CVar [[r.DOF.Gather.AccumulatorQuality:1        ; higher gathering accumulator quality]]
[2024.12.14-17.30.16:602][  0]LogConfig: Setting CVar [[r.DOF.Gather.PostfilterMethod:1          ; Median3x3 postfilering method]]
[2024.12.14-17.30.16:602][  0]LogConfig: Setting CVar [[r.DOF.Gather.EnableBokehSettings:0       ; no bokeh simulation when gathering]]
[2024.12.14-17.30.16:602][  0]LogConfig: Setting CVar [[r.DOF.Gather.RingCount:4                 ; medium number of samples when gathering]]
[2024.12.14-17.30.16:602][  0]LogConfig: Setting CVar [[r.DOF.Scatter.ForegroundCompositing:1    ; additive foreground scattering]]
[2024.12.14-17.30.16:602][  0]LogConfig: Setting CVar [[r.DOF.Scatter.BackgroundCompositing:2    ; additive background scattering]]
[2024.12.14-17.30.16:602][  0]LogConfig: Setting CVar [[r.DOF.Scatter.EnableBokehSettings:1      ; bokeh simulation when scattering]]
[2024.12.14-17.30.16:602][  0]LogConfig: Setting CVar [[r.DOF.Scatter.MaxSpriteRatio:0.1         ; only a maximum of 10% of scattered bokeh]]
[2024.12.14-17.30.16:602][  0]LogConfig: Setting CVar [[r.DOF.Recombine.Quality:1                ; cheap slight out of focus]]
[2024.12.14-17.30.16:603][  0]LogConfig: Setting CVar [[r.DOF.Recombine.EnableBokehSettings:0    ; no bokeh simulation on slight out of focus]]
[2024.12.14-17.30.16:603][  0]LogConfig: Setting CVar [[r.DOF.TemporalAAQuality:1                ; more stable temporal accumulation]]
[2024.12.14-17.30.16:603][  0]LogConfig: Setting CVar [[r.DOF.Kernel.MaxForegroundRadius:0.025]]
[2024.12.14-17.30.16:603][  0]LogConfig: Setting CVar [[r.DOF.Kernel.MaxBackgroundRadius:0.025]]
[2024.12.14-17.30.16:603][  0]LogConfig: Applying CVar settings from Section [TextureQuality@3] File [C:/Users/nanim/GitHub/NewNewInsectHeaven/InsectHeaven/Saved/Config/Windows/Scalability.ini]
[2024.12.14-17.30.16:603][  0]LogConfig: Setting CVar [[r.Streaming.MipBias:0]]
[2024.12.14-17.30.16:603][  0]LogConfig: Setting CVar [[r.Streaming.AmortizeCPUToGPUCopy:0]]
[2024.12.14-17.30.16:603][  0]LogConfig: Setting CVar [[r.Streaming.MaxNumTexturesToStreamPerFrame:0]]
[2024.12.14-17.30.16:603][  0]LogConfig: Setting CVar [[r.Streaming.Boost:1]]
[2024.12.14-17.30.16:603][  0]LogConfig: Setting CVar [[r.MaxAnisotropy:8]]
[2024.12.14-17.30.16:603][  0]LogConfig: Setting CVar [[r.VT.MaxAnisotropy:8]]
[2024.12.14-17.30.16:604][  0]LogConfig: Setting CVar [[r.Streaming.LimitPoolSizeToVRAM:0]]
[2024.12.14-17.30.16:604][  0]LogConfig: Setting CVar [[r.Streaming.PoolSize:1000]]
[2024.12.14-17.30.16:604][  0]LogConfig: Setting CVar [[r.Streaming.MaxEffectiveScreenSize:0]]
[2024.12.14-17.30.16:604][  0]LogConfig: Applying CVar settings from Section [EffectsQuality@3] File [C:/Users/nanim/GitHub/NewNewInsectHeaven/InsectHeaven/Saved/Config/Windows/Scalability.ini]
[2024.12.14-17.30.16:604][  0]LogConfig: Setting CVar [[r.TranslucencyLightingVolumeDim:64]]
[2024.12.14-17.30.16:604][  0]LogConfig: Setting CVar [[r.RefractionQuality:2]]
[2024.12.14-17.30.16:604][  0]LogConfig: Setting CVar [[r.SSR.Quality:3]]
[2024.12.14-17.30.16:604][  0]LogConfig: Setting CVar [[r.SSR.HalfResSceneColor:0]]
[2024.12.14-17.30.16:604][  0]LogConfig: Setting CVar [[r.SceneColorFormat:4]]
[2024.12.14-17.30.16:604][  0]LogConfig: Setting CVar [[r.DetailMode:2]]
[2024.12.14-17.30.16:604][  0]LogConfig: Setting CVar [[r.TranslucencyVolumeBlur:1]]
[2024.12.14-17.30.16:605][  0]LogConfig: Setting CVar [[r.MaterialQualityLevel:1 ; High quality]]
[2024.12.14-17.30.16:605][  0]LogConfig: Setting CVar [[r.AnisotropicMaterials:1]]
[2024.12.14-17.30.16:605][  0]LogConfig: Setting CVar [[r.SSS.Scale:1]]
[2024.12.14-17.30.16:605][  0]LogConfig: Setting CVar [[r.SSS.SampleSet:2]]
[2024.12.14-17.30.16:605][  0]LogConfig: Setting CVar [[r.SSS.Quality:1]]
[2024.12.14-17.30.16:605][  0]LogConfig: Setting CVar [[r.SSS.HalfRes:0]]
[2024.12.14-17.30.16:605][  0]LogConfig: Setting CVar [[r.SSGI.Quality:3]]
[2024.12.14-17.30.16:605][  0]LogConfig: Setting CVar [[r.EmitterSpawnRateScale:1.0]]
[2024.12.14-17.30.16:605][  0]LogConfig: Setting CVar [[r.ParticleLightQuality:2]]
[2024.12.14-17.30.16:605][  0]LogConfig: Setting CVar [[r.SkyAtmosphere.AerialPerspectiveLUT.FastApplyOnOpaque:1 ; Always have FastSkyLUT 1 in this case to avoid wrong sky]]
[2024.12.14-17.30.16:606][  0]LogConfig: Setting CVar [[r.SkyAtmosphere.AerialPerspectiveLUT.SampleCountMaxPerSlice:4]]
[2024.12.14-17.30.16:606][  0]LogConfig: Setting CVar [[r.SkyAtmosphere.AerialPerspectiveLUT.DepthResolution:16.0]]
[2024.12.14-17.30.16:606][  0]LogConfig: Setting CVar [[r.SkyAtmosphere.FastSkyLUT:1]]
[2024.12.14-17.30.16:606][  0]LogConfig: Setting CVar [[r.SkyAtmosphere.FastSkyLUT.SampleCountMin:4.0]]
[2024.12.14-17.30.16:606][  0]LogConfig: Setting CVar [[r.SkyAtmosphere.FastSkyLUT.SampleCountMax:128.0]]
[2024.12.14-17.30.16:606][  0]LogConfig: Setting CVar [[r.SkyAtmosphere.SampleCountMin:4.0]]
[2024.12.14-17.30.16:606][  0]LogConfig: Setting CVar [[r.SkyAtmosphere.SampleCountMax:128.0]]
[2024.12.14-17.30.16:606][  0]LogConfig: Setting CVar [[r.SkyAtmosphere.TransmittanceLUT.UseSmallFormat:0]]
[2024.12.14-17.30.16:606][  0]LogConfig: Setting CVar [[r.SkyAtmosphere.TransmittanceLUT.SampleCount:10.0]]
[2024.12.14-17.30.16:606][  0]LogConfig: Setting CVar [[r.SkyAtmosphere.MultiScatteringLUT.SampleCount:15.0]]
[2024.12.14-17.30.16:607][  0]LogConfig: Setting CVar [[r.SkyLight.RealTimeReflectionCapture:1]]
[2024.12.14-17.30.16:607][  0]LogConfig: Applying CVar settings from Section [FoliageQuality@3] File [C:/Users/nanim/GitHub/NewNewInsectHeaven/InsectHeaven/Saved/Config/Windows/Scalability.ini]
[2024.12.14-17.30.16:607][  0]LogConfig: Setting CVar [[foliage.DensityScale:1.0]]
[2024.12.14-17.30.16:607][  0]LogConfig: Setting CVar [[grass.DensityScale:1.0]]
[2024.12.14-17.30.16:607][  0]LogConfig: Applying CVar settings from Section [ShadingQuality@3] File [C:/Users/nanim/GitHub/NewNewInsectHeaven/InsectHeaven/Saved/Config/Windows/Scalability.ini]
[2024.12.14-17.30.16:607][  0]LogConfig: Setting CVar [[r.HairStrands.SkyLighting.IntegrationType:2]]
[2024.12.14-17.30.16:607][  0]LogConfig: Setting CVar [[r.HairStrands.SkyAO.SampleCount:4]]
[2024.12.14-17.30.16:607][  0]LogConfig: Setting CVar [[r.HairStrands.Visibility.MSAA.SamplePerPixel:4]]
[2024.12.14-17.30.16:607][  0]LogInit: Selected Device Profile: [Windows]
[2024.12.14-17.30.16:608][  0]LogInit: Applying CVar settings loaded from the selected device profile: [Windows]
[2024.12.14-17.30.16:608][  0]LogHAL: Display: Platform has ~ 32 GB [33457160192 / 34359738368 / 32], which maps to Largest [LargestMinGB=32, LargerMinGB=12, DefaultMinGB=8, SmallerMinGB=6, SmallestMinGB=0)
[2024.12.14-17.30.16:608][  0]LogInit: Going up to parent DeviceProfile []
[2024.12.14-17.30.16:608][  0]LogConfig: Applying CVar settings from Section [ViewDistanceQuality@3] File [C:/Users/nanim/GitHub/NewNewInsectHeaven/InsectHeaven/Saved/Config/Windows/Scalability.ini]
[2024.12.14-17.30.16:608][  0]LogConfig: Setting CVar [[r.SkeletalMeshLODBias:0]]
[2024.12.14-17.30.16:608][  0]LogConfig: Setting CVar [[r.ViewDistanceScale:1.0]]
[2024.12.14-17.30.16:608][  0]LogConfig: Applying CVar settings from Section [AntiAliasingQuality@3] File [C:/Users/nanim/GitHub/NewNewInsectHeaven/InsectHeaven/Saved/Config/Windows/Scalability.ini]
[2024.12.14-17.30.16:608][  0]LogConfig: Setting CVar [[r.PostProcessAAQuality:4]]
[2024.12.14-17.30.16:608][  0]LogConfig: Applying CVar settings from Section [ShadowQuality@3] File [C:/Users/nanim/GitHub/NewNewInsectHeaven/InsectHeaven/Saved/Config/Windows/Scalability.ini]
[2024.12.14-17.30.16:609][  0]LogConfig: Setting CVar [[r.LightFunctionQuality:1]]
[2024.12.14-17.30.16:609][  0]LogConfig: Setting CVar [[r.ShadowQuality:5]]
[2024.12.14-17.30.16:609][  0]LogConfig: Setting CVar [[r.Shadow.CSM.MaxCascades:10]]
[2024.12.14-17.30.16:609][  0]LogConfig: Setting CVar [[r.Shadow.MaxResolution:2048]]
[2024.12.14-17.30.16:609][  0]LogConfig: Setting CVar [[r.Shadow.MaxCSMResolution:2048]]
[2024.12.14-17.30.16:609][  0]LogConfig: Setting CVar [[r.Shadow.RadiusThreshold:0.01]]
[2024.12.14-17.30.16:609][  0]LogConfig: Setting CVar [[r.Shadow.DistanceScale:1.0]]
[2024.12.14-17.30.16:609][  0]LogConfig: Setting CVar [[r.Shadow.CSM.TransitionScale:1.0]]
[2024.12.14-17.30.16:609][  0]LogConfig: Setting CVar [[r.Shadow.PreShadowResolutionFactor:1.0]]
[2024.12.14-17.30.16:609][  0]LogConfig: Setting CVar [[r.DistanceFieldShadowing:1]]
[2024.12.14-17.30.16:609][  0]LogConfig: Setting CVar [[r.DistanceFieldAO:1]]
[2024.12.14-17.30.16:609][  0]LogConfig: Setting CVar [[r.AOQuality:2]]
[2024.12.14-17.30.16:610][  0]LogConfig: Setting CVar [[r.VolumetricFog:1]]
[2024.12.14-17.30.16:610][  0]LogConfig: Setting CVar [[r.VolumetricFog.GridPixelSize:8]]
[2024.12.14-17.30.16:610][  0]LogConfig: Setting CVar [[r.VolumetricFog.GridSizeZ:128]]
[2024.12.14-17.30.16:610][  0]LogConfig: Setting CVar [[r.VolumetricFog.HistoryMissSupersampleCount:4]]
[2024.12.14-17.30.16:610][  0]LogConfig: Setting CVar [[r.LightMaxDrawDistanceScale:1]]
[2024.12.14-17.30.16:610][  0]LogConfig: Setting CVar [[r.CapsuleShadows:1]]
[2024.12.14-17.30.16:610][  0]LogConfig: Applying CVar settings from Section [PostProcessQuality@3] File [C:/Users/nanim/GitHub/NewNewInsectHeaven/InsectHeaven/Saved/Config/Windows/Scalability.ini]
[2024.12.14-17.30.16:610][  0]LogConfig: Setting CVar [[r.MotionBlurQuality:4]]
[2024.12.14-17.30.16:610][  0]LogConfig: Setting CVar [[r.AmbientOcclusionMipLevelFactor:0.4]]
[2024.12.14-17.30.16:610][  0]LogConfig: Setting CVar [[r.AmbientOcclusionMaxQuality:100]]
[2024.12.14-17.30.16:610][  0]LogConfig: Setting CVar [[r.AmbientOcclusionLevels:-1]]
[2024.12.14-17.30.16:611][  0]LogConfig: Setting CVar [[r.AmbientOcclusionRadiusScale:1.0]]
[2024.12.14-17.30.16:611][  0]LogConfig: Setting CVar [[r.DepthOfFieldQuality:2]]
[2024.12.14-17.30.16:611][  0]LogConfig: Setting CVar [[r.RenderTargetPoolMin:400]]
[2024.12.14-17.30.16:611][  0]LogConfig: Setting CVar [[r.LensFlareQuality:2]]
[2024.12.14-17.30.16:611][  0]LogConfig: Setting CVar [[r.SceneColorFringeQuality:1]]
[2024.12.14-17.30.16:611][  0]LogConfig: Setting CVar [[r.EyeAdaptationQuality:2]]
[2024.12.14-17.30.16:611][  0]LogConfig: Setting CVar [[r.BloomQuality:5]]
[2024.12.14-17.30.16:611][  0]LogConfig: Setting CVar [[r.FastBlurThreshold:100]]
[2024.12.14-17.30.16:611][  0]LogConfig: Setting CVar [[r.Upscale.Quality:3]]
[2024.12.14-17.30.16:611][  0]LogConfig: Setting CVar [[r.Tonemapper.GrainQuantization:1]]
[2024.12.14-17.30.16:611][  0]LogConfig: Setting CVar [[r.LightShaftQuality:1]]
[2024.12.14-17.30.16:612][  0]LogConfig: Setting CVar [[r.Filter.SizeScale:1]]
[2024.12.14-17.30.16:612][  0]LogConfig: Setting CVar [[r.Tonemapper.Quality:5]]
[2024.12.14-17.30.16:612][  0]LogConfig: Setting CVar [[r.DOF.Gather.AccumulatorQuality:1        ; higher gathering accumulator quality]]
[2024.12.14-17.30.16:612][  0]LogConfig: Setting CVar [[r.DOF.Gather.PostfilterMethod:1          ; Median3x3 postfilering method]]
[2024.12.14-17.30.16:612][  0]LogConfig: Setting CVar [[r.DOF.Gather.EnableBokehSettings:0       ; no bokeh simulation when gathering]]
[2024.12.14-17.30.16:612][  0]LogConfig: Setting CVar [[r.DOF.Gather.RingCount:4                 ; medium number of samples when gathering]]
[2024.12.14-17.30.16:612][  0]LogConfig: Setting CVar [[r.DOF.Scatter.ForegroundCompositing:1    ; additive foreground scattering]]
[2024.12.14-17.30.16:612][  0]LogConfig: Setting CVar [[r.DOF.Scatter.BackgroundCompositing:2    ; additive background scattering]]
[2024.12.14-17.30.16:612][  0]LogConfig: Setting CVar [[r.DOF.Scatter.EnableBokehSettings:1      ; bokeh simulation when scattering]]
[2024.12.14-17.30.16:613][  0]LogConfig: Setting CVar [[r.DOF.Scatter.MaxSpriteRatio:0.1         ; only a maximum of 10% of scattered bokeh]]
[2024.12.14-17.30.16:613][  0]LogConfig: Setting CVar [[r.DOF.Recombine.Quality:1                ; cheap slight out of focus]]
[2024.12.14-17.30.16:613][  0]LogConfig: Setting CVar [[r.DOF.Recombine.EnableBokehSettings:0    ; no bokeh simulation on slight out of focus]]
[2024.12.14-17.30.16:613][  0]LogConfig: Setting CVar [[r.DOF.TemporalAAQuality:1                ; more stable temporal accumulation]]
[2024.12.14-17.30.16:613][  0]LogConfig: Setting CVar [[r.DOF.Kernel.MaxForegroundRadius:0.025]]
[2024.12.14-17.30.16:613][  0]LogConfig: Setting CVar [[r.DOF.Kernel.MaxBackgroundRadius:0.025]]
[2024.12.14-17.30.16:613][  0]LogConfig: Applying CVar settings from Section [TextureQuality@3] File [C:/Users/nanim/GitHub/NewNewInsectHeaven/InsectHeaven/Saved/Config/Windows/Scalability.ini]
[2024.12.14-17.30.16:613][  0]LogConfig: Setting CVar [[r.Streaming.MipBias:0]]
[2024.12.14-17.30.16:613][  0]LogConfig: Setting CVar [[r.Streaming.AmortizeCPUToGPUCopy:0]]
[2024.12.14-17.30.16:614][  0]LogConfig: Setting CVar [[r.Streaming.MaxNumTexturesToStreamPerFrame:0]]
[2024.12.14-17.30.16:614][  0]LogConfig: Setting CVar [[r.Streaming.Boost:1]]
[2024.12.14-17.30.16:614][  0]LogConfig: Setting CVar [[r.MaxAnisotropy:8]]
[2024.12.14-17.30.16:614][  0]LogConfig: Setting CVar [[r.VT.MaxAnisotropy:8]]
[2024.12.14-17.30.16:614][  0]LogConfig: Setting CVar [[r.Streaming.LimitPoolSizeToVRAM:0]]
[2024.12.14-17.30.16:614][  0]LogConfig: Setting CVar [[r.Streaming.PoolSize:1000]]
[2024.12.14-17.30.16:614][  0]LogConfig: Setting CVar [[r.Streaming.MaxEffectiveScreenSize:0]]
[2024.12.14-17.30.16:614][  0]LogConfig: Applying CVar settings from Section [EffectsQuality@3] File [C:/Users/nanim/GitHub/NewNewInsectHeaven/InsectHeaven/Saved/Config/Windows/Scalability.ini]
[2024.12.14-17.30.16:615][  0]LogConfig: Setting CVar [[r.TranslucencyLightingVolumeDim:64]]
[2024.12.14-17.30.16:615][  0]LogConfig: Setting CVar [[r.RefractionQuality:2]]
[2024.12.14-17.30.16:615][  0]LogConfig: Setting CVar [[r.SSR.Quality:3]]
[2024.12.14-17.30.16:615][  0]LogConfig: Setting CVar [[r.SSR.HalfResSceneColor:0]]
[2024.12.14-17.30.16:615][  0]LogConfig: Setting CVar [[r.SceneColorFormat:4]]
[2024.12.14-17.30.16:615][  0]LogConfig: Setting CVar [[r.DetailMode:2]]
[2024.12.14-17.30.16:615][  0]LogConfig: Setting CVar [[r.TranslucencyVolumeBlur:1]]
[2024.12.14-17.30.16:616][  0]LogConfig: Setting CVar [[r.MaterialQualityLevel:1 ; High quality]]
[2024.12.14-17.30.16:616][  0]LogConfig: Setting CVar [[r.AnisotropicMaterials:1]]
[2024.12.14-17.30.16:616][  0]LogConfig: Setting CVar [[r.SSS.Scale:1]]
[2024.12.14-17.30.16:616][  0]LogConfig: Setting CVar [[r.SSS.SampleSet:2]]
[2024.12.14-17.30.16:616][  0]LogConfig: Setting CVar [[r.SSS.Quality:1]]
[2024.12.14-17.30.16:616][  0]LogConfig: Setting CVar [[r.SSS.HalfRes:0]]
[2024.12.14-17.30.16:616][  0]LogConfig: Setting CVar [[r.SSGI.Quality:3]]
[2024.12.14-17.30.16:616][  0]LogConfig: Setting CVar [[r.EmitterSpawnRateScale:1.0]]
[2024.12.14-17.30.16:616][  0]LogConfig: Setting CVar [[r.ParticleLightQuality:2]]
[2024.12.14-17.30.16:617][  0]LogConfig: Setting CVar [[r.SkyAtmosphere.AerialPerspectiveLUT.FastApplyOnOpaque:1 ; Always have FastSkyLUT 1 in this case to avoid wrong sky]]
[2024.12.14-17.30.16:617][  0]LogConfig: Setting CVar [[r.SkyAtmosphere.AerialPerspectiveLUT.SampleCountMaxPerSlice:4]]
[2024.12.14-17.30.16:617][  0]LogConfig: Setting CVar [[r.SkyAtmosphere.AerialPerspectiveLUT.DepthResolution:16.0]]
[2024.12.14-17.30.16:617][  0]LogConfig: Setting CVar [[r.SkyAtmosphere.FastSkyLUT:1]]
[2024.12.14-17.30.16:617][  0]LogConfig: Setting CVar [[r.SkyAtmosphere.FastSkyLUT.SampleCountMin:4.0]]
[2024.12.14-17.30.16:617][  0]LogConfig: Setting CVar [[r.SkyAtmosphere.FastSkyLUT.SampleCountMax:128.0]]
[2024.12.14-17.30.16:617][  0]LogConfig: Setting CVar [[r.SkyAtmosphere.SampleCountMin:4.0]]
[2024.12.14-17.30.16:617][  0]LogConfig: Setting CVar [[r.SkyAtmosphere.SampleCountMax:128.0]]
[2024.12.14-17.30.16:617][  0]LogConfig: Setting CVar [[r.SkyAtmosphere.TransmittanceLUT.UseSmallFormat:0]]
[2024.12.14-17.30.16:617][  0]LogConfig: Setting CVar [[r.SkyAtmosphere.TransmittanceLUT.SampleCount:10.0]]
[2024.12.14-17.30.16:618][  0]LogConfig: Setting CVar [[r.SkyAtmosphere.MultiScatteringLUT.SampleCount:15.0]]
[2024.12.14-17.30.16:618][  0]LogConfig: Setting CVar [[r.SkyLight.RealTimeReflectionCapture:1]]
[2024.12.14-17.30.16:618][  0]LogConfig: Applying CVar settings from Section [FoliageQuality@3] File [C:/Users/nanim/GitHub/NewNewInsectHeaven/InsectHeaven/Saved/Config/Windows/Scalability.ini]
[2024.12.14-17.30.16:618][  0]LogConfig: Setting CVar [[foliage.DensityScale:1.0]]
[2024.12.14-17.30.16:618][  0]LogConfig: Setting CVar [[grass.DensityScale:1.0]]
[2024.12.14-17.30.16:618][  0]LogConfig: Applying CVar settings from Section [ShadingQuality@3] File [C:/Users/nanim/GitHub/NewNewInsectHeaven/InsectHeaven/Saved/Config/Windows/Scalability.ini]
[2024.12.14-17.30.16:618][  0]LogConfig: Setting CVar [[r.HairStrands.SkyLighting.IntegrationType:2]]
[2024.12.14-17.30.16:618][  0]LogConfig: Setting CVar [[r.HairStrands.SkyAO.SampleCount:4]]
[2024.12.14-17.30.16:618][  0]LogConfig: Setting CVar [[r.HairStrands.Visibility.MSAA.SamplePerPixel:4]]
[2024.12.14-17.30.16:618][  0]LogConfig: Applying CVar settings from Section [Startup] File [../../../Engine/Config/ConsoleVariables.ini]
[2024.12.14-17.30.16:619][  0]LogConfig: Setting CVar [[net.UseAdaptiveNetUpdateFrequency:0]]
[2024.12.14-17.30.16:619][  0]LogConfig: Setting CVar [[p.chaos.AllowCreatePhysxBodies:1]]
[2024.12.14-17.30.16:619][  0]LogConfig: Setting CVar [[fx.SkipVectorVMBackendOptimizations:1]]
[2024.12.14-17.30.16:619][  0]LogConfig: Applying CVar settings from Section [ConsoleVariables] File [C:/Users/nanim/GitHub/NewNewInsectHeaven/InsectHeaven/Saved/Config/Windows/Engine.ini]
[2024.12.14-17.30.16:619][  0]LogConfig: Applying CVar settings from Section [ConsoleVariables] File [C:/Users/nanim/GitHub/NewNewInsectHeaven/InsectHeaven/Saved/Config/Windows/Editor.ini]
[2024.12.14-17.30.16:619][  0]LogInit: Computer: DESKTOP-NS5ONMH
[2024.12.14-17.30.16:619][  0]LogInit: User: nanim
[2024.12.14-17.30.16:620][  0]LogInit: CPU Page size=4096, Cores=12
[2024.12.14-17.30.16:620][  0]LogInit: High frequency timer resolution =10.000000 MHz
[2024.12.14-17.30.16:620][  0]LogMemory: Memory total: Physical=31.2GB (32GB approx)
[2024.12.14-17.30.16:620][  0]LogMemory: Platform Memory Stats for Windows
[2024.12.14-17.30.16:620][  0]LogMemory: Process Physical Memory: 149.77 MB used, 149.78 MB peak
[2024.12.14-17.30.16:620][  0]LogMemory: Process Virtual Memory: 128.95 MB used, 128.95 MB peak
[2024.12.14-17.30.16:620][  0]LogMemory: Physical Memory: 15635.04 MB used,  16272.20 MB free, 31907.23 MB total
[2024.12.14-17.30.16:620][  0]LogMemory: Virtual Memory: 134177256.00 MB used,  40475.87 MB free, 134217728.00 MB total
[2024.12.14-17.30.16:634][  0]LogWindows: WindowsPlatformFeatures enabled
[2024.12.14-17.30.16:749][  0]LogInit: Physics initialised using underlying interface: PhysX
[2024.12.14-17.30.16:750][  0]LogInit: Using OS detected language (ko-KR).
[2024.12.14-17.30.16:750][  0]LogInit: Using OS detected locale (ko-KR).
[2024.12.14-17.30.16:755][  0]LogTextLocalizationManager: No specific localization for 'ko-KR' exists, so the 'ko' localization will be used.
[2024.12.14-17.30.16:826][  0]LogInit: Setting process to per monitor DPI aware
[2024.12.14-17.30.16:961][  0]LogWindowsTextInputMethodSystem: Display: IME system deactivated.
[2024.12.14-17.30.16:996][  0]LogSlate: New Slate User Created.  User Index 0, Is Virtual User: 0
[2024.12.14-17.30.16:996][  0]LogSlate: Slate User Registered.  User Index 0, Is Virtual User: 0
[2024.12.14-17.30.17:139][  0]LogD3D11RHI: Loaded GFSDK_Aftermath_Lib.x64.dll
[2024.12.14-17.30.17:146][  0]LogHMD: Failed to initialize OpenVR with code 110
[2024.12.14-17.30.17:146][  0]LogD3D11RHI: D3D11 min allowed feature level: 11_0
[2024.12.14-17.30.17:146][  0]LogD3D11RHI: D3D11 max allowed feature level: 11_0
[2024.12.14-17.30.17:146][  0]LogD3D11RHI: D3D11 adapters:
[2024.12.14-17.30.17:256][  0]LogD3D11RHI:    0. 'AMD Radeon RX 7900 XTX' (Feature Level 11_0)
[2024.12.14-17.30.17:256][  0]LogD3D11RHI:       24491/0/15953 MB DedicatedVideo/DedicatedSystem/SharedSystem, Outputs:2, VendorId:0x1002
[2024.12.14-17.30.17:321][  0]LogD3D11RHI:    1. 'AMD Radeon(TM) Graphics' (Feature Level 11_0)
[2024.12.14-17.30.17:321][  0]LogD3D11RHI:       459/0/15953 MB DedicatedVideo/DedicatedSystem/SharedSystem, Outputs:0, VendorId:0x1002
[2024.12.14-17.30.17:327][  0]LogD3D11RHI:    2. 'Microsoft Basic Render Driver' (Feature Level 11_0)
[2024.12.14-17.30.17:327][  0]LogD3D11RHI:       0/0/15953 MB DedicatedVideo/DedicatedSystem/SharedSystem, Outputs:0, VendorId:0x1414
[2024.12.14-17.30.17:327][  0]LogD3D11RHI: Chosen D3D11 Adapter:
[2024.12.14-17.30.17:327][  0]LogD3D11RHI:     Description : AMD Radeon RX 7900 XTX
[2024.12.14-17.30.17:327][  0]LogD3D11RHI:     VendorId    : 1002
[2024.12.14-17.30.17:327][  0]LogD3D11RHI:     DeviceId    : 744c
[2024.12.14-17.30.17:327][  0]LogD3D11RHI:     SubSysId    : e3b1002
[2024.12.14-17.30.17:327][  0]LogD3D11RHI:     Revision    : 00c8
[2024.12.14-17.30.17:327][  0]LogD3D11RHI:     DedicatedVideoMemory : 25681567744 bytes
[2024.12.14-17.30.17:327][  0]LogD3D11RHI:     DedicatedSystemMemory : 0 bytes
[2024.12.14-17.30.17:327][  0]LogD3D11RHI:     SharedSystemMemory : 16728580096 bytes
[2024.12.14-17.30.17:327][  0]LogD3D11RHI:     AdapterLuid : 0 75829
[2024.12.14-17.30.17:333][  0]LogD3D11RHI: Creating new Direct3DDevice
[2024.12.14-17.30.17:333][  0]LogD3D11RHI:     GPU DeviceId: 0x744c (for the marketing name, search the web for "GPU Device Id")
[2024.12.14-17.30.17:333][  0]LogWindows: EnumDisplayDevices:
[2024.12.14-17.30.17:334][  0]LogWindows:    0. 'AMD Radeon RX 7900 XTX' (P:1 D:1)
[2024.12.14-17.30.17:335][  0]LogWindows:    1. 'AMD Radeon RX 7900 XTX' (P:0 D:1)
[2024.12.14-17.30.17:336][  0]LogWindows:    2. 'AMD Radeon RX 7900 XTX' (P:0 D:0)
[2024.12.14-17.30.17:336][  0]LogWindows:    3. 'AMD Radeon RX 7900 XTX' (P:0 D:0)
[2024.12.14-17.30.17:337][  0]LogWindows:    4. 'AMD Radeon RX 7900 XTX' (P:0 D:0)
[2024.12.14-17.30.17:338][  0]LogWindows:    5. 'AMD Radeon(TM) Graphics' (P:0 D:0)
[2024.12.14-17.30.17:339][  0]LogWindows:    6. 'AMD Radeon(TM) Graphics' (P:0 D:0)
[2024.12.14-17.30.17:339][  0]LogWindows:    7. 'AMD Radeon(TM) Graphics' (P:0 D:0)
[2024.12.14-17.30.17:340][  0]LogWindows:    8. 'AMD Radeon(TM) Graphics' (P:0 D:0)
[2024.12.14-17.30.17:341][  0]LogWindows:    9. 'AMD Radeon(TM) Graphics' (P:0 D:0)
[2024.12.14-17.30.17:341][  0]LogWindows: DebugString: PrimaryIsNotTheChoosenAdapter PrimaryIsNotTheChoosenAdapter PrimaryIsNotTheChoosenAdapter PrimaryIsNotTheChoosenAdapter PrimaryIsNotTheChoosenAdapter FoundDriverCount:5 
[2024.12.14-17.30.17:341][  0]LogD3D11RHI:     Adapter Name: AMD Radeon RX 7900 XTX
[2024.12.14-17.30.17:342][  0]LogD3D11RHI:   Driver Version: AMD Software: Adrenalin Edition 24.9.1 (internal:32.0.12011.1036, unified:32.0.12011.1036)
[2024.12.14-17.30.17:342][  0]LogD3D11RHI:      Driver Date: 9-26-2024
[2024.12.14-17.30.17:342][  0]LogRHI: Texture pool is 16606 MB (70% of 23723 MB)
[2024.12.14-17.30.17:398][  0]LogD3D11RHI: Creating D3DDevice with AMD AGS, using adapter:
[2024.12.14-17.30.17:398][  0]LogD3D11RHI:     Description : AMD Radeon RX 7900 XTX
[2024.12.14-17.30.17:398][  0]LogD3D11RHI:     VendorId    : 1002
[2024.12.14-17.30.17:398][  0]LogD3D11RHI:     DeviceId    : 744c
[2024.12.14-17.30.17:398][  0]LogD3D11RHI:     SubSysId    : e3b1002
[2024.12.14-17.30.17:399][  0]LogD3D11RHI:     Revision    : 00c8
[2024.12.14-17.30.17:399][  0]LogD3D11RHI:     DedicatedVideoMemory : 25681567744 bytes
[2024.12.14-17.30.17:399][  0]LogD3D11RHI:     DedicatedSystemMemory : 0 bytes
[2024.12.14-17.30.17:399][  0]LogD3D11RHI:     SharedSystemMemory : 16728580096 bytes
[2024.12.14-17.30.17:399][  0]LogD3D11RHI:     AdapterLuid : 0 75829
[2024.12.14-17.30.17:480][  0]LogD3D11RHI: Created device via AGS, feature level 11_0, supported extensions 1fffffbf.
[2024.12.14-17.30.17:481][  0]LogD3D11RHI: RHI has support for 64 bit atomics
[2024.12.14-17.30.17:481][  0]LogD3D11RHI: Async texture creation enabled
[2024.12.14-17.30.17:481][  0]LogD3D11RHI: Array index from any shader is supported
[2024.12.14-17.30.17:491][  0]LogD3D11RHI: GPU Timing Frequency: 100.000000 (Debug: 2 1)
[2024.12.14-17.30.17:733][  0]LogTargetPlatformManager: Display: Loaded TargetPlatform 'AllDesktop'
[2024.12.14-17.30.17:754][  0]LogTargetPlatformManager: Display: Loaded TargetPlatform 'Android'
[2024.12.14-17.30.17:754][  0]LogTargetPlatformManager: Display: Loaded TargetPlatform 'Android_ASTC'
[2024.12.14-17.30.17:754][  0]LogTargetPlatformManager: Display: Loaded TargetPlatform 'Android_DXT'
[2024.12.14-17.30.17:754][  0]LogTargetPlatformManager: Display: Loaded TargetPlatform 'Android_ETC2'
[2024.12.14-17.30.17:754][  0]LogTargetPlatformManager: Display: Loaded TargetPlatform 'AndroidClient'
[2024.12.14-17.30.17:754][  0]LogTargetPlatformManager: Display: Loaded TargetPlatform 'Android_ASTCClient'
[2024.12.14-17.30.17:754][  0]LogTargetPlatformManager: Display: Loaded TargetPlatform 'Android_DXTClient'
[2024.12.14-17.30.17:754][  0]LogTargetPlatformManager: Display: Loaded TargetPlatform 'Android_ETC2Client'
[2024.12.14-17.30.17:754][  0]LogTargetPlatformManager: Display: Loaded TargetPlatform 'Android_Multi'
[2024.12.14-17.30.17:755][  0]LogTargetPlatformManager: Display: Loaded TargetPlatform 'Android_MultiClient'
[2024.12.14-17.30.17:783][  0]LogTargetPlatformManager: Display: Loaded TargetPlatform 'IOSClient'
[2024.12.14-17.30.17:783][  0]LogTargetPlatformManager: Display: Loaded TargetPlatform 'IOS'
[2024.12.14-17.30.17:795][  0]LogTargetPlatformManager: Display: Loaded TargetPlatform 'Linux'
[2024.12.14-17.30.17:805][  0]LogTargetPlatformManager: Display: Loaded TargetPlatform 'LinuxNoEditor'
[2024.12.14-17.30.17:813][  0]LogTargetPlatformManager: Display: Loaded TargetPlatform 'LinuxClient'
[2024.12.14-17.30.17:822][  0]LogTargetPlatformManager: Display: Loaded TargetPlatform 'LinuxServer'
[2024.12.14-17.30.17:833][  0]LogTargetPlatformManager: Display: Loaded TargetPlatform 'LinuxAArch64NoEditor'
[2024.12.14-17.30.17:841][  0]LogTargetPlatformManager: Display: Loaded TargetPlatform 'LinuxAArch64Client'
[2024.12.14-17.30.17:849][  0]LogTargetPlatformManager: Display: Loaded TargetPlatform 'LinuxAArch64Server'
[2024.12.14-17.30.17:871][  0]LogTargetPlatformManager: Display: Loaded TargetPlatform 'Lumin'
[2024.12.14-17.30.17:871][  0]LogTargetPlatformManager: Display: Loaded TargetPlatform 'LuminClient'
[2024.12.14-17.30.17:882][  0]LogTargetPlatformManager: Display: Loaded TargetPlatform 'MacNoEditor'
[2024.12.14-17.30.17:891][  0]LogTargetPlatformManager: Display: Loaded TargetPlatform 'Mac'
[2024.12.14-17.30.17:899][  0]LogTargetPlatformManager: Display: Loaded TargetPlatform 'MacClient'
[2024.12.14-17.30.17:907][  0]LogTargetPlatformManager: Display: Loaded TargetPlatform 'MacServer'
[2024.12.14-17.30.17:918][  0]LogTargetPlatformManager: Display: Loaded TargetPlatform 'TVOSClient'
[2024.12.14-17.30.17:918][  0]LogTargetPlatformManager: Display: Loaded TargetPlatform 'TVOS'
[2024.12.14-17.30.17:929][  0]LogTargetPlatformManager: Display: Loaded TargetPlatform 'WindowsNoEditor'
[2024.12.14-17.30.17:938][  0]LogTargetPlatformManager: Display: Loaded TargetPlatform 'Windows'
[2024.12.14-17.30.17:946][  0]LogTargetPlatformManager: Display: Loaded TargetPlatform 'WindowsClient'
[2024.12.14-17.30.17:956][  0]LogTargetPlatformManager: Display: Loaded TargetPlatform 'WindowsServer'
[2024.12.14-17.30.17:956][  0]LogTargetPlatformManager: Display: Building Assets For Windows
[2024.12.14-17.30.17:986][  0]LogAudioDebug: Display: Lib vorbis DLL was dynamically loaded.
[2024.12.14-17.30.18:080][  0]LogTextureFormatOodle: Display: Oodle Texture 2.9.0 init RDO Off
[2024.12.14-17.30.18:162][  0]LogRendererCore: Ray tracing is disabled. Reason: r.RayTracing=0.
[2024.12.14-17.30.18:163][  0]LogShaderCompilers: Guid format shader working directory is -20 characters bigger than the processId version (../../../../../Users/nanim/GitHub/NewNewInsectHeaven/InsectHeaven/Intermediate/Shaders/WorkingDirectory/22084/).
[2024.12.14-17.30.18:163][  0]LogShaderCompilers: Cleaned the shader compiler working directory 'C:/Users/nanim/AppData/Local/Temp/UnrealShaderWorkingDir/708EEDA14A9B966B5CDF46A4BF8CD088/'.
[2024.12.14-17.30.18:163][  0]LogXGEController: Cannot use XGE Controller as Incredibuild is not installed on this machine.
[2024.12.14-17.30.18:163][  0]LogShaderCompilers: Cannot use XGE Shader Compiler as Incredibuild is not installed on this machine.
[2024.12.14-17.30.18:163][  0]LogShaderCompilers: Display: Using Local Shader Compiler.
[2024.12.14-17.30.18:612][  0]LogDerivedDataCache: Display: Max Cache Size: 512 MB
[2024.12.14-17.30.18:663][  0]LogDerivedDataCache: Loaded boot cache 0.05s 94MB C:/Users/nanim/AppData/Local/UnrealEngine/4.27/DerivedDataCache/Boot.ddc.
[2024.12.14-17.30.18:663][  0]LogDerivedDataCache: Display: Loaded Boot cache: C:/Users/nanim/AppData/Local/UnrealEngine/4.27/DerivedDataCache/Boot.ddc
[2024.12.14-17.30.18:663][  0]LogDerivedDataCache: FDerivedDataBackendGraph:  Pak pak cache file ../../../../../Users/nanim/GitHub/NewNewInsectHeaven/InsectHeaven/DerivedDataCache/DDC.ddp not found, will not use a pak cache.
[2024.12.14-17.30.18:663][  0]LogDerivedDataCache: Unable to find inner node Pak for hierarchical cache Hierarchy.
[2024.12.14-17.30.18:664][  0]LogDerivedDataCache: FDerivedDataBackendGraph:  CompressedPak pak cache file ../../../../../Users/nanim/GitHub/NewNewInsectHeaven/InsectHeaven/DerivedDataCache/Compressed.ddp not found, will not use a pak cache.
[2024.12.14-17.30.18:664][  0]LogDerivedDataCache: Unable to find inner node CompressedPak for hierarchical cache Hierarchy.
[2024.12.14-17.30.18:675][  0]LogDerivedDataCache: Display: Pak cache opened for reading ../../../Engine/DerivedDataCache/Compressed.ddp.
[2024.12.14-17.30.18:675][  0]LogDerivedDataCache: FDerivedDataBackendGraph:  EnterprisePak pak cache file ../../../Enterprise/DerivedDataCache/Compressed.ddp not found, will not use a pak cache.
[2024.12.14-17.30.18:675][  0]LogDerivedDataCache: Unable to find inner node EnterprisePak for hierarchical cache Hierarchy.
[2024.12.14-17.30.18:684][  0]LogDerivedDataCache: Speed tests for C:/Users/nanim/AppData/Local/UnrealEngine/Common/DerivedDataCache took 0.01 seconds
[2024.12.14-17.30.18:684][  0]LogDerivedDataCache: Display: Performance to C:/Users/nanim/AppData/Local/UnrealEngine/Common/DerivedDataCache: Latency=0.03ms. RandomReadSpeed=839.30MBs, RandomWriteSpeed=131.74MBs. Assigned SpeedClass 'Local'
[2024.12.14-17.30.18:685][  0]LogDerivedDataCache: Using Local data cache path C:/Users/nanim/AppData/Local/UnrealEngine/Common/DerivedDataCache: Writable
[2024.12.14-17.30.18:685][  0]LogDerivedDataCache: Shared data cache path not found in *engine.ini, will not use an Shared cache.
[2024.12.14-17.30.18:685][  0]LogDerivedDataCache: Unable to find inner node Shared for hierarchical cache Hierarchy.
[2024.12.14-17.30.18:711][  0]LogSlate: Using FreeType 2.10.0
[2024.12.14-17.30.18:712][  0]LogSlate: SlateFontServices - WITH_FREETYPE: 1, WITH_HARFBUZZ: 1
[2024.12.14-17.30.18:736][  0]LogAssetRegistry: FAssetRegistry took 0.0024 seconds to start up
[2024.12.14-17.30.18:874][  0]LogInit: Selected Device Profile: [Windows]
[2024.12.14-17.30.18:875][  0]LogInit: Active device profile: [000001F49B830700][000001F49A970AC0 49] Windows
[2024.12.14-17.30.18:875][  0]LogInit: Profiles: [000001F49B830700][000001F49A970AC0 49] Windows, [000001F49B7EB700][000001F49A974C40 49] WindowsNoEditor, [000001F49B833300][000001F49A978DC0 49] WindowsServer, [000001F49B7E8F00][000001F49A97CF40 49] WindowsClient, [000001F49B833500][000001F49A9810C0 49] IOS, [000001F49B7CFF00][000001F49A985240 49] iPadAir, [000001F49B7EBB00][000001F49A9893C0 49] iPadAir2, [000001F49B790500][000001F49A991680 49] IPadPro, [000001F49B790600][000001F49A98D6C0 49] iPadAir3, [000001F49B7CC100][000001F4955DB840 49] iPadAir4, [000001F49B792C00][000001F4955DF9C0 49] iPadMini2, [000001F49B7CE500][000001F4955E3B40 49] iPadMini3, [000001F49B793400][000001F4955E6140 49] iPadMini4, [000001F49B7CCF00][000001F4955EA2C0 49] iPadMini5, [000001F49B78BE00][000001F4955F2580 49] iPhone6, [000001F49B78BF00][000001F4955EE5C0 49] iPodTouch6, [000001F49B833900][000001F49A96C840 49] iPhone7, [000001F49B832100][000001F4955F6880 49] iPodTouch7, [000001F49B788400][000001F4955FA9C0 49] iPhone5S, [000001F49B793D00][000001F4955FEB00 49] iPhone6Plus, [000001F49B833400][000001F495606C80 49] iPhone6S, [000001F49B792000][000001F49560AE00 49] iPhone6SPlus, [000001F49B830900][000001F49560EF80 49] iPhone7Plus, [000001F49B790E00][000001F499CD9100 49] iPhoneSE, [000001F49B833100][000001F499CDD280 49] iPhone8, [000001F49B792400][000001F499CE1400 49] iPhone8Plus, [000001F49B833A00][000001F499CE5580 49] iPhoneX, [000001F49B793E00][000001F499CE9700 49] iPhoneXS, [000001F49B831500][000001F499CED880 49] iPhoneXSMax, [000001F49B792500][000001F499CF1A00 49] iPhoneXR, [000001F49B832A00][000001F499CF5B80 49] iPhone11, [000001F49B793A00][000001F499CF8180 49] iPhone11Pro, [000001F49B830F00][000001F499CFC300 49] iPhone11ProMax, [000001F49B792300][000001F499D00480 49] iPhoneSE2, [000001F49B831700][000001F499D04600 49] iPhone12Mini, [000001F49B790700][000001F499D08780 49] iPhone12, [000001F49B830300][000001F499D0C900 49] iPhone12Pro, [000001F49B793500][000001F495602A40 49] iPhone12ProMax, [000001F49B830B00][000001F499D10B80 49] iPadPro105, [000001F49B791B00][000001F499D14CC0 49] iPadPro129, [000001F49B830200][000001F499D1CE40 49] iPadPro97, [000001F49B792100][000001F49367EFC0 49] iPadPro2_129, [000001F49B830D00][000001F493683140 49] iPad5, [000001F49B793000][000001F4936872C0 49] iPad6, [000001F49B832C00][000001F49368B440 49] iPad7, [000001F49B792E00][000001F49368F5C0 49] iPad8, [000001F49B831900][000001F493693740 49] iPadPro11, [000001F49B793F00][000001F4936978C0 49] iPadPro2_11, [000001F49B831600][000001F49369BA40 49] iPadPro3_129, [000001F49B792700][000001F49369FBC0 49] iPadPro4_129, [000001F49B832600][000001F4936A21C0 49] AppleTV, [000001F49B792B00][000001F4936A6340 49] AppleTV4K, [000001F49B831B00][000001F4936AA4C0 49] TVOS, [000001F49B790900][000001F4936AE640 49] Mac, [000001F49B832700][000001F4936B27C0 49] MacClient, [000001F49B792F00][000001F4936B6940 49] MacNoEditor, [000001F49B833B00][000001F4936BAAC0 49] MacServer, [000001F49B790400][000001F499D18C00 49] Linux, [000001F49B832E00][000001F4936BED40 49] LinuxAArch64, [000001F49B791500][000001F4936C2E80 49] LinuxNoEditor, [000001F49B832B00][000001F4936C6FC0 49] LinuxAArch64NoEditor, [000001F49B793600][000001F499CB3140 49] LinuxClient, [000001F49B832D00][000001F499CB72C0 49] LinuxAArch64Client, [000001F49B790B00][000001F499CBF440 49] LinuxServer, [000001F49B830400][000001F499CC75C0 49] LinuxAArch64Server, [000001F49B793C00][000001F490089740 49] Android, [000001F49B7CFA00][000001F4900A98C0 49] Android_Low, [000001F49B789B00][000001F4900E1A40 49] Android_Mid, [000001F49B7CF000][000001F4900E5BC0 49] Android_High, [000001F49B78A300][000001F4900E81C0 49] Android_Default, [000001F49B7CE000][000001F49AC2E340 49] Android_Adreno4xx, [000001F49B788100][000001F49AC324C0 49] Android_Adreno5xx_Low, [000001F49B7CCB00][000001F499C68640 49] Android_Adreno5xx, [000001F49B789800][000001F499C6C7C0 49] Android_Adreno6xx, [000001F49B7CD100][000001F499C70940 49] Android_Adreno6xx_Vulkan, [000001F49B788800][000001F499C74AC0 49] Android_Mali_T6xx, [000001F49B7CF600][000001F499C80C40 49] Android_Mali_T7xx, [000001F49B788D00][000001F499CAED80 49] Android_Mali_T8xx, [000001F49B7CFC00][000001F49AAC4EC0 49] Android_Mali_G71, [000001F49B789500][000001F493245000 49] Android_Mali_G72, [000001F49B7CFE00][000001F493249140 49] Android_Mali_G72_Vulkan, [000001F49B78BD00][000001F49056B2C0 49] Android_Mali_G76, [000001F49B7CF900][000001F4905DD440 49] Android_Mali_G76_Vulkan, [000001F49B78B600][000001F49A4315C0 49] Android_Mali_G77, [000001F49B7CE200][000001F49A435740 49] Android_Mali_G77_Vulkan, [000001F49B78B800][000001F49A4CF8C0 49] Android_Mali_G78, [000001F49B7CCA00][000001F49A4D3A40 49] Android_Mali_G78_Vulkan, [000001F49B78B400][000001F49A4E7BC0 49] Android_Mali_G710, [000001F49B7CD400][000001F49A4EA1C0 49] Android_Mali_G710_Vulkan, [000001F49B788600][000001F49A4EE340 49] Android_Vulkan_SM5, [000001F49B7CE400][000001F49A4F24C0 49] Android_PowerVR_G6xxx, [000001F49B788E00][000001F49A4F6640 49] Android_PowerVR_GT7xxx, [000001F49B7CC200][000001F49ABD27C0 49] Android_PowerVR_GE8xxx, [000001F49B788700][000001F49ABD6940 49] Android_PowerVR_GM9xxx, [000001F49B7CE100][000001F49ABFEAC0 49] Android_PowerVR_GM9xxx_Vulkan, [000001F49B792600][000001F49AC12C40 49] Android_TegraK1, [000001F49B7CEA00][000001F49A794DC0 49] Android_Unknown_Vulkan, [000001F49B791400][000001F49A7A2F40 49] Lumin, [000001F49B7CD300][000001F490567080 49] Lumin_Desktop, [000001F49B790C00][000001F49A7A71C0 49] HoloLens, 
[2024.12.14-17.30.19:016][  0]LogMeshReduction: Using QuadricMeshReduction for automatic static mesh reduction
[2024.12.14-17.30.19:016][  0]LogMeshReduction: Using SimplygonMeshReduction for automatic skeletal mesh reduction
[2024.12.14-17.30.19:017][  0]LogMeshReduction: Using ProxyLODMeshReduction for automatic mesh merging
[2024.12.14-17.30.19:017][  0]LogMeshReduction: No distributed automatic mesh merging module available
[2024.12.14-17.30.19:017][  0]LogMeshMerging: No distributed automatic mesh merging module available
[2024.12.14-17.30.19:035][  0]LogNetVersion: InsectHeaven 1.0.0, NetCL: 17155196, EngineNetVer: 17, GameNetVer: 0 (Checksum: 3375795940)
[2024.12.14-17.30.19:278][  0]LogTexture: Default maximum texture size for cubemaps generated from long-lat sources has been changed from 512 to unlimited. In order to preserve old behaiour for '/Engine/MapTemplates/Sky/DaylightAmbientCubemap.DaylightAmbientCubemap', its maximum texture size has been explicitly set to 512.
[2024.12.14-17.30.19:311][  0]LogHMD: PokeAHoleMaterial loaded successfully
[2024.12.14-17.30.19:317][  0]LogUObjectArray: 17178 objects as part of root set at end of initial load.
[2024.12.14-17.30.19:317][  0]LogUObjectAllocator: 4302048 out of 0 bytes used by permanent object pool.
[2024.12.14-17.30.19:317][  0]LogUObjectArray: CloseDisregardForGC: 0/0 objects in disregard for GC pool
[2024.12.14-17.30.19:886][  0]LogPython: Using Python 3.7.7
[2024.12.14-17.30.20:417][  0]LogNiagaraDebuggerClient: Niagara Debugger Client Initialized | Session: CD778469409D0CCC759ACB9D114B864B | Instance: BD0D207C4F006943341492BC86F24458 (DESKTOP-NS5ONMH-22084).
[2024.12.14-17.30.20:547][  0]LogTcpMessaging: Initializing TcpMessaging bridge
[2024.12.14-17.30.20:557][  0]LogUdpMessaging: Initializing bridge on interface 0.0.0.0:0 to multicast group 230.0.0.1:6666.
[2024.12.14-17.30.21:095][  0]SourceControl: 소스 컨트롤이 꺼졌습니다.
[2024.12.14-17.30.21:095][  0]SourceControl: 소스 컨트롤이 꺼졌습니다.
[2024.12.14-17.30.21:105][  0]SourceControl: 소스 컨트롤이 꺼졌습니다.
[2024.12.14-17.30.21:114][  0]SourceControl: 소스 컨트롤이 꺼졌습니다.
[2024.12.14-17.30.21:146][  0]SourceControl: 소스 컨트롤이 꺼졌습니다.
[2024.12.14-17.30.21:217][  0]LogUProjectInfo: Found projects:
[2024.12.14-17.30.21:679][  0]LogOpenImageDenoise: OIDN starting up
[2024.12.14-17.30.21:792][  0]LogAndroidPermission: UAndroidPermissionCallbackProxy::GetInstance
[2024.12.14-17.30.21:847][  0]LogAudioCaptureCore: Display: No Audio Capture implementations found. Audio input will be silent.
[2024.12.14-17.30.21:847][  0]LogAudioCaptureCore: Display: No Audio Capture implementations found. Audio input will be silent.
[2024.12.14-17.30.22:057][  0]LogCollectionManager: Loaded 0 collections in 0.001577 seconds
[2024.12.14-17.30.22:110][  0]LogFileCache: Scanning file cache for directory 'C:/Users/nanim/GitHub/NewNewInsectHeaven/InsectHeaven/Saved/Collections/' took 0.00s
[2024.12.14-17.30.22:110][  0]LogFileCache: Scanning file cache for directory 'C:/Users/nanim/GitHub/NewNewInsectHeaven/InsectHeaven/Content/Developers/nanim/Collections/' took 0.00s
[2024.12.14-17.30.22:110][  0]LogFileCache: Scanning file cache for directory 'C:/Users/nanim/GitHub/NewNewInsectHeaven/InsectHeaven/Content/Collections/' took 0.00s
[2024.12.14-17.30.22:110][  0]LogOcInput: OculusInput pre-init called
[2024.12.14-17.30.22:319][  0]LogClass: Display: IntProperty FCharacter_2D::Name is not initialized properly. Module:InsectHeaven File:Table/DataStruct/Character_2D.h
[2024.12.14-17.30.22:319][  0]LogClass: Display: IntProperty FCharacter_2D::ImageID is not initialized properly. Module:InsectHeaven File:Table/DataStruct/Character_2D.h
[2024.12.14-17.30.22:319][  0]LogClass: Warning: ObjectProperty FDialogueClip::formerAction is not initialized properly. Module:InsectHeaven File:Library/Dialogue/DialogueEditToolWidget.h
[2024.12.14-17.30.22:319][  0]LogClass: Warning: ObjectProperty FDialogueClip::nowAction is not initialized properly. Module:InsectHeaven File:Library/Dialogue/DialogueEditToolWidget.h
[2024.12.14-17.30.22:319][  0]LogClass: Display: IntProperty FResource_Widget::PathFile is not initialized properly. Module:InsectHeaven File:Table/DataStruct/Resource_Widget.h
[2024.12.14-17.30.22:319][  0]LogClass: Display: IntProperty FScript_Local::Test is not initialized properly. Module:InsectHeaven File:Table/DataStruct/Script_Local.h
[2024.12.14-17.30.22:320][  0]LogClass: Display: 6 Uninitialized script struct members found including 2 object properties
[2024.12.14-17.30.22:320][  0]LogAutomationTest: Warning: ObjectProperty FDialogueClip::formerAction is not initialized properly. Module:InsectHeaven File:Library/Dialogue/DialogueEditToolWidget.h
[2024.12.14-17.30.22:320][  0]LogAutomationTest: Warning: ObjectProperty FDialogueClip::nowAction is not initialized properly. Module:InsectHeaven File:Library/Dialogue/DialogueEditToolWidget.h
[2024.12.14-17.30.22:321][  0]LogEngine: Initializing Engine...
[2024.12.14-17.30.22:328][  0]LogHMD: Failed to enumerate extensions. Please check that you have a valid OpenXR runtime installed.
[2024.12.14-17.30.22:328][  0]LogHMD: Failed to initialize OpenVR with code 110
[2024.12.14-17.30.22:328][  0]LogMagicLeap: Warning: VR disabled because ZI is not enabled.  To enable, in the editor, Edit -> Project Settings -> Plugins -> Magic Leap Plugin -> Enable Zero Iteration
[2024.12.14-17.30.22:329][  0]LogStats: UGameplayTagsManager::InitializeManager -  0.000 s
[2024.12.14-17.30.22:418][  0]LogInit: Initializing FReadOnlyCVARCache
[2024.12.14-17.30.22:430][  0]LogAIModule: Creating AISystem for world Untitled
[2024.12.14-17.30.22:430][  0]LogAudio: Display: Initializing Audio Device Manager...
[2024.12.14-17.30.22:439][  0]LogAudio: Display: Loading Default Audio Settings Objects...
[2024.12.14-17.30.22:440][  0]LogAudio: Display: No default SoundConcurrencyObject specified (or failed to load).
[2024.12.14-17.30.22:440][  0]LogAudio: Display: Audio Device Manager Initialized
[2024.12.14-17.30.22:441][  0]LogAudio: Display: Creating Audio Device:                 Id: 1, Scope: Shared, Realtime: True
[2024.12.14-17.30.22:441][  0]LogAudioMixer: Display: Audio Mixer Platform Settings:
[2024.12.14-17.30.22:441][  0]LogAudioMixer: Display: 	Sample Rate:						  48000
[2024.12.14-17.30.22:441][  0]LogAudioMixer: Display: 	Callback Buffer Frame Size Requested: 1024
[2024.12.14-17.30.22:441][  0]LogAudioMixer: Display: 	Callback Buffer Frame Size To Use:	  1024
[2024.12.14-17.30.22:441][  0]LogAudioMixer: Display: 	Number of buffers to queue:			  2
[2024.12.14-17.30.22:441][  0]LogAudioMixer: Display: 	Max Channels (voices):				  32
[2024.12.14-17.30.22:441][  0]LogAudioMixer: Display: 	Number of Async Source Workers:		  0
[2024.12.14-17.30.22:442][  0]LogAudio: Display: AudioDevice MaxSources: 32
[2024.12.14-17.30.22:442][  0]LogAudio: Display: Audio Spatialization Plugin: None (built-in).
[2024.12.14-17.30.22:442][  0]LogAudio: Display: Audio Reverb Plugin: None (built-in).
[2024.12.14-17.30.22:442][  0]LogAudio: Display: Audio Occlusion Plugin: None (built-in).
[2024.12.14-17.30.22:442][  0]LogAudioMixer: Display: Initializing audio mixer.
[2024.12.14-17.30.22:480][  0]LogAudioMixer: Display: 0: FrontLeft
[2024.12.14-17.30.22:480][  0]LogAudioMixer: Display: 1: FrontRight
[2024.12.14-17.30.22:524][  0]LogAudioMixer: Display: Using Audio Device 스피커(ABKO N550)
[2024.12.14-17.30.22:526][  0]LogAudioMixer: Display: Initializing Sound Submixes...
[2024.12.14-17.30.22:528][  0]LogAudioMixer: Display: Creating Master Submix 'MasterSubmixDefault'
[2024.12.14-17.30.22:528][  0]LogAudioMixer: Display: Creating Master Submix 'MasterReverbSubmixDefault'
[2024.12.14-17.30.22:529][  0]LogAudioMixer: Display: Creating Master Submix 'MasterEQSubmixDefault'
[2024.12.14-17.30.22:529][  0]LogAudioMixer: FMixerPlatformXAudio2::StartAudioStream() called
[2024.12.14-17.30.22:529][  0]LogAudioMixer: Display: Output buffers initialized: Frames=1024, Channels=2, Samples=2048
[2024.12.14-17.30.22:530][  0]LogAudioMixer: Display: Starting AudioMixerPlatformInterface::RunInternal()
[2024.12.14-17.30.22:530][  0]LogAudioMixer: Display: FMixerPlatformXAudio2::SubmitBuffer() called for the first time
[2024.12.14-17.30.22:530][  0]LogInit: FAudioDevice initialized.
[2024.12.14-17.30.22:530][  0]LogAudio: Display: Audio Device (ID: 1) registered with world 'Untitled'.
[2024.12.14-17.30.22:530][  0]LogNetVersion: Set ProjectVersion to 1.0.0.0. Version Checksum will be recalculated on next use.
[2024.12.14-17.30.22:781][  0]LogDerivedDataCache: Saved boot cache 0.25s 94MB C:/Users/nanim/AppData/Local/UnrealEngine/4.27/DerivedDataCache/Boot.ddc.
[2024.12.14-17.30.22:782][  0]LogInit: Texture streaming: Enabled
[2024.12.14-17.30.22:809][  0]LogAnalytics: Display: [UEEditor.Rocket.Release] APIServer = https://datarouter.ol.epicgames.com/. AppVersion = 4.27.2-18319896+++UE4+Release-4.27
[2024.12.14-17.30.22:820][  0]LogEngineSessionManager: EngineSessionManager initialized
[2024.12.14-17.30.22:820][  0]LogEngineSessionManager: EngineSessionManager sent abnormal shutdown report. Type=Debugger, SessionId={C6068E1A-44C2-19C8-1105-AE9077AC9F91}
[2024.12.14-17.30.22:820][  0]LogEditorSessionSummary: Verbose: Initializing EditorSessionSummaryWriter for editor session tracking
[2024.12.14-17.30.22:824][  0]LogEditorSessionSummary: EditorSessionSummaryWriter initialized
[2024.12.14-17.30.22:851][  0]LogInit: Transaction tracking system initialized
[2024.12.14-17.30.22:897][  0]BlueprintLog: New page: 에디터 로드
[2024.12.14-17.30.23:021][  0]LocalizationService: 현지화 서비스가 비활성화되었습니다.
[2024.12.14-17.30.23:080][  0]TimingProfiler: Initialize
[2024.12.14-17.30.23:080][  0]TimingProfiler: OnSessionChanged
[2024.12.14-17.30.23:080][  0]LoadingProfiler: Initialize
[2024.12.14-17.30.23:081][  0]LoadingProfiler: OnSessionChanged
[2024.12.14-17.30.23:081][  0]NetworkingProfiler: Initialize
[2024.12.14-17.30.23:081][  0]NetworkingProfiler: OnSessionChanged
[2024.12.14-17.30.23:081][  0]MemoryProfiler: Initialize
[2024.12.14-17.30.23:081][  0]MemoryProfiler: OnSessionChanged
[2024.12.14-17.30.23:259][  0]LogCook: Display: CookSettings for Memory: MemoryMaxUsedVirtual 0MiB, MemoryMaxUsedPhysical 16384MiB, MemoryMinFreeVirtual 0MiB, MemoryMinFreePhysical 1024MiB
[2024.12.14-17.30.23:260][  0]LogCook: Display: Mobile HDR setting 1
[2024.12.14-17.30.23:627][  0]LogFileCache: Scanning file cache for directory 'C:/Users/nanim/GitHub/NewNewInsectHeaven/InsectHeaven/Content/' took 0.01s
[2024.12.14-17.30.23:750][  0]LogInit: Display: Engine is initialized. Leaving FEngineLoop::Init()
[2024.12.14-17.30.23:754][  0]SourceControl: 소스 컨트롤이 꺼졌습니다.
[2024.12.14-17.30.23:754][  0]LogUnrealEdMisc: Loading editor; pre map load, took 8.895
[2024.12.14-17.30.23:754][  0]Cmd: MAP LOAD FILE="../../../../../Users/nanim/GitHub/NewNewInsectHeaven/InsectHeaven/Content/Scene/EmptyMainLevel.umap" TEMPLATE=0 SHOWPROGRESS=1 FEATURELEVEL=3
[2024.12.14-17.30.23:755][  0]LightingResults: New page: 라이팅 빌드
[2024.12.14-17.30.23:756][  0]LogWorld: UWorld::CleanupWorld for Untitled, bSessionEnded=true, bCleanupResources=true
[2024.12.14-17.30.23:756][  0]LogSlate: InvalidateAllWidgets triggered.  All widgets were invalidated
[2024.12.14-17.30.23:756][  0]MapCheck: New page: 맵 체크
[2024.12.14-17.30.23:757][  0]LightingResults: New page: 라이팅 빌드
[2024.12.14-17.30.23:760][  0]LogAudio: Display: Audio Device unregistered from world 'None'.
[2024.12.14-17.30.23:762][  0]LogUObjectHash: Compacting FUObjectHashTables data took   0.47ms
[2024.12.14-17.30.23:765][  0]LogAudio: Display: Audio Device (ID: 1) registered with world 'EmptyMainLevel'.
[2024.12.14-17.30.23:766][  0]LogAIModule: Creating AISystem for world EmptyMainLevel
[2024.12.14-17.30.23:766][  0]LogEditorServer: Finished looking for orphan Actors (0.000 secs)
[2024.12.14-17.30.23:770][  0]LogUObjectHash: Compacting FUObjectHashTables data took   0.36ms
[2024.12.14-17.30.23:772][  0]Cmd: MAP CHECKDEP NOCLEARLOG
[2024.12.14-17.30.23:772][  0]MapCheck: 맵 체크 완료: 오류 0 회, 경고 0 회, 소요 시간 0.126ms.
[2024.12.14-17.30.23:772][  0]LogFileHelpers: Loading map 'EmptyMainLevel' took 0.018
[2024.12.14-17.30.23:776][  0]LogUnrealEdMisc: Total Editor Startup Time, took 8.916
[2024.12.14-17.30.23:930][  0]LogSlate: Updating window title bar state: overlay mode, drag disabled, window buttons hidden, title bar hidden
[2024.12.14-17.30.23:934][  0]LogSlate: Updating window title bar state: overlay mode, drag disabled, window buttons hidden, title bar hidden
[2024.12.14-17.30.23:937][  0]LogSlate: Updating window title bar state: overlay mode, drag disabled, window buttons hidden, title bar hidden
[2024.12.14-17.30.23:940][  0]LogSlate: Updating window title bar state: overlay mode, drag disabled, window buttons hidden, title bar hidden
[2024.12.14-17.30.23:951][  0]LogNativeClassHierarchy: Verbose: Native class hierarchy populated in 0.0068 seconds. Added 3875 classes and 945 folders.
[2024.12.14-17.30.23:953][  0]LogNativeClassHierarchy: Verbose: Native class hierarchy updated for 'WidgetCarousel' in 0.0002 seconds. Added 0 classes and 0 folders.
[2024.12.14-17.30.23:955][  0]LogPakFile: PakFile PrimaryIndexSize=187
[2024.12.14-17.30.23:955][  0]LogPakFile: PakFile PathHashIndexSize=101
[2024.12.14-17.30.23:955][  0]LogPakFile: PakFile FullDirectoryIndexSize=148
[2024.12.14-17.30.23:955][  0]LogShaderLibrary: Display: ShaderCodeLibraryPakFileMountedCallback: PakFile 'C:/Program Files/UE_4.27/FeaturePacks/FP_FirstPerson.upack' (chunk index -1, root 'root:/') mounted
[2024.12.14-17.30.23:955][  0]LogShaderLibrary: Display: ShaderCodeLibraryPakFileMountedCallback: pending pak file info (ChunkID:-1 Root:root:/ File:C:/Program Files/UE_4.27/FeaturePacks/FP_FirstPerson.upack)
[2024.12.14-17.30.23:955][  0]LogPakFile: OnPakFileMounted2Time == 0.000298
[2024.12.14-17.30.23:956][  0]LogPakFile: PakFile PrimaryIndexSize=189
[2024.12.14-17.30.23:956][  0]LogPakFile: PakFile PathHashIndexSize=101
[2024.12.14-17.30.23:956][  0]LogPakFile: PakFile FullDirectoryIndexSize=152
[2024.12.14-17.30.23:956][  0]LogShaderLibrary: Display: ShaderCodeLibraryPakFileMountedCallback: PakFile 'C:/Program Files/UE_4.27/FeaturePacks/FP_FirstPersonBP.upack' (chunk index -1, root 'root:/') mounted
[2024.12.14-17.30.23:956][  0]LogShaderLibrary: Display: ShaderCodeLibraryPakFileMountedCallback: pending pak file info (ChunkID:-1 Root:root:/ File:C:/Program Files/UE_4.27/FeaturePacks/FP_FirstPersonBP.upack)
[2024.12.14-17.30.23:956][  0]LogPakFile: OnPakFileMounted2Time == 0.000294
[2024.12.14-17.30.23:957][  0]LogPakFile: PakFile PrimaryIndexSize=191
[2024.12.14-17.30.23:957][  0]LogPakFile: PakFile PathHashIndexSize=101
[2024.12.14-17.30.23:957][  0]LogPakFile: PakFile FullDirectoryIndexSize=160
[2024.12.14-17.30.23:958][  0]LogShaderLibrary: Display: ShaderCodeLibraryPakFileMountedCallback: PakFile 'C:/Program Files/UE_4.27/FeaturePacks/MobileStarterContent.upack' (chunk index -1, root 'root:/') mounted
[2024.12.14-17.30.23:958][  0]LogShaderLibrary: Display: ShaderCodeLibraryPakFileMountedCallback: pending pak file info (ChunkID:-1 Root:root:/ File:C:/Program Files/UE_4.27/FeaturePacks/MobileStarterContent.upack)
[2024.12.14-17.30.23:958][  0]LogPakFile: OnPakFileMounted2Time == 0.000278
[2024.12.14-17.30.23:959][  0]LogPakFile: PakFile PrimaryIndexSize=185
[2024.12.14-17.30.23:959][  0]LogPakFile: PakFile PathHashIndexSize=101
[2024.12.14-17.30.23:959][  0]LogPakFile: PakFile FullDirectoryIndexSize=148
[2024.12.14-17.30.23:959][  0]LogShaderLibrary: Display: ShaderCodeLibraryPakFileMountedCallback: PakFile 'C:/Program Files/UE_4.27/FeaturePacks/StarterContent.upack' (chunk index -1, root 'root:/') mounted
[2024.12.14-17.30.23:959][  0]LogShaderLibrary: Display: ShaderCodeLibraryPakFileMountedCallback: pending pak file info (ChunkID:-1 Root:root:/ File:C:/Program Files/UE_4.27/FeaturePacks/StarterContent.upack)
[2024.12.14-17.30.23:959][  0]LogPakFile: OnPakFileMounted2Time == 0.000321
[2024.12.14-17.30.23:960][  0]LogPakFile: PakFile PrimaryIndexSize=190
[2024.12.14-17.30.23:960][  0]LogPakFile: PakFile PathHashIndexSize=101
[2024.12.14-17.30.23:960][  0]LogPakFile: PakFile FullDirectoryIndexSize=154
[2024.12.14-17.30.23:960][  0]LogShaderLibrary: Display: ShaderCodeLibraryPakFileMountedCallback: PakFile 'C:/Program Files/UE_4.27/FeaturePacks/TP_2DSideScroller.upack' (chunk index -1, root 'root:/') mounted
[2024.12.14-17.30.23:960][  0]LogShaderLibrary: Display: ShaderCodeLibraryPakFileMountedCallback: pending pak file info (ChunkID:-1 Root:root:/ File:C:/Program Files/UE_4.27/FeaturePacks/TP_2DSideScroller.upack)
[2024.12.14-17.30.23:960][  0]LogPakFile: OnPakFileMounted2Time == 0.000300
[2024.12.14-17.30.23:961][  0]LogPakFile: PakFile PrimaryIndexSize=192
[2024.12.14-17.30.23:961][  0]LogPakFile: PakFile PathHashIndexSize=101
[2024.12.14-17.30.23:961][  0]LogPakFile: PakFile FullDirectoryIndexSize=158
[2024.12.14-17.30.23:961][  0]LogShaderLibrary: Display: ShaderCodeLibraryPakFileMountedCallback: PakFile 'C:/Program Files/UE_4.27/FeaturePacks/TP_2DSideScrollerBP.upack' (chunk index -1, root 'root:/') mounted
[2024.12.14-17.30.23:962][  0]LogShaderLibrary: Display: ShaderCodeLibraryPakFileMountedCallback: pending pak file info (ChunkID:-1 Root:root:/ File:C:/Program Files/UE_4.27/FeaturePacks/TP_2DSideScrollerBP.upack)
[2024.12.14-17.30.23:962][  0]LogPakFile: OnPakFileMounted2Time == 0.000276
[2024.12.14-17.30.23:962][  0]LogPakFile: PakFile PrimaryIndexSize=182
[2024.12.14-17.30.23:963][  0]LogPakFile: PakFile PathHashIndexSize=101
[2024.12.14-17.30.23:963][  0]LogPakFile: PakFile FullDirectoryIndexSize=138
[2024.12.14-17.30.23:963][  0]LogShaderLibrary: Display: ShaderCodeLibraryPakFileMountedCallback: PakFile 'C:/Program Files/UE_4.27/FeaturePacks/TP_Flying.upack' (chunk index -1, root 'root:/') mounted
[2024.12.14-17.30.23:963][  0]LogShaderLibrary: Display: ShaderCodeLibraryPakFileMountedCallback: pending pak file info (ChunkID:-1 Root:root:/ File:C:/Program Files/UE_4.27/FeaturePacks/TP_Flying.upack)
[2024.12.14-17.30.23:963][  0]LogPakFile: OnPakFileMounted2Time == 0.000287
[2024.12.14-17.30.23:964][  0]LogPakFile: PakFile PrimaryIndexSize=184
[2024.12.14-17.30.23:964][  0]LogPakFile: PakFile PathHashIndexSize=101
[2024.12.14-17.30.23:964][  0]LogPakFile: PakFile FullDirectoryIndexSize=142
[2024.12.14-17.30.23:964][  0]LogShaderLibrary: Display: ShaderCodeLibraryPakFileMountedCallback: PakFile 'C:/Program Files/UE_4.27/FeaturePacks/TP_FlyingBP.upack' (chunk index -1, root 'root:/') mounted
[2024.12.14-17.30.23:964][  0]LogShaderLibrary: Display: ShaderCodeLibraryPakFileMountedCallback: pending pak file info (ChunkID:-1 Root:root:/ File:C:/Program Files/UE_4.27/FeaturePacks/TP_FlyingBP.upack)
[2024.12.14-17.30.23:964][  0]LogPakFile: OnPakFileMounted2Time == 0.000255
[2024.12.14-17.30.23:965][  0]LogPakFile: PakFile PrimaryIndexSize=188
[2024.12.14-17.30.23:965][  0]LogPakFile: PakFile PathHashIndexSize=101
[2024.12.14-17.30.23:965][  0]LogPakFile: PakFile FullDirectoryIndexSize=150
[2024.12.14-17.30.23:965][  0]LogShaderLibrary: Display: ShaderCodeLibraryPakFileMountedCallback: PakFile 'C:/Program Files/UE_4.27/FeaturePacks/TP_HandheldARBP.upack' (chunk index -1, root 'root:/') mounted
[2024.12.14-17.30.23:965][  0]LogShaderLibrary: Display: ShaderCodeLibraryPakFileMountedCallback: pending pak file info (ChunkID:-1 Root:root:/ File:C:/Program Files/UE_4.27/FeaturePacks/TP_HandheldARBP.upack)
[2024.12.14-17.30.23:965][  0]LogPakFile: OnPakFileMounted2Time == 0.000256
[2024.12.14-17.30.23:966][  0]LogPakFile: PakFile PrimaryIndexSize=182
[2024.12.14-17.30.23:966][  0]LogPakFile: PakFile PathHashIndexSize=101
[2024.12.14-17.30.23:966][  0]LogPakFile: PakFile FullDirectoryIndexSize=138
[2024.12.14-17.30.23:967][  0]LogShaderLibrary: Display: ShaderCodeLibraryPakFileMountedCallback: PakFile 'C:/Program Files/UE_4.27/FeaturePacks/TP_Puzzle.upack' (chunk index -1, root 'root:/') mounted
[2024.12.14-17.30.23:967][  0]LogShaderLibrary: Display: ShaderCodeLibraryPakFileMountedCallback: pending pak file info (ChunkID:-1 Root:root:/ File:C:/Program Files/UE_4.27/FeaturePacks/TP_Puzzle.upack)
[2024.12.14-17.30.23:967][  0]LogPakFile: OnPakFileMounted2Time == 0.000216
[2024.12.14-17.30.23:967][  0]LogPakFile: PakFile PrimaryIndexSize=184
[2024.12.14-17.30.23:968][  0]LogPakFile: PakFile PathHashIndexSize=101
[2024.12.14-17.30.23:968][  0]LogPakFile: PakFile FullDirectoryIndexSize=142
[2024.12.14-17.30.23:968][  0]LogShaderLibrary: Display: ShaderCodeLibraryPakFileMountedCallback: PakFile 'C:/Program Files/UE_4.27/FeaturePacks/TP_PuzzleBP.upack' (chunk index -1, root 'root:/') mounted
[2024.12.14-17.30.23:968][  0]LogShaderLibrary: Display: ShaderCodeLibraryPakFileMountedCallback: pending pak file info (ChunkID:-1 Root:root:/ File:C:/Program Files/UE_4.27/FeaturePacks/TP_PuzzleBP.upack)
[2024.12.14-17.30.23:968][  0]LogPakFile: OnPakFileMounted2Time == 0.000228
[2024.12.14-17.30.23:969][  0]LogPakFile: PakFile PrimaryIndexSize=183
[2024.12.14-17.30.23:969][  0]LogPakFile: PakFile PathHashIndexSize=101
[2024.12.14-17.30.23:969][  0]LogPakFile: PakFile FullDirectoryIndexSize=140
[2024.12.14-17.30.23:969][  0]LogShaderLibrary: Display: ShaderCodeLibraryPakFileMountedCallback: PakFile 'C:/Program Files/UE_4.27/FeaturePacks/TP_Rolling.upack' (chunk index -1, root 'root:/') mounted
[2024.12.14-17.30.23:969][  0]LogShaderLibrary: Display: ShaderCodeLibraryPakFileMountedCallback: pending pak file info (ChunkID:-1 Root:root:/ File:C:/Program Files/UE_4.27/FeaturePacks/TP_Rolling.upack)
[2024.12.14-17.30.23:969][  0]LogPakFile: OnPakFileMounted2Time == 0.000249
[2024.12.14-17.30.23:970][  0]LogPakFile: PakFile PrimaryIndexSize=185
[2024.12.14-17.30.23:970][  0]LogPakFile: PakFile PathHashIndexSize=101
[2024.12.14-17.30.23:970][  0]LogPakFile: PakFile FullDirectoryIndexSize=144
[2024.12.14-17.30.23:970][  0]LogShaderLibrary: Display: ShaderCodeLibraryPakFileMountedCallback: PakFile 'C:/Program Files/UE_4.27/FeaturePacks/TP_RollingBP.upack' (chunk index -1, root 'root:/') mounted
[2024.12.14-17.30.23:970][  0]LogShaderLibrary: Display: ShaderCodeLibraryPakFileMountedCallback: pending pak file info (ChunkID:-1 Root:root:/ File:C:/Program Files/UE_4.27/FeaturePacks/TP_RollingBP.upack)
[2024.12.14-17.30.23:970][  0]LogPakFile: OnPakFileMounted2Time == 0.000228
[2024.12.14-17.30.23:971][  0]LogPakFile: PakFile PrimaryIndexSize=188
[2024.12.14-17.30.23:971][  0]LogPakFile: PakFile PathHashIndexSize=101
[2024.12.14-17.30.23:971][  0]LogPakFile: PakFile FullDirectoryIndexSize=150
[2024.12.14-17.30.23:971][  0]LogShaderLibrary: Display: ShaderCodeLibraryPakFileMountedCallback: PakFile 'C:/Program Files/UE_4.27/FeaturePacks/TP_SideScroller.upack' (chunk index -1, root 'root:/') mounted
[2024.12.14-17.30.23:971][  0]LogShaderLibrary: Display: ShaderCodeLibraryPakFileMountedCallback: pending pak file info (ChunkID:-1 Root:root:/ File:C:/Program Files/UE_4.27/FeaturePacks/TP_SideScroller.upack)
[2024.12.14-17.30.23:972][  0]LogPakFile: OnPakFileMounted2Time == 0.000279
[2024.12.14-17.30.23:972][  0]LogPakFile: PakFile PrimaryIndexSize=190
[2024.12.14-17.30.23:972][  0]LogPakFile: PakFile PathHashIndexSize=101
[2024.12.14-17.30.23:972][  0]LogPakFile: PakFile FullDirectoryIndexSize=154
[2024.12.14-17.30.23:972][  0]LogShaderLibrary: Display: ShaderCodeLibraryPakFileMountedCallback: PakFile 'C:/Program Files/UE_4.27/FeaturePacks/TP_SideScrollerBP.upack' (chunk index -1, root 'root:/') mounted
[2024.12.14-17.30.23:973][  0]LogShaderLibrary: Display: ShaderCodeLibraryPakFileMountedCallback: pending pak file info (ChunkID:-1 Root:root:/ File:C:/Program Files/UE_4.27/FeaturePacks/TP_SideScrollerBP.upack)
[2024.12.14-17.30.23:973][  0]LogPakFile: OnPakFileMounted2Time == 0.000266
[2024.12.14-17.30.23:973][  0]LogPakFile: PakFile PrimaryIndexSize=187
[2024.12.14-17.30.23:973][  0]LogPakFile: PakFile PathHashIndexSize=101
[2024.12.14-17.30.23:974][  0]LogPakFile: PakFile FullDirectoryIndexSize=148
[2024.12.14-17.30.23:974][  0]LogShaderLibrary: Display: ShaderCodeLibraryPakFileMountedCallback: PakFile 'C:/Program Files/UE_4.27/FeaturePacks/TP_ThirdPerson.upack' (chunk index -1, root 'root:/') mounted
[2024.12.14-17.30.23:974][  0]LogShaderLibrary: Display: ShaderCodeLibraryPakFileMountedCallback: pending pak file info (ChunkID:-1 Root:root:/ File:C:/Program Files/UE_4.27/FeaturePacks/TP_ThirdPerson.upack)
[2024.12.14-17.30.23:974][  0]LogPakFile: OnPakFileMounted2Time == 0.000266
[2024.12.14-17.30.23:974][  0]LogPakFile: PakFile PrimaryIndexSize=189
[2024.12.14-17.30.23:975][  0]LogPakFile: PakFile PathHashIndexSize=101
[2024.12.14-17.30.23:975][  0]LogPakFile: PakFile FullDirectoryIndexSize=152
[2024.12.14-17.30.23:975][  0]LogShaderLibrary: Display: ShaderCodeLibraryPakFileMountedCallback: PakFile 'C:/Program Files/UE_4.27/FeaturePacks/TP_ThirdPersonBP.upack' (chunk index -1, root 'root:/') mounted
[2024.12.14-17.30.23:975][  0]LogShaderLibrary: Display: ShaderCodeLibraryPakFileMountedCallback: pending pak file info (ChunkID:-1 Root:root:/ File:C:/Program Files/UE_4.27/FeaturePacks/TP_ThirdPersonBP.upack)
[2024.12.14-17.30.23:975][  0]LogPakFile: OnPakFileMounted2Time == 0.000255
[2024.12.14-17.30.23:976][  0]LogPakFile: PakFile PrimaryIndexSize=183
[2024.12.14-17.30.23:976][  0]LogPakFile: PakFile PathHashIndexSize=101
[2024.12.14-17.30.23:976][  0]LogPakFile: PakFile FullDirectoryIndexSize=140
[2024.12.14-17.30.23:976][  0]LogShaderLibrary: Display: ShaderCodeLibraryPakFileMountedCallback: PakFile 'C:/Program Files/UE_4.27/FeaturePacks/TP_TopDown.upack' (chunk index -1, root 'root:/') mounted
[2024.12.14-17.30.23:976][  0]LogShaderLibrary: Display: ShaderCodeLibraryPakFileMountedCallback: pending pak file info (ChunkID:-1 Root:root:/ File:C:/Program Files/UE_4.27/FeaturePacks/TP_TopDown.upack)
[2024.12.14-17.30.23:976][  0]LogPakFile: OnPakFileMounted2Time == 0.000268
[2024.12.14-17.30.23:977][  0]LogPakFile: PakFile PrimaryIndexSize=185
[2024.12.14-17.30.23:977][  0]LogPakFile: PakFile PathHashIndexSize=101
[2024.12.14-17.30.23:977][  0]LogPakFile: PakFile FullDirectoryIndexSize=144
[2024.12.14-17.30.23:977][  0]LogShaderLibrary: Display: ShaderCodeLibraryPakFileMountedCallback: PakFile 'C:/Program Files/UE_4.27/FeaturePacks/TP_TopDownBP.upack' (chunk index -1, root 'root:/') mounted
[2024.12.14-17.30.23:977][  0]LogShaderLibrary: Display: ShaderCodeLibraryPakFileMountedCallback: pending pak file info (ChunkID:-1 Root:root:/ File:C:/Program Files/UE_4.27/FeaturePacks/TP_TopDownBP.upack)
[2024.12.14-17.30.23:977][  0]LogPakFile: OnPakFileMounted2Time == 0.000275
[2024.12.14-17.30.23:978][  0]LogPakFile: PakFile PrimaryIndexSize=185
[2024.12.14-17.30.23:978][  0]LogPakFile: PakFile PathHashIndexSize=101
[2024.12.14-17.30.23:978][  0]LogPakFile: PakFile FullDirectoryIndexSize=144
[2024.12.14-17.30.23:978][  0]LogShaderLibrary: Display: ShaderCodeLibraryPakFileMountedCallback: PakFile 'C:/Program Files/UE_4.27/FeaturePacks/TP_TwinStick.upack' (chunk index -1, root 'root:/') mounted
[2024.12.14-17.30.23:978][  0]LogShaderLibrary: Display: ShaderCodeLibraryPakFileMountedCallback: pending pak file info (ChunkID:-1 Root:root:/ File:C:/Program Files/UE_4.27/FeaturePacks/TP_TwinStick.upack)
[2024.12.14-17.30.23:979][  0]LogPakFile: OnPakFileMounted2Time == 0.000322
[2024.12.14-17.30.23:979][  0]LogPakFile: PakFile PrimaryIndexSize=187
[2024.12.14-17.30.23:979][  0]LogPakFile: PakFile PathHashIndexSize=101
[2024.12.14-17.30.23:979][  0]LogPakFile: PakFile FullDirectoryIndexSize=148
[2024.12.14-17.30.23:979][  0]LogShaderLibrary: Display: ShaderCodeLibraryPakFileMountedCallback: PakFile 'C:/Program Files/UE_4.27/FeaturePacks/TP_TwinStickBP.upack' (chunk index -1, root 'root:/') mounted
[2024.12.14-17.30.23:980][  0]LogShaderLibrary: Display: ShaderCodeLibraryPakFileMountedCallback: pending pak file info (ChunkID:-1 Root:root:/ File:C:/Program Files/UE_4.27/FeaturePacks/TP_TwinStickBP.upack)
[2024.12.14-17.30.23:980][  0]LogPakFile: OnPakFileMounted2Time == 0.000257
[2024.12.14-17.30.23:980][  0]LogPakFile: PakFile PrimaryIndexSize=183
[2024.12.14-17.30.23:981][  0]LogPakFile: PakFile PathHashIndexSize=101
[2024.12.14-17.30.23:981][  0]LogPakFile: PakFile FullDirectoryIndexSize=140
[2024.12.14-17.30.23:981][  0]LogShaderLibrary: Display: ShaderCodeLibraryPakFileMountedCallback: PakFile 'C:/Program Files/UE_4.27/FeaturePacks/TP_Vehicle.upack' (chunk index -1, root 'root:/') mounted
[2024.12.14-17.30.23:981][  0]LogShaderLibrary: Display: ShaderCodeLibraryPakFileMountedCallback: pending pak file info (ChunkID:-1 Root:root:/ File:C:/Program Files/UE_4.27/FeaturePacks/TP_Vehicle.upack)
[2024.12.14-17.30.23:981][  0]LogPakFile: OnPakFileMounted2Time == 0.000340
[2024.12.14-17.30.23:982][  0]LogPakFile: PakFile PrimaryIndexSize=186
[2024.12.14-17.30.23:982][  0]LogPakFile: PakFile PathHashIndexSize=101
[2024.12.14-17.30.23:982][  0]LogPakFile: PakFile FullDirectoryIndexSize=146
[2024.12.14-17.30.23:982][  0]LogShaderLibrary: Display: ShaderCodeLibraryPakFileMountedCallback: PakFile 'C:/Program Files/UE_4.27/FeaturePacks/TP_VehicleAdv.upack' (chunk index -1, root 'root:/') mounted
[2024.12.14-17.30.23:983][  0]LogShaderLibrary: Display: ShaderCodeLibraryPakFileMountedCallback: pending pak file info (ChunkID:-1 Root:root:/ File:C:/Program Files/UE_4.27/FeaturePacks/TP_VehicleAdv.upack)
[2024.12.14-17.30.23:983][  0]LogPakFile: OnPakFileMounted2Time == 0.000314
[2024.12.14-17.30.23:984][  0]LogPakFile: PakFile PrimaryIndexSize=188
[2024.12.14-17.30.23:984][  0]LogPakFile: PakFile PathHashIndexSize=101
[2024.12.14-17.30.23:984][  0]LogPakFile: PakFile FullDirectoryIndexSize=150
[2024.12.14-17.30.23:984][  0]LogShaderLibrary: Display: ShaderCodeLibraryPakFileMountedCallback: PakFile 'C:/Program Files/UE_4.27/FeaturePacks/TP_VehicleAdvBP.upack' (chunk index -1, root 'root:/') mounted
[2024.12.14-17.30.23:984][  0]LogShaderLibrary: Display: ShaderCodeLibraryPakFileMountedCallback: pending pak file info (ChunkID:-1 Root:root:/ File:C:/Program Files/UE_4.27/FeaturePacks/TP_VehicleAdvBP.upack)
[2024.12.14-17.30.23:984][  0]LogPakFile: OnPakFileMounted2Time == 0.000251
[2024.12.14-17.30.23:985][  0]LogPakFile: PakFile PrimaryIndexSize=185
[2024.12.14-17.30.23:985][  0]LogPakFile: PakFile PathHashIndexSize=101
[2024.12.14-17.30.23:985][  0]LogPakFile: PakFile FullDirectoryIndexSize=144
[2024.12.14-17.30.23:985][  0]LogShaderLibrary: Display: ShaderCodeLibraryPakFileMountedCallback: PakFile 'C:/Program Files/UE_4.27/FeaturePacks/TP_VehicleBP.upack' (chunk index -1, root 'root:/') mounted
[2024.12.14-17.30.23:985][  0]LogShaderLibrary: Display: ShaderCodeLibraryPakFileMountedCallback: pending pak file info (ChunkID:-1 Root:root:/ File:C:/Program Files/UE_4.27/FeaturePacks/TP_VehicleBP.upack)
[2024.12.14-17.30.23:985][  0]LogPakFile: OnPakFileMounted2Time == 0.000241
[2024.12.14-17.30.23:986][  0]LogPakFile: PakFile PrimaryIndexSize=192
[2024.12.14-17.30.23:986][  0]LogPakFile: PakFile PathHashIndexSize=101
[2024.12.14-17.30.23:986][  0]LogPakFile: PakFile FullDirectoryIndexSize=158
[2024.12.14-17.30.23:986][  0]LogShaderLibrary: Display: ShaderCodeLibraryPakFileMountedCallback: PakFile 'C:/Program Files/UE_4.27/FeaturePacks/TP_VirtualRealityBP.upack' (chunk index -1, root 'root:/') mounted
[2024.12.14-17.30.23:986][  0]LogShaderLibrary: Display: ShaderCodeLibraryPakFileMountedCallback: pending pak file info (ChunkID:-1 Root:root:/ File:C:/Program Files/UE_4.27/FeaturePacks/TP_VirtualRealityBP.upack)
[2024.12.14-17.30.23:986][  0]LogPakFile: OnPakFileMounted2Time == 0.000223
[2024.12.14-17.30.24:034][  0]LogNativeClassHierarchy: Verbose: Native class hierarchy updated for 'AddContentDialog' in 0.0002 seconds. Added 0 classes and 0 folders.
[2024.12.14-17.30.24:035][  0]LogNativeClassHierarchy: Verbose: Native class hierarchy updated for 'SceneOutliner' in 0.0002 seconds. Added 2 classes and 0 folders.
[2024.12.14-17.30.24:181][  0]LogSlate: Took 0.000354 seconds to synchronously load lazily loaded font '../../../Engine/Content/Slate/Fonts/Roboto-Regular.ttf' (155K)
[2024.12.14-17.30.24:182][  0]LogSlate: Took 0.000301 seconds to synchronously load lazily loaded font '../../../Engine/Content/Editor/Slate/Fonts/FontAwesome.ttf' (139K)
[2024.12.14-17.30.24:184][  0]LogSlate: Took 0.001328 seconds to synchronously load lazily loaded font '../../../Engine/Content/Editor/Slate/Fonts/NanumGothic.ttf' (4243K)
[2024.12.14-17.30.24:186][  0]LogSlate: Took 0.001059 seconds to synchronously load lazily loaded font '../../../Engine/Content/Editor/Slate/Fonts/NanumGothicBold.ttf' (4188K)
[2024.12.14-17.30.24:186][  0]LogSlate: Took 0.000214 seconds to synchronously load lazily loaded font '../../../Engine/Content/Slate/Fonts/Roboto-Bold.ttf' (160K)
[2024.12.14-17.30.24:229][  0]LogRenderer: Reallocating scene render targets to support 1616x808 Format 10 NumSamples 1 (Frame:1).
[2024.12.14-17.30.24:277][  0]LogNativeClassHierarchy: Verbose: Native class hierarchy updated for 'HierarchicalLODOutliner' in 0.0002 seconds. Added 0 classes and 0 folders.
[2024.12.14-17.30.24:277][  0]LogLoad: (Engine Initialization) Total time: 9.42 seconds
[2024.12.14-17.30.24:277][  0]LogLoad: (Engine Initialization) Total Blueprint compile time: 0.00 seconds
[2024.12.14-17.30.24:339][  0]LogAssetRegistry: Asset discovery search completed in 5.6045 seconds
[2024.12.14-17.30.24:343][  0]LogCollectionManager: Fixed up redirectors for 0 collections in 0.000001 seconds (updated 0 objects)
[2024.12.14-17.30.24:344][  0]LogContentStreaming: Texture pool size now 1000 MB
[2024.12.14-17.30.24:362][  1]LogFileCache: Retrieving MD5 hashes for directory 'C:/Users/nanim/GitHub/NewNewInsectHeaven/InsectHeaven/Content/' took 0.04s
[2024.12.14-17.30.32:054][602]Cmd: MAP LOAD FILE="../../../../../Users/nanim/GitHub/NewNewInsectHeaven/InsectHeaven/Content/Dialogue/DialogueWorld.umap" TEMPLATE=0 SHOWPROGRESS=1 FEATURELEVEL=3
[2024.12.14-17.30.32:057][602]LogSlate: Took 0.000163 seconds to synchronously load lazily loaded font '../../../Engine/Content/Slate/Fonts/Roboto-Light.ttf' (167K)
[2024.12.14-17.30.32:071][602]LightingResults: New page: 라이팅 빌드
[2024.12.14-17.30.32:071][602]LoadErrors: New page: 맵 로드 중: DialogueWorld.umap
[2024.12.14-17.30.32:073][602]LogWorld: UWorld::CleanupWorld for EmptyMainLevel, bSessionEnded=true, bCleanupResources=true
[2024.12.14-17.30.32:073][602]LogSlate: InvalidateAllWidgets triggered.  All widgets were invalidated
[2024.12.14-17.30.32:073][602]MapCheck: New page: 맵 체크
[2024.12.14-17.30.32:073][602]LightingResults: New page: 라이팅 빌드
[2024.12.14-17.30.32:094][602]LogAudio: Display: Audio Device unregistered from world 'None'.
[2024.12.14-17.30.32:095][602]LogUObjectHash: Compacting FUObjectHashTables data took   0.55ms
[2024.12.14-17.30.32:098][602]LogAudio: Display: Audio Device (ID: 1) registered with world 'DialogueWorld'.
[2024.12.14-17.30.32:098][602]LogAIModule: Creating AISystem for world DialogueWorld
[2024.12.14-17.30.32:100][602]LogEditorServer: Finished looking for orphan Actors (0.000 secs)
[2024.12.14-17.30.32:105][602]LogUObjectHash: Compacting FUObjectHashTables data took   0.36ms
[2024.12.14-17.30.32:120][602]Cmd: MAP CHECKDEP NOCLEARLOG
[2024.12.14-17.30.32:121][602]MapCheck: 맵 체크 완료: 오류 0 회, 경고 0 회, 소요 시간 0.152ms.
[2024.12.14-17.30.32:121][602]LogFileHelpers: Loading map 'DialogueWorld' took 0.067
[2024.12.14-17.30.32:125][602]LogPlayLevel: PlayLevel: No blueprints needed recompiling
[2024.12.14-17.30.32:125][602]PIE: New page: PIE 세션: DialogueWorld (2024. 12. 15. 오전 11:30:32)
[2024.12.14-17.30.32:127][602]LogOnline: OSS: Creating online subsystem instance for: NULL
[2024.12.14-17.30.32:128][602]LogOnline: OSS: TryLoadSubsystemAndSetDefault: Loaded subsystem for module [NULL]
[2024.12.14-17.30.32:129][602]LogPlayLevel: Creating play world package: /Game/Dialogue/UEDPIE_0_DialogueWorld
[2024.12.14-17.30.32:130][602]LogPlayLevel: PIE: StaticDuplicateObject took: (0.000416s)
[2024.12.14-17.30.32:130][602]LogAIModule: Creating AISystem for world DialogueWorld
[2024.12.14-17.30.32:130][602]LogPlayLevel: PIE: World Init took: (0.000692s)
[2024.12.14-17.30.32:131][602]LogPlayLevel: PIE: Created PIE world by copying editor world from /Game/Dialogue/DialogueWorld.DialogueWorld to /Game/Dialogue/UEDPIE_0_DialogueWorld.DialogueWorld (0.001615s)
[2024.12.14-17.30.32:135][602]LogUObjectHash: Compacting FUObjectHashTables data took   0.42ms
[2024.12.14-17.30.32:140][602]LogSlate: InvalidateAllWidgets triggered.  All widgets were invalidated
[2024.12.14-17.30.32:140][602]LogAudio: Display: Creating Audio Device:                 Id: 2, Scope: Unique, Realtime: True
[2024.12.14-17.30.32:140][602]LogAudioMixer: Display: Audio Mixer Platform Settings:
[2024.12.14-17.30.32:140][602]LogAudioMixer: Display: 	Sample Rate:						  48000
[2024.12.14-17.30.32:140][602]LogAudioMixer: Display: 	Callback Buffer Frame Size Requested: 1024
[2024.12.14-17.30.32:140][602]LogAudioMixer: Display: 	Callback Buffer Frame Size To Use:	  1024
[2024.12.14-17.30.32:141][602]LogAudioMixer: Display: 	Number of buffers to queue:			  2
[2024.12.14-17.30.32:141][602]LogAudioMixer: Display: 	Max Channels (voices):				  32
[2024.12.14-17.30.32:141][602]LogAudioMixer: Display: 	Number of Async Source Workers:		  0
[2024.12.14-17.30.32:141][602]LogAudio: Display: AudioDevice MaxSources: 32
[2024.12.14-17.30.32:141][602]LogAudio: Display: Audio Spatialization Plugin: None (built-in).
[2024.12.14-17.30.32:141][602]LogAudio: Display: Audio Reverb Plugin: None (built-in).
[2024.12.14-17.30.32:142][602]LogAudio: Display: Audio Occlusion Plugin: None (built-in).
[2024.12.14-17.30.32:142][602]LogAudioMixer: Display: Initializing audio mixer.
[2024.12.14-17.30.32:159][602]LogAudioMixer: Display: 0: FrontLeft
[2024.12.14-17.30.32:159][602]LogAudioMixer: Display: 1: FrontRight
[2024.12.14-17.30.32:176][602]LogAudioMixer: Display: Using Audio Device 스피커(ABKO N550)
[2024.12.14-17.30.32:176][602]LogAudioMixer: Display: Initializing Sound Submixes...
[2024.12.14-17.30.32:176][602]LogAudioMixer: Display: Creating Master Submix 'MasterSubmixDefault'
[2024.12.14-17.30.32:176][602]LogAudioMixer: Display: Creating Master Submix 'MasterReverbSubmixDefault'
[2024.12.14-17.30.32:177][602]LogAudioMixer: Display: Creating Master Submix 'MasterEQSubmixDefault'
[2024.12.14-17.30.32:177][602]LogAudioMixer: FMixerPlatformXAudio2::StartAudioStream() called
[2024.12.14-17.30.32:177][602]LogAudioMixer: Display: Output buffers initialized: Frames=1024, Channels=2, Samples=2048
[2024.12.14-17.30.32:178][602]LogAudioMixer: Display: Starting AudioMixerPlatformInterface::RunInternal()
[2024.12.14-17.30.32:178][602]LogAudioMixer: Display: FMixerPlatformXAudio2::SubmitBuffer() called for the first time
[2024.12.14-17.30.32:178][602]LogInit: FAudioDevice initialized.
[2024.12.14-17.30.32:179][602]LogAudio: Display: Audio Device (ID: 2) registered with world 'DialogueWorld'.
[2024.12.14-17.30.32:190][602]LogLoad: Game class is 'IH_GameMode_DialgueTool'
[2024.12.14-17.30.32:191][602]LogWorld: Bringing World /Game/Dialogue/UEDPIE_0_DialogueWorld.DialogueWorld up for play (max tick rate 0) at 2024.12.15-02.30.32
[2024.12.14-17.30.32:191][602]LogWorld: Bringing up level for play took: 0.000330
[2024.12.14-17.30.32:192][602]LogOnline: OSS: Creating online subsystem instance for: :Context_1
[2024.12.14-17.30.32:194][602]LogNativeClassHierarchy: Verbose: Native class hierarchy updated for 'MovieSceneCapture' in 0.0003 seconds. Added 20 classes and 0 folders.
[2024.12.14-17.30.32:207][602]PIE: 서버가 로그인했습니다.
[2024.12.14-17.30.32:208][602]PIE: 에디터에서 플레이 총 시작 시간 0.084초입니다.
[2024.12.14-17.30.32:231][603]LogUObjectHash: Compacting FUObjectHashTables data took   0.46ms
[2024.12.14-17.30.42:034][932]LogAudioMixer: Resetting audio stream to device id 
[2024.12.14-17.30.42:046][932]LogAudioMixer: Display: 0: FrontLeft
[2024.12.14-17.30.42:046][932]LogAudioMixer: Display: 1: FrontRight
[2024.12.14-17.30.42:083][932]LogAudioMixer: Resetting audio stream to device id 
[2024.12.14-17.30.42:095][932]LogAudioMixer: Display: 0: FrontLeft
[2024.12.14-17.30.42:095][932]LogAudioMixer: Display: 1: FrontRight
