Log file open, 09/02/24 22:27:06
LogWindows: Failed to load 'aqProf.dll' (GetLastError=126)
LogWindows: File 'aqProf.dll' does not exist
LogWindows: Failed to load 'VtuneApi.dll' (GetLastError=126)
LogWindows: File 'VtuneApi.dll' does not exist
LogWindows: Failed to load 'VtuneApi32e.dll' (GetLastError=126)
LogWindows: File 'VtuneApi32e.dll' does not exist
LogConsoleResponse: Display: Failed to find resolution value strings in scalability ini. Falling back to default.
LogConsoleResponse: Display: Failed to find resolution value strings in scalability ini. Falling back to default.
LogInit: Display: Running engine for game: InsectHeaven
LogPlatformFile: Not using cached read wrapper
LogTaskGraph: Started task graph with 5 named threads and 71 total threads with 3 sets of task threads.
LogStats: Stats thread started at 0.223074
LogICUInternationalization: ICU TimeZone Detection - Raw Offset: +9:00, Platform Override: ''
LogInit: Display: Loading text-based GConfig....
LogPluginManager: Mounting plugin MeshPainting
LogPluginManager: Mounting plugin XGEController
LogPluginManager: Mounting plugin Paper2D
LogPluginManager: Mounting plugin AISupport
LogPluginManager: Mounting plugin LightPropagationVolume
LogPluginManager: Mounting plugin EnvironmentQueryEditor
LogPluginManager: Mounting plugin LiveLink
LogPluginManager: Mounting plugin OodleNetwork
LogPluginManager: Mounting plugin OodleData
LogPluginManager: Mounting plugin AssetManagerEditor
LogPluginManager: Mounting plugin CLionSourceCodeAccess
LogPluginManager: Mounting plugin AnimationSharing
LogPluginManager: Mounting plugin FacialAnimation
LogPluginManager: Mounting plugin DataValidation
LogPluginManager: Mounting plugin CryptoKeys
LogPluginManager: Mounting plugin EditorScriptingUtilities
LogPluginManager: Mounting plugin CurveEditorTools
LogPluginManager: Mounting plugin GameplayTagsEditor
LogPluginManager: Mounting plugin MaterialAnalyzer
LogPluginManager: Mounting plugin PluginBrowser
LogPluginManager: Mounting plugin MacGraphicsSwitching
LogPluginManager: Mounting plugin MobileLauncherProfileWizard
LogPluginManager: Mounting plugin SpeedTreeImporter
LogPluginManager: Mounting plugin CodeLiteSourceCodeAccess
LogPluginManager: Mounting plugin GeometryMode
LogPluginManager: Mounting plugin KDevelopSourceCodeAccess
LogPluginManager: Mounting plugin GitSourceControl
LogPluginManager: Mounting plugin NullSourceCodeAccess
LogPluginManager: Mounting plugin PerforceSourceControl
LogPluginManager: Mounting plugin PixWinPlugin
LogPluginManager: Mounting plugin PluginUtils
LogPluginManager: Mounting plugin PropertyAccessNode
LogPluginManager: Mounting plugin PlasticSourceControl
LogPluginManager: Mounting plugin UObjectPlugin
LogPluginManager: Mounting plugin SubversionSourceControl
LogPluginManager: Mounting plugin VisualStudioCodeSourceCodeAccess
LogPluginManager: Mounting plugin XCodeSourceCodeAccess
LogPluginManager: Mounting plugin VisualStudioSourceCodeAccess
LogPluginManager: Mounting plugin TextureFormatOodle
LogPluginManager: Mounting plugin RiderSourceCodeAccess
LogPluginManager: Mounting plugin DatasmithContent
LogPluginManager: Mounting plugin VariantManagerContent
LogPluginManager: Mounting plugin LuminPlatformFeatures
LogPluginManager: Mounting plugin MagicLeap
LogPluginManager: Mounting plugin MagicLeapMedia
LogPluginManager: Mounting plugin MagicLeapLightEstimation
LogPluginManager: Mounting plugin MagicLeapPassableWorld
LogPluginManager: Mounting plugin AlembicImporter
LogPluginManager: Mounting plugin BackChannel
LogPluginManager: Mounting plugin AutomationUtils
LogPluginManager: Mounting plugin ChaosClothEditor
LogPluginManager: Mounting plugin MLSDK
LogPluginManager: Mounting plugin ChaosSolverPlugin
LogPluginManager: Mounting plugin AndroidMedia
LogPluginManager: Mounting plugin ChaosEditor
LogPluginManager: Mounting plugin ChaosCloth
LogPluginManager: Mounting plugin ChaosNiagara
LogPluginManager: Mounting plugin AvfMedia
LogPluginManager: Mounting plugin ImgMedia
LogPluginManager: Mounting plugin CharacterAI
LogPluginManager: Mounting plugin MediaCompositing
LogPluginManager: Mounting plugin MediaPlayerEditor
LogPluginManager: Mounting plugin WmfMedia
LogPluginManager: Mounting plugin WebMMedia
LogPluginManager: Mounting plugin Niagara
LogPluginManager: Mounting plugin TcpMessaging
LogPluginManager: Mounting plugin UdpMessaging
LogPluginManager: Mounting plugin GeometryCache
LogPluginManager: Mounting plugin GeometryCollectionPlugin
LogPluginManager: Mounting plugin GeometryProcessing
LogPluginManager: Mounting plugin MotoSynth
LogPluginManager: Mounting plugin OpenImageDenoise
LogPluginManager: Mounting plugin PlatformCrypto
LogPluginManager: Mounting plugin ProxyLODPlugin
LogPluginManager: Mounting plugin PlanarCut
LogPluginManager: Mounting plugin PythonScriptPlugin
LogPluginManager: Mounting plugin OnlineSubsystem
LogPluginManager: Mounting plugin OnlineSubsystemNull
LogPluginManager: Mounting plugin OnlineSubsystemUtils
LogPluginManager: Mounting plugin SkeletalReduction
LogPluginManager: Mounting plugin LauncherChunkInstaller
LogPluginManager: Mounting plugin ActorSequence
LogPluginManager: Mounting plugin MatineeToLevelSequence
LogPluginManager: Mounting plugin LevelSequenceEditor
LogPluginManager: Mounting plugin TemplateSequence
LogPluginManager: Mounting plugin ScreenshotTools
LogPluginManager: Mounting plugin ActorLayerUtilities
LogPluginManager: Mounting plugin AndroidDeviceProfileSelector
LogPluginManager: Mounting plugin AndroidMoviePlayer
LogPluginManager: Mounting plugin AndroidPermission
LogPluginManager: Mounting plugin AppleMoviePlayer
LogPluginManager: Mounting plugin ArchVisCharacter
LogPluginManager: Mounting plugin AppleImageUtils
LogPluginManager: Mounting plugin AssetTags
LogPluginManager: Mounting plugin AudioCapture
LogPluginManager: Mounting plugin AudioSynesthesia
LogPluginManager: Mounting plugin CableComponent
LogPluginManager: Mounting plugin CustomMeshComponent
LogPluginManager: Mounting plugin ChunkDownloader
LogPluginManager: Mounting plugin EditableMesh
LogPluginManager: Mounting plugin ExampleDeviceProfileSelector
LogPluginManager: Mounting plugin GoogleCloudMessaging
LogPluginManager: Mounting plugin GooglePAD
LogPluginManager: Mounting plugin Takes
LogPluginManager: Mounting plugin IOSDeviceProfileSelector
LogPluginManager: Mounting plugin LinuxDeviceProfileSelector
LogPluginManager: Mounting plugin LocationServicesBPLibrary
LogPluginManager: Mounting plugin MobilePatchingUtils
LogPluginManager: Mounting plugin OpenXR
LogPluginManager: Mounting plugin OpenXRHandTracking
LogPluginManager: Mounting plugin OpenXREyeTracker
LogPluginManager: Mounting plugin PhysXVehicles
LogPluginManager: Mounting plugin PostSplashScreen
LogPluginManager: Mounting plugin ProceduralMeshComponent
LogPluginManager: Mounting plugin PropertyAccessEditor
LogPluginManager: Mounting plugin RuntimePhysXCooking
LogPluginManager: Mounting plugin SignificanceManager
LogPluginManager: Mounting plugin SoundFields
LogPluginManager: Mounting plugin Synthesis
LogPluginManager: Mounting plugin WebMMoviePlayer
LogPluginManager: Mounting plugin WindowsMoviePlayer
LogPluginManager: Mounting plugin CameraShakePreviewer
LogPluginManager: Mounting plugin GameplayCameras
LogPluginManager: Mounting plugin ContentBrowserClassDataSource
LogPluginManager: Mounting plugin ContentBrowserAssetDataSource
LogPluginManager: Mounting plugin ContentBrowserFileDataSource
LogPluginManager: Mounting plugin RiderLink
LogPluginManager: Mounting plugin OnlineSubsystemIOS
LogPluginManager: Mounting plugin OnlineSubsystemGooglePlay
LogPluginManager: Mounting plugin OculusVR
LogPluginManager: Mounting plugin SteamVR
PixWinPlugin: PIX capture plugin failed to initialize! Check that the process is launched from PIX.
LogInit: Using libcurl 7.55.1-DEV
LogInit:  - built for x86_64-pc-win32
LogInit:  - supports SSL with OpenSSL/1.1.1
LogInit:  - supports HTTP deflate (compression) using libz 1.2.8
LogInit:  - other features:
LogInit:      CURL_VERSION_SSL
LogInit:      CURL_VERSION_LIBZ
LogInit:      CURL_VERSION_IPV6
LogInit:      CURL_VERSION_ASYNCHDNS
LogInit:      CURL_VERSION_LARGEFILE
LogInit:      CURL_VERSION_IDN
LogInit:  CurlRequestOptions (configurable via config and command line):
LogInit:  - bVerifyPeer = true  - Libcurl will verify peer certificate
LogInit:  - bUseHttpProxy = false  - Libcurl will NOT use HTTP proxy
LogInit:  - bDontReuseConnections = false  - Libcurl will reuse connections
LogInit:  - MaxHostConnections = 16  - Libcurl will limit the number of connections to a host
LogInit:  - LocalHostAddr = Default
LogInit:  - BufferSize = 65536
LogOnline: OSS: Creating online subsystem instance for: NULL
LogInit: WinSock: version 1.1 (2.2), MaxSocks=32767, MaxUdp=65467
LogOnline: OSS: TryLoadSubsystemAndSetDefault: Loaded subsystem for module [NULL]
LogOculusPluginWrapper: OculusPlugin initialized successfully
LogHMD: Failed initializing OVRPlugin 1.59.0
LogInit: Build: ++UE4+Release-4.27-CL-18319896
LogInit: Engine Version: 4.27.2-18319896+++UE4+Release-4.27
LogInit: Compatible Engine Version: 4.27.0-17155196+++UE4+Release-4.27
LogInit: Net CL: 17155196
LogInit: OS: Windows 10 (Release 2009) (), CPU: AMD Ryzen 9 7900X 12-Core Processor            , GPU: AMD Radeon RX 7900 XTX
LogInit: Compiled (64-bit): Nov 30 2021 07:12:08
LogInit: Compiled with Visual C++: 19.24.28315.00
LogInit: Build Configuration: Development
LogInit: Branch Name: ++UE4+Release-4.27
LogInit: Command Line: 
LogInit: Base Directory: C:/Program Files/UE_4.27/Engine/Binaries/Win64/
LogInit: Allocator: TBB
LogInit: Installed Engine Build: 1
LogDevObjectVersion: Number of dev versions registered: 29
LogDevObjectVersion:   Dev-Blueprints (B0D832E4-1F89-4F0D-ACCF-7EB736FD4AA2): 10
LogDevObjectVersion:   Dev-Build (E1C64328-A22C-4D53-A36C-8E866417BD8C): 0
LogDevObjectVersion:   Dev-Core (375EC13C-06E4-48FB-B500-84F0262A717E): 4
LogDevObjectVersion:   Dev-Editor (E4B068ED-F494-42E9-A231-DA0B2E46BB41): 40
LogDevObjectVersion:   Dev-Framework (CFFC743F-43B0-4480-9391-14DF171D2073): 37
LogDevObjectVersion:   Dev-Mobile (B02B49B5-BB20-44E9-A304-32B752E40360): 3
LogDevObjectVersion:   Dev-Networking (A4E4105C-59A1-49B5-A7C5-40C4547EDFEE): 0
LogDevObjectVersion:   Dev-Online (39C831C9-5AE6-47DC-9A44-9C173E1C8E7C): 0
LogDevObjectVersion:   Dev-Physics (78F01B33-EBEA-4F98-B9B4-84EACCB95AA2): 14
LogDevObjectVersion:   Dev-Platform (6631380F-2D4D-43E0-8009-CF276956A95A): 0
LogDevObjectVersion:   Dev-Rendering (12F88B9F-8875-4AFC-A67C-D90C383ABD29): 45
LogDevObjectVersion:   Dev-Sequencer (7B5AE74C-D270-4C10-A958-57980B212A5A): 13
LogDevObjectVersion:   Dev-VR (D7296918-1DD6-4BDD-9DE2-64A83CC13884): 3
LogDevObjectVersion:   Dev-LoadTimes (C2A15278-BFE7-4AFE-6C17-90FF531DF755): 1
LogDevObjectVersion:   Private-Geometry (6EACA3D4-40EC-4CC1-B786-8BED09428FC5): 3
LogDevObjectVersion:   Dev-AnimPhys (29E575DD-E0A3-4627-9D10-D276232CDCEA): 17
LogDevObjectVersion:   Dev-Anim (AF43A65D-7FD3-4947-9873-3E8ED9C1BB05): 15
LogDevObjectVersion:   Dev-ReflectionCapture (6B266CEC-1EC7-4B8F-A30B-E4D90942FC07): 1
LogDevObjectVersion:   Dev-Automation (0DF73D61-A23F-47EA-B727-89E90C41499A): 1
LogDevObjectVersion:   FortniteMain (601D1886-AC64-4F84-AA16-D3DE0DEAC7D6): 47
LogDevObjectVersion:   FortniteRelease (E7086368-6B23-4C58-8439-1B7016265E91): 1
LogDevObjectVersion:   Dev-Enterprise (9DFFBCD6-494F-0158-E221-12823C92A888): 10
LogDevObjectVersion:   Dev-Niagara (F2AED0AC-9AFE-416F-8664-AA7FFA26D6FC): 1
LogDevObjectVersion:   Dev-Destruction (174F1F0B-B4C6-45A5-B13F-2EE8D0FB917D): 10
LogDevObjectVersion:   Dev-Physics-Ext (35F94A83-E258-406C-A318-09F59610247C): 41
LogDevObjectVersion:   Dev-PhysicsMaterial-Chaos (B68FC16E-8B1B-42E2-B453-215C058844FE): 1
LogDevObjectVersion:   Dev-CineCamera (B2E18506-4273-CFC2-A54E-F4BB758BBA07): 1
LogDevObjectVersion:   Dev-VirtualProduction (64F58936-FD1B-42BA-BA96-7289D5D0FA4E): 1
LogDevObjectVersion:   Dev-MediaFramework (6F0ED827-A609-4895-9C91-998D90180EA4): 2
LogInit: Presizing for max 25165824 objects, including 0 objects not considered by GC, pre-allocating 0 bytes for permanent pool.
LogConfig: Applying CVar settings from Section [/Script/Engine.StreamingSettings] File [C:/Users/nanim/GitHub/NewNewInsectHeaven/InsectHeaven/Saved/Config/Windows/Engine.ini]
LogConfig: Setting CVar [[s.MinBulkDataSizeForAsyncLoading:131072]]
LogConfig: Setting CVar [[s.AsyncLoadingThreadEnabled:0]]
LogConfig: Setting CVar [[s.EventDrivenLoaderEnabled:1]]
LogConfig: Setting CVar [[s.WarnIfTimeLimitExceeded:0]]
LogConfig: Setting CVar [[s.TimeLimitExceededMultiplier:1.5]]
LogConfig: Setting CVar [[s.TimeLimitExceededMinTime:0.005]]
LogConfig: Setting CVar [[s.UseBackgroundLevelStreaming:1]]
LogConfig: Setting CVar [[s.PriorityAsyncLoadingExtraTime:15.0]]
LogConfig: Setting CVar [[s.LevelStreamingActorsUpdateTimeLimit:5.0]]
LogConfig: Setting CVar [[s.PriorityLevelStreamingActorsUpdateExtraTime:5.0]]
LogConfig: Setting CVar [[s.LevelStreamingComponentsRegistrationGranularity:10]]
LogConfig: Setting CVar [[s.UnregisterComponentsTimeLimit:1.0]]
LogConfig: Setting CVar [[s.LevelStreamingComponentsUnregistrationGranularity:5]]
LogConfig: Setting CVar [[s.FlushStreamingOnExit:1]]
LogInit: Object subsystem initialized
LogConfig: Setting CVar [[con.DebugEarlyDefault:1]]
LogConfig: Setting CVar [[r.setres:1280x720]]
[2024.09.02-13.27.08:100][  0]LogConfig: Setting CVar [[r.VSync:0]]
[2024.09.02-13.27.08:100][  0]LogConfig: Setting CVar [[r.RHICmdBypass:0]]
[2024.09.02-13.27.08:101][  0]LogConfig: Applying CVar settings from Section [/Script/Engine.RendererSettings] File [C:/Users/nanim/GitHub/NewNewInsectHeaven/InsectHeaven/Saved/Config/Windows/Engine.ini]
[2024.09.02-13.27.08:101][  0]LogConfig: Setting CVar [[r.GPUCrashDebugging:0]]
[2024.09.02-13.27.08:101][  0]LogConfig: Applying CVar settings from Section [/Script/Engine.RendererOverrideSettings] File [C:/Users/nanim/GitHub/NewNewInsectHeaven/InsectHeaven/Saved/Config/Windows/Engine.ini]
[2024.09.02-13.27.08:101][  0]LogConfig: Applying CVar settings from Section [/Script/Engine.StreamingSettings] File [C:/Users/nanim/GitHub/NewNewInsectHeaven/InsectHeaven/Saved/Config/Windows/Engine.ini]
[2024.09.02-13.27.08:101][  0]LogConfig: Setting CVar [[s.MinBulkDataSizeForAsyncLoading:131072]]
[2024.09.02-13.27.08:101][  0]LogConfig: Setting CVar [[s.AsyncLoadingThreadEnabled:0]]
[2024.09.02-13.27.08:101][  0]LogConfig: Setting CVar [[s.EventDrivenLoaderEnabled:1]]
[2024.09.02-13.27.08:101][  0]LogConfig: Setting CVar [[s.WarnIfTimeLimitExceeded:0]]
[2024.09.02-13.27.08:102][  0]LogConfig: Setting CVar [[s.TimeLimitExceededMultiplier:1.5]]
[2024.09.02-13.27.08:102][  0]LogConfig: Setting CVar [[s.TimeLimitExceededMinTime:0.005]]
[2024.09.02-13.27.08:102][  0]LogConfig: Setting CVar [[s.UseBackgroundLevelStreaming:1]]
[2024.09.02-13.27.08:102][  0]LogConfig: Setting CVar [[s.PriorityAsyncLoadingExtraTime:15.0]]
[2024.09.02-13.27.08:102][  0]LogConfig: Setting CVar [[s.LevelStreamingActorsUpdateTimeLimit:5.0]]
[2024.09.02-13.27.08:102][  0]LogConfig: Setting CVar [[s.PriorityLevelStreamingActorsUpdateExtraTime:5.0]]
[2024.09.02-13.27.08:102][  0]LogConfig: Setting CVar [[s.LevelStreamingComponentsRegistrationGranularity:10]]
[2024.09.02-13.27.08:102][  0]LogConfig: Setting CVar [[s.UnregisterComponentsTimeLimit:1.0]]
[2024.09.02-13.27.08:103][  0]LogConfig: Setting CVar [[s.LevelStreamingComponentsUnregistrationGranularity:5]]
[2024.09.02-13.27.08:103][  0]LogConfig: Setting CVar [[s.FlushStreamingOnExit:1]]
[2024.09.02-13.27.08:103][  0]LogConfig: Applying CVar settings from Section [/Script/Engine.GarbageCollectionSettings] File [C:/Users/nanim/GitHub/NewNewInsectHeaven/InsectHeaven/Saved/Config/Windows/Engine.ini]
[2024.09.02-13.27.08:103][  0]LogConfig: Setting CVar [[gc.MaxObjectsNotConsideredByGC:1]]
[2024.09.02-13.27.08:103][  0]LogConfig: Setting CVar [[gc.SizeOfPermanentObjectPool:0]]
[2024.09.02-13.27.08:103][  0]LogConfig: Setting CVar [[gc.FlushStreamingOnGC:0]]
[2024.09.02-13.27.08:103][  0]LogConfig: Setting CVar [[gc.NumRetriesBeforeForcingGC:10]]
[2024.09.02-13.27.08:103][  0]LogConfig: Setting CVar [[gc.AllowParallelGC:1]]
[2024.09.02-13.27.08:104][  0]LogConfig: Setting CVar [[gc.TimeBetweenPurgingPendingKillObjects:61.1]]
[2024.09.02-13.27.08:104][  0]LogConfig: Setting CVar [[gc.MaxObjectsInEditor:25165824]]
[2024.09.02-13.27.08:104][  0]LogConfig: Setting CVar [[gc.IncrementalBeginDestroyEnabled:1]]
[2024.09.02-13.27.08:104][  0]LogConfig: Setting CVar [[gc.CreateGCClusters:1]]
[2024.09.02-13.27.08:104][  0]LogConfig: Setting CVar [[gc.MinGCClusterSize:5]]
[2024.09.02-13.27.08:104][  0]LogConfig: Setting CVar [[gc.ActorClusteringEnabled:0]]
[2024.09.02-13.27.08:104][  0]LogConfig: Setting CVar [[gc.BlueprintClusteringEnabled:0]]
[2024.09.02-13.27.08:104][  0]LogConfig: Setting CVar [[gc.UseDisregardForGCOnDedicatedServers:0]]
[2024.09.02-13.27.08:105][  0]LogConfig: Setting CVar [[gc.MultithreadedDestructionEnabled:1]]
[2024.09.02-13.27.08:105][  0]LogConfig: Applying CVar settings from Section [/Script/Engine.NetworkSettings] File [C:/Users/nanim/GitHub/NewNewInsectHeaven/InsectHeaven/Saved/Config/Windows/Engine.ini]
[2024.09.02-13.27.08:105][  0]LogConfig: Applying CVar settings from Section [/Script/UnrealEd.CookerSettings] File [C:/Users/nanim/GitHub/NewNewInsectHeaven/InsectHeaven/Saved/Config/Windows/Engine.ini]
[2024.09.02-13.27.08:149][  0]LogConfig: Applying CVar settings from Section [ViewDistanceQuality@3] File [C:/Users/nanim/GitHub/NewNewInsectHeaven/InsectHeaven/Saved/Config/Windows/Scalability.ini]
[2024.09.02-13.27.08:149][  0]LogConfig: Setting CVar [[r.SkeletalMeshLODBias:0]]
[2024.09.02-13.27.08:149][  0]LogConfig: Setting CVar [[r.ViewDistanceScale:1.0]]
[2024.09.02-13.27.08:149][  0]LogConfig: Applying CVar settings from Section [AntiAliasingQuality@3] File [C:/Users/nanim/GitHub/NewNewInsectHeaven/InsectHeaven/Saved/Config/Windows/Scalability.ini]
[2024.09.02-13.27.08:150][  0]LogConfig: Setting CVar [[r.PostProcessAAQuality:4]]
[2024.09.02-13.27.08:150][  0]LogConfig: Applying CVar settings from Section [ShadowQuality@3] File [C:/Users/nanim/GitHub/NewNewInsectHeaven/InsectHeaven/Saved/Config/Windows/Scalability.ini]
[2024.09.02-13.27.08:150][  0]LogConfig: Setting CVar [[r.LightFunctionQuality:1]]
[2024.09.02-13.27.08:150][  0]LogConfig: Setting CVar [[r.ShadowQuality:5]]
[2024.09.02-13.27.08:150][  0]LogConfig: Setting CVar [[r.Shadow.CSM.MaxCascades:10]]
[2024.09.02-13.27.08:150][  0]LogConfig: Setting CVar [[r.Shadow.MaxResolution:2048]]
[2024.09.02-13.27.08:150][  0]LogConfig: Setting CVar [[r.Shadow.MaxCSMResolution:2048]]
[2024.09.02-13.27.08:151][  0]LogConfig: Setting CVar [[r.Shadow.RadiusThreshold:0.01]]
[2024.09.02-13.27.08:151][  0]LogConfig: Setting CVar [[r.Shadow.DistanceScale:1.0]]
[2024.09.02-13.27.08:151][  0]LogConfig: Setting CVar [[r.Shadow.CSM.TransitionScale:1.0]]
[2024.09.02-13.27.08:151][  0]LogConfig: Setting CVar [[r.Shadow.PreShadowResolutionFactor:1.0]]
[2024.09.02-13.27.08:151][  0]LogConfig: Setting CVar [[r.DistanceFieldShadowing:1]]
[2024.09.02-13.27.08:151][  0]LogConfig: Setting CVar [[r.DistanceFieldAO:1]]
[2024.09.02-13.27.08:151][  0]LogConfig: Setting CVar [[r.AOQuality:2]]
[2024.09.02-13.27.08:151][  0]LogConfig: Setting CVar [[r.VolumetricFog:1]]
[2024.09.02-13.27.08:151][  0]LogConfig: Setting CVar [[r.VolumetricFog.GridPixelSize:8]]
[2024.09.02-13.27.08:152][  0]LogConfig: Setting CVar [[r.VolumetricFog.GridSizeZ:128]]
[2024.09.02-13.27.08:152][  0]LogConfig: Setting CVar [[r.VolumetricFog.HistoryMissSupersampleCount:4]]
[2024.09.02-13.27.08:152][  0]LogConfig: Setting CVar [[r.LightMaxDrawDistanceScale:1]]
[2024.09.02-13.27.08:152][  0]LogConfig: Setting CVar [[r.CapsuleShadows:1]]
[2024.09.02-13.27.08:152][  0]LogConfig: Applying CVar settings from Section [PostProcessQuality@3] File [C:/Users/nanim/GitHub/NewNewInsectHeaven/InsectHeaven/Saved/Config/Windows/Scalability.ini]
[2024.09.02-13.27.08:152][  0]LogConfig: Setting CVar [[r.MotionBlurQuality:4]]
[2024.09.02-13.27.08:152][  0]LogConfig: Setting CVar [[r.AmbientOcclusionMipLevelFactor:0.4]]
[2024.09.02-13.27.08:152][  0]LogConfig: Setting CVar [[r.AmbientOcclusionMaxQuality:100]]
[2024.09.02-13.27.08:153][  0]LogConfig: Setting CVar [[r.AmbientOcclusionLevels:-1]]
[2024.09.02-13.27.08:153][  0]LogConfig: Setting CVar [[r.AmbientOcclusionRadiusScale:1.0]]
[2024.09.02-13.27.08:153][  0]LogConfig: Setting CVar [[r.DepthOfFieldQuality:2]]
[2024.09.02-13.27.08:153][  0]LogConfig: Setting CVar [[r.RenderTargetPoolMin:400]]
[2024.09.02-13.27.08:153][  0]LogConfig: Setting CVar [[r.LensFlareQuality:2]]
[2024.09.02-13.27.08:153][  0]LogConfig: Setting CVar [[r.SceneColorFringeQuality:1]]
[2024.09.02-13.27.08:153][  0]LogConfig: Setting CVar [[r.EyeAdaptationQuality:2]]
[2024.09.02-13.27.08:153][  0]LogConfig: Setting CVar [[r.BloomQuality:5]]
[2024.09.02-13.27.08:153][  0]LogConfig: Setting CVar [[r.FastBlurThreshold:100]]
[2024.09.02-13.27.08:154][  0]LogConfig: Setting CVar [[r.Upscale.Quality:3]]
[2024.09.02-13.27.08:154][  0]LogConfig: Setting CVar [[r.Tonemapper.GrainQuantization:1]]
[2024.09.02-13.27.08:154][  0]LogConfig: Setting CVar [[r.LightShaftQuality:1]]
[2024.09.02-13.27.08:154][  0]LogConfig: Setting CVar [[r.Filter.SizeScale:1]]
[2024.09.02-13.27.08:154][  0]LogConfig: Setting CVar [[r.Tonemapper.Quality:5]]
[2024.09.02-13.27.08:154][  0]LogConfig: Setting CVar [[r.DOF.Gather.AccumulatorQuality:1        ; higher gathering accumulator quality]]
[2024.09.02-13.27.08:154][  0]LogConfig: Setting CVar [[r.DOF.Gather.PostfilterMethod:1          ; Median3x3 postfilering method]]
[2024.09.02-13.27.08:154][  0]LogConfig: Setting CVar [[r.DOF.Gather.EnableBokehSettings:0       ; no bokeh simulation when gathering]]
[2024.09.02-13.27.08:155][  0]LogConfig: Setting CVar [[r.DOF.Gather.RingCount:4                 ; medium number of samples when gathering]]
[2024.09.02-13.27.08:155][  0]LogConfig: Setting CVar [[r.DOF.Scatter.ForegroundCompositing:1    ; additive foreground scattering]]
[2024.09.02-13.27.08:155][  0]LogConfig: Setting CVar [[r.DOF.Scatter.BackgroundCompositing:2    ; additive background scattering]]
[2024.09.02-13.27.08:155][  0]LogConfig: Setting CVar [[r.DOF.Scatter.EnableBokehSettings:1      ; bokeh simulation when scattering]]
[2024.09.02-13.27.08:155][  0]LogConfig: Setting CVar [[r.DOF.Scatter.MaxSpriteRatio:0.1         ; only a maximum of 10% of scattered bokeh]]
[2024.09.02-13.27.08:155][  0]LogConfig: Setting CVar [[r.DOF.Recombine.Quality:1                ; cheap slight out of focus]]
[2024.09.02-13.27.08:155][  0]LogConfig: Setting CVar [[r.DOF.Recombine.EnableBokehSettings:0    ; no bokeh simulation on slight out of focus]]
[2024.09.02-13.27.08:156][  0]LogConfig: Setting CVar [[r.DOF.TemporalAAQuality:1                ; more stable temporal accumulation]]
[2024.09.02-13.27.08:156][  0]LogConfig: Setting CVar [[r.DOF.Kernel.MaxForegroundRadius:0.025]]
[2024.09.02-13.27.08:156][  0]LogConfig: Setting CVar [[r.DOF.Kernel.MaxBackgroundRadius:0.025]]
[2024.09.02-13.27.08:156][  0]LogConfig: Applying CVar settings from Section [TextureQuality@3] File [C:/Users/nanim/GitHub/NewNewInsectHeaven/InsectHeaven/Saved/Config/Windows/Scalability.ini]
[2024.09.02-13.27.08:156][  0]LogConfig: Setting CVar [[r.Streaming.MipBias:0]]
[2024.09.02-13.27.08:156][  0]LogConfig: Setting CVar [[r.Streaming.AmortizeCPUToGPUCopy:0]]
[2024.09.02-13.27.08:156][  0]LogConfig: Setting CVar [[r.Streaming.MaxNumTexturesToStreamPerFrame:0]]
[2024.09.02-13.27.08:156][  0]LogConfig: Setting CVar [[r.Streaming.Boost:1]]
[2024.09.02-13.27.08:157][  0]LogConfig: Setting CVar [[r.MaxAnisotropy:8]]
[2024.09.02-13.27.08:157][  0]LogConfig: Setting CVar [[r.VT.MaxAnisotropy:8]]
[2024.09.02-13.27.08:157][  0]LogConfig: Setting CVar [[r.Streaming.LimitPoolSizeToVRAM:0]]
[2024.09.02-13.27.08:157][  0]LogConfig: Setting CVar [[r.Streaming.PoolSize:1000]]
[2024.09.02-13.27.08:157][  0]LogConfig: Setting CVar [[r.Streaming.MaxEffectiveScreenSize:0]]
[2024.09.02-13.27.08:157][  0]LogConfig: Applying CVar settings from Section [EffectsQuality@3] File [C:/Users/nanim/GitHub/NewNewInsectHeaven/InsectHeaven/Saved/Config/Windows/Scalability.ini]
[2024.09.02-13.27.08:157][  0]LogConfig: Setting CVar [[r.TranslucencyLightingVolumeDim:64]]
[2024.09.02-13.27.08:158][  0]LogConfig: Setting CVar [[r.RefractionQuality:2]]
[2024.09.02-13.27.08:158][  0]LogConfig: Setting CVar [[r.SSR.Quality:3]]
[2024.09.02-13.27.08:158][  0]LogConfig: Setting CVar [[r.SSR.HalfResSceneColor:0]]
[2024.09.02-13.27.08:158][  0]LogConfig: Setting CVar [[r.SceneColorFormat:4]]
[2024.09.02-13.27.08:158][  0]LogConfig: Setting CVar [[r.DetailMode:2]]
[2024.09.02-13.27.08:158][  0]LogConfig: Setting CVar [[r.TranslucencyVolumeBlur:1]]
[2024.09.02-13.27.08:158][  0]LogConfig: Setting CVar [[r.MaterialQualityLevel:1 ; High quality]]
[2024.09.02-13.27.08:158][  0]LogConfig: Setting CVar [[r.AnisotropicMaterials:1]]
[2024.09.02-13.27.08:159][  0]LogConfig: Setting CVar [[r.SSS.Scale:1]]
[2024.09.02-13.27.08:159][  0]LogConfig: Setting CVar [[r.SSS.SampleSet:2]]
[2024.09.02-13.27.08:159][  0]LogConfig: Setting CVar [[r.SSS.Quality:1]]
[2024.09.02-13.27.08:159][  0]LogConfig: Setting CVar [[r.SSS.HalfRes:0]]
[2024.09.02-13.27.08:159][  0]LogConfig: Setting CVar [[r.SSGI.Quality:3]]
[2024.09.02-13.27.08:159][  0]LogConfig: Setting CVar [[r.EmitterSpawnRateScale:1.0]]
[2024.09.02-13.27.08:159][  0]LogConfig: Setting CVar [[r.ParticleLightQuality:2]]
[2024.09.02-13.27.08:159][  0]LogConfig: Setting CVar [[r.SkyAtmosphere.AerialPerspectiveLUT.FastApplyOnOpaque:1 ; Always have FastSkyLUT 1 in this case to avoid wrong sky]]
[2024.09.02-13.27.08:160][  0]LogConfig: Setting CVar [[r.SkyAtmosphere.AerialPerspectiveLUT.SampleCountMaxPerSlice:4]]
[2024.09.02-13.27.08:160][  0]LogConfig: Setting CVar [[r.SkyAtmosphere.AerialPerspectiveLUT.DepthResolution:16.0]]
[2024.09.02-13.27.08:160][  0]LogConfig: Setting CVar [[r.SkyAtmosphere.FastSkyLUT:1]]
[2024.09.02-13.27.08:160][  0]LogConfig: Setting CVar [[r.SkyAtmosphere.FastSkyLUT.SampleCountMin:4.0]]
[2024.09.02-13.27.08:160][  0]LogConfig: Setting CVar [[r.SkyAtmosphere.FastSkyLUT.SampleCountMax:128.0]]
[2024.09.02-13.27.08:160][  0]LogConfig: Setting CVar [[r.SkyAtmosphere.SampleCountMin:4.0]]
[2024.09.02-13.27.08:160][  0]LogConfig: Setting CVar [[r.SkyAtmosphere.SampleCountMax:128.0]]
[2024.09.02-13.27.08:160][  0]LogConfig: Setting CVar [[r.SkyAtmosphere.TransmittanceLUT.UseSmallFormat:0]]
[2024.09.02-13.27.08:161][  0]LogConfig: Setting CVar [[r.SkyAtmosphere.TransmittanceLUT.SampleCount:10.0]]
[2024.09.02-13.27.08:161][  0]LogConfig: Setting CVar [[r.SkyAtmosphere.MultiScatteringLUT.SampleCount:15.0]]
[2024.09.02-13.27.08:161][  0]LogConfig: Setting CVar [[r.SkyLight.RealTimeReflectionCapture:1]]
[2024.09.02-13.27.08:161][  0]LogConfig: Applying CVar settings from Section [FoliageQuality@3] File [C:/Users/nanim/GitHub/NewNewInsectHeaven/InsectHeaven/Saved/Config/Windows/Scalability.ini]
[2024.09.02-13.27.08:161][  0]LogConfig: Setting CVar [[foliage.DensityScale:1.0]]
[2024.09.02-13.27.08:161][  0]LogConfig: Setting CVar [[grass.DensityScale:1.0]]
[2024.09.02-13.27.08:161][  0]LogConfig: Applying CVar settings from Section [ShadingQuality@3] File [C:/Users/nanim/GitHub/NewNewInsectHeaven/InsectHeaven/Saved/Config/Windows/Scalability.ini]
[2024.09.02-13.27.08:162][  0]LogConfig: Setting CVar [[r.HairStrands.SkyLighting.IntegrationType:2]]
[2024.09.02-13.27.08:162][  0]LogConfig: Setting CVar [[r.HairStrands.SkyAO.SampleCount:4]]
[2024.09.02-13.27.08:162][  0]LogConfig: Setting CVar [[r.HairStrands.Visibility.MSAA.SamplePerPixel:4]]
[2024.09.02-13.27.08:162][  0]LogInit: Selected Device Profile: [Windows]
[2024.09.02-13.27.08:162][  0]LogInit: Applying CVar settings loaded from the selected device profile: [Windows]
[2024.09.02-13.27.08:162][  0]LogHAL: Display: Platform has ~ 32 GB [33457160192 / 34359738368 / 32], which maps to Largest [LargestMinGB=32, LargerMinGB=12, DefaultMinGB=8, SmallerMinGB=6, SmallestMinGB=0)
[2024.09.02-13.27.08:162][  0]LogInit: Going up to parent DeviceProfile []
[2024.09.02-13.27.08:163][  0]LogConfig: Applying CVar settings from Section [ViewDistanceQuality@3] File [C:/Users/nanim/GitHub/NewNewInsectHeaven/InsectHeaven/Saved/Config/Windows/Scalability.ini]
[2024.09.02-13.27.08:163][  0]LogConfig: Setting CVar [[r.SkeletalMeshLODBias:0]]
[2024.09.02-13.27.08:163][  0]LogConfig: Setting CVar [[r.ViewDistanceScale:1.0]]
[2024.09.02-13.27.08:163][  0]LogConfig: Applying CVar settings from Section [AntiAliasingQuality@3] File [C:/Users/nanim/GitHub/NewNewInsectHeaven/InsectHeaven/Saved/Config/Windows/Scalability.ini]
[2024.09.02-13.27.08:163][  0]LogConfig: Setting CVar [[r.PostProcessAAQuality:4]]
[2024.09.02-13.27.08:163][  0]LogConfig: Applying CVar settings from Section [ShadowQuality@3] File [C:/Users/nanim/GitHub/NewNewInsectHeaven/InsectHeaven/Saved/Config/Windows/Scalability.ini]
[2024.09.02-13.27.08:163][  0]LogConfig: Setting CVar [[r.LightFunctionQuality:1]]
[2024.09.02-13.27.08:163][  0]LogConfig: Setting CVar [[r.ShadowQuality:5]]
[2024.09.02-13.27.08:163][  0]LogConfig: Setting CVar [[r.Shadow.CSM.MaxCascades:10]]
[2024.09.02-13.27.08:164][  0]LogConfig: Setting CVar [[r.Shadow.MaxResolution:2048]]
[2024.09.02-13.27.08:164][  0]LogConfig: Setting CVar [[r.Shadow.MaxCSMResolution:2048]]
[2024.09.02-13.27.08:164][  0]LogConfig: Setting CVar [[r.Shadow.RadiusThreshold:0.01]]
[2024.09.02-13.27.08:164][  0]LogConfig: Setting CVar [[r.Shadow.DistanceScale:1.0]]
[2024.09.02-13.27.08:164][  0]LogConfig: Setting CVar [[r.Shadow.CSM.TransitionScale:1.0]]
[2024.09.02-13.27.08:164][  0]LogConfig: Setting CVar [[r.Shadow.PreShadowResolutionFactor:1.0]]
[2024.09.02-13.27.08:164][  0]LogConfig: Setting CVar [[r.DistanceFieldShadowing:1]]
[2024.09.02-13.27.08:164][  0]LogConfig: Setting CVar [[r.DistanceFieldAO:1]]
[2024.09.02-13.27.08:165][  0]LogConfig: Setting CVar [[r.AOQuality:2]]
[2024.09.02-13.27.08:165][  0]LogConfig: Setting CVar [[r.VolumetricFog:1]]
[2024.09.02-13.27.08:165][  0]LogConfig: Setting CVar [[r.VolumetricFog.GridPixelSize:8]]
[2024.09.02-13.27.08:165][  0]LogConfig: Setting CVar [[r.VolumetricFog.GridSizeZ:128]]
[2024.09.02-13.27.08:165][  0]LogConfig: Setting CVar [[r.VolumetricFog.HistoryMissSupersampleCount:4]]
[2024.09.02-13.27.08:165][  0]LogConfig: Setting CVar [[r.LightMaxDrawDistanceScale:1]]
[2024.09.02-13.27.08:165][  0]LogConfig: Setting CVar [[r.CapsuleShadows:1]]
[2024.09.02-13.27.08:165][  0]LogConfig: Applying CVar settings from Section [PostProcessQuality@3] File [C:/Users/nanim/GitHub/NewNewInsectHeaven/InsectHeaven/Saved/Config/Windows/Scalability.ini]
[2024.09.02-13.27.08:166][  0]LogConfig: Setting CVar [[r.MotionBlurQuality:4]]
[2024.09.02-13.27.08:166][  0]LogConfig: Setting CVar [[r.AmbientOcclusionMipLevelFactor:0.4]]
[2024.09.02-13.27.08:166][  0]LogConfig: Setting CVar [[r.AmbientOcclusionMaxQuality:100]]
[2024.09.02-13.27.08:166][  0]LogConfig: Setting CVar [[r.AmbientOcclusionLevels:-1]]
[2024.09.02-13.27.08:166][  0]LogConfig: Setting CVar [[r.AmbientOcclusionRadiusScale:1.0]]
[2024.09.02-13.27.08:166][  0]LogConfig: Setting CVar [[r.DepthOfFieldQuality:2]]
[2024.09.02-13.27.08:166][  0]LogConfig: Setting CVar [[r.RenderTargetPoolMin:400]]
[2024.09.02-13.27.08:166][  0]LogConfig: Setting CVar [[r.LensFlareQuality:2]]
[2024.09.02-13.27.08:167][  0]LogConfig: Setting CVar [[r.SceneColorFringeQuality:1]]
[2024.09.02-13.27.08:167][  0]LogConfig: Setting CVar [[r.EyeAdaptationQuality:2]]
[2024.09.02-13.27.08:167][  0]LogConfig: Setting CVar [[r.BloomQuality:5]]
[2024.09.02-13.27.08:167][  0]LogConfig: Setting CVar [[r.FastBlurThreshold:100]]
[2024.09.02-13.27.08:167][  0]LogConfig: Setting CVar [[r.Upscale.Quality:3]]
[2024.09.02-13.27.08:167][  0]LogConfig: Setting CVar [[r.Tonemapper.GrainQuantization:1]]
[2024.09.02-13.27.08:167][  0]LogConfig: Setting CVar [[r.LightShaftQuality:1]]
[2024.09.02-13.27.08:167][  0]LogConfig: Setting CVar [[r.Filter.SizeScale:1]]
[2024.09.02-13.27.08:167][  0]LogConfig: Setting CVar [[r.Tonemapper.Quality:5]]
[2024.09.02-13.27.08:168][  0]LogConfig: Setting CVar [[r.DOF.Gather.AccumulatorQuality:1        ; higher gathering accumulator quality]]
[2024.09.02-13.27.08:168][  0]LogConfig: Setting CVar [[r.DOF.Gather.PostfilterMethod:1          ; Median3x3 postfilering method]]
[2024.09.02-13.27.08:168][  0]LogConfig: Setting CVar [[r.DOF.Gather.EnableBokehSettings:0       ; no bokeh simulation when gathering]]
[2024.09.02-13.27.08:168][  0]LogConfig: Setting CVar [[r.DOF.Gather.RingCount:4                 ; medium number of samples when gathering]]
[2024.09.02-13.27.08:168][  0]LogConfig: Setting CVar [[r.DOF.Scatter.ForegroundCompositing:1    ; additive foreground scattering]]
[2024.09.02-13.27.08:168][  0]LogConfig: Setting CVar [[r.DOF.Scatter.BackgroundCompositing:2    ; additive background scattering]]
[2024.09.02-13.27.08:168][  0]LogConfig: Setting CVar [[r.DOF.Scatter.EnableBokehSettings:1      ; bokeh simulation when scattering]]
[2024.09.02-13.27.08:168][  0]LogConfig: Setting CVar [[r.DOF.Scatter.MaxSpriteRatio:0.1         ; only a maximum of 10% of scattered bokeh]]
[2024.09.02-13.27.08:169][  0]LogConfig: Setting CVar [[r.DOF.Recombine.Quality:1                ; cheap slight out of focus]]
[2024.09.02-13.27.08:169][  0]LogConfig: Setting CVar [[r.DOF.Recombine.EnableBokehSettings:0    ; no bokeh simulation on slight out of focus]]
[2024.09.02-13.27.08:169][  0]LogConfig: Setting CVar [[r.DOF.TemporalAAQuality:1                ; more stable temporal accumulation]]
[2024.09.02-13.27.08:169][  0]LogConfig: Setting CVar [[r.DOF.Kernel.MaxForegroundRadius:0.025]]
[2024.09.02-13.27.08:169][  0]LogConfig: Setting CVar [[r.DOF.Kernel.MaxBackgroundRadius:0.025]]
[2024.09.02-13.27.08:169][  0]LogConfig: Applying CVar settings from Section [TextureQuality@3] File [C:/Users/nanim/GitHub/NewNewInsectHeaven/InsectHeaven/Saved/Config/Windows/Scalability.ini]
[2024.09.02-13.27.08:169][  0]LogConfig: Setting CVar [[r.Streaming.MipBias:0]]
[2024.09.02-13.27.08:169][  0]LogConfig: Setting CVar [[r.Streaming.AmortizeCPUToGPUCopy:0]]
[2024.09.02-13.27.08:169][  0]LogConfig: Setting CVar [[r.Streaming.MaxNumTexturesToStreamPerFrame:0]]
[2024.09.02-13.27.08:170][  0]LogConfig: Setting CVar [[r.Streaming.Boost:1]]
[2024.09.02-13.27.08:170][  0]LogConfig: Setting CVar [[r.MaxAnisotropy:8]]
[2024.09.02-13.27.08:170][  0]LogConfig: Setting CVar [[r.VT.MaxAnisotropy:8]]
[2024.09.02-13.27.08:170][  0]LogConfig: Setting CVar [[r.Streaming.LimitPoolSizeToVRAM:0]]
[2024.09.02-13.27.08:170][  0]LogConfig: Setting CVar [[r.Streaming.PoolSize:1000]]
[2024.09.02-13.27.08:170][  0]LogConfig: Setting CVar [[r.Streaming.MaxEffectiveScreenSize:0]]
[2024.09.02-13.27.08:170][  0]LogConfig: Applying CVar settings from Section [EffectsQuality@3] File [C:/Users/nanim/GitHub/NewNewInsectHeaven/InsectHeaven/Saved/Config/Windows/Scalability.ini]
[2024.09.02-13.27.08:170][  0]LogConfig: Setting CVar [[r.TranslucencyLightingVolumeDim:64]]
[2024.09.02-13.27.08:171][  0]LogConfig: Setting CVar [[r.RefractionQuality:2]]
[2024.09.02-13.27.08:171][  0]LogConfig: Setting CVar [[r.SSR.Quality:3]]
[2024.09.02-13.27.08:171][  0]LogConfig: Setting CVar [[r.SSR.HalfResSceneColor:0]]
[2024.09.02-13.27.08:171][  0]LogConfig: Setting CVar [[r.SceneColorFormat:4]]
[2024.09.02-13.27.08:171][  0]LogConfig: Setting CVar [[r.DetailMode:2]]
[2024.09.02-13.27.08:171][  0]LogConfig: Setting CVar [[r.TranslucencyVolumeBlur:1]]
[2024.09.02-13.27.08:171][  0]LogConfig: Setting CVar [[r.MaterialQualityLevel:1 ; High quality]]
[2024.09.02-13.27.08:171][  0]LogConfig: Setting CVar [[r.AnisotropicMaterials:1]]
[2024.09.02-13.27.08:171][  0]LogConfig: Setting CVar [[r.SSS.Scale:1]]
[2024.09.02-13.27.08:172][  0]LogConfig: Setting CVar [[r.SSS.SampleSet:2]]
[2024.09.02-13.27.08:172][  0]LogConfig: Setting CVar [[r.SSS.Quality:1]]
[2024.09.02-13.27.08:172][  0]LogConfig: Setting CVar [[r.SSS.HalfRes:0]]
[2024.09.02-13.27.08:172][  0]LogConfig: Setting CVar [[r.SSGI.Quality:3]]
[2024.09.02-13.27.08:172][  0]LogConfig: Setting CVar [[r.EmitterSpawnRateScale:1.0]]
[2024.09.02-13.27.08:172][  0]LogConfig: Setting CVar [[r.ParticleLightQuality:2]]
[2024.09.02-13.27.08:172][  0]LogConfig: Setting CVar [[r.SkyAtmosphere.AerialPerspectiveLUT.FastApplyOnOpaque:1 ; Always have FastSkyLUT 1 in this case to avoid wrong sky]]
[2024.09.02-13.27.08:172][  0]LogConfig: Setting CVar [[r.SkyAtmosphere.AerialPerspectiveLUT.SampleCountMaxPerSlice:4]]
[2024.09.02-13.27.08:173][  0]LogConfig: Setting CVar [[r.SkyAtmosphere.AerialPerspectiveLUT.DepthResolution:16.0]]
[2024.09.02-13.27.08:173][  0]LogConfig: Setting CVar [[r.SkyAtmosphere.FastSkyLUT:1]]
[2024.09.02-13.27.08:173][  0]LogConfig: Setting CVar [[r.SkyAtmosphere.FastSkyLUT.SampleCountMin:4.0]]
[2024.09.02-13.27.08:173][  0]LogConfig: Setting CVar [[r.SkyAtmosphere.FastSkyLUT.SampleCountMax:128.0]]
[2024.09.02-13.27.08:173][  0]LogConfig: Setting CVar [[r.SkyAtmosphere.SampleCountMin:4.0]]
[2024.09.02-13.27.08:173][  0]LogConfig: Setting CVar [[r.SkyAtmosphere.SampleCountMax:128.0]]
[2024.09.02-13.27.08:173][  0]LogConfig: Setting CVar [[r.SkyAtmosphere.TransmittanceLUT.UseSmallFormat:0]]
[2024.09.02-13.27.08:174][  0]LogConfig: Setting CVar [[r.SkyAtmosphere.TransmittanceLUT.SampleCount:10.0]]
[2024.09.02-13.27.08:174][  0]LogConfig: Setting CVar [[r.SkyAtmosphere.MultiScatteringLUT.SampleCount:15.0]]
[2024.09.02-13.27.08:174][  0]LogConfig: Setting CVar [[r.SkyLight.RealTimeReflectionCapture:1]]
[2024.09.02-13.27.08:174][  0]LogConfig: Applying CVar settings from Section [FoliageQuality@3] File [C:/Users/nanim/GitHub/NewNewInsectHeaven/InsectHeaven/Saved/Config/Windows/Scalability.ini]
[2024.09.02-13.27.08:174][  0]LogConfig: Setting CVar [[foliage.DensityScale:1.0]]
[2024.09.02-13.27.08:174][  0]LogConfig: Setting CVar [[grass.DensityScale:1.0]]
[2024.09.02-13.27.08:174][  0]LogConfig: Applying CVar settings from Section [ShadingQuality@3] File [C:/Users/nanim/GitHub/NewNewInsectHeaven/InsectHeaven/Saved/Config/Windows/Scalability.ini]
[2024.09.02-13.27.08:174][  0]LogConfig: Setting CVar [[r.HairStrands.SkyLighting.IntegrationType:2]]
[2024.09.02-13.27.08:174][  0]LogConfig: Setting CVar [[r.HairStrands.SkyAO.SampleCount:4]]
[2024.09.02-13.27.08:175][  0]LogConfig: Setting CVar [[r.HairStrands.Visibility.MSAA.SamplePerPixel:4]]
[2024.09.02-13.27.08:175][  0]LogConfig: Applying CVar settings from Section [Startup] File [../../../Engine/Config/ConsoleVariables.ini]
[2024.09.02-13.27.08:175][  0]LogConfig: Setting CVar [[net.UseAdaptiveNetUpdateFrequency:0]]
[2024.09.02-13.27.08:175][  0]LogConfig: Setting CVar [[p.chaos.AllowCreatePhysxBodies:1]]
[2024.09.02-13.27.08:175][  0]LogConfig: Setting CVar [[fx.SkipVectorVMBackendOptimizations:1]]
[2024.09.02-13.27.08:176][  0]LogConfig: Applying CVar settings from Section [ConsoleVariables] File [C:/Users/nanim/GitHub/NewNewInsectHeaven/InsectHeaven/Saved/Config/Windows/Engine.ini]
[2024.09.02-13.27.08:176][  0]LogConfig: Applying CVar settings from Section [ConsoleVariables] File [C:/Users/nanim/GitHub/NewNewInsectHeaven/InsectHeaven/Saved/Config/Windows/Editor.ini]
[2024.09.02-13.27.08:176][  0]LogInit: Computer: DESKTOP-NS5ONMH
[2024.09.02-13.27.08:176][  0]LogInit: User: nanim
[2024.09.02-13.27.08:176][  0]LogInit: CPU Page size=4096, Cores=12
[2024.09.02-13.27.08:176][  0]LogInit: High frequency timer resolution =10.000000 MHz
[2024.09.02-13.27.08:176][  0]LogMemory: Memory total: Physical=31.2GB (32GB approx)
[2024.09.02-13.27.08:177][  0]LogMemory: Platform Memory Stats for Windows
[2024.09.02-13.27.08:177][  0]LogMemory: Process Physical Memory: 151.64 MB used, 151.65 MB peak
[2024.09.02-13.27.08:177][  0]LogMemory: Process Virtual Memory: 128.77 MB used, 128.77 MB peak
[2024.09.02-13.27.08:177][  0]LogMemory: Physical Memory: 17834.35 MB used,  14072.89 MB free, 31907.23 MB total
[2024.09.02-13.27.08:177][  0]LogMemory: Virtual Memory: 134177792.00 MB used,  39933.95 MB free, 134217728.00 MB total
[2024.09.02-13.27.08:191][  0]LogWindows: WindowsPlatformFeatures enabled
[2024.09.02-13.27.08:320][  0]LogInit: Physics initialised using underlying interface: PhysX
[2024.09.02-13.27.08:321][  0]LogInit: Using OS detected language (ko-KR).
[2024.09.02-13.27.08:321][  0]LogInit: Using OS detected locale (ko-KR).
[2024.09.02-13.27.08:325][  0]LogTextLocalizationManager: No specific localization for 'ko-KR' exists, so the 'ko' localization will be used.
[2024.09.02-13.27.08:393][  0]LogInit: Setting process to per monitor DPI aware
[2024.09.02-13.27.08:520][  0]LogWindowsTextInputMethodSystem: Display: IME system deactivated.
[2024.09.02-13.27.08:547][  0]LogSlate: New Slate User Created.  User Index 0, Is Virtual User: 0
[2024.09.02-13.27.08:549][  0]LogSlate: Slate User Registered.  User Index 0, Is Virtual User: 0
[2024.09.02-13.27.08:686][  0]LogD3D11RHI: Loaded GFSDK_Aftermath_Lib.x64.dll
[2024.09.02-13.27.08:694][  0]LogHMD: Failed to initialize OpenVR with code 110
[2024.09.02-13.27.08:694][  0]LogD3D11RHI: D3D11 min allowed feature level: 11_0
[2024.09.02-13.27.08:694][  0]LogD3D11RHI: D3D11 max allowed feature level: 11_0
[2024.09.02-13.27.08:695][  0]LogD3D11RHI: D3D11 adapters:
[2024.09.02-13.27.08:785][  0]LogD3D11RHI:    0. 'AMD Radeon RX 7900 XTX' (Feature Level 11_0)
[2024.09.02-13.27.08:785][  0]LogD3D11RHI:       24515/0/15953 MB DedicatedVideo/DedicatedSystem/SharedSystem, Outputs:2, VendorId:0x1002
[2024.09.02-13.27.08:844][  0]LogD3D11RHI:    1. 'AMD Radeon(TM) Graphics' (Feature Level 11_0)
[2024.09.02-13.27.08:844][  0]LogD3D11RHI:       485/0/15953 MB DedicatedVideo/DedicatedSystem/SharedSystem, Outputs:0, VendorId:0x1002
[2024.09.02-13.27.08:849][  0]LogD3D11RHI:    2. 'Microsoft Basic Render Driver' (Feature Level 11_0)
[2024.09.02-13.27.08:849][  0]LogD3D11RHI:       0/0/15953 MB DedicatedVideo/DedicatedSystem/SharedSystem, Outputs:0, VendorId:0x1414
[2024.09.02-13.27.08:849][  0]LogD3D11RHI: Chosen D3D11 Adapter:
[2024.09.02-13.27.08:849][  0]LogD3D11RHI:     Description : AMD Radeon RX 7900 XTX
[2024.09.02-13.27.08:849][  0]LogD3D11RHI:     VendorId    : 1002
[2024.09.02-13.27.08:849][  0]LogD3D11RHI:     DeviceId    : 744c
[2024.09.02-13.27.08:849][  0]LogD3D11RHI:     SubSysId    : e3b1002
[2024.09.02-13.27.08:849][  0]LogD3D11RHI:     Revision    : 00c8
[2024.09.02-13.27.08:850][  0]LogD3D11RHI:     DedicatedVideoMemory : 25706012672 bytes
[2024.09.02-13.27.08:850][  0]LogD3D11RHI:     DedicatedSystemMemory : 0 bytes
[2024.09.02-13.27.08:850][  0]LogD3D11RHI:     SharedSystemMemory : 16728580096 bytes
[2024.09.02-13.27.08:850][  0]LogD3D11RHI:     AdapterLuid : 0 70101
[2024.09.02-13.27.08:855][  0]LogD3D11RHI: Creating new Direct3DDevice
[2024.09.02-13.27.08:855][  0]LogD3D11RHI:     GPU DeviceId: 0x744c (for the marketing name, search the web for "GPU Device Id")
[2024.09.02-13.27.08:856][  0]LogWindows: EnumDisplayDevices:
[2024.09.02-13.27.08:856][  0]LogWindows:    0. 'AMD Radeon RX 7900 XTX' (P:1 D:1)
[2024.09.02-13.27.08:857][  0]LogWindows:    1. 'AMD Radeon RX 7900 XTX' (P:0 D:1)
[2024.09.02-13.27.08:857][  0]LogWindows:    2. 'AMD Radeon RX 7900 XTX' (P:0 D:0)
[2024.09.02-13.27.08:858][  0]LogWindows:    3. 'AMD Radeon RX 7900 XTX' (P:0 D:0)
[2024.09.02-13.27.08:859][  0]LogWindows:    4. 'AMD Radeon RX 7900 XTX' (P:0 D:0)
[2024.09.02-13.27.08:860][  0]LogWindows:    5. 'AMD Radeon(TM) Graphics' (P:0 D:0)
[2024.09.02-13.27.08:861][  0]LogWindows:    6. 'AMD Radeon(TM) Graphics' (P:0 D:0)
[2024.09.02-13.27.08:861][  0]LogWindows:    7. 'AMD Radeon(TM) Graphics' (P:0 D:0)
[2024.09.02-13.27.08:862][  0]LogWindows:    8. 'AMD Radeon(TM) Graphics' (P:0 D:0)
[2024.09.02-13.27.08:863][  0]LogWindows:    9. 'AMD Radeon(TM) Graphics' (P:0 D:0)
[2024.09.02-13.27.08:864][  0]LogWindows: DebugString: PrimaryIsNotTheChoosenAdapter PrimaryIsNotTheChoosenAdapter PrimaryIsNotTheChoosenAdapter PrimaryIsNotTheChoosenAdapter PrimaryIsNotTheChoosenAdapter FoundDriverCount:5 
[2024.09.02-13.27.08:864][  0]LogD3D11RHI:     Adapter Name: AMD Radeon RX 7900 XTX
[2024.09.02-13.27.08:864][  0]LogD3D11RHI:   Driver Version: AMD Software: Adrenalin Edition 23.8.1 (internal:31.0.21029.1006, unified:31.0.21029.1006)
[2024.09.02-13.27.08:864][  0]LogD3D11RHI:      Driver Date: 8-14-2023
[2024.09.02-13.27.08:864][  0]LogRHI: Texture pool is 16623 MB (70% of 23747 MB)
[2024.09.02-13.27.08:907][  0]LogD3D11RHI: Creating D3DDevice with AMD AGS, using adapter:
[2024.09.02-13.27.08:907][  0]LogD3D11RHI:     Description : AMD Radeon RX 7900 XTX
[2024.09.02-13.27.08:907][  0]LogD3D11RHI:     VendorId    : 1002
[2024.09.02-13.27.08:907][  0]LogD3D11RHI:     DeviceId    : 744c
[2024.09.02-13.27.08:907][  0]LogD3D11RHI:     SubSysId    : e3b1002
[2024.09.02-13.27.08:907][  0]LogD3D11RHI:     Revision    : 00c8
[2024.09.02-13.27.08:907][  0]LogD3D11RHI:     DedicatedVideoMemory : 25706012672 bytes
[2024.09.02-13.27.08:908][  0]LogD3D11RHI:     DedicatedSystemMemory : 0 bytes
[2024.09.02-13.27.08:908][  0]LogD3D11RHI:     SharedSystemMemory : 16728580096 bytes
[2024.09.02-13.27.08:908][  0]LogD3D11RHI:     AdapterLuid : 0 70101
[2024.09.02-13.27.08:972][  0]LogD3D11RHI: Created device via AGS, feature level 11_0, supported extensions 1fffffbf.
[2024.09.02-13.27.08:972][  0]LogD3D11RHI: RHI has support for 64 bit atomics
[2024.09.02-13.27.08:972][  0]LogD3D11RHI: Async texture creation enabled
[2024.09.02-13.27.08:972][  0]LogD3D11RHI: Array index from any shader is supported
[2024.09.02-13.27.08:984][  0]LogD3D11RHI: GPU Timing Frequency: 100.000000 (Debug: 2 1)
[2024.09.02-13.27.09:227][  0]LogTargetPlatformManager: Display: Loaded TargetPlatform 'AllDesktop'
[2024.09.02-13.27.09:247][  0]LogTargetPlatformManager: Display: Loaded TargetPlatform 'Android'
[2024.09.02-13.27.09:247][  0]LogTargetPlatformManager: Display: Loaded TargetPlatform 'Android_ASTC'
[2024.09.02-13.27.09:247][  0]LogTargetPlatformManager: Display: Loaded TargetPlatform 'Android_DXT'
[2024.09.02-13.27.09:247][  0]LogTargetPlatformManager: Display: Loaded TargetPlatform 'Android_ETC2'
[2024.09.02-13.27.09:247][  0]LogTargetPlatformManager: Display: Loaded TargetPlatform 'AndroidClient'
[2024.09.02-13.27.09:248][  0]LogTargetPlatformManager: Display: Loaded TargetPlatform 'Android_ASTCClient'
[2024.09.02-13.27.09:248][  0]LogTargetPlatformManager: Display: Loaded TargetPlatform 'Android_DXTClient'
[2024.09.02-13.27.09:248][  0]LogTargetPlatformManager: Display: Loaded TargetPlatform 'Android_ETC2Client'
[2024.09.02-13.27.09:248][  0]LogTargetPlatformManager: Display: Loaded TargetPlatform 'Android_Multi'
[2024.09.02-13.27.09:248][  0]LogTargetPlatformManager: Display: Loaded TargetPlatform 'Android_MultiClient'
[2024.09.02-13.27.09:281][  0]LogTargetPlatformManager: Display: Loaded TargetPlatform 'IOSClient'
[2024.09.02-13.27.09:281][  0]LogTargetPlatformManager: Display: Loaded TargetPlatform 'IOS'
[2024.09.02-13.27.09:295][  0]LogTargetPlatformManager: Display: Loaded TargetPlatform 'Linux'
[2024.09.02-13.27.09:304][  0]LogTargetPlatformManager: Display: Loaded TargetPlatform 'LinuxNoEditor'
[2024.09.02-13.27.09:314][  0]LogTargetPlatformManager: Display: Loaded TargetPlatform 'LinuxClient'
[2024.09.02-13.27.09:324][  0]LogTargetPlatformManager: Display: Loaded TargetPlatform 'LinuxServer'
[2024.09.02-13.27.09:337][  0]LogTargetPlatformManager: Display: Loaded TargetPlatform 'LinuxAArch64NoEditor'
[2024.09.02-13.27.09:347][  0]LogTargetPlatformManager: Display: Loaded TargetPlatform 'LinuxAArch64Client'
[2024.09.02-13.27.09:356][  0]LogTargetPlatformManager: Display: Loaded TargetPlatform 'LinuxAArch64Server'
[2024.09.02-13.27.09:379][  0]LogTargetPlatformManager: Display: Loaded TargetPlatform 'Lumin'
[2024.09.02-13.27.09:379][  0]LogTargetPlatformManager: Display: Loaded TargetPlatform 'LuminClient'
[2024.09.02-13.27.09:391][  0]LogTargetPlatformManager: Display: Loaded TargetPlatform 'MacNoEditor'
[2024.09.02-13.27.09:401][  0]LogTargetPlatformManager: Display: Loaded TargetPlatform 'Mac'
[2024.09.02-13.27.09:411][  0]LogTargetPlatformManager: Display: Loaded TargetPlatform 'MacClient'
[2024.09.02-13.27.09:419][  0]LogTargetPlatformManager: Display: Loaded TargetPlatform 'MacServer'
[2024.09.02-13.27.09:433][  0]LogTargetPlatformManager: Display: Loaded TargetPlatform 'TVOSClient'
[2024.09.02-13.27.09:433][  0]LogTargetPlatformManager: Display: Loaded TargetPlatform 'TVOS'
[2024.09.02-13.27.09:446][  0]LogTargetPlatformManager: Display: Loaded TargetPlatform 'WindowsNoEditor'
[2024.09.02-13.27.09:455][  0]LogTargetPlatformManager: Display: Loaded TargetPlatform 'Windows'
[2024.09.02-13.27.09:464][  0]LogTargetPlatformManager: Display: Loaded TargetPlatform 'WindowsClient'
[2024.09.02-13.27.09:473][  0]LogTargetPlatformManager: Display: Loaded TargetPlatform 'WindowsServer'
[2024.09.02-13.27.09:473][  0]LogTargetPlatformManager: Display: Building Assets For Windows
[2024.09.02-13.27.09:507][  0]LogAudioDebug: Display: Lib vorbis DLL was dynamically loaded.
[2024.09.02-13.27.09:617][  0]LogTextureFormatOodle: Display: Oodle Texture 2.9.0 init RDO Off
[2024.09.02-13.27.09:710][  0]LogRendererCore: Ray tracing is disabled. Reason: r.RayTracing=0.
[2024.09.02-13.27.09:710][  0]LogShaderCompilers: Guid format shader working directory is -20 characters bigger than the processId version (../../../../../Users/nanim/GitHub/NewNewInsectHeaven/InsectHeaven/Intermediate/Shaders/WorkingDirectory/22812/).
[2024.09.02-13.27.09:711][  0]LogShaderCompilers: Cleaned the shader compiler working directory 'C:/Users/nanim/AppData/Local/Temp/UnrealShaderWorkingDir/5DBCF977477C19A52A0CCB805FCB923C/'.
[2024.09.02-13.27.09:711][  0]LogXGEController: Cannot use XGE Controller as Incredibuild is not installed on this machine.
[2024.09.02-13.27.09:711][  0]LogShaderCompilers: Cannot use XGE Shader Compiler as Incredibuild is not installed on this machine.
[2024.09.02-13.27.09:711][  0]LogShaderCompilers: Display: Using Local Shader Compiler.
[2024.09.02-13.27.10:167][  0]LogDerivedDataCache: Display: Max Cache Size: 512 MB
[2024.09.02-13.27.10:200][  0]LogDerivedDataCache: Loaded boot cache 0.03s 96MB C:/Users/nanim/AppData/Local/UnrealEngine/4.27/DerivedDataCache/Boot.ddc.
[2024.09.02-13.27.10:201][  0]LogDerivedDataCache: Display: Loaded Boot cache: C:/Users/nanim/AppData/Local/UnrealEngine/4.27/DerivedDataCache/Boot.ddc
[2024.09.02-13.27.10:201][  0]LogDerivedDataCache: FDerivedDataBackendGraph:  Pak pak cache file ../../../../../Users/nanim/GitHub/NewNewInsectHeaven/InsectHeaven/DerivedDataCache/DDC.ddp not found, will not use a pak cache.
[2024.09.02-13.27.10:201][  0]LogDerivedDataCache: Unable to find inner node Pak for hierarchical cache Hierarchy.
[2024.09.02-13.27.10:201][  0]LogDerivedDataCache: FDerivedDataBackendGraph:  CompressedPak pak cache file ../../../../../Users/nanim/GitHub/NewNewInsectHeaven/InsectHeaven/DerivedDataCache/Compressed.ddp not found, will not use a pak cache.
[2024.09.02-13.27.10:201][  0]LogDerivedDataCache: Unable to find inner node CompressedPak for hierarchical cache Hierarchy.
[2024.09.02-13.27.10:213][  0]LogDerivedDataCache: Display: Pak cache opened for reading ../../../Engine/DerivedDataCache/Compressed.ddp.
[2024.09.02-13.27.10:213][  0]LogDerivedDataCache: FDerivedDataBackendGraph:  EnterprisePak pak cache file ../../../Enterprise/DerivedDataCache/Compressed.ddp not found, will not use a pak cache.
[2024.09.02-13.27.10:213][  0]LogDerivedDataCache: Unable to find inner node EnterprisePak for hierarchical cache Hierarchy.
[2024.09.02-13.27.10:222][  0]LogDerivedDataCache: Speed tests for C:/Users/nanim/AppData/Local/UnrealEngine/Common/DerivedDataCache took 0.01 seconds
[2024.09.02-13.27.10:222][  0]LogDerivedDataCache: Display: Performance to C:/Users/nanim/AppData/Local/UnrealEngine/Common/DerivedDataCache: Latency=0.04ms. RandomReadSpeed=727.91MBs, RandomWriteSpeed=144.40MBs. Assigned SpeedClass 'Local'
[2024.09.02-13.27.10:223][  0]LogDerivedDataCache: Using Local data cache path C:/Users/nanim/AppData/Local/UnrealEngine/Common/DerivedDataCache: Writable
[2024.09.02-13.27.10:223][  0]LogDerivedDataCache: Shared data cache path not found in *engine.ini, will not use an Shared cache.
[2024.09.02-13.27.10:224][  0]LogDerivedDataCache: Unable to find inner node Shared for hierarchical cache Hierarchy.
[2024.09.02-13.27.10:250][  0]LogSlate: Using FreeType 2.10.0
[2024.09.02-13.27.10:251][  0]LogSlate: SlateFontServices - WITH_FREETYPE: 1, WITH_HARFBUZZ: 1
[2024.09.02-13.27.10:273][  0]LogAssetRegistry: FAssetRegistry took 0.0026 seconds to start up
[2024.09.02-13.27.10:417][  0]LogInit: Selected Device Profile: [Windows]
[2024.09.02-13.27.10:418][  0]LogInit: Active device profile: [000002173D814700][000002173BBF2D40 49] Windows
[2024.09.02-13.27.10:418][  0]LogInit: Profiles: [000002173D814700][000002173BBF2D40 49] Windows, [000002173D7DB700][000002173BBFAEC0 49] WindowsNoEditor, [000002173D817300][000002173BBFF040 49] WindowsServer, [000002173D7D8F00][000002173BC031C0 49] WindowsClient, [000002173D817500][000002173BC07340 49] IOS, [000002173D7DFF00][000002173BC0B4C0 49] iPadAir, [000002173D7DBB00][000002173BC0F640 49] iPadAir2, [000002173D780500][000002173BC17900 49] IPadPro, [000002173D780600][000002173BC13940 49] iPadAir3, [000002173D7DC100][000002173BC1BAC0 49] iPadAir4, [000002173D782C00][000002173BC1E0C0 49] iPadMini2, [000002173D7DE500][000002173BC22240 49] iPadMini3, [000002173D783400][000002173BC263C0 49] iPadMini4, [000002173D7DCF00][000002173BC2A540 49] iPadMini5, [000002173D76FE00][000002173BBF67C0 49] iPhone6, [000002173D76FF00][0000021738226800 49] iPodTouch6, [000002173D817900][000002173822EA40 49] iPhone7, [000002173D816100][000002173822AA80 49] iPodTouch7, [000002173D76C400][0000021738232BC0 49] iPhone5S, [000002173D783D00][000002173823AD40 49] iPhone6Plus, [000002173D817400][000002173823EEC0 49] iPhone6S, [000002173D782000][0000021738243040 49] iPhone6SPlus, [000002173D814900][00000217382471C0 49] iPhone7Plus, [000002173D780E00][000002173824B340 49] iPhoneSE, [000002173D817100][000002173824F4C0 49] iPhone8, [000002173D782400][0000021738253640 49] iPhone8Plus, [000002173D817A00][00000217382577C0 49] iPhoneX, [000002173D783E00][000002173825B940 49] iPhoneXS, [000002173D815500][000002173B94FAC0 49] iPhoneXSMax, [000002173D782500][000002173B9520C0 49] iPhoneXR, [000002173D816A00][000002173B956240 49] iPhone11, [000002173D783A00][000002173B95A3C0 49] iPhone11Pro, [000002173D814F00][000002173B95E540 49] iPhone11ProMax, [000002173D782300][000002173B9626C0 49] iPhoneSE2, [000002173D815700][000002173B966840 49] iPhone12Mini, [000002173D780700][0000021738236980 49] iPhone12, [000002173D814300][000002173B96AAC0 49] iPhone12Pro, [000002173D783500][000002173B96EC00 49] iPhone12ProMax, [000002173D814B00][000002173B972D40 49] iPadPro105, [000002173D781B00][000002173B97AEC0 49] iPadPro129, [000002173D814200][000002173B97F040 49] iPadPro97, [000002173D782100][000002173B9831C0 49] iPadPro2_129, [000002173D814D00][000002173B987340 49] iPad5, [000002173D783000][000002173B98B4C0 49] iPad6, [000002173D816C00][000002173B98F640 49] iPad7, [000002173D782E00][000002173B9937C0 49] iPad8, [000002173D815900][0000021736327940 49] iPadPro11, [000002173D783F00][000002173632BAC0 49] iPadPro2_11, [000002173D815600][000002173B9340C0 49] iPadPro3_129, [000002173D782700][000002173B938240 49] iPadPro4_129, [000002173D816600][000002173B93C3C0 49] AppleTV, [000002173D782B00][000002173B944540 49] AppleTV4K, [000002173D815B00][0000021732C946C0 49] TVOS, [000002173D780900][0000021732CB8840 49] Mac, [000002173D816700][000002173DEDE9C0 49] MacClient, [000002173D782F00][0000021735E26B40 49] MacNoEditor, [000002173D817B00][000002173B976C80 49] MacServer, [000002173D780400][0000021735E2ADC0 49] Linux, [000002173D816E00][0000021735E32F00 49] LinuxAArch64, [000002173D781500][00000217362ED080 49] LinuxNoEditor, [000002173D816B00][00000217362F1200 49] LinuxAArch64NoEditor, [000002173D783600][000002173E42F380 49] LinuxClient, [000002173D816D00][000002173E433500 49] LinuxAArch64Client, [000002173D780B00][000002173E43F680 49] LinuxServer, [000002173D814400][000002173E44B800 49] LinuxAArch64Server, [000002173D783C00][000002173B911980 49] Android, [000002173D7DFA00][000002173B915B00 49] Android_Low, [000002173D76DB00][000002173B918100 49] Android_Mid, [000002173D7DF000][000002173B91C280 49] Android_High, [000002173D76E300][000002173B920400 49] Android_Default, [000002173D7DE000][000002173B924580 49] Android_Adreno4xx, [000002173D76C100][000002173B928700 49] Android_Adreno5xx_Low, [000002173D7DCB00][0000021733546880 49] Android_Adreno5xx, [000002173D76D800][000002173B92CA00 49] Android_Adreno6xx, [000002173D7DD100][000002173B930B80 49] Android_Adreno6xx_Vulkan, [000002173D76C800][000002173E028D00 49] Android_Mali_T6xx, [000002173D7DF600][00000217362E8E40 49] Android_Mali_T7xx, [000002173D76CD00][000002173DECCF80 49] Android_Mali_T8xx, [000002173D7DFC00][000002173DED10C0 49] Android_Mali_G71, [000002173D76D500][000002173E02D240 49] Android_Mali_G72, [000002173D7DFE00][000002173E0513C0 49] Android_Mali_G72_Vulkan, [000002173D76FD00][000002173E069540 49] Android_Mali_G76, [000002173D7DF900][000002173E1916C0 49] Android_Mali_G76_Vulkan, [000002173D76F600][000002173E195840 49] Android_Mali_G77, [000002173D7DE200][000002173E1999C0 49] Android_Mali_G77_Vulkan, [000002173D76F800][000002173E19DB40 49] Android_Mali_G78, [000002173D7DCA00][000002173E1A0140 49] Android_Mali_G78_Vulkan, [000002173D76F400][000002173E1A42C0 49] Android_Mali_G710, [000002173D7DD400][000002173E1A8440 49] Android_Mali_G710_Vulkan, [000002173D76C600][000002173E1AC5C0 49] Android_Vulkan_SM5, [000002173D7DE400][000002173E1B8740 49] Android_PowerVR_G6xxx, [000002173D76CE00][000002173E1BC8C0 49] Android_PowerVR_GT7xxx, [000002173D7DC200][000002173E1C0A40 49] Android_PowerVR_GE8xxx, [000002173D76C700][000002173E1C4BC0 49] Android_PowerVR_GM9xxx, [000002173D7DE100][000002173E1CCD40 49] Android_PowerVR_GM9xxx_Vulkan, [000002173D782600][000002173E1D0EC0 49] Android_TegraK1, [000002173D7DEA00][000002173DED5000 49] Android_Unknown_Vulkan, [000002173D781400][0000021735EAF140 49] Lumin, [000002173D7DD300][0000021735EB3280 49] Lumin_Desktop, [000002173D780C00][0000021735EB73C0 49] HoloLens, 
[2024.09.02-13.27.10:560][  0]LogMeshReduction: Using QuadricMeshReduction for automatic static mesh reduction
[2024.09.02-13.27.10:560][  0]LogMeshReduction: Using SimplygonMeshReduction for automatic skeletal mesh reduction
[2024.09.02-13.27.10:560][  0]LogMeshReduction: Using ProxyLODMeshReduction for automatic mesh merging
[2024.09.02-13.27.10:560][  0]LogMeshReduction: No distributed automatic mesh merging module available
[2024.09.02-13.27.10:560][  0]LogMeshMerging: No distributed automatic mesh merging module available
[2024.09.02-13.27.10:578][  0]LogNetVersion: InsectHeaven 1.0.0, NetCL: 17155196, EngineNetVer: 17, GameNetVer: 0 (Checksum: 3375795940)
[2024.09.02-13.27.10:815][  0]LogTexture: Default maximum texture size for cubemaps generated from long-lat sources has been changed from 512 to unlimited. In order to preserve old behaiour for '/Engine/MapTemplates/Sky/DaylightAmbientCubemap.DaylightAmbientCubemap', its maximum texture size has been explicitly set to 512.
[2024.09.02-13.27.10:851][  0]LogHMD: PokeAHoleMaterial loaded successfully
[2024.09.02-13.27.10:855][  0]LogUObjectArray: 17178 objects as part of root set at end of initial load.
[2024.09.02-13.27.10:855][  0]LogUObjectAllocator: 4302048 out of 0 bytes used by permanent object pool.
[2024.09.02-13.27.10:855][  0]LogUObjectArray: CloseDisregardForGC: 0/0 objects in disregard for GC pool
[2024.09.02-13.27.11:690][  0]LogNiagaraDebuggerClient: Niagara Debugger Client Initialized | Session: 8042D88F49AB23196FBB419F45362340 | Instance: 3A87ED8444A514657D1B15B2714F14EE (DESKTOP-NS5ONMH-22812).
[2024.09.02-13.27.11:798][  0]LogTcpMessaging: Initializing TcpMessaging bridge
[2024.09.02-13.27.11:808][  0]LogUdpMessaging: Initializing bridge on interface 0.0.0.0:0 to multicast group 230.0.0.1:6666.
[2024.09.02-13.27.11:836][  0]LogPython: Using Python 3.7.7
[2024.09.02-13.27.12:771][  0]SourceControl: 소스 컨트롤이 꺼졌습니다.
[2024.09.02-13.27.12:772][  0]SourceControl: 소스 컨트롤이 꺼졌습니다.
[2024.09.02-13.27.12:781][  0]SourceControl: 소스 컨트롤이 꺼졌습니다.
[2024.09.02-13.27.12:790][  0]SourceControl: 소스 컨트롤이 꺼졌습니다.
[2024.09.02-13.27.12:807][  0]SourceControl: 소스 컨트롤이 꺼졌습니다.
[2024.09.02-13.27.12:816][  0]LogUProjectInfo: Found projects:
[2024.09.02-13.27.13:331][  0]LogOpenImageDenoise: OIDN starting up
[2024.09.02-13.27.13:378][  0]LogAndroidPermission: UAndroidPermissionCallbackProxy::GetInstance
[2024.09.02-13.27.13:435][  0]LogAudioCaptureCore: Display: No Audio Capture implementations found. Audio input will be silent.
[2024.09.02-13.27.13:435][  0]LogAudioCaptureCore: Display: No Audio Capture implementations found. Audio input will be silent.
[2024.09.02-13.27.13:632][  0]LogCollectionManager: Loaded 0 collections in 0.001341 seconds
[2024.09.02-13.27.13:691][  0]LogFileCache: Scanning file cache for directory 'C:/Users/nanim/GitHub/NewNewInsectHeaven/InsectHeaven/Saved/Collections/' took 0.00s
[2024.09.02-13.27.13:691][  0]LogFileCache: Scanning file cache for directory 'C:/Users/nanim/GitHub/NewNewInsectHeaven/InsectHeaven/Content/Developers/nanim/Collections/' took 0.00s
[2024.09.02-13.27.13:691][  0]LogFileCache: Scanning file cache for directory 'C:/Users/nanim/GitHub/NewNewInsectHeaven/InsectHeaven/Content/Collections/' took 0.00s
[2024.09.02-13.27.13:692][  0]LogOcInput: OculusInput pre-init called
[2024.09.02-13.27.13:901][  0]LogClass: Display: IntProperty FCharacter_2D::Name is not initialized properly. Module:InsectHeaven File:Table/DataStruct/Character_2D.h
[2024.09.02-13.27.13:901][  0]LogClass: Display: IntProperty FCharacter_2D::ImageID is not initialized properly. Module:InsectHeaven File:Table/DataStruct/Character_2D.h
[2024.09.02-13.27.13:901][  0]LogClass: Warning: ObjectProperty FDialogueClip::formerAction is not initialized properly. Module:InsectHeaven File:Library/Dialogue/DialogueEditToolWidget.h
[2024.09.02-13.27.13:901][  0]LogClass: Warning: ObjectProperty FDialogueClip::nowAction is not initialized properly. Module:InsectHeaven File:Library/Dialogue/DialogueEditToolWidget.h
[2024.09.02-13.27.13:901][  0]LogClass: Display: IntProperty FResource_Widget::PathFile is not initialized properly. Module:InsectHeaven File:Table/DataStruct/Resource_Widget.h
[2024.09.02-13.27.13:902][  0]LogClass: Display: IntProperty FScript_Local::Test is not initialized properly. Module:InsectHeaven File:Table/DataStruct/Script_Local.h
[2024.09.02-13.27.13:902][  0]LogClass: Display: 6 Uninitialized script struct members found including 2 object properties
[2024.09.02-13.27.13:903][  0]LogAutomationTest: Warning: ObjectProperty FDialogueClip::formerAction is not initialized properly. Module:InsectHeaven File:Library/Dialogue/DialogueEditToolWidget.h
[2024.09.02-13.27.13:903][  0]LogAutomationTest: Warning: ObjectProperty FDialogueClip::nowAction is not initialized properly. Module:InsectHeaven File:Library/Dialogue/DialogueEditToolWidget.h
[2024.09.02-13.27.13:903][  0]LogEngine: Initializing Engine...
[2024.09.02-13.27.13:911][  0]LogHMD: Failed to enumerate extensions. Please check that you have a valid OpenXR runtime installed.
[2024.09.02-13.27.13:912][  0]LogHMD: Failed to initialize OpenVR with code 110
[2024.09.02-13.27.13:912][  0]LogMagicLeap: Warning: VR disabled because ZI is not enabled.  To enable, in the editor, Edit -> Project Settings -> Plugins -> Magic Leap Plugin -> Enable Zero Iteration
[2024.09.02-13.27.13:913][  0]LogStats: UGameplayTagsManager::InitializeManager -  0.000 s
[2024.09.02-13.27.13:997][  0]LogInit: Initializing FReadOnlyCVARCache
[2024.09.02-13.27.14:010][  0]LogAIModule: Creating AISystem for world Untitled
[2024.09.02-13.27.14:011][  0]LogAudio: Display: Initializing Audio Device Manager...
[2024.09.02-13.27.14:019][  0]LogAudio: Display: Loading Default Audio Settings Objects...
[2024.09.02-13.27.14:020][  0]LogAudio: Display: No default SoundConcurrencyObject specified (or failed to load).
[2024.09.02-13.27.14:021][  0]LogAudio: Display: Audio Device Manager Initialized
[2024.09.02-13.27.14:021][  0]LogAudio: Display: Creating Audio Device:                 Id: 1, Scope: Shared, Realtime: True
[2024.09.02-13.27.14:021][  0]LogAudioMixer: Display: Audio Mixer Platform Settings:
[2024.09.02-13.27.14:021][  0]LogAudioMixer: Display: 	Sample Rate:						  48000
[2024.09.02-13.27.14:021][  0]LogAudioMixer: Display: 	Callback Buffer Frame Size Requested: 1024
[2024.09.02-13.27.14:021][  0]LogAudioMixer: Display: 	Callback Buffer Frame Size To Use:	  1024
[2024.09.02-13.27.14:022][  0]LogAudioMixer: Display: 	Number of buffers to queue:			  2
[2024.09.02-13.27.14:022][  0]LogAudioMixer: Display: 	Max Channels (voices):				  32
[2024.09.02-13.27.14:022][  0]LogAudioMixer: Display: 	Number of Async Source Workers:		  0
[2024.09.02-13.27.14:022][  0]LogAudio: Display: AudioDevice MaxSources: 32
[2024.09.02-13.27.14:022][  0]LogAudio: Display: Audio Spatialization Plugin: None (built-in).
[2024.09.02-13.27.14:023][  0]LogAudio: Display: Audio Reverb Plugin: None (built-in).
[2024.09.02-13.27.14:023][  0]LogAudio: Display: Audio Occlusion Plugin: None (built-in).
[2024.09.02-13.27.14:023][  0]LogAudioMixer: Display: Initializing audio mixer.
[2024.09.02-13.27.14:062][  0]LogAudioMixer: Display: 0: FrontLeft
[2024.09.02-13.27.14:062][  0]LogAudioMixer: Display: 1: FrontRight
[2024.09.02-13.27.14:111][  0]LogAudioMixer: Display: Using Audio Device 스피커(ABKO N550)
[2024.09.02-13.27.14:114][  0]LogAudioMixer: Display: Initializing Sound Submixes...
[2024.09.02-13.27.14:116][  0]LogAudioMixer: Display: Creating Master Submix 'MasterSubmixDefault'
[2024.09.02-13.27.14:116][  0]LogAudioMixer: Display: Creating Master Submix 'MasterReverbSubmixDefault'
[2024.09.02-13.27.14:117][  0]LogAudioMixer: Display: Creating Master Submix 'MasterEQSubmixDefault'
[2024.09.02-13.27.14:117][  0]LogAudioMixer: FMixerPlatformXAudio2::StartAudioStream() called
[2024.09.02-13.27.14:117][  0]LogAudioMixer: Display: Output buffers initialized: Frames=1024, Channels=2, Samples=2048
[2024.09.02-13.27.14:118][  0]LogAudioMixer: Display: Starting AudioMixerPlatformInterface::RunInternal()
[2024.09.02-13.27.14:118][  0]LogAudioMixer: Display: FMixerPlatformXAudio2::SubmitBuffer() called for the first time
[2024.09.02-13.27.14:118][  0]LogInit: FAudioDevice initialized.
[2024.09.02-13.27.14:118][  0]LogAudio: Display: Audio Device (ID: 1) registered with world 'Untitled'.
[2024.09.02-13.27.14:118][  0]LogNetVersion: Set ProjectVersion to 1.0.0.0. Version Checksum will be recalculated on next use.
[2024.09.02-13.27.14:400][  0]LogDerivedDataCache: Saved boot cache 0.28s 94MB C:/Users/nanim/AppData/Local/UnrealEngine/4.27/DerivedDataCache/Boot.ddc.
[2024.09.02-13.27.14:400][  0]LogInit: Texture streaming: Enabled
[2024.09.02-13.27.14:426][  0]LogAnalytics: Display: [UEEditor.Rocket.Release] APIServer = https://datarouter.ol.epicgames.com/. AppVersion = 4.27.2-18319896+++UE4+Release-4.27
[2024.09.02-13.27.14:437][  0]LogEngineSessionManager: EngineSessionManager initialized
[2024.09.02-13.27.14:437][  0]LogEngineSessionManager: EngineSessionManager sent abnormal shutdown report. Type=Debugger, SessionId={8BCED837-4F3B-927C-27C6-EDA2764A58D6}
[2024.09.02-13.27.14:437][  0]LogEditorSessionSummary: Verbose: Initializing EditorSessionSummaryWriter for editor session tracking
[2024.09.02-13.27.14:441][  0]LogEditorSessionSummary: EditorSessionSummaryWriter initialized
[2024.09.02-13.27.14:468][  0]LogInit: Transaction tracking system initialized
[2024.09.02-13.27.14:515][  0]BlueprintLog: New page: 에디터 로드
[2024.09.02-13.27.14:637][  0]LocalizationService: 현지화 서비스가 비활성화되었습니다.
[2024.09.02-13.27.14:697][  0]TimingProfiler: Initialize
[2024.09.02-13.27.14:697][  0]TimingProfiler: OnSessionChanged
[2024.09.02-13.27.14:697][  0]LoadingProfiler: Initialize
[2024.09.02-13.27.14:697][  0]LoadingProfiler: OnSessionChanged
[2024.09.02-13.27.14:698][  0]NetworkingProfiler: Initialize
[2024.09.02-13.27.14:698][  0]NetworkingProfiler: OnSessionChanged
[2024.09.02-13.27.14:698][  0]MemoryProfiler: Initialize
[2024.09.02-13.27.14:698][  0]MemoryProfiler: OnSessionChanged
[2024.09.02-13.27.14:867][  0]LogCook: Display: CookSettings for Memory: MemoryMaxUsedVirtual 0MiB, MemoryMaxUsedPhysical 16384MiB, MemoryMinFreeVirtual 0MiB, MemoryMinFreePhysical 1024MiB
[2024.09.02-13.27.14:867][  0]LogCook: Display: Mobile HDR setting 1
[2024.09.02-13.27.15:273][  0]LogFileCache: Scanning file cache for directory 'C:/Users/nanim/GitHub/NewNewInsectHeaven/InsectHeaven/Content/' took 0.01s
[2024.09.02-13.27.15:397][  0]LogInit: Display: Engine is initialized. Leaving FEngineLoop::Init()
[2024.09.02-13.27.15:401][  0]SourceControl: 소스 컨트롤이 꺼졌습니다.
[2024.09.02-13.27.15:401][  0]LogUnrealEdMisc: Loading editor; pre map load, took 9.103
[2024.09.02-13.27.15:401][  0]Cmd: MAP LOAD FILE="../../../../../Users/nanim/GitHub/NewNewInsectHeaven/InsectHeaven/Content/Scene/EmptyMainLevel.umap" TEMPLATE=0 SHOWPROGRESS=1 FEATURELEVEL=3
[2024.09.02-13.27.15:402][  0]LightingResults: New page: 라이팅 빌드
[2024.09.02-13.27.15:403][  0]LogWorld: UWorld::CleanupWorld for Untitled, bSessionEnded=true, bCleanupResources=true
[2024.09.02-13.27.15:403][  0]LogSlate: InvalidateAllWidgets triggered.  All widgets were invalidated
[2024.09.02-13.27.15:403][  0]MapCheck: New page: 맵 체크
[2024.09.02-13.27.15:403][  0]LightingResults: New page: 라이팅 빌드
[2024.09.02-13.27.15:408][  0]LogAudio: Display: Audio Device unregistered from world 'None'.
[2024.09.02-13.27.15:410][  0]LogUObjectHash: Compacting FUObjectHashTables data took   0.46ms
[2024.09.02-13.27.15:414][  0]LogAudio: Display: Audio Device (ID: 1) registered with world 'EmptyMainLevel'.
[2024.09.02-13.27.15:414][  0]LogAIModule: Creating AISystem for world EmptyMainLevel
[2024.09.02-13.27.15:415][  0]LogEditorServer: Finished looking for orphan Actors (0.000 secs)
[2024.09.02-13.27.15:418][  0]LogUObjectHash: Compacting FUObjectHashTables data took   0.41ms
[2024.09.02-13.27.15:418][  0]Cmd: MAP CHECKDEP NOCLEARLOG
[2024.09.02-13.27.15:419][  0]MapCheck: 맵 체크 완료: 오류 0 회, 경고 0 회, 소요 시간 0.169ms.
[2024.09.02-13.27.15:419][  0]LogFileHelpers: Loading map 'EmptyMainLevel' took 0.017
[2024.09.02-13.27.15:424][  0]LogUnrealEdMisc: Total Editor Startup Time, took 9.125
[2024.09.02-13.27.15:570][  0]LogSlate: Updating window title bar state: overlay mode, drag disabled, window buttons hidden, title bar hidden
[2024.09.02-13.27.15:573][  0]LogSlate: Updating window title bar state: overlay mode, drag disabled, window buttons hidden, title bar hidden
[2024.09.02-13.27.15:576][  0]LogSlate: Updating window title bar state: overlay mode, drag disabled, window buttons hidden, title bar hidden
[2024.09.02-13.27.15:580][  0]LogSlate: Updating window title bar state: overlay mode, drag disabled, window buttons hidden, title bar hidden
[2024.09.02-13.27.15:591][  0]LogNativeClassHierarchy: Verbose: Native class hierarchy populated in 0.0065 seconds. Added 3870 classes and 945 folders.
[2024.09.02-13.27.15:593][  0]LogNativeClassHierarchy: Verbose: Native class hierarchy updated for 'WidgetCarousel' in 0.0002 seconds. Added 0 classes and 0 folders.
[2024.09.02-13.27.15:594][  0]LogPakFile: PakFile PrimaryIndexSize=187
[2024.09.02-13.27.15:594][  0]LogPakFile: PakFile PathHashIndexSize=101
[2024.09.02-13.27.15:595][  0]LogPakFile: PakFile FullDirectoryIndexSize=148
[2024.09.02-13.27.15:595][  0]LogShaderLibrary: Display: ShaderCodeLibraryPakFileMountedCallback: PakFile 'C:/Program Files/UE_4.27/FeaturePacks/FP_FirstPerson.upack' (chunk index -1, root 'root:/') mounted
[2024.09.02-13.27.15:595][  0]LogShaderLibrary: Display: ShaderCodeLibraryPakFileMountedCallback: pending pak file info (ChunkID:-1 Root:root:/ File:C:/Program Files/UE_4.27/FeaturePacks/FP_FirstPerson.upack)
[2024.09.02-13.27.15:595][  0]LogPakFile: OnPakFileMounted2Time == 0.000383
[2024.09.02-13.27.15:596][  0]LogPakFile: PakFile PrimaryIndexSize=189
[2024.09.02-13.27.15:596][  0]LogPakFile: PakFile PathHashIndexSize=101
[2024.09.02-13.27.15:596][  0]LogPakFile: PakFile FullDirectoryIndexSize=152
[2024.09.02-13.27.15:596][  0]LogShaderLibrary: Display: ShaderCodeLibraryPakFileMountedCallback: PakFile 'C:/Program Files/UE_4.27/FeaturePacks/FP_FirstPersonBP.upack' (chunk index -1, root 'root:/') mounted
[2024.09.02-13.27.15:596][  0]LogShaderLibrary: Display: ShaderCodeLibraryPakFileMountedCallback: pending pak file info (ChunkID:-1 Root:root:/ File:C:/Program Files/UE_4.27/FeaturePacks/FP_FirstPersonBP.upack)
[2024.09.02-13.27.15:596][  0]LogPakFile: OnPakFileMounted2Time == 0.000259
[2024.09.02-13.27.15:597][  0]LogPakFile: PakFile PrimaryIndexSize=191
[2024.09.02-13.27.15:597][  0]LogPakFile: PakFile PathHashIndexSize=101
[2024.09.02-13.27.15:597][  0]LogPakFile: PakFile FullDirectoryIndexSize=160
[2024.09.02-13.27.15:597][  0]LogShaderLibrary: Display: ShaderCodeLibraryPakFileMountedCallback: PakFile 'C:/Program Files/UE_4.27/FeaturePacks/MobileStarterContent.upack' (chunk index -1, root 'root:/') mounted
[2024.09.02-13.27.15:597][  0]LogShaderLibrary: Display: ShaderCodeLibraryPakFileMountedCallback: pending pak file info (ChunkID:-1 Root:root:/ File:C:/Program Files/UE_4.27/FeaturePacks/MobileStarterContent.upack)
[2024.09.02-13.27.15:598][  0]LogPakFile: OnPakFileMounted2Time == 0.000276
[2024.09.02-13.27.15:598][  0]LogPakFile: PakFile PrimaryIndexSize=185
[2024.09.02-13.27.15:598][  0]LogPakFile: PakFile PathHashIndexSize=101
[2024.09.02-13.27.15:598][  0]LogPakFile: PakFile FullDirectoryIndexSize=148
[2024.09.02-13.27.15:598][  0]LogShaderLibrary: Display: ShaderCodeLibraryPakFileMountedCallback: PakFile 'C:/Program Files/UE_4.27/FeaturePacks/StarterContent.upack' (chunk index -1, root 'root:/') mounted
[2024.09.02-13.27.15:599][  0]LogShaderLibrary: Display: ShaderCodeLibraryPakFileMountedCallback: pending pak file info (ChunkID:-1 Root:root:/ File:C:/Program Files/UE_4.27/FeaturePacks/StarterContent.upack)
[2024.09.02-13.27.15:599][  0]LogPakFile: OnPakFileMounted2Time == 0.000246
[2024.09.02-13.27.15:599][  0]LogPakFile: PakFile PrimaryIndexSize=190
[2024.09.02-13.27.15:599][  0]LogPakFile: PakFile PathHashIndexSize=101
[2024.09.02-13.27.15:600][  0]LogPakFile: PakFile FullDirectoryIndexSize=154
[2024.09.02-13.27.15:600][  0]LogShaderLibrary: Display: ShaderCodeLibraryPakFileMountedCallback: PakFile 'C:/Program Files/UE_4.27/FeaturePacks/TP_2DSideScroller.upack' (chunk index -1, root 'root:/') mounted
[2024.09.02-13.27.15:600][  0]LogShaderLibrary: Display: ShaderCodeLibraryPakFileMountedCallback: pending pak file info (ChunkID:-1 Root:root:/ File:C:/Program Files/UE_4.27/FeaturePacks/TP_2DSideScroller.upack)
[2024.09.02-13.27.15:600][  0]LogPakFile: OnPakFileMounted2Time == 0.000254
[2024.09.02-13.27.15:600][  0]LogPakFile: PakFile PrimaryIndexSize=192
[2024.09.02-13.27.15:600][  0]LogPakFile: PakFile PathHashIndexSize=101
[2024.09.02-13.27.15:601][  0]LogPakFile: PakFile FullDirectoryIndexSize=158
[2024.09.02-13.27.15:601][  0]LogShaderLibrary: Display: ShaderCodeLibraryPakFileMountedCallback: PakFile 'C:/Program Files/UE_4.27/FeaturePacks/TP_2DSideScrollerBP.upack' (chunk index -1, root 'root:/') mounted
[2024.09.02-13.27.15:601][  0]LogShaderLibrary: Display: ShaderCodeLibraryPakFileMountedCallback: pending pak file info (ChunkID:-1 Root:root:/ File:C:/Program Files/UE_4.27/FeaturePacks/TP_2DSideScrollerBP.upack)
[2024.09.02-13.27.15:601][  0]LogPakFile: OnPakFileMounted2Time == 0.000276
[2024.09.02-13.27.15:602][  0]LogPakFile: PakFile PrimaryIndexSize=182
[2024.09.02-13.27.15:602][  0]LogPakFile: PakFile PathHashIndexSize=101
[2024.09.02-13.27.15:602][  0]LogPakFile: PakFile FullDirectoryIndexSize=138
[2024.09.02-13.27.15:602][  0]LogShaderLibrary: Display: ShaderCodeLibraryPakFileMountedCallback: PakFile 'C:/Program Files/UE_4.27/FeaturePacks/TP_Flying.upack' (chunk index -1, root 'root:/') mounted
[2024.09.02-13.27.15:602][  0]LogShaderLibrary: Display: ShaderCodeLibraryPakFileMountedCallback: pending pak file info (ChunkID:-1 Root:root:/ File:C:/Program Files/UE_4.27/FeaturePacks/TP_Flying.upack)
[2024.09.02-13.27.15:602][  0]LogPakFile: OnPakFileMounted2Time == 0.000263
[2024.09.02-13.27.15:603][  0]LogPakFile: PakFile PrimaryIndexSize=184
[2024.09.02-13.27.15:603][  0]LogPakFile: PakFile PathHashIndexSize=101
[2024.09.02-13.27.15:603][  0]LogPakFile: PakFile FullDirectoryIndexSize=142
[2024.09.02-13.27.15:603][  0]LogShaderLibrary: Display: ShaderCodeLibraryPakFileMountedCallback: PakFile 'C:/Program Files/UE_4.27/FeaturePacks/TP_FlyingBP.upack' (chunk index -1, root 'root:/') mounted
[2024.09.02-13.27.15:603][  0]LogShaderLibrary: Display: ShaderCodeLibraryPakFileMountedCallback: pending pak file info (ChunkID:-1 Root:root:/ File:C:/Program Files/UE_4.27/FeaturePacks/TP_FlyingBP.upack)
[2024.09.02-13.27.15:603][  0]LogPakFile: OnPakFileMounted2Time == 0.000234
[2024.09.02-13.27.15:604][  0]LogPakFile: PakFile PrimaryIndexSize=188
[2024.09.02-13.27.15:604][  0]LogPakFile: PakFile PathHashIndexSize=101
[2024.09.02-13.27.15:604][  0]LogPakFile: PakFile FullDirectoryIndexSize=150
[2024.09.02-13.27.15:604][  0]LogShaderLibrary: Display: ShaderCodeLibraryPakFileMountedCallback: PakFile 'C:/Program Files/UE_4.27/FeaturePacks/TP_HandheldARBP.upack' (chunk index -1, root 'root:/') mounted
[2024.09.02-13.27.15:604][  0]LogShaderLibrary: Display: ShaderCodeLibraryPakFileMountedCallback: pending pak file info (ChunkID:-1 Root:root:/ File:C:/Program Files/UE_4.27/FeaturePacks/TP_HandheldARBP.upack)
[2024.09.02-13.27.15:604][  0]LogPakFile: OnPakFileMounted2Time == 0.000233
[2024.09.02-13.27.15:605][  0]LogPakFile: PakFile PrimaryIndexSize=182
[2024.09.02-13.27.15:605][  0]LogPakFile: PakFile PathHashIndexSize=101
[2024.09.02-13.27.15:605][  0]LogPakFile: PakFile FullDirectoryIndexSize=138
[2024.09.02-13.27.15:606][  0]LogShaderLibrary: Display: ShaderCodeLibraryPakFileMountedCallback: PakFile 'C:/Program Files/UE_4.27/FeaturePacks/TP_Puzzle.upack' (chunk index -1, root 'root:/') mounted
[2024.09.02-13.27.15:606][  0]LogShaderLibrary: Display: ShaderCodeLibraryPakFileMountedCallback: pending pak file info (ChunkID:-1 Root:root:/ File:C:/Program Files/UE_4.27/FeaturePacks/TP_Puzzle.upack)
[2024.09.02-13.27.15:606][  0]LogPakFile: OnPakFileMounted2Time == 0.000313
[2024.09.02-13.27.15:606][  0]LogPakFile: PakFile PrimaryIndexSize=184
[2024.09.02-13.27.15:606][  0]LogPakFile: PakFile PathHashIndexSize=101
[2024.09.02-13.27.15:607][  0]LogPakFile: PakFile FullDirectoryIndexSize=142
[2024.09.02-13.27.15:607][  0]LogShaderLibrary: Display: ShaderCodeLibraryPakFileMountedCallback: PakFile 'C:/Program Files/UE_4.27/FeaturePacks/TP_PuzzleBP.upack' (chunk index -1, root 'root:/') mounted
[2024.09.02-13.27.15:607][  0]LogShaderLibrary: Display: ShaderCodeLibraryPakFileMountedCallback: pending pak file info (ChunkID:-1 Root:root:/ File:C:/Program Files/UE_4.27/FeaturePacks/TP_PuzzleBP.upack)
[2024.09.02-13.27.15:607][  0]LogPakFile: OnPakFileMounted2Time == 0.000326
[2024.09.02-13.27.15:608][  0]LogPakFile: PakFile PrimaryIndexSize=183
[2024.09.02-13.27.15:608][  0]LogPakFile: PakFile PathHashIndexSize=101
[2024.09.02-13.27.15:608][  0]LogPakFile: PakFile FullDirectoryIndexSize=140
[2024.09.02-13.27.15:608][  0]LogShaderLibrary: Display: ShaderCodeLibraryPakFileMountedCallback: PakFile 'C:/Program Files/UE_4.27/FeaturePacks/TP_Rolling.upack' (chunk index -1, root 'root:/') mounted
[2024.09.02-13.27.15:608][  0]LogShaderLibrary: Display: ShaderCodeLibraryPakFileMountedCallback: pending pak file info (ChunkID:-1 Root:root:/ File:C:/Program Files/UE_4.27/FeaturePacks/TP_Rolling.upack)
[2024.09.02-13.27.15:608][  0]LogPakFile: OnPakFileMounted2Time == 0.000206
[2024.09.02-13.27.15:609][  0]LogPakFile: PakFile PrimaryIndexSize=185
[2024.09.02-13.27.15:609][  0]LogPakFile: PakFile PathHashIndexSize=101
[2024.09.02-13.27.15:609][  0]LogPakFile: PakFile FullDirectoryIndexSize=144
[2024.09.02-13.27.15:609][  0]LogShaderLibrary: Display: ShaderCodeLibraryPakFileMountedCallback: PakFile 'C:/Program Files/UE_4.27/FeaturePacks/TP_RollingBP.upack' (chunk index -1, root 'root:/') mounted
[2024.09.02-13.27.15:609][  0]LogShaderLibrary: Display: ShaderCodeLibraryPakFileMountedCallback: pending pak file info (ChunkID:-1 Root:root:/ File:C:/Program Files/UE_4.27/FeaturePacks/TP_RollingBP.upack)
[2024.09.02-13.27.15:609][  0]LogPakFile: OnPakFileMounted2Time == 0.000276
[2024.09.02-13.27.15:610][  0]LogPakFile: PakFile PrimaryIndexSize=188
[2024.09.02-13.27.15:610][  0]LogPakFile: PakFile PathHashIndexSize=101
[2024.09.02-13.27.15:610][  0]LogPakFile: PakFile FullDirectoryIndexSize=150
[2024.09.02-13.27.15:610][  0]LogShaderLibrary: Display: ShaderCodeLibraryPakFileMountedCallback: PakFile 'C:/Program Files/UE_4.27/FeaturePacks/TP_SideScroller.upack' (chunk index -1, root 'root:/') mounted
[2024.09.02-13.27.15:610][  0]LogShaderLibrary: Display: ShaderCodeLibraryPakFileMountedCallback: pending pak file info (ChunkID:-1 Root:root:/ File:C:/Program Files/UE_4.27/FeaturePacks/TP_SideScroller.upack)
[2024.09.02-13.27.15:610][  0]LogPakFile: OnPakFileMounted2Time == 0.000297
[2024.09.02-13.27.15:611][  0]LogPakFile: PakFile PrimaryIndexSize=190
[2024.09.02-13.27.15:611][  0]LogPakFile: PakFile PathHashIndexSize=101
[2024.09.02-13.27.15:611][  0]LogPakFile: PakFile FullDirectoryIndexSize=154
[2024.09.02-13.27.15:611][  0]LogShaderLibrary: Display: ShaderCodeLibraryPakFileMountedCallback: PakFile 'C:/Program Files/UE_4.27/FeaturePacks/TP_SideScrollerBP.upack' (chunk index -1, root 'root:/') mounted
[2024.09.02-13.27.15:611][  0]LogShaderLibrary: Display: ShaderCodeLibraryPakFileMountedCallback: pending pak file info (ChunkID:-1 Root:root:/ File:C:/Program Files/UE_4.27/FeaturePacks/TP_SideScrollerBP.upack)
[2024.09.02-13.27.15:612][  0]LogPakFile: OnPakFileMounted2Time == 0.000252
[2024.09.02-13.27.15:612][  0]LogPakFile: PakFile PrimaryIndexSize=187
[2024.09.02-13.27.15:612][  0]LogPakFile: PakFile PathHashIndexSize=101
[2024.09.02-13.27.15:612][  0]LogPakFile: PakFile FullDirectoryIndexSize=148
[2024.09.02-13.27.15:612][  0]LogShaderLibrary: Display: ShaderCodeLibraryPakFileMountedCallback: PakFile 'C:/Program Files/UE_4.27/FeaturePacks/TP_ThirdPerson.upack' (chunk index -1, root 'root:/') mounted
[2024.09.02-13.27.15:613][  0]LogShaderLibrary: Display: ShaderCodeLibraryPakFileMountedCallback: pending pak file info (ChunkID:-1 Root:root:/ File:C:/Program Files/UE_4.27/FeaturePacks/TP_ThirdPerson.upack)
[2024.09.02-13.27.15:613][  0]LogPakFile: OnPakFileMounted2Time == 0.000260
[2024.09.02-13.27.15:613][  0]LogPakFile: PakFile PrimaryIndexSize=189
[2024.09.02-13.27.15:613][  0]LogPakFile: PakFile PathHashIndexSize=101
[2024.09.02-13.27.15:614][  0]LogPakFile: PakFile FullDirectoryIndexSize=152
[2024.09.02-13.27.15:614][  0]LogShaderLibrary: Display: ShaderCodeLibraryPakFileMountedCallback: PakFile 'C:/Program Files/UE_4.27/FeaturePacks/TP_ThirdPersonBP.upack' (chunk index -1, root 'root:/') mounted
[2024.09.02-13.27.15:614][  0]LogShaderLibrary: Display: ShaderCodeLibraryPakFileMountedCallback: pending pak file info (ChunkID:-1 Root:root:/ File:C:/Program Files/UE_4.27/FeaturePacks/TP_ThirdPersonBP.upack)
[2024.09.02-13.27.15:614][  0]LogPakFile: OnPakFileMounted2Time == 0.000313
[2024.09.02-13.27.15:615][  0]LogPakFile: PakFile PrimaryIndexSize=183
[2024.09.02-13.27.15:615][  0]LogPakFile: PakFile PathHashIndexSize=101
[2024.09.02-13.27.15:615][  0]LogPakFile: PakFile FullDirectoryIndexSize=140
[2024.09.02-13.27.15:615][  0]LogShaderLibrary: Display: ShaderCodeLibraryPakFileMountedCallback: PakFile 'C:/Program Files/UE_4.27/FeaturePacks/TP_TopDown.upack' (chunk index -1, root 'root:/') mounted
[2024.09.02-13.27.15:615][  0]LogShaderLibrary: Display: ShaderCodeLibraryPakFileMountedCallback: pending pak file info (ChunkID:-1 Root:root:/ File:C:/Program Files/UE_4.27/FeaturePacks/TP_TopDown.upack)
[2024.09.02-13.27.15:615][  0]LogPakFile: OnPakFileMounted2Time == 0.000271
[2024.09.02-13.27.15:616][  0]LogPakFile: PakFile PrimaryIndexSize=185
[2024.09.02-13.27.15:616][  0]LogPakFile: PakFile PathHashIndexSize=101
[2024.09.02-13.27.15:616][  0]LogPakFile: PakFile FullDirectoryIndexSize=144
[2024.09.02-13.27.15:616][  0]LogShaderLibrary: Display: ShaderCodeLibraryPakFileMountedCallback: PakFile 'C:/Program Files/UE_4.27/FeaturePacks/TP_TopDownBP.upack' (chunk index -1, root 'root:/') mounted
[2024.09.02-13.27.15:616][  0]LogShaderLibrary: Display: ShaderCodeLibraryPakFileMountedCallback: pending pak file info (ChunkID:-1 Root:root:/ File:C:/Program Files/UE_4.27/FeaturePacks/TP_TopDownBP.upack)
[2024.09.02-13.27.15:616][  0]LogPakFile: OnPakFileMounted2Time == 0.000239
[2024.09.02-13.27.15:617][  0]LogPakFile: PakFile PrimaryIndexSize=185
[2024.09.02-13.27.15:617][  0]LogPakFile: PakFile PathHashIndexSize=101
[2024.09.02-13.27.15:617][  0]LogPakFile: PakFile FullDirectoryIndexSize=144
[2024.09.02-13.27.15:617][  0]LogShaderLibrary: Display: ShaderCodeLibraryPakFileMountedCallback: PakFile 'C:/Program Files/UE_4.27/FeaturePacks/TP_TwinStick.upack' (chunk index -1, root 'root:/') mounted
[2024.09.02-13.27.15:617][  0]LogShaderLibrary: Display: ShaderCodeLibraryPakFileMountedCallback: pending pak file info (ChunkID:-1 Root:root:/ File:C:/Program Files/UE_4.27/FeaturePacks/TP_TwinStick.upack)
[2024.09.02-13.27.15:617][  0]LogPakFile: OnPakFileMounted2Time == 0.000266
[2024.09.02-13.27.15:618][  0]LogPakFile: PakFile PrimaryIndexSize=187
[2024.09.02-13.27.15:618][  0]LogPakFile: PakFile PathHashIndexSize=101
[2024.09.02-13.27.15:618][  0]LogPakFile: PakFile FullDirectoryIndexSize=148
[2024.09.02-13.27.15:618][  0]LogShaderLibrary: Display: ShaderCodeLibraryPakFileMountedCallback: PakFile 'C:/Program Files/UE_4.27/FeaturePacks/TP_TwinStickBP.upack' (chunk index -1, root 'root:/') mounted
[2024.09.02-13.27.15:618][  0]LogShaderLibrary: Display: ShaderCodeLibraryPakFileMountedCallback: pending pak file info (ChunkID:-1 Root:root:/ File:C:/Program Files/UE_4.27/FeaturePacks/TP_TwinStickBP.upack)
[2024.09.02-13.27.15:619][  0]LogPakFile: OnPakFileMounted2Time == 0.000249
[2024.09.02-13.27.15:619][  0]LogPakFile: PakFile PrimaryIndexSize=183
[2024.09.02-13.27.15:619][  0]LogPakFile: PakFile PathHashIndexSize=101
[2024.09.02-13.27.15:619][  0]LogPakFile: PakFile FullDirectoryIndexSize=140
[2024.09.02-13.27.15:620][  0]LogShaderLibrary: Display: ShaderCodeLibraryPakFileMountedCallback: PakFile 'C:/Program Files/UE_4.27/FeaturePacks/TP_Vehicle.upack' (chunk index -1, root 'root:/') mounted
[2024.09.02-13.27.15:620][  0]LogShaderLibrary: Display: ShaderCodeLibraryPakFileMountedCallback: pending pak file info (ChunkID:-1 Root:root:/ File:C:/Program Files/UE_4.27/FeaturePacks/TP_Vehicle.upack)
[2024.09.02-13.27.15:620][  0]LogPakFile: OnPakFileMounted2Time == 0.000273
[2024.09.02-13.27.15:620][  0]LogPakFile: PakFile PrimaryIndexSize=186
[2024.09.02-13.27.15:621][  0]LogPakFile: PakFile PathHashIndexSize=101
[2024.09.02-13.27.15:621][  0]LogPakFile: PakFile FullDirectoryIndexSize=146
[2024.09.02-13.27.15:621][  0]LogShaderLibrary: Display: ShaderCodeLibraryPakFileMountedCallback: PakFile 'C:/Program Files/UE_4.27/FeaturePacks/TP_VehicleAdv.upack' (chunk index -1, root 'root:/') mounted
[2024.09.02-13.27.15:621][  0]LogShaderLibrary: Display: ShaderCodeLibraryPakFileMountedCallback: pending pak file info (ChunkID:-1 Root:root:/ File:C:/Program Files/UE_4.27/FeaturePacks/TP_VehicleAdv.upack)
[2024.09.02-13.27.15:621][  0]LogPakFile: OnPakFileMounted2Time == 0.000271
[2024.09.02-13.27.15:622][  0]LogPakFile: PakFile PrimaryIndexSize=188
[2024.09.02-13.27.15:622][  0]LogPakFile: PakFile PathHashIndexSize=101
[2024.09.02-13.27.15:622][  0]LogPakFile: PakFile FullDirectoryIndexSize=150
[2024.09.02-13.27.15:622][  0]LogShaderLibrary: Display: ShaderCodeLibraryPakFileMountedCallback: PakFile 'C:/Program Files/UE_4.27/FeaturePacks/TP_VehicleAdvBP.upack' (chunk index -1, root 'root:/') mounted
[2024.09.02-13.27.15:622][  0]LogShaderLibrary: Display: ShaderCodeLibraryPakFileMountedCallback: pending pak file info (ChunkID:-1 Root:root:/ File:C:/Program Files/UE_4.27/FeaturePacks/TP_VehicleAdvBP.upack)
[2024.09.02-13.27.15:622][  0]LogPakFile: OnPakFileMounted2Time == 0.000201
[2024.09.02-13.27.15:623][  0]LogPakFile: PakFile PrimaryIndexSize=185
[2024.09.02-13.27.15:623][  0]LogPakFile: PakFile PathHashIndexSize=101
[2024.09.02-13.27.15:623][  0]LogPakFile: PakFile FullDirectoryIndexSize=144
[2024.09.02-13.27.15:623][  0]LogShaderLibrary: Display: ShaderCodeLibraryPakFileMountedCallback: PakFile 'C:/Program Files/UE_4.27/FeaturePacks/TP_VehicleBP.upack' (chunk index -1, root 'root:/') mounted
[2024.09.02-13.27.15:623][  0]LogShaderLibrary: Display: ShaderCodeLibraryPakFileMountedCallback: pending pak file info (ChunkID:-1 Root:root:/ File:C:/Program Files/UE_4.27/FeaturePacks/TP_VehicleBP.upack)
[2024.09.02-13.27.15:623][  0]LogPakFile: OnPakFileMounted2Time == 0.000310
[2024.09.02-13.27.15:624][  0]LogPakFile: PakFile PrimaryIndexSize=192
[2024.09.02-13.27.15:624][  0]LogPakFile: PakFile PathHashIndexSize=101
[2024.09.02-13.27.15:624][  0]LogPakFile: PakFile FullDirectoryIndexSize=158
[2024.09.02-13.27.15:624][  0]LogShaderLibrary: Display: ShaderCodeLibraryPakFileMountedCallback: PakFile 'C:/Program Files/UE_4.27/FeaturePacks/TP_VirtualRealityBP.upack' (chunk index -1, root 'root:/') mounted
[2024.09.02-13.27.15:624][  0]LogShaderLibrary: Display: ShaderCodeLibraryPakFileMountedCallback: pending pak file info (ChunkID:-1 Root:root:/ File:C:/Program Files/UE_4.27/FeaturePacks/TP_VirtualRealityBP.upack)
[2024.09.02-13.27.15:624][  0]LogPakFile: OnPakFileMounted2Time == 0.000262
[2024.09.02-13.27.15:665][  0]LogNativeClassHierarchy: Verbose: Native class hierarchy updated for 'AddContentDialog' in 0.0002 seconds. Added 0 classes and 0 folders.
[2024.09.02-13.27.15:666][  0]LogNativeClassHierarchy: Verbose: Native class hierarchy updated for 'SceneOutliner' in 0.0001 seconds. Added 2 classes and 0 folders.
[2024.09.02-13.27.15:710][  0]LogSlate: Took 0.000219 seconds to synchronously load lazily loaded font '../../../Engine/Content/Slate/Fonts/Roboto-Regular.ttf' (155K)
[2024.09.02-13.27.15:711][  0]LogSlate: Took 0.000185 seconds to synchronously load lazily loaded font '../../../Engine/Content/Editor/Slate/Fonts/FontAwesome.ttf' (139K)
[2024.09.02-13.27.15:713][  0]LogSlate: Took 0.001044 seconds to synchronously load lazily loaded font '../../../Engine/Content/Editor/Slate/Fonts/NanumGothic.ttf' (4243K)
[2024.09.02-13.27.15:714][  0]LogSlate: Took 0.000937 seconds to synchronously load lazily loaded font '../../../Engine/Content/Editor/Slate/Fonts/NanumGothicBold.ttf' (4188K)
[2024.09.02-13.27.15:714][  0]LogSlate: Took 0.000183 seconds to synchronously load lazily loaded font '../../../Engine/Content/Slate/Fonts/Roboto-Bold.ttf' (160K)
[2024.09.02-13.27.15:766][  0]LogRenderer: Reallocating scene render targets to support 1288x620 Format 10 NumSamples 1 (Frame:1).
[2024.09.02-13.27.15:817][  0]LogNativeClassHierarchy: Verbose: Native class hierarchy updated for 'HierarchicalLODOutliner' in 0.0002 seconds. Added 0 classes and 0 folders.
[2024.09.02-13.27.15:817][  0]LogLoad: (Engine Initialization) Total time: 9.52 seconds
[2024.09.02-13.27.15:817][  0]LogLoad: (Engine Initialization) Total Blueprint compile time: 0.00 seconds
[2024.09.02-13.27.15:855][  0]LogAssetRegistry: Asset discovery search completed in 5.5834 seconds
[2024.09.02-13.27.15:861][  0]LogCollectionManager: Fixed up redirectors for 0 collections in 0.000003 seconds (updated 0 objects)
[2024.09.02-13.27.15:862][  0]LogContentStreaming: Texture pool size now 1000 MB
[2024.09.02-13.27.15:875][  1]LogFileCache: Retrieving MD5 hashes for directory 'C:/Users/nanim/GitHub/NewNewInsectHeaven/InsectHeaven/Content/' took 0.04s
[2024.09.02-13.27.18:868][233]LogSlate: Took 0.000207 seconds to synchronously load lazily loaded font '../../../Engine/Content/Slate/Fonts/Roboto-Light.ttf' (167K)
[2024.09.02-13.29.31:397][580]LogAssetEditorSubsystem: Opening Asset editor for EditorUtilityWidgetBlueprint /Game/DialogueTool.DialogueTool
[2024.09.02-13.29.31:536][580]LogNativeClassHierarchy: Verbose: Native class hierarchy updated for 'BlueprintGraph' in 0.0004 seconds. Added 126 classes and 0 folders.
[2024.09.02-13.29.32:012][580]LogSlate: The tab "SequencerGraphEditor" attempted to spawn in layout 'WidgetBlueprintEditor_Designer_Layout_v4_1' but failed for some reason. An "unrecognized tab" will be returned instead.
[2024.09.02-13.29.32:231][580]LogSlate: Took 0.000348 seconds to synchronously load lazily loaded font '../../../Engine/Content/Slate/Fonts/Roboto-BoldCondensed.ttf' (158K)
[2024.09.02-13.29.33:613][736]LogSlate: Window 'SequencerGraphEditor' being destroyed
[2024.09.02-13.29.33:616][736]LogSlate: Window 'SequencerGraphEditor' being destroyed
[2024.09.02-13.29.35:874][934]LogSlate: Took 0.038686 seconds to synchronously load lazily loaded font '../../../Engine/Content/Slate/Fonts/Roboto-Italic.ttf' (157K)
[2024.09.02-13.31.26:527][ 15]LogOutputDevice: Warning: 

Script Stack (0 frames):

[2024.09.02-13.31.26:528][ 15]LogOutputDevice: Error: Ensure condition failed: !bGraphDataInvalid [File:D:/Build/++UE4/Sync/Engine/Source/Editor/GraphEditor/Private/SGraphPin.cpp] [Line: 821] 
The Graph Pin Object has been invalidated. Someone is keeping a hard ref on the SGraphPin (SGraphPinKnot [SGraphNodeKnot.cpp(406)]). See InvalidateGraphData for more info

[2024.09.02-13.31.26:528][ 15]LogStats:             FDebug::EnsureFailed -  0.001 s
[2024.09.02-13.31.29:370][ 16]LogAudioMixer: Resetting audio stream to device id 
[2024.09.02-13.31.29:385][ 16]LogAudioMixer: Display: 0: FrontLeft
[2024.09.02-13.31.29:385][ 16]LogAudioMixer: Display: 1: FrontRight
[2024.09.02-13.32.17:917][298]LogEditorTransaction: Undo 클립보드 내용을 붙여넣습니다.
[2024.09.02-13.33.37:259][597]Cmd: OBJ SAVEPACKAGE PACKAGE="/Game/DialogueTool" FILE="../../../../../Users/nanim/GitHub/NewNewInsectHeaven/InsectHeaven/Content/DialogueTool.uasset" SILENT=true
[2024.09.02-13.33.37:397][597]LogSavePackage: Moving '../../../../../Users/nanim/GitHub/NewNewInsectHeaven/InsectHeaven/Saved/DialogueTool53DC118F485F4D7C0DF42A9F259B7ECB.tmp' to '../../../../../Users/nanim/GitHub/NewNewInsectHeaven/InsectHeaven/Content/DialogueTool.uasset'
[2024.09.02-13.33.37:420][597]AssetCheck: New page: 에셋 저장:  DialogueTool
[2024.09.02-13.33.37:420][597]LogContentValidation: Display: EditorUtilityWidgetBlueprint /Game/DialogueTool.DialogueTool 유효성 검사 중
[2024.09.02-13.33.37:904][653]BlueprintLog: New page: DialogueTool 컴파일
[2024.09.02-13.33.37:987][653]LogUObjectHash: Compacting FUObjectHashTables data took   2.61ms
[2024.09.02-13.33.38:070][653]LogSlate: Took 0.022563 seconds to synchronously load lazily loaded font '../../../Engine/Content/Slate/Fonts/DroidSansMono.ttf' (77K)
[2024.09.02-13.33.38:134][653]LogSlate: Took 0.063215 seconds to synchronously load lazily loaded font '../../../Engine/Content/Editor/Slate/Fonts/NanumGothicExtraBold.ttf' (4074K)
[2024.09.02-13.33.39:187][776]LogSlate: Window 'DialogueTool' being destroyed
[2024.09.02-13.33.39:193][776]LogSlate: Window 'DialogueTool' being destroyed
[2024.09.02-13.33.39:195][776]LogWorld: UWorld::CleanupWorld for World_1, bSessionEnded=true, bCleanupResources=true
[2024.09.02-13.33.39:195][776]LogSlate: InvalidateAllWidgets triggered.  All widgets were invalidated
[2024.09.02-13.33.39:233][776]LogWorld: UWorld::CleanupWorld for World_0, bSessionEnded=true, bCleanupResources=true
[2024.09.02-13.33.39:233][776]LogSlate: InvalidateAllWidgets triggered.  All widgets were invalidated
