Log file open, 09/07/24 23:48:29
LogWindows: Failed to load 'aqProf.dll' (GetLastError=126)
LogWindows: File 'aqProf.dll' does not exist
LogWindows: Failed to load 'VtuneApi.dll' (GetLastError=126)
LogWindows: File 'VtuneApi.dll' does not exist
LogWindows: Failed to load 'VtuneApi32e.dll' (GetLastError=126)
LogWindows: File 'VtuneApi32e.dll' does not exist
LogConsoleResponse: Display: Failed to find resolution value strings in scalability ini. Falling back to default.
LogConsoleResponse: Display: Failed to find resolution value strings in scalability ini. Falling back to default.
LogInit: Display: Running engine for game: InsectHeaven
LogPlatformFile: Not using cached read wrapper
LogTaskGraph: Started task graph with 5 named threads and 71 total threads with 3 sets of task threads.
LogStats: Stats thread started at 0.222433
LogICUInternationalization: ICU TimeZone Detection - Raw Offset: +9:00, Platform Override: ''
LogInit: Display: Loading text-based GConfig....
LogPluginManager: Mounting plugin MeshPainting
LogPluginManager: Mounting plugin XGEController
LogPluginManager: Mounting plugin EnvironmentQueryEditor
LogPluginManager: Mounting plugin AISupport
LogPluginManager: Mounting plugin Paper2D
LogPluginManager: Mounting plugin LiveLink
LogPluginManager: Mounting plugin AnimationSharing
LogPluginManager: Mounting plugin CLionSourceCodeAccess
LogPluginManager: Mounting plugin LightPropagationVolume
LogPluginManager: Mounting plugin CodeLiteSourceCodeAccess
LogPluginManager: Mounting plugin GitSourceControl
LogPluginManager: Mounting plugin KDevelopSourceCodeAccess
LogPluginManager: Mounting plugin NullSourceCodeAccess
LogPluginManager: Mounting plugin PerforceSourceControl
LogPluginManager: Mounting plugin PixWinPlugin
LogPluginManager: Mounting plugin PlasticSourceControl
LogPluginManager: Mounting plugin PluginUtils
LogPluginManager: Mounting plugin PropertyAccessNode
LogPluginManager: Mounting plugin TextureFormatOodle
LogPluginManager: Mounting plugin RiderSourceCodeAccess
LogPluginManager: Mounting plugin SubversionSourceControl
LogPluginManager: Mounting plugin UObjectPlugin
LogPluginManager: Mounting plugin VisualStudioCodeSourceCodeAccess
LogPluginManager: Mounting plugin XCodeSourceCodeAccess
LogPluginManager: Mounting plugin VisualStudioSourceCodeAccess
LogPluginManager: Mounting plugin AlembicImporter
LogPluginManager: Mounting plugin AutomationUtils
LogPluginManager: Mounting plugin BackChannel
LogPluginManager: Mounting plugin ChaosCloth
LogPluginManager: Mounting plugin ChaosClothEditor
LogPluginManager: Mounting plugin ChaosEditor
LogPluginManager: Mounting plugin ChaosNiagara
LogPluginManager: Mounting plugin ChaosSolverPlugin
LogPluginManager: Mounting plugin CharacterAI
LogPluginManager: Mounting plugin OodleNetwork
LogPluginManager: Mounting plugin OodleData
LogPluginManager: Mounting plugin Niagara
LogPluginManager: Mounting plugin GeometryCache
LogPluginManager: Mounting plugin GeometryCollectionPlugin
LogPluginManager: Mounting plugin GeometryProcessing
LogPluginManager: Mounting plugin OpenImageDenoise
LogPluginManager: Mounting plugin MotoSynth
LogPluginManager: Mounting plugin ProxyLODPlugin
LogPluginManager: Mounting plugin PlanarCut
LogPluginManager: Mounting plugin PythonScriptPlugin
LogPluginManager: Mounting plugin PlatformCrypto
LogPluginManager: Mounting plugin LuminPlatformFeatures
LogPluginManager: Mounting plugin MagicLeap
LogPluginManager: Mounting plugin MagicLeapLightEstimation
LogPluginManager: Mounting plugin MagicLeapMedia
LogPluginManager: Mounting plugin MagicLeapPassableWorld
LogPluginManager: Mounting plugin MLSDK
LogPluginManager: Mounting plugin AssetManagerEditor
LogPluginManager: Mounting plugin CryptoKeys
LogPluginManager: Mounting plugin CurveEditorTools
LogPluginManager: Mounting plugin DataValidation
LogPluginManager: Mounting plugin EditorScriptingUtilities
LogPluginManager: Mounting plugin GameplayTagsEditor
LogPluginManager: Mounting plugin FacialAnimation
LogPluginManager: Mounting plugin GeometryMode
LogPluginManager: Mounting plugin MacGraphicsSwitching
LogPluginManager: Mounting plugin MaterialAnalyzer
LogPluginManager: Mounting plugin PluginBrowser
LogPluginManager: Mounting plugin SpeedTreeImporter
LogPluginManager: Mounting plugin MobileLauncherProfileWizard
LogPluginManager: Mounting plugin DatasmithContent
LogPluginManager: Mounting plugin SkeletalReduction
LogPluginManager: Mounting plugin VariantManagerContent
LogPluginManager: Mounting plugin AndroidMedia
LogPluginManager: Mounting plugin AvfMedia
LogPluginManager: Mounting plugin ImgMedia
LogPluginManager: Mounting plugin MediaCompositing
LogPluginManager: Mounting plugin MediaPlayerEditor
LogPluginManager: Mounting plugin WmfMedia
LogPluginManager: Mounting plugin WebMMedia
LogPluginManager: Mounting plugin TcpMessaging
LogPluginManager: Mounting plugin LevelSequenceEditor
LogPluginManager: Mounting plugin ActorSequence
LogPluginManager: Mounting plugin UdpMessaging
LogPluginManager: Mounting plugin MatineeToLevelSequence
LogPluginManager: Mounting plugin TemplateSequence
LogPluginManager: Mounting plugin LauncherChunkInstaller
LogPluginManager: Mounting plugin OnlineSubsystem
LogPluginManager: Mounting plugin OnlineSubsystemNull
LogPluginManager: Mounting plugin OnlineSubsystemUtils
LogPluginManager: Mounting plugin ActorLayerUtilities
LogPluginManager: Mounting plugin AndroidDeviceProfileSelector
LogPluginManager: Mounting plugin AndroidMoviePlayer
LogPluginManager: Mounting plugin AndroidPermission
LogPluginManager: Mounting plugin AppleImageUtils
LogPluginManager: Mounting plugin AppleMoviePlayer
LogPluginManager: Mounting plugin ArchVisCharacter
LogPluginManager: Mounting plugin AudioCapture
LogPluginManager: Mounting plugin AssetTags
LogPluginManager: Mounting plugin AudioSynesthesia
LogPluginManager: Mounting plugin CableComponent
LogPluginManager: Mounting plugin ChunkDownloader
LogPluginManager: Mounting plugin ScreenshotTools
LogPluginManager: Mounting plugin CustomMeshComponent
LogPluginManager: Mounting plugin EditableMesh
LogPluginManager: Mounting plugin ExampleDeviceProfileSelector
LogPluginManager: Mounting plugin Takes
LogPluginManager: Mounting plugin GooglePAD
LogPluginManager: Mounting plugin GoogleCloudMessaging
LogPluginManager: Mounting plugin IOSDeviceProfileSelector
LogPluginManager: Mounting plugin LinuxDeviceProfileSelector
LogPluginManager: Mounting plugin LocationServicesBPLibrary
LogPluginManager: Mounting plugin MobilePatchingUtils
LogPluginManager: Mounting plugin OpenXR
LogPluginManager: Mounting plugin OpenXREyeTracker
LogPluginManager: Mounting plugin OpenXRHandTracking
LogPluginManager: Mounting plugin PhysXVehicles
LogPluginManager: Mounting plugin PostSplashScreen
LogPluginManager: Mounting plugin PropertyAccessEditor
LogPluginManager: Mounting plugin ProceduralMeshComponent
LogPluginManager: Mounting plugin RuntimePhysXCooking
LogPluginManager: Mounting plugin SoundFields
LogPluginManager: Mounting plugin SignificanceManager
LogPluginManager: Mounting plugin Synthesis
LogPluginManager: Mounting plugin WebMMoviePlayer
LogPluginManager: Mounting plugin CameraShakePreviewer
LogPluginManager: Mounting plugin GameplayCameras
LogPluginManager: Mounting plugin WindowsMoviePlayer
LogPluginManager: Mounting plugin ContentBrowserAssetDataSource
LogPluginManager: Mounting plugin ContentBrowserFileDataSource
LogPluginManager: Mounting plugin ContentBrowserClassDataSource
LogPluginManager: Mounting plugin RiderLink
LogPluginManager: Mounting plugin OnlineSubsystemGooglePlay
LogPluginManager: Mounting plugin OnlineSubsystemIOS
LogPluginManager: Mounting plugin OculusVR
LogPluginManager: Mounting plugin SteamVR
PixWinPlugin: PIX capture plugin failed to initialize! Check that the process is launched from PIX.
LogInit: Using libcurl 7.55.1-DEV
LogInit:  - built for x86_64-pc-win32
LogInit:  - supports SSL with OpenSSL/1.1.1
LogInit:  - supports HTTP deflate (compression) using libz 1.2.8
LogInit:  - other features:
LogInit:      CURL_VERSION_SSL
LogInit:      CURL_VERSION_LIBZ
LogInit:      CURL_VERSION_IPV6
LogInit:      CURL_VERSION_ASYNCHDNS
LogInit:      CURL_VERSION_LARGEFILE
LogInit:      CURL_VERSION_IDN
LogInit:  CurlRequestOptions (configurable via config and command line):
LogInit:  - bVerifyPeer = true  - Libcurl will verify peer certificate
LogInit:  - bUseHttpProxy = false  - Libcurl will NOT use HTTP proxy
LogInit:  - bDontReuseConnections = false  - Libcurl will reuse connections
LogInit:  - MaxHostConnections = 16  - Libcurl will limit the number of connections to a host
LogInit:  - LocalHostAddr = Default
LogInit:  - BufferSize = 65536
LogOnline: OSS: Creating online subsystem instance for: NULL
LogInit: WinSock: version 1.1 (2.2), MaxSocks=32767, MaxUdp=65467
LogOnline: OSS: TryLoadSubsystemAndSetDefault: Loaded subsystem for module [NULL]
LogOculusPluginWrapper: OculusPlugin initialized successfully
LogHMD: Failed initializing OVRPlugin 1.59.0
LogInit: Build: ++UE4+Release-4.27-CL-18319896
LogInit: Engine Version: 4.27.2-18319896+++UE4+Release-4.27
LogInit: Compatible Engine Version: 4.27.0-17155196+++UE4+Release-4.27
LogInit: Net CL: 17155196
LogInit: OS: Windows 10 (Release 2009) (), CPU: AMD Ryzen 9 7900X 12-Core Processor            , GPU: AMD Radeon RX 7900 XTX
LogInit: Compiled (64-bit): Nov 30 2021 07:12:08
LogInit: Compiled with Visual C++: 19.24.28315.00
LogInit: Build Configuration: Development
LogInit: Branch Name: ++UE4+Release-4.27
LogInit: Command Line: 
LogInit: Base Directory: C:/Program Files/UE_4.27/Engine/Binaries/Win64/
LogInit: Allocator: TBB
LogInit: Installed Engine Build: 1
LogDevObjectVersion: Number of dev versions registered: 29
LogDevObjectVersion:   Dev-Blueprints (B0D832E4-1F89-4F0D-ACCF-7EB736FD4AA2): 10
LogDevObjectVersion:   Dev-Build (E1C64328-A22C-4D53-A36C-8E866417BD8C): 0
LogDevObjectVersion:   Dev-Core (375EC13C-06E4-48FB-B500-84F0262A717E): 4
LogDevObjectVersion:   Dev-Editor (E4B068ED-F494-42E9-A231-DA0B2E46BB41): 40
LogDevObjectVersion:   Dev-Framework (CFFC743F-43B0-4480-9391-14DF171D2073): 37
LogDevObjectVersion:   Dev-Mobile (B02B49B5-BB20-44E9-A304-32B752E40360): 3
LogDevObjectVersion:   Dev-Networking (A4E4105C-59A1-49B5-A7C5-40C4547EDFEE): 0
LogDevObjectVersion:   Dev-Online (39C831C9-5AE6-47DC-9A44-9C173E1C8E7C): 0
LogDevObjectVersion:   Dev-Physics (78F01B33-EBEA-4F98-B9B4-84EACCB95AA2): 14
LogDevObjectVersion:   Dev-Platform (6631380F-2D4D-43E0-8009-CF276956A95A): 0
LogDevObjectVersion:   Dev-Rendering (12F88B9F-8875-4AFC-A67C-D90C383ABD29): 45
LogDevObjectVersion:   Dev-Sequencer (7B5AE74C-D270-4C10-A958-57980B212A5A): 13
LogDevObjectVersion:   Dev-VR (D7296918-1DD6-4BDD-9DE2-64A83CC13884): 3
LogDevObjectVersion:   Dev-LoadTimes (C2A15278-BFE7-4AFE-6C17-90FF531DF755): 1
LogDevObjectVersion:   Private-Geometry (6EACA3D4-40EC-4CC1-B786-8BED09428FC5): 3
LogDevObjectVersion:   Dev-AnimPhys (29E575DD-E0A3-4627-9D10-D276232CDCEA): 17
LogDevObjectVersion:   Dev-Anim (AF43A65D-7FD3-4947-9873-3E8ED9C1BB05): 15
LogDevObjectVersion:   Dev-ReflectionCapture (6B266CEC-1EC7-4B8F-A30B-E4D90942FC07): 1
LogDevObjectVersion:   Dev-Automation (0DF73D61-A23F-47EA-B727-89E90C41499A): 1
LogDevObjectVersion:   FortniteMain (601D1886-AC64-4F84-AA16-D3DE0DEAC7D6): 47
LogDevObjectVersion:   FortniteRelease (E7086368-6B23-4C58-8439-1B7016265E91): 1
LogDevObjectVersion:   Dev-Enterprise (9DFFBCD6-494F-0158-E221-12823C92A888): 10
LogDevObjectVersion:   Dev-Niagara (F2AED0AC-9AFE-416F-8664-AA7FFA26D6FC): 1
LogDevObjectVersion:   Dev-Destruction (174F1F0B-B4C6-45A5-B13F-2EE8D0FB917D): 10
LogDevObjectVersion:   Dev-Physics-Ext (35F94A83-E258-406C-A318-09F59610247C): 41
LogDevObjectVersion:   Dev-PhysicsMaterial-Chaos (B68FC16E-8B1B-42E2-B453-215C058844FE): 1
LogDevObjectVersion:   Dev-CineCamera (B2E18506-4273-CFC2-A54E-F4BB758BBA07): 1
LogDevObjectVersion:   Dev-VirtualProduction (64F58936-FD1B-42BA-BA96-7289D5D0FA4E): 1
LogDevObjectVersion:   Dev-MediaFramework (6F0ED827-A609-4895-9C91-998D90180EA4): 2
LogInit: Presizing for max 25165824 objects, including 0 objects not considered by GC, pre-allocating 0 bytes for permanent pool.
LogConfig: Applying CVar settings from Section [/Script/Engine.StreamingSettings] File [C:/Users/nanim/GitHub/NewNewInsectHeaven/InsectHeaven/Saved/Config/Windows/Engine.ini]
LogConfig: Setting CVar [[s.MinBulkDataSizeForAsyncLoading:131072]]
LogConfig: Setting CVar [[s.AsyncLoadingThreadEnabled:0]]
LogConfig: Setting CVar [[s.EventDrivenLoaderEnabled:1]]
LogConfig: Setting CVar [[s.WarnIfTimeLimitExceeded:0]]
LogConfig: Setting CVar [[s.TimeLimitExceededMultiplier:1.5]]
LogConfig: Setting CVar [[s.TimeLimitExceededMinTime:0.005]]
LogConfig: Setting CVar [[s.UseBackgroundLevelStreaming:1]]
LogConfig: Setting CVar [[s.PriorityAsyncLoadingExtraTime:15.0]]
LogConfig: Setting CVar [[s.LevelStreamingActorsUpdateTimeLimit:5.0]]
LogConfig: Setting CVar [[s.PriorityLevelStreamingActorsUpdateExtraTime:5.0]]
LogConfig: Setting CVar [[s.LevelStreamingComponentsRegistrationGranularity:10]]
LogConfig: Setting CVar [[s.UnregisterComponentsTimeLimit:1.0]]
LogConfig: Setting CVar [[s.LevelStreamingComponentsUnregistrationGranularity:5]]
LogConfig: Setting CVar [[s.FlushStreamingOnExit:1]]
LogInit: Object subsystem initialized
LogConfig: Setting CVar [[con.DebugEarlyDefault:1]]
LogConfig: Setting CVar [[r.setres:1280x720]]
[2024.09.07-14.48.30:042][  0]LogConfig: Setting CVar [[r.VSync:0]]
[2024.09.07-14.48.30:042][  0]LogConfig: Setting CVar [[r.RHICmdBypass:0]]
[2024.09.07-14.48.30:042][  0]LogConfig: Applying CVar settings from Section [/Script/Engine.RendererSettings] File [C:/Users/nanim/GitHub/NewNewInsectHeaven/InsectHeaven/Saved/Config/Windows/Engine.ini]
[2024.09.07-14.48.30:042][  0]LogConfig: Setting CVar [[r.GPUCrashDebugging:0]]
[2024.09.07-14.48.30:042][  0]LogConfig: Applying CVar settings from Section [/Script/Engine.RendererOverrideSettings] File [C:/Users/nanim/GitHub/NewNewInsectHeaven/InsectHeaven/Saved/Config/Windows/Engine.ini]
[2024.09.07-14.48.30:042][  0]LogConfig: Applying CVar settings from Section [/Script/Engine.StreamingSettings] File [C:/Users/nanim/GitHub/NewNewInsectHeaven/InsectHeaven/Saved/Config/Windows/Engine.ini]
[2024.09.07-14.48.30:042][  0]LogConfig: Setting CVar [[s.MinBulkDataSizeForAsyncLoading:131072]]
[2024.09.07-14.48.30:043][  0]LogConfig: Setting CVar [[s.AsyncLoadingThreadEnabled:0]]
[2024.09.07-14.48.30:043][  0]LogConfig: Setting CVar [[s.EventDrivenLoaderEnabled:1]]
[2024.09.07-14.48.30:043][  0]LogConfig: Setting CVar [[s.WarnIfTimeLimitExceeded:0]]
[2024.09.07-14.48.30:043][  0]LogConfig: Setting CVar [[s.TimeLimitExceededMultiplier:1.5]]
[2024.09.07-14.48.30:043][  0]LogConfig: Setting CVar [[s.TimeLimitExceededMinTime:0.005]]
[2024.09.07-14.48.30:043][  0]LogConfig: Setting CVar [[s.UseBackgroundLevelStreaming:1]]
[2024.09.07-14.48.30:043][  0]LogConfig: Setting CVar [[s.PriorityAsyncLoadingExtraTime:15.0]]
[2024.09.07-14.48.30:043][  0]LogConfig: Setting CVar [[s.LevelStreamingActorsUpdateTimeLimit:5.0]]
[2024.09.07-14.48.30:043][  0]LogConfig: Setting CVar [[s.PriorityLevelStreamingActorsUpdateExtraTime:5.0]]
[2024.09.07-14.48.30:043][  0]LogConfig: Setting CVar [[s.LevelStreamingComponentsRegistrationGranularity:10]]
[2024.09.07-14.48.30:043][  0]LogConfig: Setting CVar [[s.UnregisterComponentsTimeLimit:1.0]]
[2024.09.07-14.48.30:044][  0]LogConfig: Setting CVar [[s.LevelStreamingComponentsUnregistrationGranularity:5]]
[2024.09.07-14.48.30:044][  0]LogConfig: Setting CVar [[s.FlushStreamingOnExit:1]]
[2024.09.07-14.48.30:044][  0]LogConfig: Applying CVar settings from Section [/Script/Engine.GarbageCollectionSettings] File [C:/Users/nanim/GitHub/NewNewInsectHeaven/InsectHeaven/Saved/Config/Windows/Engine.ini]
[2024.09.07-14.48.30:044][  0]LogConfig: Setting CVar [[gc.MaxObjectsNotConsideredByGC:1]]
[2024.09.07-14.48.30:044][  0]LogConfig: Setting CVar [[gc.SizeOfPermanentObjectPool:0]]
[2024.09.07-14.48.30:044][  0]LogConfig: Setting CVar [[gc.FlushStreamingOnGC:0]]
[2024.09.07-14.48.30:044][  0]LogConfig: Setting CVar [[gc.NumRetriesBeforeForcingGC:10]]
[2024.09.07-14.48.30:044][  0]LogConfig: Setting CVar [[gc.AllowParallelGC:1]]
[2024.09.07-14.48.30:044][  0]LogConfig: Setting CVar [[gc.TimeBetweenPurgingPendingKillObjects:61.1]]
[2024.09.07-14.48.30:044][  0]LogConfig: Setting CVar [[gc.MaxObjectsInEditor:25165824]]
[2024.09.07-14.48.30:044][  0]LogConfig: Setting CVar [[gc.IncrementalBeginDestroyEnabled:1]]
[2024.09.07-14.48.30:044][  0]LogConfig: Setting CVar [[gc.CreateGCClusters:1]]
[2024.09.07-14.48.30:045][  0]LogConfig: Setting CVar [[gc.MinGCClusterSize:5]]
[2024.09.07-14.48.30:045][  0]LogConfig: Setting CVar [[gc.ActorClusteringEnabled:0]]
[2024.09.07-14.48.30:045][  0]LogConfig: Setting CVar [[gc.BlueprintClusteringEnabled:0]]
[2024.09.07-14.48.30:045][  0]LogConfig: Setting CVar [[gc.UseDisregardForGCOnDedicatedServers:0]]
[2024.09.07-14.48.30:045][  0]LogConfig: Setting CVar [[gc.MultithreadedDestructionEnabled:1]]
[2024.09.07-14.48.30:045][  0]LogConfig: Applying CVar settings from Section [/Script/Engine.NetworkSettings] File [C:/Users/nanim/GitHub/NewNewInsectHeaven/InsectHeaven/Saved/Config/Windows/Engine.ini]
[2024.09.07-14.48.30:045][  0]LogConfig: Applying CVar settings from Section [/Script/UnrealEd.CookerSettings] File [C:/Users/nanim/GitHub/NewNewInsectHeaven/InsectHeaven/Saved/Config/Windows/Engine.ini]
[2024.09.07-14.48.30:084][  0]LogConfig: Applying CVar settings from Section [ViewDistanceQuality@3] File [C:/Users/nanim/GitHub/NewNewInsectHeaven/InsectHeaven/Saved/Config/Windows/Scalability.ini]
[2024.09.07-14.48.30:084][  0]LogConfig: Setting CVar [[r.SkeletalMeshLODBias:0]]
[2024.09.07-14.48.30:084][  0]LogConfig: Setting CVar [[r.ViewDistanceScale:1.0]]
[2024.09.07-14.48.30:084][  0]LogConfig: Applying CVar settings from Section [AntiAliasingQuality@3] File [C:/Users/nanim/GitHub/NewNewInsectHeaven/InsectHeaven/Saved/Config/Windows/Scalability.ini]
[2024.09.07-14.48.30:084][  0]LogConfig: Setting CVar [[r.PostProcessAAQuality:4]]
[2024.09.07-14.48.30:084][  0]LogConfig: Applying CVar settings from Section [ShadowQuality@3] File [C:/Users/nanim/GitHub/NewNewInsectHeaven/InsectHeaven/Saved/Config/Windows/Scalability.ini]
[2024.09.07-14.48.30:084][  0]LogConfig: Setting CVar [[r.LightFunctionQuality:1]]
[2024.09.07-14.48.30:084][  0]LogConfig: Setting CVar [[r.ShadowQuality:5]]
[2024.09.07-14.48.30:085][  0]LogConfig: Setting CVar [[r.Shadow.CSM.MaxCascades:10]]
[2024.09.07-14.48.30:085][  0]LogConfig: Setting CVar [[r.Shadow.MaxResolution:2048]]
[2024.09.07-14.48.30:085][  0]LogConfig: Setting CVar [[r.Shadow.MaxCSMResolution:2048]]
[2024.09.07-14.48.30:085][  0]LogConfig: Setting CVar [[r.Shadow.RadiusThreshold:0.01]]
[2024.09.07-14.48.30:085][  0]LogConfig: Setting CVar [[r.Shadow.DistanceScale:1.0]]
[2024.09.07-14.48.30:085][  0]LogConfig: Setting CVar [[r.Shadow.CSM.TransitionScale:1.0]]
[2024.09.07-14.48.30:085][  0]LogConfig: Setting CVar [[r.Shadow.PreShadowResolutionFactor:1.0]]
[2024.09.07-14.48.30:085][  0]LogConfig: Setting CVar [[r.DistanceFieldShadowing:1]]
[2024.09.07-14.48.30:085][  0]LogConfig: Setting CVar [[r.DistanceFieldAO:1]]
[2024.09.07-14.48.30:085][  0]LogConfig: Setting CVar [[r.AOQuality:2]]
[2024.09.07-14.48.30:086][  0]LogConfig: Setting CVar [[r.VolumetricFog:1]]
[2024.09.07-14.48.30:086][  0]LogConfig: Setting CVar [[r.VolumetricFog.GridPixelSize:8]]
[2024.09.07-14.48.30:086][  0]LogConfig: Setting CVar [[r.VolumetricFog.GridSizeZ:128]]
[2024.09.07-14.48.30:086][  0]LogConfig: Setting CVar [[r.VolumetricFog.HistoryMissSupersampleCount:4]]
[2024.09.07-14.48.30:086][  0]LogConfig: Setting CVar [[r.LightMaxDrawDistanceScale:1]]
[2024.09.07-14.48.30:086][  0]LogConfig: Setting CVar [[r.CapsuleShadows:1]]
[2024.09.07-14.48.30:086][  0]LogConfig: Applying CVar settings from Section [PostProcessQuality@3] File [C:/Users/nanim/GitHub/NewNewInsectHeaven/InsectHeaven/Saved/Config/Windows/Scalability.ini]
[2024.09.07-14.48.30:086][  0]LogConfig: Setting CVar [[r.MotionBlurQuality:4]]
[2024.09.07-14.48.30:086][  0]LogConfig: Setting CVar [[r.AmbientOcclusionMipLevelFactor:0.4]]
[2024.09.07-14.48.30:086][  0]LogConfig: Setting CVar [[r.AmbientOcclusionMaxQuality:100]]
[2024.09.07-14.48.30:086][  0]LogConfig: Setting CVar [[r.AmbientOcclusionLevels:-1]]
[2024.09.07-14.48.30:087][  0]LogConfig: Setting CVar [[r.AmbientOcclusionRadiusScale:1.0]]
[2024.09.07-14.48.30:087][  0]LogConfig: Setting CVar [[r.DepthOfFieldQuality:2]]
[2024.09.07-14.48.30:087][  0]LogConfig: Setting CVar [[r.RenderTargetPoolMin:400]]
[2024.09.07-14.48.30:087][  0]LogConfig: Setting CVar [[r.LensFlareQuality:2]]
[2024.09.07-14.48.30:087][  0]LogConfig: Setting CVar [[r.SceneColorFringeQuality:1]]
[2024.09.07-14.48.30:087][  0]LogConfig: Setting CVar [[r.EyeAdaptationQuality:2]]
[2024.09.07-14.48.30:087][  0]LogConfig: Setting CVar [[r.BloomQuality:5]]
[2024.09.07-14.48.30:087][  0]LogConfig: Setting CVar [[r.FastBlurThreshold:100]]
[2024.09.07-14.48.30:087][  0]LogConfig: Setting CVar [[r.Upscale.Quality:3]]
[2024.09.07-14.48.30:087][  0]LogConfig: Setting CVar [[r.Tonemapper.GrainQuantization:1]]
[2024.09.07-14.48.30:087][  0]LogConfig: Setting CVar [[r.LightShaftQuality:1]]
[2024.09.07-14.48.30:088][  0]LogConfig: Setting CVar [[r.Filter.SizeScale:1]]
[2024.09.07-14.48.30:088][  0]LogConfig: Setting CVar [[r.Tonemapper.Quality:5]]
[2024.09.07-14.48.30:088][  0]LogConfig: Setting CVar [[r.DOF.Gather.AccumulatorQuality:1        ; higher gathering accumulator quality]]
[2024.09.07-14.48.30:088][  0]LogConfig: Setting CVar [[r.DOF.Gather.PostfilterMethod:1          ; Median3x3 postfilering method]]
[2024.09.07-14.48.30:088][  0]LogConfig: Setting CVar [[r.DOF.Gather.EnableBokehSettings:0       ; no bokeh simulation when gathering]]
[2024.09.07-14.48.30:088][  0]LogConfig: Setting CVar [[r.DOF.Gather.RingCount:4                 ; medium number of samples when gathering]]
[2024.09.07-14.48.30:088][  0]LogConfig: Setting CVar [[r.DOF.Scatter.ForegroundCompositing:1    ; additive foreground scattering]]
[2024.09.07-14.48.30:088][  0]LogConfig: Setting CVar [[r.DOF.Scatter.BackgroundCompositing:2    ; additive background scattering]]
[2024.09.07-14.48.30:088][  0]LogConfig: Setting CVar [[r.DOF.Scatter.EnableBokehSettings:1      ; bokeh simulation when scattering]]
[2024.09.07-14.48.30:088][  0]LogConfig: Setting CVar [[r.DOF.Scatter.MaxSpriteRatio:0.1         ; only a maximum of 10% of scattered bokeh]]
[2024.09.07-14.48.30:089][  0]LogConfig: Setting CVar [[r.DOF.Recombine.Quality:1                ; cheap slight out of focus]]
[2024.09.07-14.48.30:089][  0]LogConfig: Setting CVar [[r.DOF.Recombine.EnableBokehSettings:0    ; no bokeh simulation on slight out of focus]]
[2024.09.07-14.48.30:089][  0]LogConfig: Setting CVar [[r.DOF.TemporalAAQuality:1                ; more stable temporal accumulation]]
[2024.09.07-14.48.30:089][  0]LogConfig: Setting CVar [[r.DOF.Kernel.MaxForegroundRadius:0.025]]
[2024.09.07-14.48.30:089][  0]LogConfig: Setting CVar [[r.DOF.Kernel.MaxBackgroundRadius:0.025]]
[2024.09.07-14.48.30:089][  0]LogConfig: Applying CVar settings from Section [TextureQuality@3] File [C:/Users/nanim/GitHub/NewNewInsectHeaven/InsectHeaven/Saved/Config/Windows/Scalability.ini]
[2024.09.07-14.48.30:089][  0]LogConfig: Setting CVar [[r.Streaming.MipBias:0]]
[2024.09.07-14.48.30:089][  0]LogConfig: Setting CVar [[r.Streaming.AmortizeCPUToGPUCopy:0]]
[2024.09.07-14.48.30:089][  0]LogConfig: Setting CVar [[r.Streaming.MaxNumTexturesToStreamPerFrame:0]]
[2024.09.07-14.48.30:090][  0]LogConfig: Setting CVar [[r.Streaming.Boost:1]]
[2024.09.07-14.48.30:090][  0]LogConfig: Setting CVar [[r.MaxAnisotropy:8]]
[2024.09.07-14.48.30:090][  0]LogConfig: Setting CVar [[r.VT.MaxAnisotropy:8]]
[2024.09.07-14.48.30:090][  0]LogConfig: Setting CVar [[r.Streaming.LimitPoolSizeToVRAM:0]]
[2024.09.07-14.48.30:090][  0]LogConfig: Setting CVar [[r.Streaming.PoolSize:1000]]
[2024.09.07-14.48.30:090][  0]LogConfig: Setting CVar [[r.Streaming.MaxEffectiveScreenSize:0]]
[2024.09.07-14.48.30:090][  0]LogConfig: Applying CVar settings from Section [EffectsQuality@3] File [C:/Users/nanim/GitHub/NewNewInsectHeaven/InsectHeaven/Saved/Config/Windows/Scalability.ini]
[2024.09.07-14.48.30:090][  0]LogConfig: Setting CVar [[r.TranslucencyLightingVolumeDim:64]]
[2024.09.07-14.48.30:090][  0]LogConfig: Setting CVar [[r.RefractionQuality:2]]
[2024.09.07-14.48.30:091][  0]LogConfig: Setting CVar [[r.SSR.Quality:3]]
[2024.09.07-14.48.30:091][  0]LogConfig: Setting CVar [[r.SSR.HalfResSceneColor:0]]
[2024.09.07-14.48.30:091][  0]LogConfig: Setting CVar [[r.SceneColorFormat:4]]
[2024.09.07-14.48.30:091][  0]LogConfig: Setting CVar [[r.DetailMode:2]]
[2024.09.07-14.48.30:091][  0]LogConfig: Setting CVar [[r.TranslucencyVolumeBlur:1]]
[2024.09.07-14.48.30:091][  0]LogConfig: Setting CVar [[r.MaterialQualityLevel:1 ; High quality]]
[2024.09.07-14.48.30:091][  0]LogConfig: Setting CVar [[r.AnisotropicMaterials:1]]
[2024.09.07-14.48.30:091][  0]LogConfig: Setting CVar [[r.SSS.Scale:1]]
[2024.09.07-14.48.30:091][  0]LogConfig: Setting CVar [[r.SSS.SampleSet:2]]
[2024.09.07-14.48.30:091][  0]LogConfig: Setting CVar [[r.SSS.Quality:1]]
[2024.09.07-14.48.30:092][  0]LogConfig: Setting CVar [[r.SSS.HalfRes:0]]
[2024.09.07-14.48.30:092][  0]LogConfig: Setting CVar [[r.SSGI.Quality:3]]
[2024.09.07-14.48.30:092][  0]LogConfig: Setting CVar [[r.EmitterSpawnRateScale:1.0]]
[2024.09.07-14.48.30:092][  0]LogConfig: Setting CVar [[r.ParticleLightQuality:2]]
[2024.09.07-14.48.30:092][  0]LogConfig: Setting CVar [[r.SkyAtmosphere.AerialPerspectiveLUT.FastApplyOnOpaque:1 ; Always have FastSkyLUT 1 in this case to avoid wrong sky]]
[2024.09.07-14.48.30:092][  0]LogConfig: Setting CVar [[r.SkyAtmosphere.AerialPerspectiveLUT.SampleCountMaxPerSlice:4]]
[2024.09.07-14.48.30:092][  0]LogConfig: Setting CVar [[r.SkyAtmosphere.AerialPerspectiveLUT.DepthResolution:16.0]]
[2024.09.07-14.48.30:092][  0]LogConfig: Setting CVar [[r.SkyAtmosphere.FastSkyLUT:1]]
[2024.09.07-14.48.30:092][  0]LogConfig: Setting CVar [[r.SkyAtmosphere.FastSkyLUT.SampleCountMin:4.0]]
[2024.09.07-14.48.30:092][  0]LogConfig: Setting CVar [[r.SkyAtmosphere.FastSkyLUT.SampleCountMax:128.0]]
[2024.09.07-14.48.30:092][  0]LogConfig: Setting CVar [[r.SkyAtmosphere.SampleCountMin:4.0]]
[2024.09.07-14.48.30:092][  0]LogConfig: Setting CVar [[r.SkyAtmosphere.SampleCountMax:128.0]]
[2024.09.07-14.48.30:092][  0]LogConfig: Setting CVar [[r.SkyAtmosphere.TransmittanceLUT.UseSmallFormat:0]]
[2024.09.07-14.48.30:093][  0]LogConfig: Setting CVar [[r.SkyAtmosphere.TransmittanceLUT.SampleCount:10.0]]
[2024.09.07-14.48.30:093][  0]LogConfig: Setting CVar [[r.SkyAtmosphere.MultiScatteringLUT.SampleCount:15.0]]
[2024.09.07-14.48.30:093][  0]LogConfig: Setting CVar [[r.SkyLight.RealTimeReflectionCapture:1]]
[2024.09.07-14.48.30:093][  0]LogConfig: Applying CVar settings from Section [FoliageQuality@3] File [C:/Users/nanim/GitHub/NewNewInsectHeaven/InsectHeaven/Saved/Config/Windows/Scalability.ini]
[2024.09.07-14.48.30:093][  0]LogConfig: Setting CVar [[foliage.DensityScale:1.0]]
[2024.09.07-14.48.30:093][  0]LogConfig: Setting CVar [[grass.DensityScale:1.0]]
[2024.09.07-14.48.30:093][  0]LogConfig: Applying CVar settings from Section [ShadingQuality@3] File [C:/Users/nanim/GitHub/NewNewInsectHeaven/InsectHeaven/Saved/Config/Windows/Scalability.ini]
[2024.09.07-14.48.30:093][  0]LogConfig: Setting CVar [[r.HairStrands.SkyLighting.IntegrationType:2]]
[2024.09.07-14.48.30:093][  0]LogConfig: Setting CVar [[r.HairStrands.SkyAO.SampleCount:4]]
[2024.09.07-14.48.30:093][  0]LogConfig: Setting CVar [[r.HairStrands.Visibility.MSAA.SamplePerPixel:4]]
[2024.09.07-14.48.30:094][  0]LogInit: Selected Device Profile: [Windows]
[2024.09.07-14.48.30:094][  0]LogInit: Applying CVar settings loaded from the selected device profile: [Windows]
[2024.09.07-14.48.30:094][  0]LogHAL: Display: Platform has ~ 32 GB [33457160192 / 34359738368 / 32], which maps to Largest [LargestMinGB=32, LargerMinGB=12, DefaultMinGB=8, SmallerMinGB=6, SmallestMinGB=0)
[2024.09.07-14.48.30:094][  0]LogInit: Going up to parent DeviceProfile []
[2024.09.07-14.48.30:094][  0]LogConfig: Applying CVar settings from Section [ViewDistanceQuality@3] File [C:/Users/nanim/GitHub/NewNewInsectHeaven/InsectHeaven/Saved/Config/Windows/Scalability.ini]
[2024.09.07-14.48.30:094][  0]LogConfig: Setting CVar [[r.SkeletalMeshLODBias:0]]
[2024.09.07-14.48.30:094][  0]LogConfig: Setting CVar [[r.ViewDistanceScale:1.0]]
[2024.09.07-14.48.30:094][  0]LogConfig: Applying CVar settings from Section [AntiAliasingQuality@3] File [C:/Users/nanim/GitHub/NewNewInsectHeaven/InsectHeaven/Saved/Config/Windows/Scalability.ini]
[2024.09.07-14.48.30:094][  0]LogConfig: Setting CVar [[r.PostProcessAAQuality:4]]
[2024.09.07-14.48.30:094][  0]LogConfig: Applying CVar settings from Section [ShadowQuality@3] File [C:/Users/nanim/GitHub/NewNewInsectHeaven/InsectHeaven/Saved/Config/Windows/Scalability.ini]
[2024.09.07-14.48.30:095][  0]LogConfig: Setting CVar [[r.LightFunctionQuality:1]]
[2024.09.07-14.48.30:095][  0]LogConfig: Setting CVar [[r.ShadowQuality:5]]
[2024.09.07-14.48.30:095][  0]LogConfig: Setting CVar [[r.Shadow.CSM.MaxCascades:10]]
[2024.09.07-14.48.30:095][  0]LogConfig: Setting CVar [[r.Shadow.MaxResolution:2048]]
[2024.09.07-14.48.30:095][  0]LogConfig: Setting CVar [[r.Shadow.MaxCSMResolution:2048]]
[2024.09.07-14.48.30:095][  0]LogConfig: Setting CVar [[r.Shadow.RadiusThreshold:0.01]]
[2024.09.07-14.48.30:095][  0]LogConfig: Setting CVar [[r.Shadow.DistanceScale:1.0]]
[2024.09.07-14.48.30:095][  0]LogConfig: Setting CVar [[r.Shadow.CSM.TransitionScale:1.0]]
[2024.09.07-14.48.30:095][  0]LogConfig: Setting CVar [[r.Shadow.PreShadowResolutionFactor:1.0]]
[2024.09.07-14.48.30:096][  0]LogConfig: Setting CVar [[r.DistanceFieldShadowing:1]]
[2024.09.07-14.48.30:096][  0]LogConfig: Setting CVar [[r.DistanceFieldAO:1]]
[2024.09.07-14.48.30:096][  0]LogConfig: Setting CVar [[r.AOQuality:2]]
[2024.09.07-14.48.30:096][  0]LogConfig: Setting CVar [[r.VolumetricFog:1]]
[2024.09.07-14.48.30:096][  0]LogConfig: Setting CVar [[r.VolumetricFog.GridPixelSize:8]]
[2024.09.07-14.48.30:096][  0]LogConfig: Setting CVar [[r.VolumetricFog.GridSizeZ:128]]
[2024.09.07-14.48.30:096][  0]LogConfig: Setting CVar [[r.VolumetricFog.HistoryMissSupersampleCount:4]]
[2024.09.07-14.48.30:096][  0]LogConfig: Setting CVar [[r.LightMaxDrawDistanceScale:1]]
[2024.09.07-14.48.30:096][  0]LogConfig: Setting CVar [[r.CapsuleShadows:1]]
[2024.09.07-14.48.30:097][  0]LogConfig: Applying CVar settings from Section [PostProcessQuality@3] File [C:/Users/nanim/GitHub/NewNewInsectHeaven/InsectHeaven/Saved/Config/Windows/Scalability.ini]
[2024.09.07-14.48.30:097][  0]LogConfig: Setting CVar [[r.MotionBlurQuality:4]]
[2024.09.07-14.48.30:097][  0]LogConfig: Setting CVar [[r.AmbientOcclusionMipLevelFactor:0.4]]
[2024.09.07-14.48.30:097][  0]LogConfig: Setting CVar [[r.AmbientOcclusionMaxQuality:100]]
[2024.09.07-14.48.30:097][  0]LogConfig: Setting CVar [[r.AmbientOcclusionLevels:-1]]
[2024.09.07-14.48.30:097][  0]LogConfig: Setting CVar [[r.AmbientOcclusionRadiusScale:1.0]]
[2024.09.07-14.48.30:097][  0]LogConfig: Setting CVar [[r.DepthOfFieldQuality:2]]
[2024.09.07-14.48.30:097][  0]LogConfig: Setting CVar [[r.RenderTargetPoolMin:400]]
[2024.09.07-14.48.30:097][  0]LogConfig: Setting CVar [[r.LensFlareQuality:2]]
[2024.09.07-14.48.30:097][  0]LogConfig: Setting CVar [[r.SceneColorFringeQuality:1]]
[2024.09.07-14.48.30:098][  0]LogConfig: Setting CVar [[r.EyeAdaptationQuality:2]]
[2024.09.07-14.48.30:098][  0]LogConfig: Setting CVar [[r.BloomQuality:5]]
[2024.09.07-14.48.30:098][  0]LogConfig: Setting CVar [[r.FastBlurThreshold:100]]
[2024.09.07-14.48.30:098][  0]LogConfig: Setting CVar [[r.Upscale.Quality:3]]
[2024.09.07-14.48.30:098][  0]LogConfig: Setting CVar [[r.Tonemapper.GrainQuantization:1]]
[2024.09.07-14.48.30:098][  0]LogConfig: Setting CVar [[r.LightShaftQuality:1]]
[2024.09.07-14.48.30:098][  0]LogConfig: Setting CVar [[r.Filter.SizeScale:1]]
[2024.09.07-14.48.30:098][  0]LogConfig: Setting CVar [[r.Tonemapper.Quality:5]]
[2024.09.07-14.48.30:098][  0]LogConfig: Setting CVar [[r.DOF.Gather.AccumulatorQuality:1        ; higher gathering accumulator quality]]
[2024.09.07-14.48.30:098][  0]LogConfig: Setting CVar [[r.DOF.Gather.PostfilterMethod:1          ; Median3x3 postfilering method]]
[2024.09.07-14.48.30:099][  0]LogConfig: Setting CVar [[r.DOF.Gather.EnableBokehSettings:0       ; no bokeh simulation when gathering]]
[2024.09.07-14.48.30:099][  0]LogConfig: Setting CVar [[r.DOF.Gather.RingCount:4                 ; medium number of samples when gathering]]
[2024.09.07-14.48.30:099][  0]LogConfig: Setting CVar [[r.DOF.Scatter.ForegroundCompositing:1    ; additive foreground scattering]]
[2024.09.07-14.48.30:099][  0]LogConfig: Setting CVar [[r.DOF.Scatter.BackgroundCompositing:2    ; additive background scattering]]
[2024.09.07-14.48.30:099][  0]LogConfig: Setting CVar [[r.DOF.Scatter.EnableBokehSettings:1      ; bokeh simulation when scattering]]
[2024.09.07-14.48.30:099][  0]LogConfig: Setting CVar [[r.DOF.Scatter.MaxSpriteRatio:0.1         ; only a maximum of 10% of scattered bokeh]]
[2024.09.07-14.48.30:099][  0]LogConfig: Setting CVar [[r.DOF.Recombine.Quality:1                ; cheap slight out of focus]]
[2024.09.07-14.48.30:099][  0]LogConfig: Setting CVar [[r.DOF.Recombine.EnableBokehSettings:0    ; no bokeh simulation on slight out of focus]]
[2024.09.07-14.48.30:099][  0]LogConfig: Setting CVar [[r.DOF.TemporalAAQuality:1                ; more stable temporal accumulation]]
[2024.09.07-14.48.30:100][  0]LogConfig: Setting CVar [[r.DOF.Kernel.MaxForegroundRadius:0.025]]
[2024.09.07-14.48.30:100][  0]LogConfig: Setting CVar [[r.DOF.Kernel.MaxBackgroundRadius:0.025]]
[2024.09.07-14.48.30:100][  0]LogConfig: Applying CVar settings from Section [TextureQuality@3] File [C:/Users/nanim/GitHub/NewNewInsectHeaven/InsectHeaven/Saved/Config/Windows/Scalability.ini]
[2024.09.07-14.48.30:100][  0]LogConfig: Setting CVar [[r.Streaming.MipBias:0]]
[2024.09.07-14.48.30:100][  0]LogConfig: Setting CVar [[r.Streaming.AmortizeCPUToGPUCopy:0]]
[2024.09.07-14.48.30:100][  0]LogConfig: Setting CVar [[r.Streaming.MaxNumTexturesToStreamPerFrame:0]]
[2024.09.07-14.48.30:100][  0]LogConfig: Setting CVar [[r.Streaming.Boost:1]]
[2024.09.07-14.48.30:100][  0]LogConfig: Setting CVar [[r.MaxAnisotropy:8]]
[2024.09.07-14.48.30:100][  0]LogConfig: Setting CVar [[r.VT.MaxAnisotropy:8]]
[2024.09.07-14.48.30:100][  0]LogConfig: Setting CVar [[r.Streaming.LimitPoolSizeToVRAM:0]]
[2024.09.07-14.48.30:100][  0]LogConfig: Setting CVar [[r.Streaming.PoolSize:1000]]
[2024.09.07-14.48.30:100][  0]LogConfig: Setting CVar [[r.Streaming.MaxEffectiveScreenSize:0]]
[2024.09.07-14.48.30:101][  0]LogConfig: Applying CVar settings from Section [EffectsQuality@3] File [C:/Users/nanim/GitHub/NewNewInsectHeaven/InsectHeaven/Saved/Config/Windows/Scalability.ini]
[2024.09.07-14.48.30:101][  0]LogConfig: Setting CVar [[r.TranslucencyLightingVolumeDim:64]]
[2024.09.07-14.48.30:101][  0]LogConfig: Setting CVar [[r.RefractionQuality:2]]
[2024.09.07-14.48.30:101][  0]LogConfig: Setting CVar [[r.SSR.Quality:3]]
[2024.09.07-14.48.30:101][  0]LogConfig: Setting CVar [[r.SSR.HalfResSceneColor:0]]
[2024.09.07-14.48.30:101][  0]LogConfig: Setting CVar [[r.SceneColorFormat:4]]
[2024.09.07-14.48.30:101][  0]LogConfig: Setting CVar [[r.DetailMode:2]]
[2024.09.07-14.48.30:101][  0]LogConfig: Setting CVar [[r.TranslucencyVolumeBlur:1]]
[2024.09.07-14.48.30:101][  0]LogConfig: Setting CVar [[r.MaterialQualityLevel:1 ; High quality]]
[2024.09.07-14.48.30:101][  0]LogConfig: Setting CVar [[r.AnisotropicMaterials:1]]
[2024.09.07-14.48.30:101][  0]LogConfig: Setting CVar [[r.SSS.Scale:1]]
[2024.09.07-14.48.30:101][  0]LogConfig: Setting CVar [[r.SSS.SampleSet:2]]
[2024.09.07-14.48.30:102][  0]LogConfig: Setting CVar [[r.SSS.Quality:1]]
[2024.09.07-14.48.30:102][  0]LogConfig: Setting CVar [[r.SSS.HalfRes:0]]
[2024.09.07-14.48.30:102][  0]LogConfig: Setting CVar [[r.SSGI.Quality:3]]
[2024.09.07-14.48.30:102][  0]LogConfig: Setting CVar [[r.EmitterSpawnRateScale:1.0]]
[2024.09.07-14.48.30:102][  0]LogConfig: Setting CVar [[r.ParticleLightQuality:2]]
[2024.09.07-14.48.30:102][  0]LogConfig: Setting CVar [[r.SkyAtmosphere.AerialPerspectiveLUT.FastApplyOnOpaque:1 ; Always have FastSkyLUT 1 in this case to avoid wrong sky]]
[2024.09.07-14.48.30:102][  0]LogConfig: Setting CVar [[r.SkyAtmosphere.AerialPerspectiveLUT.SampleCountMaxPerSlice:4]]
[2024.09.07-14.48.30:102][  0]LogConfig: Setting CVar [[r.SkyAtmosphere.AerialPerspectiveLUT.DepthResolution:16.0]]
[2024.09.07-14.48.30:102][  0]LogConfig: Setting CVar [[r.SkyAtmosphere.FastSkyLUT:1]]
[2024.09.07-14.48.30:102][  0]LogConfig: Setting CVar [[r.SkyAtmosphere.FastSkyLUT.SampleCountMin:4.0]]
[2024.09.07-14.48.30:102][  0]LogConfig: Setting CVar [[r.SkyAtmosphere.FastSkyLUT.SampleCountMax:128.0]]
[2024.09.07-14.48.30:102][  0]LogConfig: Setting CVar [[r.SkyAtmosphere.SampleCountMin:4.0]]
[2024.09.07-14.48.30:103][  0]LogConfig: Setting CVar [[r.SkyAtmosphere.SampleCountMax:128.0]]
[2024.09.07-14.48.30:103][  0]LogConfig: Setting CVar [[r.SkyAtmosphere.TransmittanceLUT.UseSmallFormat:0]]
[2024.09.07-14.48.30:103][  0]LogConfig: Setting CVar [[r.SkyAtmosphere.TransmittanceLUT.SampleCount:10.0]]
[2024.09.07-14.48.30:103][  0]LogConfig: Setting CVar [[r.SkyAtmosphere.MultiScatteringLUT.SampleCount:15.0]]
[2024.09.07-14.48.30:103][  0]LogConfig: Setting CVar [[r.SkyLight.RealTimeReflectionCapture:1]]
[2024.09.07-14.48.30:103][  0]LogConfig: Applying CVar settings from Section [FoliageQuality@3] File [C:/Users/nanim/GitHub/NewNewInsectHeaven/InsectHeaven/Saved/Config/Windows/Scalability.ini]
[2024.09.07-14.48.30:103][  0]LogConfig: Setting CVar [[foliage.DensityScale:1.0]]
[2024.09.07-14.48.30:103][  0]LogConfig: Setting CVar [[grass.DensityScale:1.0]]
[2024.09.07-14.48.30:103][  0]LogConfig: Applying CVar settings from Section [ShadingQuality@3] File [C:/Users/nanim/GitHub/NewNewInsectHeaven/InsectHeaven/Saved/Config/Windows/Scalability.ini]
[2024.09.07-14.48.30:103][  0]LogConfig: Setting CVar [[r.HairStrands.SkyLighting.IntegrationType:2]]
[2024.09.07-14.48.30:104][  0]LogConfig: Setting CVar [[r.HairStrands.SkyAO.SampleCount:4]]
[2024.09.07-14.48.30:104][  0]LogConfig: Setting CVar [[r.HairStrands.Visibility.MSAA.SamplePerPixel:4]]
[2024.09.07-14.48.30:104][  0]LogConfig: Applying CVar settings from Section [Startup] File [../../../Engine/Config/ConsoleVariables.ini]
[2024.09.07-14.48.30:104][  0]LogConfig: Setting CVar [[net.UseAdaptiveNetUpdateFrequency:0]]
[2024.09.07-14.48.30:104][  0]LogConfig: Setting CVar [[p.chaos.AllowCreatePhysxBodies:1]]
[2024.09.07-14.48.30:104][  0]LogConfig: Setting CVar [[fx.SkipVectorVMBackendOptimizations:1]]
[2024.09.07-14.48.30:104][  0]LogConfig: Applying CVar settings from Section [ConsoleVariables] File [C:/Users/nanim/GitHub/NewNewInsectHeaven/InsectHeaven/Saved/Config/Windows/Engine.ini]
[2024.09.07-14.48.30:105][  0]LogConfig: Applying CVar settings from Section [ConsoleVariables] File [C:/Users/nanim/GitHub/NewNewInsectHeaven/InsectHeaven/Saved/Config/Windows/Editor.ini]
[2024.09.07-14.48.30:105][  0]LogInit: Computer: DESKTOP-NS5ONMH
[2024.09.07-14.48.30:105][  0]LogInit: User: nanim
[2024.09.07-14.48.30:105][  0]LogInit: CPU Page size=4096, Cores=12
[2024.09.07-14.48.30:105][  0]LogInit: High frequency timer resolution =10.000000 MHz
[2024.09.07-14.48.30:105][  0]LogMemory: Memory total: Physical=31.2GB (32GB approx)
[2024.09.07-14.48.30:105][  0]LogMemory: Platform Memory Stats for Windows
[2024.09.07-14.48.30:105][  0]LogMemory: Process Physical Memory: 152.37 MB used, 152.37 MB peak
[2024.09.07-14.48.30:105][  0]LogMemory: Process Virtual Memory: 129.83 MB used, 129.83 MB peak
[2024.09.07-14.48.30:106][  0]LogMemory: Physical Memory: 16412.51 MB used,  15494.73 MB free, 31907.23 MB total
[2024.09.07-14.48.30:106][  0]LogMemory: Virtual Memory: 134178080.00 MB used,  39644.34 MB free, 134217728.00 MB total
[2024.09.07-14.48.30:118][  0]LogWindows: WindowsPlatformFeatures enabled
[2024.09.07-14.48.30:221][  0]LogInit: Physics initialised using underlying interface: PhysX
[2024.09.07-14.48.30:222][  0]LogInit: Using OS detected language (ko-KR).
[2024.09.07-14.48.30:222][  0]LogInit: Using OS detected locale (ko-KR).
[2024.09.07-14.48.30:226][  0]LogTextLocalizationManager: No specific localization for 'ko-KR' exists, so the 'ko' localization will be used.
[2024.09.07-14.48.30:299][  0]LogInit: Setting process to per monitor DPI aware
[2024.09.07-14.48.30:424][  0]LogWindowsTextInputMethodSystem: Display: IME system deactivated.
[2024.09.07-14.48.30:452][  0]LogSlate: New Slate User Created.  User Index 0, Is Virtual User: 0
[2024.09.07-14.48.30:452][  0]LogSlate: Slate User Registered.  User Index 0, Is Virtual User: 0
[2024.09.07-14.48.30:587][  0]LogD3D11RHI: Loaded GFSDK_Aftermath_Lib.x64.dll
[2024.09.07-14.48.30:594][  0]LogHMD: Failed to initialize OpenVR with code 110
[2024.09.07-14.48.30:594][  0]LogD3D11RHI: D3D11 min allowed feature level: 11_0
[2024.09.07-14.48.30:594][  0]LogD3D11RHI: D3D11 max allowed feature level: 11_0
[2024.09.07-14.48.30:595][  0]LogD3D11RHI: D3D11 adapters:
[2024.09.07-14.48.30:699][  0]LogD3D11RHI:    0. 'AMD Radeon RX 7900 XTX' (Feature Level 11_0)
[2024.09.07-14.48.30:699][  0]LogD3D11RHI:       24515/0/15953 MB DedicatedVideo/DedicatedSystem/SharedSystem, Outputs:2, VendorId:0x1002
[2024.09.07-14.48.30:763][  0]LogD3D11RHI:    1. 'AMD Radeon(TM) Graphics' (Feature Level 11_0)
[2024.09.07-14.48.30:763][  0]LogD3D11RHI:       485/0/15953 MB DedicatedVideo/DedicatedSystem/SharedSystem, Outputs:0, VendorId:0x1002
[2024.09.07-14.48.30:768][  0]LogD3D11RHI:    2. 'Microsoft Basic Render Driver' (Feature Level 11_0)
[2024.09.07-14.48.30:768][  0]LogD3D11RHI:       0/0/15953 MB DedicatedVideo/DedicatedSystem/SharedSystem, Outputs:0, VendorId:0x1414
[2024.09.07-14.48.30:768][  0]LogD3D11RHI: Chosen D3D11 Adapter:
[2024.09.07-14.48.30:769][  0]LogD3D11RHI:     Description : AMD Radeon RX 7900 XTX
[2024.09.07-14.48.30:769][  0]LogD3D11RHI:     VendorId    : 1002
[2024.09.07-14.48.30:769][  0]LogD3D11RHI:     DeviceId    : 744c
[2024.09.07-14.48.30:769][  0]LogD3D11RHI:     SubSysId    : e3b1002
[2024.09.07-14.48.30:769][  0]LogD3D11RHI:     Revision    : 00c8
[2024.09.07-14.48.30:769][  0]LogD3D11RHI:     DedicatedVideoMemory : 25706012672 bytes
[2024.09.07-14.48.30:769][  0]LogD3D11RHI:     DedicatedSystemMemory : 0 bytes
[2024.09.07-14.48.30:769][  0]LogD3D11RHI:     SharedSystemMemory : 16728580096 bytes
[2024.09.07-14.48.30:769][  0]LogD3D11RHI:     AdapterLuid : 0 67208
[2024.09.07-14.48.30:774][  0]LogD3D11RHI: Creating new Direct3DDevice
[2024.09.07-14.48.30:774][  0]LogD3D11RHI:     GPU DeviceId: 0x744c (for the marketing name, search the web for "GPU Device Id")
[2024.09.07-14.48.30:774][  0]LogWindows: EnumDisplayDevices:
[2024.09.07-14.48.30:775][  0]LogWindows:    0. 'AMD Radeon RX 7900 XTX' (P:1 D:1)
[2024.09.07-14.48.30:776][  0]LogWindows:    1. 'AMD Radeon RX 7900 XTX' (P:0 D:1)
[2024.09.07-14.48.30:776][  0]LogWindows:    2. 'AMD Radeon RX 7900 XTX' (P:0 D:0)
[2024.09.07-14.48.30:777][  0]LogWindows:    3. 'AMD Radeon RX 7900 XTX' (P:0 D:0)
[2024.09.07-14.48.30:778][  0]LogWindows:    4. 'AMD Radeon RX 7900 XTX' (P:0 D:0)
[2024.09.07-14.48.30:779][  0]LogWindows:    5. 'AMD Radeon(TM) Graphics' (P:0 D:0)
[2024.09.07-14.48.30:780][  0]LogWindows:    6. 'AMD Radeon(TM) Graphics' (P:0 D:0)
[2024.09.07-14.48.30:780][  0]LogWindows:    7. 'AMD Radeon(TM) Graphics' (P:0 D:0)
[2024.09.07-14.48.30:781][  0]LogWindows:    8. 'AMD Radeon(TM) Graphics' (P:0 D:0)
[2024.09.07-14.48.30:782][  0]LogWindows:    9. 'AMD Radeon(TM) Graphics' (P:0 D:0)
[2024.09.07-14.48.30:783][  0]LogWindows: DebugString: PrimaryIsNotTheChoosenAdapter PrimaryIsNotTheChoosenAdapter PrimaryIsNotTheChoosenAdapter PrimaryIsNotTheChoosenAdapter PrimaryIsNotTheChoosenAdapter FoundDriverCount:5 
[2024.09.07-14.48.30:783][  0]LogD3D11RHI:     Adapter Name: AMD Radeon RX 7900 XTX
[2024.09.07-14.48.30:783][  0]LogD3D11RHI:   Driver Version: AMD Software: Adrenalin Edition 23.8.1 (internal:31.0.21029.1006, unified:31.0.21029.1006)
[2024.09.07-14.48.30:783][  0]LogD3D11RHI:      Driver Date: 8-14-2023
[2024.09.07-14.48.30:783][  0]LogRHI: Texture pool is 16623 MB (70% of 23747 MB)
[2024.09.07-14.48.30:824][  0]LogD3D11RHI: Creating D3DDevice with AMD AGS, using adapter:
[2024.09.07-14.48.30:824][  0]LogD3D11RHI:     Description : AMD Radeon RX 7900 XTX
[2024.09.07-14.48.30:825][  0]LogD3D11RHI:     VendorId    : 1002
[2024.09.07-14.48.30:825][  0]LogD3D11RHI:     DeviceId    : 744c
[2024.09.07-14.48.30:825][  0]LogD3D11RHI:     SubSysId    : e3b1002
[2024.09.07-14.48.30:825][  0]LogD3D11RHI:     Revision    : 00c8
[2024.09.07-14.48.30:825][  0]LogD3D11RHI:     DedicatedVideoMemory : 25706012672 bytes
[2024.09.07-14.48.30:825][  0]LogD3D11RHI:     DedicatedSystemMemory : 0 bytes
[2024.09.07-14.48.30:825][  0]LogD3D11RHI:     SharedSystemMemory : 16728580096 bytes
[2024.09.07-14.48.30:825][  0]LogD3D11RHI:     AdapterLuid : 0 67208
[2024.09.07-14.48.30:889][  0]LogD3D11RHI: Created device via AGS, feature level 11_0, supported extensions 1fffffbf.
[2024.09.07-14.48.30:889][  0]LogD3D11RHI: RHI has support for 64 bit atomics
[2024.09.07-14.48.30:889][  0]LogD3D11RHI: Async texture creation enabled
[2024.09.07-14.48.30:889][  0]LogD3D11RHI: Array index from any shader is supported
[2024.09.07-14.48.30:901][  0]LogD3D11RHI: GPU Timing Frequency: 100.000000 (Debug: 2 1)
[2024.09.07-14.48.31:155][  0]LogTargetPlatformManager: Display: Loaded TargetPlatform 'AllDesktop'
[2024.09.07-14.48.31:174][  0]LogTargetPlatformManager: Display: Loaded TargetPlatform 'Android'
[2024.09.07-14.48.31:174][  0]LogTargetPlatformManager: Display: Loaded TargetPlatform 'Android_ASTC'
[2024.09.07-14.48.31:175][  0]LogTargetPlatformManager: Display: Loaded TargetPlatform 'Android_DXT'
[2024.09.07-14.48.31:175][  0]LogTargetPlatformManager: Display: Loaded TargetPlatform 'Android_ETC2'
[2024.09.07-14.48.31:175][  0]LogTargetPlatformManager: Display: Loaded TargetPlatform 'AndroidClient'
[2024.09.07-14.48.31:175][  0]LogTargetPlatformManager: Display: Loaded TargetPlatform 'Android_ASTCClient'
[2024.09.07-14.48.31:175][  0]LogTargetPlatformManager: Display: Loaded TargetPlatform 'Android_DXTClient'
[2024.09.07-14.48.31:175][  0]LogTargetPlatformManager: Display: Loaded TargetPlatform 'Android_ETC2Client'
[2024.09.07-14.48.31:175][  0]LogTargetPlatformManager: Display: Loaded TargetPlatform 'Android_Multi'
[2024.09.07-14.48.31:175][  0]LogTargetPlatformManager: Display: Loaded TargetPlatform 'Android_MultiClient'
[2024.09.07-14.48.31:201][  0]LogTargetPlatformManager: Display: Loaded TargetPlatform 'IOSClient'
[2024.09.07-14.48.31:201][  0]LogTargetPlatformManager: Display: Loaded TargetPlatform 'IOS'
[2024.09.07-14.48.31:213][  0]LogTargetPlatformManager: Display: Loaded TargetPlatform 'Linux'
[2024.09.07-14.48.31:221][  0]LogTargetPlatformManager: Display: Loaded TargetPlatform 'LinuxNoEditor'
[2024.09.07-14.48.31:229][  0]LogTargetPlatformManager: Display: Loaded TargetPlatform 'LinuxClient'
[2024.09.07-14.48.31:237][  0]LogTargetPlatformManager: Display: Loaded TargetPlatform 'LinuxServer'
[2024.09.07-14.48.31:249][  0]LogTargetPlatformManager: Display: Loaded TargetPlatform 'LinuxAArch64NoEditor'
[2024.09.07-14.48.31:257][  0]LogTargetPlatformManager: Display: Loaded TargetPlatform 'LinuxAArch64Client'
[2024.09.07-14.48.31:265][  0]LogTargetPlatformManager: Display: Loaded TargetPlatform 'LinuxAArch64Server'
[2024.09.07-14.48.31:286][  0]LogTargetPlatformManager: Display: Loaded TargetPlatform 'Lumin'
[2024.09.07-14.48.31:286][  0]LogTargetPlatformManager: Display: Loaded TargetPlatform 'LuminClient'
[2024.09.07-14.48.31:296][  0]LogTargetPlatformManager: Display: Loaded TargetPlatform 'MacNoEditor'
[2024.09.07-14.48.31:304][  0]LogTargetPlatformManager: Display: Loaded TargetPlatform 'Mac'
[2024.09.07-14.48.31:311][  0]LogTargetPlatformManager: Display: Loaded TargetPlatform 'MacClient'
[2024.09.07-14.48.31:319][  0]LogTargetPlatformManager: Display: Loaded TargetPlatform 'MacServer'
[2024.09.07-14.48.31:330][  0]LogTargetPlatformManager: Display: Loaded TargetPlatform 'TVOSClient'
[2024.09.07-14.48.31:330][  0]LogTargetPlatformManager: Display: Loaded TargetPlatform 'TVOS'
[2024.09.07-14.48.31:342][  0]LogTargetPlatformManager: Display: Loaded TargetPlatform 'WindowsNoEditor'
[2024.09.07-14.48.31:350][  0]LogTargetPlatformManager: Display: Loaded TargetPlatform 'Windows'
[2024.09.07-14.48.31:358][  0]LogTargetPlatformManager: Display: Loaded TargetPlatform 'WindowsClient'
[2024.09.07-14.48.31:366][  0]LogTargetPlatformManager: Display: Loaded TargetPlatform 'WindowsServer'
[2024.09.07-14.48.31:366][  0]LogTargetPlatformManager: Display: Building Assets For Windows
[2024.09.07-14.48.31:394][  0]LogAudioDebug: Display: Lib vorbis DLL was dynamically loaded.
[2024.09.07-14.48.31:487][  0]LogTextureFormatOodle: Display: Oodle Texture 2.9.0 init RDO Off
[2024.09.07-14.48.31:564][  0]LogRendererCore: Ray tracing is disabled. Reason: r.RayTracing=0.
[2024.09.07-14.48.31:564][  0]LogShaderCompilers: Guid format shader working directory is -20 characters bigger than the processId version (../../../../../Users/nanim/GitHub/NewNewInsectHeaven/InsectHeaven/Intermediate/Shaders/WorkingDirectory/15592/).
[2024.09.07-14.48.31:564][  0]LogShaderCompilers: Cleaned the shader compiler working directory 'C:/Users/nanim/AppData/Local/Temp/UnrealShaderWorkingDir/5E2BD794487C5A9B7EDD6A8CAE5270BF/'.
[2024.09.07-14.48.31:565][  0]LogXGEController: Cannot use XGE Controller as Incredibuild is not installed on this machine.
[2024.09.07-14.48.31:565][  0]LogShaderCompilers: Cannot use XGE Shader Compiler as Incredibuild is not installed on this machine.
[2024.09.07-14.48.31:565][  0]LogShaderCompilers: Display: Using Local Shader Compiler.
[2024.09.07-14.48.32:015][  0]LogDerivedDataCache: Display: Max Cache Size: 512 MB
[2024.09.07-14.48.32:048][  0]LogDerivedDataCache: Loaded boot cache 0.03s 94MB C:/Users/nanim/AppData/Local/UnrealEngine/4.27/DerivedDataCache/Boot.ddc.
[2024.09.07-14.48.32:048][  0]LogDerivedDataCache: Display: Loaded Boot cache: C:/Users/nanim/AppData/Local/UnrealEngine/4.27/DerivedDataCache/Boot.ddc
[2024.09.07-14.48.32:048][  0]LogDerivedDataCache: FDerivedDataBackendGraph:  Pak pak cache file ../../../../../Users/nanim/GitHub/NewNewInsectHeaven/InsectHeaven/DerivedDataCache/DDC.ddp not found, will not use a pak cache.
[2024.09.07-14.48.32:048][  0]LogDerivedDataCache: Unable to find inner node Pak for hierarchical cache Hierarchy.
[2024.09.07-14.48.32:048][  0]LogDerivedDataCache: FDerivedDataBackendGraph:  CompressedPak pak cache file ../../../../../Users/nanim/GitHub/NewNewInsectHeaven/InsectHeaven/DerivedDataCache/Compressed.ddp not found, will not use a pak cache.
[2024.09.07-14.48.32:049][  0]LogDerivedDataCache: Unable to find inner node CompressedPak for hierarchical cache Hierarchy.
[2024.09.07-14.48.32:061][  0]LogDerivedDataCache: Display: Pak cache opened for reading ../../../Engine/DerivedDataCache/Compressed.ddp.
[2024.09.07-14.48.32:061][  0]LogDerivedDataCache: FDerivedDataBackendGraph:  EnterprisePak pak cache file ../../../Enterprise/DerivedDataCache/Compressed.ddp not found, will not use a pak cache.
[2024.09.07-14.48.32:061][  0]LogDerivedDataCache: Unable to find inner node EnterprisePak for hierarchical cache Hierarchy.
[2024.09.07-14.48.32:069][  0]LogDerivedDataCache: Speed tests for C:/Users/nanim/AppData/Local/UnrealEngine/Common/DerivedDataCache took 0.01 seconds
[2024.09.07-14.48.32:070][  0]LogDerivedDataCache: Display: Performance to C:/Users/nanim/AppData/Local/UnrealEngine/Common/DerivedDataCache: Latency=0.04ms. RandomReadSpeed=765.36MBs, RandomWriteSpeed=144.85MBs. Assigned SpeedClass 'Local'
[2024.09.07-14.48.32:071][  0]LogDerivedDataCache: Using Local data cache path C:/Users/nanim/AppData/Local/UnrealEngine/Common/DerivedDataCache: Writable
[2024.09.07-14.48.32:071][  0]LogDerivedDataCache: Shared data cache path not found in *engine.ini, will not use an Shared cache.
[2024.09.07-14.48.32:071][  0]LogDerivedDataCache: Unable to find inner node Shared for hierarchical cache Hierarchy.
[2024.09.07-14.48.32:096][  0]LogSlate: Using FreeType 2.10.0
[2024.09.07-14.48.32:097][  0]LogSlate: SlateFontServices - WITH_FREETYPE: 1, WITH_HARFBUZZ: 1
[2024.09.07-14.48.32:117][  0]LogAssetRegistry: FAssetRegistry took 0.0021 seconds to start up
[2024.09.07-14.48.32:255][  0]LogInit: Selected Device Profile: [Windows]
[2024.09.07-14.48.32:255][  0]LogInit: Active device profile: [000001726C144700][000001726C83D0C0 49] Windows
[2024.09.07-14.48.32:255][  0]LogInit: Profiles: [000001726C144700][000001726C83D0C0 49] Windows, [000001726C11B700][000001726C845240 49] WindowsNoEditor, [000001726C147300][000001726C8493C0 49] WindowsServer, [000001726C118F00][000001726C84D540 49] WindowsClient, [000001726C147500][000001726C8516C0 49] IOS, [000001726C107F00][000001726C855840 49] iPadAir, [000001726C11BB00][000001726C8599C0 49] iPadAir2, [000001726C0C8500][000001726C860100 49] IPadPro, [000001726C0C8600][000001726C85C140 49] iPadAir3, [000001726C104100][000001726C8642C0 49] iPadAir4, [000001726C0CAC00][000001726C868440 49] iPadMini2, [000001726C106500][000001726C86C5C0 49] iPadMini3, [000001726C0CB400][000001726C870740 49] iPadMini4, [000001726C104F00][000001726C840880 49] iPadMini5, [000001726C0B7E00][000001726C878AC0 49] iPhone6, [000001726C0B7F00][000001726C874B00 49] iPodTouch6, [000001726C147900][000001726C884DC0 49] iPhone7, [000001726C146100][000001726C880E00 49] iPodTouch7, [000001726C0B4400][000001726C888F80 49] iPhone5S, [000001726C0CBD00][000001726C88D100 49] iPhone6Plus, [000001726C147400][000001726C891280 49] iPhone6S, [000001726C0CA000][000001726C895400 49] iPhone6SPlus, [000001726C144900][000001726C899580 49] iPhone7Plus, [000001726C0C8E00][000001726C89D700 49] iPhoneSE, [000001726C147100][000001726C8A1880 49] iPhone8, [000001726C0CA400][000001726C8A5A00 49] iPhone8Plus, [000001726C147A00][000001726C8A9B80 49] iPhoneX, [000001726C0CBE00][000001726C8AC180 49] iPhoneXS, [000001726C145500][000001726C8B0300 49] iPhoneXSMax, [000001726C0CA500][000001726C8B4480 49] iPhoneXR, [000001726C146A00][000001726C8B8600 49] iPhone11, [000001726C0CBA00][000001726C8BC780 49] iPhone11Pro, [000001726C144F00][000001726C8C0900 49] iPhone11ProMax, [000001726C0CA300][000001726C87CA40 49] iPhoneSE2, [000001726C145700][000001726C8C4B80 49] iPhone12Mini, [000001726C0C8700][000001726C8C8CC0 49] iPhone12, [000001726C144300][000001726C8D0E40 49] iPhone12Pro, [000001726C0CB500][000001726C8D4FC0 49] iPhone12ProMax, [000001726C144B00][000001726C8D9140 49] iPadPro105, [000001726C0C9B00][000001726C8DD2C0 49] iPadPro129, [000001726C144200][000001726C8E1440 49] iPadPro97, [000001726C0CA100][000001726C8E55C0 49] iPadPro2_129, [000001726C144D00][000001726C8E9740 49] iPad5, [000001726C0CB000][000001726C8ED8C0 49] iPad6, [000001726C146C00][000001726C8F1A40 49] iPad7, [000001726C0CAE00][000001726C8F5BC0 49] iPad8, [000001726C145900][000001726C8F81C0 49] iPadPro11, [000001726C0CBF00][000001726C8FC340 49] iPadPro2_11, [000001726C145600][000001726C9004C0 49] iPadPro3_129, [000001726C0CA700][000001726C904640 49] iPadPro4_129, [000001726C146600][000001726C9087C0 49] AppleTV, [000001726C0CAB00][000001726C90C940 49] AppleTV4K, [000001726C145B00][000001726C910AC0 49] TVOS, [000001726C0C8900][000001726C8CCC00 49] Mac, [000001726C146700][000001726C914D40 49] MacClient, [000001726C0CAF00][000001726C918E80 49] MacNoEditor, [000001726C147B00][000001726C966FC0 49] MacServer, [000001726C0C8400][000001726C981140 49] Linux, [000001726C146E00][000001726D60B2C0 49] LinuxAArch64, [000001726C0C9500][000001726D67F440 49] LinuxNoEditor, [000001726C146B00][000001726D6875C0 49] LinuxAArch64NoEditor, [000001726C0CB600][0000017261CE7740 49] LinuxClient, [000001726C146D00][0000017261D178C0 49] LinuxAArch64Client, [000001726C0C8B00][0000017261D4FA40 49] LinuxServer, [000001726C144400][0000017261D53BC0 49] LinuxAArch64Server, [000001726C0CBC00][0000017261D561C0 49] Android, [000001726C107A00][0000017261C4C340 49] Android_Low, [000001726C0B5B00][0000017261C504C0 49] Android_Mid, [000001726C107000][000001726D5B4640 49] Android_High, [000001726C0B6300][000001726D5B87C0 49] Android_Default, [000001726C106000][000001726D5BC940 49] Android_Adreno4xx, [000001726C0B4100][000001726D5E6AC0 49] Android_Adreno5xx_Low, [000001726C104B00][000001726D5EEC40 49] Android_Adreno5xx, [000001726C0B5800][000001726C96AD80 49] Android_Adreno6xx, [000001726C105100][000001726D606EC0 49] Android_Adreno6xx_Vulkan, [000001726C0B4800][000001726D66D000 49] Android_Mali_T6xx, [000001726C107600][000001726D671140 49] Android_Mali_T7xx, [000001726C0B4D00][000001726D6792C0 49] Android_Mali_T8xx, [000001726C107C00][0000017261C61440 49] Android_Mali_G71, [000001726C0B5500][0000017261CD35C0 49] Android_Mali_G72, [000001726C107E00][0000017261CD7740 49] Android_Mali_G72_Vulkan, [000001726C0B7D00][0000017261CDB8C0 49] Android_Mali_G76, [000001726C107900][000001726CA4BA40 49] Android_Mali_G76_Vulkan, [000001726C0B7600][000001726CA4FBC0 49] Android_Mali_G77, [000001726C106200][0000017261CDE1C0 49] Android_Mali_G77_Vulkan, [000001726C0B7800][0000017261CE2340 49] Android_Mali_G78, [000001726C104A00][000001726CD7A4C0 49] Android_Mali_G78_Vulkan, [000001726C0B7400][0000017265FB8640 49] Android_Mali_G710, [000001726C105400][0000017265FBC7C0 49] Android_Mali_G710_Vulkan, [000001726C0B4600][0000017265FC0940 49] Android_Vulkan_SM5, [000001726C106400][0000017265FC8AC0 49] Android_PowerVR_G6xxx, [000001726C0B4E00][0000017265FCCC40 49] Android_PowerVR_GT7xxx, [000001726C104200][0000017265FD0DC0 49] Android_PowerVR_GE8xxx, [000001726C0B4700][0000017265FD4F40 49] Android_PowerVR_GM9xxx, [000001726C106100][000001726D675080 49] Android_PowerVR_GM9xxx_Vulkan, [000001726C0CA600][0000017265FD91C0 49] Android_TegraK1, [000001726C106A00][0000017265FDD300 49] Android_Unknown_Vulkan, [000001726C0C9400][0000017265FE5480 49] Lumin, [000001726C105300][0000017265FE9600 49] Lumin_Desktop, [000001726C0C8C00][000001726D8CD780 49] HoloLens, 
[2024.09.07-14.48.32:393][  0]LogMeshReduction: Using QuadricMeshReduction for automatic static mesh reduction
[2024.09.07-14.48.32:393][  0]LogMeshReduction: Using SimplygonMeshReduction for automatic skeletal mesh reduction
[2024.09.07-14.48.32:393][  0]LogMeshReduction: Using ProxyLODMeshReduction for automatic mesh merging
[2024.09.07-14.48.32:393][  0]LogMeshReduction: No distributed automatic mesh merging module available
[2024.09.07-14.48.32:394][  0]LogMeshMerging: No distributed automatic mesh merging module available
[2024.09.07-14.48.32:411][  0]LogNetVersion: InsectHeaven 1.0.0, NetCL: 17155196, EngineNetVer: 17, GameNetVer: 0 (Checksum: 3375795940)
[2024.09.07-14.48.32:647][  0]LogTexture: Default maximum texture size for cubemaps generated from long-lat sources has been changed from 512 to unlimited. In order to preserve old behaiour for '/Engine/MapTemplates/Sky/DaylightAmbientCubemap.DaylightAmbientCubemap', its maximum texture size has been explicitly set to 512.
[2024.09.07-14.48.32:677][  0]LogHMD: PokeAHoleMaterial loaded successfully
[2024.09.07-14.48.32:682][  0]LogUObjectArray: 17178 objects as part of root set at end of initial load.
[2024.09.07-14.48.32:682][  0]LogUObjectAllocator: 4302048 out of 0 bytes used by permanent object pool.
[2024.09.07-14.48.32:682][  0]LogUObjectArray: CloseDisregardForGC: 0/0 objects in disregard for GC pool
[2024.09.07-14.48.33:114][  0]LogNiagaraDebuggerClient: Niagara Debugger Client Initialized | Session: 2FD5165B4CECAD45071923BF23BCEA87 | Instance: 2DE401ED4F09DFE887E4EE994EFA1C30 (DESKTOP-NS5ONMH-15592).
[2024.09.07-14.48.33:212][  0]LogPython: Using Python 3.7.7
[2024.09.07-14.48.33:848][  0]LogTcpMessaging: Initializing TcpMessaging bridge
[2024.09.07-14.48.33:868][  0]LogUdpMessaging: Initializing bridge on interface 0.0.0.0:0 to multicast group 230.0.0.1:6666.
[2024.09.07-14.48.34:376][  0]SourceControl: 소스 컨트롤이 꺼졌습니다.
[2024.09.07-14.48.34:376][  0]SourceControl: 소스 컨트롤이 꺼졌습니다.
[2024.09.07-14.48.34:385][  0]SourceControl: 소스 컨트롤이 꺼졌습니다.
[2024.09.07-14.48.34:394][  0]SourceControl: 소스 컨트롤이 꺼졌습니다.
[2024.09.07-14.48.34:422][  0]SourceControl: 소스 컨트롤이 꺼졌습니다.
[2024.09.07-14.48.34:438][  0]LogUProjectInfo: Found projects:
[2024.09.07-14.48.34:801][  0]LogOpenImageDenoise: OIDN starting up
[2024.09.07-14.48.35:055][  0]LogAndroidPermission: UAndroidPermissionCallbackProxy::GetInstance
[2024.09.07-14.48.35:103][  0]LogAudioCaptureCore: Display: No Audio Capture implementations found. Audio input will be silent.
[2024.09.07-14.48.35:103][  0]LogAudioCaptureCore: Display: No Audio Capture implementations found. Audio input will be silent.
[2024.09.07-14.48.35:318][  0]LogCollectionManager: Loaded 0 collections in 0.001346 seconds
[2024.09.07-14.48.35:371][  0]LogFileCache: Scanning file cache for directory 'C:/Users/nanim/GitHub/NewNewInsectHeaven/InsectHeaven/Saved/Collections/' took 0.00s
[2024.09.07-14.48.35:371][  0]LogFileCache: Scanning file cache for directory 'C:/Users/nanim/GitHub/NewNewInsectHeaven/InsectHeaven/Content/Developers/nanim/Collections/' took 0.00s
[2024.09.07-14.48.35:371][  0]LogFileCache: Scanning file cache for directory 'C:/Users/nanim/GitHub/NewNewInsectHeaven/InsectHeaven/Content/Collections/' took 0.00s
[2024.09.07-14.48.35:371][  0]LogOcInput: OculusInput pre-init called
[2024.09.07-14.48.35:584][  0]LogClass: Display: IntProperty FCharacter_2D::Name is not initialized properly. Module:InsectHeaven File:Table/DataStruct/Character_2D.h
[2024.09.07-14.48.35:584][  0]LogClass: Display: IntProperty FCharacter_2D::ImageID is not initialized properly. Module:InsectHeaven File:Table/DataStruct/Character_2D.h
[2024.09.07-14.48.35:584][  0]LogClass: Warning: ObjectProperty FDialogueClip::formerAction is not initialized properly. Module:InsectHeaven File:Library/Dialogue/DialogueEditToolWidget.h
[2024.09.07-14.48.35:584][  0]LogClass: Warning: ObjectProperty FDialogueClip::nowAction is not initialized properly. Module:InsectHeaven File:Library/Dialogue/DialogueEditToolWidget.h
[2024.09.07-14.48.35:584][  0]LogClass: Display: IntProperty FResource_Widget::PathFile is not initialized properly. Module:InsectHeaven File:Table/DataStruct/Resource_Widget.h
[2024.09.07-14.48.35:585][  0]LogClass: Display: IntProperty FScript_Local::Test is not initialized properly. Module:InsectHeaven File:Table/DataStruct/Script_Local.h
[2024.09.07-14.48.35:585][  0]LogClass: Display: 6 Uninitialized script struct members found including 2 object properties
[2024.09.07-14.48.35:586][  0]LogAutomationTest: Warning: ObjectProperty FDialogueClip::formerAction is not initialized properly. Module:InsectHeaven File:Library/Dialogue/DialogueEditToolWidget.h
[2024.09.07-14.48.35:586][  0]LogAutomationTest: Warning: ObjectProperty FDialogueClip::nowAction is not initialized properly. Module:InsectHeaven File:Library/Dialogue/DialogueEditToolWidget.h
[2024.09.07-14.48.35:586][  0]LogEngine: Initializing Engine...
[2024.09.07-14.48.35:593][  0]LogHMD: Failed to enumerate extensions. Please check that you have a valid OpenXR runtime installed.
[2024.09.07-14.48.35:594][  0]LogHMD: Failed to initialize OpenVR with code 110
[2024.09.07-14.48.35:594][  0]LogMagicLeap: Warning: VR disabled because ZI is not enabled.  To enable, in the editor, Edit -> Project Settings -> Plugins -> Magic Leap Plugin -> Enable Zero Iteration
[2024.09.07-14.48.35:595][  0]LogStats: UGameplayTagsManager::InitializeManager -  0.000 s
[2024.09.07-14.48.35:680][  0]LogInit: Initializing FReadOnlyCVARCache
[2024.09.07-14.48.35:695][  0]LogAIModule: Creating AISystem for world Untitled
[2024.09.07-14.48.35:695][  0]LogAudio: Display: Initializing Audio Device Manager...
[2024.09.07-14.48.35:704][  0]LogAudio: Display: Loading Default Audio Settings Objects...
[2024.09.07-14.48.35:705][  0]LogAudio: Display: No default SoundConcurrencyObject specified (or failed to load).
[2024.09.07-14.48.35:705][  0]LogAudio: Display: Audio Device Manager Initialized
[2024.09.07-14.48.35:705][  0]LogAudio: Display: Creating Audio Device:                 Id: 1, Scope: Shared, Realtime: True
[2024.09.07-14.48.35:705][  0]LogAudioMixer: Display: Audio Mixer Platform Settings:
[2024.09.07-14.48.35:706][  0]LogAudioMixer: Display: 	Sample Rate:						  48000
[2024.09.07-14.48.35:706][  0]LogAudioMixer: Display: 	Callback Buffer Frame Size Requested: 1024
[2024.09.07-14.48.35:706][  0]LogAudioMixer: Display: 	Callback Buffer Frame Size To Use:	  1024
[2024.09.07-14.48.35:706][  0]LogAudioMixer: Display: 	Number of buffers to queue:			  2
[2024.09.07-14.48.35:706][  0]LogAudioMixer: Display: 	Max Channels (voices):				  32
[2024.09.07-14.48.35:706][  0]LogAudioMixer: Display: 	Number of Async Source Workers:		  0
[2024.09.07-14.48.35:706][  0]LogAudio: Display: AudioDevice MaxSources: 32
[2024.09.07-14.48.35:707][  0]LogAudio: Display: Audio Spatialization Plugin: None (built-in).
[2024.09.07-14.48.35:707][  0]LogAudio: Display: Audio Reverb Plugin: None (built-in).
[2024.09.07-14.48.35:707][  0]LogAudio: Display: Audio Occlusion Plugin: None (built-in).
[2024.09.07-14.48.35:707][  0]LogAudioMixer: Display: Initializing audio mixer.
[2024.09.07-14.48.35:757][  0]LogAudioMixer: Display: 0: FrontLeft
[2024.09.07-14.48.35:758][  0]LogAudioMixer: Display: 1: FrontRight
[2024.09.07-14.48.35:810][  0]LogAudioMixer: Display: Using Audio Device 스피커(ABKO N550)
[2024.09.07-14.48.35:810][  0]LogAudioMixer: Display: Initializing Sound Submixes...
[2024.09.07-14.48.35:813][  0]LogAudioMixer: Display: Creating Master Submix 'MasterSubmixDefault'
[2024.09.07-14.48.35:813][  0]LogAudioMixer: Display: Creating Master Submix 'MasterReverbSubmixDefault'
[2024.09.07-14.48.35:814][  0]LogAudioMixer: Display: Creating Master Submix 'MasterEQSubmixDefault'
[2024.09.07-14.48.35:814][  0]LogAudioMixer: FMixerPlatformXAudio2::StartAudioStream() called
[2024.09.07-14.48.35:814][  0]LogAudioMixer: Display: Output buffers initialized: Frames=1024, Channels=2, Samples=2048
[2024.09.07-14.48.35:816][  0]LogAudioMixer: Display: Starting AudioMixerPlatformInterface::RunInternal()
[2024.09.07-14.48.35:816][  0]LogAudioMixer: Display: FMixerPlatformXAudio2::SubmitBuffer() called for the first time
[2024.09.07-14.48.35:816][  0]LogInit: FAudioDevice initialized.
[2024.09.07-14.48.35:816][  0]LogAudio: Display: Audio Device (ID: 1) registered with world 'Untitled'.
[2024.09.07-14.48.35:816][  0]LogNetVersion: Set ProjectVersion to 1.0.0.0. Version Checksum will be recalculated on next use.
[2024.09.07-14.48.36:164][  0]LogDerivedDataCache: Saved boot cache 0.35s 94MB C:/Users/nanim/AppData/Local/UnrealEngine/4.27/DerivedDataCache/Boot.ddc.
[2024.09.07-14.48.36:164][  0]LogInit: Texture streaming: Enabled
[2024.09.07-14.48.36:189][  0]LogAnalytics: Display: [UEEditor.Rocket.Release] APIServer = https://datarouter.ol.epicgames.com/. AppVersion = 4.27.2-18319896+++UE4+Release-4.27
[2024.09.07-14.48.36:199][  0]LogEngineSessionManager: EngineSessionManager initialized
[2024.09.07-14.48.36:199][  0]LogEditorSessionSummary: Verbose: Initializing EditorSessionSummaryWriter for editor session tracking
[2024.09.07-14.48.36:203][  0]LogEditorSessionSummary: EditorSessionSummaryWriter initialized
[2024.09.07-14.48.36:229][  0]LogInit: Transaction tracking system initialized
[2024.09.07-14.48.36:275][  0]BlueprintLog: New page: 에디터 로드
[2024.09.07-14.48.36:399][  0]LocalizationService: 현지화 서비스가 비활성화되었습니다.
[2024.09.07-14.48.36:459][  0]TimingProfiler: Initialize
[2024.09.07-14.48.36:459][  0]TimingProfiler: OnSessionChanged
[2024.09.07-14.48.36:459][  0]LoadingProfiler: Initialize
[2024.09.07-14.48.36:459][  0]LoadingProfiler: OnSessionChanged
[2024.09.07-14.48.36:459][  0]NetworkingProfiler: Initialize
[2024.09.07-14.48.36:460][  0]NetworkingProfiler: OnSessionChanged
[2024.09.07-14.48.36:460][  0]MemoryProfiler: Initialize
[2024.09.07-14.48.36:460][  0]MemoryProfiler: OnSessionChanged
[2024.09.07-14.48.36:622][  0]LogCook: Display: CookSettings for Memory: MemoryMaxUsedVirtual 0MiB, MemoryMaxUsedPhysical 16384MiB, MemoryMinFreeVirtual 0MiB, MemoryMinFreePhysical 1024MiB
[2024.09.07-14.48.36:622][  0]LogCook: Display: Mobile HDR setting 1
[2024.09.07-14.48.36:970][  0]LogFileCache: Scanning file cache for directory 'C:/Users/nanim/GitHub/NewNewInsectHeaven/InsectHeaven/Content/' took 0.01s
[2024.09.07-14.48.37:093][  0]LogInit: Display: Engine is initialized. Leaving FEngineLoop::Init()
[2024.09.07-14.48.37:097][  0]SourceControl: 소스 컨트롤이 꺼졌습니다.
[2024.09.07-14.48.37:097][  0]LogUnrealEdMisc: Loading editor; pre map load, took 8.713
[2024.09.07-14.48.37:097][  0]Cmd: MAP LOAD FILE="../../../../../Users/nanim/GitHub/NewNewInsectHeaven/InsectHeaven/Content/Scene/EmptyMainLevel.umap" TEMPLATE=0 SHOWPROGRESS=1 FEATURELEVEL=3
[2024.09.07-14.48.37:097][  0]LightingResults: New page: 라이팅 빌드
[2024.09.07-14.48.37:098][  0]LogWorld: UWorld::CleanupWorld for Untitled, bSessionEnded=true, bCleanupResources=true
[2024.09.07-14.48.37:099][  0]LogSlate: InvalidateAllWidgets triggered.  All widgets were invalidated
[2024.09.07-14.48.37:099][  0]MapCheck: New page: 맵 체크
[2024.09.07-14.48.37:099][  0]LightingResults: New page: 라이팅 빌드
[2024.09.07-14.48.37:101][  0]LogAudio: Display: Audio Device unregistered from world 'None'.
[2024.09.07-14.48.37:104][  0]LogUObjectHash: Compacting FUObjectHashTables data took   0.46ms
[2024.09.07-14.48.37:107][  0]LogAudio: Display: Audio Device (ID: 1) registered with world 'EmptyMainLevel'.
[2024.09.07-14.48.37:108][  0]LogAIModule: Creating AISystem for world EmptyMainLevel
[2024.09.07-14.48.37:108][  0]LogEditorServer: Finished looking for orphan Actors (0.000 secs)
[2024.09.07-14.48.37:111][  0]LogUObjectHash: Compacting FUObjectHashTables data took   0.34ms
[2024.09.07-14.48.37:112][  0]Cmd: MAP CHECKDEP NOCLEARLOG
[2024.09.07-14.48.37:112][  0]MapCheck: 맵 체크 완료: 오류 0 회, 경고 0 회, 소요 시간 0.133ms.
[2024.09.07-14.48.37:112][  0]LogFileHelpers: Loading map 'EmptyMainLevel' took 0.015
[2024.09.07-14.48.37:116][  0]LogUnrealEdMisc: Total Editor Startup Time, took 8.732
[2024.09.07-14.48.37:233][  0]LogSlate: Updating window title bar state: overlay mode, drag disabled, window buttons hidden, title bar hidden
[2024.09.07-14.48.37:236][  0]LogSlate: Updating window title bar state: overlay mode, drag disabled, window buttons hidden, title bar hidden
[2024.09.07-14.48.37:239][  0]LogSlate: Updating window title bar state: overlay mode, drag disabled, window buttons hidden, title bar hidden
[2024.09.07-14.48.37:242][  0]LogSlate: Updating window title bar state: overlay mode, drag disabled, window buttons hidden, title bar hidden
[2024.09.07-14.48.37:254][  0]LogNativeClassHierarchy: Verbose: Native class hierarchy populated in 0.0064 seconds. Added 3870 classes and 945 folders.
[2024.09.07-14.48.37:256][  0]LogNativeClassHierarchy: Verbose: Native class hierarchy updated for 'WidgetCarousel' in 0.0002 seconds. Added 0 classes and 0 folders.
[2024.09.07-14.48.37:257][  0]LogPakFile: PakFile PrimaryIndexSize=187
[2024.09.07-14.48.37:257][  0]LogPakFile: PakFile PathHashIndexSize=101
[2024.09.07-14.48.37:257][  0]LogPakFile: PakFile FullDirectoryIndexSize=148
[2024.09.07-14.48.37:257][  0]LogShaderLibrary: Display: ShaderCodeLibraryPakFileMountedCallback: PakFile 'C:/Program Files/UE_4.27/FeaturePacks/FP_FirstPerson.upack' (chunk index -1, root 'root:/') mounted
[2024.09.07-14.48.37:258][  0]LogShaderLibrary: Display: ShaderCodeLibraryPakFileMountedCallback: pending pak file info (ChunkID:-1 Root:root:/ File:C:/Program Files/UE_4.27/FeaturePacks/FP_FirstPerson.upack)
[2024.09.07-14.48.37:258][  0]LogPakFile: OnPakFileMounted2Time == 0.000273
[2024.09.07-14.48.37:258][  0]LogPakFile: PakFile PrimaryIndexSize=189
[2024.09.07-14.48.37:258][  0]LogPakFile: PakFile PathHashIndexSize=101
[2024.09.07-14.48.37:259][  0]LogPakFile: PakFile FullDirectoryIndexSize=152
[2024.09.07-14.48.37:259][  0]LogShaderLibrary: Display: ShaderCodeLibraryPakFileMountedCallback: PakFile 'C:/Program Files/UE_4.27/FeaturePacks/FP_FirstPersonBP.upack' (chunk index -1, root 'root:/') mounted
[2024.09.07-14.48.37:259][  0]LogShaderLibrary: Display: ShaderCodeLibraryPakFileMountedCallback: pending pak file info (ChunkID:-1 Root:root:/ File:C:/Program Files/UE_4.27/FeaturePacks/FP_FirstPersonBP.upack)
[2024.09.07-14.48.37:259][  0]LogPakFile: OnPakFileMounted2Time == 0.000300
[2024.09.07-14.48.37:260][  0]LogPakFile: PakFile PrimaryIndexSize=191
[2024.09.07-14.48.37:260][  0]LogPakFile: PakFile PathHashIndexSize=101
[2024.09.07-14.48.37:260][  0]LogPakFile: PakFile FullDirectoryIndexSize=160
[2024.09.07-14.48.37:260][  0]LogShaderLibrary: Display: ShaderCodeLibraryPakFileMountedCallback: PakFile 'C:/Program Files/UE_4.27/FeaturePacks/MobileStarterContent.upack' (chunk index -1, root 'root:/') mounted
[2024.09.07-14.48.37:260][  0]LogShaderLibrary: Display: ShaderCodeLibraryPakFileMountedCallback: pending pak file info (ChunkID:-1 Root:root:/ File:C:/Program Files/UE_4.27/FeaturePacks/MobileStarterContent.upack)
[2024.09.07-14.48.37:260][  0]LogPakFile: OnPakFileMounted2Time == 0.000250
[2024.09.07-14.48.37:261][  0]LogPakFile: PakFile PrimaryIndexSize=185
[2024.09.07-14.48.37:261][  0]LogPakFile: PakFile PathHashIndexSize=101
[2024.09.07-14.48.37:261][  0]LogPakFile: PakFile FullDirectoryIndexSize=148
[2024.09.07-14.48.37:261][  0]LogShaderLibrary: Display: ShaderCodeLibraryPakFileMountedCallback: PakFile 'C:/Program Files/UE_4.27/FeaturePacks/StarterContent.upack' (chunk index -1, root 'root:/') mounted
[2024.09.07-14.48.37:261][  0]LogShaderLibrary: Display: ShaderCodeLibraryPakFileMountedCallback: pending pak file info (ChunkID:-1 Root:root:/ File:C:/Program Files/UE_4.27/FeaturePacks/StarterContent.upack)
[2024.09.07-14.48.37:262][  0]LogPakFile: OnPakFileMounted2Time == 0.000233
[2024.09.07-14.48.37:262][  0]LogPakFile: PakFile PrimaryIndexSize=190
[2024.09.07-14.48.37:262][  0]LogPakFile: PakFile PathHashIndexSize=101
[2024.09.07-14.48.37:262][  0]LogPakFile: PakFile FullDirectoryIndexSize=154
[2024.09.07-14.48.37:262][  0]LogShaderLibrary: Display: ShaderCodeLibraryPakFileMountedCallback: PakFile 'C:/Program Files/UE_4.27/FeaturePacks/TP_2DSideScroller.upack' (chunk index -1, root 'root:/') mounted
[2024.09.07-14.48.37:263][  0]LogShaderLibrary: Display: ShaderCodeLibraryPakFileMountedCallback: pending pak file info (ChunkID:-1 Root:root:/ File:C:/Program Files/UE_4.27/FeaturePacks/TP_2DSideScroller.upack)
[2024.09.07-14.48.37:263][  0]LogPakFile: OnPakFileMounted2Time == 0.000254
[2024.09.07-14.48.37:263][  0]LogPakFile: PakFile PrimaryIndexSize=192
[2024.09.07-14.48.37:263][  0]LogPakFile: PakFile PathHashIndexSize=101
[2024.09.07-14.48.37:263][  0]LogPakFile: PakFile FullDirectoryIndexSize=158
[2024.09.07-14.48.37:263][  0]LogShaderLibrary: Display: ShaderCodeLibraryPakFileMountedCallback: PakFile 'C:/Program Files/UE_4.27/FeaturePacks/TP_2DSideScrollerBP.upack' (chunk index -1, root 'root:/') mounted
[2024.09.07-14.48.37:264][  0]LogShaderLibrary: Display: ShaderCodeLibraryPakFileMountedCallback: pending pak file info (ChunkID:-1 Root:root:/ File:C:/Program Files/UE_4.27/FeaturePacks/TP_2DSideScrollerBP.upack)
[2024.09.07-14.48.37:264][  0]LogPakFile: OnPakFileMounted2Time == 0.000211
[2024.09.07-14.48.37:264][  0]LogPakFile: PakFile PrimaryIndexSize=182
[2024.09.07-14.48.37:264][  0]LogPakFile: PakFile PathHashIndexSize=101
[2024.09.07-14.48.37:264][  0]LogPakFile: PakFile FullDirectoryIndexSize=138
[2024.09.07-14.48.37:265][  0]LogShaderLibrary: Display: ShaderCodeLibraryPakFileMountedCallback: PakFile 'C:/Program Files/UE_4.27/FeaturePacks/TP_Flying.upack' (chunk index -1, root 'root:/') mounted
[2024.09.07-14.48.37:265][  0]LogShaderLibrary: Display: ShaderCodeLibraryPakFileMountedCallback: pending pak file info (ChunkID:-1 Root:root:/ File:C:/Program Files/UE_4.27/FeaturePacks/TP_Flying.upack)
[2024.09.07-14.48.37:265][  0]LogPakFile: OnPakFileMounted2Time == 0.000270
[2024.09.07-14.48.37:265][  0]LogPakFile: PakFile PrimaryIndexSize=184
[2024.09.07-14.48.37:265][  0]LogPakFile: PakFile PathHashIndexSize=101
[2024.09.07-14.48.37:266][  0]LogPakFile: PakFile FullDirectoryIndexSize=142
[2024.09.07-14.48.37:266][  0]LogShaderLibrary: Display: ShaderCodeLibraryPakFileMountedCallback: PakFile 'C:/Program Files/UE_4.27/FeaturePacks/TP_FlyingBP.upack' (chunk index -1, root 'root:/') mounted
[2024.09.07-14.48.37:266][  0]LogShaderLibrary: Display: ShaderCodeLibraryPakFileMountedCallback: pending pak file info (ChunkID:-1 Root:root:/ File:C:/Program Files/UE_4.27/FeaturePacks/TP_FlyingBP.upack)
[2024.09.07-14.48.37:266][  0]LogPakFile: OnPakFileMounted2Time == 0.000204
[2024.09.07-14.48.37:266][  0]LogPakFile: PakFile PrimaryIndexSize=188
[2024.09.07-14.48.37:266][  0]LogPakFile: PakFile PathHashIndexSize=101
[2024.09.07-14.48.37:267][  0]LogPakFile: PakFile FullDirectoryIndexSize=150
[2024.09.07-14.48.37:267][  0]LogShaderLibrary: Display: ShaderCodeLibraryPakFileMountedCallback: PakFile 'C:/Program Files/UE_4.27/FeaturePacks/TP_HandheldARBP.upack' (chunk index -1, root 'root:/') mounted
[2024.09.07-14.48.37:267][  0]LogShaderLibrary: Display: ShaderCodeLibraryPakFileMountedCallback: pending pak file info (ChunkID:-1 Root:root:/ File:C:/Program Files/UE_4.27/FeaturePacks/TP_HandheldARBP.upack)
[2024.09.07-14.48.37:267][  0]LogPakFile: OnPakFileMounted2Time == 0.000269
[2024.09.07-14.48.37:268][  0]LogPakFile: PakFile PrimaryIndexSize=182
[2024.09.07-14.48.37:268][  0]LogPakFile: PakFile PathHashIndexSize=101
[2024.09.07-14.48.37:268][  0]LogPakFile: PakFile FullDirectoryIndexSize=138
[2024.09.07-14.48.37:268][  0]LogShaderLibrary: Display: ShaderCodeLibraryPakFileMountedCallback: PakFile 'C:/Program Files/UE_4.27/FeaturePacks/TP_Puzzle.upack' (chunk index -1, root 'root:/') mounted
[2024.09.07-14.48.37:268][  0]LogShaderLibrary: Display: ShaderCodeLibraryPakFileMountedCallback: pending pak file info (ChunkID:-1 Root:root:/ File:C:/Program Files/UE_4.27/FeaturePacks/TP_Puzzle.upack)
[2024.09.07-14.48.37:268][  0]LogPakFile: OnPakFileMounted2Time == 0.000234
[2024.09.07-14.48.37:269][  0]LogPakFile: PakFile PrimaryIndexSize=184
[2024.09.07-14.48.37:269][  0]LogPakFile: PakFile PathHashIndexSize=101
[2024.09.07-14.48.37:269][  0]LogPakFile: PakFile FullDirectoryIndexSize=142
[2024.09.07-14.48.37:269][  0]LogShaderLibrary: Display: ShaderCodeLibraryPakFileMountedCallback: PakFile 'C:/Program Files/UE_4.27/FeaturePacks/TP_PuzzleBP.upack' (chunk index -1, root 'root:/') mounted
[2024.09.07-14.48.37:269][  0]LogShaderLibrary: Display: ShaderCodeLibraryPakFileMountedCallback: pending pak file info (ChunkID:-1 Root:root:/ File:C:/Program Files/UE_4.27/FeaturePacks/TP_PuzzleBP.upack)
[2024.09.07-14.48.37:269][  0]LogPakFile: OnPakFileMounted2Time == 0.000270
[2024.09.07-14.48.37:270][  0]LogPakFile: PakFile PrimaryIndexSize=183
[2024.09.07-14.48.37:270][  0]LogPakFile: PakFile PathHashIndexSize=101
[2024.09.07-14.48.37:270][  0]LogPakFile: PakFile FullDirectoryIndexSize=140
[2024.09.07-14.48.37:270][  0]LogShaderLibrary: Display: ShaderCodeLibraryPakFileMountedCallback: PakFile 'C:/Program Files/UE_4.27/FeaturePacks/TP_Rolling.upack' (chunk index -1, root 'root:/') mounted
[2024.09.07-14.48.37:270][  0]LogShaderLibrary: Display: ShaderCodeLibraryPakFileMountedCallback: pending pak file info (ChunkID:-1 Root:root:/ File:C:/Program Files/UE_4.27/FeaturePacks/TP_Rolling.upack)
[2024.09.07-14.48.37:270][  0]LogPakFile: OnPakFileMounted2Time == 0.000249
[2024.09.07-14.48.37:271][  0]LogPakFile: PakFile PrimaryIndexSize=185
[2024.09.07-14.48.37:271][  0]LogPakFile: PakFile PathHashIndexSize=101
[2024.09.07-14.48.37:271][  0]LogPakFile: PakFile FullDirectoryIndexSize=144
[2024.09.07-14.48.37:271][  0]LogShaderLibrary: Display: ShaderCodeLibraryPakFileMountedCallback: PakFile 'C:/Program Files/UE_4.27/FeaturePacks/TP_RollingBP.upack' (chunk index -1, root 'root:/') mounted
[2024.09.07-14.48.37:271][  0]LogShaderLibrary: Display: ShaderCodeLibraryPakFileMountedCallback: pending pak file info (ChunkID:-1 Root:root:/ File:C:/Program Files/UE_4.27/FeaturePacks/TP_RollingBP.upack)
[2024.09.07-14.48.37:271][  0]LogPakFile: OnPakFileMounted2Time == 0.000336
[2024.09.07-14.48.37:272][  0]LogPakFile: PakFile PrimaryIndexSize=188
[2024.09.07-14.48.37:272][  0]LogPakFile: PakFile PathHashIndexSize=101
[2024.09.07-14.48.37:272][  0]LogPakFile: PakFile FullDirectoryIndexSize=150
[2024.09.07-14.48.37:272][  0]LogShaderLibrary: Display: ShaderCodeLibraryPakFileMountedCallback: PakFile 'C:/Program Files/UE_4.27/FeaturePacks/TP_SideScroller.upack' (chunk index -1, root 'root:/') mounted
[2024.09.07-14.48.37:272][  0]LogShaderLibrary: Display: ShaderCodeLibraryPakFileMountedCallback: pending pak file info (ChunkID:-1 Root:root:/ File:C:/Program Files/UE_4.27/FeaturePacks/TP_SideScroller.upack)
[2024.09.07-14.48.37:272][  0]LogPakFile: OnPakFileMounted2Time == 0.000262
[2024.09.07-14.48.37:273][  0]LogPakFile: PakFile PrimaryIndexSize=190
[2024.09.07-14.48.37:273][  0]LogPakFile: PakFile PathHashIndexSize=101
[2024.09.07-14.48.37:273][  0]LogPakFile: PakFile FullDirectoryIndexSize=154
[2024.09.07-14.48.37:273][  0]LogShaderLibrary: Display: ShaderCodeLibraryPakFileMountedCallback: PakFile 'C:/Program Files/UE_4.27/FeaturePacks/TP_SideScrollerBP.upack' (chunk index -1, root 'root:/') mounted
[2024.09.07-14.48.37:273][  0]LogShaderLibrary: Display: ShaderCodeLibraryPakFileMountedCallback: pending pak file info (ChunkID:-1 Root:root:/ File:C:/Program Files/UE_4.27/FeaturePacks/TP_SideScrollerBP.upack)
[2024.09.07-14.48.37:273][  0]LogPakFile: OnPakFileMounted2Time == 0.000327
[2024.09.07-14.48.37:274][  0]LogPakFile: PakFile PrimaryIndexSize=187
[2024.09.07-14.48.37:274][  0]LogPakFile: PakFile PathHashIndexSize=101
[2024.09.07-14.48.37:274][  0]LogPakFile: PakFile FullDirectoryIndexSize=148
[2024.09.07-14.48.37:274][  0]LogShaderLibrary: Display: ShaderCodeLibraryPakFileMountedCallback: PakFile 'C:/Program Files/UE_4.27/FeaturePacks/TP_ThirdPerson.upack' (chunk index -1, root 'root:/') mounted
[2024.09.07-14.48.37:275][  0]LogShaderLibrary: Display: ShaderCodeLibraryPakFileMountedCallback: pending pak file info (ChunkID:-1 Root:root:/ File:C:/Program Files/UE_4.27/FeaturePacks/TP_ThirdPerson.upack)
[2024.09.07-14.48.37:275][  0]LogPakFile: OnPakFileMounted2Time == 0.000256
[2024.09.07-14.48.37:275][  0]LogPakFile: PakFile PrimaryIndexSize=189
[2024.09.07-14.48.37:275][  0]LogPakFile: PakFile PathHashIndexSize=101
[2024.09.07-14.48.37:275][  0]LogPakFile: PakFile FullDirectoryIndexSize=152
[2024.09.07-14.48.37:276][  0]LogShaderLibrary: Display: ShaderCodeLibraryPakFileMountedCallback: PakFile 'C:/Program Files/UE_4.27/FeaturePacks/TP_ThirdPersonBP.upack' (chunk index -1, root 'root:/') mounted
[2024.09.07-14.48.37:276][  0]LogShaderLibrary: Display: ShaderCodeLibraryPakFileMountedCallback: pending pak file info (ChunkID:-1 Root:root:/ File:C:/Program Files/UE_4.27/FeaturePacks/TP_ThirdPersonBP.upack)
[2024.09.07-14.48.37:276][  0]LogPakFile: OnPakFileMounted2Time == 0.000275
[2024.09.07-14.48.37:276][  0]LogPakFile: PakFile PrimaryIndexSize=183
[2024.09.07-14.48.37:277][  0]LogPakFile: PakFile PathHashIndexSize=101
[2024.09.07-14.48.37:277][  0]LogPakFile: PakFile FullDirectoryIndexSize=140
[2024.09.07-14.48.37:277][  0]LogShaderLibrary: Display: ShaderCodeLibraryPakFileMountedCallback: PakFile 'C:/Program Files/UE_4.27/FeaturePacks/TP_TopDown.upack' (chunk index -1, root 'root:/') mounted
[2024.09.07-14.48.37:277][  0]LogShaderLibrary: Display: ShaderCodeLibraryPakFileMountedCallback: pending pak file info (ChunkID:-1 Root:root:/ File:C:/Program Files/UE_4.27/FeaturePacks/TP_TopDown.upack)
[2024.09.07-14.48.37:277][  0]LogPakFile: OnPakFileMounted2Time == 0.000213
[2024.09.07-14.48.37:277][  0]LogPakFile: PakFile PrimaryIndexSize=185
[2024.09.07-14.48.37:278][  0]LogPakFile: PakFile PathHashIndexSize=101
[2024.09.07-14.48.37:278][  0]LogPakFile: PakFile FullDirectoryIndexSize=144
[2024.09.07-14.48.37:278][  0]LogShaderLibrary: Display: ShaderCodeLibraryPakFileMountedCallback: PakFile 'C:/Program Files/UE_4.27/FeaturePacks/TP_TopDownBP.upack' (chunk index -1, root 'root:/') mounted
[2024.09.07-14.48.37:278][  0]LogShaderLibrary: Display: ShaderCodeLibraryPakFileMountedCallback: pending pak file info (ChunkID:-1 Root:root:/ File:C:/Program Files/UE_4.27/FeaturePacks/TP_TopDownBP.upack)
[2024.09.07-14.48.37:278][  0]LogPakFile: OnPakFileMounted2Time == 0.000196
[2024.09.07-14.48.37:278][  0]LogPakFile: PakFile PrimaryIndexSize=185
[2024.09.07-14.48.37:279][  0]LogPakFile: PakFile PathHashIndexSize=101
[2024.09.07-14.48.37:279][  0]LogPakFile: PakFile FullDirectoryIndexSize=144
[2024.09.07-14.48.37:279][  0]LogShaderLibrary: Display: ShaderCodeLibraryPakFileMountedCallback: PakFile 'C:/Program Files/UE_4.27/FeaturePacks/TP_TwinStick.upack' (chunk index -1, root 'root:/') mounted
[2024.09.07-14.48.37:279][  0]LogShaderLibrary: Display: ShaderCodeLibraryPakFileMountedCallback: pending pak file info (ChunkID:-1 Root:root:/ File:C:/Program Files/UE_4.27/FeaturePacks/TP_TwinStick.upack)
[2024.09.07-14.48.37:279][  0]LogPakFile: OnPakFileMounted2Time == 0.000265
[2024.09.07-14.48.37:280][  0]LogPakFile: PakFile PrimaryIndexSize=187
[2024.09.07-14.48.37:280][  0]LogPakFile: PakFile PathHashIndexSize=101
[2024.09.07-14.48.37:280][  0]LogPakFile: PakFile FullDirectoryIndexSize=148
[2024.09.07-14.48.37:280][  0]LogShaderLibrary: Display: ShaderCodeLibraryPakFileMountedCallback: PakFile 'C:/Program Files/UE_4.27/FeaturePacks/TP_TwinStickBP.upack' (chunk index -1, root 'root:/') mounted
[2024.09.07-14.48.37:280][  0]LogShaderLibrary: Display: ShaderCodeLibraryPakFileMountedCallback: pending pak file info (ChunkID:-1 Root:root:/ File:C:/Program Files/UE_4.27/FeaturePacks/TP_TwinStickBP.upack)
[2024.09.07-14.48.37:280][  0]LogPakFile: OnPakFileMounted2Time == 0.000189
[2024.09.07-14.48.37:280][  0]LogPakFile: PakFile PrimaryIndexSize=183
[2024.09.07-14.48.37:281][  0]LogPakFile: PakFile PathHashIndexSize=101
[2024.09.07-14.48.37:281][  0]LogPakFile: PakFile FullDirectoryIndexSize=140
[2024.09.07-14.48.37:281][  0]LogShaderLibrary: Display: ShaderCodeLibraryPakFileMountedCallback: PakFile 'C:/Program Files/UE_4.27/FeaturePacks/TP_Vehicle.upack' (chunk index -1, root 'root:/') mounted
[2024.09.07-14.48.37:281][  0]LogShaderLibrary: Display: ShaderCodeLibraryPakFileMountedCallback: pending pak file info (ChunkID:-1 Root:root:/ File:C:/Program Files/UE_4.27/FeaturePacks/TP_Vehicle.upack)
[2024.09.07-14.48.37:281][  0]LogPakFile: OnPakFileMounted2Time == 0.000280
[2024.09.07-14.48.37:282][  0]LogPakFile: PakFile PrimaryIndexSize=186
[2024.09.07-14.48.37:282][  0]LogPakFile: PakFile PathHashIndexSize=101
[2024.09.07-14.48.37:282][  0]LogPakFile: PakFile FullDirectoryIndexSize=146
[2024.09.07-14.48.37:282][  0]LogShaderLibrary: Display: ShaderCodeLibraryPakFileMountedCallback: PakFile 'C:/Program Files/UE_4.27/FeaturePacks/TP_VehicleAdv.upack' (chunk index -1, root 'root:/') mounted
[2024.09.07-14.48.37:282][  0]LogShaderLibrary: Display: ShaderCodeLibraryPakFileMountedCallback: pending pak file info (ChunkID:-1 Root:root:/ File:C:/Program Files/UE_4.27/FeaturePacks/TP_VehicleAdv.upack)
[2024.09.07-14.48.37:282][  0]LogPakFile: OnPakFileMounted2Time == 0.000249
[2024.09.07-14.48.37:283][  0]LogPakFile: PakFile PrimaryIndexSize=188
[2024.09.07-14.48.37:283][  0]LogPakFile: PakFile PathHashIndexSize=101
[2024.09.07-14.48.37:283][  0]LogPakFile: PakFile FullDirectoryIndexSize=150
[2024.09.07-14.48.37:283][  0]LogShaderLibrary: Display: ShaderCodeLibraryPakFileMountedCallback: PakFile 'C:/Program Files/UE_4.27/FeaturePacks/TP_VehicleAdvBP.upack' (chunk index -1, root 'root:/') mounted
[2024.09.07-14.48.37:283][  0]LogShaderLibrary: Display: ShaderCodeLibraryPakFileMountedCallback: pending pak file info (ChunkID:-1 Root:root:/ File:C:/Program Files/UE_4.27/FeaturePacks/TP_VehicleAdvBP.upack)
[2024.09.07-14.48.37:283][  0]LogPakFile: OnPakFileMounted2Time == 0.000201
[2024.09.07-14.48.37:284][  0]LogPakFile: PakFile PrimaryIndexSize=185
[2024.09.07-14.48.37:284][  0]LogPakFile: PakFile PathHashIndexSize=101
[2024.09.07-14.48.37:284][  0]LogPakFile: PakFile FullDirectoryIndexSize=144
[2024.09.07-14.48.37:284][  0]LogShaderLibrary: Display: ShaderCodeLibraryPakFileMountedCallback: PakFile 'C:/Program Files/UE_4.27/FeaturePacks/TP_VehicleBP.upack' (chunk index -1, root 'root:/') mounted
[2024.09.07-14.48.37:284][  0]LogShaderLibrary: Display: ShaderCodeLibraryPakFileMountedCallback: pending pak file info (ChunkID:-1 Root:root:/ File:C:/Program Files/UE_4.27/FeaturePacks/TP_VehicleBP.upack)
[2024.09.07-14.48.37:284][  0]LogPakFile: OnPakFileMounted2Time == 0.000232
[2024.09.07-14.48.37:285][  0]LogPakFile: PakFile PrimaryIndexSize=192
[2024.09.07-14.48.37:285][  0]LogPakFile: PakFile PathHashIndexSize=101
[2024.09.07-14.48.37:285][  0]LogPakFile: PakFile FullDirectoryIndexSize=158
[2024.09.07-14.48.37:285][  0]LogShaderLibrary: Display: ShaderCodeLibraryPakFileMountedCallback: PakFile 'C:/Program Files/UE_4.27/FeaturePacks/TP_VirtualRealityBP.upack' (chunk index -1, root 'root:/') mounted
[2024.09.07-14.48.37:285][  0]LogShaderLibrary: Display: ShaderCodeLibraryPakFileMountedCallback: pending pak file info (ChunkID:-1 Root:root:/ File:C:/Program Files/UE_4.27/FeaturePacks/TP_VirtualRealityBP.upack)
[2024.09.07-14.48.37:285][  0]LogPakFile: OnPakFileMounted2Time == 0.000236
[2024.09.07-14.48.37:324][  0]LogNativeClassHierarchy: Verbose: Native class hierarchy updated for 'AddContentDialog' in 0.0002 seconds. Added 0 classes and 0 folders.
[2024.09.07-14.48.37:325][  0]LogNativeClassHierarchy: Verbose: Native class hierarchy updated for 'SceneOutliner' in 0.0001 seconds. Added 2 classes and 0 folders.
[2024.09.07-14.48.37:331][  0]LogSlate: The tab "/Game/DialogueTool.DialogueTool_ActiveTab" attempted to spawn in layout 'LevelEditor_Layout_v1.2' but failed for some reason. It will not be displayed.
[2024.09.07-14.48.37:406][  0]LogSlate: Took 0.000267 seconds to synchronously load lazily loaded font '../../../Engine/Content/Slate/Fonts/Roboto-Regular.ttf' (155K)
[2024.09.07-14.48.37:407][  0]LogSlate: Took 0.000202 seconds to synchronously load lazily loaded font '../../../Engine/Content/Editor/Slate/Fonts/FontAwesome.ttf' (139K)
[2024.09.07-14.48.37:409][  0]LogSlate: Took 0.001088 seconds to synchronously load lazily loaded font '../../../Engine/Content/Editor/Slate/Fonts/NanumGothic.ttf' (4243K)
[2024.09.07-14.48.37:410][  0]LogSlate: Took 0.001090 seconds to synchronously load lazily loaded font '../../../Engine/Content/Editor/Slate/Fonts/NanumGothicBold.ttf' (4188K)
[2024.09.07-14.48.37:411][  0]LogSlate: Took 0.000175 seconds to synchronously load lazily loaded font '../../../Engine/Content/Slate/Fonts/Roboto-Bold.ttf' (160K)
[2024.09.07-14.48.37:464][  0]LogRenderer: Reallocating scene render targets to support 1616x808 Format 10 NumSamples 1 (Frame:1).
[2024.09.07-14.48.37:532][  0]LogNativeClassHierarchy: Verbose: Native class hierarchy updated for 'HierarchicalLODOutliner' in 0.0002 seconds. Added 0 classes and 0 folders.
[2024.09.07-14.48.37:532][  0]LogLoad: (Engine Initialization) Total time: 9.15 seconds
[2024.09.07-14.48.37:532][  0]LogLoad: (Engine Initialization) Total Blueprint compile time: 0.00 seconds
[2024.09.07-14.48.37:568][  0]LogAssetRegistry: Asset discovery search completed in 5.4519 seconds
[2024.09.07-14.48.37:572][  0]LogCollectionManager: Fixed up redirectors for 0 collections in 0.000003 seconds (updated 0 objects)
[2024.09.07-14.48.37:573][  0]LogContentStreaming: Texture pool size now 1000 MB
[2024.09.07-14.48.37:586][  1]LogFileCache: Retrieving MD5 hashes for directory 'C:/Users/nanim/GitHub/NewNewInsectHeaven/InsectHeaven/Content/' took 0.04s
[2024.09.07-14.48.41:266][442]LogSlate: Window '' being destroyed
[2024.09.07-14.49.24:167][477]Cmd: MAP LOAD FILE="../../../../../Users/nanim/GitHub/NewNewInsectHeaven/InsectHeaven/Content/Dialogue/DialogueWorld.umap" TEMPLATE=0 SHOWPROGRESS=1 FEATURELEVEL=3
[2024.09.07-14.49.24:170][477]LogSlate: Took 0.000179 seconds to synchronously load lazily loaded font '../../../Engine/Content/Slate/Fonts/Roboto-Light.ttf' (167K)
[2024.09.07-14.49.24:180][477]LightingResults: New page: 라이팅 빌드
[2024.09.07-14.49.24:181][477]LoadErrors: New page: 맵 로드 중: DialogueWorld.umap
[2024.09.07-14.49.24:183][477]LogWorld: UWorld::CleanupWorld for EmptyMainLevel, bSessionEnded=true, bCleanupResources=true
[2024.09.07-14.49.24:183][477]LogSlate: InvalidateAllWidgets triggered.  All widgets were invalidated
[2024.09.07-14.49.24:183][477]MapCheck: New page: 맵 체크
[2024.09.07-14.49.24:183][477]LightingResults: New page: 라이팅 빌드
[2024.09.07-14.49.24:204][477]LogAudio: Display: Audio Device unregistered from world 'None'.
[2024.09.07-14.49.24:206][477]LogUObjectHash: Compacting FUObjectHashTables data took   0.65ms
[2024.09.07-14.49.24:208][477]LogAudio: Display: Audio Device (ID: 1) registered with world 'DialogueWorld'.
[2024.09.07-14.49.24:208][477]LogAIModule: Creating AISystem for world DialogueWorld
[2024.09.07-14.49.24:210][477]LogEditorServer: Finished looking for orphan Actors (0.000 secs)
[2024.09.07-14.49.24:218][477]LogUObjectHash: Compacting FUObjectHashTables data took   0.44ms
[2024.09.07-14.49.24:234][477]Cmd: MAP CHECKDEP NOCLEARLOG
[2024.09.07-14.49.24:234][477]MapCheck: 맵 체크 완료: 오류 0 회, 경고 0 회, 소요 시간 0.133ms.
[2024.09.07-14.49.24:234][477]LogFileHelpers: Loading map 'DialogueWorld' took 0.068
[2024.09.07-14.49.24:239][477]LogPlayLevel: PlayLevel: No blueprints needed recompiling
[2024.09.07-14.49.24:239][477]PIE: New page: PIE 세션: DialogueWorld (2024. 9. 8. 오전 8:49:24)
[2024.09.07-14.49.24:240][477]LogOnline: OSS: Creating online subsystem instance for: NULL
[2024.09.07-14.49.24:242][477]LogOnline: OSS: TryLoadSubsystemAndSetDefault: Loaded subsystem for module [NULL]
[2024.09.07-14.49.24:243][477]LogPlayLevel: Creating play world package: /Game/Dialogue/UEDPIE_0_DialogueWorld
[2024.09.07-14.49.24:243][477]LogPlayLevel: PIE: StaticDuplicateObject took: (0.000493s)
[2024.09.07-14.49.24:244][477]LogAIModule: Creating AISystem for world DialogueWorld
[2024.09.07-14.49.24:244][477]LogPlayLevel: PIE: World Init took: (0.000821s)
[2024.09.07-14.49.24:244][477]LogPlayLevel: PIE: Created PIE world by copying editor world from /Game/Dialogue/DialogueWorld.DialogueWorld to /Game/Dialogue/UEDPIE_0_DialogueWorld.DialogueWorld (0.001647s)
[2024.09.07-14.49.24:247][477]LogUObjectHash: Compacting FUObjectHashTables data took   0.46ms
[2024.09.07-14.49.24:252][477]LogSlate: InvalidateAllWidgets triggered.  All widgets were invalidated
[2024.09.07-14.49.24:252][477]LogAudio: Display: Creating Audio Device:                 Id: 2, Scope: Unique, Realtime: True
[2024.09.07-14.49.24:252][477]LogAudioMixer: Display: Audio Mixer Platform Settings:
[2024.09.07-14.49.24:253][477]LogAudioMixer: Display: 	Sample Rate:						  48000
[2024.09.07-14.49.24:253][477]LogAudioMixer: Display: 	Callback Buffer Frame Size Requested: 1024
[2024.09.07-14.49.24:253][477]LogAudioMixer: Display: 	Callback Buffer Frame Size To Use:	  1024
[2024.09.07-14.49.24:253][477]LogAudioMixer: Display: 	Number of buffers to queue:			  2
[2024.09.07-14.49.24:253][477]LogAudioMixer: Display: 	Max Channels (voices):				  32
[2024.09.07-14.49.24:253][477]LogAudioMixer: Display: 	Number of Async Source Workers:		  0
[2024.09.07-14.49.24:253][477]LogAudio: Display: AudioDevice MaxSources: 32
[2024.09.07-14.49.24:254][477]LogAudio: Display: Audio Spatialization Plugin: None (built-in).
[2024.09.07-14.49.24:254][477]LogAudio: Display: Audio Reverb Plugin: None (built-in).
[2024.09.07-14.49.24:254][477]LogAudio: Display: Audio Occlusion Plugin: None (built-in).
[2024.09.07-14.49.24:254][477]LogAudioMixer: Display: Initializing audio mixer.
[2024.09.07-14.49.24:269][477]LogAudioMixer: Display: 0: FrontLeft
[2024.09.07-14.49.24:269][477]LogAudioMixer: Display: 1: FrontRight
[2024.09.07-14.49.24:284][477]LogAudioMixer: Display: Using Audio Device 스피커(ABKO N550)
[2024.09.07-14.49.24:285][477]LogAudioMixer: Display: Initializing Sound Submixes...
[2024.09.07-14.49.24:285][477]LogAudioMixer: Display: Creating Master Submix 'MasterSubmixDefault'
[2024.09.07-14.49.24:285][477]LogAudioMixer: Display: Creating Master Submix 'MasterReverbSubmixDefault'
[2024.09.07-14.49.24:285][477]LogAudioMixer: Display: Creating Master Submix 'MasterEQSubmixDefault'
[2024.09.07-14.49.24:286][477]LogAudioMixer: FMixerPlatformXAudio2::StartAudioStream() called
[2024.09.07-14.49.24:286][477]LogAudioMixer: Display: Output buffers initialized: Frames=1024, Channels=2, Samples=2048
[2024.09.07-14.49.24:287][477]LogAudioMixer: Display: Starting AudioMixerPlatformInterface::RunInternal()
[2024.09.07-14.49.24:287][477]LogAudioMixer: Display: FMixerPlatformXAudio2::SubmitBuffer() called for the first time
[2024.09.07-14.49.24:287][477]LogInit: FAudioDevice initialized.
[2024.09.07-14.49.24:287][477]LogAudio: Display: Audio Device (ID: 2) registered with world 'DialogueWorld'.
[2024.09.07-14.49.24:296][477]LogLoad: Game class is 'IH_GameMode_DialgueTool'
[2024.09.07-14.49.24:297][477]LogWorld: Bringing World /Game/Dialogue/UEDPIE_0_DialogueWorld.DialogueWorld up for play (max tick rate 0) at 2024.09.07-23.49.24
[2024.09.07-14.49.24:297][477]LogWorld: Bringing up level for play took: 0.000328
[2024.09.07-14.49.24:297][477]LogOnline: OSS: Creating online subsystem instance for: :Context_1
[2024.09.07-14.49.24:300][477]LogNativeClassHierarchy: Verbose: Native class hierarchy updated for 'MovieSceneCapture' in 0.0003 seconds. Added 20 classes and 0 folders.
[2024.09.07-14.49.24:311][477]PIE: 서버가 로그인했습니다.
[2024.09.07-14.49.24:312][477]PIE: 에디터에서 플레이 총 시작 시간 0.075초입니다.
[2024.09.07-14.49.24:355][478]LogUObjectHash: Compacting FUObjectHashTables data took   0.46ms
[2024.09.07-14.49.30:198][170]LogSlate: Updating window title bar state: overlay mode, drag disabled, window buttons hidden, title bar hidden
[2024.09.07-14.49.30:199][170]LogWorld: BeginTearingDown for /Game/Dialogue/UEDPIE_0_DialogueWorld
[2024.09.07-14.49.30:199][170]LogWorld: UWorld::CleanupWorld for DialogueWorld, bSessionEnded=true, bCleanupResources=true
[2024.09.07-14.49.30:199][170]LogSlate: InvalidateAllWidgets triggered.  All widgets were invalidated
[2024.09.07-14.49.30:207][170]LogPlayLevel: Display: Shutting down PIE online subsystems
[2024.09.07-14.49.30:209][170]LogSlate: InvalidateAllWidgets triggered.  All widgets were invalidated
[2024.09.07-14.49.30:211][170]LogSlate: Updating window title bar state: overlay mode, drag disabled, window buttons hidden, title bar hidden
[2024.09.07-14.49.30:211][170]LogAudioMixer: FMixerPlatformXAudio2::StopAudioStream() called
[2024.09.07-14.49.30:212][170]LogAudioMixer: FMixerPlatformXAudio2::StopAudioStream() called
[2024.09.07-14.49.30:215][170]LogUObjectHash: Compacting FUObjectHashTables data took   0.43ms
[2024.09.07-14.49.30:273][177]LogPlayLevel: Display: Destroying online subsystem :Context_1
