Log file open, 08/24/24 19:55:12
LogWindows: Failed to load 'aqProf.dll' (GetLastError=126)
LogWindows: File 'aqProf.dll' does not exist
LogWindows: Failed to load 'VtuneApi.dll' (GetLastError=126)
LogWindows: File 'VtuneApi.dll' does not exist
LogWindows: Failed to load 'VtuneApi32e.dll' (GetLastError=126)
LogWindows: File 'VtuneApi32e.dll' does not exist
LogConsoleResponse: Display: Failed to find resolution value strings in scalability ini. Falling back to default.
LogConsoleResponse: Display: Failed to find resolution value strings in scalability ini. Falling back to default.
LogInit: Display: Running engine for game: InsectHeaven
LogPlatformFile: Not using cached read wrapper
LogTaskGraph: Started task graph with 5 named threads and 20 total threads with 3 sets of task threads.
LogStats: Stats thread started at 0.596626
LogICUInternationalization: ICU TimeZone Detection - Raw Offset: +9:00, Platform Override: ''
LogInit: Display: Loading text-based GConfig....
LogPluginManager: Mounting plugin MeshPainting
LogPluginManager: Mounting plugin XGEController
LogPluginManager: Mounting plugin AISupport
LogPluginManager: Mounting plugin Paper2D
LogPluginManager: Mounting plugin EnvironmentQueryEditor
LogPluginManager: Mounting plugin LiveLink
LogPluginManager: Mounting plugin LightPropagationVolume
LogPluginManager: Mounting plugin CameraShakePreviewer
LogPluginManager: Mounting plugin GameplayCameras
LogPluginManager: Mounting plugin OodleData
LogPluginManager: Mounting plugin OodleNetwork
LogPluginManager: Mounting plugin AnimationSharing
LogPluginManager: Mounting plugin CLionSourceCodeAccess
LogPluginManager: Mounting plugin CodeLiteSourceCodeAccess
LogPluginManager: Mounting plugin GitSourceControl
LogPluginManager: Mounting plugin KDevelopSourceCodeAccess
LogPluginManager: Mounting plugin NullSourceCodeAccess
LogPluginManager: Mounting plugin PixWinPlugin
LogPluginManager: Mounting plugin PlasticSourceControl
LogPluginManager: Mounting plugin PluginUtils
LogPluginManager: Mounting plugin RiderSourceCodeAccess
LogPluginManager: Mounting plugin PropertyAccessNode
LogPluginManager: Mounting plugin SubversionSourceControl
LogPluginManager: Mounting plugin TextureFormatOodle
LogPluginManager: Mounting plugin PerforceSourceControl
LogPluginManager: Mounting plugin VisualStudioCodeSourceCodeAccess
LogPluginManager: Mounting plugin VisualStudioSourceCodeAccess
LogPluginManager: Mounting plugin XCodeSourceCodeAccess
LogPluginManager: Mounting plugin AssetManagerEditor
LogPluginManager: Mounting plugin UObjectPlugin
LogPluginManager: Mounting plugin CryptoKeys
LogPluginManager: Mounting plugin DataValidation
LogPluginManager: Mounting plugin EditorScriptingUtilities
LogPluginManager: Mounting plugin FacialAnimation
LogPluginManager: Mounting plugin CurveEditorTools
LogPluginManager: Mounting plugin GameplayTagsEditor
LogPluginManager: Mounting plugin GeometryMode
LogPluginManager: Mounting plugin MacGraphicsSwitching
LogPluginManager: Mounting plugin MobileLauncherProfileWizard
LogPluginManager: Mounting plugin PluginBrowser
LogPluginManager: Mounting plugin MaterialAnalyzer
LogPluginManager: Mounting plugin SpeedTreeImporter
LogPluginManager: Mounting plugin DatasmithContent
LogPluginManager: Mounting plugin VariantManagerContent
LogPluginManager: Mounting plugin AlembicImporter
LogPluginManager: Mounting plugin AutomationUtils
LogPluginManager: Mounting plugin BackChannel
LogPluginManager: Mounting plugin ChaosCloth
LogPluginManager: Mounting plugin ChaosClothEditor
LogPluginManager: Mounting plugin ChaosEditor
LogPluginManager: Mounting plugin ChaosNiagara
LogPluginManager: Mounting plugin ChaosSolverPlugin
LogPluginManager: Mounting plugin CharacterAI
LogPluginManager: Mounting plugin GeometryCache
LogPluginManager: Mounting plugin GeometryCollectionPlugin
LogPluginManager: Mounting plugin Niagara
LogPluginManager: Mounting plugin GeometryProcessing
LogPluginManager: Mounting plugin MotoSynth
LogPluginManager: Mounting plugin OpenImageDenoise
LogPluginManager: Mounting plugin PlanarCut
LogPluginManager: Mounting plugin PlatformCrypto
LogPluginManager: Mounting plugin ProxyLODPlugin
LogPluginManager: Mounting plugin PythonScriptPlugin
LogPluginManager: Mounting plugin SkeletalReduction
LogPluginManager: Mounting plugin LuminPlatformFeatures
LogPluginManager: Mounting plugin MagicLeap
LogPluginManager: Mounting plugin MagicLeapLightEstimation
LogPluginManager: Mounting plugin MagicLeapMedia
LogPluginManager: Mounting plugin MagicLeapPassableWorld
LogPluginManager: Mounting plugin MLSDK
LogPluginManager: Mounting plugin AndroidMedia
LogPluginManager: Mounting plugin AvfMedia
LogPluginManager: Mounting plugin ImgMedia
LogPluginManager: Mounting plugin MediaCompositing
LogPluginManager: Mounting plugin MediaPlayerEditor
LogPluginManager: Mounting plugin WebMMedia
LogPluginManager: Mounting plugin WmfMedia
LogPluginManager: Mounting plugin TcpMessaging
LogPluginManager: Mounting plugin ActorSequence
LogPluginManager: Mounting plugin UdpMessaging
LogPluginManager: Mounting plugin LevelSequenceEditor
LogPluginManager: Mounting plugin MatineeToLevelSequence
LogPluginManager: Mounting plugin TemplateSequence
LogPluginManager: Mounting plugin OnlineSubsystem
LogPluginManager: Mounting plugin OnlineSubsystemUtils
LogPluginManager: Mounting plugin OnlineSubsystemNull
LogPluginManager: Mounting plugin LauncherChunkInstaller
LogPluginManager: Mounting plugin ActorLayerUtilities
LogPluginManager: Mounting plugin AndroidMoviePlayer
LogPluginManager: Mounting plugin AndroidDeviceProfileSelector
LogPluginManager: Mounting plugin AndroidPermission
LogPluginManager: Mounting plugin AppleImageUtils
LogPluginManager: Mounting plugin AppleMoviePlayer
LogPluginManager: Mounting plugin ArchVisCharacter
LogPluginManager: Mounting plugin AssetTags
LogPluginManager: Mounting plugin AudioCapture
LogPluginManager: Mounting plugin AudioSynesthesia
LogPluginManager: Mounting plugin CableComponent
LogPluginManager: Mounting plugin ChunkDownloader
LogPluginManager: Mounting plugin CustomMeshComponent
LogPluginManager: Mounting plugin ExampleDeviceProfileSelector
LogPluginManager: Mounting plugin EditableMesh
LogPluginManager: Mounting plugin GoogleCloudMessaging
LogPluginManager: Mounting plugin GooglePAD
LogPluginManager: Mounting plugin IOSDeviceProfileSelector
LogPluginManager: Mounting plugin LinuxDeviceProfileSelector
LogPluginManager: Mounting plugin LocationServicesBPLibrary
LogPluginManager: Mounting plugin MobilePatchingUtils
LogPluginManager: Mounting plugin OpenXR
LogPluginManager: Mounting plugin OpenXREyeTracker
LogPluginManager: Mounting plugin OpenXRHandTracking
LogPluginManager: Mounting plugin PhysXVehicles
LogPluginManager: Mounting plugin PostSplashScreen
LogPluginManager: Mounting plugin ProceduralMeshComponent
LogPluginManager: Mounting plugin PropertyAccessEditor
LogPluginManager: Mounting plugin RuntimePhysXCooking
LogPluginManager: Mounting plugin SignificanceManager
LogPluginManager: Mounting plugin SoundFields
LogPluginManager: Mounting plugin Synthesis
LogPluginManager: Mounting plugin WebMMoviePlayer
LogPluginManager: Mounting plugin WindowsMoviePlayer
LogPluginManager: Mounting plugin ScreenshotTools
LogPluginManager: Mounting plugin Takes
LogPluginManager: Mounting plugin ContentBrowserAssetDataSource
LogPluginManager: Mounting plugin ContentBrowserClassDataSource
LogPluginManager: Mounting plugin ContentBrowserFileDataSource
LogPluginManager: Mounting plugin OnlineSubsystemGooglePlay
LogPluginManager: Mounting plugin OnlineSubsystemIOS
LogPluginManager: Mounting plugin OculusVR
LogPluginManager: Mounting plugin SteamVR
PixWinPlugin: PIX capture plugin failed to initialize! Check that the process is launched from PIX.
LogInit: Using libcurl 7.55.1-DEV
LogInit:  - built for x86_64-pc-win32
LogInit:  - supports SSL with OpenSSL/1.1.1
LogInit:  - supports HTTP deflate (compression) using libz 1.2.8
LogInit:  - other features:
LogInit:      CURL_VERSION_SSL
LogInit:      CURL_VERSION_LIBZ
LogInit:      CURL_VERSION_IPV6
LogInit:      CURL_VERSION_ASYNCHDNS
LogInit:      CURL_VERSION_LARGEFILE
LogInit:      CURL_VERSION_IDN
LogInit:  CurlRequestOptions (configurable via config and command line):
LogInit:  - bVerifyPeer = true  - Libcurl will verify peer certificate
LogInit:  - bUseHttpProxy = false  - Libcurl will NOT use HTTP proxy
LogInit:  - bDontReuseConnections = false  - Libcurl will reuse connections
LogInit:  - MaxHostConnections = 16  - Libcurl will limit the number of connections to a host
LogInit:  - LocalHostAddr = Default
LogInit:  - BufferSize = 65536
LogOnline: OSS: Creating online subsystem instance for: NULL
LogInit: WinSock: version 1.1 (2.2), MaxSocks=32767, MaxUdp=65467
LogOnline: OSS: TryLoadSubsystemAndSetDefault: Loaded subsystem for module [NULL]
LogOculusPluginWrapper: OculusPlugin initialized successfully
LogHMD: Failed initializing OVRPlugin 1.59.0
LogInit: Build: ++UE4+Release-4.27-CL-18319896
LogInit: Engine Version: 4.27.2-18319896+++UE4+Release-4.27
LogInit: Compatible Engine Version: 4.27.0-17155196+++UE4+Release-4.27
LogInit: Net CL: 17155196
LogInit: OS: Windows 10 (Release 2009) (), CPU: Intel(R) Core(TM) i5-8600K CPU @ 3.60GHz, GPU: NVIDIA GeForce GTX 1060 3GB
LogInit: Compiled (64-bit): Nov 30 2021 07:12:08
LogInit: Compiled with Visual C++: 19.24.28315.00
LogInit: Build Configuration: DebugGame
LogInit: Branch Name: ++UE4+Release-4.27
LogInit: Command Line:  -skipcompile
LogInit: Base Directory: C:/UE_4.27/Engine/Binaries/Win64/
LogInit: Allocator: TBB
LogInit: Installed Engine Build: 1
LogDevObjectVersion: Number of dev versions registered: 29
LogDevObjectVersion:   Dev-Blueprints (B0D832E4-1F89-4F0D-ACCF-7EB736FD4AA2): 10
LogDevObjectVersion:   Dev-Build (E1C64328-A22C-4D53-A36C-8E866417BD8C): 0
LogDevObjectVersion:   Dev-Core (375EC13C-06E4-48FB-B500-84F0262A717E): 4
LogDevObjectVersion:   Dev-Editor (E4B068ED-F494-42E9-A231-DA0B2E46BB41): 40
LogDevObjectVersion:   Dev-Framework (CFFC743F-43B0-4480-9391-14DF171D2073): 37
LogDevObjectVersion:   Dev-Mobile (B02B49B5-BB20-44E9-A304-32B752E40360): 3
LogDevObjectVersion:   Dev-Networking (A4E4105C-59A1-49B5-A7C5-40C4547EDFEE): 0
LogDevObjectVersion:   Dev-Online (39C831C9-5AE6-47DC-9A44-9C173E1C8E7C): 0
LogDevObjectVersion:   Dev-Physics (78F01B33-EBEA-4F98-B9B4-84EACCB95AA2): 14
LogDevObjectVersion:   Dev-Platform (6631380F-2D4D-43E0-8009-CF276956A95A): 0
LogDevObjectVersion:   Dev-Rendering (12F88B9F-8875-4AFC-A67C-D90C383ABD29): 45
LogDevObjectVersion:   Dev-Sequencer (7B5AE74C-D270-4C10-A958-57980B212A5A): 13
LogDevObjectVersion:   Dev-VR (D7296918-1DD6-4BDD-9DE2-64A83CC13884): 3
LogDevObjectVersion:   Dev-LoadTimes (C2A15278-BFE7-4AFE-6C17-90FF531DF755): 1
LogDevObjectVersion:   Private-Geometry (6EACA3D4-40EC-4CC1-B786-8BED09428FC5): 3
LogDevObjectVersion:   Dev-AnimPhys (29E575DD-E0A3-4627-9D10-D276232CDCEA): 17
LogDevObjectVersion:   Dev-Anim (AF43A65D-7FD3-4947-9873-3E8ED9C1BB05): 15
LogDevObjectVersion:   Dev-ReflectionCapture (6B266CEC-1EC7-4B8F-A30B-E4D90942FC07): 1
LogDevObjectVersion:   Dev-Automation (0DF73D61-A23F-47EA-B727-89E90C41499A): 1
LogDevObjectVersion:   FortniteMain (601D1886-AC64-4F84-AA16-D3DE0DEAC7D6): 47
LogDevObjectVersion:   FortniteRelease (E7086368-6B23-4C58-8439-1B7016265E91): 1
LogDevObjectVersion:   Dev-Enterprise (9DFFBCD6-494F-0158-E221-12823C92A888): 10
LogDevObjectVersion:   Dev-Niagara (F2AED0AC-9AFE-416F-8664-AA7FFA26D6FC): 1
LogDevObjectVersion:   Dev-Destruction (174F1F0B-B4C6-45A5-B13F-2EE8D0FB917D): 10
LogDevObjectVersion:   Dev-Physics-Ext (35F94A83-E258-406C-A318-09F59610247C): 41
LogDevObjectVersion:   Dev-PhysicsMaterial-Chaos (B68FC16E-8B1B-42E2-B453-215C058844FE): 1
LogDevObjectVersion:   Dev-CineCamera (B2E18506-4273-CFC2-A54E-F4BB758BBA07): 1
LogDevObjectVersion:   Dev-VirtualProduction (64F58936-FD1B-42BA-BA96-7289D5D0FA4E): 1
LogDevObjectVersion:   Dev-MediaFramework (6F0ED827-A609-4895-9C91-998D90180EA4): 2
LogInit: Presizing for max 25165824 objects, including 0 objects not considered by GC, pre-allocating 0 bytes for permanent pool.
LogConfig: Applying CVar settings from Section [/Script/Engine.StreamingSettings] File [D:/Users/PC/Documents/GitHub/NewNewInsectHeaven/InsectHeaven/Saved/Config/Windows/Engine.ini]
LogConfig: Setting CVar [[s.MinBulkDataSizeForAsyncLoading:131072]]
LogConfig: Setting CVar [[s.AsyncLoadingThreadEnabled:0]]
LogConfig: Setting CVar [[s.EventDrivenLoaderEnabled:1]]
LogConfig: Setting CVar [[s.WarnIfTimeLimitExceeded:0]]
LogConfig: Setting CVar [[s.TimeLimitExceededMultiplier:1.5]]
LogConfig: Setting CVar [[s.TimeLimitExceededMinTime:0.005]]
LogConfig: Setting CVar [[s.UseBackgroundLevelStreaming:1]]
LogConfig: Setting CVar [[s.PriorityAsyncLoadingExtraTime:15.0]]
LogConfig: Setting CVar [[s.LevelStreamingActorsUpdateTimeLimit:5.0]]
LogConfig: Setting CVar [[s.PriorityLevelStreamingActorsUpdateExtraTime:5.0]]
LogConfig: Setting CVar [[s.LevelStreamingComponentsRegistrationGranularity:10]]
LogConfig: Setting CVar [[s.UnregisterComponentsTimeLimit:1.0]]
LogConfig: Setting CVar [[s.LevelStreamingComponentsUnregistrationGranularity:5]]
LogConfig: Setting CVar [[s.FlushStreamingOnExit:1]]
LogInit: Object subsystem initialized
LogConfig: Setting CVar [[con.DebugEarlyDefault:1]]
LogConfig: Setting CVar [[r.setres:1280x720]]
[2024.08.24-10.55.13:886][  0]LogConfig: Setting CVar [[r.VSync:0]]
[2024.08.24-10.55.13:886][  0]LogConfig: Setting CVar [[r.RHICmdBypass:0]]
[2024.08.24-10.55.13:886][  0]LogConfig: Applying CVar settings from Section [/Script/Engine.RendererSettings] File [D:/Users/PC/Documents/GitHub/NewNewInsectHeaven/InsectHeaven/Saved/Config/Windows/Engine.ini]
[2024.08.24-10.55.13:886][  0]LogConfig: Setting CVar [[r.GPUCrashDebugging:0]]
[2024.08.24-10.55.13:886][  0]LogConfig: Applying CVar settings from Section [/Script/Engine.RendererOverrideSettings] File [D:/Users/PC/Documents/GitHub/NewNewInsectHeaven/InsectHeaven/Saved/Config/Windows/Engine.ini]
[2024.08.24-10.55.13:886][  0]LogConfig: Applying CVar settings from Section [/Script/Engine.StreamingSettings] File [D:/Users/PC/Documents/GitHub/NewNewInsectHeaven/InsectHeaven/Saved/Config/Windows/Engine.ini]
[2024.08.24-10.55.13:886][  0]LogConfig: Setting CVar [[s.MinBulkDataSizeForAsyncLoading:131072]]
[2024.08.24-10.55.13:886][  0]LogConfig: Setting CVar [[s.AsyncLoadingThreadEnabled:0]]
[2024.08.24-10.55.13:886][  0]LogConfig: Setting CVar [[s.EventDrivenLoaderEnabled:1]]
[2024.08.24-10.55.13:886][  0]LogConfig: Setting CVar [[s.WarnIfTimeLimitExceeded:0]]
[2024.08.24-10.55.13:887][  0]LogConfig: Setting CVar [[s.TimeLimitExceededMultiplier:1.5]]
[2024.08.24-10.55.13:887][  0]LogConfig: Setting CVar [[s.TimeLimitExceededMinTime:0.005]]
[2024.08.24-10.55.13:887][  0]LogConfig: Setting CVar [[s.UseBackgroundLevelStreaming:1]]
[2024.08.24-10.55.13:887][  0]LogConfig: Setting CVar [[s.PriorityAsyncLoadingExtraTime:15.0]]
[2024.08.24-10.55.13:887][  0]LogConfig: Setting CVar [[s.LevelStreamingActorsUpdateTimeLimit:5.0]]
[2024.08.24-10.55.13:887][  0]LogConfig: Setting CVar [[s.PriorityLevelStreamingActorsUpdateExtraTime:5.0]]
[2024.08.24-10.55.13:887][  0]LogConfig: Setting CVar [[s.LevelStreamingComponentsRegistrationGranularity:10]]
[2024.08.24-10.55.13:887][  0]LogConfig: Setting CVar [[s.UnregisterComponentsTimeLimit:1.0]]
[2024.08.24-10.55.13:887][  0]LogConfig: Setting CVar [[s.LevelStreamingComponentsUnregistrationGranularity:5]]
[2024.08.24-10.55.13:887][  0]LogConfig: Setting CVar [[s.FlushStreamingOnExit:1]]
[2024.08.24-10.55.13:887][  0]LogConfig: Applying CVar settings from Section [/Script/Engine.GarbageCollectionSettings] File [D:/Users/PC/Documents/GitHub/NewNewInsectHeaven/InsectHeaven/Saved/Config/Windows/Engine.ini]
[2024.08.24-10.55.13:887][  0]LogConfig: Setting CVar [[gc.MaxObjectsNotConsideredByGC:1]]
[2024.08.24-10.55.13:887][  0]LogConfig: Setting CVar [[gc.SizeOfPermanentObjectPool:0]]
[2024.08.24-10.55.13:887][  0]LogConfig: Setting CVar [[gc.FlushStreamingOnGC:0]]
[2024.08.24-10.55.13:887][  0]LogConfig: Setting CVar [[gc.NumRetriesBeforeForcingGC:10]]
[2024.08.24-10.55.13:887][  0]LogConfig: Setting CVar [[gc.AllowParallelGC:1]]
[2024.08.24-10.55.13:887][  0]LogConfig: Setting CVar [[gc.TimeBetweenPurgingPendingKillObjects:61.1]]
[2024.08.24-10.55.13:887][  0]LogConfig: Setting CVar [[gc.MaxObjectsInEditor:25165824]]
[2024.08.24-10.55.13:887][  0]LogConfig: Setting CVar [[gc.IncrementalBeginDestroyEnabled:1]]
[2024.08.24-10.55.13:888][  0]LogConfig: Setting CVar [[gc.CreateGCClusters:1]]
[2024.08.24-10.55.13:888][  0]LogConfig: Setting CVar [[gc.MinGCClusterSize:5]]
[2024.08.24-10.55.13:888][  0]LogConfig: Setting CVar [[gc.ActorClusteringEnabled:0]]
[2024.08.24-10.55.13:888][  0]LogConfig: Setting CVar [[gc.BlueprintClusteringEnabled:0]]
[2024.08.24-10.55.13:889][  0]LogConfig: Setting CVar [[gc.UseDisregardForGCOnDedicatedServers:0]]
[2024.08.24-10.55.13:891][  0]LogConfig: Setting CVar [[gc.MultithreadedDestructionEnabled:1]]
[2024.08.24-10.55.13:892][  0]LogConfig: Applying CVar settings from Section [/Script/Engine.NetworkSettings] File [D:/Users/PC/Documents/GitHub/NewNewInsectHeaven/InsectHeaven/Saved/Config/Windows/Engine.ini]
[2024.08.24-10.55.13:893][  0]LogConfig: Applying CVar settings from Section [/Script/UnrealEd.CookerSettings] File [D:/Users/PC/Documents/GitHub/NewNewInsectHeaven/InsectHeaven/Saved/Config/Windows/Engine.ini]
[2024.08.24-10.55.13:972][  0]LogConfig: Applying CVar settings from Section [ViewDistanceQuality@3] File [D:/Users/PC/Documents/GitHub/NewNewInsectHeaven/InsectHeaven/Saved/Config/Windows/Scalability.ini]
[2024.08.24-10.55.13:972][  0]LogConfig: Setting CVar [[r.SkeletalMeshLODBias:0]]
[2024.08.24-10.55.13:972][  0]LogConfig: Setting CVar [[r.ViewDistanceScale:1.0]]
[2024.08.24-10.55.13:972][  0]LogConfig: Applying CVar settings from Section [AntiAliasingQuality@3] File [D:/Users/PC/Documents/GitHub/NewNewInsectHeaven/InsectHeaven/Saved/Config/Windows/Scalability.ini]
[2024.08.24-10.55.13:972][  0]LogConfig: Setting CVar [[r.PostProcessAAQuality:4]]
[2024.08.24-10.55.13:972][  0]LogConfig: Applying CVar settings from Section [ShadowQuality@3] File [D:/Users/PC/Documents/GitHub/NewNewInsectHeaven/InsectHeaven/Saved/Config/Windows/Scalability.ini]
[2024.08.24-10.55.13:972][  0]LogConfig: Setting CVar [[r.LightFunctionQuality:1]]
[2024.08.24-10.55.13:972][  0]LogConfig: Setting CVar [[r.ShadowQuality:5]]
[2024.08.24-10.55.13:972][  0]LogConfig: Setting CVar [[r.Shadow.CSM.MaxCascades:10]]
[2024.08.24-10.55.13:972][  0]LogConfig: Setting CVar [[r.Shadow.MaxResolution:2048]]
[2024.08.24-10.55.13:972][  0]LogConfig: Setting CVar [[r.Shadow.MaxCSMResolution:2048]]
[2024.08.24-10.55.13:973][  0]LogConfig: Setting CVar [[r.Shadow.RadiusThreshold:0.01]]
[2024.08.24-10.55.13:973][  0]LogConfig: Setting CVar [[r.Shadow.DistanceScale:1.0]]
[2024.08.24-10.55.13:973][  0]LogConfig: Setting CVar [[r.Shadow.CSM.TransitionScale:1.0]]
[2024.08.24-10.55.13:973][  0]LogConfig: Setting CVar [[r.Shadow.PreShadowResolutionFactor:1.0]]
[2024.08.24-10.55.13:973][  0]LogConfig: Setting CVar [[r.DistanceFieldShadowing:1]]
[2024.08.24-10.55.13:973][  0]LogConfig: Setting CVar [[r.DistanceFieldAO:1]]
[2024.08.24-10.55.13:973][  0]LogConfig: Setting CVar [[r.AOQuality:2]]
[2024.08.24-10.55.13:973][  0]LogConfig: Setting CVar [[r.VolumetricFog:1]]
[2024.08.24-10.55.13:973][  0]LogConfig: Setting CVar [[r.VolumetricFog.GridPixelSize:8]]
[2024.08.24-10.55.13:973][  0]LogConfig: Setting CVar [[r.VolumetricFog.GridSizeZ:128]]
[2024.08.24-10.55.13:973][  0]LogConfig: Setting CVar [[r.VolumetricFog.HistoryMissSupersampleCount:4]]
[2024.08.24-10.55.13:973][  0]LogConfig: Setting CVar [[r.LightMaxDrawDistanceScale:1]]
[2024.08.24-10.55.13:974][  0]LogConfig: Setting CVar [[r.CapsuleShadows:1]]
[2024.08.24-10.55.13:974][  0]LogConfig: Applying CVar settings from Section [PostProcessQuality@3] File [D:/Users/PC/Documents/GitHub/NewNewInsectHeaven/InsectHeaven/Saved/Config/Windows/Scalability.ini]
[2024.08.24-10.55.13:974][  0]LogConfig: Setting CVar [[r.MotionBlurQuality:4]]
[2024.08.24-10.55.13:974][  0]LogConfig: Setting CVar [[r.AmbientOcclusionMipLevelFactor:0.4]]
[2024.08.24-10.55.13:974][  0]LogConfig: Setting CVar [[r.AmbientOcclusionMaxQuality:100]]
[2024.08.24-10.55.13:974][  0]LogConfig: Setting CVar [[r.AmbientOcclusionLevels:-1]]
[2024.08.24-10.55.13:974][  0]LogConfig: Setting CVar [[r.AmbientOcclusionRadiusScale:1.0]]
[2024.08.24-10.55.13:974][  0]LogConfig: Setting CVar [[r.DepthOfFieldQuality:2]]
[2024.08.24-10.55.13:974][  0]LogConfig: Setting CVar [[r.RenderTargetPoolMin:400]]
[2024.08.24-10.55.13:974][  0]LogConfig: Setting CVar [[r.LensFlareQuality:2]]
[2024.08.24-10.55.13:974][  0]LogConfig: Setting CVar [[r.SceneColorFringeQuality:1]]
[2024.08.24-10.55.13:975][  0]LogConfig: Setting CVar [[r.EyeAdaptationQuality:2]]
[2024.08.24-10.55.13:975][  0]LogConfig: Setting CVar [[r.BloomQuality:5]]
[2024.08.24-10.55.13:975][  0]LogConfig: Setting CVar [[r.FastBlurThreshold:100]]
[2024.08.24-10.55.13:975][  0]LogConfig: Setting CVar [[r.Upscale.Quality:3]]
[2024.08.24-10.55.13:975][  0]LogConfig: Setting CVar [[r.Tonemapper.GrainQuantization:1]]
[2024.08.24-10.55.13:975][  0]LogConfig: Setting CVar [[r.LightShaftQuality:1]]
[2024.08.24-10.55.13:975][  0]LogConfig: Setting CVar [[r.Filter.SizeScale:1]]
[2024.08.24-10.55.13:975][  0]LogConfig: Setting CVar [[r.Tonemapper.Quality:5]]
[2024.08.24-10.55.13:975][  0]LogConfig: Setting CVar [[r.DOF.Gather.AccumulatorQuality:1        ; higher gathering accumulator quality]]
[2024.08.24-10.55.13:975][  0]LogConfig: Setting CVar [[r.DOF.Gather.PostfilterMethod:1          ; Median3x3 postfilering method]]
[2024.08.24-10.55.13:975][  0]LogConfig: Setting CVar [[r.DOF.Gather.EnableBokehSettings:0       ; no bokeh simulation when gathering]]
[2024.08.24-10.55.13:975][  0]LogConfig: Setting CVar [[r.DOF.Gather.RingCount:4                 ; medium number of samples when gathering]]
[2024.08.24-10.55.13:975][  0]LogConfig: Setting CVar [[r.DOF.Scatter.ForegroundCompositing:1    ; additive foreground scattering]]
[2024.08.24-10.55.13:975][  0]LogConfig: Setting CVar [[r.DOF.Scatter.BackgroundCompositing:2    ; additive background scattering]]
[2024.08.24-10.55.13:975][  0]LogConfig: Setting CVar [[r.DOF.Scatter.EnableBokehSettings:1      ; bokeh simulation when scattering]]
[2024.08.24-10.55.13:975][  0]LogConfig: Setting CVar [[r.DOF.Scatter.MaxSpriteRatio:0.1         ; only a maximum of 10% of scattered bokeh]]
[2024.08.24-10.55.13:975][  0]LogConfig: Setting CVar [[r.DOF.Recombine.Quality:1                ; cheap slight out of focus]]
[2024.08.24-10.55.13:975][  0]LogConfig: Setting CVar [[r.DOF.Recombine.EnableBokehSettings:0    ; no bokeh simulation on slight out of focus]]
[2024.08.24-10.55.13:975][  0]LogConfig: Setting CVar [[r.DOF.TemporalAAQuality:1                ; more stable temporal accumulation]]
[2024.08.24-10.55.13:976][  0]LogConfig: Setting CVar [[r.DOF.Kernel.MaxForegroundRadius:0.025]]
[2024.08.24-10.55.13:976][  0]LogConfig: Setting CVar [[r.DOF.Kernel.MaxBackgroundRadius:0.025]]
[2024.08.24-10.55.13:976][  0]LogConfig: Applying CVar settings from Section [TextureQuality@3] File [D:/Users/PC/Documents/GitHub/NewNewInsectHeaven/InsectHeaven/Saved/Config/Windows/Scalability.ini]
[2024.08.24-10.55.13:976][  0]LogConfig: Setting CVar [[r.Streaming.MipBias:0]]
[2024.08.24-10.55.13:976][  0]LogConfig: Setting CVar [[r.Streaming.AmortizeCPUToGPUCopy:0]]
[2024.08.24-10.55.13:976][  0]LogConfig: Setting CVar [[r.Streaming.MaxNumTexturesToStreamPerFrame:0]]
[2024.08.24-10.55.13:976][  0]LogConfig: Setting CVar [[r.Streaming.Boost:1]]
[2024.08.24-10.55.13:976][  0]LogConfig: Setting CVar [[r.MaxAnisotropy:8]]
[2024.08.24-10.55.13:976][  0]LogConfig: Setting CVar [[r.VT.MaxAnisotropy:8]]
[2024.08.24-10.55.13:976][  0]LogConfig: Setting CVar [[r.Streaming.LimitPoolSizeToVRAM:0]]
[2024.08.24-10.55.13:976][  0]LogConfig: Setting CVar [[r.Streaming.PoolSize:1000]]
[2024.08.24-10.55.13:976][  0]LogConfig: Setting CVar [[r.Streaming.MaxEffectiveScreenSize:0]]
[2024.08.24-10.55.13:976][  0]LogConfig: Applying CVar settings from Section [EffectsQuality@3] File [D:/Users/PC/Documents/GitHub/NewNewInsectHeaven/InsectHeaven/Saved/Config/Windows/Scalability.ini]
[2024.08.24-10.55.13:976][  0]LogConfig: Setting CVar [[r.TranslucencyLightingVolumeDim:64]]
[2024.08.24-10.55.13:976][  0]LogConfig: Setting CVar [[r.RefractionQuality:2]]
[2024.08.24-10.55.13:977][  0]LogConfig: Setting CVar [[r.SSR.Quality:3]]
[2024.08.24-10.55.13:977][  0]LogConfig: Setting CVar [[r.SSR.HalfResSceneColor:0]]
[2024.08.24-10.55.13:977][  0]LogConfig: Setting CVar [[r.SceneColorFormat:4]]
[2024.08.24-10.55.13:977][  0]LogConfig: Setting CVar [[r.DetailMode:2]]
[2024.08.24-10.55.13:977][  0]LogConfig: Setting CVar [[r.TranslucencyVolumeBlur:1]]
[2024.08.24-10.55.13:977][  0]LogConfig: Setting CVar [[r.MaterialQualityLevel:1 ; High quality]]
[2024.08.24-10.55.13:977][  0]LogConfig: Setting CVar [[r.AnisotropicMaterials:1]]
[2024.08.24-10.55.13:977][  0]LogConfig: Setting CVar [[r.SSS.Scale:1]]
[2024.08.24-10.55.13:977][  0]LogConfig: Setting CVar [[r.SSS.SampleSet:2]]
[2024.08.24-10.55.13:977][  0]LogConfig: Setting CVar [[r.SSS.Quality:1]]
[2024.08.24-10.55.13:977][  0]LogConfig: Setting CVar [[r.SSS.HalfRes:0]]
[2024.08.24-10.55.13:977][  0]LogConfig: Setting CVar [[r.SSGI.Quality:3]]
[2024.08.24-10.55.13:977][  0]LogConfig: Setting CVar [[r.EmitterSpawnRateScale:1.0]]
[2024.08.24-10.55.13:977][  0]LogConfig: Setting CVar [[r.ParticleLightQuality:2]]
[2024.08.24-10.55.13:977][  0]LogConfig: Setting CVar [[r.SkyAtmosphere.AerialPerspectiveLUT.FastApplyOnOpaque:1 ; Always have FastSkyLUT 1 in this case to avoid wrong sky]]
[2024.08.24-10.55.13:978][  0]LogConfig: Setting CVar [[r.SkyAtmosphere.AerialPerspectiveLUT.SampleCountMaxPerSlice:4]]
[2024.08.24-10.55.13:978][  0]LogConfig: Setting CVar [[r.SkyAtmosphere.AerialPerspectiveLUT.DepthResolution:16.0]]
[2024.08.24-10.55.13:978][  0]LogConfig: Setting CVar [[r.SkyAtmosphere.FastSkyLUT:1]]
[2024.08.24-10.55.13:978][  0]LogConfig: Setting CVar [[r.SkyAtmosphere.FastSkyLUT.SampleCountMin:4.0]]
[2024.08.24-10.55.13:978][  0]LogConfig: Setting CVar [[r.SkyAtmosphere.FastSkyLUT.SampleCountMax:128.0]]
[2024.08.24-10.55.13:978][  0]LogConfig: Setting CVar [[r.SkyAtmosphere.SampleCountMin:4.0]]
[2024.08.24-10.55.13:978][  0]LogConfig: Setting CVar [[r.SkyAtmosphere.SampleCountMax:128.0]]
[2024.08.24-10.55.13:978][  0]LogConfig: Setting CVar [[r.SkyAtmosphere.TransmittanceLUT.UseSmallFormat:0]]
[2024.08.24-10.55.13:978][  0]LogConfig: Setting CVar [[r.SkyAtmosphere.TransmittanceLUT.SampleCount:10.0]]
[2024.08.24-10.55.13:978][  0]LogConfig: Setting CVar [[r.SkyAtmosphere.MultiScatteringLUT.SampleCount:15.0]]
[2024.08.24-10.55.13:978][  0]LogConfig: Setting CVar [[r.SkyLight.RealTimeReflectionCapture:1]]
[2024.08.24-10.55.13:978][  0]LogConfig: Applying CVar settings from Section [FoliageQuality@3] File [D:/Users/PC/Documents/GitHub/NewNewInsectHeaven/InsectHeaven/Saved/Config/Windows/Scalability.ini]
[2024.08.24-10.55.13:978][  0]LogConfig: Setting CVar [[foliage.DensityScale:1.0]]
[2024.08.24-10.55.13:978][  0]LogConfig: Setting CVar [[grass.DensityScale:1.0]]
[2024.08.24-10.55.13:978][  0]LogConfig: Applying CVar settings from Section [ShadingQuality@3] File [D:/Users/PC/Documents/GitHub/NewNewInsectHeaven/InsectHeaven/Saved/Config/Windows/Scalability.ini]
[2024.08.24-10.55.13:978][  0]LogConfig: Setting CVar [[r.HairStrands.SkyLighting.IntegrationType:2]]
[2024.08.24-10.55.13:978][  0]LogConfig: Setting CVar [[r.HairStrands.SkyAO.SampleCount:4]]
[2024.08.24-10.55.13:978][  0]LogConfig: Setting CVar [[r.HairStrands.Visibility.MSAA.SamplePerPixel:4]]
[2024.08.24-10.55.13:979][  0]LogInit: Selected Device Profile: [Windows]
[2024.08.24-10.55.13:979][  0]LogInit: Applying CVar settings loaded from the selected device profile: [Windows]
[2024.08.24-10.55.13:979][  0]LogHAL: Display: Platform has ~ 16 GB [17129017344 / 17179869184 / 16], which maps to Larger [LargestMinGB=32, LargerMinGB=12, DefaultMinGB=8, SmallerMinGB=6, SmallestMinGB=0)
[2024.08.24-10.55.13:979][  0]LogInit: Going up to parent DeviceProfile []
[2024.08.24-10.55.13:979][  0]LogConfig: Applying CVar settings from Section [ViewDistanceQuality@3] File [D:/Users/PC/Documents/GitHub/NewNewInsectHeaven/InsectHeaven/Saved/Config/Windows/Scalability.ini]
[2024.08.24-10.55.13:979][  0]LogConfig: Setting CVar [[r.SkeletalMeshLODBias:0]]
[2024.08.24-10.55.13:979][  0]LogConfig: Setting CVar [[r.ViewDistanceScale:1.0]]
[2024.08.24-10.55.13:979][  0]LogConfig: Applying CVar settings from Section [AntiAliasingQuality@3] File [D:/Users/PC/Documents/GitHub/NewNewInsectHeaven/InsectHeaven/Saved/Config/Windows/Scalability.ini]
[2024.08.24-10.55.13:979][  0]LogConfig: Setting CVar [[r.PostProcessAAQuality:4]]
[2024.08.24-10.55.13:979][  0]LogConfig: Applying CVar settings from Section [ShadowQuality@3] File [D:/Users/PC/Documents/GitHub/NewNewInsectHeaven/InsectHeaven/Saved/Config/Windows/Scalability.ini]
[2024.08.24-10.55.13:979][  0]LogConfig: Setting CVar [[r.LightFunctionQuality:1]]
[2024.08.24-10.55.13:979][  0]LogConfig: Setting CVar [[r.ShadowQuality:5]]
[2024.08.24-10.55.13:980][  0]LogConfig: Setting CVar [[r.Shadow.CSM.MaxCascades:10]]
[2024.08.24-10.55.13:980][  0]LogConfig: Setting CVar [[r.Shadow.MaxResolution:2048]]
[2024.08.24-10.55.13:980][  0]LogConfig: Setting CVar [[r.Shadow.MaxCSMResolution:2048]]
[2024.08.24-10.55.13:980][  0]LogConfig: Setting CVar [[r.Shadow.RadiusThreshold:0.01]]
[2024.08.24-10.55.13:980][  0]LogConfig: Setting CVar [[r.Shadow.DistanceScale:1.0]]
[2024.08.24-10.55.13:980][  0]LogConfig: Setting CVar [[r.Shadow.CSM.TransitionScale:1.0]]
[2024.08.24-10.55.13:980][  0]LogConfig: Setting CVar [[r.Shadow.PreShadowResolutionFactor:1.0]]
[2024.08.24-10.55.13:980][  0]LogConfig: Setting CVar [[r.DistanceFieldShadowing:1]]
[2024.08.24-10.55.13:980][  0]LogConfig: Setting CVar [[r.DistanceFieldAO:1]]
[2024.08.24-10.55.13:980][  0]LogConfig: Setting CVar [[r.AOQuality:2]]
[2024.08.24-10.55.13:980][  0]LogConfig: Setting CVar [[r.VolumetricFog:1]]
[2024.08.24-10.55.13:980][  0]LogConfig: Setting CVar [[r.VolumetricFog.GridPixelSize:8]]
[2024.08.24-10.55.13:981][  0]LogConfig: Setting CVar [[r.VolumetricFog.GridSizeZ:128]]
[2024.08.24-10.55.13:981][  0]LogConfig: Setting CVar [[r.VolumetricFog.HistoryMissSupersampleCount:4]]
[2024.08.24-10.55.13:981][  0]LogConfig: Setting CVar [[r.LightMaxDrawDistanceScale:1]]
[2024.08.24-10.55.13:981][  0]LogConfig: Setting CVar [[r.CapsuleShadows:1]]
[2024.08.24-10.55.13:981][  0]LogConfig: Applying CVar settings from Section [PostProcessQuality@3] File [D:/Users/PC/Documents/GitHub/NewNewInsectHeaven/InsectHeaven/Saved/Config/Windows/Scalability.ini]
[2024.08.24-10.55.13:981][  0]LogConfig: Setting CVar [[r.MotionBlurQuality:4]]
[2024.08.24-10.55.13:981][  0]LogConfig: Setting CVar [[r.AmbientOcclusionMipLevelFactor:0.4]]
[2024.08.24-10.55.13:981][  0]LogConfig: Setting CVar [[r.AmbientOcclusionMaxQuality:100]]
[2024.08.24-10.55.13:981][  0]LogConfig: Setting CVar [[r.AmbientOcclusionLevels:-1]]
[2024.08.24-10.55.13:981][  0]LogConfig: Setting CVar [[r.AmbientOcclusionRadiusScale:1.0]]
[2024.08.24-10.55.13:981][  0]LogConfig: Setting CVar [[r.DepthOfFieldQuality:2]]
[2024.08.24-10.55.13:982][  0]LogConfig: Setting CVar [[r.RenderTargetPoolMin:400]]
[2024.08.24-10.55.13:982][  0]LogConfig: Setting CVar [[r.LensFlareQuality:2]]
[2024.08.24-10.55.13:982][  0]LogConfig: Setting CVar [[r.SceneColorFringeQuality:1]]
[2024.08.24-10.55.13:982][  0]LogConfig: Setting CVar [[r.EyeAdaptationQuality:2]]
[2024.08.24-10.55.13:982][  0]LogConfig: Setting CVar [[r.BloomQuality:5]]
[2024.08.24-10.55.13:982][  0]LogConfig: Setting CVar [[r.FastBlurThreshold:100]]
[2024.08.24-10.55.13:982][  0]LogConfig: Setting CVar [[r.Upscale.Quality:3]]
[2024.08.24-10.55.13:982][  0]LogConfig: Setting CVar [[r.Tonemapper.GrainQuantization:1]]
[2024.08.24-10.55.13:982][  0]LogConfig: Setting CVar [[r.LightShaftQuality:1]]
[2024.08.24-10.55.13:982][  0]LogConfig: Setting CVar [[r.Filter.SizeScale:1]]
[2024.08.24-10.55.13:982][  0]LogConfig: Setting CVar [[r.Tonemapper.Quality:5]]
[2024.08.24-10.55.13:982][  0]LogConfig: Setting CVar [[r.DOF.Gather.AccumulatorQuality:1        ; higher gathering accumulator quality]]
[2024.08.24-10.55.13:982][  0]LogConfig: Setting CVar [[r.DOF.Gather.PostfilterMethod:1          ; Median3x3 postfilering method]]
[2024.08.24-10.55.13:982][  0]LogConfig: Setting CVar [[r.DOF.Gather.EnableBokehSettings:0       ; no bokeh simulation when gathering]]
[2024.08.24-10.55.13:982][  0]LogConfig: Setting CVar [[r.DOF.Gather.RingCount:4                 ; medium number of samples when gathering]]
[2024.08.24-10.55.13:982][  0]LogConfig: Setting CVar [[r.DOF.Scatter.ForegroundCompositing:1    ; additive foreground scattering]]
[2024.08.24-10.55.13:983][  0]LogConfig: Setting CVar [[r.DOF.Scatter.BackgroundCompositing:2    ; additive background scattering]]
[2024.08.24-10.55.13:983][  0]LogConfig: Setting CVar [[r.DOF.Scatter.EnableBokehSettings:1      ; bokeh simulation when scattering]]
[2024.08.24-10.55.13:983][  0]LogConfig: Setting CVar [[r.DOF.Scatter.MaxSpriteRatio:0.1         ; only a maximum of 10% of scattered bokeh]]
[2024.08.24-10.55.13:984][  0]LogConfig: Setting CVar [[r.DOF.Recombine.Quality:1                ; cheap slight out of focus]]
[2024.08.24-10.55.13:984][  0]LogConfig: Setting CVar [[r.DOF.Recombine.EnableBokehSettings:0    ; no bokeh simulation on slight out of focus]]
[2024.08.24-10.55.13:984][  0]LogConfig: Setting CVar [[r.DOF.TemporalAAQuality:1                ; more stable temporal accumulation]]
[2024.08.24-10.55.13:984][  0]LogConfig: Setting CVar [[r.DOF.Kernel.MaxForegroundRadius:0.025]]
[2024.08.24-10.55.13:984][  0]LogConfig: Setting CVar [[r.DOF.Kernel.MaxBackgroundRadius:0.025]]
[2024.08.24-10.55.13:984][  0]LogConfig: Applying CVar settings from Section [TextureQuality@3] File [D:/Users/PC/Documents/GitHub/NewNewInsectHeaven/InsectHeaven/Saved/Config/Windows/Scalability.ini]
[2024.08.24-10.55.13:984][  0]LogConfig: Setting CVar [[r.Streaming.MipBias:0]]
[2024.08.24-10.55.13:984][  0]LogConfig: Setting CVar [[r.Streaming.AmortizeCPUToGPUCopy:0]]
[2024.08.24-10.55.13:985][  0]LogConfig: Setting CVar [[r.Streaming.MaxNumTexturesToStreamPerFrame:0]]
[2024.08.24-10.55.13:985][  0]LogConfig: Setting CVar [[r.Streaming.Boost:1]]
[2024.08.24-10.55.13:985][  0]LogConfig: Setting CVar [[r.MaxAnisotropy:8]]
[2024.08.24-10.55.13:985][  0]LogConfig: Setting CVar [[r.VT.MaxAnisotropy:8]]
[2024.08.24-10.55.13:985][  0]LogConfig: Setting CVar [[r.Streaming.LimitPoolSizeToVRAM:0]]
[2024.08.24-10.55.13:985][  0]LogConfig: Setting CVar [[r.Streaming.PoolSize:1000]]
[2024.08.24-10.55.13:985][  0]LogConfig: Setting CVar [[r.Streaming.MaxEffectiveScreenSize:0]]
[2024.08.24-10.55.13:985][  0]LogConfig: Applying CVar settings from Section [EffectsQuality@3] File [D:/Users/PC/Documents/GitHub/NewNewInsectHeaven/InsectHeaven/Saved/Config/Windows/Scalability.ini]
[2024.08.24-10.55.13:985][  0]LogConfig: Setting CVar [[r.TranslucencyLightingVolumeDim:64]]
[2024.08.24-10.55.13:985][  0]LogConfig: Setting CVar [[r.RefractionQuality:2]]
[2024.08.24-10.55.13:985][  0]LogConfig: Setting CVar [[r.SSR.Quality:3]]
[2024.08.24-10.55.13:985][  0]LogConfig: Setting CVar [[r.SSR.HalfResSceneColor:0]]
[2024.08.24-10.55.13:985][  0]LogConfig: Setting CVar [[r.SceneColorFormat:4]]
[2024.08.24-10.55.13:986][  0]LogConfig: Setting CVar [[r.DetailMode:2]]
[2024.08.24-10.55.13:986][  0]LogConfig: Setting CVar [[r.TranslucencyVolumeBlur:1]]
[2024.08.24-10.55.13:986][  0]LogConfig: Setting CVar [[r.MaterialQualityLevel:1 ; High quality]]
[2024.08.24-10.55.13:986][  0]LogConfig: Setting CVar [[r.AnisotropicMaterials:1]]
[2024.08.24-10.55.13:986][  0]LogConfig: Setting CVar [[r.SSS.Scale:1]]
[2024.08.24-10.55.13:986][  0]LogConfig: Setting CVar [[r.SSS.SampleSet:2]]
[2024.08.24-10.55.13:986][  0]LogConfig: Setting CVar [[r.SSS.Quality:1]]
[2024.08.24-10.55.13:986][  0]LogConfig: Setting CVar [[r.SSS.HalfRes:0]]
[2024.08.24-10.55.13:986][  0]LogConfig: Setting CVar [[r.SSGI.Quality:3]]
[2024.08.24-10.55.13:986][  0]LogConfig: Setting CVar [[r.EmitterSpawnRateScale:1.0]]
[2024.08.24-10.55.13:986][  0]LogConfig: Setting CVar [[r.ParticleLightQuality:2]]
[2024.08.24-10.55.13:986][  0]LogConfig: Setting CVar [[r.SkyAtmosphere.AerialPerspectiveLUT.FastApplyOnOpaque:1 ; Always have FastSkyLUT 1 in this case to avoid wrong sky]]
[2024.08.24-10.55.13:986][  0]LogConfig: Setting CVar [[r.SkyAtmosphere.AerialPerspectiveLUT.SampleCountMaxPerSlice:4]]
[2024.08.24-10.55.13:986][  0]LogConfig: Setting CVar [[r.SkyAtmosphere.AerialPerspectiveLUT.DepthResolution:16.0]]
[2024.08.24-10.55.13:986][  0]LogConfig: Setting CVar [[r.SkyAtmosphere.FastSkyLUT:1]]
[2024.08.24-10.55.13:987][  0]LogConfig: Setting CVar [[r.SkyAtmosphere.FastSkyLUT.SampleCountMin:4.0]]
[2024.08.24-10.55.13:987][  0]LogConfig: Setting CVar [[r.SkyAtmosphere.FastSkyLUT.SampleCountMax:128.0]]
[2024.08.24-10.55.13:987][  0]LogConfig: Setting CVar [[r.SkyAtmosphere.SampleCountMin:4.0]]
[2024.08.24-10.55.13:987][  0]LogConfig: Setting CVar [[r.SkyAtmosphere.SampleCountMax:128.0]]
[2024.08.24-10.55.13:987][  0]LogConfig: Setting CVar [[r.SkyAtmosphere.TransmittanceLUT.UseSmallFormat:0]]
[2024.08.24-10.55.13:987][  0]LogConfig: Setting CVar [[r.SkyAtmosphere.TransmittanceLUT.SampleCount:10.0]]
[2024.08.24-10.55.13:987][  0]LogConfig: Setting CVar [[r.SkyAtmosphere.MultiScatteringLUT.SampleCount:15.0]]
[2024.08.24-10.55.13:987][  0]LogConfig: Setting CVar [[r.SkyLight.RealTimeReflectionCapture:1]]
[2024.08.24-10.55.13:987][  0]LogConfig: Applying CVar settings from Section [FoliageQuality@3] File [D:/Users/PC/Documents/GitHub/NewNewInsectHeaven/InsectHeaven/Saved/Config/Windows/Scalability.ini]
[2024.08.24-10.55.13:987][  0]LogConfig: Setting CVar [[foliage.DensityScale:1.0]]
[2024.08.24-10.55.13:987][  0]LogConfig: Setting CVar [[grass.DensityScale:1.0]]
[2024.08.24-10.55.13:987][  0]LogConfig: Applying CVar settings from Section [ShadingQuality@3] File [D:/Users/PC/Documents/GitHub/NewNewInsectHeaven/InsectHeaven/Saved/Config/Windows/Scalability.ini]
[2024.08.24-10.55.13:987][  0]LogConfig: Setting CVar [[r.HairStrands.SkyLighting.IntegrationType:2]]
[2024.08.24-10.55.13:987][  0]LogConfig: Setting CVar [[r.HairStrands.SkyAO.SampleCount:4]]
[2024.08.24-10.55.13:987][  0]LogConfig: Setting CVar [[r.HairStrands.Visibility.MSAA.SamplePerPixel:4]]
[2024.08.24-10.55.13:987][  0]LogConfig: Applying CVar settings from Section [Startup] File [../../../Engine/Config/ConsoleVariables.ini]
[2024.08.24-10.55.13:988][  0]LogConfig: Setting CVar [[net.UseAdaptiveNetUpdateFrequency:0]]
[2024.08.24-10.55.13:988][  0]LogConfig: Setting CVar [[p.chaos.AllowCreatePhysxBodies:1]]
[2024.08.24-10.55.13:988][  0]LogConfig: Setting CVar [[fx.SkipVectorVMBackendOptimizations:1]]
[2024.08.24-10.55.13:988][  0]LogConfig: Applying CVar settings from Section [ConsoleVariables] File [D:/Users/PC/Documents/GitHub/NewNewInsectHeaven/InsectHeaven/Saved/Config/Windows/Engine.ini]
[2024.08.24-10.55.13:988][  0]LogConfig: Applying CVar settings from Section [ConsoleVariables] File [D:/Users/PC/Documents/GitHub/NewNewInsectHeaven/InsectHeaven/Saved/Config/Windows/Editor.ini]
[2024.08.24-10.55.13:988][  0]LogInit: Computer: DESKTOP-P2P91DD
[2024.08.24-10.55.13:988][  0]LogInit: User: PC
[2024.08.24-10.55.13:988][  0]LogInit: CPU Page size=4096, Cores=6
[2024.08.24-10.55.13:988][  0]LogInit: High frequency timer resolution =10.000000 MHz
[2024.08.24-10.55.13:989][  0]LogMemory: Memory total: Physical=16.0GB (16GB approx)
[2024.08.24-10.55.13:989][  0]LogMemory: Platform Memory Stats for Windows
[2024.08.24-10.55.13:989][  0]LogMemory: Process Physical Memory: 142.91 MB used, 142.91 MB peak
[2024.08.24-10.55.13:989][  0]LogMemory: Process Virtual Memory: 114.85 MB used, 114.85 MB peak
[2024.08.24-10.55.13:989][  0]LogMemory: Physical Memory: 9245.31 MB used,  7090.19 MB free, 16335.50 MB total
[2024.08.24-10.55.13:989][  0]LogMemory: Virtual Memory: 134202792.00 MB used,  14938.66 MB free, 134217728.00 MB total
[2024.08.24-10.55.14:035][  0]LogWindows: WindowsPlatformFeatures enabled
[2024.08.24-10.55.14:315][  0]LogInit: Physics initialised using underlying interface: PhysX
[2024.08.24-10.55.14:317][  0]LogInit: Using OS detected language (ko-KR).
[2024.08.24-10.55.14:317][  0]LogInit: Using OS detected locale (ko-KR).
[2024.08.24-10.55.14:327][  0]LogTextLocalizationManager: No specific localization for 'ko-KR' exists, so the 'ko' localization will be used.
[2024.08.24-10.55.14:483][  0]LogInit: Setting process to per monitor DPI aware
[2024.08.24-10.55.14:603][  0]LogWindowsTextInputMethodSystem: Display: IME system deactivated.
[2024.08.24-10.55.14:659][  0]LogSlate: New Slate User Created.  User Index 0, Is Virtual User: 0
[2024.08.24-10.55.14:659][  0]LogSlate: Slate User Registered.  User Index 0, Is Virtual User: 0
[2024.08.24-10.55.14:957][  0]LogD3D11RHI: Loaded GFSDK_Aftermath_Lib.x64.dll
[2024.08.24-10.55.14:969][  0]LogHMD: Failed to initialize OpenVR with code 110
[2024.08.24-10.55.14:969][  0]LogD3D11RHI: D3D11 min allowed feature level: 11_0
[2024.08.24-10.55.14:969][  0]LogD3D11RHI: D3D11 max allowed feature level: 11_0
[2024.08.24-10.55.14:969][  0]LogD3D11RHI: D3D11 adapters:
[2024.08.24-10.55.15:293][  0]LogD3D11RHI:    0. 'NVIDIA GeForce GTX 1060 3GB' (Feature Level 11_0)
[2024.08.24-10.55.15:293][  0]LogD3D11RHI:       2988/0/8167 MB DedicatedVideo/DedicatedSystem/SharedSystem, Outputs:2, VendorId:0x10de
[2024.08.24-10.55.15:306][  0]LogD3D11RHI:    1. 'Microsoft Basic Render Driver' (Feature Level 11_0)
[2024.08.24-10.55.15:306][  0]LogD3D11RHI:       0/0/8167 MB DedicatedVideo/DedicatedSystem/SharedSystem, Outputs:0, VendorId:0x1414
[2024.08.24-10.55.15:306][  0]LogD3D11RHI: Chosen D3D11 Adapter:
[2024.08.24-10.55.15:306][  0]LogD3D11RHI:     Description : NVIDIA GeForce GTX 1060 3GB
[2024.08.24-10.55.15:306][  0]LogD3D11RHI:     VendorId    : 10de
[2024.08.24-10.55.15:306][  0]LogD3D11RHI:     DeviceId    : 1c02
[2024.08.24-10.55.15:306][  0]LogD3D11RHI:     SubSysId    : 32871462
[2024.08.24-10.55.15:306][  0]LogD3D11RHI:     Revision    : 00a1
[2024.08.24-10.55.15:306][  0]LogD3D11RHI:     DedicatedVideoMemory : 3133145088 bytes
[2024.08.24-10.55.15:306][  0]LogD3D11RHI:     DedicatedSystemMemory : 0 bytes
[2024.08.24-10.55.15:306][  0]LogD3D11RHI:     SharedSystemMemory : 8564508672 bytes
[2024.08.24-10.55.15:306][  0]LogD3D11RHI:     AdapterLuid : 0 64982
[2024.08.24-10.55.15:332][  0]LogD3D11RHI: Creating new Direct3DDevice
[2024.08.24-10.55.15:332][  0]LogD3D11RHI:     GPU DeviceId: 0x1c02 (for the marketing name, search the web for "GPU Device Id")
[2024.08.24-10.55.15:332][  0]LogWindows: EnumDisplayDevices:
[2024.08.24-10.55.15:332][  0]LogWindows:    0. 'NVIDIA GeForce GTX 1060 3GB' (P:1 D:1)
[2024.08.24-10.55.15:334][  0]LogWindows:    1. 'NVIDIA GeForce GTX 1060 3GB' (P:0 D:1)
[2024.08.24-10.55.15:335][  0]LogWindows:    2. 'NVIDIA GeForce GTX 1060 3GB' (P:0 D:0)
[2024.08.24-10.55.15:336][  0]LogWindows:    3. 'NVIDIA GeForce GTX 1060 3GB' (P:0 D:0)
[2024.08.24-10.55.15:337][  0]LogWindows: DebugString: FoundDriverCount:4 
[2024.08.24-10.55.15:337][  0]LogD3D11RHI:     Adapter Name: NVIDIA GeForce GTX 1060 3GB
[2024.08.24-10.55.15:337][  0]LogD3D11RHI:   Driver Version: 457.51 (internal:27.21.14.5751, unified:457.51)
[2024.08.24-10.55.15:337][  0]LogD3D11RHI:      Driver Date: 11-22-2020
[2024.08.24-10.55.15:337][  0]LogRHI: Texture pool is 2091 MB (70% of 2988 MB)
[2024.08.24-10.55.15:337][  0]LogD3D11RHI: Creating D3DDevice using adapter:
[2024.08.24-10.55.15:337][  0]LogD3D11RHI:     Description : NVIDIA GeForce GTX 1060 3GB
[2024.08.24-10.55.15:337][  0]LogD3D11RHI:     VendorId    : 10de
[2024.08.24-10.55.15:337][  0]LogD3D11RHI:     DeviceId    : 1c02
[2024.08.24-10.55.15:337][  0]LogD3D11RHI:     SubSysId    : 32871462
[2024.08.24-10.55.15:337][  0]LogD3D11RHI:     Revision    : 00a1
[2024.08.24-10.55.15:337][  0]LogD3D11RHI:     DedicatedVideoMemory : 3133145088 bytes
[2024.08.24-10.55.15:338][  0]LogD3D11RHI:     DedicatedSystemMemory : 0 bytes
[2024.08.24-10.55.15:338][  0]LogD3D11RHI:     SharedSystemMemory : 8564508672 bytes
[2024.08.24-10.55.15:338][  0]LogD3D11RHI:     AdapterLuid : 0 64982
[2024.08.24-10.55.15:454][  0]LogD3D11RHI: RHI has support for 64 bit atomics
[2024.08.24-10.55.15:455][  0]LogD3D11RHI: Async texture creation enabled
[2024.08.24-10.55.15:455][  0]LogD3D11RHI: Array index from any shader is supported
[2024.08.24-10.55.15:498][  0]LogD3D11RHI: GPU Timing Frequency: 1000.000000 (Debug: 2 1)
[2024.08.24-10.55.15:663][  0]LogRHI: GeForceNow SDK initialized: 1
[2024.08.24-10.55.16:235][  0]LogTargetPlatformManager: Display: Loaded TargetPlatform 'AllDesktop'
[2024.08.24-10.55.16:264][  0]LogTargetPlatformManager: Display: Loaded TargetPlatform 'Android'
[2024.08.24-10.55.16:264][  0]LogTargetPlatformManager: Display: Loaded TargetPlatform 'Android_ASTC'
[2024.08.24-10.55.16:264][  0]LogTargetPlatformManager: Display: Loaded TargetPlatform 'Android_DXT'
[2024.08.24-10.55.16:264][  0]LogTargetPlatformManager: Display: Loaded TargetPlatform 'Android_ETC2'
[2024.08.24-10.55.16:264][  0]LogTargetPlatformManager: Display: Loaded TargetPlatform 'AndroidClient'
[2024.08.24-10.55.16:264][  0]LogTargetPlatformManager: Display: Loaded TargetPlatform 'Android_ASTCClient'
[2024.08.24-10.55.16:264][  0]LogTargetPlatformManager: Display: Loaded TargetPlatform 'Android_DXTClient'
[2024.08.24-10.55.16:264][  0]LogTargetPlatformManager: Display: Loaded TargetPlatform 'Android_ETC2Client'
[2024.08.24-10.55.16:264][  0]LogTargetPlatformManager: Display: Loaded TargetPlatform 'Android_Multi'
[2024.08.24-10.55.16:264][  0]LogTargetPlatformManager: Display: Loaded TargetPlatform 'Android_MultiClient'
[2024.08.24-10.55.16:354][  0]LogTargetPlatformManager: Display: Loaded TargetPlatform 'IOSClient'
[2024.08.24-10.55.16:355][  0]LogTargetPlatformManager: Display: Loaded TargetPlatform 'IOS'
[2024.08.24-10.55.16:373][  0]LogTargetPlatformManager: Display: Loaded TargetPlatform 'Linux'
[2024.08.24-10.55.16:388][  0]LogTargetPlatformManager: Display: Loaded TargetPlatform 'LinuxNoEditor'
[2024.08.24-10.55.16:398][  0]LogTargetPlatformManager: Display: Loaded TargetPlatform 'LinuxClient'
[2024.08.24-10.55.16:407][  0]LogTargetPlatformManager: Display: Loaded TargetPlatform 'LinuxServer'
[2024.08.24-10.55.16:424][  0]LogTargetPlatformManager: Display: Loaded TargetPlatform 'LinuxAArch64NoEditor'
[2024.08.24-10.55.16:434][  0]LogTargetPlatformManager: Display: Loaded TargetPlatform 'LinuxAArch64Client'
[2024.08.24-10.55.16:444][  0]LogTargetPlatformManager: Display: Loaded TargetPlatform 'LinuxAArch64Server'
[2024.08.24-10.55.16:481][  0]LogTargetPlatformManager: Display: Loaded TargetPlatform 'Lumin'
[2024.08.24-10.55.16:481][  0]LogTargetPlatformManager: Display: Loaded TargetPlatform 'LuminClient'
[2024.08.24-10.55.16:497][  0]LogTargetPlatformManager: Display: Loaded TargetPlatform 'MacNoEditor'
[2024.08.24-10.55.16:508][  0]LogTargetPlatformManager: Display: Loaded TargetPlatform 'Mac'
[2024.08.24-10.55.16:517][  0]LogTargetPlatformManager: Display: Loaded TargetPlatform 'MacClient'
[2024.08.24-10.55.16:527][  0]LogTargetPlatformManager: Display: Loaded TargetPlatform 'MacServer'
[2024.08.24-10.55.16:548][  0]LogTargetPlatformManager: Display: Loaded TargetPlatform 'TVOSClient'
[2024.08.24-10.55.16:548][  0]LogTargetPlatformManager: Display: Loaded TargetPlatform 'TVOS'
[2024.08.24-10.55.16:570][  0]LogTargetPlatformManager: Display: Loaded TargetPlatform 'WindowsNoEditor'
[2024.08.24-10.55.16:587][  0]LogTargetPlatformManager: Display: Loaded TargetPlatform 'Windows'
[2024.08.24-10.55.16:600][  0]LogTargetPlatformManager: Display: Loaded TargetPlatform 'WindowsClient'
[2024.08.24-10.55.16:612][  0]LogTargetPlatformManager: Display: Loaded TargetPlatform 'WindowsServer'
[2024.08.24-10.55.16:612][  0]LogTargetPlatformManager: Display: Building Assets For Windows
[2024.08.24-10.55.16:665][  0]LogAudioDebug: Display: Lib vorbis DLL was dynamically loaded.
[2024.08.24-10.55.16:828][  0]LogTextureFormatOodle: Display: Oodle Texture 2.9.0 init RDO Off
[2024.08.24-10.55.16:981][  0]LogRendererCore: Ray tracing is disabled. Reason: r.RayTracing=0.
[2024.08.24-10.55.16:981][  0]LogShaderCompilers: Guid format shader working directory is -18 characters bigger than the processId version (D:/Users/PC/Documents/GitHub/NewNewInsectHeaven/InsectHeaven/Intermediate/Shaders/WorkingDirectory/28396/).
[2024.08.24-10.55.16:982][  0]LogShaderCompilers: Cleaned the shader compiler working directory 'C:/Users/PC/AppData/Local/Temp/UnrealShaderWorkingDir/9146C31A494044941C00D1ABFA2832AE/'.
[2024.08.24-10.55.16:982][  0]LogXGEController: Cannot use XGE Controller as Incredibuild is not installed on this machine.
[2024.08.24-10.55.16:982][  0]LogShaderCompilers: Cannot use XGE Shader Compiler as Incredibuild is not installed on this machine.
[2024.08.24-10.55.16:982][  0]LogShaderCompilers: Display: Using Local Shader Compiler.
[2024.08.24-10.55.17:731][  0]LogDerivedDataCache: Display: Max Cache Size: 512 MB
[2024.08.24-10.55.17:807][  0]LogDerivedDataCache: Loaded boot cache 0.08s 94MB C:/Users/PC/AppData/Local/UnrealEngine/4.27/DerivedDataCache/Boot.ddc.
[2024.08.24-10.55.17:808][  0]LogDerivedDataCache: Display: Loaded Boot cache: C:/Users/PC/AppData/Local/UnrealEngine/4.27/DerivedDataCache/Boot.ddc
[2024.08.24-10.55.17:810][  0]LogDerivedDataCache: FDerivedDataBackendGraph:  Pak pak cache file D:/Users/PC/Documents/GitHub/NewNewInsectHeaven/InsectHeaven/DerivedDataCache/DDC.ddp not found, will not use a pak cache.
[2024.08.24-10.55.17:810][  0]LogDerivedDataCache: Unable to find inner node Pak for hierarchical cache Hierarchy.
[2024.08.24-10.55.17:810][  0]LogDerivedDataCache: FDerivedDataBackendGraph:  CompressedPak pak cache file D:/Users/PC/Documents/GitHub/NewNewInsectHeaven/InsectHeaven/DerivedDataCache/Compressed.ddp not found, will not use a pak cache.
[2024.08.24-10.55.17:811][  0]LogDerivedDataCache: Unable to find inner node CompressedPak for hierarchical cache Hierarchy.
[2024.08.24-10.55.17:827][  0]LogDerivedDataCache: Display: Pak cache opened for reading ../../../Engine/DerivedDataCache/Compressed.ddp.
[2024.08.24-10.55.17:828][  0]LogDerivedDataCache: FDerivedDataBackendGraph:  EnterprisePak pak cache file ../../../Enterprise/DerivedDataCache/Compressed.ddp not found, will not use a pak cache.
[2024.08.24-10.55.17:828][  0]LogDerivedDataCache: Unable to find inner node EnterprisePak for hierarchical cache Hierarchy.
[2024.08.24-10.55.17:839][  0]LogDerivedDataCache: Speed tests for C:/Users/PC/AppData/Local/UnrealEngine/Common/DerivedDataCache took 0.01 seconds
[2024.08.24-10.55.17:839][  0]LogDerivedDataCache: Display: Performance to C:/Users/PC/AppData/Local/UnrealEngine/Common/DerivedDataCache: Latency=0.07ms. RandomReadSpeed=694.16MBs, RandomWriteSpeed=105.14MBs. Assigned SpeedClass 'Local'
[2024.08.24-10.55.17:847][  0]LogDerivedDataCache: Using Local data cache path C:/Users/PC/AppData/Local/UnrealEngine/Common/DerivedDataCache: Writable
[2024.08.24-10.55.17:847][  0]LogDerivedDataCache: Shared data cache path not found in *engine.ini, will not use an Shared cache.
[2024.08.24-10.55.17:847][  0]LogDerivedDataCache: Unable to find inner node Shared for hierarchical cache Hierarchy.
[2024.08.24-10.55.17:892][  0]LogSlate: Using FreeType 2.10.0
[2024.08.24-10.55.17:893][  0]LogSlate: SlateFontServices - WITH_FREETYPE: 1, WITH_HARFBUZZ: 1
[2024.08.24-10.55.17:944][  0]LogAssetRegistry: FAssetRegistry took 0.0166 seconds to start up
[2024.08.24-10.55.18:225][  0]LogInit: Selected Device Profile: [Windows]
[2024.08.24-10.55.18:225][  0]LogInit: Active device profile: [000001AA77688B00][000001AA6A09E6C0 49] Windows
[2024.08.24-10.55.18:225][  0]LogInit: Profiles: [000001AA77688B00][000001AA6A09E6C0 49] Windows, [000001AA7763E200][000001AA78522840 49] WindowsNoEditor, [000001AA77689900][000001AA7603A980 49] WindowsServer, [000001AA7763EF00][000001AA78526AC0 49] WindowsClient, [000001AA7768BC00][000001AA7852AC00 49] IOS, [000001AA7763CF00][000001AA7852ED40 49] iPadAir, [000001AA7768BE00][000001AA78536EC0 49] iPadAir2, [000001AA775ECE00][000001AA78661180 49] IPadPro, [000001AA775ECF00][000001AA7853B1C0 49] iPadAir3, [000001AA7763FC00][000001AA78665340 49] iPadAir4, [000001AA775EF800][000001AA786694C0 49] iPadMini2, [000001AA7763F000][000001AA7866D640 49] iPadMini3, [000001AA775EFA00][000001AA786717C0 49] iPadMini4, [000001AA7763F800][000001AA78675940 49] iPadMini5, [000001AA77604600][000001AA7867DC00 49] iPhone6, [000001AA77604700][000001AA786780C0 49] iPodTouch6, [000001AA7768A900][000001AA78684380 49] iPhone7, [000001AA7768A600][000001AA786803C0 49] iPodTouch7, [000001AA77604100][000001AA78688540 49] iPhone5S, [000001AA775EC700][000001AA7868C6C0 49] iPhone6Plus, [000001AA77606500][000001AA78690840 49] iPhone6S, [000001AA775ED200][000001AA786949C0 49] iPhone6SPlus, [000001AA77607B00][000001AA78698B40 49] iPhone7Plus, [000001AA775EF700][000001AA78532C80 49] iPhoneSE, [000001AA7768AC00][000001AA7869CDC0 49] iPhone8, [000001AA775EC600][000001AA786A0F00 49] iPhone8Plus, [000001AA7768A100][000001AA786A9080 49] iPhoneX, [000001AA775EEA00][000001AA786AD200 49] iPhoneXS, [000001AA7768B200][000001AA786B1380 49] iPhoneXSMax, [000001AA775EEF00][000001AA786B5500 49] iPhoneXR, [000001AA7768BB00][000001AA786B9680 49] iPhone11, [000001AA775EDD00][000001AA786BD800 49] iPhone11Pro, [000001AA77688600][000001AA786C1980 49] iPhone11ProMax, [000001AA775EE100][000001AA786C5B00 49] iPhoneSE2, [000001AA7768BA00][000001AA786C8100 49] iPhone12Mini, [000001AA775EE200][000001AA786CC280 49] iPhone12, [000001AA77688700][000001AA786D0400 49] iPhone12Pro, [000001AA775EE400][000001AA786D4580 49] iPhone12ProMax, [000001AA77689200][000001AA786D8700 49] iPadPro105, [000001AA775ED900][000001AA786DC880 49] iPadPro129, [000001AA77688400][000001AA786E0A00 49] iPadPro97, [000001AA775EFC00][000001AA786E4B80 49] iPadPro2_129, [000001AA7768B900][000001AA786E8D00 49] iPad5, [000001AA775EC300][000001AA786A4E40 49] iPad6, [000001AA77689B00][000001AA786ECF80 49] iPad7, [000001AA775EE500][000001AA786F10C0 49] iPad8, [000001AA77689700][000001AA786F9240 49] iPadPro11, [000001AA775EF900][000001AA786FD3C0 49] iPadPro2_11, [000001AA77689400][000001AA78701540 49] iPadPro3_129, [000001AA775EE300][000001AA787056C0 49] iPadPro4_129, [000001AA7768B700][000001AA78709840 49] AppleTV, [000001AA775EFB00][000001AA7870D9C0 49] AppleTV4K, [000001AA77689D00][000001AA78711B40 49] TVOS, [000001AA775EC800][000001AA78714140 49] Mac, [000001AA7768A400][000001AA787182C0 49] MacClient, [000001AA775EED00][000001AA7871C440 49] MacNoEditor, [000001AA7768B500][000001AA787205C0 49] MacServer, [000001AA775ECA00][000001AA78724740 49] Linux, [000001AA7768AB00][000001AA787288C0 49] LinuxAArch64, [000001AA775EE900][000001AA7872CA40 49] LinuxNoEditor, [000001AA7768A500][000001AA78730BC0 49] LinuxAArch64NoEditor, [000001AA775ECD00][000001AA78734D40 49] LinuxClient, [000001AA77688D00][000001AA78738EC0 49] LinuxAArch64Client, [000001AA775EDF00][000001AA786F5000 49] LinuxServer, [000001AA7768B100][000001AA7873D140 49] LinuxAArch64Server, [000001AA775ED100][000001AA78741280 49] Android, [000001AA7768AE00][000001AA787453C0 49] Android_Low, [000001AA775EF400][000001AA7874D540 49] Android_Mid, [000001AA7768A200][000001AA787516C0 49] Android_High, [000001AA775ED000][000001AA78755840 49] Android_Default, [000001AA77689300][000001AA787599C0 49] Android_Adreno4xx, [000001AA7763E400][000001AA7875DB40 49] Android_Adreno5xx_Low, [000001AA77605C00][000001AA78760140 49] Android_Adreno5xx, [000001AA7763F700][000001AA787642C0 49] Android_Adreno6xx, [000001AA77606000][000001AA78768440 49] Android_Adreno6xx_Vulkan, [000001AA7763C400][000001AA7876C5C0 49] Android_Mali_T6xx, [000001AA77604F00][000001AA78770740 49] Android_Mali_T7xx, [000001AA7763DF00][000001AA787748C0 49] Android_Mali_T8xx, [000001AA77605F00][000001AA78778A40 49] Android_Mali_G71, [000001AA7763E900][000001AA7877CBC0 49] Android_Mali_G72, [000001AA77606F00][000001AA78780D40 49] Android_Mali_G72_Vulkan, [000001AA7763FF00][000001AA78784EC0 49] Android_Mali_G76, [000001AA77606200][000001AA78789040 49] Android_Mali_G76_Vulkan, [000001AA7763DE00][000001AA78749180 49] Android_Mali_G77, [000001AA77606C00][000001AA7878D2C0 49] Android_Mali_G77_Vulkan, [000001AA7763F500][000001AA78791400 49] Android_Mali_G78, [000001AA77605300][000001AA78795540 49] Android_Mali_G78_Vulkan, [000001AA7763D400][000001AA7879D6C0 49] Android_Mali_G710, [000001AA77604500][000001AA787A1840 49] Android_Mali_G710_Vulkan, [000001AA7763C700][000001AA787A59C0 49] Android_Vulkan_SM5, [000001AA77607F00][000001AA787A9B40 49] Android_PowerVR_G6xxx, [000001AA7763E000][000001AA787AC140 49] Android_PowerVR_GT7xxx, [000001AA77607000][000001AA787B02C0 49] Android_PowerVR_GE8xxx, [000001AA7763F900][000001AA787B4440 49] Android_PowerVR_GM9xxx, [000001AA77606800][000001AA787B85C0 49] Android_PowerVR_GM9xxx_Vulkan, [000001AA7763D700][000001AA787BC740 49] Android_TegraK1, [000001AA77605700][000001AA787C08C0 49] Android_Unknown_Vulkan, [000001AA7763F400][000001AA787C4A40 49] Lumin, [000001AA77607C00][000001AA787C8BC0 49] Lumin_Desktop, [000001AA7763CE00][000001AA787CCD40 49] HoloLens, 
[2024.08.24-10.55.18:548][  0]LogMeshReduction: Using QuadricMeshReduction for automatic static mesh reduction
[2024.08.24-10.55.18:548][  0]LogMeshReduction: Using SimplygonMeshReduction for automatic skeletal mesh reduction
[2024.08.24-10.55.18:548][  0]LogMeshReduction: Using ProxyLODMeshReduction for automatic mesh merging
[2024.08.24-10.55.18:548][  0]LogMeshReduction: No distributed automatic mesh merging module available
[2024.08.24-10.55.18:548][  0]LogMeshMerging: No distributed automatic mesh merging module available
[2024.08.24-10.55.18:581][  0]LogNetVersion: InsectHeaven 1.0.0, NetCL: 17155196, EngineNetVer: 17, GameNetVer: 0 (Checksum: 3375795940)
[2024.08.24-10.55.19:090][  0]LogTexture: Default maximum texture size for cubemaps generated from long-lat sources has been changed from 512 to unlimited. In order to preserve old behaiour for '/Engine/MapTemplates/Sky/DaylightAmbientCubemap.DaylightAmbientCubemap', its maximum texture size has been explicitly set to 512.
[2024.08.24-10.55.19:201][  0]LogHMD: PokeAHoleMaterial loaded successfully
[2024.08.24-10.55.19:212][  0]LogUObjectArray: 17178 objects as part of root set at end of initial load.
[2024.08.24-10.55.19:214][  0]LogUObjectAllocator: 4302048 out of 0 bytes used by permanent object pool.
[2024.08.24-10.55.19:215][  0]LogUObjectArray: CloseDisregardForGC: 0/0 objects in disregard for GC pool
[2024.08.24-10.55.19:848][  0]LogNiagaraDebuggerClient: Niagara Debugger Client Initialized | Session: 86933D9948ACBC66E5251B89AD586B6D | Instance: 186D0ADD46716481A0E39D84F7AFDE07 (DESKTOP-P2P91DD-28396).
[2024.08.24-10.55.19:922][  0]LogPython: Using Python 3.7.7
[2024.08.24-10.55.20:659][  0]LogTcpMessaging: Initializing TcpMessaging bridge
[2024.08.24-10.55.20:679][  0]LogUdpMessaging: Initializing bridge on interface 0.0.0.0:0 to multicast group 230.0.0.1:6666.
[2024.08.24-10.55.21:058][  0]SourceControl: 소스 컨트롤이 꺼졌습니다.
[2024.08.24-10.55.21:058][  0]SourceControl: 소스 컨트롤이 꺼졌습니다.
[2024.08.24-10.55.21:066][  0]SourceControl: 소스 컨트롤이 꺼졌습니다.
[2024.08.24-10.55.21:100][  0]SourceControl: 소스 컨트롤이 꺼졌습니다.
[2024.08.24-10.55.21:107][  0]SourceControl: 소스 컨트롤이 꺼졌습니다.
[2024.08.24-10.55.21:116][  0]LogUProjectInfo: Found projects:
[2024.08.24-10.55.21:629][  0]LogOpenImageDenoise: OIDN starting up
[2024.08.24-10.55.21:733][  0]LogAndroidPermission: UAndroidPermissionCallbackProxy::GetInstance
[2024.08.24-10.55.21:783][  0]LogAudioCaptureCore: Display: No Audio Capture implementations found. Audio input will be silent.
[2024.08.24-10.55.21:783][  0]LogAudioCaptureCore: Display: No Audio Capture implementations found. Audio input will be silent.
[2024.08.24-10.55.21:992][  0]LogCollectionManager: Loaded 0 collections in 0.002049 seconds
[2024.08.24-10.55.22:042][  0]LogFileCache: Scanning file cache for directory 'D:/Users/PC/Documents/GitHub/NewNewInsectHeaven/InsectHeaven/Saved/Collections/' took 0.00s
[2024.08.24-10.55.22:042][  0]LogFileCache: Scanning file cache for directory 'D:/Users/PC/Documents/GitHub/NewNewInsectHeaven/InsectHeaven/Content/Developers/PC/Collections/' took 0.00s
[2024.08.24-10.55.22:042][  0]LogFileCache: Scanning file cache for directory 'D:/Users/PC/Documents/GitHub/NewNewInsectHeaven/InsectHeaven/Content/Collections/' took 0.00s
[2024.08.24-10.55.22:042][  0]LogOcInput: OculusInput pre-init called
[2024.08.24-10.55.22:398][  0]LogClass: Display: IntProperty FCharacter_2D::Name is not initialized properly. Module:InsectHeaven File:Table/DataStruct/Character_2D.h
[2024.08.24-10.55.22:398][  0]LogClass: Display: IntProperty FCharacter_2D::ImageID is not initialized properly. Module:InsectHeaven File:Table/DataStruct/Character_2D.h
[2024.08.24-10.55.22:398][  0]LogClass: Warning: ObjectProperty FDialogueClip::formerAction is not initialized properly. Module:InsectHeaven File:Library/Dialogue/DialogueEditToolWidget.h
[2024.08.24-10.55.22:398][  0]LogClass: Warning: ObjectProperty FDialogueClip::nowAction is not initialized properly. Module:InsectHeaven File:Library/Dialogue/DialogueEditToolWidget.h
[2024.08.24-10.55.22:398][  0]LogClass: Display: IntProperty FResource_Widget::PathFile is not initialized properly. Module:InsectHeaven File:Table/DataStruct/Resource_Widget.h
[2024.08.24-10.55.22:399][  0]LogClass: Display: IntProperty FScript_Local::Test is not initialized properly. Module:InsectHeaven File:Table/DataStruct/Script_Local.h
[2024.08.24-10.55.22:399][  0]LogClass: Display: 6 Uninitialized script struct members found including 2 object properties
[2024.08.24-10.55.22:399][  0]LogAutomationTest: Warning: ObjectProperty FDialogueClip::formerAction is not initialized properly. Module:InsectHeaven File:Library/Dialogue/DialogueEditToolWidget.h
[2024.08.24-10.55.22:399][  0]LogAutomationTest: Warning: ObjectProperty FDialogueClip::nowAction is not initialized properly. Module:InsectHeaven File:Library/Dialogue/DialogueEditToolWidget.h
[2024.08.24-10.55.22:400][  0]LogEngine: Initializing Engine...
[2024.08.24-10.55.22:405][  0]LogHMD: Failed to enumerate extensions. Please check that you have a valid OpenXR runtime installed.
[2024.08.24-10.55.22:405][  0]LogHMD: Failed to initialize OpenVR with code 110
[2024.08.24-10.55.22:405][  0]LogMagicLeap: Warning: VR disabled because ZI is not enabled.  To enable, in the editor, Edit -> Project Settings -> Plugins -> Magic Leap Plugin -> Enable Zero Iteration
[2024.08.24-10.55.22:406][  0]LogStats: UGameplayTagsManager::InitializeManager -  0.000 s
[2024.08.24-10.55.22:554][  0]LogInit: Initializing FReadOnlyCVARCache
[2024.08.24-10.55.22:568][  0]LogAIModule: Creating AISystem for world Untitled
[2024.08.24-10.55.22:569][  0]LogAudio: Display: Initializing Audio Device Manager...
[2024.08.24-10.55.22:577][  0]LogAudio: Display: Loading Default Audio Settings Objects...
[2024.08.24-10.55.22:578][  0]LogAudio: Display: No default SoundConcurrencyObject specified (or failed to load).
[2024.08.24-10.55.22:579][  0]LogAudio: Display: Audio Device Manager Initialized
[2024.08.24-10.55.22:579][  0]LogAudio: Display: Creating Audio Device:                 Id: 1, Scope: Shared, Realtime: True
[2024.08.24-10.55.22:579][  0]LogAudioMixer: Display: Audio Mixer Platform Settings:
[2024.08.24-10.55.22:579][  0]LogAudioMixer: Display: 	Sample Rate:						  48000
[2024.08.24-10.55.22:579][  0]LogAudioMixer: Display: 	Callback Buffer Frame Size Requested: 1024
[2024.08.24-10.55.22:579][  0]LogAudioMixer: Display: 	Callback Buffer Frame Size To Use:	  1024
[2024.08.24-10.55.22:579][  0]LogAudioMixer: Display: 	Number of buffers to queue:			  2
[2024.08.24-10.55.22:579][  0]LogAudioMixer: Display: 	Max Channels (voices):				  32
[2024.08.24-10.55.22:579][  0]LogAudioMixer: Display: 	Number of Async Source Workers:		  0
[2024.08.24-10.55.22:579][  0]LogAudio: Display: AudioDevice MaxSources: 32
[2024.08.24-10.55.22:580][  0]LogAudio: Display: Audio Spatialization Plugin: None (built-in).
[2024.08.24-10.55.22:580][  0]LogAudio: Display: Audio Reverb Plugin: None (built-in).
[2024.08.24-10.55.22:580][  0]LogAudio: Display: Audio Occlusion Plugin: None (built-in).
[2024.08.24-10.55.22:580][  0]LogAudioMixer: Display: Initializing audio mixer.
[2024.08.24-10.55.22:637][  0]LogAudioMixer: Display: 0: FrontLeft
[2024.08.24-10.55.22:638][  0]LogAudioMixer: Display: 1: FrontRight
[2024.08.24-10.55.22:729][  0]LogAudioMixer: Display: Using Audio Device 스피커(Realtek(R) Audio)
[2024.08.24-10.55.22:729][  0]LogAudioMixer: Display: Initializing Sound Submixes...
[2024.08.24-10.55.22:732][  0]LogAudioMixer: Display: Creating Master Submix 'MasterSubmixDefault'
[2024.08.24-10.55.22:732][  0]LogAudioMixer: Display: Creating Master Submix 'MasterReverbSubmixDefault'
[2024.08.24-10.55.22:733][  0]LogAudioMixer: Display: Creating Master Submix 'MasterEQSubmixDefault'
[2024.08.24-10.55.22:733][  0]LogAudioMixer: FMixerPlatformXAudio2::StartAudioStream() called
[2024.08.24-10.55.22:733][  0]LogAudioMixer: Display: Output buffers initialized: Frames=1024, Channels=2, Samples=2048
[2024.08.24-10.55.22:735][  0]LogAudioMixer: Display: Starting AudioMixerPlatformInterface::RunInternal()
[2024.08.24-10.55.22:735][  0]LogAudioMixer: Display: FMixerPlatformXAudio2::SubmitBuffer() called for the first time
[2024.08.24-10.55.22:735][  0]LogInit: FAudioDevice initialized.
[2024.08.24-10.55.22:735][  0]LogAudio: Display: Audio Device (ID: 1) registered with world 'Untitled'.
[2024.08.24-10.55.22:735][  0]LogNetVersion: Set ProjectVersion to 1.0.0.0. Version Checksum will be recalculated on next use.
[2024.08.24-10.55.22:996][  0]LogDerivedDataCache: Saved boot cache 0.26s 94MB C:/Users/PC/AppData/Local/UnrealEngine/4.27/DerivedDataCache/Boot.ddc.
[2024.08.24-10.55.22:996][  0]LogInit: Texture streaming: Enabled
[2024.08.24-10.55.23:021][  0]LogAnalytics: Display: [UEEditor.Rocket.Release] APIServer = https://datarouter.ol.epicgames.com/. AppVersion = 4.27.2-18319896+++UE4+Release-4.27
[2024.08.24-10.55.23:033][  0]LogEngineSessionManager: EngineSessionManager initialized
[2024.08.24-10.55.23:033][  0]LogEditorSessionSummary: Verbose: Initializing EditorSessionSummaryWriter for editor session tracking
[2024.08.24-10.55.23:040][  0]LogEditorSessionSummary: EditorSessionSummaryWriter initialized
[2024.08.24-10.55.23:071][  0]LogInit: Transaction tracking system initialized
[2024.08.24-10.55.23:123][  0]BlueprintLog: New page: 에디터 로드
[2024.08.24-10.55.23:281][  0]LocalizationService: 현지화 서비스가 비활성화되었습니다.
[2024.08.24-10.55.23:334][  0]TimingProfiler: Initialize
[2024.08.24-10.55.23:334][  0]TimingProfiler: OnSessionChanged
[2024.08.24-10.55.23:334][  0]LoadingProfiler: Initialize
[2024.08.24-10.55.23:334][  0]LoadingProfiler: OnSessionChanged
[2024.08.24-10.55.23:334][  0]NetworkingProfiler: Initialize
[2024.08.24-10.55.23:334][  0]NetworkingProfiler: OnSessionChanged
[2024.08.24-10.55.23:335][  0]MemoryProfiler: Initialize
[2024.08.24-10.55.23:335][  0]MemoryProfiler: OnSessionChanged
[2024.08.24-10.55.23:573][  0]LogCook: Display: CookSettings for Memory: MemoryMaxUsedVirtual 0MiB, MemoryMaxUsedPhysical 16384MiB, MemoryMinFreeVirtual 0MiB, MemoryMinFreePhysical 1024MiB
[2024.08.24-10.55.23:573][  0]LogCook: Display: Mobile HDR setting 1
[2024.08.24-10.55.24:020][  0]LogFileCache: Scanning file cache for directory 'D:/Users/PC/Documents/GitHub/NewNewInsectHeaven/InsectHeaven/Content/' took 0.02s
[2024.08.24-10.55.24:294][  0]LogInit: Display: Engine is initialized. Leaving FEngineLoop::Init()
[2024.08.24-10.55.24:301][  0]SourceControl: 소스 컨트롤이 꺼졌습니다.
[2024.08.24-10.55.24:301][  0]LogUnrealEdMisc: Loading editor; pre map load, took 13.007
[2024.08.24-10.55.24:301][  0]Cmd: MAP LOAD FILE="D:/Users/PC/Documents/GitHub/NewNewInsectHeaven/InsectHeaven/Content/Scene/EmptyMainLevel.umap" TEMPLATE=0 SHOWPROGRESS=1 FEATURELEVEL=3
[2024.08.24-10.55.24:304][  0]LightingResults: New page: 라이팅 빌드
[2024.08.24-10.55.24:305][  0]LogWorld: UWorld::CleanupWorld for Untitled, bSessionEnded=true, bCleanupResources=true
[2024.08.24-10.55.24:306][  0]LogSlate: InvalidateAllWidgets triggered.  All widgets were invalidated
[2024.08.24-10.55.24:306][  0]MapCheck: New page: 맵 체크
[2024.08.24-10.55.24:306][  0]LightingResults: New page: 라이팅 빌드
[2024.08.24-10.55.24:313][  0]LogAudio: Display: Audio Device unregistered from world 'None'.
[2024.08.24-10.55.24:317][  0]LogUObjectHash: Compacting FUObjectHashTables data took   0.72ms
[2024.08.24-10.55.24:322][  0]LogAudio: Display: Audio Device (ID: 1) registered with world 'EmptyMainLevel'.
[2024.08.24-10.55.24:323][  0]LogAIModule: Creating AISystem for world EmptyMainLevel
[2024.08.24-10.55.24:324][  0]LogEditorServer: Finished looking for orphan Actors (0.000 secs)
[2024.08.24-10.55.24:337][  0]LogUObjectHash: Compacting FUObjectHashTables data took   0.84ms
[2024.08.24-10.55.24:339][  0]Cmd: MAP CHECKDEP NOCLEARLOG
[2024.08.24-10.55.24:340][  0]MapCheck: 맵 체크 완료: 오류 0 회, 경고 0 회, 소요 시간 0.338ms.
[2024.08.24-10.55.24:340][  0]LogFileHelpers: Loading map 'EmptyMainLevel' took 0.039
[2024.08.24-10.55.24:350][  0]LogUnrealEdMisc: Total Editor Startup Time, took 13.057
[2024.08.24-10.55.24:545][  0]LogSlate: Updating window title bar state: overlay mode, drag disabled, window buttons hidden, title bar hidden
[2024.08.24-10.55.24:552][  0]LogSlate: Updating window title bar state: overlay mode, drag disabled, window buttons hidden, title bar hidden
[2024.08.24-10.55.24:559][  0]LogSlate: Updating window title bar state: overlay mode, drag disabled, window buttons hidden, title bar hidden
[2024.08.24-10.55.24:566][  0]LogSlate: Updating window title bar state: overlay mode, drag disabled, window buttons hidden, title bar hidden
[2024.08.24-10.55.24:583][  0]LogNativeClassHierarchy: Verbose: Native class hierarchy populated in 0.0095 seconds. Added 3870 classes and 945 folders.
[2024.08.24-10.55.24:585][  0]LogNativeClassHierarchy: Verbose: Native class hierarchy updated for 'WidgetCarousel' in 0.0002 seconds. Added 0 classes and 0 folders.
[2024.08.24-10.55.24:587][  0]LogPakFile: PakFile PrimaryIndexSize=187
[2024.08.24-10.55.24:588][  0]LogPakFile: PakFile PathHashIndexSize=101
[2024.08.24-10.55.24:588][  0]LogPakFile: PakFile FullDirectoryIndexSize=148
[2024.08.24-10.55.24:588][  0]LogShaderLibrary: Display: ShaderCodeLibraryPakFileMountedCallback: PakFile 'C:/UE_4.27/FeaturePacks/FP_FirstPerson.upack' (chunk index -1, root 'root:/') mounted
[2024.08.24-10.55.24:588][  0]LogShaderLibrary: Display: ShaderCodeLibraryPakFileMountedCallback: pending pak file info (ChunkID:-1 Root:root:/ File:C:/UE_4.27/FeaturePacks/FP_FirstPerson.upack)
[2024.08.24-10.55.24:588][  0]LogPakFile: OnPakFileMounted2Time == 0.000149
[2024.08.24-10.55.24:589][  0]LogPakFile: PakFile PrimaryIndexSize=189
[2024.08.24-10.55.24:589][  0]LogPakFile: PakFile PathHashIndexSize=101
[2024.08.24-10.55.24:589][  0]LogPakFile: PakFile FullDirectoryIndexSize=152
[2024.08.24-10.55.24:589][  0]LogShaderLibrary: Display: ShaderCodeLibraryPakFileMountedCallback: PakFile 'C:/UE_4.27/FeaturePacks/FP_FirstPersonBP.upack' (chunk index -1, root 'root:/') mounted
[2024.08.24-10.55.24:590][  0]LogShaderLibrary: Display: ShaderCodeLibraryPakFileMountedCallback: pending pak file info (ChunkID:-1 Root:root:/ File:C:/UE_4.27/FeaturePacks/FP_FirstPersonBP.upack)
[2024.08.24-10.55.24:590][  0]LogPakFile: OnPakFileMounted2Time == 0.000176
[2024.08.24-10.55.24:591][  0]LogPakFile: PakFile PrimaryIndexSize=191
[2024.08.24-10.55.24:591][  0]LogPakFile: PakFile PathHashIndexSize=101
[2024.08.24-10.55.24:591][  0]LogPakFile: PakFile FullDirectoryIndexSize=160
[2024.08.24-10.55.24:591][  0]LogShaderLibrary: Display: ShaderCodeLibraryPakFileMountedCallback: PakFile 'C:/UE_4.27/FeaturePacks/MobileStarterContent.upack' (chunk index -1, root 'root:/') mounted
[2024.08.24-10.55.24:591][  0]LogShaderLibrary: Display: ShaderCodeLibraryPakFileMountedCallback: pending pak file info (ChunkID:-1 Root:root:/ File:C:/UE_4.27/FeaturePacks/MobileStarterContent.upack)
[2024.08.24-10.55.24:591][  0]LogPakFile: OnPakFileMounted2Time == 0.000136
[2024.08.24-10.55.24:593][  0]LogPakFile: PakFile PrimaryIndexSize=185
[2024.08.24-10.55.24:593][  0]LogPakFile: PakFile PathHashIndexSize=101
[2024.08.24-10.55.24:593][  0]LogPakFile: PakFile FullDirectoryIndexSize=148
[2024.08.24-10.55.24:593][  0]LogShaderLibrary: Display: ShaderCodeLibraryPakFileMountedCallback: PakFile 'C:/UE_4.27/FeaturePacks/StarterContent.upack' (chunk index -1, root 'root:/') mounted
[2024.08.24-10.55.24:593][  0]LogShaderLibrary: Display: ShaderCodeLibraryPakFileMountedCallback: pending pak file info (ChunkID:-1 Root:root:/ File:C:/UE_4.27/FeaturePacks/StarterContent.upack)
[2024.08.24-10.55.24:593][  0]LogPakFile: OnPakFileMounted2Time == 0.000233
[2024.08.24-10.55.24:594][  0]LogPakFile: PakFile PrimaryIndexSize=190
[2024.08.24-10.55.24:595][  0]LogPakFile: PakFile PathHashIndexSize=101
[2024.08.24-10.55.24:595][  0]LogPakFile: PakFile FullDirectoryIndexSize=154
[2024.08.24-10.55.24:595][  0]LogShaderLibrary: Display: ShaderCodeLibraryPakFileMountedCallback: PakFile 'C:/UE_4.27/FeaturePacks/TP_2DSideScroller.upack' (chunk index -1, root 'root:/') mounted
[2024.08.24-10.55.24:595][  0]LogShaderLibrary: Display: ShaderCodeLibraryPakFileMountedCallback: pending pak file info (ChunkID:-1 Root:root:/ File:C:/UE_4.27/FeaturePacks/TP_2DSideScroller.upack)
[2024.08.24-10.55.24:595][  0]LogPakFile: OnPakFileMounted2Time == 0.000216
[2024.08.24-10.55.24:596][  0]LogPakFile: PakFile PrimaryIndexSize=192
[2024.08.24-10.55.24:596][  0]LogPakFile: PakFile PathHashIndexSize=101
[2024.08.24-10.55.24:596][  0]LogPakFile: PakFile FullDirectoryIndexSize=158
[2024.08.24-10.55.24:596][  0]LogShaderLibrary: Display: ShaderCodeLibraryPakFileMountedCallback: PakFile 'C:/UE_4.27/FeaturePacks/TP_2DSideScrollerBP.upack' (chunk index -1, root 'root:/') mounted
[2024.08.24-10.55.24:596][  0]LogShaderLibrary: Display: ShaderCodeLibraryPakFileMountedCallback: pending pak file info (ChunkID:-1 Root:root:/ File:C:/UE_4.27/FeaturePacks/TP_2DSideScrollerBP.upack)
[2024.08.24-10.55.24:596][  0]LogPakFile: OnPakFileMounted2Time == 0.000137
[2024.08.24-10.55.24:598][  0]LogPakFile: PakFile PrimaryIndexSize=182
[2024.08.24-10.55.24:598][  0]LogPakFile: PakFile PathHashIndexSize=101
[2024.08.24-10.55.24:598][  0]LogPakFile: PakFile FullDirectoryIndexSize=138
[2024.08.24-10.55.24:598][  0]LogShaderLibrary: Display: ShaderCodeLibraryPakFileMountedCallback: PakFile 'C:/UE_4.27/FeaturePacks/TP_Flying.upack' (chunk index -1, root 'root:/') mounted
[2024.08.24-10.55.24:598][  0]LogShaderLibrary: Display: ShaderCodeLibraryPakFileMountedCallback: pending pak file info (ChunkID:-1 Root:root:/ File:C:/UE_4.27/FeaturePacks/TP_Flying.upack)
[2024.08.24-10.55.24:598][  0]LogPakFile: OnPakFileMounted2Time == 0.000136
[2024.08.24-10.55.24:599][  0]LogPakFile: PakFile PrimaryIndexSize=184
[2024.08.24-10.55.24:599][  0]LogPakFile: PakFile PathHashIndexSize=101
[2024.08.24-10.55.24:599][  0]LogPakFile: PakFile FullDirectoryIndexSize=142
[2024.08.24-10.55.24:599][  0]LogShaderLibrary: Display: ShaderCodeLibraryPakFileMountedCallback: PakFile 'C:/UE_4.27/FeaturePacks/TP_FlyingBP.upack' (chunk index -1, root 'root:/') mounted
[2024.08.24-10.55.24:599][  0]LogShaderLibrary: Display: ShaderCodeLibraryPakFileMountedCallback: pending pak file info (ChunkID:-1 Root:root:/ File:C:/UE_4.27/FeaturePacks/TP_FlyingBP.upack)
[2024.08.24-10.55.24:600][  0]LogPakFile: OnPakFileMounted2Time == 0.000131
[2024.08.24-10.55.24:601][  0]LogPakFile: PakFile PrimaryIndexSize=188
[2024.08.24-10.55.24:601][  0]LogPakFile: PakFile PathHashIndexSize=101
[2024.08.24-10.55.24:601][  0]LogPakFile: PakFile FullDirectoryIndexSize=150
[2024.08.24-10.55.24:601][  0]LogShaderLibrary: Display: ShaderCodeLibraryPakFileMountedCallback: PakFile 'C:/UE_4.27/FeaturePacks/TP_HandheldARBP.upack' (chunk index -1, root 'root:/') mounted
[2024.08.24-10.55.24:601][  0]LogShaderLibrary: Display: ShaderCodeLibraryPakFileMountedCallback: pending pak file info (ChunkID:-1 Root:root:/ File:C:/UE_4.27/FeaturePacks/TP_HandheldARBP.upack)
[2024.08.24-10.55.24:601][  0]LogPakFile: OnPakFileMounted2Time == 0.000134
[2024.08.24-10.55.24:602][  0]LogPakFile: PakFile PrimaryIndexSize=182
[2024.08.24-10.55.24:602][  0]LogPakFile: PakFile PathHashIndexSize=101
[2024.08.24-10.55.24:602][  0]LogPakFile: PakFile FullDirectoryIndexSize=138
[2024.08.24-10.55.24:602][  0]LogShaderLibrary: Display: ShaderCodeLibraryPakFileMountedCallback: PakFile 'C:/UE_4.27/FeaturePacks/TP_Puzzle.upack' (chunk index -1, root 'root:/') mounted
[2024.08.24-10.55.24:603][  0]LogShaderLibrary: Display: ShaderCodeLibraryPakFileMountedCallback: pending pak file info (ChunkID:-1 Root:root:/ File:C:/UE_4.27/FeaturePacks/TP_Puzzle.upack)
[2024.08.24-10.55.24:603][  0]LogPakFile: OnPakFileMounted2Time == 0.000137
[2024.08.24-10.55.24:604][  0]LogPakFile: PakFile PrimaryIndexSize=184
[2024.08.24-10.55.24:604][  0]LogPakFile: PakFile PathHashIndexSize=101
[2024.08.24-10.55.24:604][  0]LogPakFile: PakFile FullDirectoryIndexSize=142
[2024.08.24-10.55.24:604][  0]LogShaderLibrary: Display: ShaderCodeLibraryPakFileMountedCallback: PakFile 'C:/UE_4.27/FeaturePacks/TP_PuzzleBP.upack' (chunk index -1, root 'root:/') mounted
[2024.08.24-10.55.24:604][  0]LogShaderLibrary: Display: ShaderCodeLibraryPakFileMountedCallback: pending pak file info (ChunkID:-1 Root:root:/ File:C:/UE_4.27/FeaturePacks/TP_PuzzleBP.upack)
[2024.08.24-10.55.24:604][  0]LogPakFile: OnPakFileMounted2Time == 0.000136
[2024.08.24-10.55.24:606][  0]LogPakFile: PakFile PrimaryIndexSize=183
[2024.08.24-10.55.24:606][  0]LogPakFile: PakFile PathHashIndexSize=101
[2024.08.24-10.55.24:606][  0]LogPakFile: PakFile FullDirectoryIndexSize=140
[2024.08.24-10.55.24:606][  0]LogShaderLibrary: Display: ShaderCodeLibraryPakFileMountedCallback: PakFile 'C:/UE_4.27/FeaturePacks/TP_Rolling.upack' (chunk index -1, root 'root:/') mounted
[2024.08.24-10.55.24:606][  0]LogShaderLibrary: Display: ShaderCodeLibraryPakFileMountedCallback: pending pak file info (ChunkID:-1 Root:root:/ File:C:/UE_4.27/FeaturePacks/TP_Rolling.upack)
[2024.08.24-10.55.24:606][  0]LogPakFile: OnPakFileMounted2Time == 0.000132
[2024.08.24-10.55.24:607][  0]LogPakFile: PakFile PrimaryIndexSize=185
[2024.08.24-10.55.24:607][  0]LogPakFile: PakFile PathHashIndexSize=101
[2024.08.24-10.55.24:607][  0]LogPakFile: PakFile FullDirectoryIndexSize=144
[2024.08.24-10.55.24:608][  0]LogShaderLibrary: Display: ShaderCodeLibraryPakFileMountedCallback: PakFile 'C:/UE_4.27/FeaturePacks/TP_RollingBP.upack' (chunk index -1, root 'root:/') mounted
[2024.08.24-10.55.24:608][  0]LogShaderLibrary: Display: ShaderCodeLibraryPakFileMountedCallback: pending pak file info (ChunkID:-1 Root:root:/ File:C:/UE_4.27/FeaturePacks/TP_RollingBP.upack)
[2024.08.24-10.55.24:608][  0]LogPakFile: OnPakFileMounted2Time == 0.000211
[2024.08.24-10.55.24:609][  0]LogPakFile: PakFile PrimaryIndexSize=188
[2024.08.24-10.55.24:609][  0]LogPakFile: PakFile PathHashIndexSize=101
[2024.08.24-10.55.24:609][  0]LogPakFile: PakFile FullDirectoryIndexSize=150
[2024.08.24-10.55.24:609][  0]LogShaderLibrary: Display: ShaderCodeLibraryPakFileMountedCallback: PakFile 'C:/UE_4.27/FeaturePacks/TP_SideScroller.upack' (chunk index -1, root 'root:/') mounted
[2024.08.24-10.55.24:609][  0]LogShaderLibrary: Display: ShaderCodeLibraryPakFileMountedCallback: pending pak file info (ChunkID:-1 Root:root:/ File:C:/UE_4.27/FeaturePacks/TP_SideScroller.upack)
[2024.08.24-10.55.24:609][  0]LogPakFile: OnPakFileMounted2Time == 0.000138
[2024.08.24-10.55.24:611][  0]LogPakFile: PakFile PrimaryIndexSize=190
[2024.08.24-10.55.24:611][  0]LogPakFile: PakFile PathHashIndexSize=101
[2024.08.24-10.55.24:611][  0]LogPakFile: PakFile FullDirectoryIndexSize=154
[2024.08.24-10.55.24:611][  0]LogShaderLibrary: Display: ShaderCodeLibraryPakFileMountedCallback: PakFile 'C:/UE_4.27/FeaturePacks/TP_SideScrollerBP.upack' (chunk index -1, root 'root:/') mounted
[2024.08.24-10.55.24:611][  0]LogShaderLibrary: Display: ShaderCodeLibraryPakFileMountedCallback: pending pak file info (ChunkID:-1 Root:root:/ File:C:/UE_4.27/FeaturePacks/TP_SideScrollerBP.upack)
[2024.08.24-10.55.24:611][  0]LogPakFile: OnPakFileMounted2Time == 0.000140
[2024.08.24-10.55.24:612][  0]LogPakFile: PakFile PrimaryIndexSize=187
[2024.08.24-10.55.24:612][  0]LogPakFile: PakFile PathHashIndexSize=101
[2024.08.24-10.55.24:612][  0]LogPakFile: PakFile FullDirectoryIndexSize=148
[2024.08.24-10.55.24:612][  0]LogShaderLibrary: Display: ShaderCodeLibraryPakFileMountedCallback: PakFile 'C:/UE_4.27/FeaturePacks/TP_ThirdPerson.upack' (chunk index -1, root 'root:/') mounted
[2024.08.24-10.55.24:612][  0]LogShaderLibrary: Display: ShaderCodeLibraryPakFileMountedCallback: pending pak file info (ChunkID:-1 Root:root:/ File:C:/UE_4.27/FeaturePacks/TP_ThirdPerson.upack)
[2024.08.24-10.55.24:612][  0]LogPakFile: OnPakFileMounted2Time == 0.000130
[2024.08.24-10.55.24:614][  0]LogPakFile: PakFile PrimaryIndexSize=189
[2024.08.24-10.55.24:614][  0]LogPakFile: PakFile PathHashIndexSize=101
[2024.08.24-10.55.24:614][  0]LogPakFile: PakFile FullDirectoryIndexSize=152
[2024.08.24-10.55.24:614][  0]LogShaderLibrary: Display: ShaderCodeLibraryPakFileMountedCallback: PakFile 'C:/UE_4.27/FeaturePacks/TP_ThirdPersonBP.upack' (chunk index -1, root 'root:/') mounted
[2024.08.24-10.55.24:614][  0]LogShaderLibrary: Display: ShaderCodeLibraryPakFileMountedCallback: pending pak file info (ChunkID:-1 Root:root:/ File:C:/UE_4.27/FeaturePacks/TP_ThirdPersonBP.upack)
[2024.08.24-10.55.24:614][  0]LogPakFile: OnPakFileMounted2Time == 0.000133
[2024.08.24-10.55.24:615][  0]LogPakFile: PakFile PrimaryIndexSize=183
[2024.08.24-10.55.24:615][  0]LogPakFile: PakFile PathHashIndexSize=101
[2024.08.24-10.55.24:615][  0]LogPakFile: PakFile FullDirectoryIndexSize=140
[2024.08.24-10.55.24:615][  0]LogShaderLibrary: Display: ShaderCodeLibraryPakFileMountedCallback: PakFile 'C:/UE_4.27/FeaturePacks/TP_TopDown.upack' (chunk index -1, root 'root:/') mounted
[2024.08.24-10.55.24:616][  0]LogShaderLibrary: Display: ShaderCodeLibraryPakFileMountedCallback: pending pak file info (ChunkID:-1 Root:root:/ File:C:/UE_4.27/FeaturePacks/TP_TopDown.upack)
[2024.08.24-10.55.24:616][  0]LogPakFile: OnPakFileMounted2Time == 0.000189
[2024.08.24-10.55.24:617][  0]LogPakFile: PakFile PrimaryIndexSize=185
[2024.08.24-10.55.24:617][  0]LogPakFile: PakFile PathHashIndexSize=101
[2024.08.24-10.55.24:617][  0]LogPakFile: PakFile FullDirectoryIndexSize=144
[2024.08.24-10.55.24:617][  0]LogShaderLibrary: Display: ShaderCodeLibraryPakFileMountedCallback: PakFile 'C:/UE_4.27/FeaturePacks/TP_TopDownBP.upack' (chunk index -1, root 'root:/') mounted
[2024.08.24-10.55.24:617][  0]LogShaderLibrary: Display: ShaderCodeLibraryPakFileMountedCallback: pending pak file info (ChunkID:-1 Root:root:/ File:C:/UE_4.27/FeaturePacks/TP_TopDownBP.upack)
[2024.08.24-10.55.24:617][  0]LogPakFile: OnPakFileMounted2Time == 0.000135
[2024.08.24-10.55.24:618][  0]LogPakFile: PakFile PrimaryIndexSize=185
[2024.08.24-10.55.24:618][  0]LogPakFile: PakFile PathHashIndexSize=101
[2024.08.24-10.55.24:618][  0]LogPakFile: PakFile FullDirectoryIndexSize=144
[2024.08.24-10.55.24:618][  0]LogShaderLibrary: Display: ShaderCodeLibraryPakFileMountedCallback: PakFile 'C:/UE_4.27/FeaturePacks/TP_TwinStick.upack' (chunk index -1, root 'root:/') mounted
[2024.08.24-10.55.24:618][  0]LogShaderLibrary: Display: ShaderCodeLibraryPakFileMountedCallback: pending pak file info (ChunkID:-1 Root:root:/ File:C:/UE_4.27/FeaturePacks/TP_TwinStick.upack)
[2024.08.24-10.55.24:618][  0]LogPakFile: OnPakFileMounted2Time == 0.000140
[2024.08.24-10.55.24:620][  0]LogPakFile: PakFile PrimaryIndexSize=187
[2024.08.24-10.55.24:620][  0]LogPakFile: PakFile PathHashIndexSize=101
[2024.08.24-10.55.24:620][  0]LogPakFile: PakFile FullDirectoryIndexSize=148
[2024.08.24-10.55.24:620][  0]LogShaderLibrary: Display: ShaderCodeLibraryPakFileMountedCallback: PakFile 'C:/UE_4.27/FeaturePacks/TP_TwinStickBP.upack' (chunk index -1, root 'root:/') mounted
[2024.08.24-10.55.24:620][  0]LogShaderLibrary: Display: ShaderCodeLibraryPakFileMountedCallback: pending pak file info (ChunkID:-1 Root:root:/ File:C:/UE_4.27/FeaturePacks/TP_TwinStickBP.upack)
[2024.08.24-10.55.24:620][  0]LogPakFile: OnPakFileMounted2Time == 0.000126
[2024.08.24-10.55.24:621][  0]LogPakFile: PakFile PrimaryIndexSize=183
[2024.08.24-10.55.24:621][  0]LogPakFile: PakFile PathHashIndexSize=101
[2024.08.24-10.55.24:621][  0]LogPakFile: PakFile FullDirectoryIndexSize=140
[2024.08.24-10.55.24:621][  0]LogShaderLibrary: Display: ShaderCodeLibraryPakFileMountedCallback: PakFile 'C:/UE_4.27/FeaturePacks/TP_Vehicle.upack' (chunk index -1, root 'root:/') mounted
[2024.08.24-10.55.24:621][  0]LogShaderLibrary: Display: ShaderCodeLibraryPakFileMountedCallback: pending pak file info (ChunkID:-1 Root:root:/ File:C:/UE_4.27/FeaturePacks/TP_Vehicle.upack)
[2024.08.24-10.55.24:621][  0]LogPakFile: OnPakFileMounted2Time == 0.000136
[2024.08.24-10.55.24:622][  0]LogPakFile: PakFile PrimaryIndexSize=186
[2024.08.24-10.55.24:623][  0]LogPakFile: PakFile PathHashIndexSize=101
[2024.08.24-10.55.24:623][  0]LogPakFile: PakFile FullDirectoryIndexSize=146
[2024.08.24-10.55.24:623][  0]LogShaderLibrary: Display: ShaderCodeLibraryPakFileMountedCallback: PakFile 'C:/UE_4.27/FeaturePacks/TP_VehicleAdv.upack' (chunk index -1, root 'root:/') mounted
[2024.08.24-10.55.24:623][  0]LogShaderLibrary: Display: ShaderCodeLibraryPakFileMountedCallback: pending pak file info (ChunkID:-1 Root:root:/ File:C:/UE_4.27/FeaturePacks/TP_VehicleAdv.upack)
[2024.08.24-10.55.24:623][  0]LogPakFile: OnPakFileMounted2Time == 0.000132
[2024.08.24-10.55.24:624][  0]LogPakFile: PakFile PrimaryIndexSize=188
[2024.08.24-10.55.24:624][  0]LogPakFile: PakFile PathHashIndexSize=101
[2024.08.24-10.55.24:624][  0]LogPakFile: PakFile FullDirectoryIndexSize=150
[2024.08.24-10.55.24:624][  0]LogShaderLibrary: Display: ShaderCodeLibraryPakFileMountedCallback: PakFile 'C:/UE_4.27/FeaturePacks/TP_VehicleAdvBP.upack' (chunk index -1, root 'root:/') mounted
[2024.08.24-10.55.24:624][  0]LogShaderLibrary: Display: ShaderCodeLibraryPakFileMountedCallback: pending pak file info (ChunkID:-1 Root:root:/ File:C:/UE_4.27/FeaturePacks/TP_VehicleAdvBP.upack)
[2024.08.24-10.55.24:624][  0]LogPakFile: OnPakFileMounted2Time == 0.000136
[2024.08.24-10.55.24:626][  0]LogPakFile: PakFile PrimaryIndexSize=185
[2024.08.24-10.55.24:626][  0]LogPakFile: PakFile PathHashIndexSize=101
[2024.08.24-10.55.24:626][  0]LogPakFile: PakFile FullDirectoryIndexSize=144
[2024.08.24-10.55.24:626][  0]LogShaderLibrary: Display: ShaderCodeLibraryPakFileMountedCallback: PakFile 'C:/UE_4.27/FeaturePacks/TP_VehicleBP.upack' (chunk index -1, root 'root:/') mounted
[2024.08.24-10.55.24:626][  0]LogShaderLibrary: Display: ShaderCodeLibraryPakFileMountedCallback: pending pak file info (ChunkID:-1 Root:root:/ File:C:/UE_4.27/FeaturePacks/TP_VehicleBP.upack)
[2024.08.24-10.55.24:626][  0]LogPakFile: OnPakFileMounted2Time == 0.000140
[2024.08.24-10.55.24:627][  0]LogPakFile: PakFile PrimaryIndexSize=192
[2024.08.24-10.55.24:627][  0]LogPakFile: PakFile PathHashIndexSize=101
[2024.08.24-10.55.24:627][  0]LogPakFile: PakFile FullDirectoryIndexSize=158
[2024.08.24-10.55.24:627][  0]LogShaderLibrary: Display: ShaderCodeLibraryPakFileMountedCallback: PakFile 'C:/UE_4.27/FeaturePacks/TP_VirtualRealityBP.upack' (chunk index -1, root 'root:/') mounted
[2024.08.24-10.55.24:627][  0]LogShaderLibrary: Display: ShaderCodeLibraryPakFileMountedCallback: pending pak file info (ChunkID:-1 Root:root:/ File:C:/UE_4.27/FeaturePacks/TP_VirtualRealityBP.upack)
[2024.08.24-10.55.24:627][  0]LogPakFile: OnPakFileMounted2Time == 0.000129
[2024.08.24-10.55.24:693][  0]LogNativeClassHierarchy: Verbose: Native class hierarchy updated for 'AddContentDialog' in 0.0002 seconds. Added 0 classes and 0 folders.
[2024.08.24-10.55.24:694][  0]LogNativeClassHierarchy: Verbose: Native class hierarchy updated for 'SceneOutliner' in 0.0003 seconds. Added 2 classes and 0 folders.
[2024.08.24-10.55.24:742][  0]LogSlate: Took 0.000293 seconds to synchronously load lazily loaded font '../../../Engine/Content/Slate/Fonts/Roboto-Regular.ttf' (155K)
[2024.08.24-10.55.24:743][  0]LogSlate: Took 0.000281 seconds to synchronously load lazily loaded font '../../../Engine/Content/Editor/Slate/Fonts/FontAwesome.ttf' (139K)
[2024.08.24-10.55.24:745][  0]LogSlate: Took 0.001788 seconds to synchronously load lazily loaded font '../../../Engine/Content/Editor/Slate/Fonts/NanumGothic.ttf' (4243K)
[2024.08.24-10.55.24:748][  0]LogSlate: Took 0.001644 seconds to synchronously load lazily loaded font '../../../Engine/Content/Editor/Slate/Fonts/NanumGothicBold.ttf' (4188K)
[2024.08.24-10.55.24:748][  0]LogSlate: Took 0.000213 seconds to synchronously load lazily loaded font '../../../Engine/Content/Slate/Fonts/Roboto-Bold.ttf' (160K)
[2024.08.24-10.55.24:847][  0]LogRenderer: Reallocating scene render targets to support 1208x580 Format 10 NumSamples 1 (Frame:1).
[2024.08.24-10.55.24:997][  0]LogNativeClassHierarchy: Verbose: Native class hierarchy updated for 'HierarchicalLODOutliner' in 0.0003 seconds. Added 0 classes and 0 folders.
[2024.08.24-10.55.24:997][  0]LogLoad: (Engine Initialization) Total time: 13.70 seconds
[2024.08.24-10.55.24:997][  0]LogLoad: (Engine Initialization) Total Blueprint compile time: 0.00 seconds
[2024.08.24-10.55.25:063][  0]LogAssetRegistry: Asset discovery search completed in 7.1339 seconds
[2024.08.24-10.55.25:069][  0]LogCollectionManager: Fixed up redirectors for 0 collections in 0.000004 seconds (updated 0 objects)
[2024.08.24-10.55.25:071][  0]LogContentStreaming: Texture pool size now 1000 MB
[2024.08.24-10.55.25:353][  1]LogFileCache: Retrieving MD5 hashes for directory 'D:/Users/PC/Documents/GitHub/NewNewInsectHeaven/InsectHeaven/Content/' took 0.32s
