Log file open, 09/22/24 01:25:22
LogWindows: Failed to load 'aqProf.dll' (GetLastError=126)
LogWindows: File 'aqProf.dll' does not exist
LogWindows: Failed to load 'VtuneApi.dll' (GetLastError=126)
LogWindows: File 'VtuneApi.dll' does not exist
LogWindows: Failed to load 'VtuneApi32e.dll' (GetLastError=126)
LogWindows: File 'VtuneApi32e.dll' does not exist
LogConsoleResponse: Display: Failed to find resolution value strings in scalability ini. Falling back to default.
LogConsoleResponse: Display: Failed to find resolution value strings in scalability ini. Falling back to default.
LogInit: Display: Running engine for game: InsectHeaven
LogPlatformFile: Not using cached read wrapper
LogTaskGraph: Started task graph with 5 named threads and 71 total threads with 3 sets of task threads.
LogStats: Stats thread started at 0.330562
LogICUInternationalization: ICU TimeZone Detection - Raw Offset: +9:00, Platform Override: ''
LogInit: Display: Loading text-based GConfig....
LogPluginManager: Mounting plugin MeshPainting
LogPluginManager: Mounting plugin XGEController
LogPluginManager: Mounting plugin LightPropagationVolume
LogPluginManager: Mounting plugin Paper2D
LogPluginManager: Mounting plugin LiveLink
LogPluginManager: Mounting plugin AISupport
LogPluginManager: Mounting plugin EnvironmentQueryEditor
LogPluginManager: Mounting plugin OodleData
LogPluginManager: Mounting plugin CameraShakePreviewer
LogPluginManager: Mounting plugin GameplayCameras
LogPluginManager: Mounting plugin OodleNetwork
LogPluginManager: Mounting plugin AssetManagerEditor
LogPluginManager: Mounting plugin CryptoKeys
LogPluginManager: Mounting plugin CurveEditorTools
LogPluginManager: Mounting plugin DataValidation
LogPluginManager: Mounting plugin GameplayTagsEditor
LogPluginManager: Mounting plugin EditorScriptingUtilities
LogPluginManager: Mounting plugin GeometryMode
LogPluginManager: Mounting plugin MaterialAnalyzer
LogPluginManager: Mounting plugin MacGraphicsSwitching
LogPluginManager: Mounting plugin PluginBrowser
LogPluginManager: Mounting plugin FacialAnimation
LogPluginManager: Mounting plugin SpeedTreeImporter
LogPluginManager: Mounting plugin MobileLauncherProfileWizard
LogPluginManager: Mounting plugin AnimationSharing
LogPluginManager: Mounting plugin CLionSourceCodeAccess
LogPluginManager: Mounting plugin CodeLiteSourceCodeAccess
LogPluginManager: Mounting plugin GitSourceControl
LogPluginManager: Mounting plugin KDevelopSourceCodeAccess
LogPluginManager: Mounting plugin NullSourceCodeAccess
LogPluginManager: Mounting plugin PerforceSourceControl
LogPluginManager: Mounting plugin PixWinPlugin
LogPluginManager: Mounting plugin PluginUtils
LogPluginManager: Mounting plugin PropertyAccessNode
LogPluginManager: Mounting plugin PlasticSourceControl
LogPluginManager: Mounting plugin RiderSourceCodeAccess
LogPluginManager: Mounting plugin SubversionSourceControl
LogPluginManager: Mounting plugin TextureFormatOodle
LogPluginManager: Mounting plugin UObjectPlugin
LogPluginManager: Mounting plugin AlembicImporter
LogPluginManager: Mounting plugin AutomationUtils
LogPluginManager: Mounting plugin BackChannel
LogPluginManager: Mounting plugin ChaosCloth
LogPluginManager: Mounting plugin ChaosClothEditor
LogPluginManager: Mounting plugin ChaosEditor
LogPluginManager: Mounting plugin VisualStudioCodeSourceCodeAccess
LogPluginManager: Mounting plugin ChaosNiagara
LogPluginManager: Mounting plugin VisualStudioSourceCodeAccess
LogPluginManager: Mounting plugin XCodeSourceCodeAccess
LogPluginManager: Mounting plugin ChaosSolverPlugin
LogPluginManager: Mounting plugin CharacterAI
LogPluginManager: Mounting plugin Niagara
LogPluginManager: Mounting plugin DatasmithContent
LogPluginManager: Mounting plugin VariantManagerContent
LogPluginManager: Mounting plugin LuminPlatformFeatures
LogPluginManager: Mounting plugin MagicLeap
LogPluginManager: Mounting plugin MagicLeapLightEstimation
LogPluginManager: Mounting plugin MagicLeapMedia
LogPluginManager: Mounting plugin MagicLeapPassableWorld
LogPluginManager: Mounting plugin MLSDK
LogPluginManager: Mounting plugin GeometryCache
LogPluginManager: Mounting plugin GeometryCollectionPlugin
LogPluginManager: Mounting plugin GeometryProcessing
LogPluginManager: Mounting plugin MotoSynth
LogPluginManager: Mounting plugin OpenImageDenoise
LogPluginManager: Mounting plugin PlanarCut
LogPluginManager: Mounting plugin ProxyLODPlugin
LogPluginManager: Mounting plugin PlatformCrypto
LogPluginManager: Mounting plugin PythonScriptPlugin
LogPluginManager: Mounting plugin AndroidMedia
LogPluginManager: Mounting plugin AvfMedia
LogPluginManager: Mounting plugin TcpMessaging
LogPluginManager: Mounting plugin UdpMessaging
LogPluginManager: Mounting plugin ImgMedia
LogPluginManager: Mounting plugin MediaCompositing
LogPluginManager: Mounting plugin SkeletalReduction
LogPluginManager: Mounting plugin MediaPlayerEditor
LogPluginManager: Mounting plugin WebMMedia
LogPluginManager: Mounting plugin WmfMedia
LogPluginManager: Mounting plugin ActorSequence
LogPluginManager: Mounting plugin MatineeToLevelSequence
LogPluginManager: Mounting plugin LevelSequenceEditor
LogPluginManager: Mounting plugin LauncherChunkInstaller
LogPluginManager: Mounting plugin TemplateSequence
LogPluginManager: Mounting plugin ActorLayerUtilities
LogPluginManager: Mounting plugin AndroidMoviePlayer
LogPluginManager: Mounting plugin AndroidDeviceProfileSelector
LogPluginManager: Mounting plugin AndroidPermission
LogPluginManager: Mounting plugin AppleImageUtils
LogPluginManager: Mounting plugin AppleMoviePlayer
LogPluginManager: Mounting plugin ArchVisCharacter
LogPluginManager: Mounting plugin AssetTags
LogPluginManager: Mounting plugin AudioCapture
LogPluginManager: Mounting plugin AudioSynesthesia
LogPluginManager: Mounting plugin CableComponent
LogPluginManager: Mounting plugin ChunkDownloader
LogPluginManager: Mounting plugin CustomMeshComponent
LogPluginManager: Mounting plugin EditableMesh
LogPluginManager: Mounting plugin ExampleDeviceProfileSelector
LogPluginManager: Mounting plugin OnlineSubsystem
LogPluginManager: Mounting plugin OnlineSubsystemNull
LogPluginManager: Mounting plugin OnlineSubsystemUtils
LogPluginManager: Mounting plugin ScreenshotTools
LogPluginManager: Mounting plugin GoogleCloudMessaging
LogPluginManager: Mounting plugin GooglePAD
LogPluginManager: Mounting plugin IOSDeviceProfileSelector
LogPluginManager: Mounting plugin LinuxDeviceProfileSelector
LogPluginManager: Mounting plugin LocationServicesBPLibrary
LogPluginManager: Mounting plugin MobilePatchingUtils
LogPluginManager: Mounting plugin OpenXREyeTracker
LogPluginManager: Mounting plugin OpenXR
LogPluginManager: Mounting plugin OpenXRHandTracking
LogPluginManager: Mounting plugin Takes
LogPluginManager: Mounting plugin PhysXVehicles
LogPluginManager: Mounting plugin PostSplashScreen
LogPluginManager: Mounting plugin ProceduralMeshComponent
LogPluginManager: Mounting plugin PropertyAccessEditor
LogPluginManager: Mounting plugin RuntimePhysXCooking
LogPluginManager: Mounting plugin SoundFields
LogPluginManager: Mounting plugin SignificanceManager
LogPluginManager: Mounting plugin Synthesis
LogPluginManager: Mounting plugin WebMMoviePlayer
LogPluginManager: Mounting plugin WindowsMoviePlayer
LogPluginManager: Mounting plugin ContentBrowserAssetDataSource
LogPluginManager: Mounting plugin ContentBrowserClassDataSource
LogPluginManager: Mounting plugin ContentBrowserFileDataSource
LogPluginManager: Mounting plugin RiderLink
LogPluginManager: Mounting plugin OnlineSubsystemGooglePlay
LogPluginManager: Mounting plugin OnlineSubsystemIOS
LogPluginManager: Mounting plugin OculusVR
LogPluginManager: Mounting plugin SteamVR
PixWinPlugin: PIX capture plugin failed to initialize! Check that the process is launched from PIX.
LogInit: Using libcurl 7.55.1-DEV
LogInit:  - built for x86_64-pc-win32
LogInit:  - supports SSL with OpenSSL/1.1.1
LogInit:  - supports HTTP deflate (compression) using libz 1.2.8
LogInit:  - other features:
LogInit:      CURL_VERSION_SSL
LogInit:      CURL_VERSION_LIBZ
LogInit:      CURL_VERSION_IPV6
LogInit:      CURL_VERSION_ASYNCHDNS
LogInit:      CURL_VERSION_LARGEFILE
LogInit:      CURL_VERSION_IDN
LogInit:  CurlRequestOptions (configurable via config and command line):
LogInit:  - bVerifyPeer = true  - Libcurl will verify peer certificate
LogInit:  - bUseHttpProxy = false  - Libcurl will NOT use HTTP proxy
LogInit:  - bDontReuseConnections = false  - Libcurl will reuse connections
LogInit:  - MaxHostConnections = 16  - Libcurl will limit the number of connections to a host
LogInit:  - LocalHostAddr = Default
LogInit:  - BufferSize = 65536
LogOnline: OSS: Creating online subsystem instance for: NULL
LogInit: WinSock: version 1.1 (2.2), MaxSocks=32767, MaxUdp=65467
LogOnline: OSS: TryLoadSubsystemAndSetDefault: Loaded subsystem for module [NULL]
LogOculusPluginWrapper: OculusPlugin initialized successfully
LogHMD: Failed initializing OVRPlugin 1.59.0
LogInit: Build: ++UE4+Release-4.27-CL-18319896
LogInit: Engine Version: 4.27.2-18319896+++UE4+Release-4.27
LogInit: Compatible Engine Version: 4.27.0-17155196+++UE4+Release-4.27
LogInit: Net CL: 17155196
LogInit: OS: Windows 10 (Release 2009) (), CPU: AMD Ryzen 9 7900X 12-Core Processor            , GPU: AMD Radeon RX 7900 XTX
LogInit: Compiled (64-bit): Nov 30 2021 07:12:08
LogInit: Compiled with Visual C++: 19.24.28315.00
LogInit: Build Configuration: DebugGame
LogInit: Branch Name: ++UE4+Release-4.27
LogInit: Command Line: 
LogInit: Base Directory: C:/Program Files/UE_4.27/Engine/Binaries/Win64/
LogInit: Allocator: TBB
LogInit: Installed Engine Build: 1
LogDevObjectVersion: Number of dev versions registered: 29
LogDevObjectVersion:   Dev-Blueprints (B0D832E4-1F89-4F0D-ACCF-7EB736FD4AA2): 10
LogDevObjectVersion:   Dev-Build (E1C64328-A22C-4D53-A36C-8E866417BD8C): 0
LogDevObjectVersion:   Dev-Core (375EC13C-06E4-48FB-B500-84F0262A717E): 4
LogDevObjectVersion:   Dev-Editor (E4B068ED-F494-42E9-A231-DA0B2E46BB41): 40
LogDevObjectVersion:   Dev-Framework (CFFC743F-43B0-4480-9391-14DF171D2073): 37
LogDevObjectVersion:   Dev-Mobile (B02B49B5-BB20-44E9-A304-32B752E40360): 3
LogDevObjectVersion:   Dev-Networking (A4E4105C-59A1-49B5-A7C5-40C4547EDFEE): 0
LogDevObjectVersion:   Dev-Online (39C831C9-5AE6-47DC-9A44-9C173E1C8E7C): 0
LogDevObjectVersion:   Dev-Physics (78F01B33-EBEA-4F98-B9B4-84EACCB95AA2): 14
LogDevObjectVersion:   Dev-Platform (6631380F-2D4D-43E0-8009-CF276956A95A): 0
LogDevObjectVersion:   Dev-Rendering (12F88B9F-8875-4AFC-A67C-D90C383ABD29): 45
LogDevObjectVersion:   Dev-Sequencer (7B5AE74C-D270-4C10-A958-57980B212A5A): 13
LogDevObjectVersion:   Dev-VR (D7296918-1DD6-4BDD-9DE2-64A83CC13884): 3
LogDevObjectVersion:   Dev-LoadTimes (C2A15278-BFE7-4AFE-6C17-90FF531DF755): 1
LogDevObjectVersion:   Private-Geometry (6EACA3D4-40EC-4CC1-B786-8BED09428FC5): 3
LogDevObjectVersion:   Dev-AnimPhys (29E575DD-E0A3-4627-9D10-D276232CDCEA): 17
LogDevObjectVersion:   Dev-Anim (AF43A65D-7FD3-4947-9873-3E8ED9C1BB05): 15
LogDevObjectVersion:   Dev-ReflectionCapture (6B266CEC-1EC7-4B8F-A30B-E4D90942FC07): 1
LogDevObjectVersion:   Dev-Automation (0DF73D61-A23F-47EA-B727-89E90C41499A): 1
LogDevObjectVersion:   FortniteMain (601D1886-AC64-4F84-AA16-D3DE0DEAC7D6): 47
LogDevObjectVersion:   FortniteRelease (E7086368-6B23-4C58-8439-1B7016265E91): 1
LogDevObjectVersion:   Dev-Enterprise (9DFFBCD6-494F-0158-E221-12823C92A888): 10
LogDevObjectVersion:   Dev-Niagara (F2AED0AC-9AFE-416F-8664-AA7FFA26D6FC): 1
LogDevObjectVersion:   Dev-Destruction (174F1F0B-B4C6-45A5-B13F-2EE8D0FB917D): 10
LogDevObjectVersion:   Dev-Physics-Ext (35F94A83-E258-406C-A318-09F59610247C): 41
LogDevObjectVersion:   Dev-PhysicsMaterial-Chaos (B68FC16E-8B1B-42E2-B453-215C058844FE): 1
LogDevObjectVersion:   Dev-CineCamera (B2E18506-4273-CFC2-A54E-F4BB758BBA07): 1
LogDevObjectVersion:   Dev-VirtualProduction (64F58936-FD1B-42BA-BA96-7289D5D0FA4E): 1
LogDevObjectVersion:   Dev-MediaFramework (6F0ED827-A609-4895-9C91-998D90180EA4): 2
LogInit: Presizing for max 25165824 objects, including 0 objects not considered by GC, pre-allocating 0 bytes for permanent pool.
LogConfig: Applying CVar settings from Section [/Script/Engine.StreamingSettings] File [C:/Users/nanim/GitHub/NewNewInsectHeaven/InsectHeaven/Saved/Config/Windows/Engine.ini]
LogConfig: Setting CVar [[s.MinBulkDataSizeForAsyncLoading:131072]]
LogConfig: Setting CVar [[s.AsyncLoadingThreadEnabled:0]]
LogConfig: Setting CVar [[s.EventDrivenLoaderEnabled:1]]
LogConfig: Setting CVar [[s.WarnIfTimeLimitExceeded:0]]
LogConfig: Setting CVar [[s.TimeLimitExceededMultiplier:1.5]]
LogConfig: Setting CVar [[s.TimeLimitExceededMinTime:0.005]]
LogConfig: Setting CVar [[s.UseBackgroundLevelStreaming:1]]
LogConfig: Setting CVar [[s.PriorityAsyncLoadingExtraTime:15.0]]
LogConfig: Setting CVar [[s.LevelStreamingActorsUpdateTimeLimit:5.0]]
LogConfig: Setting CVar [[s.PriorityLevelStreamingActorsUpdateExtraTime:5.0]]
LogConfig: Setting CVar [[s.LevelStreamingComponentsRegistrationGranularity:10]]
LogConfig: Setting CVar [[s.UnregisterComponentsTimeLimit:1.0]]
LogConfig: Setting CVar [[s.LevelStreamingComponentsUnregistrationGranularity:5]]
LogConfig: Setting CVar [[s.FlushStreamingOnExit:1]]
LogInit: Object subsystem initialized
LogConfig: Setting CVar [[con.DebugEarlyDefault:1]]
LogConfig: Setting CVar [[r.setres:1280x720]]
[2024.09.21-16.25.23:522][  0]LogConfig: Setting CVar [[r.VSync:0]]
[2024.09.21-16.25.23:522][  0]LogConfig: Setting CVar [[r.RHICmdBypass:0]]
[2024.09.21-16.25.23:522][  0]LogConfig: Applying CVar settings from Section [/Script/Engine.RendererSettings] File [C:/Users/nanim/GitHub/NewNewInsectHeaven/InsectHeaven/Saved/Config/Windows/Engine.ini]
[2024.09.21-16.25.23:522][  0]LogConfig: Setting CVar [[r.GPUCrashDebugging:0]]
[2024.09.21-16.25.23:522][  0]LogConfig: Applying CVar settings from Section [/Script/Engine.RendererOverrideSettings] File [C:/Users/nanim/GitHub/NewNewInsectHeaven/InsectHeaven/Saved/Config/Windows/Engine.ini]
[2024.09.21-16.25.23:522][  0]LogConfig: Applying CVar settings from Section [/Script/Engine.StreamingSettings] File [C:/Users/nanim/GitHub/NewNewInsectHeaven/InsectHeaven/Saved/Config/Windows/Engine.ini]
[2024.09.21-16.25.23:522][  0]LogConfig: Setting CVar [[s.MinBulkDataSizeForAsyncLoading:131072]]
[2024.09.21-16.25.23:522][  0]LogConfig: Setting CVar [[s.AsyncLoadingThreadEnabled:0]]
[2024.09.21-16.25.23:523][  0]LogConfig: Setting CVar [[s.EventDrivenLoaderEnabled:1]]
[2024.09.21-16.25.23:523][  0]LogConfig: Setting CVar [[s.WarnIfTimeLimitExceeded:0]]
[2024.09.21-16.25.23:523][  0]LogConfig: Setting CVar [[s.TimeLimitExceededMultiplier:1.5]]
[2024.09.21-16.25.23:523][  0]LogConfig: Setting CVar [[s.TimeLimitExceededMinTime:0.005]]
[2024.09.21-16.25.23:523][  0]LogConfig: Setting CVar [[s.UseBackgroundLevelStreaming:1]]
[2024.09.21-16.25.23:523][  0]LogConfig: Setting CVar [[s.PriorityAsyncLoadingExtraTime:15.0]]
[2024.09.21-16.25.23:523][  0]LogConfig: Setting CVar [[s.LevelStreamingActorsUpdateTimeLimit:5.0]]
[2024.09.21-16.25.23:523][  0]LogConfig: Setting CVar [[s.PriorityLevelStreamingActorsUpdateExtraTime:5.0]]
[2024.09.21-16.25.23:523][  0]LogConfig: Setting CVar [[s.LevelStreamingComponentsRegistrationGranularity:10]]
[2024.09.21-16.25.23:523][  0]LogConfig: Setting CVar [[s.UnregisterComponentsTimeLimit:1.0]]
[2024.09.21-16.25.23:524][  0]LogConfig: Setting CVar [[s.LevelStreamingComponentsUnregistrationGranularity:5]]
[2024.09.21-16.25.23:524][  0]LogConfig: Setting CVar [[s.FlushStreamingOnExit:1]]
[2024.09.21-16.25.23:524][  0]LogConfig: Applying CVar settings from Section [/Script/Engine.GarbageCollectionSettings] File [C:/Users/nanim/GitHub/NewNewInsectHeaven/InsectHeaven/Saved/Config/Windows/Engine.ini]
[2024.09.21-16.25.23:524][  0]LogConfig: Setting CVar [[gc.MaxObjectsNotConsideredByGC:1]]
[2024.09.21-16.25.23:524][  0]LogConfig: Setting CVar [[gc.SizeOfPermanentObjectPool:0]]
[2024.09.21-16.25.23:524][  0]LogConfig: Setting CVar [[gc.FlushStreamingOnGC:0]]
[2024.09.21-16.25.23:524][  0]LogConfig: Setting CVar [[gc.NumRetriesBeforeForcingGC:10]]
[2024.09.21-16.25.23:524][  0]LogConfig: Setting CVar [[gc.AllowParallelGC:1]]
[2024.09.21-16.25.23:524][  0]LogConfig: Setting CVar [[gc.TimeBetweenPurgingPendingKillObjects:61.1]]
[2024.09.21-16.25.23:524][  0]LogConfig: Setting CVar [[gc.MaxObjectsInEditor:25165824]]
[2024.09.21-16.25.23:524][  0]LogConfig: Setting CVar [[gc.IncrementalBeginDestroyEnabled:1]]
[2024.09.21-16.25.23:524][  0]LogConfig: Setting CVar [[gc.CreateGCClusters:1]]
[2024.09.21-16.25.23:525][  0]LogConfig: Setting CVar [[gc.MinGCClusterSize:5]]
[2024.09.21-16.25.23:525][  0]LogConfig: Setting CVar [[gc.ActorClusteringEnabled:0]]
[2024.09.21-16.25.23:525][  0]LogConfig: Setting CVar [[gc.BlueprintClusteringEnabled:0]]
[2024.09.21-16.25.23:525][  0]LogConfig: Setting CVar [[gc.UseDisregardForGCOnDedicatedServers:0]]
[2024.09.21-16.25.23:525][  0]LogConfig: Setting CVar [[gc.MultithreadedDestructionEnabled:1]]
[2024.09.21-16.25.23:525][  0]LogConfig: Applying CVar settings from Section [/Script/Engine.NetworkSettings] File [C:/Users/nanim/GitHub/NewNewInsectHeaven/InsectHeaven/Saved/Config/Windows/Engine.ini]
[2024.09.21-16.25.23:525][  0]LogConfig: Applying CVar settings from Section [/Script/UnrealEd.CookerSettings] File [C:/Users/nanim/GitHub/NewNewInsectHeaven/InsectHeaven/Saved/Config/Windows/Engine.ini]
[2024.09.21-16.25.23:569][  0]LogConfig: Applying CVar settings from Section [ViewDistanceQuality@3] File [C:/Users/nanim/GitHub/NewNewInsectHeaven/InsectHeaven/Saved/Config/Windows/Scalability.ini]
[2024.09.21-16.25.23:569][  0]LogConfig: Setting CVar [[r.SkeletalMeshLODBias:0]]
[2024.09.21-16.25.23:569][  0]LogConfig: Setting CVar [[r.ViewDistanceScale:1.0]]
[2024.09.21-16.25.23:569][  0]LogConfig: Applying CVar settings from Section [AntiAliasingQuality@3] File [C:/Users/nanim/GitHub/NewNewInsectHeaven/InsectHeaven/Saved/Config/Windows/Scalability.ini]
[2024.09.21-16.25.23:569][  0]LogConfig: Setting CVar [[r.PostProcessAAQuality:4]]
[2024.09.21-16.25.23:569][  0]LogConfig: Applying CVar settings from Section [ShadowQuality@3] File [C:/Users/nanim/GitHub/NewNewInsectHeaven/InsectHeaven/Saved/Config/Windows/Scalability.ini]
[2024.09.21-16.25.23:569][  0]LogConfig: Setting CVar [[r.LightFunctionQuality:1]]
[2024.09.21-16.25.23:569][  0]LogConfig: Setting CVar [[r.ShadowQuality:5]]
[2024.09.21-16.25.23:570][  0]LogConfig: Setting CVar [[r.Shadow.CSM.MaxCascades:10]]
[2024.09.21-16.25.23:570][  0]LogConfig: Setting CVar [[r.Shadow.MaxResolution:2048]]
[2024.09.21-16.25.23:570][  0]LogConfig: Setting CVar [[r.Shadow.MaxCSMResolution:2048]]
[2024.09.21-16.25.23:570][  0]LogConfig: Setting CVar [[r.Shadow.RadiusThreshold:0.01]]
[2024.09.21-16.25.23:570][  0]LogConfig: Setting CVar [[r.Shadow.DistanceScale:1.0]]
[2024.09.21-16.25.23:570][  0]LogConfig: Setting CVar [[r.Shadow.CSM.TransitionScale:1.0]]
[2024.09.21-16.25.23:570][  0]LogConfig: Setting CVar [[r.Shadow.PreShadowResolutionFactor:1.0]]
[2024.09.21-16.25.23:570][  0]LogConfig: Setting CVar [[r.DistanceFieldShadowing:1]]
[2024.09.21-16.25.23:571][  0]LogConfig: Setting CVar [[r.DistanceFieldAO:1]]
[2024.09.21-16.25.23:571][  0]LogConfig: Setting CVar [[r.AOQuality:2]]
[2024.09.21-16.25.23:571][  0]LogConfig: Setting CVar [[r.VolumetricFog:1]]
[2024.09.21-16.25.23:571][  0]LogConfig: Setting CVar [[r.VolumetricFog.GridPixelSize:8]]
[2024.09.21-16.25.23:571][  0]LogConfig: Setting CVar [[r.VolumetricFog.GridSizeZ:128]]
[2024.09.21-16.25.23:571][  0]LogConfig: Setting CVar [[r.VolumetricFog.HistoryMissSupersampleCount:4]]
[2024.09.21-16.25.23:571][  0]LogConfig: Setting CVar [[r.LightMaxDrawDistanceScale:1]]
[2024.09.21-16.25.23:571][  0]LogConfig: Setting CVar [[r.CapsuleShadows:1]]
[2024.09.21-16.25.23:571][  0]LogConfig: Applying CVar settings from Section [PostProcessQuality@3] File [C:/Users/nanim/GitHub/NewNewInsectHeaven/InsectHeaven/Saved/Config/Windows/Scalability.ini]
[2024.09.21-16.25.23:572][  0]LogConfig: Setting CVar [[r.MotionBlurQuality:4]]
[2024.09.21-16.25.23:572][  0]LogConfig: Setting CVar [[r.AmbientOcclusionMipLevelFactor:0.4]]
[2024.09.21-16.25.23:572][  0]LogConfig: Setting CVar [[r.AmbientOcclusionMaxQuality:100]]
[2024.09.21-16.25.23:572][  0]LogConfig: Setting CVar [[r.AmbientOcclusionLevels:-1]]
[2024.09.21-16.25.23:572][  0]LogConfig: Setting CVar [[r.AmbientOcclusionRadiusScale:1.0]]
[2024.09.21-16.25.23:572][  0]LogConfig: Setting CVar [[r.DepthOfFieldQuality:2]]
[2024.09.21-16.25.23:572][  0]LogConfig: Setting CVar [[r.RenderTargetPoolMin:400]]
[2024.09.21-16.25.23:573][  0]LogConfig: Setting CVar [[r.LensFlareQuality:2]]
[2024.09.21-16.25.23:573][  0]LogConfig: Setting CVar [[r.SceneColorFringeQuality:1]]
[2024.09.21-16.25.23:573][  0]LogConfig: Setting CVar [[r.EyeAdaptationQuality:2]]
[2024.09.21-16.25.23:573][  0]LogConfig: Setting CVar [[r.BloomQuality:5]]
[2024.09.21-16.25.23:573][  0]LogConfig: Setting CVar [[r.FastBlurThreshold:100]]
[2024.09.21-16.25.23:573][  0]LogConfig: Setting CVar [[r.Upscale.Quality:3]]
[2024.09.21-16.25.23:573][  0]LogConfig: Setting CVar [[r.Tonemapper.GrainQuantization:1]]
[2024.09.21-16.25.23:573][  0]LogConfig: Setting CVar [[r.LightShaftQuality:1]]
[2024.09.21-16.25.23:574][  0]LogConfig: Setting CVar [[r.Filter.SizeScale:1]]
[2024.09.21-16.25.23:574][  0]LogConfig: Setting CVar [[r.Tonemapper.Quality:5]]
[2024.09.21-16.25.23:574][  0]LogConfig: Setting CVar [[r.DOF.Gather.AccumulatorQuality:1        ; higher gathering accumulator quality]]
[2024.09.21-16.25.23:574][  0]LogConfig: Setting CVar [[r.DOF.Gather.PostfilterMethod:1          ; Median3x3 postfilering method]]
[2024.09.21-16.25.23:574][  0]LogConfig: Setting CVar [[r.DOF.Gather.EnableBokehSettings:0       ; no bokeh simulation when gathering]]
[2024.09.21-16.25.23:574][  0]LogConfig: Setting CVar [[r.DOF.Gather.RingCount:4                 ; medium number of samples when gathering]]
[2024.09.21-16.25.23:574][  0]LogConfig: Setting CVar [[r.DOF.Scatter.ForegroundCompositing:1    ; additive foreground scattering]]
[2024.09.21-16.25.23:574][  0]LogConfig: Setting CVar [[r.DOF.Scatter.BackgroundCompositing:2    ; additive background scattering]]
[2024.09.21-16.25.23:574][  0]LogConfig: Setting CVar [[r.DOF.Scatter.EnableBokehSettings:1      ; bokeh simulation when scattering]]
[2024.09.21-16.25.23:575][  0]LogConfig: Setting CVar [[r.DOF.Scatter.MaxSpriteRatio:0.1         ; only a maximum of 10% of scattered bokeh]]
[2024.09.21-16.25.23:575][  0]LogConfig: Setting CVar [[r.DOF.Recombine.Quality:1                ; cheap slight out of focus]]
[2024.09.21-16.25.23:575][  0]LogConfig: Setting CVar [[r.DOF.Recombine.EnableBokehSettings:0    ; no bokeh simulation on slight out of focus]]
[2024.09.21-16.25.23:575][  0]LogConfig: Setting CVar [[r.DOF.TemporalAAQuality:1                ; more stable temporal accumulation]]
[2024.09.21-16.25.23:575][  0]LogConfig: Setting CVar [[r.DOF.Kernel.MaxForegroundRadius:0.025]]
[2024.09.21-16.25.23:575][  0]LogConfig: Setting CVar [[r.DOF.Kernel.MaxBackgroundRadius:0.025]]
[2024.09.21-16.25.23:575][  0]LogConfig: Applying CVar settings from Section [TextureQuality@3] File [C:/Users/nanim/GitHub/NewNewInsectHeaven/InsectHeaven/Saved/Config/Windows/Scalability.ini]
[2024.09.21-16.25.23:575][  0]LogConfig: Setting CVar [[r.Streaming.MipBias:0]]
[2024.09.21-16.25.23:575][  0]LogConfig: Setting CVar [[r.Streaming.AmortizeCPUToGPUCopy:0]]
[2024.09.21-16.25.23:576][  0]LogConfig: Setting CVar [[r.Streaming.MaxNumTexturesToStreamPerFrame:0]]
[2024.09.21-16.25.23:576][  0]LogConfig: Setting CVar [[r.Streaming.Boost:1]]
[2024.09.21-16.25.23:576][  0]LogConfig: Setting CVar [[r.MaxAnisotropy:8]]
[2024.09.21-16.25.23:576][  0]LogConfig: Setting CVar [[r.VT.MaxAnisotropy:8]]
[2024.09.21-16.25.23:576][  0]LogConfig: Setting CVar [[r.Streaming.LimitPoolSizeToVRAM:0]]
[2024.09.21-16.25.23:576][  0]LogConfig: Setting CVar [[r.Streaming.PoolSize:1000]]
[2024.09.21-16.25.23:576][  0]LogConfig: Setting CVar [[r.Streaming.MaxEffectiveScreenSize:0]]
[2024.09.21-16.25.23:576][  0]LogConfig: Applying CVar settings from Section [EffectsQuality@3] File [C:/Users/nanim/GitHub/NewNewInsectHeaven/InsectHeaven/Saved/Config/Windows/Scalability.ini]
[2024.09.21-16.25.23:577][  0]LogConfig: Setting CVar [[r.TranslucencyLightingVolumeDim:64]]
[2024.09.21-16.25.23:577][  0]LogConfig: Setting CVar [[r.RefractionQuality:2]]
[2024.09.21-16.25.23:577][  0]LogConfig: Setting CVar [[r.SSR.Quality:3]]
[2024.09.21-16.25.23:577][  0]LogConfig: Setting CVar [[r.SSR.HalfResSceneColor:0]]
[2024.09.21-16.25.23:577][  0]LogConfig: Setting CVar [[r.SceneColorFormat:4]]
[2024.09.21-16.25.23:577][  0]LogConfig: Setting CVar [[r.DetailMode:2]]
[2024.09.21-16.25.23:577][  0]LogConfig: Setting CVar [[r.TranslucencyVolumeBlur:1]]
[2024.09.21-16.25.23:577][  0]LogConfig: Setting CVar [[r.MaterialQualityLevel:1 ; High quality]]
[2024.09.21-16.25.23:577][  0]LogConfig: Setting CVar [[r.AnisotropicMaterials:1]]
[2024.09.21-16.25.23:577][  0]LogConfig: Setting CVar [[r.SSS.Scale:1]]
[2024.09.21-16.25.23:578][  0]LogConfig: Setting CVar [[r.SSS.SampleSet:2]]
[2024.09.21-16.25.23:578][  0]LogConfig: Setting CVar [[r.SSS.Quality:1]]
[2024.09.21-16.25.23:578][  0]LogConfig: Setting CVar [[r.SSS.HalfRes:0]]
[2024.09.21-16.25.23:578][  0]LogConfig: Setting CVar [[r.SSGI.Quality:3]]
[2024.09.21-16.25.23:578][  0]LogConfig: Setting CVar [[r.EmitterSpawnRateScale:1.0]]
[2024.09.21-16.25.23:578][  0]LogConfig: Setting CVar [[r.ParticleLightQuality:2]]
[2024.09.21-16.25.23:578][  0]LogConfig: Setting CVar [[r.SkyAtmosphere.AerialPerspectiveLUT.FastApplyOnOpaque:1 ; Always have FastSkyLUT 1 in this case to avoid wrong sky]]
[2024.09.21-16.25.23:578][  0]LogConfig: Setting CVar [[r.SkyAtmosphere.AerialPerspectiveLUT.SampleCountMaxPerSlice:4]]
[2024.09.21-16.25.23:578][  0]LogConfig: Setting CVar [[r.SkyAtmosphere.AerialPerspectiveLUT.DepthResolution:16.0]]
[2024.09.21-16.25.23:579][  0]LogConfig: Setting CVar [[r.SkyAtmosphere.FastSkyLUT:1]]
[2024.09.21-16.25.23:579][  0]LogConfig: Setting CVar [[r.SkyAtmosphere.FastSkyLUT.SampleCountMin:4.0]]
[2024.09.21-16.25.23:579][  0]LogConfig: Setting CVar [[r.SkyAtmosphere.FastSkyLUT.SampleCountMax:128.0]]
[2024.09.21-16.25.23:579][  0]LogConfig: Setting CVar [[r.SkyAtmosphere.SampleCountMin:4.0]]
[2024.09.21-16.25.23:579][  0]LogConfig: Setting CVar [[r.SkyAtmosphere.SampleCountMax:128.0]]
[2024.09.21-16.25.23:579][  0]LogConfig: Setting CVar [[r.SkyAtmosphere.TransmittanceLUT.UseSmallFormat:0]]
[2024.09.21-16.25.23:579][  0]LogConfig: Setting CVar [[r.SkyAtmosphere.TransmittanceLUT.SampleCount:10.0]]
[2024.09.21-16.25.23:579][  0]LogConfig: Setting CVar [[r.SkyAtmosphere.MultiScatteringLUT.SampleCount:15.0]]
[2024.09.21-16.25.23:580][  0]LogConfig: Setting CVar [[r.SkyLight.RealTimeReflectionCapture:1]]
[2024.09.21-16.25.23:580][  0]LogConfig: Applying CVar settings from Section [FoliageQuality@3] File [C:/Users/nanim/GitHub/NewNewInsectHeaven/InsectHeaven/Saved/Config/Windows/Scalability.ini]
[2024.09.21-16.25.23:580][  0]LogConfig: Setting CVar [[foliage.DensityScale:1.0]]
[2024.09.21-16.25.23:580][  0]LogConfig: Setting CVar [[grass.DensityScale:1.0]]
[2024.09.21-16.25.23:580][  0]LogConfig: Applying CVar settings from Section [ShadingQuality@3] File [C:/Users/nanim/GitHub/NewNewInsectHeaven/InsectHeaven/Saved/Config/Windows/Scalability.ini]
[2024.09.21-16.25.23:580][  0]LogConfig: Setting CVar [[r.HairStrands.SkyLighting.IntegrationType:2]]
[2024.09.21-16.25.23:580][  0]LogConfig: Setting CVar [[r.HairStrands.SkyAO.SampleCount:4]]
[2024.09.21-16.25.23:580][  0]LogConfig: Setting CVar [[r.HairStrands.Visibility.MSAA.SamplePerPixel:4]]
[2024.09.21-16.25.23:580][  0]LogInit: Selected Device Profile: [Windows]
[2024.09.21-16.25.23:580][  0]LogInit: Applying CVar settings loaded from the selected device profile: [Windows]
[2024.09.21-16.25.23:581][  0]LogHAL: Display: Platform has ~ 32 GB [33457160192 / 34359738368 / 32], which maps to Largest [LargestMinGB=32, LargerMinGB=12, DefaultMinGB=8, SmallerMinGB=6, SmallestMinGB=0)
[2024.09.21-16.25.23:581][  0]LogInit: Going up to parent DeviceProfile []
[2024.09.21-16.25.23:581][  0]LogConfig: Applying CVar settings from Section [ViewDistanceQuality@3] File [C:/Users/nanim/GitHub/NewNewInsectHeaven/InsectHeaven/Saved/Config/Windows/Scalability.ini]
[2024.09.21-16.25.23:581][  0]LogConfig: Setting CVar [[r.SkeletalMeshLODBias:0]]
[2024.09.21-16.25.23:581][  0]LogConfig: Setting CVar [[r.ViewDistanceScale:1.0]]
[2024.09.21-16.25.23:581][  0]LogConfig: Applying CVar settings from Section [AntiAliasingQuality@3] File [C:/Users/nanim/GitHub/NewNewInsectHeaven/InsectHeaven/Saved/Config/Windows/Scalability.ini]
[2024.09.21-16.25.23:581][  0]LogConfig: Setting CVar [[r.PostProcessAAQuality:4]]
[2024.09.21-16.25.23:581][  0]LogConfig: Applying CVar settings from Section [ShadowQuality@3] File [C:/Users/nanim/GitHub/NewNewInsectHeaven/InsectHeaven/Saved/Config/Windows/Scalability.ini]
[2024.09.21-16.25.23:581][  0]LogConfig: Setting CVar [[r.LightFunctionQuality:1]]
[2024.09.21-16.25.23:581][  0]LogConfig: Setting CVar [[r.ShadowQuality:5]]
[2024.09.21-16.25.23:582][  0]LogConfig: Setting CVar [[r.Shadow.CSM.MaxCascades:10]]
[2024.09.21-16.25.23:582][  0]LogConfig: Setting CVar [[r.Shadow.MaxResolution:2048]]
[2024.09.21-16.25.23:582][  0]LogConfig: Setting CVar [[r.Shadow.MaxCSMResolution:2048]]
[2024.09.21-16.25.23:582][  0]LogConfig: Setting CVar [[r.Shadow.RadiusThreshold:0.01]]
[2024.09.21-16.25.23:582][  0]LogConfig: Setting CVar [[r.Shadow.DistanceScale:1.0]]
[2024.09.21-16.25.23:582][  0]LogConfig: Setting CVar [[r.Shadow.CSM.TransitionScale:1.0]]
[2024.09.21-16.25.23:582][  0]LogConfig: Setting CVar [[r.Shadow.PreShadowResolutionFactor:1.0]]
[2024.09.21-16.25.23:582][  0]LogConfig: Setting CVar [[r.DistanceFieldShadowing:1]]
[2024.09.21-16.25.23:582][  0]LogConfig: Setting CVar [[r.DistanceFieldAO:1]]
[2024.09.21-16.25.23:582][  0]LogConfig: Setting CVar [[r.AOQuality:2]]
[2024.09.21-16.25.23:582][  0]LogConfig: Setting CVar [[r.VolumetricFog:1]]
[2024.09.21-16.25.23:583][  0]LogConfig: Setting CVar [[r.VolumetricFog.GridPixelSize:8]]
[2024.09.21-16.25.23:583][  0]LogConfig: Setting CVar [[r.VolumetricFog.GridSizeZ:128]]
[2024.09.21-16.25.23:583][  0]LogConfig: Setting CVar [[r.VolumetricFog.HistoryMissSupersampleCount:4]]
[2024.09.21-16.25.23:583][  0]LogConfig: Setting CVar [[r.LightMaxDrawDistanceScale:1]]
[2024.09.21-16.25.23:583][  0]LogConfig: Setting CVar [[r.CapsuleShadows:1]]
[2024.09.21-16.25.23:583][  0]LogConfig: Applying CVar settings from Section [PostProcessQuality@3] File [C:/Users/nanim/GitHub/NewNewInsectHeaven/InsectHeaven/Saved/Config/Windows/Scalability.ini]
[2024.09.21-16.25.23:583][  0]LogConfig: Setting CVar [[r.MotionBlurQuality:4]]
[2024.09.21-16.25.23:583][  0]LogConfig: Setting CVar [[r.AmbientOcclusionMipLevelFactor:0.4]]
[2024.09.21-16.25.23:583][  0]LogConfig: Setting CVar [[r.AmbientOcclusionMaxQuality:100]]
[2024.09.21-16.25.23:583][  0]LogConfig: Setting CVar [[r.AmbientOcclusionLevels:-1]]
[2024.09.21-16.25.23:584][  0]LogConfig: Setting CVar [[r.AmbientOcclusionRadiusScale:1.0]]
[2024.09.21-16.25.23:584][  0]LogConfig: Setting CVar [[r.DepthOfFieldQuality:2]]
[2024.09.21-16.25.23:584][  0]LogConfig: Setting CVar [[r.RenderTargetPoolMin:400]]
[2024.09.21-16.25.23:584][  0]LogConfig: Setting CVar [[r.LensFlareQuality:2]]
[2024.09.21-16.25.23:584][  0]LogConfig: Setting CVar [[r.SceneColorFringeQuality:1]]
[2024.09.21-16.25.23:584][  0]LogConfig: Setting CVar [[r.EyeAdaptationQuality:2]]
[2024.09.21-16.25.23:584][  0]LogConfig: Setting CVar [[r.BloomQuality:5]]
[2024.09.21-16.25.23:584][  0]LogConfig: Setting CVar [[r.FastBlurThreshold:100]]
[2024.09.21-16.25.23:584][  0]LogConfig: Setting CVar [[r.Upscale.Quality:3]]
[2024.09.21-16.25.23:584][  0]LogConfig: Setting CVar [[r.Tonemapper.GrainQuantization:1]]
[2024.09.21-16.25.23:585][  0]LogConfig: Setting CVar [[r.LightShaftQuality:1]]
[2024.09.21-16.25.23:585][  0]LogConfig: Setting CVar [[r.Filter.SizeScale:1]]
[2024.09.21-16.25.23:585][  0]LogConfig: Setting CVar [[r.Tonemapper.Quality:5]]
[2024.09.21-16.25.23:585][  0]LogConfig: Setting CVar [[r.DOF.Gather.AccumulatorQuality:1        ; higher gathering accumulator quality]]
[2024.09.21-16.25.23:585][  0]LogConfig: Setting CVar [[r.DOF.Gather.PostfilterMethod:1          ; Median3x3 postfilering method]]
[2024.09.21-16.25.23:585][  0]LogConfig: Setting CVar [[r.DOF.Gather.EnableBokehSettings:0       ; no bokeh simulation when gathering]]
[2024.09.21-16.25.23:585][  0]LogConfig: Setting CVar [[r.DOF.Gather.RingCount:4                 ; medium number of samples when gathering]]
[2024.09.21-16.25.23:585][  0]LogConfig: Setting CVar [[r.DOF.Scatter.ForegroundCompositing:1    ; additive foreground scattering]]
[2024.09.21-16.25.23:585][  0]LogConfig: Setting CVar [[r.DOF.Scatter.BackgroundCompositing:2    ; additive background scattering]]
[2024.09.21-16.25.23:586][  0]LogConfig: Setting CVar [[r.DOF.Scatter.EnableBokehSettings:1      ; bokeh simulation when scattering]]
[2024.09.21-16.25.23:586][  0]LogConfig: Setting CVar [[r.DOF.Scatter.MaxSpriteRatio:0.1         ; only a maximum of 10% of scattered bokeh]]
[2024.09.21-16.25.23:586][  0]LogConfig: Setting CVar [[r.DOF.Recombine.Quality:1                ; cheap slight out of focus]]
[2024.09.21-16.25.23:586][  0]LogConfig: Setting CVar [[r.DOF.Recombine.EnableBokehSettings:0    ; no bokeh simulation on slight out of focus]]
[2024.09.21-16.25.23:586][  0]LogConfig: Setting CVar [[r.DOF.TemporalAAQuality:1                ; more stable temporal accumulation]]
[2024.09.21-16.25.23:586][  0]LogConfig: Setting CVar [[r.DOF.Kernel.MaxForegroundRadius:0.025]]
[2024.09.21-16.25.23:586][  0]LogConfig: Setting CVar [[r.DOF.Kernel.MaxBackgroundRadius:0.025]]
[2024.09.21-16.25.23:586][  0]LogConfig: Applying CVar settings from Section [TextureQuality@3] File [C:/Users/nanim/GitHub/NewNewInsectHeaven/InsectHeaven/Saved/Config/Windows/Scalability.ini]
[2024.09.21-16.25.23:586][  0]LogConfig: Setting CVar [[r.Streaming.MipBias:0]]
[2024.09.21-16.25.23:587][  0]LogConfig: Setting CVar [[r.Streaming.AmortizeCPUToGPUCopy:0]]
[2024.09.21-16.25.23:587][  0]LogConfig: Setting CVar [[r.Streaming.MaxNumTexturesToStreamPerFrame:0]]
[2024.09.21-16.25.23:587][  0]LogConfig: Setting CVar [[r.Streaming.Boost:1]]
[2024.09.21-16.25.23:587][  0]LogConfig: Setting CVar [[r.MaxAnisotropy:8]]
[2024.09.21-16.25.23:587][  0]LogConfig: Setting CVar [[r.VT.MaxAnisotropy:8]]
[2024.09.21-16.25.23:587][  0]LogConfig: Setting CVar [[r.Streaming.LimitPoolSizeToVRAM:0]]
[2024.09.21-16.25.23:587][  0]LogConfig: Setting CVar [[r.Streaming.PoolSize:1000]]
[2024.09.21-16.25.23:587][  0]LogConfig: Setting CVar [[r.Streaming.MaxEffectiveScreenSize:0]]
[2024.09.21-16.25.23:587][  0]LogConfig: Applying CVar settings from Section [EffectsQuality@3] File [C:/Users/nanim/GitHub/NewNewInsectHeaven/InsectHeaven/Saved/Config/Windows/Scalability.ini]
[2024.09.21-16.25.23:587][  0]LogConfig: Setting CVar [[r.TranslucencyLightingVolumeDim:64]]
[2024.09.21-16.25.23:587][  0]LogConfig: Setting CVar [[r.RefractionQuality:2]]
[2024.09.21-16.25.23:588][  0]LogConfig: Setting CVar [[r.SSR.Quality:3]]
[2024.09.21-16.25.23:588][  0]LogConfig: Setting CVar [[r.SSR.HalfResSceneColor:0]]
[2024.09.21-16.25.23:588][  0]LogConfig: Setting CVar [[r.SceneColorFormat:4]]
[2024.09.21-16.25.23:588][  0]LogConfig: Setting CVar [[r.DetailMode:2]]
[2024.09.21-16.25.23:588][  0]LogConfig: Setting CVar [[r.TranslucencyVolumeBlur:1]]
[2024.09.21-16.25.23:588][  0]LogConfig: Setting CVar [[r.MaterialQualityLevel:1 ; High quality]]
[2024.09.21-16.25.23:588][  0]LogConfig: Setting CVar [[r.AnisotropicMaterials:1]]
[2024.09.21-16.25.23:588][  0]LogConfig: Setting CVar [[r.SSS.Scale:1]]
[2024.09.21-16.25.23:588][  0]LogConfig: Setting CVar [[r.SSS.SampleSet:2]]
[2024.09.21-16.25.23:588][  0]LogConfig: Setting CVar [[r.SSS.Quality:1]]
[2024.09.21-16.25.23:589][  0]LogConfig: Setting CVar [[r.SSS.HalfRes:0]]
[2024.09.21-16.25.23:589][  0]LogConfig: Setting CVar [[r.SSGI.Quality:3]]
[2024.09.21-16.25.23:589][  0]LogConfig: Setting CVar [[r.EmitterSpawnRateScale:1.0]]
[2024.09.21-16.25.23:589][  0]LogConfig: Setting CVar [[r.ParticleLightQuality:2]]
[2024.09.21-16.25.23:589][  0]LogConfig: Setting CVar [[r.SkyAtmosphere.AerialPerspectiveLUT.FastApplyOnOpaque:1 ; Always have FastSkyLUT 1 in this case to avoid wrong sky]]
[2024.09.21-16.25.23:589][  0]LogConfig: Setting CVar [[r.SkyAtmosphere.AerialPerspectiveLUT.SampleCountMaxPerSlice:4]]
[2024.09.21-16.25.23:589][  0]LogConfig: Setting CVar [[r.SkyAtmosphere.AerialPerspectiveLUT.DepthResolution:16.0]]
[2024.09.21-16.25.23:589][  0]LogConfig: Setting CVar [[r.SkyAtmosphere.FastSkyLUT:1]]
[2024.09.21-16.25.23:589][  0]LogConfig: Setting CVar [[r.SkyAtmosphere.FastSkyLUT.SampleCountMin:4.0]]
[2024.09.21-16.25.23:589][  0]LogConfig: Setting CVar [[r.SkyAtmosphere.FastSkyLUT.SampleCountMax:128.0]]
[2024.09.21-16.25.23:590][  0]LogConfig: Setting CVar [[r.SkyAtmosphere.SampleCountMin:4.0]]
[2024.09.21-16.25.23:590][  0]LogConfig: Setting CVar [[r.SkyAtmosphere.SampleCountMax:128.0]]
[2024.09.21-16.25.23:590][  0]LogConfig: Setting CVar [[r.SkyAtmosphere.TransmittanceLUT.UseSmallFormat:0]]
[2024.09.21-16.25.23:590][  0]LogConfig: Setting CVar [[r.SkyAtmosphere.TransmittanceLUT.SampleCount:10.0]]
[2024.09.21-16.25.23:590][  0]LogConfig: Setting CVar [[r.SkyAtmosphere.MultiScatteringLUT.SampleCount:15.0]]
[2024.09.21-16.25.23:590][  0]LogConfig: Setting CVar [[r.SkyLight.RealTimeReflectionCapture:1]]
[2024.09.21-16.25.23:590][  0]LogConfig: Applying CVar settings from Section [FoliageQuality@3] File [C:/Users/nanim/GitHub/NewNewInsectHeaven/InsectHeaven/Saved/Config/Windows/Scalability.ini]
[2024.09.21-16.25.23:590][  0]LogConfig: Setting CVar [[foliage.DensityScale:1.0]]
[2024.09.21-16.25.23:590][  0]LogConfig: Setting CVar [[grass.DensityScale:1.0]]
[2024.09.21-16.25.23:590][  0]LogConfig: Applying CVar settings from Section [ShadingQuality@3] File [C:/Users/nanim/GitHub/NewNewInsectHeaven/InsectHeaven/Saved/Config/Windows/Scalability.ini]
[2024.09.21-16.25.23:591][  0]LogConfig: Setting CVar [[r.HairStrands.SkyLighting.IntegrationType:2]]
[2024.09.21-16.25.23:591][  0]LogConfig: Setting CVar [[r.HairStrands.SkyAO.SampleCount:4]]
[2024.09.21-16.25.23:591][  0]LogConfig: Setting CVar [[r.HairStrands.Visibility.MSAA.SamplePerPixel:4]]
[2024.09.21-16.25.23:591][  0]LogConfig: Applying CVar settings from Section [Startup] File [../../../Engine/Config/ConsoleVariables.ini]
[2024.09.21-16.25.23:610][  0]LogConfig: Setting CVar [[net.UseAdaptiveNetUpdateFrequency:0]]
[2024.09.21-16.25.23:610][  0]LogConfig: Setting CVar [[p.chaos.AllowCreatePhysxBodies:1]]
[2024.09.21-16.25.23:610][  0]LogConfig: Setting CVar [[fx.SkipVectorVMBackendOptimizations:1]]
[2024.09.21-16.25.23:610][  0]LogConfig: Applying CVar settings from Section [ConsoleVariables] File [C:/Users/nanim/GitHub/NewNewInsectHeaven/InsectHeaven/Saved/Config/Windows/Engine.ini]
[2024.09.21-16.25.23:610][  0]LogConfig: Applying CVar settings from Section [ConsoleVariables] File [C:/Users/nanim/GitHub/NewNewInsectHeaven/InsectHeaven/Saved/Config/Windows/Editor.ini]
[2024.09.21-16.25.23:611][  0]LogInit: Computer: DESKTOP-NS5ONMH
[2024.09.21-16.25.23:611][  0]LogInit: User: nanim
[2024.09.21-16.25.23:611][  0]LogInit: CPU Page size=4096, Cores=12
[2024.09.21-16.25.23:611][  0]LogInit: High frequency timer resolution =10.000000 MHz
[2024.09.21-16.25.23:611][  0]LogMemory: Memory total: Physical=31.2GB (32GB approx)
[2024.09.21-16.25.23:611][  0]LogMemory: Platform Memory Stats for Windows
[2024.09.21-16.25.23:611][  0]LogMemory: Process Physical Memory: 150.25 MB used, 150.26 MB peak
[2024.09.21-16.25.23:611][  0]LogMemory: Process Virtual Memory: 128.85 MB used, 128.85 MB peak
[2024.09.21-16.25.23:611][  0]LogMemory: Physical Memory: 16212.80 MB used,  15694.44 MB free, 31907.23 MB total
[2024.09.21-16.25.23:611][  0]LogMemory: Virtual Memory: 134178520.00 MB used,  39204.07 MB free, 134217728.00 MB total
[2024.09.21-16.25.23:626][  0]LogWindows: WindowsPlatformFeatures enabled
[2024.09.21-16.25.23:895][  0]LogInit: Physics initialised using underlying interface: PhysX
[2024.09.21-16.25.23:895][  0]LogInit: Using OS detected language (ko-KR).
[2024.09.21-16.25.23:896][  0]LogInit: Using OS detected locale (ko-KR).
[2024.09.21-16.25.23:901][  0]LogTextLocalizationManager: No specific localization for 'ko-KR' exists, so the 'ko' localization will be used.
[2024.09.21-16.25.24:059][  0]LogInit: Setting process to per monitor DPI aware
[2024.09.21-16.25.24:223][  0]LogWindowsTextInputMethodSystem: Display: IME system deactivated.
[2024.09.21-16.25.24:332][  0]LogSlate: New Slate User Created.  User Index 0, Is Virtual User: 0
[2024.09.21-16.25.24:332][  0]LogSlate: Slate User Registered.  User Index 0, Is Virtual User: 0
[2024.09.21-16.25.27:690][  0]LogD3D11RHI: Loaded GFSDK_Aftermath_Lib.x64.dll
[2024.09.21-16.25.27:697][  0]LogHMD: Failed to initialize OpenVR with code 110
[2024.09.21-16.25.27:697][  0]LogD3D11RHI: D3D11 min allowed feature level: 11_0
[2024.09.21-16.25.27:697][  0]LogD3D11RHI: D3D11 max allowed feature level: 11_0
[2024.09.21-16.25.27:697][  0]LogD3D11RHI: D3D11 adapters:
[2024.09.21-16.25.27:789][  0]LogD3D11RHI:    0. 'AMD Radeon RX 7900 XTX' (Feature Level 11_0)
[2024.09.21-16.25.27:789][  0]LogD3D11RHI:       24511/0/15953 MB DedicatedVideo/DedicatedSystem/SharedSystem, Outputs:2, VendorId:0x1002
[2024.09.21-16.25.27:875][  0]LogD3D11RHI:    1. 'AMD Radeon(TM) Graphics' (Feature Level 11_0)
[2024.09.21-16.25.27:875][  0]LogD3D11RHI:       485/0/15953 MB DedicatedVideo/DedicatedSystem/SharedSystem, Outputs:0, VendorId:0x1002
[2024.09.21-16.25.27:881][  0]LogD3D11RHI:    2. 'Microsoft Basic Render Driver' (Feature Level 11_0)
[2024.09.21-16.25.27:881][  0]LogD3D11RHI:       0/0/15953 MB DedicatedVideo/DedicatedSystem/SharedSystem, Outputs:0, VendorId:0x1414
[2024.09.21-16.25.27:881][  0]LogD3D11RHI: Chosen D3D11 Adapter:
[2024.09.21-16.25.27:881][  0]LogD3D11RHI:     Description : AMD Radeon RX 7900 XTX
[2024.09.21-16.25.27:881][  0]LogD3D11RHI:     VendorId    : 1002
[2024.09.21-16.25.27:881][  0]LogD3D11RHI:     DeviceId    : 744c
[2024.09.21-16.25.27:881][  0]LogD3D11RHI:     SubSysId    : e3b1002
[2024.09.21-16.25.27:881][  0]LogD3D11RHI:     Revision    : 00c8
[2024.09.21-16.25.27:881][  0]LogD3D11RHI:     DedicatedVideoMemory : 25702543360 bytes
[2024.09.21-16.25.27:882][  0]LogD3D11RHI:     DedicatedSystemMemory : 0 bytes
[2024.09.21-16.25.27:882][  0]LogD3D11RHI:     SharedSystemMemory : 16728580096 bytes
[2024.09.21-16.25.27:882][  0]LogD3D11RHI:     AdapterLuid : 0 1156923
[2024.09.21-16.25.27:888][  0]LogD3D11RHI: Creating new Direct3DDevice
[2024.09.21-16.25.27:888][  0]LogD3D11RHI:     GPU DeviceId: 0x744c (for the marketing name, search the web for "GPU Device Id")
[2024.09.21-16.25.27:888][  0]LogWindows: EnumDisplayDevices:
[2024.09.21-16.25.27:888][  0]LogWindows:    0. 'AMD Radeon RX 7900 XTX' (P:1 D:1)
[2024.09.21-16.25.27:889][  0]LogWindows:    1. 'AMD Radeon RX 7900 XTX' (P:0 D:1)
[2024.09.21-16.25.27:890][  0]LogWindows:    2. 'AMD Radeon RX 7900 XTX' (P:0 D:0)
[2024.09.21-16.25.27:891][  0]LogWindows:    3. 'AMD Radeon RX 7900 XTX' (P:0 D:0)
[2024.09.21-16.25.27:892][  0]LogWindows:    4. 'AMD Radeon RX 7900 XTX' (P:0 D:0)
[2024.09.21-16.25.27:892][  0]LogWindows:    5. 'AMD Radeon(TM) Graphics' (P:0 D:0)
[2024.09.21-16.25.27:893][  0]LogWindows:    6. 'AMD Radeon(TM) Graphics' (P:0 D:0)
[2024.09.21-16.25.27:894][  0]LogWindows:    7. 'AMD Radeon(TM) Graphics' (P:0 D:0)
[2024.09.21-16.25.27:895][  0]LogWindows:    8. 'AMD Radeon(TM) Graphics' (P:0 D:0)
[2024.09.21-16.25.27:895][  0]LogWindows:    9. 'AMD Radeon(TM) Graphics' (P:0 D:0)
[2024.09.21-16.25.27:896][  0]LogWindows: DebugString: PrimaryIsNotTheChoosenAdapter PrimaryIsNotTheChoosenAdapter PrimaryIsNotTheChoosenAdapter PrimaryIsNotTheChoosenAdapter PrimaryIsNotTheChoosenAdapter FoundDriverCount:5 
[2024.09.21-16.25.27:896][  0]LogD3D11RHI:     Adapter Name: AMD Radeon RX 7900 XTX
[2024.09.21-16.25.27:896][  0]LogD3D11RHI:   Driver Version: AMD Software: Adrenalin Edition 24.8.1 (internal:32.0.11037.4004, unified:32.0.11037.4004)
[2024.09.21-16.25.27:896][  0]LogD3D11RHI:      Driver Date: 8-23-2024
[2024.09.21-16.25.27:897][  0]LogRHI: Texture pool is 16620 MB (70% of 23743 MB)
[2024.09.21-16.25.27:988][  0]LogD3D11RHI: Creating D3DDevice with AMD AGS, using adapter:
[2024.09.21-16.25.27:988][  0]LogD3D11RHI:     Description : AMD Radeon RX 7900 XTX
[2024.09.21-16.25.27:989][  0]LogD3D11RHI:     VendorId    : 1002
[2024.09.21-16.25.27:989][  0]LogD3D11RHI:     DeviceId    : 744c
[2024.09.21-16.25.27:989][  0]LogD3D11RHI:     SubSysId    : e3b1002
[2024.09.21-16.25.27:989][  0]LogD3D11RHI:     Revision    : 00c8
[2024.09.21-16.25.27:989][  0]LogD3D11RHI:     DedicatedVideoMemory : 25702543360 bytes
[2024.09.21-16.25.27:989][  0]LogD3D11RHI:     DedicatedSystemMemory : 0 bytes
[2024.09.21-16.25.27:989][  0]LogD3D11RHI:     SharedSystemMemory : 16728580096 bytes
[2024.09.21-16.25.27:989][  0]LogD3D11RHI:     AdapterLuid : 0 1156923
[2024.09.21-16.25.28:057][  0]LogD3D11RHI: Created device via AGS, feature level 11_0, supported extensions 1fffffbf.
[2024.09.21-16.25.28:058][  0]LogD3D11RHI: RHI has support for 64 bit atomics
[2024.09.21-16.25.28:058][  0]LogD3D11RHI: Async texture creation enabled
[2024.09.21-16.25.28:058][  0]LogD3D11RHI: Array index from any shader is supported
[2024.09.21-16.25.28:068][  0]LogD3D11RHI: GPU Timing Frequency: 100.000000 (Debug: 2 1)
[2024.09.21-16.25.28:312][  0]LogTargetPlatformManager: Display: Loaded TargetPlatform 'AllDesktop'
[2024.09.21-16.25.28:332][  0]LogTargetPlatformManager: Display: Loaded TargetPlatform 'Android'
[2024.09.21-16.25.28:333][  0]LogTargetPlatformManager: Display: Loaded TargetPlatform 'Android_ASTC'
[2024.09.21-16.25.28:333][  0]LogTargetPlatformManager: Display: Loaded TargetPlatform 'Android_DXT'
[2024.09.21-16.25.28:333][  0]LogTargetPlatformManager: Display: Loaded TargetPlatform 'Android_ETC2'
[2024.09.21-16.25.28:333][  0]LogTargetPlatformManager: Display: Loaded TargetPlatform 'AndroidClient'
[2024.09.21-16.25.28:333][  0]LogTargetPlatformManager: Display: Loaded TargetPlatform 'Android_ASTCClient'
[2024.09.21-16.25.28:333][  0]LogTargetPlatformManager: Display: Loaded TargetPlatform 'Android_DXTClient'
[2024.09.21-16.25.28:333][  0]LogTargetPlatformManager: Display: Loaded TargetPlatform 'Android_ETC2Client'
[2024.09.21-16.25.28:333][  0]LogTargetPlatformManager: Display: Loaded TargetPlatform 'Android_Multi'
[2024.09.21-16.25.28:333][  0]LogTargetPlatformManager: Display: Loaded TargetPlatform 'Android_MultiClient'
[2024.09.21-16.25.28:362][  0]LogTargetPlatformManager: Display: Loaded TargetPlatform 'IOSClient'
[2024.09.21-16.25.28:362][  0]LogTargetPlatformManager: Display: Loaded TargetPlatform 'IOS'
[2024.09.21-16.25.28:402][  0]LogTargetPlatformManager: Display: Loaded TargetPlatform 'Linux'
[2024.09.21-16.25.28:411][  0]LogTargetPlatformManager: Display: Loaded TargetPlatform 'LinuxNoEditor'
[2024.09.21-16.25.28:419][  0]LogTargetPlatformManager: Display: Loaded TargetPlatform 'LinuxClient'
[2024.09.21-16.25.28:427][  0]LogTargetPlatformManager: Display: Loaded TargetPlatform 'LinuxServer'
[2024.09.21-16.25.28:464][  0]LogTargetPlatformManager: Display: Loaded TargetPlatform 'LinuxAArch64NoEditor'
[2024.09.21-16.25.28:473][  0]LogTargetPlatformManager: Display: Loaded TargetPlatform 'LinuxAArch64Client'
[2024.09.21-16.25.28:481][  0]LogTargetPlatformManager: Display: Loaded TargetPlatform 'LinuxAArch64Server'
[2024.09.21-16.25.28:625][  0]LogTargetPlatformManager: Display: Loaded TargetPlatform 'Lumin'
[2024.09.21-16.25.28:626][  0]LogTargetPlatformManager: Display: Loaded TargetPlatform 'LuminClient'
[2024.09.21-16.25.28:664][  0]LogTargetPlatformManager: Display: Loaded TargetPlatform 'MacNoEditor'
[2024.09.21-16.25.28:672][  0]LogTargetPlatformManager: Display: Loaded TargetPlatform 'Mac'
[2024.09.21-16.25.28:680][  0]LogTargetPlatformManager: Display: Loaded TargetPlatform 'MacClient'
[2024.09.21-16.25.28:688][  0]LogTargetPlatformManager: Display: Loaded TargetPlatform 'MacServer'
[2024.09.21-16.25.28:700][  0]LogTargetPlatformManager: Display: Loaded TargetPlatform 'TVOSClient'
[2024.09.21-16.25.28:700][  0]LogTargetPlatformManager: Display: Loaded TargetPlatform 'TVOS'
[2024.09.21-16.25.28:711][  0]LogTargetPlatformManager: Display: Loaded TargetPlatform 'WindowsNoEditor'
[2024.09.21-16.25.28:720][  0]LogTargetPlatformManager: Display: Loaded TargetPlatform 'Windows'
[2024.09.21-16.25.28:728][  0]LogTargetPlatformManager: Display: Loaded TargetPlatform 'WindowsClient'
[2024.09.21-16.25.28:735][  0]LogTargetPlatformManager: Display: Loaded TargetPlatform 'WindowsServer'
[2024.09.21-16.25.28:735][  0]LogTargetPlatformManager: Display: Building Assets For Windows
[2024.09.21-16.25.29:017][  0]LogAudioDebug: Display: Lib vorbis DLL was dynamically loaded.
[2024.09.21-16.25.29:120][  0]LogTextureFormatOodle: Display: Oodle Texture 2.9.0 init RDO Off
[2024.09.21-16.25.29:264][  0]LogRendererCore: Ray tracing is disabled. Reason: r.RayTracing=0.
[2024.09.21-16.25.29:264][  0]LogShaderCompilers: Guid format shader working directory is -20 characters bigger than the processId version (../../../../../Users/nanim/GitHub/NewNewInsectHeaven/InsectHeaven/Intermediate/Shaders/WorkingDirectory/18544/).
[2024.09.21-16.25.29:264][  0]LogShaderCompilers: Cleaned the shader compiler working directory 'C:/Users/nanim/AppData/Local/Temp/UnrealShaderWorkingDir/0DAC87FE4A1EE92D5E182B8BE14E5C98/'.
[2024.09.21-16.25.29:265][  0]LogXGEController: Cannot use XGE Controller as Incredibuild is not installed on this machine.
[2024.09.21-16.25.29:265][  0]LogShaderCompilers: Cannot use XGE Shader Compiler as Incredibuild is not installed on this machine.
[2024.09.21-16.25.29:265][  0]LogShaderCompilers: Display: Using Local Shader Compiler.
[2024.09.21-16.25.30:655][  0]LogDerivedDataCache: Display: Max Cache Size: 512 MB
[2024.09.21-16.25.31:487][  0]LogDerivedDataCache: Loaded boot cache 0.83s 94MB C:/Users/nanim/AppData/Local/UnrealEngine/4.27/DerivedDataCache/Boot.ddc.
[2024.09.21-16.25.31:487][  0]LogDerivedDataCache: Display: Loaded Boot cache: C:/Users/nanim/AppData/Local/UnrealEngine/4.27/DerivedDataCache/Boot.ddc
[2024.09.21-16.25.31:488][  0]LogDerivedDataCache: FDerivedDataBackendGraph:  Pak pak cache file ../../../../../Users/nanim/GitHub/NewNewInsectHeaven/InsectHeaven/DerivedDataCache/DDC.ddp not found, will not use a pak cache.
[2024.09.21-16.25.31:488][  0]LogDerivedDataCache: Unable to find inner node Pak for hierarchical cache Hierarchy.
[2024.09.21-16.25.31:488][  0]LogDerivedDataCache: FDerivedDataBackendGraph:  CompressedPak pak cache file ../../../../../Users/nanim/GitHub/NewNewInsectHeaven/InsectHeaven/DerivedDataCache/Compressed.ddp not found, will not use a pak cache.
[2024.09.21-16.25.31:488][  0]LogDerivedDataCache: Unable to find inner node CompressedPak for hierarchical cache Hierarchy.
[2024.09.21-16.25.31:500][  0]LogDerivedDataCache: Display: Pak cache opened for reading ../../../Engine/DerivedDataCache/Compressed.ddp.
[2024.09.21-16.25.31:500][  0]LogDerivedDataCache: FDerivedDataBackendGraph:  EnterprisePak pak cache file ../../../Enterprise/DerivedDataCache/Compressed.ddp not found, will not use a pak cache.
[2024.09.21-16.25.31:500][  0]LogDerivedDataCache: Unable to find inner node EnterprisePak for hierarchical cache Hierarchy.
[2024.09.21-16.25.31:808][  0]LogDerivedDataCache: Speed tests for C:/Users/nanim/AppData/Local/UnrealEngine/Common/DerivedDataCache took 0.31 seconds
[2024.09.21-16.25.31:809][  0]LogDerivedDataCache: Display: Performance to C:/Users/nanim/AppData/Local/UnrealEngine/Common/DerivedDataCache: Latency=0.06ms. RandomReadSpeed=3.26MBs, RandomWriteSpeed=41.95MBs. Assigned SpeedClass 'Local'
[2024.09.21-16.25.31:810][  0]LogDerivedDataCache: Using Local data cache path C:/Users/nanim/AppData/Local/UnrealEngine/Common/DerivedDataCache: Writable
[2024.09.21-16.25.31:810][  0]LogDerivedDataCache: Shared data cache path not found in *engine.ini, will not use an Shared cache.
[2024.09.21-16.25.31:810][  0]LogDerivedDataCache: Unable to find inner node Shared for hierarchical cache Hierarchy.
[2024.09.21-16.25.31:837][  0]LogSlate: Using FreeType 2.10.0
[2024.09.21-16.25.31:882][  0]LogSlate: SlateFontServices - WITH_FREETYPE: 1, WITH_HARFBUZZ: 1
[2024.09.21-16.25.33:056][  0]LogAssetRegistry: FAssetRegistry took 0.0021 seconds to start up
[2024.09.21-16.25.33:195][  0]LogInit: Selected Device Profile: [Windows]
[2024.09.21-16.25.33:195][  0]LogInit: Active device profile: [000001F538AE0700][000001F5390EC980 49] Windows
[2024.09.21-16.25.33:195][  0]LogInit: Profiles: [000001F538AE0700][000001F5390EC980 49] Windows, [000001F538A9B700][000001F532F98B00 49] WindowsNoEditor, [000001F538AE3300][000001F532F9CC80 49] WindowsServer, [000001F538A98F00][000001F532FA0E00 49] WindowsClient, [000001F538AE3500][000001F53936CF80 49] IOS, [000001F538A8BF00][000001F539371100 49] iPadAir, [000001F538A9BB00][000001F539375280 49] iPadAir2, [000001F538A04500][000001F539FB1540 49] IPadPro, [000001F538A04600][000001F539379580 49] iPadAir3, [000001F538A88100][000001F539FB5700 49] iPadAir4, [000001F538A06C00][000001F539FB9880 49] iPadMini2, [000001F538A8A500][000001F539FBDA00 49] iPadMini3, [000001F538A07400][000001F53937DB80 49] iPadMini4, [000001F538A88F00][000001F539384180 49] iPadMini5, [000001F538A03E00][000001F53938C440 49] iPhone6, [000001F538A03F00][000001F539388480 49] iPodTouch6, [000001F538AE3900][000001F532CE6740 49] iPhone7, [000001F538AE2100][000001F532CE2780 49] iPodTouch7, [000001F538A00400][000001F532F948C0 49] iPhone5S, [000001F538A07D00][000001F532CEAA00 49] iPhone6Plus, [000001F538AE3400][000001F532CEEB40 49] iPhone6S, [000001F538A06000][000001F532D24CC0 49] iPhone6SPlus, [000001F538AE0900][000001F532D28E40 49] iPhone7Plus, [000001F538A04E00][000001F532D2CFC0 49] iPhoneSE, [000001F538AE3100][000001F539BA7140 49] iPhone8, [000001F538A06400][000001F539BAB2C0 49] iPhone8Plus, [000001F538AE3A00][000001F539C67440 49] iPhoneX, [000001F538A07E00][000001F539C6B5C0 49] iPhoneXS, [000001F538AE1500][000001F539C73740 49] iPhoneXSMax, [000001F538A06500][000001F539C778C0 49] iPhoneXR, [000001F538AE2A00][000001F539C7BA40 49] iPhone11, [000001F538A07A00][000001F539C7FBC0 49] iPhone11Pro, [000001F538AE0F00][000001F532F641C0 49] iPhone11ProMax, [000001F538A06300][000001F539C6E340 49] iPhoneSE2, [000001F538AE1700][000001F539C824C0 49] iPhone12Mini, [000001F538A04700][000001F532E02640 49] iPhone12, [000001F538AE0300][000001F532E067C0 49] iPhone12Pro, [000001F538A07500][000001F536C18940 49] iPhone12ProMax, [000001F538AE0B00][000001F532D20A80 49] iPadPro105, [000001F538A05B00][000001F536C1CBC0 49] iPadPro129, [000001F538AE0200][000001F536C20D00 49] iPadPro97, [000001F538A06100][000001F536C28E80 49] iPadPro2_129, [000001F538AE0D00][000001F536C2D000 49] iPad5, [000001F538A07000][000001F536C31180 49] iPad6, [000001F538AE2C00][000001F539EE3300 49] iPad7, [000001F538A06E00][000001F539EE7480 49] iPad8, [000001F538AE1900][000001F539EEB600 49] iPadPro11, [000001F538A07F00][000001F539EEF780 49] iPadPro2_11, [000001F538AE1600][000001F539EF3900 49] iPadPro3_129, [000001F538A06700][000001F539EF7A80 49] iPadPro4_129, [000001F538AE2600][000001F539EFBC00 49] AppleTV, [000001F538A06B00][000001F539EFE200 49] AppleTV4K, [000001F538AE1B00][000001F539F02380 49] TVOS, [000001F538A04900][000001F539F06500 49] Mac, [000001F538AE2700][000001F539F0A680 49] MacClient, [000001F538A06F00][000001F539F0E800 49] MacNoEditor, [000001F538AE3B00][000001F539F12980 49] MacServer, [000001F538A04400][000001F539F16B00 49] Linux, [000001F538AE2E00][000001F536C24C40 49] LinuxAArch64, [000001F538A05500][000001F539F1AD80 49] LinuxNoEditor, [000001F538AE2B00][000001F539F1EEC0 49] LinuxAArch64NoEditor, [000001F538A07600][000001F539F27040 49] LinuxClient, [000001F538AE2D00][000001F539F2B1C0 49] LinuxAArch64Client, [000001F538A04B00][000001F539F2F340 49] LinuxServer, [000001F538AE0400][000001F539F334C0 49] LinuxAArch64Server, [000001F538A07C00][000001F539F37640 49] Android, [000001F538A8BA00][000001F539F3B7C0 49] Android_Low, [000001F538A01B00][000001F539F3F940 49] Android_Mid, [000001F538A8B000][000001F539F43AC0 49] Android_High, [000001F538A02300][000001F539F460C0 49] Android_Default, [000001F538A8A000][000001F539F4A240 49] Android_Adreno4xx, [000001F538A00100][000001F539F4E3C0 49] Android_Adreno5xx_Low, [000001F538A88B00][000001F539F52540 49] Android_Adreno5xx, [000001F538A01800][000001F539F566C0 49] Android_Adreno6xx, [000001F538A89100][000001F539F5A840 49] Android_Adreno6xx_Vulkan, [000001F538A00800][000001F539F5E9C0 49] Android_Mali_T6xx, [000001F538A8B600][000001F539F62B40 49] Android_Mali_T7xx, [000001F538A00D00][000001F539F66CC0 49] Android_Mali_T8xx, [000001F538A8BC00][000001F539F22E00 49] Android_Mali_G71, [000001F538A01500][000001F539F6AF40 49] Android_Mali_G72, [000001F538A8BE00][000001F539F6F080 49] Android_Mali_G72_Vulkan, [000001F538A03D00][000001F539F731C0 49] Android_Mali_G76, [000001F538A8B900][000001F539F7B340 49] Android_Mali_G76_Vulkan, [000001F538A03600][000001F539F7F4C0 49] Android_Mali_G77, [000001F538A8A200][000001F539F83640 49] Android_Mali_G77_Vulkan, [000001F538A03800][000001F539F877C0 49] Android_Mali_G78, [000001F538A88A00][000001F539F8B940 49] Android_Mali_G78_Vulkan, [000001F538A03400][000001F539F8FAC0 49] Android_Mali_G710, [000001F538A89400][000001F539F920C0 49] Android_Mali_G710_Vulkan, [000001F538A00600][000001F539F96240 49] Android_Vulkan_SM5, [000001F538A8A400][000001F539F9A3C0 49] Android_PowerVR_G6xxx, [000001F538A00E00][000001F539F9E540 49] Android_PowerVR_GT7xxx, [000001F538A88200][000001F539FA26C0 49] Android_PowerVR_GE8xxx, [000001F538A00700][000001F539FA6840 49] Android_PowerVR_GM9xxx, [000001F538A8A100][000001F539FAA9C0 49] Android_PowerVR_GM9xxx_Vulkan, [000001F538A06600][000001F5399AAB40 49] Android_TegraK1, [000001F538A8AA00][000001F5399AECC0 49] Android_Unknown_Vulkan, [000001F538A05400][000001F5399B2E40 49] Lumin, [000001F538A89300][000001F539F76F80 49] Lumin_Desktop, [000001F538A04C00][000001F5399B70C0 49] HoloLens, 
[2024.09.21-16.25.33:356][  0]LogMeshReduction: Using QuadricMeshReduction for automatic static mesh reduction
[2024.09.21-16.25.33:356][  0]LogMeshReduction: Using SimplygonMeshReduction for automatic skeletal mesh reduction
[2024.09.21-16.25.33:356][  0]LogMeshReduction: Using ProxyLODMeshReduction for automatic mesh merging
[2024.09.21-16.25.33:356][  0]LogMeshReduction: No distributed automatic mesh merging module available
[2024.09.21-16.25.33:356][  0]LogMeshMerging: No distributed automatic mesh merging module available
[2024.09.21-16.25.33:413][  0]LogNetVersion: InsectHeaven 1.0.0, NetCL: 17155196, EngineNetVer: 17, GameNetVer: 0 (Checksum: 3375795940)
[2024.09.21-16.25.41:772][  0]LogTexture: Default maximum texture size for cubemaps generated from long-lat sources has been changed from 512 to unlimited. In order to preserve old behaiour for '/Engine/MapTemplates/Sky/DaylightAmbientCubemap.DaylightAmbientCubemap', its maximum texture size has been explicitly set to 512.
[2024.09.21-16.25.41:836][  0]LogHMD: PokeAHoleMaterial loaded successfully
[2024.09.21-16.25.41:840][  0]LogUObjectArray: 17178 objects as part of root set at end of initial load.
[2024.09.21-16.25.41:840][  0]LogUObjectAllocator: 4302048 out of 0 bytes used by permanent object pool.
[2024.09.21-16.25.41:840][  0]LogUObjectArray: CloseDisregardForGC: 0/0 objects in disregard for GC pool
[2024.09.21-16.25.43:273][  0]LogNiagaraDebuggerClient: Niagara Debugger Client Initialized | Session: 88BCEF434F63CC1C1372168C53C53AFD | Instance: C3196A4A419130E6966B7E97CE6DE2FE (DESKTOP-NS5ONMH-18544).
[2024.09.21-16.25.44:092][  0]LogPython: Using Python 3.7.7
[2024.09.21-16.25.44:971][  0]LogTcpMessaging: Initializing TcpMessaging bridge
[2024.09.21-16.25.44:980][  0]LogUdpMessaging: Initializing bridge on interface 0.0.0.0:0 to multicast group 230.0.0.1:6666.
[2024.09.21-16.25.46:281][  0]SourceControl: 소스 컨트롤이 꺼졌습니다.
[2024.09.21-16.25.46:281][  0]SourceControl: 소스 컨트롤이 꺼졌습니다.
[2024.09.21-16.25.46:291][  0]SourceControl: 소스 컨트롤이 꺼졌습니다.
[2024.09.21-16.25.46:301][  0]SourceControl: 소스 컨트롤이 꺼졌습니다.
[2024.09.21-16.25.46:331][  0]SourceControl: 소스 컨트롤이 꺼졌습니다.
[2024.09.21-16.25.46:601][  0]LogUProjectInfo: Found projects:
[2024.09.21-16.25.46:988][  0]LogOpenImageDenoise: OIDN starting up
[2024.09.21-16.25.47:060][  0]LogAndroidPermission: UAndroidPermissionCallbackProxy::GetInstance
[2024.09.21-16.25.47:114][  0]LogAudioCaptureCore: Display: No Audio Capture implementations found. Audio input will be silent.
[2024.09.21-16.25.47:114][  0]LogAudioCaptureCore: Display: No Audio Capture implementations found. Audio input will be silent.
[2024.09.21-16.25.47:500][  0]LogCollectionManager: Loaded 0 collections in 0.001622 seconds
[2024.09.21-16.25.47:718][  0]LogFileCache: Scanning file cache for directory 'C:/Users/nanim/GitHub/NewNewInsectHeaven/InsectHeaven/Saved/Collections/' took 0.00s
[2024.09.21-16.25.47:719][  0]LogFileCache: Scanning file cache for directory 'C:/Users/nanim/GitHub/NewNewInsectHeaven/InsectHeaven/Content/Developers/nanim/Collections/' took 0.00s
[2024.09.21-16.25.47:719][  0]LogFileCache: Scanning file cache for directory 'C:/Users/nanim/GitHub/NewNewInsectHeaven/InsectHeaven/Content/Collections/' took 0.00s
[2024.09.21-16.25.47:719][  0]LogOcInput: OculusInput pre-init called
[2024.09.21-16.25.47:971][  0]LogClass: Display: IntProperty FCharacter_2D::Name is not initialized properly. Module:InsectHeaven File:Table/DataStruct/Character_2D.h
[2024.09.21-16.25.47:971][  0]LogClass: Display: IntProperty FCharacter_2D::ImageID is not initialized properly. Module:InsectHeaven File:Table/DataStruct/Character_2D.h
[2024.09.21-16.25.47:971][  0]LogClass: Warning: ObjectProperty FDialogueClip::formerAction is not initialized properly. Module:InsectHeaven File:Library/Dialogue/DialogueEditToolWidget.h
[2024.09.21-16.25.47:971][  0]LogClass: Warning: ObjectProperty FDialogueClip::nowAction is not initialized properly. Module:InsectHeaven File:Library/Dialogue/DialogueEditToolWidget.h
[2024.09.21-16.25.47:971][  0]LogClass: Display: IntProperty FResource_Widget::PathFile is not initialized properly. Module:InsectHeaven File:Table/DataStruct/Resource_Widget.h
[2024.09.21-16.25.47:971][  0]LogClass: Display: IntProperty FScript_Local::Test is not initialized properly. Module:InsectHeaven File:Table/DataStruct/Script_Local.h
[2024.09.21-16.25.47:971][  0]LogClass: Display: 6 Uninitialized script struct members found including 2 object properties
[2024.09.21-16.25.47:972][  0]LogAutomationTest: Warning: ObjectProperty FDialogueClip::formerAction is not initialized properly. Module:InsectHeaven File:Library/Dialogue/DialogueEditToolWidget.h
[2024.09.21-16.25.47:972][  0]LogAutomationTest: Warning: ObjectProperty FDialogueClip::nowAction is not initialized properly. Module:InsectHeaven File:Library/Dialogue/DialogueEditToolWidget.h
[2024.09.21-16.25.47:972][  0]LogEngine: Initializing Engine...
[2024.09.21-16.25.47:979][  0]LogHMD: Failed to enumerate extensions. Please check that you have a valid OpenXR runtime installed.
[2024.09.21-16.25.47:979][  0]LogHMD: Failed to initialize OpenVR with code 110
[2024.09.21-16.25.47:979][  0]LogMagicLeap: Warning: VR disabled because ZI is not enabled.  To enable, in the editor, Edit -> Project Settings -> Plugins -> Magic Leap Plugin -> Enable Zero Iteration
[2024.09.21-16.25.47:980][  0]LogStats: UGameplayTagsManager::InitializeManager -  0.000 s
[2024.09.21-16.25.48:132][  0]LogInit: Initializing FReadOnlyCVARCache
[2024.09.21-16.25.48:146][  0]LogAIModule: Creating AISystem for world Untitled
[2024.09.21-16.25.48:146][  0]LogAudio: Display: Initializing Audio Device Manager...
[2024.09.21-16.25.48:154][  0]LogAudio: Display: Loading Default Audio Settings Objects...
[2024.09.21-16.25.48:171][  0]LogAudio: Display: No default SoundConcurrencyObject specified (or failed to load).
[2024.09.21-16.25.48:172][  0]LogAudio: Display: Audio Device Manager Initialized
[2024.09.21-16.25.48:172][  0]LogAudio: Display: Creating Audio Device:                 Id: 1, Scope: Shared, Realtime: True
[2024.09.21-16.25.48:172][  0]LogAudioMixer: Display: Audio Mixer Platform Settings:
[2024.09.21-16.25.48:172][  0]LogAudioMixer: Display: 	Sample Rate:						  48000
[2024.09.21-16.25.48:172][  0]LogAudioMixer: Display: 	Callback Buffer Frame Size Requested: 1024
[2024.09.21-16.25.48:172][  0]LogAudioMixer: Display: 	Callback Buffer Frame Size To Use:	  1024
[2024.09.21-16.25.48:173][  0]LogAudioMixer: Display: 	Number of buffers to queue:			  2
[2024.09.21-16.25.48:173][  0]LogAudioMixer: Display: 	Max Channels (voices):				  32
[2024.09.21-16.25.48:173][  0]LogAudioMixer: Display: 	Number of Async Source Workers:		  0
[2024.09.21-16.25.48:173][  0]LogAudio: Display: AudioDevice MaxSources: 32
[2024.09.21-16.25.48:173][  0]LogAudio: Display: Audio Spatialization Plugin: None (built-in).
[2024.09.21-16.25.48:174][  0]LogAudio: Display: Audio Reverb Plugin: None (built-in).
[2024.09.21-16.25.48:174][  0]LogAudio: Display: Audio Occlusion Plugin: None (built-in).
[2024.09.21-16.25.48:174][  0]LogAudioMixer: Display: Initializing audio mixer.
[2024.09.21-16.25.48:239][  0]LogAudioMixer: Display: 0: FrontLeft
[2024.09.21-16.25.48:239][  0]LogAudioMixer: Display: 1: FrontRight
[2024.09.21-16.25.48:284][  0]LogAudioMixer: Display: Using Audio Device 스피커(ABKO N550)
[2024.09.21-16.25.48:286][  0]LogAudioMixer: Display: Initializing Sound Submixes...
[2024.09.21-16.25.48:313][  0]LogAudioMixer: Display: Creating Master Submix 'MasterSubmixDefault'
[2024.09.21-16.25.48:314][  0]LogAudioMixer: Display: Creating Master Submix 'MasterReverbSubmixDefault'
[2024.09.21-16.25.48:314][  0]LogAudioMixer: Display: Creating Master Submix 'MasterEQSubmixDefault'
[2024.09.21-16.25.48:314][  0]LogAudioMixer: FMixerPlatformXAudio2::StartAudioStream() called
[2024.09.21-16.25.48:314][  0]LogAudioMixer: Display: Output buffers initialized: Frames=1024, Channels=2, Samples=2048
[2024.09.21-16.25.48:316][  0]LogAudioMixer: Display: Starting AudioMixerPlatformInterface::RunInternal()
[2024.09.21-16.25.48:316][  0]LogAudioMixer: Display: FMixerPlatformXAudio2::SubmitBuffer() called for the first time
[2024.09.21-16.25.48:316][  0]LogInit: FAudioDevice initialized.
[2024.09.21-16.25.48:316][  0]LogAudio: Display: Audio Device (ID: 1) registered with world 'Untitled'.
[2024.09.21-16.25.48:316][  0]LogNetVersion: Set ProjectVersion to 1.0.0.0. Version Checksum will be recalculated on next use.
[2024.09.21-16.25.48:603][  0]LogDerivedDataCache: Saved boot cache 0.29s 94MB C:/Users/nanim/AppData/Local/UnrealEngine/4.27/DerivedDataCache/Boot.ddc.
[2024.09.21-16.25.48:603][  0]LogInit: Texture streaming: Enabled
[2024.09.21-16.25.48:627][  0]LogAnalytics: Display: [UEEditor.Rocket.Release] APIServer = https://datarouter.ol.epicgames.com/. AppVersion = 4.27.2-18319896+++UE4+Release-4.27
[2024.09.21-16.25.48:636][  0]LogEngineSessionManager: EngineSessionManager initialized
[2024.09.21-16.25.48:637][  0]LogEngineSessionManager: EngineSessionManager sent abnormal shutdown report. Type=Debugger, SessionId={51B282B3-4CD0-4F20-1A60-C4AB97D41B0C}
[2024.09.21-16.25.48:637][  0]LogEditorSessionSummary: Verbose: Initializing EditorSessionSummaryWriter for editor session tracking
[2024.09.21-16.25.48:640][  0]LogEditorSessionSummary: EditorSessionSummaryWriter initialized
[2024.09.21-16.25.48:667][  0]LogInit: Transaction tracking system initialized
[2024.09.21-16.25.48:713][  0]BlueprintLog: New page: 에디터 로드
[2024.09.21-16.25.48:854][  0]LocalizationService: 현지화 서비스가 비활성화되었습니다.
[2024.09.21-16.25.48:935][  0]TimingProfiler: Initialize
[2024.09.21-16.25.48:936][  0]TimingProfiler: OnSessionChanged
[2024.09.21-16.25.48:936][  0]LoadingProfiler: Initialize
[2024.09.21-16.25.48:936][  0]LoadingProfiler: OnSessionChanged
[2024.09.21-16.25.48:936][  0]NetworkingProfiler: Initialize
[2024.09.21-16.25.48:936][  0]NetworkingProfiler: OnSessionChanged
[2024.09.21-16.25.48:936][  0]MemoryProfiler: Initialize
[2024.09.21-16.25.48:937][  0]MemoryProfiler: OnSessionChanged
[2024.09.21-16.25.49:392][  0]LogCook: Display: CookSettings for Memory: MemoryMaxUsedVirtual 0MiB, MemoryMaxUsedPhysical 16384MiB, MemoryMinFreeVirtual 0MiB, MemoryMinFreePhysical 1024MiB
[2024.09.21-16.25.49:393][  0]LogCook: Display: Mobile HDR setting 1
[2024.09.21-16.25.49:711][  0]LogFileCache: Scanning file cache for directory 'C:/Users/nanim/GitHub/NewNewInsectHeaven/InsectHeaven/Content/' took 0.01s
[2024.09.21-16.25.52:072][  0]LogInit: Display: Engine is initialized. Leaving FEngineLoop::Init()
[2024.09.21-16.25.52:076][  0]SourceControl: 소스 컨트롤이 꺼졌습니다.
[2024.09.21-16.25.52:076][  0]LogUnrealEdMisc: Loading editor; pre map load, took 30.758
[2024.09.21-16.25.52:076][  0]Cmd: MAP LOAD FILE="../../../../../Users/nanim/GitHub/NewNewInsectHeaven/InsectHeaven/Content/Scene/EmptyMainLevel.umap" TEMPLATE=0 SHOWPROGRESS=1 FEATURELEVEL=3
[2024.09.21-16.25.52:077][  0]LightingResults: New page: 라이팅 빌드
[2024.09.21-16.25.52:078][  0]LogWorld: UWorld::CleanupWorld for Untitled, bSessionEnded=true, bCleanupResources=true
[2024.09.21-16.25.52:078][  0]LogSlate: InvalidateAllWidgets triggered.  All widgets were invalidated
[2024.09.21-16.25.52:078][  0]MapCheck: New page: 맵 체크
[2024.09.21-16.25.52:078][  0]LightingResults: New page: 라이팅 빌드
[2024.09.21-16.25.52:089][  0]LogAudio: Display: Audio Device unregistered from world 'None'.
[2024.09.21-16.25.52:091][  0]LogUObjectHash: Compacting FUObjectHashTables data took   0.48ms
[2024.09.21-16.25.52:095][  0]LogAudio: Display: Audio Device (ID: 1) registered with world 'EmptyMainLevel'.
[2024.09.21-16.25.52:095][  0]LogAIModule: Creating AISystem for world EmptyMainLevel
[2024.09.21-16.25.52:096][  0]LogEditorServer: Finished looking for orphan Actors (0.000 secs)
[2024.09.21-16.25.52:099][  0]LogUObjectHash: Compacting FUObjectHashTables data took   0.34ms
[2024.09.21-16.25.52:099][  0]Cmd: MAP CHECKDEP NOCLEARLOG
[2024.09.21-16.25.52:099][  0]MapCheck: 맵 체크 완료: 오류 0 회, 경고 0 회, 소요 시간 0.145ms.
[2024.09.21-16.25.52:099][  0]LogFileHelpers: Loading map 'EmptyMainLevel' took 0.023
[2024.09.21-16.25.52:103][  0]LogUnrealEdMisc: Total Editor Startup Time, took 30.786
[2024.09.21-16.25.52:431][  0]LogSlate: Updating window title bar state: overlay mode, drag disabled, window buttons hidden, title bar hidden
[2024.09.21-16.25.52:434][  0]LogSlate: Updating window title bar state: overlay mode, drag disabled, window buttons hidden, title bar hidden
[2024.09.21-16.25.52:437][  0]LogSlate: Updating window title bar state: overlay mode, drag disabled, window buttons hidden, title bar hidden
[2024.09.21-16.25.52:440][  0]LogSlate: Updating window title bar state: overlay mode, drag disabled, window buttons hidden, title bar hidden
[2024.09.21-16.25.52:450][  0]LogNativeClassHierarchy: Verbose: Native class hierarchy populated in 0.0064 seconds. Added 3871 classes and 945 folders.
[2024.09.21-16.25.52:452][  0]LogNativeClassHierarchy: Verbose: Native class hierarchy updated for 'WidgetCarousel' in 0.0002 seconds. Added 0 classes and 0 folders.
[2024.09.21-16.25.52:508][  0]LogPakFile: PakFile PrimaryIndexSize=187
[2024.09.21-16.25.52:508][  0]LogPakFile: PakFile PathHashIndexSize=101
[2024.09.21-16.25.52:508][  0]LogPakFile: PakFile FullDirectoryIndexSize=148
[2024.09.21-16.25.52:508][  0]LogShaderLibrary: Display: ShaderCodeLibraryPakFileMountedCallback: PakFile 'C:/Program Files/UE_4.27/FeaturePacks/FP_FirstPerson.upack' (chunk index -1, root 'root:/') mounted
[2024.09.21-16.25.52:508][  0]LogShaderLibrary: Display: ShaderCodeLibraryPakFileMountedCallback: pending pak file info (ChunkID:-1 Root:root:/ File:C:/Program Files/UE_4.27/FeaturePacks/FP_FirstPerson.upack)
[2024.09.21-16.25.52:509][  0]LogPakFile: OnPakFileMounted2Time == 0.000344
[2024.09.21-16.25.52:509][  0]LogPakFile: PakFile PrimaryIndexSize=189
[2024.09.21-16.25.52:509][  0]LogPakFile: PakFile PathHashIndexSize=101
[2024.09.21-16.25.52:510][  0]LogPakFile: PakFile FullDirectoryIndexSize=152
[2024.09.21-16.25.52:510][  0]LogShaderLibrary: Display: ShaderCodeLibraryPakFileMountedCallback: PakFile 'C:/Program Files/UE_4.27/FeaturePacks/FP_FirstPersonBP.upack' (chunk index -1, root 'root:/') mounted
[2024.09.21-16.25.52:510][  0]LogShaderLibrary: Display: ShaderCodeLibraryPakFileMountedCallback: pending pak file info (ChunkID:-1 Root:root:/ File:C:/Program Files/UE_4.27/FeaturePacks/FP_FirstPersonBP.upack)
[2024.09.21-16.25.52:510][  0]LogPakFile: OnPakFileMounted2Time == 0.000189
[2024.09.21-16.25.52:510][  0]LogPakFile: PakFile PrimaryIndexSize=191
[2024.09.21-16.25.52:511][  0]LogPakFile: PakFile PathHashIndexSize=101
[2024.09.21-16.25.52:511][  0]LogPakFile: PakFile FullDirectoryIndexSize=160
[2024.09.21-16.25.52:511][  0]LogShaderLibrary: Display: ShaderCodeLibraryPakFileMountedCallback: PakFile 'C:/Program Files/UE_4.27/FeaturePacks/MobileStarterContent.upack' (chunk index -1, root 'root:/') mounted
[2024.09.21-16.25.52:511][  0]LogShaderLibrary: Display: ShaderCodeLibraryPakFileMountedCallback: pending pak file info (ChunkID:-1 Root:root:/ File:C:/Program Files/UE_4.27/FeaturePacks/MobileStarterContent.upack)
[2024.09.21-16.25.52:511][  0]LogPakFile: OnPakFileMounted2Time == 0.000222
[2024.09.21-16.25.52:512][  0]LogPakFile: PakFile PrimaryIndexSize=185
[2024.09.21-16.25.52:512][  0]LogPakFile: PakFile PathHashIndexSize=101
[2024.09.21-16.25.52:512][  0]LogPakFile: PakFile FullDirectoryIndexSize=148
[2024.09.21-16.25.52:512][  0]LogShaderLibrary: Display: ShaderCodeLibraryPakFileMountedCallback: PakFile 'C:/Program Files/UE_4.27/FeaturePacks/StarterContent.upack' (chunk index -1, root 'root:/') mounted
[2024.09.21-16.25.52:512][  0]LogShaderLibrary: Display: ShaderCodeLibraryPakFileMountedCallback: pending pak file info (ChunkID:-1 Root:root:/ File:C:/Program Files/UE_4.27/FeaturePacks/StarterContent.upack)
[2024.09.21-16.25.52:512][  0]LogPakFile: OnPakFileMounted2Time == 0.000293
[2024.09.21-16.25.52:513][  0]LogPakFile: PakFile PrimaryIndexSize=190
[2024.09.21-16.25.52:513][  0]LogPakFile: PakFile PathHashIndexSize=101
[2024.09.21-16.25.52:513][  0]LogPakFile: PakFile FullDirectoryIndexSize=154
[2024.09.21-16.25.52:513][  0]LogShaderLibrary: Display: ShaderCodeLibraryPakFileMountedCallback: PakFile 'C:/Program Files/UE_4.27/FeaturePacks/TP_2DSideScroller.upack' (chunk index -1, root 'root:/') mounted
[2024.09.21-16.25.52:513][  0]LogShaderLibrary: Display: ShaderCodeLibraryPakFileMountedCallback: pending pak file info (ChunkID:-1 Root:root:/ File:C:/Program Files/UE_4.27/FeaturePacks/TP_2DSideScroller.upack)
[2024.09.21-16.25.52:513][  0]LogPakFile: OnPakFileMounted2Time == 0.000288
[2024.09.21-16.25.52:514][  0]LogPakFile: PakFile PrimaryIndexSize=192
[2024.09.21-16.25.52:514][  0]LogPakFile: PakFile PathHashIndexSize=101
[2024.09.21-16.25.52:514][  0]LogPakFile: PakFile FullDirectoryIndexSize=158
[2024.09.21-16.25.52:514][  0]LogShaderLibrary: Display: ShaderCodeLibraryPakFileMountedCallback: PakFile 'C:/Program Files/UE_4.27/FeaturePacks/TP_2DSideScrollerBP.upack' (chunk index -1, root 'root:/') mounted
[2024.09.21-16.25.52:514][  0]LogShaderLibrary: Display: ShaderCodeLibraryPakFileMountedCallback: pending pak file info (ChunkID:-1 Root:root:/ File:C:/Program Files/UE_4.27/FeaturePacks/TP_2DSideScrollerBP.upack)
[2024.09.21-16.25.52:515][  0]LogPakFile: OnPakFileMounted2Time == 0.000285
[2024.09.21-16.25.52:515][  0]LogPakFile: PakFile PrimaryIndexSize=182
[2024.09.21-16.25.52:515][  0]LogPakFile: PakFile PathHashIndexSize=101
[2024.09.21-16.25.52:515][  0]LogPakFile: PakFile FullDirectoryIndexSize=138
[2024.09.21-16.25.52:515][  0]LogShaderLibrary: Display: ShaderCodeLibraryPakFileMountedCallback: PakFile 'C:/Program Files/UE_4.27/FeaturePacks/TP_Flying.upack' (chunk index -1, root 'root:/') mounted
[2024.09.21-16.25.52:516][  0]LogShaderLibrary: Display: ShaderCodeLibraryPakFileMountedCallback: pending pak file info (ChunkID:-1 Root:root:/ File:C:/Program Files/UE_4.27/FeaturePacks/TP_Flying.upack)
[2024.09.21-16.25.52:516][  0]LogPakFile: OnPakFileMounted2Time == 0.000287
[2024.09.21-16.25.52:516][  0]LogPakFile: PakFile PrimaryIndexSize=184
[2024.09.21-16.25.52:517][  0]LogPakFile: PakFile PathHashIndexSize=101
[2024.09.21-16.25.52:517][  0]LogPakFile: PakFile FullDirectoryIndexSize=142
[2024.09.21-16.25.52:517][  0]LogShaderLibrary: Display: ShaderCodeLibraryPakFileMountedCallback: PakFile 'C:/Program Files/UE_4.27/FeaturePacks/TP_FlyingBP.upack' (chunk index -1, root 'root:/') mounted
[2024.09.21-16.25.52:517][  0]LogShaderLibrary: Display: ShaderCodeLibraryPakFileMountedCallback: pending pak file info (ChunkID:-1 Root:root:/ File:C:/Program Files/UE_4.27/FeaturePacks/TP_FlyingBP.upack)
[2024.09.21-16.25.52:517][  0]LogPakFile: OnPakFileMounted2Time == 0.000252
[2024.09.21-16.25.52:518][  0]LogPakFile: PakFile PrimaryIndexSize=188
[2024.09.21-16.25.52:518][  0]LogPakFile: PakFile PathHashIndexSize=101
[2024.09.21-16.25.52:518][  0]LogPakFile: PakFile FullDirectoryIndexSize=150
[2024.09.21-16.25.52:518][  0]LogShaderLibrary: Display: ShaderCodeLibraryPakFileMountedCallback: PakFile 'C:/Program Files/UE_4.27/FeaturePacks/TP_HandheldARBP.upack' (chunk index -1, root 'root:/') mounted
[2024.09.21-16.25.52:518][  0]LogShaderLibrary: Display: ShaderCodeLibraryPakFileMountedCallback: pending pak file info (ChunkID:-1 Root:root:/ File:C:/Program Files/UE_4.27/FeaturePacks/TP_HandheldARBP.upack)
[2024.09.21-16.25.52:518][  0]LogPakFile: OnPakFileMounted2Time == 0.000259
[2024.09.21-16.25.52:519][  0]LogPakFile: PakFile PrimaryIndexSize=182
[2024.09.21-16.25.52:519][  0]LogPakFile: PakFile PathHashIndexSize=101
[2024.09.21-16.25.52:519][  0]LogPakFile: PakFile FullDirectoryIndexSize=138
[2024.09.21-16.25.52:519][  0]LogShaderLibrary: Display: ShaderCodeLibraryPakFileMountedCallback: PakFile 'C:/Program Files/UE_4.27/FeaturePacks/TP_Puzzle.upack' (chunk index -1, root 'root:/') mounted
[2024.09.21-16.25.52:519][  0]LogShaderLibrary: Display: ShaderCodeLibraryPakFileMountedCallback: pending pak file info (ChunkID:-1 Root:root:/ File:C:/Program Files/UE_4.27/FeaturePacks/TP_Puzzle.upack)
[2024.09.21-16.25.52:519][  0]LogPakFile: OnPakFileMounted2Time == 0.000258
[2024.09.21-16.25.52:520][  0]LogPakFile: PakFile PrimaryIndexSize=184
[2024.09.21-16.25.52:520][  0]LogPakFile: PakFile PathHashIndexSize=101
[2024.09.21-16.25.52:520][  0]LogPakFile: PakFile FullDirectoryIndexSize=142
[2024.09.21-16.25.52:520][  0]LogShaderLibrary: Display: ShaderCodeLibraryPakFileMountedCallback: PakFile 'C:/Program Files/UE_4.27/FeaturePacks/TP_PuzzleBP.upack' (chunk index -1, root 'root:/') mounted
[2024.09.21-16.25.52:520][  0]LogShaderLibrary: Display: ShaderCodeLibraryPakFileMountedCallback: pending pak file info (ChunkID:-1 Root:root:/ File:C:/Program Files/UE_4.27/FeaturePacks/TP_PuzzleBP.upack)
[2024.09.21-16.25.52:521][  0]LogPakFile: OnPakFileMounted2Time == 0.000294
[2024.09.21-16.25.52:521][  0]LogPakFile: PakFile PrimaryIndexSize=183
[2024.09.21-16.25.52:521][  0]LogPakFile: PakFile PathHashIndexSize=101
[2024.09.21-16.25.52:521][  0]LogPakFile: PakFile FullDirectoryIndexSize=140
[2024.09.21-16.25.52:522][  0]LogShaderLibrary: Display: ShaderCodeLibraryPakFileMountedCallback: PakFile 'C:/Program Files/UE_4.27/FeaturePacks/TP_Rolling.upack' (chunk index -1, root 'root:/') mounted
[2024.09.21-16.25.52:522][  0]LogShaderLibrary: Display: ShaderCodeLibraryPakFileMountedCallback: pending pak file info (ChunkID:-1 Root:root:/ File:C:/Program Files/UE_4.27/FeaturePacks/TP_Rolling.upack)
[2024.09.21-16.25.52:522][  0]LogPakFile: OnPakFileMounted2Time == 0.000247
[2024.09.21-16.25.52:522][  0]LogPakFile: PakFile PrimaryIndexSize=185
[2024.09.21-16.25.52:523][  0]LogPakFile: PakFile PathHashIndexSize=101
[2024.09.21-16.25.52:523][  0]LogPakFile: PakFile FullDirectoryIndexSize=144
[2024.09.21-16.25.52:523][  0]LogShaderLibrary: Display: ShaderCodeLibraryPakFileMountedCallback: PakFile 'C:/Program Files/UE_4.27/FeaturePacks/TP_RollingBP.upack' (chunk index -1, root 'root:/') mounted
[2024.09.21-16.25.52:523][  0]LogShaderLibrary: Display: ShaderCodeLibraryPakFileMountedCallback: pending pak file info (ChunkID:-1 Root:root:/ File:C:/Program Files/UE_4.27/FeaturePacks/TP_RollingBP.upack)
[2024.09.21-16.25.52:523][  0]LogPakFile: OnPakFileMounted2Time == 0.000266
[2024.09.21-16.25.52:524][  0]LogPakFile: PakFile PrimaryIndexSize=188
[2024.09.21-16.25.52:524][  0]LogPakFile: PakFile PathHashIndexSize=101
[2024.09.21-16.25.52:524][  0]LogPakFile: PakFile FullDirectoryIndexSize=150
[2024.09.21-16.25.52:524][  0]LogShaderLibrary: Display: ShaderCodeLibraryPakFileMountedCallback: PakFile 'C:/Program Files/UE_4.27/FeaturePacks/TP_SideScroller.upack' (chunk index -1, root 'root:/') mounted
[2024.09.21-16.25.52:524][  0]LogShaderLibrary: Display: ShaderCodeLibraryPakFileMountedCallback: pending pak file info (ChunkID:-1 Root:root:/ File:C:/Program Files/UE_4.27/FeaturePacks/TP_SideScroller.upack)
[2024.09.21-16.25.52:524][  0]LogPakFile: OnPakFileMounted2Time == 0.000257
[2024.09.21-16.25.52:525][  0]LogPakFile: PakFile PrimaryIndexSize=190
[2024.09.21-16.25.52:525][  0]LogPakFile: PakFile PathHashIndexSize=101
[2024.09.21-16.25.52:525][  0]LogPakFile: PakFile FullDirectoryIndexSize=154
[2024.09.21-16.25.52:525][  0]LogShaderLibrary: Display: ShaderCodeLibraryPakFileMountedCallback: PakFile 'C:/Program Files/UE_4.27/FeaturePacks/TP_SideScrollerBP.upack' (chunk index -1, root 'root:/') mounted
[2024.09.21-16.25.52:525][  0]LogShaderLibrary: Display: ShaderCodeLibraryPakFileMountedCallback: pending pak file info (ChunkID:-1 Root:root:/ File:C:/Program Files/UE_4.27/FeaturePacks/TP_SideScrollerBP.upack)
[2024.09.21-16.25.52:525][  0]LogPakFile: OnPakFileMounted2Time == 0.000262
[2024.09.21-16.25.52:526][  0]LogPakFile: PakFile PrimaryIndexSize=187
[2024.09.21-16.25.52:526][  0]LogPakFile: PakFile PathHashIndexSize=101
[2024.09.21-16.25.52:526][  0]LogPakFile: PakFile FullDirectoryIndexSize=148
[2024.09.21-16.25.52:527][  0]LogShaderLibrary: Display: ShaderCodeLibraryPakFileMountedCallback: PakFile 'C:/Program Files/UE_4.27/FeaturePacks/TP_ThirdPerson.upack' (chunk index -1, root 'root:/') mounted
[2024.09.21-16.25.52:527][  0]LogShaderLibrary: Display: ShaderCodeLibraryPakFileMountedCallback: pending pak file info (ChunkID:-1 Root:root:/ File:C:/Program Files/UE_4.27/FeaturePacks/TP_ThirdPerson.upack)
[2024.09.21-16.25.52:527][  0]LogPakFile: OnPakFileMounted2Time == 0.000265
[2024.09.21-16.25.52:527][  0]LogPakFile: PakFile PrimaryIndexSize=189
[2024.09.21-16.25.52:528][  0]LogPakFile: PakFile PathHashIndexSize=101
[2024.09.21-16.25.52:528][  0]LogPakFile: PakFile FullDirectoryIndexSize=152
[2024.09.21-16.25.52:528][  0]LogShaderLibrary: Display: ShaderCodeLibraryPakFileMountedCallback: PakFile 'C:/Program Files/UE_4.27/FeaturePacks/TP_ThirdPersonBP.upack' (chunk index -1, root 'root:/') mounted
[2024.09.21-16.25.52:528][  0]LogShaderLibrary: Display: ShaderCodeLibraryPakFileMountedCallback: pending pak file info (ChunkID:-1 Root:root:/ File:C:/Program Files/UE_4.27/FeaturePacks/TP_ThirdPersonBP.upack)
[2024.09.21-16.25.52:528][  0]LogPakFile: OnPakFileMounted2Time == 0.000262
[2024.09.21-16.25.52:529][  0]LogPakFile: PakFile PrimaryIndexSize=183
[2024.09.21-16.25.52:529][  0]LogPakFile: PakFile PathHashIndexSize=101
[2024.09.21-16.25.52:529][  0]LogPakFile: PakFile FullDirectoryIndexSize=140
[2024.09.21-16.25.52:529][  0]LogShaderLibrary: Display: ShaderCodeLibraryPakFileMountedCallback: PakFile 'C:/Program Files/UE_4.27/FeaturePacks/TP_TopDown.upack' (chunk index -1, root 'root:/') mounted
[2024.09.21-16.25.52:529][  0]LogShaderLibrary: Display: ShaderCodeLibraryPakFileMountedCallback: pending pak file info (ChunkID:-1 Root:root:/ File:C:/Program Files/UE_4.27/FeaturePacks/TP_TopDown.upack)
[2024.09.21-16.25.52:529][  0]LogPakFile: OnPakFileMounted2Time == 0.000252
[2024.09.21-16.25.52:530][  0]LogPakFile: PakFile PrimaryIndexSize=185
[2024.09.21-16.25.52:530][  0]LogPakFile: PakFile PathHashIndexSize=101
[2024.09.21-16.25.52:530][  0]LogPakFile: PakFile FullDirectoryIndexSize=144
[2024.09.21-16.25.52:530][  0]LogShaderLibrary: Display: ShaderCodeLibraryPakFileMountedCallback: PakFile 'C:/Program Files/UE_4.27/FeaturePacks/TP_TopDownBP.upack' (chunk index -1, root 'root:/') mounted
[2024.09.21-16.25.52:530][  0]LogShaderLibrary: Display: ShaderCodeLibraryPakFileMountedCallback: pending pak file info (ChunkID:-1 Root:root:/ File:C:/Program Files/UE_4.27/FeaturePacks/TP_TopDownBP.upack)
[2024.09.21-16.25.52:530][  0]LogPakFile: OnPakFileMounted2Time == 0.000260
[2024.09.21-16.25.52:531][  0]LogPakFile: PakFile PrimaryIndexSize=185
[2024.09.21-16.25.52:531][  0]LogPakFile: PakFile PathHashIndexSize=101
[2024.09.21-16.25.52:531][  0]LogPakFile: PakFile FullDirectoryIndexSize=144
[2024.09.21-16.25.52:531][  0]LogShaderLibrary: Display: ShaderCodeLibraryPakFileMountedCallback: PakFile 'C:/Program Files/UE_4.27/FeaturePacks/TP_TwinStick.upack' (chunk index -1, root 'root:/') mounted
[2024.09.21-16.25.52:531][  0]LogShaderLibrary: Display: ShaderCodeLibraryPakFileMountedCallback: pending pak file info (ChunkID:-1 Root:root:/ File:C:/Program Files/UE_4.27/FeaturePacks/TP_TwinStick.upack)
[2024.09.21-16.25.52:532][  0]LogPakFile: OnPakFileMounted2Time == 0.000268
[2024.09.21-16.25.52:532][  0]LogPakFile: PakFile PrimaryIndexSize=187
[2024.09.21-16.25.52:532][  0]LogPakFile: PakFile PathHashIndexSize=101
[2024.09.21-16.25.52:533][  0]LogPakFile: PakFile FullDirectoryIndexSize=148
[2024.09.21-16.25.52:533][  0]LogShaderLibrary: Display: ShaderCodeLibraryPakFileMountedCallback: PakFile 'C:/Program Files/UE_4.27/FeaturePacks/TP_TwinStickBP.upack' (chunk index -1, root 'root:/') mounted
[2024.09.21-16.25.52:533][  0]LogShaderLibrary: Display: ShaderCodeLibraryPakFileMountedCallback: pending pak file info (ChunkID:-1 Root:root:/ File:C:/Program Files/UE_4.27/FeaturePacks/TP_TwinStickBP.upack)
[2024.09.21-16.25.52:533][  0]LogPakFile: OnPakFileMounted2Time == 0.000309
[2024.09.21-16.25.52:534][  0]LogPakFile: PakFile PrimaryIndexSize=183
[2024.09.21-16.25.52:534][  0]LogPakFile: PakFile PathHashIndexSize=101
[2024.09.21-16.25.52:535][  0]LogPakFile: PakFile FullDirectoryIndexSize=140
[2024.09.21-16.25.52:535][  0]LogShaderLibrary: Display: ShaderCodeLibraryPakFileMountedCallback: PakFile 'C:/Program Files/UE_4.27/FeaturePacks/TP_Vehicle.upack' (chunk index -1, root 'root:/') mounted
[2024.09.21-16.25.52:535][  0]LogShaderLibrary: Display: ShaderCodeLibraryPakFileMountedCallback: pending pak file info (ChunkID:-1 Root:root:/ File:C:/Program Files/UE_4.27/FeaturePacks/TP_Vehicle.upack)
[2024.09.21-16.25.52:535][  0]LogPakFile: OnPakFileMounted2Time == 0.000317
[2024.09.21-16.25.52:536][  0]LogPakFile: PakFile PrimaryIndexSize=186
[2024.09.21-16.25.52:536][  0]LogPakFile: PakFile PathHashIndexSize=101
[2024.09.21-16.25.52:536][  0]LogPakFile: PakFile FullDirectoryIndexSize=146
[2024.09.21-16.25.52:536][  0]LogShaderLibrary: Display: ShaderCodeLibraryPakFileMountedCallback: PakFile 'C:/Program Files/UE_4.27/FeaturePacks/TP_VehicleAdv.upack' (chunk index -1, root 'root:/') mounted
[2024.09.21-16.25.52:537][  0]LogShaderLibrary: Display: ShaderCodeLibraryPakFileMountedCallback: pending pak file info (ChunkID:-1 Root:root:/ File:C:/Program Files/UE_4.27/FeaturePacks/TP_VehicleAdv.upack)
[2024.09.21-16.25.52:537][  0]LogPakFile: OnPakFileMounted2Time == 0.000372
[2024.09.21-16.25.52:537][  0]LogPakFile: PakFile PrimaryIndexSize=188
[2024.09.21-16.25.52:538][  0]LogPakFile: PakFile PathHashIndexSize=101
[2024.09.21-16.25.52:538][  0]LogPakFile: PakFile FullDirectoryIndexSize=150
[2024.09.21-16.25.52:538][  0]LogShaderLibrary: Display: ShaderCodeLibraryPakFileMountedCallback: PakFile 'C:/Program Files/UE_4.27/FeaturePacks/TP_VehicleAdvBP.upack' (chunk index -1, root 'root:/') mounted
[2024.09.21-16.25.52:538][  0]LogShaderLibrary: Display: ShaderCodeLibraryPakFileMountedCallback: pending pak file info (ChunkID:-1 Root:root:/ File:C:/Program Files/UE_4.27/FeaturePacks/TP_VehicleAdvBP.upack)
[2024.09.21-16.25.52:538][  0]LogPakFile: OnPakFileMounted2Time == 0.000361
[2024.09.21-16.25.52:539][  0]LogPakFile: PakFile PrimaryIndexSize=185
[2024.09.21-16.25.52:539][  0]LogPakFile: PakFile PathHashIndexSize=101
[2024.09.21-16.25.52:539][  0]LogPakFile: PakFile FullDirectoryIndexSize=144
[2024.09.21-16.25.52:539][  0]LogShaderLibrary: Display: ShaderCodeLibraryPakFileMountedCallback: PakFile 'C:/Program Files/UE_4.27/FeaturePacks/TP_VehicleBP.upack' (chunk index -1, root 'root:/') mounted
[2024.09.21-16.25.52:539][  0]LogShaderLibrary: Display: ShaderCodeLibraryPakFileMountedCallback: pending pak file info (ChunkID:-1 Root:root:/ File:C:/Program Files/UE_4.27/FeaturePacks/TP_VehicleBP.upack)
[2024.09.21-16.25.52:540][  0]LogPakFile: OnPakFileMounted2Time == 0.000371
[2024.09.21-16.25.52:540][  0]LogPakFile: PakFile PrimaryIndexSize=192
[2024.09.21-16.25.52:540][  0]LogPakFile: PakFile PathHashIndexSize=101
[2024.09.21-16.25.52:541][  0]LogPakFile: PakFile FullDirectoryIndexSize=158
[2024.09.21-16.25.52:541][  0]LogShaderLibrary: Display: ShaderCodeLibraryPakFileMountedCallback: PakFile 'C:/Program Files/UE_4.27/FeaturePacks/TP_VirtualRealityBP.upack' (chunk index -1, root 'root:/') mounted
[2024.09.21-16.25.52:541][  0]LogShaderLibrary: Display: ShaderCodeLibraryPakFileMountedCallback: pending pak file info (ChunkID:-1 Root:root:/ File:C:/Program Files/UE_4.27/FeaturePacks/TP_VirtualRealityBP.upack)
[2024.09.21-16.25.52:541][  0]LogPakFile: OnPakFileMounted2Time == 0.000281
[2024.09.21-16.25.53:284][  0]LogNativeClassHierarchy: Verbose: Native class hierarchy updated for 'AddContentDialog' in 0.0002 seconds. Added 0 classes and 0 folders.
[2024.09.21-16.25.53:286][  0]LogNativeClassHierarchy: Verbose: Native class hierarchy updated for 'SceneOutliner' in 0.0001 seconds. Added 2 classes and 0 folders.
[2024.09.21-16.25.53:319][  0]LogSlate: Took 0.000203 seconds to synchronously load lazily loaded font '../../../Engine/Content/Slate/Fonts/Roboto-Regular.ttf' (155K)
[2024.09.21-16.25.53:320][  0]LogSlate: Took 0.000169 seconds to synchronously load lazily loaded font '../../../Engine/Content/Editor/Slate/Fonts/FontAwesome.ttf' (139K)
[2024.09.21-16.25.53:390][  0]LogSlate: Took 0.069536 seconds to synchronously load lazily loaded font '../../../Engine/Content/Editor/Slate/Fonts/NanumGothic.ttf' (4243K)
[2024.09.21-16.25.53:439][  0]LogSlate: Took 0.047323 seconds to synchronously load lazily loaded font '../../../Engine/Content/Editor/Slate/Fonts/NanumGothicBold.ttf' (4188K)
[2024.09.21-16.25.53:496][  0]LogSlate: Took 0.056947 seconds to synchronously load lazily loaded font '../../../Engine/Content/Slate/Fonts/Roboto-Bold.ttf' (160K)
[2024.09.21-16.25.53:623][  0]LogRenderer: Reallocating scene render targets to support 1616x808 Format 10 NumSamples 1 (Frame:1).
[2024.09.21-16.25.53:692][  0]LogNativeClassHierarchy: Verbose: Native class hierarchy updated for 'HierarchicalLODOutliner' in 0.0002 seconds. Added 0 classes and 0 folders.
[2024.09.21-16.25.53:692][  0]LogLoad: (Engine Initialization) Total time: 32.37 seconds
[2024.09.21-16.25.53:693][  0]LogLoad: (Engine Initialization) Total Blueprint compile time: 0.00 seconds
[2024.09.21-16.25.53:776][  0]LogAssetRegistry: Asset discovery search completed in 20.7213 seconds
[2024.09.21-16.25.54:102][  0]LogCollectionManager: Fixed up redirectors for 0 collections in 0.000003 seconds (updated 0 objects)
[2024.09.21-16.25.54:102][  0]LogContentStreaming: Texture pool size now 1000 MB
[2024.09.21-16.25.54:192][  1]LogFileCache: Retrieving MD5 hashes for directory 'C:/Users/nanim/GitHub/NewNewInsectHeaven/InsectHeaven/Content/' took 0.43s
[2024.09.21-16.26.02:445][864]Cmd: MAP LOAD FILE="../../../../../Users/nanim/GitHub/NewNewInsectHeaven/InsectHeaven/Content/Dialogue/DialogueWorld.umap" TEMPLATE=0 SHOWPROGRESS=1 FEATURELEVEL=3
[2024.09.21-16.26.02:466][864]LogSlate: Took 0.018582 seconds to synchronously load lazily loaded font '../../../Engine/Content/Slate/Fonts/Roboto-Light.ttf' (167K)
[2024.09.21-16.26.02:475][864]LightingResults: New page: 라이팅 빌드
[2024.09.21-16.26.02:476][864]LoadErrors: New page: 맵 로드 중: DialogueWorld.umap
[2024.09.21-16.26.02:477][864]LogWorld: UWorld::CleanupWorld for EmptyMainLevel, bSessionEnded=true, bCleanupResources=true
[2024.09.21-16.26.02:478][864]LogSlate: InvalidateAllWidgets triggered.  All widgets were invalidated
[2024.09.21-16.26.02:478][864]MapCheck: New page: 맵 체크
[2024.09.21-16.26.02:478][864]LightingResults: New page: 라이팅 빌드
[2024.09.21-16.26.02:498][864]LogAudio: Display: Audio Device unregistered from world 'None'.
[2024.09.21-16.26.02:499][864]LogUObjectHash: Compacting FUObjectHashTables data took   0.54ms
[2024.09.21-16.26.02:501][864]LogAudio: Display: Audio Device (ID: 1) registered with world 'DialogueWorld'.
[2024.09.21-16.26.02:502][864]LogAIModule: Creating AISystem for world DialogueWorld
[2024.09.21-16.26.02:503][864]LogEditorServer: Finished looking for orphan Actors (0.000 secs)
[2024.09.21-16.26.02:511][864]LogUObjectHash: Compacting FUObjectHashTables data took   0.36ms
[2024.09.21-16.26.02:527][864]Cmd: MAP CHECKDEP NOCLEARLOG
[2024.09.21-16.26.02:527][864]MapCheck: 맵 체크 완료: 오류 0 회, 경고 0 회, 소요 시간 0.127ms.
[2024.09.21-16.26.02:528][864]LogFileHelpers: Loading map 'DialogueWorld' took 0.083
[2024.09.21-16.26.02:532][864]LogPlayLevel: PlayLevel: No blueprints needed recompiling
[2024.09.21-16.26.02:532][864]PIE: New page: PIE 세션: DialogueWorld (2024. 9. 22. 오전 10:26:02)
[2024.09.21-16.26.02:533][864]LogOnline: OSS: Creating online subsystem instance for: NULL
[2024.09.21-16.26.02:535][864]LogOnline: OSS: TryLoadSubsystemAndSetDefault: Loaded subsystem for module [NULL]
[2024.09.21-16.26.02:535][864]LogPlayLevel: Creating play world package: /Game/Dialogue/UEDPIE_0_DialogueWorld
[2024.09.21-16.26.02:536][864]LogPlayLevel: PIE: StaticDuplicateObject took: (0.000418s)
[2024.09.21-16.26.02:537][864]LogAIModule: Creating AISystem for world DialogueWorld
[2024.09.21-16.26.02:537][864]LogPlayLevel: PIE: World Init took: (0.000741s)
[2024.09.21-16.26.02:537][864]LogPlayLevel: PIE: Created PIE world by copying editor world from /Game/Dialogue/DialogueWorld.DialogueWorld to /Game/Dialogue/UEDPIE_0_DialogueWorld.DialogueWorld (0.001539s)
[2024.09.21-16.26.02:541][864]LogUObjectHash: Compacting FUObjectHashTables data took   0.46ms
[2024.09.21-16.26.02:641][864]LogSlate: InvalidateAllWidgets triggered.  All widgets were invalidated
[2024.09.21-16.26.02:641][864]LogAudio: Display: Creating Audio Device:                 Id: 2, Scope: Unique, Realtime: True
[2024.09.21-16.26.02:642][864]LogAudioMixer: Display: Audio Mixer Platform Settings:
[2024.09.21-16.26.02:642][864]LogAudioMixer: Display: 	Sample Rate:						  48000
[2024.09.21-16.26.02:642][864]LogAudioMixer: Display: 	Callback Buffer Frame Size Requested: 1024
[2024.09.21-16.26.02:642][864]LogAudioMixer: Display: 	Callback Buffer Frame Size To Use:	  1024
[2024.09.21-16.26.02:642][864]LogAudioMixer: Display: 	Number of buffers to queue:			  2
[2024.09.21-16.26.02:642][864]LogAudioMixer: Display: 	Max Channels (voices):				  32
[2024.09.21-16.26.02:642][864]LogAudioMixer: Display: 	Number of Async Source Workers:		  0
[2024.09.21-16.26.02:642][864]LogAudio: Display: AudioDevice MaxSources: 32
[2024.09.21-16.26.02:643][864]LogAudio: Display: Audio Spatialization Plugin: None (built-in).
[2024.09.21-16.26.02:643][864]LogAudio: Display: Audio Reverb Plugin: None (built-in).
[2024.09.21-16.26.02:643][864]LogAudio: Display: Audio Occlusion Plugin: None (built-in).
[2024.09.21-16.26.02:643][864]LogAudioMixer: Display: Initializing audio mixer.
[2024.09.21-16.26.02:658][864]LogAudioMixer: Display: 0: FrontLeft
[2024.09.21-16.26.02:658][864]LogAudioMixer: Display: 1: FrontRight
[2024.09.21-16.26.02:673][864]LogAudioMixer: Display: Using Audio Device 스피커(ABKO N550)
[2024.09.21-16.26.02:673][864]LogAudioMixer: Display: Initializing Sound Submixes...
[2024.09.21-16.26.02:673][864]LogAudioMixer: Display: Creating Master Submix 'MasterSubmixDefault'
[2024.09.21-16.26.02:674][864]LogAudioMixer: Display: Creating Master Submix 'MasterReverbSubmixDefault'
[2024.09.21-16.26.02:674][864]LogAudioMixer: Display: Creating Master Submix 'MasterEQSubmixDefault'
[2024.09.21-16.26.02:674][864]LogAudioMixer: FMixerPlatformXAudio2::StartAudioStream() called
[2024.09.21-16.26.02:674][864]LogAudioMixer: Display: Output buffers initialized: Frames=1024, Channels=2, Samples=2048
[2024.09.21-16.26.02:675][864]LogAudioMixer: Display: Starting AudioMixerPlatformInterface::RunInternal()
[2024.09.21-16.26.02:675][864]LogAudioMixer: Display: FMixerPlatformXAudio2::SubmitBuffer() called for the first time
[2024.09.21-16.26.02:675][864]LogInit: FAudioDevice initialized.
[2024.09.21-16.26.02:676][864]LogAudio: Display: Audio Device (ID: 2) registered with world 'DialogueWorld'.
[2024.09.21-16.26.02:681][864]LogLoad: Game class is 'IH_GameMode_DialgueTool'
[2024.09.21-16.26.02:682][864]LogWorld: Bringing World /Game/Dialogue/UEDPIE_0_DialogueWorld.DialogueWorld up for play (max tick rate 0) at 2024.09.22-01.26.02
[2024.09.21-16.26.02:682][864]LogWorld: Bringing up level for play took: 0.000279
[2024.09.21-16.26.02:682][864]LogOnline: OSS: Creating online subsystem instance for: :Context_1
[2024.09.21-16.26.02:685][864]LogNativeClassHierarchy: Verbose: Native class hierarchy updated for 'MovieSceneCapture' in 0.0003 seconds. Added 20 classes and 0 folders.
[2024.09.21-16.26.02:866][864]PIE: 서버가 로그인했습니다.
[2024.09.21-16.26.02:867][864]PIE: 에디터에서 플레이 총 시작 시간 0.337초입니다.
[2024.09.21-16.26.02:893][865]LogUObjectHash: Compacting FUObjectHashTables data took   0.44ms
