Log file open, 09/02/24 22:18:32
LogWindows: Failed to load 'aqProf.dll' (GetLastError=126)
LogWindows: File 'aqProf.dll' does not exist
LogWindows: Failed to load 'VtuneApi.dll' (GetLastError=126)
LogWindows: File 'VtuneApi.dll' does not exist
LogWindows: Failed to load 'VtuneApi32e.dll' (GetLastError=126)
LogWindows: File 'VtuneApi32e.dll' does not exist
LogConsoleResponse: Display: Failed to find resolution value strings in scalability ini. Falling back to default.
LogConsoleResponse: Display: Failed to find resolution value strings in scalability ini. Falling back to default.
LogInit: Display: Running engine for game: InsectHeaven
LogPlatformFile: Not using cached read wrapper
LogTaskGraph: Started task graph with 5 named threads and 71 total threads with 3 sets of task threads.
LogStats: Stats thread started at 6.093439
LogICUInternationalization: ICU TimeZone Detection - Raw Offset: +9:00, Platform Override: ''
LogInit: Display: Loading text-based GConfig....
LogPluginManager: Mounting plugin MeshPainting
LogPluginManager: Mounting plugin XGEController
LogPluginManager: Mounting plugin Paper2D
LogPluginManager: Mounting plugin EnvironmentQueryEditor
LogPluginManager: Mounting plugin AISupport
LogPluginManager: Mounting plugin LiveLink
LogPluginManager: Mounting plugin OodleData
LogPluginManager: Mounting plugin CameraShakePreviewer
LogPluginManager: Mounting plugin GameplayCameras
LogPluginManager: Mounting plugin OodleNetwork
LogPluginManager: Mounting plugin CryptoKeys
LogPluginManager: Mounting plugin AssetManagerEditor
LogPluginManager: Mounting plugin CurveEditorTools
LogPluginManager: Mounting plugin DataValidation
LogPluginManager: Mounting plugin GeometryMode
LogPluginManager: Mounting plugin EditorScriptingUtilities
LogPluginManager: Mounting plugin FacialAnimation
LogPluginManager: Mounting plugin MacGraphicsSwitching
LogPluginManager: Mounting plugin GameplayTagsEditor
LogPluginManager: Mounting plugin MobileLauncherProfileWizard
LogPluginManager: Mounting plugin MaterialAnalyzer
LogPluginManager: Mounting plugin PluginBrowser
LogPluginManager: Mounting plugin SpeedTreeImporter
LogPluginManager: Mounting plugin Niagara
LogPluginManager: Mounting plugin AlembicImporter
LogPluginManager: Mounting plugin BackChannel
LogPluginManager: Mounting plugin AutomationUtils
LogPluginManager: Mounting plugin AnimationSharing
LogPluginManager: Mounting plugin ChaosCloth
LogPluginManager: Mounting plugin ChaosClothEditor
LogPluginManager: Mounting plugin ChaosEditor
LogPluginManager: Mounting plugin CLionSourceCodeAccess
LogPluginManager: Mounting plugin ChaosSolverPlugin
LogPluginManager: Mounting plugin ChaosNiagara
LogPluginManager: Mounting plugin CharacterAI
LogPluginManager: Mounting plugin CodeLiteSourceCodeAccess
LogPluginManager: Mounting plugin KDevelopSourceCodeAccess
LogPluginManager: Mounting plugin GitSourceControl
LogPluginManager: Mounting plugin NullSourceCodeAccess
LogPluginManager: Mounting plugin PixWinPlugin
LogPluginManager: Mounting plugin PerforceSourceControl
LogPluginManager: Mounting plugin PlasticSourceControl
LogPluginManager: Mounting plugin PluginUtils
LogPluginManager: Mounting plugin PropertyAccessNode
LogPluginManager: Mounting plugin RiderSourceCodeAccess
LogPluginManager: Mounting plugin SubversionSourceControl
LogPluginManager: Mounting plugin TextureFormatOodle
LogPluginManager: Mounting plugin UObjectPlugin
LogPluginManager: Mounting plugin VisualStudioCodeSourceCodeAccess
LogPluginManager: Mounting plugin VisualStudioSourceCodeAccess
LogPluginManager: Mounting plugin XCodeSourceCodeAccess
LogPluginManager: Mounting plugin GeometryCache
LogPluginManager: Mounting plugin GeometryProcessing
LogPluginManager: Mounting plugin GeometryCollectionPlugin
LogPluginManager: Mounting plugin MotoSynth
LogPluginManager: Mounting plugin OpenImageDenoise
LogPluginManager: Mounting plugin PlanarCut
LogPluginManager: Mounting plugin PlatformCrypto
LogPluginManager: Mounting plugin ProxyLODPlugin
LogPluginManager: Mounting plugin PythonScriptPlugin
LogPluginManager: Mounting plugin DatasmithContent
LogPluginManager: Mounting plugin VariantManagerContent
LogPluginManager: Mounting plugin SkeletalReduction
LogPluginManager: Mounting plugin MagicLeap
LogPluginManager: Mounting plugin LuminPlatformFeatures
LogPluginManager: Mounting plugin MagicLeapLightEstimation
LogPluginManager: Mounting plugin MagicLeapMedia
LogPluginManager: Mounting plugin MagicLeapPassableWorld
LogPluginManager: Mounting plugin MLSDK
LogPluginManager: Mounting plugin TcpMessaging
LogPluginManager: Mounting plugin UdpMessaging
LogPluginManager: Mounting plugin AndroidMedia
LogPluginManager: Mounting plugin AvfMedia
LogPluginManager: Mounting plugin ImgMedia
LogPluginManager: Mounting plugin MediaCompositing
LogPluginManager: Mounting plugin MediaPlayerEditor
LogPluginManager: Mounting plugin WebMMedia
LogPluginManager: Mounting plugin WmfMedia
LogPluginManager: Mounting plugin OnlineSubsystem
LogPluginManager: Mounting plugin OnlineSubsystemNull
LogPluginManager: Mounting plugin OnlineSubsystemUtils
LogPluginManager: Mounting plugin ActorLayerUtilities
LogPluginManager: Mounting plugin AndroidDeviceProfileSelector
LogPluginManager: Mounting plugin AndroidMoviePlayer
LogPluginManager: Mounting plugin AndroidPermission
LogPluginManager: Mounting plugin AppleImageUtils
LogPluginManager: Mounting plugin AppleMoviePlayer
LogPluginManager: Mounting plugin AssetTags
LogPluginManager: Mounting plugin ArchVisCharacter
LogPluginManager: Mounting plugin AudioCapture
LogPluginManager: Mounting plugin AudioSynesthesia
LogPluginManager: Mounting plugin CableComponent
LogPluginManager: Mounting plugin CustomMeshComponent
LogPluginManager: Mounting plugin ChunkDownloader
LogPluginManager: Mounting plugin EditableMesh
LogPluginManager: Mounting plugin ExampleDeviceProfileSelector
LogPluginManager: Mounting plugin GoogleCloudMessaging
LogPluginManager: Mounting plugin GooglePAD
LogPluginManager: Mounting plugin LauncherChunkInstaller
LogPluginManager: Mounting plugin IOSDeviceProfileSelector
LogPluginManager: Mounting plugin LinuxDeviceProfileSelector
LogPluginManager: Mounting plugin LocationServicesBPLibrary
LogPluginManager: Mounting plugin MobilePatchingUtils
LogPluginManager: Mounting plugin ScreenshotTools
LogPluginManager: Mounting plugin OpenXR
LogPluginManager: Mounting plugin OpenXREyeTracker
LogPluginManager: Mounting plugin ActorSequence
LogPluginManager: Mounting plugin LevelSequenceEditor
LogPluginManager: Mounting plugin MatineeToLevelSequence
LogPluginManager: Mounting plugin TemplateSequence
LogPluginManager: Mounting plugin OpenXRHandTracking
LogPluginManager: Mounting plugin PhysXVehicles
LogPluginManager: Mounting plugin PostSplashScreen
LogPluginManager: Mounting plugin ProceduralMeshComponent
LogPluginManager: Mounting plugin PropertyAccessEditor
LogPluginManager: Mounting plugin RuntimePhysXCooking
LogPluginManager: Mounting plugin SignificanceManager
LogPluginManager: Mounting plugin SoundFields
LogPluginManager: Mounting plugin Synthesis
LogPluginManager: Mounting plugin WebMMoviePlayer
LogPluginManager: Mounting plugin WindowsMoviePlayer
LogPluginManager: Mounting plugin Takes
LogPluginManager: Mounting plugin LightPropagationVolume
LogPluginManager: Mounting plugin ContentBrowserAssetDataSource
LogPluginManager: Mounting plugin ContentBrowserClassDataSource
LogPluginManager: Mounting plugin ContentBrowserFileDataSource
LogPluginManager: Mounting plugin RiderLink
LogPluginManager: Mounting plugin OnlineSubsystemIOS
LogPluginManager: Mounting plugin OnlineSubsystemGooglePlay
LogPluginManager: Mounting plugin OculusVR
LogPluginManager: Mounting plugin SteamVR
PixWinPlugin: PIX capture plugin failed to initialize! Check that the process is launched from PIX.
LogInit: Using libcurl 7.55.1-DEV
LogInit:  - built for x86_64-pc-win32
LogInit:  - supports SSL with OpenSSL/1.1.1
LogInit:  - supports HTTP deflate (compression) using libz 1.2.8
LogInit:  - other features:
LogInit:      CURL_VERSION_SSL
LogInit:      CURL_VERSION_LIBZ
LogInit:      CURL_VERSION_IPV6
LogInit:      CURL_VERSION_ASYNCHDNS
LogInit:      CURL_VERSION_LARGEFILE
LogInit:      CURL_VERSION_IDN
LogInit:  CurlRequestOptions (configurable via config and command line):
LogInit:  - bVerifyPeer = true  - Libcurl will verify peer certificate
LogInit:  - bUseHttpProxy = false  - Libcurl will NOT use HTTP proxy
LogInit:  - bDontReuseConnections = false  - Libcurl will reuse connections
LogInit:  - MaxHostConnections = 16  - Libcurl will limit the number of connections to a host
LogInit:  - LocalHostAddr = Default
LogInit:  - BufferSize = 65536
LogOnline: OSS: Creating online subsystem instance for: NULL
LogInit: WinSock: version 1.1 (2.2), MaxSocks=32767, MaxUdp=65467
LogOnline: OSS: TryLoadSubsystemAndSetDefault: Loaded subsystem for module [NULL]
LogOculusPluginWrapper: OculusPlugin initialized successfully
LogHMD: Failed initializing OVRPlugin 1.59.0
LogInit: Build: ++UE4+Release-4.27-CL-18319896
LogInit: Engine Version: 4.27.2-18319896+++UE4+Release-4.27
LogInit: Compatible Engine Version: 4.27.0-17155196+++UE4+Release-4.27
LogInit: Net CL: 17155196
LogInit: OS: Windows 10 (Release 2009) (), CPU: AMD Ryzen 9 7900X 12-Core Processor            , GPU: AMD Radeon RX 7900 XTX
LogInit: Compiled (64-bit): Nov 30 2021 07:12:08
LogInit: Compiled with Visual C++: 19.24.28315.00
LogInit: Build Configuration: Development
LogInit: Branch Name: ++UE4+Release-4.27
LogInit: Command Line: 
LogInit: Base Directory: C:/Program Files/UE_4.27/Engine/Binaries/Win64/
LogInit: Allocator: TBB
LogInit: Installed Engine Build: 1
LogDevObjectVersion: Number of dev versions registered: 29
LogDevObjectVersion:   Dev-Blueprints (B0D832E4-1F89-4F0D-ACCF-7EB736FD4AA2): 10
LogDevObjectVersion:   Dev-Build (E1C64328-A22C-4D53-A36C-8E866417BD8C): 0
LogDevObjectVersion:   Dev-Core (375EC13C-06E4-48FB-B500-84F0262A717E): 4
LogDevObjectVersion:   Dev-Editor (E4B068ED-F494-42E9-A231-DA0B2E46BB41): 40
LogDevObjectVersion:   Dev-Framework (CFFC743F-43B0-4480-9391-14DF171D2073): 37
LogDevObjectVersion:   Dev-Mobile (B02B49B5-BB20-44E9-A304-32B752E40360): 3
LogDevObjectVersion:   Dev-Networking (A4E4105C-59A1-49B5-A7C5-40C4547EDFEE): 0
LogDevObjectVersion:   Dev-Online (39C831C9-5AE6-47DC-9A44-9C173E1C8E7C): 0
LogDevObjectVersion:   Dev-Physics (78F01B33-EBEA-4F98-B9B4-84EACCB95AA2): 14
LogDevObjectVersion:   Dev-Platform (6631380F-2D4D-43E0-8009-CF276956A95A): 0
LogDevObjectVersion:   Dev-Rendering (12F88B9F-8875-4AFC-A67C-D90C383ABD29): 45
LogDevObjectVersion:   Dev-Sequencer (7B5AE74C-D270-4C10-A958-57980B212A5A): 13
LogDevObjectVersion:   Dev-VR (D7296918-1DD6-4BDD-9DE2-64A83CC13884): 3
LogDevObjectVersion:   Dev-LoadTimes (C2A15278-BFE7-4AFE-6C17-90FF531DF755): 1
LogDevObjectVersion:   Private-Geometry (6EACA3D4-40EC-4CC1-B786-8BED09428FC5): 3
LogDevObjectVersion:   Dev-AnimPhys (29E575DD-E0A3-4627-9D10-D276232CDCEA): 17
LogDevObjectVersion:   Dev-Anim (AF43A65D-7FD3-4947-9873-3E8ED9C1BB05): 15
LogDevObjectVersion:   Dev-ReflectionCapture (6B266CEC-1EC7-4B8F-A30B-E4D90942FC07): 1
LogDevObjectVersion:   Dev-Automation (0DF73D61-A23F-47EA-B727-89E90C41499A): 1
LogDevObjectVersion:   FortniteMain (601D1886-AC64-4F84-AA16-D3DE0DEAC7D6): 47
LogDevObjectVersion:   FortniteRelease (E7086368-6B23-4C58-8439-1B7016265E91): 1
LogDevObjectVersion:   Dev-Enterprise (9DFFBCD6-494F-0158-E221-12823C92A888): 10
LogDevObjectVersion:   Dev-Niagara (F2AED0AC-9AFE-416F-8664-AA7FFA26D6FC): 1
LogDevObjectVersion:   Dev-Destruction (174F1F0B-B4C6-45A5-B13F-2EE8D0FB917D): 10
LogDevObjectVersion:   Dev-Physics-Ext (35F94A83-E258-406C-A318-09F59610247C): 41
LogDevObjectVersion:   Dev-PhysicsMaterial-Chaos (B68FC16E-8B1B-42E2-B453-215C058844FE): 1
LogDevObjectVersion:   Dev-CineCamera (B2E18506-4273-CFC2-A54E-F4BB758BBA07): 1
LogDevObjectVersion:   Dev-VirtualProduction (64F58936-FD1B-42BA-BA96-7289D5D0FA4E): 1
LogDevObjectVersion:   Dev-MediaFramework (6F0ED827-A609-4895-9C91-998D90180EA4): 2
LogInit: Presizing for max 25165824 objects, including 0 objects not considered by GC, pre-allocating 0 bytes for permanent pool.
LogConfig: Applying CVar settings from Section [/Script/Engine.StreamingSettings] File [C:/Users/nanim/GitHub/NewNewInsectHeaven/InsectHeaven/Saved/Config/Windows/Engine.ini]
LogConfig: Setting CVar [[s.MinBulkDataSizeForAsyncLoading:131072]]
LogConfig: Setting CVar [[s.AsyncLoadingThreadEnabled:0]]
LogConfig: Setting CVar [[s.EventDrivenLoaderEnabled:1]]
LogConfig: Setting CVar [[s.WarnIfTimeLimitExceeded:0]]
LogConfig: Setting CVar [[s.TimeLimitExceededMultiplier:1.5]]
LogConfig: Setting CVar [[s.TimeLimitExceededMinTime:0.005]]
LogConfig: Setting CVar [[s.UseBackgroundLevelStreaming:1]]
LogConfig: Setting CVar [[s.PriorityAsyncLoadingExtraTime:15.0]]
LogConfig: Setting CVar [[s.LevelStreamingActorsUpdateTimeLimit:5.0]]
LogConfig: Setting CVar [[s.PriorityLevelStreamingActorsUpdateExtraTime:5.0]]
LogConfig: Setting CVar [[s.LevelStreamingComponentsRegistrationGranularity:10]]
LogConfig: Setting CVar [[s.UnregisterComponentsTimeLimit:1.0]]
LogConfig: Setting CVar [[s.LevelStreamingComponentsUnregistrationGranularity:5]]
LogConfig: Setting CVar [[s.FlushStreamingOnExit:1]]
LogInit: Object subsystem initialized
LogConfig: Setting CVar [[con.DebugEarlyDefault:1]]
LogConfig: Setting CVar [[r.setres:1280x720]]
[2024.09.02-13.18.37:668][  0]LogConfig: Setting CVar [[r.VSync:0]]
[2024.09.02-13.18.37:668][  0]LogConfig: Setting CVar [[r.RHICmdBypass:0]]
[2024.09.02-13.18.37:687][  0]LogConfig: Applying CVar settings from Section [/Script/Engine.RendererSettings] File [C:/Users/nanim/GitHub/NewNewInsectHeaven/InsectHeaven/Saved/Config/Windows/Engine.ini]
[2024.09.02-13.18.37:687][  0]LogConfig: Setting CVar [[r.GPUCrashDebugging:0]]
[2024.09.02-13.18.37:687][  0]LogConfig: Applying CVar settings from Section [/Script/Engine.RendererOverrideSettings] File [C:/Users/nanim/GitHub/NewNewInsectHeaven/InsectHeaven/Saved/Config/Windows/Engine.ini]
[2024.09.02-13.18.37:688][  0]LogConfig: Applying CVar settings from Section [/Script/Engine.StreamingSettings] File [C:/Users/nanim/GitHub/NewNewInsectHeaven/InsectHeaven/Saved/Config/Windows/Engine.ini]
[2024.09.02-13.18.37:688][  0]LogConfig: Setting CVar [[s.MinBulkDataSizeForAsyncLoading:131072]]
[2024.09.02-13.18.37:688][  0]LogConfig: Setting CVar [[s.AsyncLoadingThreadEnabled:0]]
[2024.09.02-13.18.37:688][  0]LogConfig: Setting CVar [[s.EventDrivenLoaderEnabled:1]]
[2024.09.02-13.18.37:688][  0]LogConfig: Setting CVar [[s.WarnIfTimeLimitExceeded:0]]
[2024.09.02-13.18.37:688][  0]LogConfig: Setting CVar [[s.TimeLimitExceededMultiplier:1.5]]
[2024.09.02-13.18.37:689][  0]LogConfig: Setting CVar [[s.TimeLimitExceededMinTime:0.005]]
[2024.09.02-13.18.37:689][  0]LogConfig: Setting CVar [[s.UseBackgroundLevelStreaming:1]]
[2024.09.02-13.18.37:689][  0]LogConfig: Setting CVar [[s.PriorityAsyncLoadingExtraTime:15.0]]
[2024.09.02-13.18.37:689][  0]LogConfig: Setting CVar [[s.LevelStreamingActorsUpdateTimeLimit:5.0]]
[2024.09.02-13.18.37:689][  0]LogConfig: Setting CVar [[s.PriorityLevelStreamingActorsUpdateExtraTime:5.0]]
[2024.09.02-13.18.37:689][  0]LogConfig: Setting CVar [[s.LevelStreamingComponentsRegistrationGranularity:10]]
[2024.09.02-13.18.37:689][  0]LogConfig: Setting CVar [[s.UnregisterComponentsTimeLimit:1.0]]
[2024.09.02-13.18.37:690][  0]LogConfig: Setting CVar [[s.LevelStreamingComponentsUnregistrationGranularity:5]]
[2024.09.02-13.18.37:690][  0]LogConfig: Setting CVar [[s.FlushStreamingOnExit:1]]
[2024.09.02-13.18.37:690][  0]LogConfig: Applying CVar settings from Section [/Script/Engine.GarbageCollectionSettings] File [C:/Users/nanim/GitHub/NewNewInsectHeaven/InsectHeaven/Saved/Config/Windows/Engine.ini]
[2024.09.02-13.18.37:690][  0]LogConfig: Setting CVar [[gc.MaxObjectsNotConsideredByGC:1]]
[2024.09.02-13.18.37:690][  0]LogConfig: Setting CVar [[gc.SizeOfPermanentObjectPool:0]]
[2024.09.02-13.18.37:690][  0]LogConfig: Setting CVar [[gc.FlushStreamingOnGC:0]]
[2024.09.02-13.18.37:690][  0]LogConfig: Setting CVar [[gc.NumRetriesBeforeForcingGC:10]]
[2024.09.02-13.18.37:691][  0]LogConfig: Setting CVar [[gc.AllowParallelGC:1]]
[2024.09.02-13.18.37:691][  0]LogConfig: Setting CVar [[gc.TimeBetweenPurgingPendingKillObjects:61.1]]
[2024.09.02-13.18.37:691][  0]LogConfig: Setting CVar [[gc.MaxObjectsInEditor:25165824]]
[2024.09.02-13.18.37:691][  0]LogConfig: Setting CVar [[gc.IncrementalBeginDestroyEnabled:1]]
[2024.09.02-13.18.37:691][  0]LogConfig: Setting CVar [[gc.CreateGCClusters:1]]
[2024.09.02-13.18.37:691][  0]LogConfig: Setting CVar [[gc.MinGCClusterSize:5]]
[2024.09.02-13.18.37:691][  0]LogConfig: Setting CVar [[gc.ActorClusteringEnabled:0]]
[2024.09.02-13.18.37:691][  0]LogConfig: Setting CVar [[gc.BlueprintClusteringEnabled:0]]
[2024.09.02-13.18.37:692][  0]LogConfig: Setting CVar [[gc.UseDisregardForGCOnDedicatedServers:0]]
[2024.09.02-13.18.37:692][  0]LogConfig: Setting CVar [[gc.MultithreadedDestructionEnabled:1]]
[2024.09.02-13.18.37:692][  0]LogConfig: Applying CVar settings from Section [/Script/Engine.NetworkSettings] File [C:/Users/nanim/GitHub/NewNewInsectHeaven/InsectHeaven/Saved/Config/Windows/Engine.ini]
[2024.09.02-13.18.37:692][  0]LogConfig: Applying CVar settings from Section [/Script/UnrealEd.CookerSettings] File [C:/Users/nanim/GitHub/NewNewInsectHeaven/InsectHeaven/Saved/Config/Windows/Engine.ini]
[2024.09.02-13.18.37:857][  0]LogConfig: Applying CVar settings from Section [ViewDistanceQuality@3] File [C:/Users/nanim/GitHub/NewNewInsectHeaven/InsectHeaven/Saved/Config/Windows/Scalability.ini]
[2024.09.02-13.18.37:857][  0]LogConfig: Setting CVar [[r.SkeletalMeshLODBias:0]]
[2024.09.02-13.18.37:857][  0]LogConfig: Setting CVar [[r.ViewDistanceScale:1.0]]
[2024.09.02-13.18.37:857][  0]LogConfig: Applying CVar settings from Section [AntiAliasingQuality@3] File [C:/Users/nanim/GitHub/NewNewInsectHeaven/InsectHeaven/Saved/Config/Windows/Scalability.ini]
[2024.09.02-13.18.37:857][  0]LogConfig: Setting CVar [[r.PostProcessAAQuality:4]]
[2024.09.02-13.18.37:858][  0]LogConfig: Applying CVar settings from Section [ShadowQuality@3] File [C:/Users/nanim/GitHub/NewNewInsectHeaven/InsectHeaven/Saved/Config/Windows/Scalability.ini]
[2024.09.02-13.18.37:858][  0]LogConfig: Setting CVar [[r.LightFunctionQuality:1]]
[2024.09.02-13.18.37:858][  0]LogConfig: Setting CVar [[r.ShadowQuality:5]]
[2024.09.02-13.18.37:858][  0]LogConfig: Setting CVar [[r.Shadow.CSM.MaxCascades:10]]
[2024.09.02-13.18.37:858][  0]LogConfig: Setting CVar [[r.Shadow.MaxResolution:2048]]
[2024.09.02-13.18.37:858][  0]LogConfig: Setting CVar [[r.Shadow.MaxCSMResolution:2048]]
[2024.09.02-13.18.37:859][  0]LogConfig: Setting CVar [[r.Shadow.RadiusThreshold:0.01]]
[2024.09.02-13.18.37:859][  0]LogConfig: Setting CVar [[r.Shadow.DistanceScale:1.0]]
[2024.09.02-13.18.37:859][  0]LogConfig: Setting CVar [[r.Shadow.CSM.TransitionScale:1.0]]
[2024.09.02-13.18.37:859][  0]LogConfig: Setting CVar [[r.Shadow.PreShadowResolutionFactor:1.0]]
[2024.09.02-13.18.37:859][  0]LogConfig: Setting CVar [[r.DistanceFieldShadowing:1]]
[2024.09.02-13.18.37:859][  0]LogConfig: Setting CVar [[r.DistanceFieldAO:1]]
[2024.09.02-13.18.37:859][  0]LogConfig: Setting CVar [[r.AOQuality:2]]
[2024.09.02-13.18.37:860][  0]LogConfig: Setting CVar [[r.VolumetricFog:1]]
[2024.09.02-13.18.37:860][  0]LogConfig: Setting CVar [[r.VolumetricFog.GridPixelSize:8]]
[2024.09.02-13.18.37:860][  0]LogConfig: Setting CVar [[r.VolumetricFog.GridSizeZ:128]]
[2024.09.02-13.18.37:860][  0]LogConfig: Setting CVar [[r.VolumetricFog.HistoryMissSupersampleCount:4]]
[2024.09.02-13.18.37:860][  0]LogConfig: Setting CVar [[r.LightMaxDrawDistanceScale:1]]
[2024.09.02-13.18.37:860][  0]LogConfig: Setting CVar [[r.CapsuleShadows:1]]
[2024.09.02-13.18.37:860][  0]LogConfig: Applying CVar settings from Section [PostProcessQuality@3] File [C:/Users/nanim/GitHub/NewNewInsectHeaven/InsectHeaven/Saved/Config/Windows/Scalability.ini]
[2024.09.02-13.18.37:860][  0]LogConfig: Setting CVar [[r.MotionBlurQuality:4]]
[2024.09.02-13.18.37:861][  0]LogConfig: Setting CVar [[r.AmbientOcclusionMipLevelFactor:0.4]]
[2024.09.02-13.18.37:861][  0]LogConfig: Setting CVar [[r.AmbientOcclusionMaxQuality:100]]
[2024.09.02-13.18.37:861][  0]LogConfig: Setting CVar [[r.AmbientOcclusionLevels:-1]]
[2024.09.02-13.18.37:861][  0]LogConfig: Setting CVar [[r.AmbientOcclusionRadiusScale:1.0]]
[2024.09.02-13.18.37:861][  0]LogConfig: Setting CVar [[r.DepthOfFieldQuality:2]]
[2024.09.02-13.18.37:861][  0]LogConfig: Setting CVar [[r.RenderTargetPoolMin:400]]
[2024.09.02-13.18.37:861][  0]LogConfig: Setting CVar [[r.LensFlareQuality:2]]
[2024.09.02-13.18.37:862][  0]LogConfig: Setting CVar [[r.SceneColorFringeQuality:1]]
[2024.09.02-13.18.37:862][  0]LogConfig: Setting CVar [[r.EyeAdaptationQuality:2]]
[2024.09.02-13.18.37:862][  0]LogConfig: Setting CVar [[r.BloomQuality:5]]
[2024.09.02-13.18.37:862][  0]LogConfig: Setting CVar [[r.FastBlurThreshold:100]]
[2024.09.02-13.18.37:862][  0]LogConfig: Setting CVar [[r.Upscale.Quality:3]]
[2024.09.02-13.18.37:862][  0]LogConfig: Setting CVar [[r.Tonemapper.GrainQuantization:1]]
[2024.09.02-13.18.37:862][  0]LogConfig: Setting CVar [[r.LightShaftQuality:1]]
[2024.09.02-13.18.37:862][  0]LogConfig: Setting CVar [[r.Filter.SizeScale:1]]
[2024.09.02-13.18.37:863][  0]LogConfig: Setting CVar [[r.Tonemapper.Quality:5]]
[2024.09.02-13.18.37:863][  0]LogConfig: Setting CVar [[r.DOF.Gather.AccumulatorQuality:1        ; higher gathering accumulator quality]]
[2024.09.02-13.18.37:863][  0]LogConfig: Setting CVar [[r.DOF.Gather.PostfilterMethod:1          ; Median3x3 postfilering method]]
[2024.09.02-13.18.37:863][  0]LogConfig: Setting CVar [[r.DOF.Gather.EnableBokehSettings:0       ; no bokeh simulation when gathering]]
[2024.09.02-13.18.37:863][  0]LogConfig: Setting CVar [[r.DOF.Gather.RingCount:4                 ; medium number of samples when gathering]]
[2024.09.02-13.18.37:863][  0]LogConfig: Setting CVar [[r.DOF.Scatter.ForegroundCompositing:1    ; additive foreground scattering]]
[2024.09.02-13.18.37:864][  0]LogConfig: Setting CVar [[r.DOF.Scatter.BackgroundCompositing:2    ; additive background scattering]]
[2024.09.02-13.18.37:864][  0]LogConfig: Setting CVar [[r.DOF.Scatter.EnableBokehSettings:1      ; bokeh simulation when scattering]]
[2024.09.02-13.18.37:864][  0]LogConfig: Setting CVar [[r.DOF.Scatter.MaxSpriteRatio:0.1         ; only a maximum of 10% of scattered bokeh]]
[2024.09.02-13.18.37:864][  0]LogConfig: Setting CVar [[r.DOF.Recombine.Quality:1                ; cheap slight out of focus]]
[2024.09.02-13.18.37:864][  0]LogConfig: Setting CVar [[r.DOF.Recombine.EnableBokehSettings:0    ; no bokeh simulation on slight out of focus]]
[2024.09.02-13.18.37:864][  0]LogConfig: Setting CVar [[r.DOF.TemporalAAQuality:1                ; more stable temporal accumulation]]
[2024.09.02-13.18.37:865][  0]LogConfig: Setting CVar [[r.DOF.Kernel.MaxForegroundRadius:0.025]]
[2024.09.02-13.18.37:865][  0]LogConfig: Setting CVar [[r.DOF.Kernel.MaxBackgroundRadius:0.025]]
[2024.09.02-13.18.37:865][  0]LogConfig: Applying CVar settings from Section [TextureQuality@3] File [C:/Users/nanim/GitHub/NewNewInsectHeaven/InsectHeaven/Saved/Config/Windows/Scalability.ini]
[2024.09.02-13.18.37:865][  0]LogConfig: Setting CVar [[r.Streaming.MipBias:0]]
[2024.09.02-13.18.37:865][  0]LogConfig: Setting CVar [[r.Streaming.AmortizeCPUToGPUCopy:0]]
[2024.09.02-13.18.37:865][  0]LogConfig: Setting CVar [[r.Streaming.MaxNumTexturesToStreamPerFrame:0]]
[2024.09.02-13.18.37:865][  0]LogConfig: Setting CVar [[r.Streaming.Boost:1]]
[2024.09.02-13.18.37:866][  0]LogConfig: Setting CVar [[r.MaxAnisotropy:8]]
[2024.09.02-13.18.37:866][  0]LogConfig: Setting CVar [[r.VT.MaxAnisotropy:8]]
[2024.09.02-13.18.37:866][  0]LogConfig: Setting CVar [[r.Streaming.LimitPoolSizeToVRAM:0]]
[2024.09.02-13.18.37:866][  0]LogConfig: Setting CVar [[r.Streaming.PoolSize:1000]]
[2024.09.02-13.18.37:866][  0]LogConfig: Setting CVar [[r.Streaming.MaxEffectiveScreenSize:0]]
[2024.09.02-13.18.37:866][  0]LogConfig: Applying CVar settings from Section [EffectsQuality@3] File [C:/Users/nanim/GitHub/NewNewInsectHeaven/InsectHeaven/Saved/Config/Windows/Scalability.ini]
[2024.09.02-13.18.37:866][  0]LogConfig: Setting CVar [[r.TranslucencyLightingVolumeDim:64]]
[2024.09.02-13.18.37:866][  0]LogConfig: Setting CVar [[r.RefractionQuality:2]]
[2024.09.02-13.18.37:867][  0]LogConfig: Setting CVar [[r.SSR.Quality:3]]
[2024.09.02-13.18.37:867][  0]LogConfig: Setting CVar [[r.SSR.HalfResSceneColor:0]]
[2024.09.02-13.18.37:867][  0]LogConfig: Setting CVar [[r.SceneColorFormat:4]]
[2024.09.02-13.18.37:867][  0]LogConfig: Setting CVar [[r.DetailMode:2]]
[2024.09.02-13.18.37:867][  0]LogConfig: Setting CVar [[r.TranslucencyVolumeBlur:1]]
[2024.09.02-13.18.37:867][  0]LogConfig: Setting CVar [[r.MaterialQualityLevel:1 ; High quality]]
[2024.09.02-13.18.37:867][  0]LogConfig: Setting CVar [[r.AnisotropicMaterials:1]]
[2024.09.02-13.18.37:869][  0]LogConfig: Setting CVar [[r.SSS.Scale:1]]
[2024.09.02-13.18.37:869][  0]LogConfig: Setting CVar [[r.SSS.SampleSet:2]]
[2024.09.02-13.18.37:869][  0]LogConfig: Setting CVar [[r.SSS.Quality:1]]
[2024.09.02-13.18.37:869][  0]LogConfig: Setting CVar [[r.SSS.HalfRes:0]]
[2024.09.02-13.18.37:869][  0]LogConfig: Setting CVar [[r.SSGI.Quality:3]]
[2024.09.02-13.18.37:869][  0]LogConfig: Setting CVar [[r.EmitterSpawnRateScale:1.0]]
[2024.09.02-13.18.37:869][  0]LogConfig: Setting CVar [[r.ParticleLightQuality:2]]
[2024.09.02-13.18.37:869][  0]LogConfig: Setting CVar [[r.SkyAtmosphere.AerialPerspectiveLUT.FastApplyOnOpaque:1 ; Always have FastSkyLUT 1 in this case to avoid wrong sky]]
[2024.09.02-13.18.37:870][  0]LogConfig: Setting CVar [[r.SkyAtmosphere.AerialPerspectiveLUT.SampleCountMaxPerSlice:4]]
[2024.09.02-13.18.37:870][  0]LogConfig: Setting CVar [[r.SkyAtmosphere.AerialPerspectiveLUT.DepthResolution:16.0]]
[2024.09.02-13.18.37:870][  0]LogConfig: Setting CVar [[r.SkyAtmosphere.FastSkyLUT:1]]
[2024.09.02-13.18.37:870][  0]LogConfig: Setting CVar [[r.SkyAtmosphere.FastSkyLUT.SampleCountMin:4.0]]
[2024.09.02-13.18.37:870][  0]LogConfig: Setting CVar [[r.SkyAtmosphere.FastSkyLUT.SampleCountMax:128.0]]
[2024.09.02-13.18.37:870][  0]LogConfig: Setting CVar [[r.SkyAtmosphere.SampleCountMin:4.0]]
[2024.09.02-13.18.37:871][  0]LogConfig: Setting CVar [[r.SkyAtmosphere.SampleCountMax:128.0]]
[2024.09.02-13.18.37:871][  0]LogConfig: Setting CVar [[r.SkyAtmosphere.TransmittanceLUT.UseSmallFormat:0]]
[2024.09.02-13.18.37:871][  0]LogConfig: Setting CVar [[r.SkyAtmosphere.TransmittanceLUT.SampleCount:10.0]]
[2024.09.02-13.18.37:871][  0]LogConfig: Setting CVar [[r.SkyAtmosphere.MultiScatteringLUT.SampleCount:15.0]]
[2024.09.02-13.18.37:871][  0]LogConfig: Setting CVar [[r.SkyLight.RealTimeReflectionCapture:1]]
[2024.09.02-13.18.37:871][  0]LogConfig: Applying CVar settings from Section [FoliageQuality@3] File [C:/Users/nanim/GitHub/NewNewInsectHeaven/InsectHeaven/Saved/Config/Windows/Scalability.ini]
[2024.09.02-13.18.37:872][  0]LogConfig: Setting CVar [[foliage.DensityScale:1.0]]
[2024.09.02-13.18.37:872][  0]LogConfig: Setting CVar [[grass.DensityScale:1.0]]
[2024.09.02-13.18.37:872][  0]LogConfig: Applying CVar settings from Section [ShadingQuality@3] File [C:/Users/nanim/GitHub/NewNewInsectHeaven/InsectHeaven/Saved/Config/Windows/Scalability.ini]
[2024.09.02-13.18.37:872][  0]LogConfig: Setting CVar [[r.HairStrands.SkyLighting.IntegrationType:2]]
[2024.09.02-13.18.37:872][  0]LogConfig: Setting CVar [[r.HairStrands.SkyAO.SampleCount:4]]
[2024.09.02-13.18.37:872][  0]LogConfig: Setting CVar [[r.HairStrands.Visibility.MSAA.SamplePerPixel:4]]
[2024.09.02-13.18.37:909][  0]LogInit: Selected Device Profile: [Windows]
[2024.09.02-13.18.37:914][  0]LogInit: Applying CVar settings loaded from the selected device profile: [Windows]
[2024.09.02-13.18.37:916][  0]LogHAL: Display: Platform has ~ 32 GB [33457160192 / 34359738368 / 32], which maps to Largest [LargestMinGB=32, LargerMinGB=12, DefaultMinGB=8, SmallerMinGB=6, SmallestMinGB=0)
[2024.09.02-13.18.37:916][  0]LogInit: Going up to parent DeviceProfile []
[2024.09.02-13.18.37:918][  0]LogConfig: Applying CVar settings from Section [ViewDistanceQuality@3] File [C:/Users/nanim/GitHub/NewNewInsectHeaven/InsectHeaven/Saved/Config/Windows/Scalability.ini]
[2024.09.02-13.18.37:918][  0]LogConfig: Setting CVar [[r.SkeletalMeshLODBias:0]]
[2024.09.02-13.18.37:918][  0]LogConfig: Setting CVar [[r.ViewDistanceScale:1.0]]
[2024.09.02-13.18.37:919][  0]LogConfig: Applying CVar settings from Section [AntiAliasingQuality@3] File [C:/Users/nanim/GitHub/NewNewInsectHeaven/InsectHeaven/Saved/Config/Windows/Scalability.ini]
[2024.09.02-13.18.37:919][  0]LogConfig: Setting CVar [[r.PostProcessAAQuality:4]]
[2024.09.02-13.18.37:919][  0]LogConfig: Applying CVar settings from Section [ShadowQuality@3] File [C:/Users/nanim/GitHub/NewNewInsectHeaven/InsectHeaven/Saved/Config/Windows/Scalability.ini]
[2024.09.02-13.18.37:919][  0]LogConfig: Setting CVar [[r.LightFunctionQuality:1]]
[2024.09.02-13.18.37:919][  0]LogConfig: Setting CVar [[r.ShadowQuality:5]]
[2024.09.02-13.18.37:919][  0]LogConfig: Setting CVar [[r.Shadow.CSM.MaxCascades:10]]
[2024.09.02-13.18.37:920][  0]LogConfig: Setting CVar [[r.Shadow.MaxResolution:2048]]
[2024.09.02-13.18.37:920][  0]LogConfig: Setting CVar [[r.Shadow.MaxCSMResolution:2048]]
[2024.09.02-13.18.37:920][  0]LogConfig: Setting CVar [[r.Shadow.RadiusThreshold:0.01]]
[2024.09.02-13.18.37:920][  0]LogConfig: Setting CVar [[r.Shadow.DistanceScale:1.0]]
[2024.09.02-13.18.37:920][  0]LogConfig: Setting CVar [[r.Shadow.CSM.TransitionScale:1.0]]
[2024.09.02-13.18.37:920][  0]LogConfig: Setting CVar [[r.Shadow.PreShadowResolutionFactor:1.0]]
[2024.09.02-13.18.37:920][  0]LogConfig: Setting CVar [[r.DistanceFieldShadowing:1]]
[2024.09.02-13.18.37:921][  0]LogConfig: Setting CVar [[r.DistanceFieldAO:1]]
[2024.09.02-13.18.37:921][  0]LogConfig: Setting CVar [[r.AOQuality:2]]
[2024.09.02-13.18.37:921][  0]LogConfig: Setting CVar [[r.VolumetricFog:1]]
[2024.09.02-13.18.37:921][  0]LogConfig: Setting CVar [[r.VolumetricFog.GridPixelSize:8]]
[2024.09.02-13.18.37:921][  0]LogConfig: Setting CVar [[r.VolumetricFog.GridSizeZ:128]]
[2024.09.02-13.18.37:921][  0]LogConfig: Setting CVar [[r.VolumetricFog.HistoryMissSupersampleCount:4]]
[2024.09.02-13.18.37:921][  0]LogConfig: Setting CVar [[r.LightMaxDrawDistanceScale:1]]
[2024.09.02-13.18.37:921][  0]LogConfig: Setting CVar [[r.CapsuleShadows:1]]
[2024.09.02-13.18.37:922][  0]LogConfig: Applying CVar settings from Section [PostProcessQuality@3] File [C:/Users/nanim/GitHub/NewNewInsectHeaven/InsectHeaven/Saved/Config/Windows/Scalability.ini]
[2024.09.02-13.18.37:922][  0]LogConfig: Setting CVar [[r.MotionBlurQuality:4]]
[2024.09.02-13.18.37:922][  0]LogConfig: Setting CVar [[r.AmbientOcclusionMipLevelFactor:0.4]]
[2024.09.02-13.18.37:922][  0]LogConfig: Setting CVar [[r.AmbientOcclusionMaxQuality:100]]
[2024.09.02-13.18.37:922][  0]LogConfig: Setting CVar [[r.AmbientOcclusionLevels:-1]]
[2024.09.02-13.18.37:922][  0]LogConfig: Setting CVar [[r.AmbientOcclusionRadiusScale:1.0]]
[2024.09.02-13.18.37:923][  0]LogConfig: Setting CVar [[r.DepthOfFieldQuality:2]]
[2024.09.02-13.18.37:923][  0]LogConfig: Setting CVar [[r.RenderTargetPoolMin:400]]
[2024.09.02-13.18.37:923][  0]LogConfig: Setting CVar [[r.LensFlareQuality:2]]
[2024.09.02-13.18.37:923][  0]LogConfig: Setting CVar [[r.SceneColorFringeQuality:1]]
[2024.09.02-13.18.37:923][  0]LogConfig: Setting CVar [[r.EyeAdaptationQuality:2]]
[2024.09.02-13.18.37:923][  0]LogConfig: Setting CVar [[r.BloomQuality:5]]
[2024.09.02-13.18.37:923][  0]LogConfig: Setting CVar [[r.FastBlurThreshold:100]]
[2024.09.02-13.18.37:924][  0]LogConfig: Setting CVar [[r.Upscale.Quality:3]]
[2024.09.02-13.18.37:924][  0]LogConfig: Setting CVar [[r.Tonemapper.GrainQuantization:1]]
[2024.09.02-13.18.37:924][  0]LogConfig: Setting CVar [[r.LightShaftQuality:1]]
[2024.09.02-13.18.37:924][  0]LogConfig: Setting CVar [[r.Filter.SizeScale:1]]
[2024.09.02-13.18.37:924][  0]LogConfig: Setting CVar [[r.Tonemapper.Quality:5]]
[2024.09.02-13.18.37:925][  0]LogConfig: Setting CVar [[r.DOF.Gather.AccumulatorQuality:1        ; higher gathering accumulator quality]]
[2024.09.02-13.18.37:925][  0]LogConfig: Setting CVar [[r.DOF.Gather.PostfilterMethod:1          ; Median3x3 postfilering method]]
[2024.09.02-13.18.37:925][  0]LogConfig: Setting CVar [[r.DOF.Gather.EnableBokehSettings:0       ; no bokeh simulation when gathering]]
[2024.09.02-13.18.37:925][  0]LogConfig: Setting CVar [[r.DOF.Gather.RingCount:4                 ; medium number of samples when gathering]]
[2024.09.02-13.18.37:925][  0]LogConfig: Setting CVar [[r.DOF.Scatter.ForegroundCompositing:1    ; additive foreground scattering]]
[2024.09.02-13.18.37:925][  0]LogConfig: Setting CVar [[r.DOF.Scatter.BackgroundCompositing:2    ; additive background scattering]]
[2024.09.02-13.18.37:926][  0]LogConfig: Setting CVar [[r.DOF.Scatter.EnableBokehSettings:1      ; bokeh simulation when scattering]]
[2024.09.02-13.18.37:926][  0]LogConfig: Setting CVar [[r.DOF.Scatter.MaxSpriteRatio:0.1         ; only a maximum of 10% of scattered bokeh]]
[2024.09.02-13.18.37:926][  0]LogConfig: Setting CVar [[r.DOF.Recombine.Quality:1                ; cheap slight out of focus]]
[2024.09.02-13.18.37:926][  0]LogConfig: Setting CVar [[r.DOF.Recombine.EnableBokehSettings:0    ; no bokeh simulation on slight out of focus]]
[2024.09.02-13.18.37:926][  0]LogConfig: Setting CVar [[r.DOF.TemporalAAQuality:1                ; more stable temporal accumulation]]
[2024.09.02-13.18.37:926][  0]LogConfig: Setting CVar [[r.DOF.Kernel.MaxForegroundRadius:0.025]]
[2024.09.02-13.18.37:927][  0]LogConfig: Setting CVar [[r.DOF.Kernel.MaxBackgroundRadius:0.025]]
[2024.09.02-13.18.37:927][  0]LogConfig: Applying CVar settings from Section [TextureQuality@3] File [C:/Users/nanim/GitHub/NewNewInsectHeaven/InsectHeaven/Saved/Config/Windows/Scalability.ini]
[2024.09.02-13.18.37:927][  0]LogConfig: Setting CVar [[r.Streaming.MipBias:0]]
[2024.09.02-13.18.37:927][  0]LogConfig: Setting CVar [[r.Streaming.AmortizeCPUToGPUCopy:0]]
[2024.09.02-13.18.37:927][  0]LogConfig: Setting CVar [[r.Streaming.MaxNumTexturesToStreamPerFrame:0]]
[2024.09.02-13.18.37:927][  0]LogConfig: Setting CVar [[r.Streaming.Boost:1]]
[2024.09.02-13.18.37:927][  0]LogConfig: Setting CVar [[r.MaxAnisotropy:8]]
[2024.09.02-13.18.37:928][  0]LogConfig: Setting CVar [[r.VT.MaxAnisotropy:8]]
[2024.09.02-13.18.37:928][  0]LogConfig: Setting CVar [[r.Streaming.LimitPoolSizeToVRAM:0]]
[2024.09.02-13.18.37:928][  0]LogConfig: Setting CVar [[r.Streaming.PoolSize:1000]]
[2024.09.02-13.18.37:928][  0]LogConfig: Setting CVar [[r.Streaming.MaxEffectiveScreenSize:0]]
[2024.09.02-13.18.37:928][  0]LogConfig: Applying CVar settings from Section [EffectsQuality@3] File [C:/Users/nanim/GitHub/NewNewInsectHeaven/InsectHeaven/Saved/Config/Windows/Scalability.ini]
[2024.09.02-13.18.37:928][  0]LogConfig: Setting CVar [[r.TranslucencyLightingVolumeDim:64]]
[2024.09.02-13.18.37:928][  0]LogConfig: Setting CVar [[r.RefractionQuality:2]]
[2024.09.02-13.18.37:928][  0]LogConfig: Setting CVar [[r.SSR.Quality:3]]
[2024.09.02-13.18.37:929][  0]LogConfig: Setting CVar [[r.SSR.HalfResSceneColor:0]]
[2024.09.02-13.18.37:929][  0]LogConfig: Setting CVar [[r.SceneColorFormat:4]]
[2024.09.02-13.18.37:929][  0]LogConfig: Setting CVar [[r.DetailMode:2]]
[2024.09.02-13.18.37:929][  0]LogConfig: Setting CVar [[r.TranslucencyVolumeBlur:1]]
[2024.09.02-13.18.37:929][  0]LogConfig: Setting CVar [[r.MaterialQualityLevel:1 ; High quality]]
[2024.09.02-13.18.37:929][  0]LogConfig: Setting CVar [[r.AnisotropicMaterials:1]]
[2024.09.02-13.18.37:929][  0]LogConfig: Setting CVar [[r.SSS.Scale:1]]
[2024.09.02-13.18.37:930][  0]LogConfig: Setting CVar [[r.SSS.SampleSet:2]]
[2024.09.02-13.18.37:930][  0]LogConfig: Setting CVar [[r.SSS.Quality:1]]
[2024.09.02-13.18.37:930][  0]LogConfig: Setting CVar [[r.SSS.HalfRes:0]]
[2024.09.02-13.18.37:930][  0]LogConfig: Setting CVar [[r.SSGI.Quality:3]]
[2024.09.02-13.18.37:930][  0]LogConfig: Setting CVar [[r.EmitterSpawnRateScale:1.0]]
[2024.09.02-13.18.37:930][  0]LogConfig: Setting CVar [[r.ParticleLightQuality:2]]
[2024.09.02-13.18.37:931][  0]LogConfig: Setting CVar [[r.SkyAtmosphere.AerialPerspectiveLUT.FastApplyOnOpaque:1 ; Always have FastSkyLUT 1 in this case to avoid wrong sky]]
[2024.09.02-13.18.37:931][  0]LogConfig: Setting CVar [[r.SkyAtmosphere.AerialPerspectiveLUT.SampleCountMaxPerSlice:4]]
[2024.09.02-13.18.37:931][  0]LogConfig: Setting CVar [[r.SkyAtmosphere.AerialPerspectiveLUT.DepthResolution:16.0]]
[2024.09.02-13.18.37:931][  0]LogConfig: Setting CVar [[r.SkyAtmosphere.FastSkyLUT:1]]
[2024.09.02-13.18.37:931][  0]LogConfig: Setting CVar [[r.SkyAtmosphere.FastSkyLUT.SampleCountMin:4.0]]
[2024.09.02-13.18.37:931][  0]LogConfig: Setting CVar [[r.SkyAtmosphere.FastSkyLUT.SampleCountMax:128.0]]
[2024.09.02-13.18.37:931][  0]LogConfig: Setting CVar [[r.SkyAtmosphere.SampleCountMin:4.0]]
[2024.09.02-13.18.37:931][  0]LogConfig: Setting CVar [[r.SkyAtmosphere.SampleCountMax:128.0]]
[2024.09.02-13.18.37:932][  0]LogConfig: Setting CVar [[r.SkyAtmosphere.TransmittanceLUT.UseSmallFormat:0]]
[2024.09.02-13.18.37:932][  0]LogConfig: Setting CVar [[r.SkyAtmosphere.TransmittanceLUT.SampleCount:10.0]]
[2024.09.02-13.18.37:932][  0]LogConfig: Setting CVar [[r.SkyAtmosphere.MultiScatteringLUT.SampleCount:15.0]]
[2024.09.02-13.18.37:932][  0]LogConfig: Setting CVar [[r.SkyLight.RealTimeReflectionCapture:1]]
[2024.09.02-13.18.37:932][  0]LogConfig: Applying CVar settings from Section [FoliageQuality@3] File [C:/Users/nanim/GitHub/NewNewInsectHeaven/InsectHeaven/Saved/Config/Windows/Scalability.ini]
[2024.09.02-13.18.37:932][  0]LogConfig: Setting CVar [[foliage.DensityScale:1.0]]
[2024.09.02-13.18.37:932][  0]LogConfig: Setting CVar [[grass.DensityScale:1.0]]
[2024.09.02-13.18.37:933][  0]LogConfig: Applying CVar settings from Section [ShadingQuality@3] File [C:/Users/nanim/GitHub/NewNewInsectHeaven/InsectHeaven/Saved/Config/Windows/Scalability.ini]
[2024.09.02-13.18.37:933][  0]LogConfig: Setting CVar [[r.HairStrands.SkyLighting.IntegrationType:2]]
[2024.09.02-13.18.37:933][  0]LogConfig: Setting CVar [[r.HairStrands.SkyAO.SampleCount:4]]
[2024.09.02-13.18.37:933][  0]LogConfig: Setting CVar [[r.HairStrands.Visibility.MSAA.SamplePerPixel:4]]
[2024.09.02-13.18.37:933][  0]LogConfig: Applying CVar settings from Section [Startup] File [../../../Engine/Config/ConsoleVariables.ini]
[2024.09.02-13.18.37:934][  0]LogConfig: Setting CVar [[net.UseAdaptiveNetUpdateFrequency:0]]
[2024.09.02-13.18.37:934][  0]LogConfig: Setting CVar [[p.chaos.AllowCreatePhysxBodies:1]]
[2024.09.02-13.18.37:934][  0]LogConfig: Setting CVar [[fx.SkipVectorVMBackendOptimizations:1]]
[2024.09.02-13.18.37:934][  0]LogConfig: Applying CVar settings from Section [ConsoleVariables] File [C:/Users/nanim/GitHub/NewNewInsectHeaven/InsectHeaven/Saved/Config/Windows/Engine.ini]
[2024.09.02-13.18.37:934][  0]LogConfig: Applying CVar settings from Section [ConsoleVariables] File [C:/Users/nanim/GitHub/NewNewInsectHeaven/InsectHeaven/Saved/Config/Windows/Editor.ini]
[2024.09.02-13.18.37:955][  0]LogInit: Computer: DESKTOP-NS5ONMH
[2024.09.02-13.18.37:955][  0]LogInit: User: nanim
[2024.09.02-13.18.37:955][  0]LogInit: CPU Page size=4096, Cores=12
[2024.09.02-13.18.37:955][  0]LogInit: High frequency timer resolution =10.000000 MHz
[2024.09.02-13.18.37:955][  0]LogMemory: Memory total: Physical=31.2GB (32GB approx)
[2024.09.02-13.18.37:955][  0]LogMemory: Platform Memory Stats for Windows
[2024.09.02-13.18.37:956][  0]LogMemory: Process Physical Memory: 149.27 MB used, 149.27 MB peak
[2024.09.02-13.18.37:956][  0]LogMemory: Process Virtual Memory: 128.50 MB used, 128.50 MB peak
[2024.09.02-13.18.37:956][  0]LogMemory: Physical Memory: 16873.41 MB used,  15033.82 MB free, 31907.23 MB total
[2024.09.02-13.18.37:956][  0]LogMemory: Virtual Memory: 134176416.00 MB used,  41311.37 MB free, 134217728.00 MB total
[2024.09.02-13.18.38:024][  0]LogWindows: WindowsPlatformFeatures enabled
[2024.09.02-13.18.39:956][  0]LogInit: Physics initialised using underlying interface: PhysX
[2024.09.02-13.18.39:970][  0]LogInit: Using OS detected language (ko-KR).
[2024.09.02-13.18.39:970][  0]LogInit: Using OS detected locale (ko-KR).
[2024.09.02-13.18.40:029][  0]LogTextLocalizationManager: No specific localization for 'ko-KR' exists, so the 'ko' localization will be used.
[2024.09.02-13.18.40:687][  0]LogInit: Setting process to per monitor DPI aware
[2024.09.02-13.18.41:464][  0]LogWindowsTextInputMethodSystem: Display: IME system deactivated.
[2024.09.02-13.18.42:002][  0]LogSlate: New Slate User Created.  User Index 0, Is Virtual User: 0
[2024.09.02-13.18.42:002][  0]LogSlate: Slate User Registered.  User Index 0, Is Virtual User: 0
[2024.09.02-13.18.45:476][  0]LogD3D11RHI: Loaded GFSDK_Aftermath_Lib.x64.dll
[2024.09.02-13.18.45:490][  0]LogHMD: Failed to initialize OpenVR with code 110
[2024.09.02-13.18.45:490][  0]LogD3D11RHI: D3D11 min allowed feature level: 11_0
[2024.09.02-13.18.45:490][  0]LogD3D11RHI: D3D11 max allowed feature level: 11_0
[2024.09.02-13.18.45:490][  0]LogD3D11RHI: D3D11 adapters:
[2024.09.02-13.18.45:937][  0]LogD3D11RHI:    0. 'AMD Radeon RX 7900 XTX' (Feature Level 11_0)
[2024.09.02-13.18.45:937][  0]LogD3D11RHI:       24515/0/15953 MB DedicatedVideo/DedicatedSystem/SharedSystem, Outputs:2, VendorId:0x1002
[2024.09.02-13.18.46:056][  0]LogD3D11RHI:    1. 'AMD Radeon(TM) Graphics' (Feature Level 11_0)
[2024.09.02-13.18.46:057][  0]LogD3D11RHI:       485/0/15953 MB DedicatedVideo/DedicatedSystem/SharedSystem, Outputs:0, VendorId:0x1002
[2024.09.02-13.18.46:068][  0]LogD3D11RHI:    2. 'Microsoft Basic Render Driver' (Feature Level 11_0)
[2024.09.02-13.18.46:068][  0]LogD3D11RHI:       0/0/15953 MB DedicatedVideo/DedicatedSystem/SharedSystem, Outputs:0, VendorId:0x1414
[2024.09.02-13.18.46:068][  0]LogD3D11RHI: Chosen D3D11 Adapter:
[2024.09.02-13.18.46:069][  0]LogD3D11RHI:     Description : AMD Radeon RX 7900 XTX
[2024.09.02-13.18.46:069][  0]LogD3D11RHI:     VendorId    : 1002
[2024.09.02-13.18.46:069][  0]LogD3D11RHI:     DeviceId    : 744c
[2024.09.02-13.18.46:069][  0]LogD3D11RHI:     SubSysId    : e3b1002
[2024.09.02-13.18.46:069][  0]LogD3D11RHI:     Revision    : 00c8
[2024.09.02-13.18.46:069][  0]LogD3D11RHI:     DedicatedVideoMemory : 25706012672 bytes
[2024.09.02-13.18.46:069][  0]LogD3D11RHI:     DedicatedSystemMemory : 0 bytes
[2024.09.02-13.18.46:070][  0]LogD3D11RHI:     SharedSystemMemory : 16728580096 bytes
[2024.09.02-13.18.46:070][  0]LogD3D11RHI:     AdapterLuid : 0 70101
[2024.09.02-13.18.46:087][  0]LogD3D11RHI: Creating new Direct3DDevice
[2024.09.02-13.18.46:087][  0]LogD3D11RHI:     GPU DeviceId: 0x744c (for the marketing name, search the web for "GPU Device Id")
[2024.09.02-13.18.46:087][  0]LogWindows: EnumDisplayDevices:
[2024.09.02-13.18.46:088][  0]LogWindows:    0. 'AMD Radeon RX 7900 XTX' (P:1 D:1)
[2024.09.02-13.18.46:089][  0]LogWindows:    1. 'AMD Radeon RX 7900 XTX' (P:0 D:1)
[2024.09.02-13.18.46:090][  0]LogWindows:    2. 'AMD Radeon RX 7900 XTX' (P:0 D:0)
[2024.09.02-13.18.46:091][  0]LogWindows:    3. 'AMD Radeon RX 7900 XTX' (P:0 D:0)
[2024.09.02-13.18.46:092][  0]LogWindows:    4. 'AMD Radeon RX 7900 XTX' (P:0 D:0)
[2024.09.02-13.18.46:093][  0]LogWindows:    5. 'AMD Radeon(TM) Graphics' (P:0 D:0)
[2024.09.02-13.18.46:094][  0]LogWindows:    6. 'AMD Radeon(TM) Graphics' (P:0 D:0)
[2024.09.02-13.18.46:095][  0]LogWindows:    7. 'AMD Radeon(TM) Graphics' (P:0 D:0)
[2024.09.02-13.18.46:096][  0]LogWindows:    8. 'AMD Radeon(TM) Graphics' (P:0 D:0)
[2024.09.02-13.18.46:097][  0]LogWindows:    9. 'AMD Radeon(TM) Graphics' (P:0 D:0)
[2024.09.02-13.18.46:098][  0]LogWindows: DebugString: PrimaryIsNotTheChoosenAdapter PrimaryIsNotTheChoosenAdapter PrimaryIsNotTheChoosenAdapter PrimaryIsNotTheChoosenAdapter PrimaryIsNotTheChoosenAdapter FoundDriverCount:5 
[2024.09.02-13.18.46:098][  0]LogD3D11RHI:     Adapter Name: AMD Radeon RX 7900 XTX
[2024.09.02-13.18.46:098][  0]LogD3D11RHI:   Driver Version: AMD Software: Adrenalin Edition 23.8.1 (internal:31.0.21029.1006, unified:31.0.21029.1006)
[2024.09.02-13.18.46:098][  0]LogD3D11RHI:      Driver Date: 8-14-2023
[2024.09.02-13.18.46:099][  0]LogRHI: Texture pool is 16623 MB (70% of 23747 MB)
[2024.09.02-13.18.46:178][  0]LogD3D11RHI: Creating D3DDevice with AMD AGS, using adapter:
[2024.09.02-13.18.46:178][  0]LogD3D11RHI:     Description : AMD Radeon RX 7900 XTX
[2024.09.02-13.18.46:178][  0]LogD3D11RHI:     VendorId    : 1002
[2024.09.02-13.18.46:178][  0]LogD3D11RHI:     DeviceId    : 744c
[2024.09.02-13.18.46:179][  0]LogD3D11RHI:     SubSysId    : e3b1002
[2024.09.02-13.18.46:179][  0]LogD3D11RHI:     Revision    : 00c8
[2024.09.02-13.18.46:179][  0]LogD3D11RHI:     DedicatedVideoMemory : 25706012672 bytes
[2024.09.02-13.18.46:179][  0]LogD3D11RHI:     DedicatedSystemMemory : 0 bytes
[2024.09.02-13.18.46:179][  0]LogD3D11RHI:     SharedSystemMemory : 16728580096 bytes
[2024.09.02-13.18.46:179][  0]LogD3D11RHI:     AdapterLuid : 0 70101
[2024.09.02-13.18.46:304][  0]LogD3D11RHI: Created device via AGS, feature level 11_0, supported extensions 1fffffbf.
[2024.09.02-13.18.46:304][  0]LogD3D11RHI: RHI has support for 64 bit atomics
[2024.09.02-13.18.46:304][  0]LogD3D11RHI: Async texture creation enabled
[2024.09.02-13.18.46:304][  0]LogD3D11RHI: Array index from any shader is supported
[2024.09.02-13.18.46:668][  0]LogD3D11RHI: GPU Timing Frequency: 100.000000 (Debug: 2 1)
[2024.09.02-13.18.47:138][  0]LogTargetPlatformManager: Display: Loaded TargetPlatform 'AllDesktop'
[2024.09.02-13.18.47:185][  0]LogTargetPlatformManager: Display: Loaded TargetPlatform 'Android'
[2024.09.02-13.18.47:185][  0]LogTargetPlatformManager: Display: Loaded TargetPlatform 'Android_ASTC'
[2024.09.02-13.18.47:185][  0]LogTargetPlatformManager: Display: Loaded TargetPlatform 'Android_DXT'
[2024.09.02-13.18.47:186][  0]LogTargetPlatformManager: Display: Loaded TargetPlatform 'Android_ETC2'
[2024.09.02-13.18.47:186][  0]LogTargetPlatformManager: Display: Loaded TargetPlatform 'AndroidClient'
[2024.09.02-13.18.47:186][  0]LogTargetPlatformManager: Display: Loaded TargetPlatform 'Android_ASTCClient'
[2024.09.02-13.18.47:186][  0]LogTargetPlatformManager: Display: Loaded TargetPlatform 'Android_DXTClient'
[2024.09.02-13.18.47:186][  0]LogTargetPlatformManager: Display: Loaded TargetPlatform 'Android_ETC2Client'
[2024.09.02-13.18.47:186][  0]LogTargetPlatformManager: Display: Loaded TargetPlatform 'Android_Multi'
[2024.09.02-13.18.47:186][  0]LogTargetPlatformManager: Display: Loaded TargetPlatform 'Android_MultiClient'
[2024.09.02-13.18.47:249][  0]LogTargetPlatformManager: Display: Loaded TargetPlatform 'IOSClient'
[2024.09.02-13.18.47:249][  0]LogTargetPlatformManager: Display: Loaded TargetPlatform 'IOS'
[2024.09.02-13.18.47:273][  0]LogTargetPlatformManager: Display: Loaded TargetPlatform 'Linux'
[2024.09.02-13.18.47:286][  0]LogTargetPlatformManager: Display: Loaded TargetPlatform 'LinuxNoEditor'
[2024.09.02-13.18.47:317][  0]LogTargetPlatformManager: Display: Loaded TargetPlatform 'LinuxClient'
[2024.09.02-13.18.47:378][  0]LogTargetPlatformManager: Display: Loaded TargetPlatform 'LinuxServer'
[2024.09.02-13.18.47:458][  0]LogTargetPlatformManager: Display: Loaded TargetPlatform 'LinuxAArch64NoEditor'
[2024.09.02-13.18.47:507][  0]LogTargetPlatformManager: Display: Loaded TargetPlatform 'LinuxAArch64Client'
[2024.09.02-13.18.47:541][  0]LogTargetPlatformManager: Display: Loaded TargetPlatform 'LinuxAArch64Server'
[2024.09.02-13.18.47:627][  0]LogTargetPlatformManager: Display: Loaded TargetPlatform 'Lumin'
[2024.09.02-13.18.47:627][  0]LogTargetPlatformManager: Display: Loaded TargetPlatform 'LuminClient'
[2024.09.02-13.18.47:735][  0]LogTargetPlatformManager: Display: Loaded TargetPlatform 'MacNoEditor'
[2024.09.02-13.18.47:761][  0]LogTargetPlatformManager: Display: Loaded TargetPlatform 'Mac'
[2024.09.02-13.18.47:777][  0]LogTargetPlatformManager: Display: Loaded TargetPlatform 'MacClient'
[2024.09.02-13.18.47:796][  0]LogTargetPlatformManager: Display: Loaded TargetPlatform 'MacServer'
[2024.09.02-13.18.47:945][  0]LogTargetPlatformManager: Display: Loaded TargetPlatform 'TVOSClient'
[2024.09.02-13.18.47:945][  0]LogTargetPlatformManager: Display: Loaded TargetPlatform 'TVOS'
[2024.09.02-13.18.48:032][  0]LogTargetPlatformManager: Display: Loaded TargetPlatform 'WindowsNoEditor'
[2024.09.02-13.18.48:076][  0]LogTargetPlatformManager: Display: Loaded TargetPlatform 'Windows'
[2024.09.02-13.18.48:090][  0]LogTargetPlatformManager: Display: Loaded TargetPlatform 'WindowsClient'
[2024.09.02-13.18.48:103][  0]LogTargetPlatformManager: Display: Loaded TargetPlatform 'WindowsServer'
[2024.09.02-13.18.48:103][  0]LogTargetPlatformManager: Display: Building Assets For Windows
[2024.09.02-13.18.48:354][  0]LogAudioDebug: Display: Lib vorbis DLL was dynamically loaded.
[2024.09.02-13.18.48:810][  0]LogTextureFormatOodle: Display: Oodle Texture 2.9.0 init RDO Off
[2024.09.02-13.18.49:493][  0]LogRendererCore: Ray tracing is disabled. Reason: r.RayTracing=0.
[2024.09.02-13.18.49:783][  0]LogShaderCompilers: Guid format shader working directory is -20 characters bigger than the processId version (../../../../../Users/nanim/GitHub/NewNewInsectHeaven/InsectHeaven/Intermediate/Shaders/WorkingDirectory/10208/).
[2024.09.02-13.18.49:784][  0]LogShaderCompilers: Cleaned the shader compiler working directory 'C:/Users/nanim/AppData/Local/Temp/UnrealShaderWorkingDir/4B9C17EB40E2327AD9AD30A2F7D8FA87/'.
[2024.09.02-13.18.49:786][  0]LogXGEController: Cannot use XGE Controller as Incredibuild is not installed on this machine.
[2024.09.02-13.18.49:786][  0]LogShaderCompilers: Cannot use XGE Shader Compiler as Incredibuild is not installed on this machine.
[2024.09.02-13.18.49:787][  0]LogShaderCompilers: Display: Using Local Shader Compiler.
[2024.09.02-13.18.54:169][  0]LogDerivedDataCache: Display: Max Cache Size: 512 MB
[2024.09.02-13.18.54:918][  0]LogDerivedDataCache: Loaded boot cache 0.75s 96MB C:/Users/nanim/AppData/Local/UnrealEngine/4.27/DerivedDataCache/Boot.ddc.
[2024.09.02-13.18.54:918][  0]LogDerivedDataCache: Display: Loaded Boot cache: C:/Users/nanim/AppData/Local/UnrealEngine/4.27/DerivedDataCache/Boot.ddc
[2024.09.02-13.18.54:918][  0]LogDerivedDataCache: FDerivedDataBackendGraph:  Pak pak cache file ../../../../../Users/nanim/GitHub/NewNewInsectHeaven/InsectHeaven/DerivedDataCache/DDC.ddp not found, will not use a pak cache.
[2024.09.02-13.18.54:918][  0]LogDerivedDataCache: Unable to find inner node Pak for hierarchical cache Hierarchy.
[2024.09.02-13.18.54:918][  0]LogDerivedDataCache: FDerivedDataBackendGraph:  CompressedPak pak cache file ../../../../../Users/nanim/GitHub/NewNewInsectHeaven/InsectHeaven/DerivedDataCache/Compressed.ddp not found, will not use a pak cache.
[2024.09.02-13.18.54:918][  0]LogDerivedDataCache: Unable to find inner node CompressedPak for hierarchical cache Hierarchy.
[2024.09.02-13.18.54:988][  0]LogDerivedDataCache: Display: Pak cache opened for reading ../../../Engine/DerivedDataCache/Compressed.ddp.
[2024.09.02-13.18.54:988][  0]LogDerivedDataCache: FDerivedDataBackendGraph:  EnterprisePak pak cache file ../../../Enterprise/DerivedDataCache/Compressed.ddp not found, will not use a pak cache.
[2024.09.02-13.18.54:988][  0]LogDerivedDataCache: Unable to find inner node EnterprisePak for hierarchical cache Hierarchy.
[2024.09.02-13.18.55:544][  0]LogDerivedDataCache: Speed tests for C:/Users/nanim/AppData/Local/UnrealEngine/Common/DerivedDataCache took 0.55 seconds
[2024.09.02-13.18.55:544][  0]LogDerivedDataCache: Display: Performance to C:/Users/nanim/AppData/Local/UnrealEngine/Common/DerivedDataCache: Latency=7.71ms. RandomReadSpeed=2.05MBs, RandomWriteSpeed=116.03MBs. Assigned SpeedClass 'Fast'
[2024.09.02-13.18.55:545][  0]LogDerivedDataCache: Using Local data cache path C:/Users/nanim/AppData/Local/UnrealEngine/Common/DerivedDataCache: Writable
[2024.09.02-13.18.55:546][  0]LogDerivedDataCache: Shared data cache path not found in *engine.ini, will not use an Shared cache.
[2024.09.02-13.18.55:546][  0]LogDerivedDataCache: Unable to find inner node Shared for hierarchical cache Hierarchy.
[2024.09.02-13.18.55:842][  0]LogSlate: Using FreeType 2.10.0
[2024.09.02-13.18.55:945][  0]LogSlate: SlateFontServices - WITH_FREETYPE: 1, WITH_HARFBUZZ: 1
[2024.09.02-13.18.57:407][  0]LogAssetRegistry: FAssetRegistry took 0.0183 seconds to start up
[2024.09.02-13.19.29:515][  0]LogInit: Selected Device Profile: [Windows]
[2024.09.02-13.19.29:516][  0]LogInit: Active device profile: [000002A243904700][000002A23BFC56C0 49] Windows
[2024.09.02-13.19.29:516][  0]LogInit: Profiles: [000002A243904700][000002A23BFC56C0 49] Windows, [000002A2438BF700][000002A23BFCD840 49] WindowsNoEditor, [000002A243907300][000002A23BFD19C0 49] WindowsServer, [000002A2438BCF00][000002A240FB7B40 49] WindowsClient, [000002A243907500][000002A240FBA140 49] IOS, [000002A24389FF00][000002A240FBE2C0 49] iPadAir, [000002A2438BFB00][000002A240FC2440 49] iPadAir2, [000002A243854500][000002A240FCA700 49] IPadPro, [000002A243854600][000002A240FC6740 49] iPadAir3, [000002A24389C100][000002A23BFC8880 49] iPadAir4, [000002A243856C00][000002A240FCE9C0 49] iPadMini2, [000002A24389E500][000002A240FD2B00 49] iPadMini3, [000002A243857400][000002A240FDAC80 49] iPadMini4, [000002A24389CF00][000002A23BC78E00 49] iPadMini5, [000002A243853E00][000002A23BC810C0 49] iPhone6, [000002A243853F00][000002A23BC7D100 49] iPodTouch6, [000002A243907900][000002A23BC893C0 49] iPhone7, [000002A243906100][000002A23BC85400 49] iPodTouch7, [000002A243850400][000002A23BC8D580 49] iPhone5S, [000002A243857D00][000002A23BC91700 49] iPhone6Plus, [000002A243907400][000002A23BC95880 49] iPhone6S, [000002A243856000][000002A23BC99A00 49] iPhone6SPlus, [000002A243904900][000002A23BC9DB80 49] iPhone7Plus, [000002A243854E00][000002A23BCA0180 49] iPhoneSE, [000002A243907100][000002A23BCA4300 49] iPhone8, [000002A243856400][000002A23BCA8480 49] iPhone8Plus, [000002A243907A00][000002A23BCAC600 49] iPhoneX, [000002A243857E00][000002A23BCB0780 49] iPhoneXS, [000002A243905500][000002A23BCB4900 49] iPhoneXSMax, [000002A243856500][000002A240FD6A40 49] iPhoneXR, [000002A243906A00][000002A23BCB8B80 49] iPhone11, [000002A243857A00][000002A23BCBCCC0 49] iPhone11Pro, [000002A243904F00][000002A242550E40 49] iPhone11ProMax, [000002A243856300][000002A242554FC0 49] iPhoneSE2, [000002A243905700][000002A242559140 49] iPhone12Mini, [000002A243854700][000002A24255D2C0 49] iPhone12, [000002A243904300][000002A242561440 49] iPhone12Pro, [000002A243857500][000002A2425655C0 49] iPhone12ProMax, [000002A243904B00][000002A242569740 49] iPadPro105, [000002A243855B00][000002A24256D8C0 49] iPadPro129, [000002A243904200][000002A242571A40 49] iPadPro97, [000002A243856100][000002A242575BC0 49] iPadPro2_129, [000002A243904D00][000002A2425781C0 49] iPad5, [000002A243857000][000002A24257C340 49] iPad6, [000002A243906C00][000002A2425804C0 49] iPad7, [000002A243856E00][000002A242584640 49] iPad8, [000002A243905900][000002A2425887C0 49] iPadPro11, [000002A243857F00][000002A24258C940 49] iPadPro2_11, [000002A243905600][000002A242590AC0 49] iPadPro3_129, [000002A243856700][000002A23BCC0C00 49] iPadPro4_129, [000002A243906600][000002A242594D40 49] AppleTV, [000002A243856B00][000002A242598E80 49] AppleTV4K, [000002A243905B00][000002A24259CFC0 49] TVOS, [000002A243854900][000002A2425A5140 49] Mac, [000002A243906700][000002A2425A92C0 49] MacClient, [000002A243856F00][000002A2425AD440 49] MacNoEditor, [000002A243907B00][000002A2425B15C0 49] MacServer, [000002A243854400][000002A2425B5740 49] Linux, [000002A243906E00][000002A2425B98C0 49] LinuxAArch64, [000002A243855500][000002A2425BDA40 49] LinuxNoEditor, [000002A243906B00][000002A2425C1BC0 49] LinuxAArch64NoEditor, [000002A243857600][000002A2425C41C0 49] LinuxClient, [000002A243906D00][000002A2425C8340 49] LinuxAArch64Client, [000002A243854B00][000002A2425CC4C0 49] LinuxServer, [000002A243904400][000002A2425D0640 49] LinuxAArch64Server, [000002A243857C00][000002A2425D47C0 49] Android, [000002A24389FA00][000002A2425D8940 49] Android_Low, [000002A243851B00][000002A2425DCAC0 49] Android_Mid, [000002A24389F000][000002A2425E0C40 49] Android_High, [000002A243852300][000002A2425A0D80 49] Android_Default, [000002A24389E000][000002A2425E4EC0 49] Android_Adreno4xx, [000002A243850100][000002A2425E9000 49] Android_Adreno5xx_Low, [000002A24389CB00][000002A2425ED140 49] Android_Adreno5xx, [000002A243851800][000002A2425F52C0 49] Android_Adreno6xx, [000002A24389D100][000002A2425F9440 49] Android_Adreno6xx_Vulkan, [000002A243850800][000002A2425FD5C0 49] Android_Mali_T6xx, [000002A24389F600][000002A242601740 49] Android_Mali_T7xx, [000002A243850D00][000002A2426058C0 49] Android_Mali_T8xx, [000002A24389FC00][000002A242609A40 49] Android_Mali_G71, [000002A243851500][000002A24260DBC0 49] Android_Mali_G72, [000002A24389FE00][000002A2426101C0 49] Android_Mali_G72_Vulkan, [000002A243853D00][000002A242614340 49] Android_Mali_G76, [000002A24389F900][000002A2426184C0 49] Android_Mali_G76_Vulkan, [000002A243853600][000002A24261C640 49] Android_Mali_G77, [000002A24389E200][000002A2426207C0 49] Android_Mali_G77_Vulkan, [000002A243853800][000002A242624940 49] Android_Mali_G78, [000002A24389CA00][000002A242628AC0 49] Android_Mali_G78_Vulkan, [000002A243853400][000002A24262CC40 49] Android_Mali_G710, [000002A24389D400][000002A242630DC0 49] Android_Mali_G710_Vulkan, [000002A243850600][000002A242634F40 49] Android_Vulkan_SM5, [000002A24389E400][000002A2425F1080 49] Android_PowerVR_G6xxx, [000002A243850E00][000002A2426391C0 49] Android_PowerVR_GT7xxx, [000002A24389C200][000002A24263D300 49] Android_PowerVR_GE8xxx, [000002A243850700][000002A242645480 49] Android_PowerVR_GM9xxx, [000002A24389E100][000002A242649600 49] Android_PowerVR_GM9xxx_Vulkan, [000002A243856600][000002A24264D780 49] Android_TegraK1, [000002A24389EA00][000002A244771900 49] Android_Unknown_Vulkan, [000002A243855400][000002A244775A80 49] Lumin, [000002A24389D300][000002A244779C00 49] Lumin_Desktop, [000002A243854C00][000002A24477C200 49] HoloLens, 
[2024.09.02-13.19.37:307][  0]LogMeshReduction: Using QuadricMeshReduction for automatic static mesh reduction
[2024.09.02-13.19.37:308][  0]LogMeshReduction: Using SimplygonMeshReduction for automatic skeletal mesh reduction
[2024.09.02-13.19.37:308][  0]LogMeshReduction: Using ProxyLODMeshReduction for automatic mesh merging
[2024.09.02-13.19.37:308][  0]LogMeshReduction: No distributed automatic mesh merging module available
[2024.09.02-13.19.37:308][  0]LogMeshMerging: No distributed automatic mesh merging module available
[2024.09.02-13.19.40:745][  0]LogNetVersion: InsectHeaven 1.0.0, NetCL: 17155196, EngineNetVer: 17, GameNetVer: 0 (Checksum: 3375795940)
[2024.09.02-13.20.06:317][  0]LogTexture: Default maximum texture size for cubemaps generated from long-lat sources has been changed from 512 to unlimited. In order to preserve old behaiour for '/Engine/MapTemplates/Sky/DaylightAmbientCubemap.DaylightAmbientCubemap', its maximum texture size has been explicitly set to 512.
[2024.09.02-13.20.07:267][  0]LogHMD: PokeAHoleMaterial loaded successfully
[2024.09.02-13.20.07:790][  0]LogUObjectArray: 17178 objects as part of root set at end of initial load.
[2024.09.02-13.20.07:790][  0]LogUObjectAllocator: 4302048 out of 0 bytes used by permanent object pool.
[2024.09.02-13.20.07:790][  0]LogUObjectArray: CloseDisregardForGC: 0/0 objects in disregard for GC pool
[2024.09.02-13.20.24:945][  0]LogNiagaraDebuggerClient: Niagara Debugger Client Initialized | Session: 26B136ED4732A69920D01793CCEBC68F | Instance: 37903FBC4239AF74F6AD048950AB9C4A (DESKTOP-NS5ONMH-10208).
[2024.09.02-13.20.29:303][  0]LogPython: Using Python 3.7.7
[2024.09.02-13.20.35:491][  0]LogTcpMessaging: Initializing TcpMessaging bridge
[2024.09.02-13.20.35:726][  0]LogUdpMessaging: Initializing bridge on interface 0.0.0.0:0 to multicast group 230.0.0.1:6666.
[2024.09.02-13.20.43:294][  0]SourceControl: 소스 컨트롤이 꺼졌습니다.
[2024.09.02-13.20.43:295][  0]SourceControl: 소스 컨트롤이 꺼졌습니다.
[2024.09.02-13.20.43:485][  0]SourceControl: 소스 컨트롤이 꺼졌습니다.
[2024.09.02-13.20.43:512][  0]SourceControl: 소스 컨트롤이 꺼졌습니다.
[2024.09.02-13.20.43:639][  0]SourceControl: 소스 컨트롤이 꺼졌습니다.
[2024.09.02-13.20.43:688][  0]LogUProjectInfo: Found projects:
[2024.09.02-13.20.44:087][  0]LogOpenImageDenoise: OIDN starting up
[2024.09.02-13.20.44:654][  0]LogAndroidPermission: UAndroidPermissionCallbackProxy::GetInstance
[2024.09.02-13.20.44:777][  0]LogAudioCaptureCore: Display: No Audio Capture implementations found. Audio input will be silent.
[2024.09.02-13.20.44:777][  0]LogAudioCaptureCore: Display: No Audio Capture implementations found. Audio input will be silent.
[2024.09.02-13.20.45:413][  0]LogCollectionManager: Loaded 0 collections in 0.001487 seconds
[2024.09.02-13.20.45:674][  0]LogFileCache: Scanning file cache for directory 'C:/Users/nanim/GitHub/NewNewInsectHeaven/InsectHeaven/Saved/Collections/' took 0.02s
[2024.09.02-13.20.45:674][  0]LogFileCache: Scanning file cache for directory 'C:/Users/nanim/GitHub/NewNewInsectHeaven/InsectHeaven/Content/Developers/nanim/Collections/' took 0.00s
[2024.09.02-13.20.45:675][  0]LogFileCache: Scanning file cache for directory 'C:/Users/nanim/GitHub/NewNewInsectHeaven/InsectHeaven/Content/Collections/' took 0.00s
[2024.09.02-13.20.45:675][  0]LogOcInput: OculusInput pre-init called
[2024.09.02-13.20.46:493][  0]LogClass: Display: IntProperty FCharacter_2D::Name is not initialized properly. Module:InsectHeaven File:Table/DataStruct/Character_2D.h
[2024.09.02-13.20.46:493][  0]LogClass: Display: IntProperty FCharacter_2D::ImageID is not initialized properly. Module:InsectHeaven File:Table/DataStruct/Character_2D.h
[2024.09.02-13.20.46:494][  0]LogClass: Warning: ObjectProperty FDialogueClip::formerAction is not initialized properly. Module:InsectHeaven File:Library/Dialogue/DialogueEditToolWidget.h
[2024.09.02-13.20.46:494][  0]LogClass: Warning: ObjectProperty FDialogueClip::nowAction is not initialized properly. Module:InsectHeaven File:Library/Dialogue/DialogueEditToolWidget.h
[2024.09.02-13.20.46:494][  0]LogClass: Display: IntProperty FResource_Widget::PathFile is not initialized properly. Module:InsectHeaven File:Table/DataStruct/Resource_Widget.h
[2024.09.02-13.20.46:494][  0]LogClass: Display: IntProperty FScript_Local::Test is not initialized properly. Module:InsectHeaven File:Table/DataStruct/Script_Local.h
[2024.09.02-13.20.46:495][  0]LogClass: Display: 6 Uninitialized script struct members found including 2 object properties
[2024.09.02-13.20.46:524][  0]LogAutomationTest: Warning: ObjectProperty FDialogueClip::formerAction is not initialized properly. Module:InsectHeaven File:Library/Dialogue/DialogueEditToolWidget.h
[2024.09.02-13.20.46:524][  0]LogAutomationTest: Warning: ObjectProperty FDialogueClip::nowAction is not initialized properly. Module:InsectHeaven File:Library/Dialogue/DialogueEditToolWidget.h
[2024.09.02-13.20.46:625][  0]LogEngine: Initializing Engine...
[2024.09.02-13.20.46:850][  0]LogHMD: Failed to enumerate extensions. Please check that you have a valid OpenXR runtime installed.
[2024.09.02-13.20.46:851][  0]LogHMD: Failed to initialize OpenVR with code 110
[2024.09.02-13.20.46:851][  0]LogMagicLeap: Warning: VR disabled because ZI is not enabled.  To enable, in the editor, Edit -> Project Settings -> Plugins -> Magic Leap Plugin -> Enable Zero Iteration
[2024.09.02-13.20.46:868][  0]LogStats: UGameplayTagsManager::InitializeManager -  0.000 s
[2024.09.02-13.20.47:013][  0]LogInit: Initializing FReadOnlyCVARCache
[2024.09.02-13.20.47:349][  0]LogAIModule: Creating AISystem for world Untitled
[2024.09.02-13.20.47:417][  0]LogAudio: Display: Initializing Audio Device Manager...
[2024.09.02-13.20.47:441][  0]LogAudio: Display: Loading Default Audio Settings Objects...
[2024.09.02-13.20.47:442][  0]LogAudio: Display: No default SoundConcurrencyObject specified (or failed to load).
[2024.09.02-13.20.47:470][  0]LogAudio: Display: Audio Device Manager Initialized
[2024.09.02-13.20.47:470][  0]LogAudio: Display: Creating Audio Device:                 Id: 1, Scope: Shared, Realtime: True
[2024.09.02-13.20.47:516][  0]LogAudioMixer: Display: Audio Mixer Platform Settings:
[2024.09.02-13.20.47:516][  0]LogAudioMixer: Display: 	Sample Rate:						  48000
[2024.09.02-13.20.47:516][  0]LogAudioMixer: Display: 	Callback Buffer Frame Size Requested: 1024
[2024.09.02-13.20.47:516][  0]LogAudioMixer: Display: 	Callback Buffer Frame Size To Use:	  1024
[2024.09.02-13.20.47:517][  0]LogAudioMixer: Display: 	Number of buffers to queue:			  2
[2024.09.02-13.20.47:517][  0]LogAudioMixer: Display: 	Max Channels (voices):				  32
[2024.09.02-13.20.47:517][  0]LogAudioMixer: Display: 	Number of Async Source Workers:		  0
[2024.09.02-13.20.47:517][  0]LogAudio: Display: AudioDevice MaxSources: 32
[2024.09.02-13.20.47:542][  0]LogAudio: Display: Audio Spatialization Plugin: None (built-in).
[2024.09.02-13.20.47:542][  0]LogAudio: Display: Audio Reverb Plugin: None (built-in).
[2024.09.02-13.20.47:542][  0]LogAudio: Display: Audio Occlusion Plugin: None (built-in).
[2024.09.02-13.20.47:542][  0]LogAudioMixer: Display: Initializing audio mixer.
[2024.09.02-13.20.47:660][  0]LogAudioMixer: Display: 0: FrontLeft
[2024.09.02-13.20.47:661][  0]LogAudioMixer: Display: 1: FrontRight
[2024.09.02-13.20.47:784][  0]LogAudioMixer: Display: Using Audio Device 스피커(ABKO N550)
[2024.09.02-13.20.47:788][  0]LogAudioMixer: Display: Initializing Sound Submixes...
[2024.09.02-13.20.47:790][  0]LogAudioMixer: Display: Creating Master Submix 'MasterSubmixDefault'
[2024.09.02-13.20.47:791][  0]LogAudioMixer: Display: Creating Master Submix 'MasterReverbSubmixDefault'
[2024.09.02-13.20.47:792][  0]LogAudioMixer: Display: Creating Master Submix 'MasterEQSubmixDefault'
[2024.09.02-13.20.47:792][  0]LogAudioMixer: FMixerPlatformXAudio2::StartAudioStream() called
[2024.09.02-13.20.47:792][  0]LogAudioMixer: Display: Output buffers initialized: Frames=1024, Channels=2, Samples=2048
[2024.09.02-13.20.47:793][  0]LogAudioMixer: Display: Starting AudioMixerPlatformInterface::RunInternal()
[2024.09.02-13.20.47:793][  0]LogAudioMixer: Display: FMixerPlatformXAudio2::SubmitBuffer() called for the first time
[2024.09.02-13.20.47:794][  0]LogInit: FAudioDevice initialized.
[2024.09.02-13.20.47:794][  0]LogAudio: Display: Audio Device (ID: 1) registered with world 'Untitled'.
[2024.09.02-13.20.47:794][  0]LogNetVersion: Set ProjectVersion to 1.0.0.0. Version Checksum will be recalculated on next use.
[2024.09.02-13.20.48:038][  0]LogDerivedDataCache: Saved boot cache 0.24s 96MB C:/Users/nanim/AppData/Local/UnrealEngine/4.27/DerivedDataCache/Boot.ddc.
[2024.09.02-13.20.48:038][  0]LogInit: Texture streaming: Enabled
[2024.09.02-13.20.48:246][  0]LogAnalytics: Display: [UEEditor.Rocket.Release] APIServer = https://datarouter.ol.epicgames.com/. AppVersion = 4.27.2-18319896+++UE4+Release-4.27
[2024.09.02-13.20.48:263][  0]LogEngineSessionManager: EngineSessionManager initialized
[2024.09.02-13.20.48:263][  0]LogEditorSessionSummary: Verbose: Initializing EditorSessionSummaryWriter for editor session tracking
[2024.09.02-13.20.48:306][  0]LogEditorSessionSummary: EditorSessionSummaryWriter initialized
[2024.09.02-13.20.50:967][  0]LogInit: Transaction tracking system initialized
[2024.09.02-13.20.52:427][  0]BlueprintLog: New page: 에디터 로드
[2024.09.02-13.20.53:549][  0]LocalizationService: 현지화 서비스가 비활성화되었습니다.
[2024.09.02-13.20.54:048][  0]TimingProfiler: Initialize
[2024.09.02-13.20.54:050][  0]TimingProfiler: OnSessionChanged
[2024.09.02-13.20.54:050][  0]LoadingProfiler: Initialize
[2024.09.02-13.20.54:050][  0]LoadingProfiler: OnSessionChanged
[2024.09.02-13.20.54:051][  0]NetworkingProfiler: Initialize
[2024.09.02-13.20.54:051][  0]NetworkingProfiler: OnSessionChanged
[2024.09.02-13.20.54:051][  0]MemoryProfiler: Initialize
[2024.09.02-13.20.54:051][  0]MemoryProfiler: OnSessionChanged
[2024.09.02-13.20.55:475][  0]LogCook: Display: CookSettings for Memory: MemoryMaxUsedVirtual 0MiB, MemoryMaxUsedPhysical 16384MiB, MemoryMinFreeVirtual 0MiB, MemoryMinFreePhysical 1024MiB
[2024.09.02-13.20.55:475][  0]LogCook: Display: Mobile HDR setting 1
[2024.09.02-13.20.55:560][  0]LogFileCache: Scanning file cache for directory 'C:/Users/nanim/GitHub/NewNewInsectHeaven/InsectHeaven/Content/' took 0.14s
[2024.09.02-13.20.58:708][  0]LogInit: Display: Engine is initialized. Leaving FEngineLoop::Init()
[2024.09.02-13.20.58:804][  0]SourceControl: 소스 컨트롤이 꺼졌습니다.
[2024.09.02-13.20.58:831][  0]LogUnrealEdMisc: Loading editor; pre map load, took 155.432
[2024.09.02-13.20.58:959][  0]Cmd: MAP LOAD FILE="../../../../../Users/nanim/GitHub/NewNewInsectHeaven/InsectHeaven/Content/Scene/EmptyMainLevel.umap" TEMPLATE=0 SHOWPROGRESS=1 FEATURELEVEL=3
[2024.09.02-13.20.59:038][  0]LightingResults: New page: 라이팅 빌드
[2024.09.02-13.20.59:148][  0]LogWorld: UWorld::CleanupWorld for Untitled, bSessionEnded=true, bCleanupResources=true
[2024.09.02-13.20.59:207][  0]LogSlate: InvalidateAllWidgets triggered.  All widgets were invalidated
[2024.09.02-13.20.59:341][  0]MapCheck: New page: 맵 체크
[2024.09.02-13.20.59:341][  0]LightingResults: New page: 라이팅 빌드
[2024.09.02-13.20.59:522][  0]LogAudio: Display: Audio Device unregistered from world 'None'.
[2024.09.02-13.20.59:730][  0]LogUObjectHash: Compacting FUObjectHashTables data took   0.53ms
[2024.09.02-13.20.59:850][  0]LogAudio: Display: Audio Device (ID: 1) registered with world 'EmptyMainLevel'.
[2024.09.02-13.20.59:851][  0]LogAIModule: Creating AISystem for world EmptyMainLevel
[2024.09.02-13.21.00:304][  0]LogEditorServer: Finished looking for orphan Actors (0.000 secs)
[2024.09.02-13.21.01:169][  0]LogUObjectHash: Compacting FUObjectHashTables data took   0.35ms
[2024.09.02-13.21.01:231][  0]Cmd: MAP CHECKDEP NOCLEARLOG
[2024.09.02-13.21.01:250][  0]MapCheck: 맵 체크 완료: 오류 0 회, 경고 0 회, 소요 시간 19.698ms.
[2024.09.02-13.21.01:251][  0]LogFileHelpers: Loading map 'EmptyMainLevel' took 2.303
[2024.09.02-13.21.01:846][  0]LogUnrealEdMisc: Total Editor Startup Time, took 158.446
[2024.09.02-13.21.02:864][  0]LogSlate: Updating window title bar state: overlay mode, drag disabled, window buttons hidden, title bar hidden
[2024.09.02-13.21.02:868][  0]LogSlate: Updating window title bar state: overlay mode, drag disabled, window buttons hidden, title bar hidden
[2024.09.02-13.21.02:871][  0]LogSlate: Updating window title bar state: overlay mode, drag disabled, window buttons hidden, title bar hidden
[2024.09.02-13.21.02:874][  0]LogSlate: Updating window title bar state: overlay mode, drag disabled, window buttons hidden, title bar hidden
[2024.09.02-13.21.03:111][  0]LogNativeClassHierarchy: Verbose: Native class hierarchy populated in 0.0069 seconds. Added 3870 classes and 945 folders.
[2024.09.02-13.21.03:181][  0]LogNativeClassHierarchy: Verbose: Native class hierarchy updated for 'WidgetCarousel' in 0.0002 seconds. Added 0 classes and 0 folders.
[2024.09.02-13.21.03:334][  0]LogPakFile: PakFile PrimaryIndexSize=187
[2024.09.02-13.21.03:335][  0]LogPakFile: PakFile PathHashIndexSize=101
[2024.09.02-13.21.03:335][  0]LogPakFile: PakFile FullDirectoryIndexSize=148
[2024.09.02-13.21.03:335][  0]LogShaderLibrary: Display: ShaderCodeLibraryPakFileMountedCallback: PakFile 'C:/Program Files/UE_4.27/FeaturePacks/FP_FirstPerson.upack' (chunk index -1, root 'root:/') mounted
[2024.09.02-13.21.03:335][  0]LogShaderLibrary: Display: ShaderCodeLibraryPakFileMountedCallback: pending pak file info (ChunkID:-1 Root:root:/ File:C:/Program Files/UE_4.27/FeaturePacks/FP_FirstPerson.upack)
[2024.09.02-13.21.03:335][  0]LogPakFile: OnPakFileMounted2Time == 0.000238
[2024.09.02-13.21.03:498][  0]LogPakFile: PakFile PrimaryIndexSize=189
[2024.09.02-13.21.03:498][  0]LogPakFile: PakFile PathHashIndexSize=101
[2024.09.02-13.21.03:498][  0]LogPakFile: PakFile FullDirectoryIndexSize=152
[2024.09.02-13.21.03:498][  0]LogShaderLibrary: Display: ShaderCodeLibraryPakFileMountedCallback: PakFile 'C:/Program Files/UE_4.27/FeaturePacks/FP_FirstPersonBP.upack' (chunk index -1, root 'root:/') mounted
[2024.09.02-13.21.03:498][  0]LogShaderLibrary: Display: ShaderCodeLibraryPakFileMountedCallback: pending pak file info (ChunkID:-1 Root:root:/ File:C:/Program Files/UE_4.27/FeaturePacks/FP_FirstPersonBP.upack)
[2024.09.02-13.21.03:498][  0]LogPakFile: OnPakFileMounted2Time == 0.000201
[2024.09.02-13.21.03:681][  0]LogPakFile: PakFile PrimaryIndexSize=191
[2024.09.02-13.21.03:681][  0]LogPakFile: PakFile PathHashIndexSize=101
[2024.09.02-13.21.03:681][  0]LogPakFile: PakFile FullDirectoryIndexSize=160
[2024.09.02-13.21.03:681][  0]LogShaderLibrary: Display: ShaderCodeLibraryPakFileMountedCallback: PakFile 'C:/Program Files/UE_4.27/FeaturePacks/MobileStarterContent.upack' (chunk index -1, root 'root:/') mounted
[2024.09.02-13.21.03:681][  0]LogShaderLibrary: Display: ShaderCodeLibraryPakFileMountedCallback: pending pak file info (ChunkID:-1 Root:root:/ File:C:/Program Files/UE_4.27/FeaturePacks/MobileStarterContent.upack)
[2024.09.02-13.21.03:681][  0]LogPakFile: OnPakFileMounted2Time == 0.000227
[2024.09.02-13.21.03:686][  0]LogPakFile: PakFile PrimaryIndexSize=185
[2024.09.02-13.21.03:686][  0]LogPakFile: PakFile PathHashIndexSize=101
[2024.09.02-13.21.03:686][  0]LogPakFile: PakFile FullDirectoryIndexSize=148
[2024.09.02-13.21.03:686][  0]LogShaderLibrary: Display: ShaderCodeLibraryPakFileMountedCallback: PakFile 'C:/Program Files/UE_4.27/FeaturePacks/StarterContent.upack' (chunk index -1, root 'root:/') mounted
[2024.09.02-13.21.03:687][  0]LogShaderLibrary: Display: ShaderCodeLibraryPakFileMountedCallback: pending pak file info (ChunkID:-1 Root:root:/ File:C:/Program Files/UE_4.27/FeaturePacks/StarterContent.upack)
[2024.09.02-13.21.03:687][  0]LogPakFile: OnPakFileMounted2Time == 0.000251
[2024.09.02-13.21.03:700][  0]LogPakFile: PakFile PrimaryIndexSize=190
[2024.09.02-13.21.03:700][  0]LogPakFile: PakFile PathHashIndexSize=101
[2024.09.02-13.21.03:700][  0]LogPakFile: PakFile FullDirectoryIndexSize=154
[2024.09.02-13.21.03:700][  0]LogShaderLibrary: Display: ShaderCodeLibraryPakFileMountedCallback: PakFile 'C:/Program Files/UE_4.27/FeaturePacks/TP_2DSideScroller.upack' (chunk index -1, root 'root:/') mounted
[2024.09.02-13.21.03:700][  0]LogShaderLibrary: Display: ShaderCodeLibraryPakFileMountedCallback: pending pak file info (ChunkID:-1 Root:root:/ File:C:/Program Files/UE_4.27/FeaturePacks/TP_2DSideScroller.upack)
[2024.09.02-13.21.03:700][  0]LogPakFile: OnPakFileMounted2Time == 0.000285
[2024.09.02-13.21.03:714][  0]LogPakFile: PakFile PrimaryIndexSize=192
[2024.09.02-13.21.03:714][  0]LogPakFile: PakFile PathHashIndexSize=101
[2024.09.02-13.21.03:714][  0]LogPakFile: PakFile FullDirectoryIndexSize=158
[2024.09.02-13.21.03:714][  0]LogShaderLibrary: Display: ShaderCodeLibraryPakFileMountedCallback: PakFile 'C:/Program Files/UE_4.27/FeaturePacks/TP_2DSideScrollerBP.upack' (chunk index -1, root 'root:/') mounted
[2024.09.02-13.21.03:714][  0]LogShaderLibrary: Display: ShaderCodeLibraryPakFileMountedCallback: pending pak file info (ChunkID:-1 Root:root:/ File:C:/Program Files/UE_4.27/FeaturePacks/TP_2DSideScrollerBP.upack)
[2024.09.02-13.21.03:714][  0]LogPakFile: OnPakFileMounted2Time == 0.000236
[2024.09.02-13.21.03:718][  0]LogPakFile: PakFile PrimaryIndexSize=182
[2024.09.02-13.21.03:718][  0]LogPakFile: PakFile PathHashIndexSize=101
[2024.09.02-13.21.03:719][  0]LogPakFile: PakFile FullDirectoryIndexSize=138
[2024.09.02-13.21.03:719][  0]LogShaderLibrary: Display: ShaderCodeLibraryPakFileMountedCallback: PakFile 'C:/Program Files/UE_4.27/FeaturePacks/TP_Flying.upack' (chunk index -1, root 'root:/') mounted
[2024.09.02-13.21.03:719][  0]LogShaderLibrary: Display: ShaderCodeLibraryPakFileMountedCallback: pending pak file info (ChunkID:-1 Root:root:/ File:C:/Program Files/UE_4.27/FeaturePacks/TP_Flying.upack)
[2024.09.02-13.21.03:719][  0]LogPakFile: OnPakFileMounted2Time == 0.000285
[2024.09.02-13.21.03:728][  0]LogPakFile: PakFile PrimaryIndexSize=184
[2024.09.02-13.21.03:728][  0]LogPakFile: PakFile PathHashIndexSize=101
[2024.09.02-13.21.03:728][  0]LogPakFile: PakFile FullDirectoryIndexSize=142
[2024.09.02-13.21.03:728][  0]LogShaderLibrary: Display: ShaderCodeLibraryPakFileMountedCallback: PakFile 'C:/Program Files/UE_4.27/FeaturePacks/TP_FlyingBP.upack' (chunk index -1, root 'root:/') mounted
[2024.09.02-13.21.03:728][  0]LogShaderLibrary: Display: ShaderCodeLibraryPakFileMountedCallback: pending pak file info (ChunkID:-1 Root:root:/ File:C:/Program Files/UE_4.27/FeaturePacks/TP_FlyingBP.upack)
[2024.09.02-13.21.03:729][  0]LogPakFile: OnPakFileMounted2Time == 0.000275
[2024.09.02-13.21.03:743][  0]LogPakFile: PakFile PrimaryIndexSize=188
[2024.09.02-13.21.03:743][  0]LogPakFile: PakFile PathHashIndexSize=101
[2024.09.02-13.21.03:743][  0]LogPakFile: PakFile FullDirectoryIndexSize=150
[2024.09.02-13.21.03:743][  0]LogShaderLibrary: Display: ShaderCodeLibraryPakFileMountedCallback: PakFile 'C:/Program Files/UE_4.27/FeaturePacks/TP_HandheldARBP.upack' (chunk index -1, root 'root:/') mounted
[2024.09.02-13.21.03:743][  0]LogShaderLibrary: Display: ShaderCodeLibraryPakFileMountedCallback: pending pak file info (ChunkID:-1 Root:root:/ File:C:/Program Files/UE_4.27/FeaturePacks/TP_HandheldARBP.upack)
[2024.09.02-13.21.03:744][  0]LogPakFile: OnPakFileMounted2Time == 0.000282
[2024.09.02-13.21.03:899][  0]LogPakFile: PakFile PrimaryIndexSize=182
[2024.09.02-13.21.03:899][  0]LogPakFile: PakFile PathHashIndexSize=101
[2024.09.02-13.21.03:899][  0]LogPakFile: PakFile FullDirectoryIndexSize=138
[2024.09.02-13.21.03:900][  0]LogShaderLibrary: Display: ShaderCodeLibraryPakFileMountedCallback: PakFile 'C:/Program Files/UE_4.27/FeaturePacks/TP_Puzzle.upack' (chunk index -1, root 'root:/') mounted
[2024.09.02-13.21.03:900][  0]LogShaderLibrary: Display: ShaderCodeLibraryPakFileMountedCallback: pending pak file info (ChunkID:-1 Root:root:/ File:C:/Program Files/UE_4.27/FeaturePacks/TP_Puzzle.upack)
[2024.09.02-13.21.03:900][  0]LogPakFile: OnPakFileMounted2Time == 0.000321
[2024.09.02-13.21.03:927][  0]LogPakFile: PakFile PrimaryIndexSize=184
[2024.09.02-13.21.03:927][  0]LogPakFile: PakFile PathHashIndexSize=101
[2024.09.02-13.21.03:927][  0]LogPakFile: PakFile FullDirectoryIndexSize=142
[2024.09.02-13.21.03:927][  0]LogShaderLibrary: Display: ShaderCodeLibraryPakFileMountedCallback: PakFile 'C:/Program Files/UE_4.27/FeaturePacks/TP_PuzzleBP.upack' (chunk index -1, root 'root:/') mounted
[2024.09.02-13.21.03:928][  0]LogShaderLibrary: Display: ShaderCodeLibraryPakFileMountedCallback: pending pak file info (ChunkID:-1 Root:root:/ File:C:/Program Files/UE_4.27/FeaturePacks/TP_PuzzleBP.upack)
[2024.09.02-13.21.03:928][  0]LogPakFile: OnPakFileMounted2Time == 0.000302
[2024.09.02-13.21.03:932][  0]LogPakFile: PakFile PrimaryIndexSize=183
[2024.09.02-13.21.03:932][  0]LogPakFile: PakFile PathHashIndexSize=101
[2024.09.02-13.21.03:932][  0]LogPakFile: PakFile FullDirectoryIndexSize=140
[2024.09.02-13.21.03:932][  0]LogShaderLibrary: Display: ShaderCodeLibraryPakFileMountedCallback: PakFile 'C:/Program Files/UE_4.27/FeaturePacks/TP_Rolling.upack' (chunk index -1, root 'root:/') mounted
[2024.09.02-13.21.03:933][  0]LogShaderLibrary: Display: ShaderCodeLibraryPakFileMountedCallback: pending pak file info (ChunkID:-1 Root:root:/ File:C:/Program Files/UE_4.27/FeaturePacks/TP_Rolling.upack)
[2024.09.02-13.21.03:933][  0]LogPakFile: OnPakFileMounted2Time == 0.000358
[2024.09.02-13.21.03:937][  0]LogPakFile: PakFile PrimaryIndexSize=185
[2024.09.02-13.21.03:937][  0]LogPakFile: PakFile PathHashIndexSize=101
[2024.09.02-13.21.03:937][  0]LogPakFile: PakFile FullDirectoryIndexSize=144
[2024.09.02-13.21.03:937][  0]LogShaderLibrary: Display: ShaderCodeLibraryPakFileMountedCallback: PakFile 'C:/Program Files/UE_4.27/FeaturePacks/TP_RollingBP.upack' (chunk index -1, root 'root:/') mounted
[2024.09.02-13.21.03:937][  0]LogShaderLibrary: Display: ShaderCodeLibraryPakFileMountedCallback: pending pak file info (ChunkID:-1 Root:root:/ File:C:/Program Files/UE_4.27/FeaturePacks/TP_RollingBP.upack)
[2024.09.02-13.21.03:937][  0]LogPakFile: OnPakFileMounted2Time == 0.000287
[2024.09.02-13.21.03:966][  0]LogPakFile: PakFile PrimaryIndexSize=188
[2024.09.02-13.21.03:967][  0]LogPakFile: PakFile PathHashIndexSize=101
[2024.09.02-13.21.03:967][  0]LogPakFile: PakFile FullDirectoryIndexSize=150
[2024.09.02-13.21.03:967][  0]LogShaderLibrary: Display: ShaderCodeLibraryPakFileMountedCallback: PakFile 'C:/Program Files/UE_4.27/FeaturePacks/TP_SideScroller.upack' (chunk index -1, root 'root:/') mounted
[2024.09.02-13.21.03:967][  0]LogShaderLibrary: Display: ShaderCodeLibraryPakFileMountedCallback: pending pak file info (ChunkID:-1 Root:root:/ File:C:/Program Files/UE_4.27/FeaturePacks/TP_SideScroller.upack)
[2024.09.02-13.21.03:967][  0]LogPakFile: OnPakFileMounted2Time == 0.000212
[2024.09.02-13.21.03:986][  0]LogPakFile: PakFile PrimaryIndexSize=190
[2024.09.02-13.21.03:986][  0]LogPakFile: PakFile PathHashIndexSize=101
[2024.09.02-13.21.03:986][  0]LogPakFile: PakFile FullDirectoryIndexSize=154
[2024.09.02-13.21.03:987][  0]LogShaderLibrary: Display: ShaderCodeLibraryPakFileMountedCallback: PakFile 'C:/Program Files/UE_4.27/FeaturePacks/TP_SideScrollerBP.upack' (chunk index -1, root 'root:/') mounted
[2024.09.02-13.21.03:987][  0]LogShaderLibrary: Display: ShaderCodeLibraryPakFileMountedCallback: pending pak file info (ChunkID:-1 Root:root:/ File:C:/Program Files/UE_4.27/FeaturePacks/TP_SideScrollerBP.upack)
[2024.09.02-13.21.03:987][  0]LogPakFile: OnPakFileMounted2Time == 0.000303
[2024.09.02-13.21.03:991][  0]LogPakFile: PakFile PrimaryIndexSize=187
[2024.09.02-13.21.03:991][  0]LogPakFile: PakFile PathHashIndexSize=101
[2024.09.02-13.21.03:991][  0]LogPakFile: PakFile FullDirectoryIndexSize=148
[2024.09.02-13.21.03:991][  0]LogShaderLibrary: Display: ShaderCodeLibraryPakFileMountedCallback: PakFile 'C:/Program Files/UE_4.27/FeaturePacks/TP_ThirdPerson.upack' (chunk index -1, root 'root:/') mounted
[2024.09.02-13.21.03:991][  0]LogShaderLibrary: Display: ShaderCodeLibraryPakFileMountedCallback: pending pak file info (ChunkID:-1 Root:root:/ File:C:/Program Files/UE_4.27/FeaturePacks/TP_ThirdPerson.upack)
[2024.09.02-13.21.03:992][  0]LogPakFile: OnPakFileMounted2Time == 0.000266
[2024.09.02-13.21.03:995][  0]LogPakFile: PakFile PrimaryIndexSize=189
[2024.09.02-13.21.03:995][  0]LogPakFile: PakFile PathHashIndexSize=101
[2024.09.02-13.21.03:995][  0]LogPakFile: PakFile FullDirectoryIndexSize=152
[2024.09.02-13.21.03:996][  0]LogShaderLibrary: Display: ShaderCodeLibraryPakFileMountedCallback: PakFile 'C:/Program Files/UE_4.27/FeaturePacks/TP_ThirdPersonBP.upack' (chunk index -1, root 'root:/') mounted
[2024.09.02-13.21.03:996][  0]LogShaderLibrary: Display: ShaderCodeLibraryPakFileMountedCallback: pending pak file info (ChunkID:-1 Root:root:/ File:C:/Program Files/UE_4.27/FeaturePacks/TP_ThirdPersonBP.upack)
[2024.09.02-13.21.03:996][  0]LogPakFile: OnPakFileMounted2Time == 0.000262
[2024.09.02-13.21.04:004][  0]LogPakFile: PakFile PrimaryIndexSize=183
[2024.09.02-13.21.04:004][  0]LogPakFile: PakFile PathHashIndexSize=101
[2024.09.02-13.21.04:004][  0]LogPakFile: PakFile FullDirectoryIndexSize=140
[2024.09.02-13.21.04:004][  0]LogShaderLibrary: Display: ShaderCodeLibraryPakFileMountedCallback: PakFile 'C:/Program Files/UE_4.27/FeaturePacks/TP_TopDown.upack' (chunk index -1, root 'root:/') mounted
[2024.09.02-13.21.04:004][  0]LogShaderLibrary: Display: ShaderCodeLibraryPakFileMountedCallback: pending pak file info (ChunkID:-1 Root:root:/ File:C:/Program Files/UE_4.27/FeaturePacks/TP_TopDown.upack)
[2024.09.02-13.21.04:004][  0]LogPakFile: OnPakFileMounted2Time == 0.000332
[2024.09.02-13.21.04:016][  0]LogPakFile: PakFile PrimaryIndexSize=185
[2024.09.02-13.21.04:016][  0]LogPakFile: PakFile PathHashIndexSize=101
[2024.09.02-13.21.04:016][  0]LogPakFile: PakFile FullDirectoryIndexSize=144
[2024.09.02-13.21.04:016][  0]LogShaderLibrary: Display: ShaderCodeLibraryPakFileMountedCallback: PakFile 'C:/Program Files/UE_4.27/FeaturePacks/TP_TopDownBP.upack' (chunk index -1, root 'root:/') mounted
[2024.09.02-13.21.04:017][  0]LogShaderLibrary: Display: ShaderCodeLibraryPakFileMountedCallback: pending pak file info (ChunkID:-1 Root:root:/ File:C:/Program Files/UE_4.27/FeaturePacks/TP_TopDownBP.upack)
[2024.09.02-13.21.04:017][  0]LogPakFile: OnPakFileMounted2Time == 0.000225
[2024.09.02-13.21.04:023][  0]LogPakFile: PakFile PrimaryIndexSize=185
[2024.09.02-13.21.04:023][  0]LogPakFile: PakFile PathHashIndexSize=101
[2024.09.02-13.21.04:023][  0]LogPakFile: PakFile FullDirectoryIndexSize=144
[2024.09.02-13.21.04:024][  0]LogShaderLibrary: Display: ShaderCodeLibraryPakFileMountedCallback: PakFile 'C:/Program Files/UE_4.27/FeaturePacks/TP_TwinStick.upack' (chunk index -1, root 'root:/') mounted
[2024.09.02-13.21.04:024][  0]LogShaderLibrary: Display: ShaderCodeLibraryPakFileMountedCallback: pending pak file info (ChunkID:-1 Root:root:/ File:C:/Program Files/UE_4.27/FeaturePacks/TP_TwinStick.upack)
[2024.09.02-13.21.04:024][  0]LogPakFile: OnPakFileMounted2Time == 0.000242
[2024.09.02-13.21.04:037][  0]LogPakFile: PakFile PrimaryIndexSize=187
[2024.09.02-13.21.04:037][  0]LogPakFile: PakFile PathHashIndexSize=101
[2024.09.02-13.21.04:037][  0]LogPakFile: PakFile FullDirectoryIndexSize=148
[2024.09.02-13.21.04:037][  0]LogShaderLibrary: Display: ShaderCodeLibraryPakFileMountedCallback: PakFile 'C:/Program Files/UE_4.27/FeaturePacks/TP_TwinStickBP.upack' (chunk index -1, root 'root:/') mounted
[2024.09.02-13.21.04:037][  0]LogShaderLibrary: Display: ShaderCodeLibraryPakFileMountedCallback: pending pak file info (ChunkID:-1 Root:root:/ File:C:/Program Files/UE_4.27/FeaturePacks/TP_TwinStickBP.upack)
[2024.09.02-13.21.04:037][  0]LogPakFile: OnPakFileMounted2Time == 0.000294
[2024.09.02-13.21.04:049][  0]LogPakFile: PakFile PrimaryIndexSize=183
[2024.09.02-13.21.04:049][  0]LogPakFile: PakFile PathHashIndexSize=101
[2024.09.02-13.21.04:049][  0]LogPakFile: PakFile FullDirectoryIndexSize=140
[2024.09.02-13.21.04:049][  0]LogShaderLibrary: Display: ShaderCodeLibraryPakFileMountedCallback: PakFile 'C:/Program Files/UE_4.27/FeaturePacks/TP_Vehicle.upack' (chunk index -1, root 'root:/') mounted
[2024.09.02-13.21.04:049][  0]LogShaderLibrary: Display: ShaderCodeLibraryPakFileMountedCallback: pending pak file info (ChunkID:-1 Root:root:/ File:C:/Program Files/UE_4.27/FeaturePacks/TP_Vehicle.upack)
[2024.09.02-13.21.04:049][  0]LogPakFile: OnPakFileMounted2Time == 0.000211
[2024.09.02-13.21.04:054][  0]LogPakFile: PakFile PrimaryIndexSize=186
[2024.09.02-13.21.04:054][  0]LogPakFile: PakFile PathHashIndexSize=101
[2024.09.02-13.21.04:054][  0]LogPakFile: PakFile FullDirectoryIndexSize=146
[2024.09.02-13.21.04:054][  0]LogShaderLibrary: Display: ShaderCodeLibraryPakFileMountedCallback: PakFile 'C:/Program Files/UE_4.27/FeaturePacks/TP_VehicleAdv.upack' (chunk index -1, root 'root:/') mounted
[2024.09.02-13.21.04:054][  0]LogShaderLibrary: Display: ShaderCodeLibraryPakFileMountedCallback: pending pak file info (ChunkID:-1 Root:root:/ File:C:/Program Files/UE_4.27/FeaturePacks/TP_VehicleAdv.upack)
[2024.09.02-13.21.04:054][  0]LogPakFile: OnPakFileMounted2Time == 0.000245
[2024.09.02-13.21.04:058][  0]LogPakFile: PakFile PrimaryIndexSize=188
[2024.09.02-13.21.04:058][  0]LogPakFile: PakFile PathHashIndexSize=101
[2024.09.02-13.21.04:059][  0]LogPakFile: PakFile FullDirectoryIndexSize=150
[2024.09.02-13.21.04:059][  0]LogShaderLibrary: Display: ShaderCodeLibraryPakFileMountedCallback: PakFile 'C:/Program Files/UE_4.27/FeaturePacks/TP_VehicleAdvBP.upack' (chunk index -1, root 'root:/') mounted
[2024.09.02-13.21.04:059][  0]LogShaderLibrary: Display: ShaderCodeLibraryPakFileMountedCallback: pending pak file info (ChunkID:-1 Root:root:/ File:C:/Program Files/UE_4.27/FeaturePacks/TP_VehicleAdvBP.upack)
[2024.09.02-13.21.04:059][  0]LogPakFile: OnPakFileMounted2Time == 0.000242
[2024.09.02-13.21.04:063][  0]LogPakFile: PakFile PrimaryIndexSize=185
[2024.09.02-13.21.04:063][  0]LogPakFile: PakFile PathHashIndexSize=101
[2024.09.02-13.21.04:063][  0]LogPakFile: PakFile FullDirectoryIndexSize=144
[2024.09.02-13.21.04:063][  0]LogShaderLibrary: Display: ShaderCodeLibraryPakFileMountedCallback: PakFile 'C:/Program Files/UE_4.27/FeaturePacks/TP_VehicleBP.upack' (chunk index -1, root 'root:/') mounted
[2024.09.02-13.21.04:063][  0]LogShaderLibrary: Display: ShaderCodeLibraryPakFileMountedCallback: pending pak file info (ChunkID:-1 Root:root:/ File:C:/Program Files/UE_4.27/FeaturePacks/TP_VehicleBP.upack)
[2024.09.02-13.21.04:063][  0]LogPakFile: OnPakFileMounted2Time == 0.000303
[2024.09.02-13.21.04:067][  0]LogPakFile: PakFile PrimaryIndexSize=192
[2024.09.02-13.21.04:068][  0]LogPakFile: PakFile PathHashIndexSize=101
[2024.09.02-13.21.04:068][  0]LogPakFile: PakFile FullDirectoryIndexSize=158
[2024.09.02-13.21.04:068][  0]LogShaderLibrary: Display: ShaderCodeLibraryPakFileMountedCallback: PakFile 'C:/Program Files/UE_4.27/FeaturePacks/TP_VirtualRealityBP.upack' (chunk index -1, root 'root:/') mounted
[2024.09.02-13.21.04:068][  0]LogShaderLibrary: Display: ShaderCodeLibraryPakFileMountedCallback: pending pak file info (ChunkID:-1 Root:root:/ File:C:/Program Files/UE_4.27/FeaturePacks/TP_VirtualRealityBP.upack)
[2024.09.02-13.21.04:068][  0]LogPakFile: OnPakFileMounted2Time == 0.000249
[2024.09.02-13.21.04:850][  0]LogNativeClassHierarchy: Verbose: Native class hierarchy updated for 'AddContentDialog' in 0.0002 seconds. Added 0 classes and 0 folders.
[2024.09.02-13.21.04:881][  0]LogNativeClassHierarchy: Verbose: Native class hierarchy updated for 'SceneOutliner' in 0.0002 seconds. Added 2 classes and 0 folders.
[2024.09.02-13.21.05:542][  0]LogSlate: Took 0.153301 seconds to synchronously load lazily loaded font '../../../Engine/Content/Slate/Fonts/Roboto-Regular.ttf' (155K)
[2024.09.02-13.21.05:617][  0]LogSlate: Took 0.059268 seconds to synchronously load lazily loaded font '../../../Engine/Content/Editor/Slate/Fonts/FontAwesome.ttf' (139K)
[2024.09.02-13.21.05:751][  0]LogSlate: Took 0.132878 seconds to synchronously load lazily loaded font '../../../Engine/Content/Editor/Slate/Fonts/NanumGothic.ttf' (4243K)
[2024.09.02-13.21.05:815][  0]LogSlate: Took 0.064264 seconds to synchronously load lazily loaded font '../../../Engine/Content/Editor/Slate/Fonts/NanumGothicBold.ttf' (4188K)
[2024.09.02-13.21.05:826][  0]LogSlate: Took 0.010617 seconds to synchronously load lazily loaded font '../../../Engine/Content/Slate/Fonts/Roboto-Bold.ttf' (160K)
[2024.09.02-13.21.06:507][  0]LogRenderer: Reallocating scene render targets to support 1288x620 Format 10 NumSamples 1 (Frame:1).
[2024.09.02-13.21.07:282][  0]LogNativeClassHierarchy: Verbose: Native class hierarchy updated for 'HierarchicalLODOutliner' in 0.0002 seconds. Added 0 classes and 0 folders.
[2024.09.02-13.21.07:282][  0]LogLoad: (Engine Initialization) Total time: 163.88 seconds
[2024.09.02-13.21.07:282][  0]LogLoad: (Engine Initialization) Total Blueprint compile time: 0.00 seconds
[2024.09.02-13.21.07:429][  0]LogAssetRegistry: Asset discovery search completed in 130.0228 seconds
[2024.09.02-13.21.07:468][  0]LogCollectionManager: Fixed up redirectors for 0 collections in 0.000007 seconds (updated 0 objects)
[2024.09.02-13.21.07:558][  0]LogContentStreaming: Texture pool size now 1000 MB
[2024.09.02-13.21.07:806][  1]LogFileCache: Retrieving MD5 hashes for directory 'C:/Users/nanim/GitHub/NewNewInsectHeaven/InsectHeaven/Content/' took 0.43s
[2024.09.02-13.21.10:514][  9]LogSlate: Took 0.026343 seconds to synchronously load lazily loaded font '../../../Engine/Content/Slate/Fonts/Roboto-Light.ttf' (167K)
[2024.09.02-13.21.23:552][306]LogAssetEditorSubsystem: Opening Asset editor for EditorUtilityWidgetBlueprint /Game/DialogueTool.DialogueTool
[2024.09.02-13.21.24:042][306]LogNativeClassHierarchy: Verbose: Native class hierarchy updated for 'BlueprintGraph' in 0.0005 seconds. Added 126 classes and 0 folders.
[2024.09.02-13.21.25:253][306]LogSlate: The tab "SequencerGraphEditor" attempted to spawn in layout 'WidgetBlueprintEditor_Designer_Layout_v4_1' but failed for some reason. An "unrecognized tab" will be returned instead.
[2024.09.02-13.21.25:762][306]LogSlate: Took 0.041374 seconds to synchronously load lazily loaded font '../../../Engine/Content/Slate/Fonts/Roboto-BoldCondensed.ttf' (158K)
[2024.09.02-13.21.27:342][481]LogSlate: Window 'SequencerGraphEditor' being destroyed
[2024.09.02-13.21.27:345][481]LogSlate: Window 'SequencerGraphEditor' being destroyed
[2024.09.02-13.21.40:268][119]LogSlate: Window 'DialogueTool' being destroyed
[2024.09.02-13.21.40:274][119]LogSlate: Window 'DialogueTool' being destroyed
[2024.09.02-13.21.40:331][119]LogWorld: UWorld::CleanupWorld for World_1, bSessionEnded=true, bCleanupResources=true
[2024.09.02-13.21.40:331][119]LogSlate: InvalidateAllWidgets triggered.  All widgets were invalidated
[2024.09.02-13.21.40:404][119]LogWorld: UWorld::CleanupWorld for World_0, bSessionEnded=true, bCleanupResources=true
[2024.09.02-13.21.40:404][119]LogSlate: InvalidateAllWidgets triggered.  All widgets were invalidated
[2024.09.02-13.21.49:488][138]LogSlate: Window 'DialogueTool' being destroyed
[2024.09.02-13.21.49:494][138]LogSlate: Window 'DialogueTool' being destroyed
