Log file open, 12/15/24 02:36:33
LogWindows: Failed to load 'aqProf.dll' (GetLastError=126)
LogWindows: File 'aqProf.dll' does not exist
LogWindows: Failed to load 'VtuneApi.dll' (GetLastError=126)
LogWindows: File 'VtuneApi.dll' does not exist
LogWindows: Failed to load 'VtuneApi32e.dll' (GetLastError=126)
LogWindows: File 'VtuneApi32e.dll' does not exist
LogConsoleResponse: Display: Failed to find resolution value strings in scalability ini. Falling back to default.
LogConsoleResponse: Display: Failed to find resolution value strings in scalability ini. Falling back to default.
LogInit: Display: Running engine for game: InsectHeaven
LogPlatformFile: Not using cached read wrapper
LogTaskGraph: Started task graph with 5 named threads and 71 total threads with 3 sets of task threads.
LogStats: Stats thread started at 0.225240
LogICUInternationalization: ICU TimeZone Detection - Raw Offset: +9:00, Platform Override: ''
LogInit: Display: Loading text-based GConfig....
LogPluginManager: Mounting plugin MeshPainting
LogPluginManager: Mounting plugin XGEController
LogPluginManager: Mounting plugin Paper2D
LogPluginManager: Mounting plugin AISupport
LogPluginManager: Mounting plugin LightPropagationVolume
LogPluginManager: Mounting plugin EnvironmentQueryEditor
LogPluginManager: Mounting plugin LiveLink
LogPluginManager: Mounting plugin GameplayCameras
LogPluginManager: Mounting plugin CameraShakePreviewer
LogPluginManager: Mounting plugin OodleData
LogPluginManager: Mounting plugin OodleNetwork
LogPluginManager: Mounting plugin AnimationSharing
LogPluginManager: Mounting plugin CodeLiteSourceCodeAccess
LogPluginManager: Mounting plugin KDevelopSourceCodeAccess
LogPluginManager: Mounting plugin GitSourceControl
LogPluginManager: Mounting plugin NullSourceCodeAccess
LogPluginManager: Mounting plugin PerforceSourceControl
LogPluginManager: Mounting plugin CLionSourceCodeAccess
LogPluginManager: Mounting plugin PixWinPlugin
LogPluginManager: Mounting plugin PlasticSourceControl
LogPluginManager: Mounting plugin PluginUtils
LogPluginManager: Mounting plugin PropertyAccessNode
LogPluginManager: Mounting plugin SubversionSourceControl
LogPluginManager: Mounting plugin RiderSourceCodeAccess
LogPluginManager: Mounting plugin TextureFormatOodle
LogPluginManager: Mounting plugin VisualStudioCodeSourceCodeAccess
LogPluginManager: Mounting plugin UObjectPlugin
LogPluginManager: Mounting plugin XCodeSourceCodeAccess
LogPluginManager: Mounting plugin AssetManagerEditor
LogPluginManager: Mounting plugin CryptoKeys
LogPluginManager: Mounting plugin DataValidation
LogPluginManager: Mounting plugin VisualStudioSourceCodeAccess
LogPluginManager: Mounting plugin CurveEditorTools
LogPluginManager: Mounting plugin GameplayTagsEditor
LogPluginManager: Mounting plugin EditorScriptingUtilities
LogPluginManager: Mounting plugin MacGraphicsSwitching
LogPluginManager: Mounting plugin MaterialAnalyzer
LogPluginManager: Mounting plugin FacialAnimation
LogPluginManager: Mounting plugin GeometryMode
LogPluginManager: Mounting plugin PluginBrowser
LogPluginManager: Mounting plugin MobileLauncherProfileWizard
LogPluginManager: Mounting plugin SpeedTreeImporter
LogPluginManager: Mounting plugin Niagara
LogPluginManager: Mounting plugin DatasmithContent
LogPluginManager: Mounting plugin VariantManagerContent
LogPluginManager: Mounting plugin AlembicImporter
LogPluginManager: Mounting plugin AutomationUtils
LogPluginManager: Mounting plugin BackChannel
LogPluginManager: Mounting plugin ChaosCloth
LogPluginManager: Mounting plugin ChaosClothEditor
LogPluginManager: Mounting plugin ChaosEditor
LogPluginManager: Mounting plugin ChaosNiagara
LogPluginManager: Mounting plugin ChaosSolverPlugin
LogPluginManager: Mounting plugin CharacterAI
LogPluginManager: Mounting plugin LuminPlatformFeatures
LogPluginManager: Mounting plugin MagicLeap
LogPluginManager: Mounting plugin MagicLeapLightEstimation
LogPluginManager: Mounting plugin MagicLeapMedia
LogPluginManager: Mounting plugin MagicLeapPassableWorld
LogPluginManager: Mounting plugin MLSDK
LogPluginManager: Mounting plugin GeometryProcessing
LogPluginManager: Mounting plugin GeometryCache
LogPluginManager: Mounting plugin GeometryCollectionPlugin
LogPluginManager: Mounting plugin MotoSynth
LogPluginManager: Mounting plugin OpenImageDenoise
LogPluginManager: Mounting plugin PlanarCut
LogPluginManager: Mounting plugin ProxyLODPlugin
LogPluginManager: Mounting plugin PlatformCrypto
LogPluginManager: Mounting plugin PythonScriptPlugin
LogPluginManager: Mounting plugin SkeletalReduction
LogPluginManager: Mounting plugin AndroidMedia
LogPluginManager: Mounting plugin AvfMedia
LogPluginManager: Mounting plugin ImgMedia
LogPluginManager: Mounting plugin MediaCompositing
LogPluginManager: Mounting plugin MediaPlayerEditor
LogPluginManager: Mounting plugin WebMMedia
LogPluginManager: Mounting plugin WmfMedia
LogPluginManager: Mounting plugin TcpMessaging
LogPluginManager: Mounting plugin UdpMessaging
LogPluginManager: Mounting plugin ActorSequence
LogPluginManager: Mounting plugin LevelSequenceEditor
LogPluginManager: Mounting plugin MatineeToLevelSequence
LogPluginManager: Mounting plugin TemplateSequence
LogPluginManager: Mounting plugin OnlineSubsystem
LogPluginManager: Mounting plugin OnlineSubsystemNull
LogPluginManager: Mounting plugin OnlineSubsystemUtils
LogPluginManager: Mounting plugin LauncherChunkInstaller
LogPluginManager: Mounting plugin ActorLayerUtilities
LogPluginManager: Mounting plugin AndroidDeviceProfileSelector
LogPluginManager: Mounting plugin AndroidMoviePlayer
LogPluginManager: Mounting plugin AndroidPermission
LogPluginManager: Mounting plugin AppleImageUtils
LogPluginManager: Mounting plugin AppleMoviePlayer
LogPluginManager: Mounting plugin ArchVisCharacter
LogPluginManager: Mounting plugin AssetTags
LogPluginManager: Mounting plugin AudioCapture
LogPluginManager: Mounting plugin AudioSynesthesia
LogPluginManager: Mounting plugin CableComponent
LogPluginManager: Mounting plugin ChunkDownloader
LogPluginManager: Mounting plugin CustomMeshComponent
LogPluginManager: Mounting plugin EditableMesh
LogPluginManager: Mounting plugin ExampleDeviceProfileSelector
LogPluginManager: Mounting plugin ScreenshotTools
LogPluginManager: Mounting plugin GoogleCloudMessaging
LogPluginManager: Mounting plugin GooglePAD
LogPluginManager: Mounting plugin IOSDeviceProfileSelector
LogPluginManager: Mounting plugin LinuxDeviceProfileSelector
LogPluginManager: Mounting plugin LocationServicesBPLibrary
LogPluginManager: Mounting plugin MobilePatchingUtils
LogPluginManager: Mounting plugin OpenXREyeTracker
LogPluginManager: Mounting plugin OpenXR
LogPluginManager: Mounting plugin OpenXRHandTracking
LogPluginManager: Mounting plugin PhysXVehicles
LogPluginManager: Mounting plugin PostSplashScreen
LogPluginManager: Mounting plugin PropertyAccessEditor
LogPluginManager: Mounting plugin ProceduralMeshComponent
LogPluginManager: Mounting plugin SignificanceManager
LogPluginManager: Mounting plugin RuntimePhysXCooking
LogPluginManager: Mounting plugin SoundFields
LogPluginManager: Mounting plugin Synthesis
LogPluginManager: Mounting plugin Takes
LogPluginManager: Mounting plugin WebMMoviePlayer
LogPluginManager: Mounting plugin WindowsMoviePlayer
LogPluginManager: Mounting plugin ContentBrowserAssetDataSource
LogPluginManager: Mounting plugin ContentBrowserClassDataSource
LogPluginManager: Mounting plugin ContentBrowserFileDataSource
LogPluginManager: Mounting plugin RiderLink
LogPluginManager: Mounting plugin OnlineSubsystemGooglePlay
LogPluginManager: Mounting plugin OnlineSubsystemIOS
LogPluginManager: Mounting plugin OculusVR
LogPluginManager: Mounting plugin SteamVR
PixWinPlugin: PIX capture plugin failed to initialize! Check that the process is launched from PIX.
LogInit: Using libcurl 7.55.1-DEV
LogInit:  - built for x86_64-pc-win32
LogInit:  - supports SSL with OpenSSL/1.1.1
LogInit:  - supports HTTP deflate (compression) using libz 1.2.8
LogInit:  - other features:
LogInit:      CURL_VERSION_SSL
LogInit:      CURL_VERSION_LIBZ
LogInit:      CURL_VERSION_IPV6
LogInit:      CURL_VERSION_ASYNCHDNS
LogInit:      CURL_VERSION_LARGEFILE
LogInit:      CURL_VERSION_IDN
LogInit:  CurlRequestOptions (configurable via config and command line):
LogInit:  - bVerifyPeer = true  - Libcurl will verify peer certificate
LogInit:  - bUseHttpProxy = false  - Libcurl will NOT use HTTP proxy
LogInit:  - bDontReuseConnections = false  - Libcurl will reuse connections
LogInit:  - MaxHostConnections = 16  - Libcurl will limit the number of connections to a host
LogInit:  - LocalHostAddr = Default
LogInit:  - BufferSize = 65536
LogOnline: OSS: Creating online subsystem instance for: NULL
LogInit: WinSock: version 1.1 (2.2), MaxSocks=32767, MaxUdp=65467
LogOnline: OSS: TryLoadSubsystemAndSetDefault: Loaded subsystem for module [NULL]
LogOculusPluginWrapper: OculusPlugin initialized successfully
LogHMD: Failed initializing OVRPlugin 1.59.0
LogInit: Build: ++UE4+Release-4.27-CL-18319896
LogInit: Engine Version: 4.27.2-18319896+++UE4+Release-4.27
LogInit: Compatible Engine Version: 4.27.0-17155196+++UE4+Release-4.27
LogInit: Net CL: 17155196
LogInit: OS: Windows 10 (Release 2009) (), CPU: AMD Ryzen 9 7900X 12-Core Processor            , GPU: AMD Radeon RX 7900 XTX
LogInit: Compiled (64-bit): Nov 30 2021 07:12:08
LogInit: Compiled with Visual C++: 19.24.28315.00
LogInit: Build Configuration: DebugGame
LogInit: Branch Name: ++UE4+Release-4.27
LogInit: Command Line: 
LogInit: Base Directory: C:/Program Files/UE_4.27/Engine/Binaries/Win64/
LogInit: Allocator: TBB
LogInit: Installed Engine Build: 1
LogDevObjectVersion: Number of dev versions registered: 29
LogDevObjectVersion:   Dev-Blueprints (B0D832E4-1F89-4F0D-ACCF-7EB736FD4AA2): 10
LogDevObjectVersion:   Dev-Build (E1C64328-A22C-4D53-A36C-8E866417BD8C): 0
LogDevObjectVersion:   Dev-Core (375EC13C-06E4-48FB-B500-84F0262A717E): 4
LogDevObjectVersion:   Dev-Editor (E4B068ED-F494-42E9-A231-DA0B2E46BB41): 40
LogDevObjectVersion:   Dev-Framework (CFFC743F-43B0-4480-9391-14DF171D2073): 37
LogDevObjectVersion:   Dev-Mobile (B02B49B5-BB20-44E9-A304-32B752E40360): 3
LogDevObjectVersion:   Dev-Networking (A4E4105C-59A1-49B5-A7C5-40C4547EDFEE): 0
LogDevObjectVersion:   Dev-Online (39C831C9-5AE6-47DC-9A44-9C173E1C8E7C): 0
LogDevObjectVersion:   Dev-Physics (78F01B33-EBEA-4F98-B9B4-84EACCB95AA2): 14
LogDevObjectVersion:   Dev-Platform (6631380F-2D4D-43E0-8009-CF276956A95A): 0
LogDevObjectVersion:   Dev-Rendering (12F88B9F-8875-4AFC-A67C-D90C383ABD29): 45
LogDevObjectVersion:   Dev-Sequencer (7B5AE74C-D270-4C10-A958-57980B212A5A): 13
LogDevObjectVersion:   Dev-VR (D7296918-1DD6-4BDD-9DE2-64A83CC13884): 3
LogDevObjectVersion:   Dev-LoadTimes (C2A15278-BFE7-4AFE-6C17-90FF531DF755): 1
LogDevObjectVersion:   Private-Geometry (6EACA3D4-40EC-4CC1-B786-8BED09428FC5): 3
LogDevObjectVersion:   Dev-AnimPhys (29E575DD-E0A3-4627-9D10-D276232CDCEA): 17
LogDevObjectVersion:   Dev-Anim (AF43A65D-7FD3-4947-9873-3E8ED9C1BB05): 15
LogDevObjectVersion:   Dev-ReflectionCapture (6B266CEC-1EC7-4B8F-A30B-E4D90942FC07): 1
LogDevObjectVersion:   Dev-Automation (0DF73D61-A23F-47EA-B727-89E90C41499A): 1
LogDevObjectVersion:   FortniteMain (601D1886-AC64-4F84-AA16-D3DE0DEAC7D6): 47
LogDevObjectVersion:   FortniteRelease (E7086368-6B23-4C58-8439-1B7016265E91): 1
LogDevObjectVersion:   Dev-Enterprise (9DFFBCD6-494F-0158-E221-12823C92A888): 10
LogDevObjectVersion:   Dev-Niagara (F2AED0AC-9AFE-416F-8664-AA7FFA26D6FC): 1
LogDevObjectVersion:   Dev-Destruction (174F1F0B-B4C6-45A5-B13F-2EE8D0FB917D): 10
LogDevObjectVersion:   Dev-Physics-Ext (35F94A83-E258-406C-A318-09F59610247C): 41
LogDevObjectVersion:   Dev-PhysicsMaterial-Chaos (B68FC16E-8B1B-42E2-B453-215C058844FE): 1
LogDevObjectVersion:   Dev-CineCamera (B2E18506-4273-CFC2-A54E-F4BB758BBA07): 1
LogDevObjectVersion:   Dev-VirtualProduction (64F58936-FD1B-42BA-BA96-7289D5D0FA4E): 1
LogDevObjectVersion:   Dev-MediaFramework (6F0ED827-A609-4895-9C91-998D90180EA4): 2
LogInit: Presizing for max 25165824 objects, including 0 objects not considered by GC, pre-allocating 0 bytes for permanent pool.
LogConfig: Applying CVar settings from Section [/Script/Engine.StreamingSettings] File [C:/Users/nanim/GitHub/NewNewInsectHeaven/InsectHeaven/Saved/Config/Windows/Engine.ini]
LogConfig: Setting CVar [[s.MinBulkDataSizeForAsyncLoading:131072]]
LogConfig: Setting CVar [[s.AsyncLoadingThreadEnabled:0]]
LogConfig: Setting CVar [[s.EventDrivenLoaderEnabled:1]]
LogConfig: Setting CVar [[s.WarnIfTimeLimitExceeded:0]]
LogConfig: Setting CVar [[s.TimeLimitExceededMultiplier:1.5]]
LogConfig: Setting CVar [[s.TimeLimitExceededMinTime:0.005]]
LogConfig: Setting CVar [[s.UseBackgroundLevelStreaming:1]]
LogConfig: Setting CVar [[s.PriorityAsyncLoadingExtraTime:15.0]]
LogConfig: Setting CVar [[s.LevelStreamingActorsUpdateTimeLimit:5.0]]
LogConfig: Setting CVar [[s.PriorityLevelStreamingActorsUpdateExtraTime:5.0]]
LogConfig: Setting CVar [[s.LevelStreamingComponentsRegistrationGranularity:10]]
LogConfig: Setting CVar [[s.UnregisterComponentsTimeLimit:1.0]]
LogConfig: Setting CVar [[s.LevelStreamingComponentsUnregistrationGranularity:5]]
LogConfig: Setting CVar [[s.FlushStreamingOnExit:1]]
LogInit: Object subsystem initialized
LogConfig: Setting CVar [[con.DebugEarlyDefault:1]]
LogConfig: Setting CVar [[r.setres:1280x720]]
[2024.12.14-17.36.34:416][  0]LogConfig: Setting CVar [[r.VSync:0]]
[2024.12.14-17.36.34:416][  0]LogConfig: Setting CVar [[r.RHICmdBypass:0]]
[2024.12.14-17.36.34:416][  0]LogConfig: Applying CVar settings from Section [/Script/Engine.RendererSettings] File [C:/Users/nanim/GitHub/NewNewInsectHeaven/InsectHeaven/Saved/Config/Windows/Engine.ini]
[2024.12.14-17.36.34:417][  0]LogConfig: Setting CVar [[r.GPUCrashDebugging:0]]
[2024.12.14-17.36.34:417][  0]LogConfig: Applying CVar settings from Section [/Script/Engine.RendererOverrideSettings] File [C:/Users/nanim/GitHub/NewNewInsectHeaven/InsectHeaven/Saved/Config/Windows/Engine.ini]
[2024.12.14-17.36.34:417][  0]LogConfig: Applying CVar settings from Section [/Script/Engine.StreamingSettings] File [C:/Users/nanim/GitHub/NewNewInsectHeaven/InsectHeaven/Saved/Config/Windows/Engine.ini]
[2024.12.14-17.36.34:417][  0]LogConfig: Setting CVar [[s.MinBulkDataSizeForAsyncLoading:131072]]
[2024.12.14-17.36.34:417][  0]LogConfig: Setting CVar [[s.AsyncLoadingThreadEnabled:0]]
[2024.12.14-17.36.34:417][  0]LogConfig: Setting CVar [[s.EventDrivenLoaderEnabled:1]]
[2024.12.14-17.36.34:417][  0]LogConfig: Setting CVar [[s.WarnIfTimeLimitExceeded:0]]
[2024.12.14-17.36.34:417][  0]LogConfig: Setting CVar [[s.TimeLimitExceededMultiplier:1.5]]
[2024.12.14-17.36.34:417][  0]LogConfig: Setting CVar [[s.TimeLimitExceededMinTime:0.005]]
[2024.12.14-17.36.34:417][  0]LogConfig: Setting CVar [[s.UseBackgroundLevelStreaming:1]]
[2024.12.14-17.36.34:418][  0]LogConfig: Setting CVar [[s.PriorityAsyncLoadingExtraTime:15.0]]
[2024.12.14-17.36.34:418][  0]LogConfig: Setting CVar [[s.LevelStreamingActorsUpdateTimeLimit:5.0]]
[2024.12.14-17.36.34:418][  0]LogConfig: Setting CVar [[s.PriorityLevelStreamingActorsUpdateExtraTime:5.0]]
[2024.12.14-17.36.34:418][  0]LogConfig: Setting CVar [[s.LevelStreamingComponentsRegistrationGranularity:10]]
[2024.12.14-17.36.34:418][  0]LogConfig: Setting CVar [[s.UnregisterComponentsTimeLimit:1.0]]
[2024.12.14-17.36.34:418][  0]LogConfig: Setting CVar [[s.LevelStreamingComponentsUnregistrationGranularity:5]]
[2024.12.14-17.36.34:418][  0]LogConfig: Setting CVar [[s.FlushStreamingOnExit:1]]
[2024.12.14-17.36.34:418][  0]LogConfig: Applying CVar settings from Section [/Script/Engine.GarbageCollectionSettings] File [C:/Users/nanim/GitHub/NewNewInsectHeaven/InsectHeaven/Saved/Config/Windows/Engine.ini]
[2024.12.14-17.36.34:418][  0]LogConfig: Setting CVar [[gc.MaxObjectsNotConsideredByGC:1]]
[2024.12.14-17.36.34:419][  0]LogConfig: Setting CVar [[gc.SizeOfPermanentObjectPool:0]]
[2024.12.14-17.36.34:419][  0]LogConfig: Setting CVar [[gc.FlushStreamingOnGC:0]]
[2024.12.14-17.36.34:419][  0]LogConfig: Setting CVar [[gc.NumRetriesBeforeForcingGC:10]]
[2024.12.14-17.36.34:419][  0]LogConfig: Setting CVar [[gc.AllowParallelGC:1]]
[2024.12.14-17.36.34:419][  0]LogConfig: Setting CVar [[gc.TimeBetweenPurgingPendingKillObjects:61.1]]
[2024.12.14-17.36.34:419][  0]LogConfig: Setting CVar [[gc.MaxObjectsInEditor:25165824]]
[2024.12.14-17.36.34:419][  0]LogConfig: Setting CVar [[gc.IncrementalBeginDestroyEnabled:1]]
[2024.12.14-17.36.34:419][  0]LogConfig: Setting CVar [[gc.CreateGCClusters:1]]
[2024.12.14-17.36.34:419][  0]LogConfig: Setting CVar [[gc.MinGCClusterSize:5]]
[2024.12.14-17.36.34:419][  0]LogConfig: Setting CVar [[gc.ActorClusteringEnabled:0]]
[2024.12.14-17.36.34:420][  0]LogConfig: Setting CVar [[gc.BlueprintClusteringEnabled:0]]
[2024.12.14-17.36.34:420][  0]LogConfig: Setting CVar [[gc.UseDisregardForGCOnDedicatedServers:0]]
[2024.12.14-17.36.34:420][  0]LogConfig: Setting CVar [[gc.MultithreadedDestructionEnabled:1]]
[2024.12.14-17.36.34:420][  0]LogConfig: Applying CVar settings from Section [/Script/Engine.NetworkSettings] File [C:/Users/nanim/GitHub/NewNewInsectHeaven/InsectHeaven/Saved/Config/Windows/Engine.ini]
[2024.12.14-17.36.34:420][  0]LogConfig: Applying CVar settings from Section [/Script/UnrealEd.CookerSettings] File [C:/Users/nanim/GitHub/NewNewInsectHeaven/InsectHeaven/Saved/Config/Windows/Engine.ini]
[2024.12.14-17.36.34:462][  0]LogConfig: Applying CVar settings from Section [ViewDistanceQuality@3] File [C:/Users/nanim/GitHub/NewNewInsectHeaven/InsectHeaven/Saved/Config/Windows/Scalability.ini]
[2024.12.14-17.36.34:463][  0]LogConfig: Setting CVar [[r.SkeletalMeshLODBias:0]]
[2024.12.14-17.36.34:463][  0]LogConfig: Setting CVar [[r.ViewDistanceScale:1.0]]
[2024.12.14-17.36.34:463][  0]LogConfig: Applying CVar settings from Section [AntiAliasingQuality@3] File [C:/Users/nanim/GitHub/NewNewInsectHeaven/InsectHeaven/Saved/Config/Windows/Scalability.ini]
[2024.12.14-17.36.34:463][  0]LogConfig: Setting CVar [[r.PostProcessAAQuality:4]]
[2024.12.14-17.36.34:463][  0]LogConfig: Applying CVar settings from Section [ShadowQuality@3] File [C:/Users/nanim/GitHub/NewNewInsectHeaven/InsectHeaven/Saved/Config/Windows/Scalability.ini]
[2024.12.14-17.36.34:463][  0]LogConfig: Setting CVar [[r.LightFunctionQuality:1]]
[2024.12.14-17.36.34:463][  0]LogConfig: Setting CVar [[r.ShadowQuality:5]]
[2024.12.14-17.36.34:464][  0]LogConfig: Setting CVar [[r.Shadow.CSM.MaxCascades:10]]
[2024.12.14-17.36.34:464][  0]LogConfig: Setting CVar [[r.Shadow.MaxResolution:2048]]
[2024.12.14-17.36.34:464][  0]LogConfig: Setting CVar [[r.Shadow.MaxCSMResolution:2048]]
[2024.12.14-17.36.34:464][  0]LogConfig: Setting CVar [[r.Shadow.RadiusThreshold:0.01]]
[2024.12.14-17.36.34:464][  0]LogConfig: Setting CVar [[r.Shadow.DistanceScale:1.0]]
[2024.12.14-17.36.34:464][  0]LogConfig: Setting CVar [[r.Shadow.CSM.TransitionScale:1.0]]
[2024.12.14-17.36.34:464][  0]LogConfig: Setting CVar [[r.Shadow.PreShadowResolutionFactor:1.0]]
[2024.12.14-17.36.34:464][  0]LogConfig: Setting CVar [[r.DistanceFieldShadowing:1]]
[2024.12.14-17.36.34:464][  0]LogConfig: Setting CVar [[r.DistanceFieldAO:1]]
[2024.12.14-17.36.34:464][  0]LogConfig: Setting CVar [[r.AOQuality:2]]
[2024.12.14-17.36.34:465][  0]LogConfig: Setting CVar [[r.VolumetricFog:1]]
[2024.12.14-17.36.34:465][  0]LogConfig: Setting CVar [[r.VolumetricFog.GridPixelSize:8]]
[2024.12.14-17.36.34:465][  0]LogConfig: Setting CVar [[r.VolumetricFog.GridSizeZ:128]]
[2024.12.14-17.36.34:465][  0]LogConfig: Setting CVar [[r.VolumetricFog.HistoryMissSupersampleCount:4]]
[2024.12.14-17.36.34:465][  0]LogConfig: Setting CVar [[r.LightMaxDrawDistanceScale:1]]
[2024.12.14-17.36.34:465][  0]LogConfig: Setting CVar [[r.CapsuleShadows:1]]
[2024.12.14-17.36.34:465][  0]LogConfig: Applying CVar settings from Section [PostProcessQuality@3] File [C:/Users/nanim/GitHub/NewNewInsectHeaven/InsectHeaven/Saved/Config/Windows/Scalability.ini]
[2024.12.14-17.36.34:465][  0]LogConfig: Setting CVar [[r.MotionBlurQuality:4]]
[2024.12.14-17.36.34:465][  0]LogConfig: Setting CVar [[r.AmbientOcclusionMipLevelFactor:0.4]]
[2024.12.14-17.36.34:465][  0]LogConfig: Setting CVar [[r.AmbientOcclusionMaxQuality:100]]
[2024.12.14-17.36.34:466][  0]LogConfig: Setting CVar [[r.AmbientOcclusionLevels:-1]]
[2024.12.14-17.36.34:466][  0]LogConfig: Setting CVar [[r.AmbientOcclusionRadiusScale:1.0]]
[2024.12.14-17.36.34:466][  0]LogConfig: Setting CVar [[r.DepthOfFieldQuality:2]]
[2024.12.14-17.36.34:466][  0]LogConfig: Setting CVar [[r.RenderTargetPoolMin:400]]
[2024.12.14-17.36.34:466][  0]LogConfig: Setting CVar [[r.LensFlareQuality:2]]
[2024.12.14-17.36.34:466][  0]LogConfig: Setting CVar [[r.SceneColorFringeQuality:1]]
[2024.12.14-17.36.34:466][  0]LogConfig: Setting CVar [[r.EyeAdaptationQuality:2]]
[2024.12.14-17.36.34:466][  0]LogConfig: Setting CVar [[r.BloomQuality:5]]
[2024.12.14-17.36.34:466][  0]LogConfig: Setting CVar [[r.FastBlurThreshold:100]]
[2024.12.14-17.36.34:466][  0]LogConfig: Setting CVar [[r.Upscale.Quality:3]]
[2024.12.14-17.36.34:466][  0]LogConfig: Setting CVar [[r.Tonemapper.GrainQuantization:1]]
[2024.12.14-17.36.34:467][  0]LogConfig: Setting CVar [[r.LightShaftQuality:1]]
[2024.12.14-17.36.34:467][  0]LogConfig: Setting CVar [[r.Filter.SizeScale:1]]
[2024.12.14-17.36.34:467][  0]LogConfig: Setting CVar [[r.Tonemapper.Quality:5]]
[2024.12.14-17.36.34:467][  0]LogConfig: Setting CVar [[r.DOF.Gather.AccumulatorQuality:1        ; higher gathering accumulator quality]]
[2024.12.14-17.36.34:467][  0]LogConfig: Setting CVar [[r.DOF.Gather.PostfilterMethod:1          ; Median3x3 postfilering method]]
[2024.12.14-17.36.34:467][  0]LogConfig: Setting CVar [[r.DOF.Gather.EnableBokehSettings:0       ; no bokeh simulation when gathering]]
[2024.12.14-17.36.34:467][  0]LogConfig: Setting CVar [[r.DOF.Gather.RingCount:4                 ; medium number of samples when gathering]]
[2024.12.14-17.36.34:467][  0]LogConfig: Setting CVar [[r.DOF.Scatter.ForegroundCompositing:1    ; additive foreground scattering]]
[2024.12.14-17.36.34:468][  0]LogConfig: Setting CVar [[r.DOF.Scatter.BackgroundCompositing:2    ; additive background scattering]]
[2024.12.14-17.36.34:468][  0]LogConfig: Setting CVar [[r.DOF.Scatter.EnableBokehSettings:1      ; bokeh simulation when scattering]]
[2024.12.14-17.36.34:468][  0]LogConfig: Setting CVar [[r.DOF.Scatter.MaxSpriteRatio:0.1         ; only a maximum of 10% of scattered bokeh]]
[2024.12.14-17.36.34:468][  0]LogConfig: Setting CVar [[r.DOF.Recombine.Quality:1                ; cheap slight out of focus]]
[2024.12.14-17.36.34:468][  0]LogConfig: Setting CVar [[r.DOF.Recombine.EnableBokehSettings:0    ; no bokeh simulation on slight out of focus]]
[2024.12.14-17.36.34:468][  0]LogConfig: Setting CVar [[r.DOF.TemporalAAQuality:1                ; more stable temporal accumulation]]
[2024.12.14-17.36.34:468][  0]LogConfig: Setting CVar [[r.DOF.Kernel.MaxForegroundRadius:0.025]]
[2024.12.14-17.36.34:468][  0]LogConfig: Setting CVar [[r.DOF.Kernel.MaxBackgroundRadius:0.025]]
[2024.12.14-17.36.34:468][  0]LogConfig: Applying CVar settings from Section [TextureQuality@3] File [C:/Users/nanim/GitHub/NewNewInsectHeaven/InsectHeaven/Saved/Config/Windows/Scalability.ini]
[2024.12.14-17.36.34:468][  0]LogConfig: Setting CVar [[r.Streaming.MipBias:0]]
[2024.12.14-17.36.34:469][  0]LogConfig: Setting CVar [[r.Streaming.AmortizeCPUToGPUCopy:0]]
[2024.12.14-17.36.34:469][  0]LogConfig: Setting CVar [[r.Streaming.MaxNumTexturesToStreamPerFrame:0]]
[2024.12.14-17.36.34:469][  0]LogConfig: Setting CVar [[r.Streaming.Boost:1]]
[2024.12.14-17.36.34:469][  0]LogConfig: Setting CVar [[r.MaxAnisotropy:8]]
[2024.12.14-17.36.34:469][  0]LogConfig: Setting CVar [[r.VT.MaxAnisotropy:8]]
[2024.12.14-17.36.34:469][  0]LogConfig: Setting CVar [[r.Streaming.LimitPoolSizeToVRAM:0]]
[2024.12.14-17.36.34:469][  0]LogConfig: Setting CVar [[r.Streaming.PoolSize:1000]]
[2024.12.14-17.36.34:469][  0]LogConfig: Setting CVar [[r.Streaming.MaxEffectiveScreenSize:0]]
[2024.12.14-17.36.34:469][  0]LogConfig: Applying CVar settings from Section [EffectsQuality@3] File [C:/Users/nanim/GitHub/NewNewInsectHeaven/InsectHeaven/Saved/Config/Windows/Scalability.ini]
[2024.12.14-17.36.34:470][  0]LogConfig: Setting CVar [[r.TranslucencyLightingVolumeDim:64]]
[2024.12.14-17.36.34:470][  0]LogConfig: Setting CVar [[r.RefractionQuality:2]]
[2024.12.14-17.36.34:470][  0]LogConfig: Setting CVar [[r.SSR.Quality:3]]
[2024.12.14-17.36.34:470][  0]LogConfig: Setting CVar [[r.SSR.HalfResSceneColor:0]]
[2024.12.14-17.36.34:470][  0]LogConfig: Setting CVar [[r.SceneColorFormat:4]]
[2024.12.14-17.36.34:470][  0]LogConfig: Setting CVar [[r.DetailMode:2]]
[2024.12.14-17.36.34:470][  0]LogConfig: Setting CVar [[r.TranslucencyVolumeBlur:1]]
[2024.12.14-17.36.34:470][  0]LogConfig: Setting CVar [[r.MaterialQualityLevel:1 ; High quality]]
[2024.12.14-17.36.34:470][  0]LogConfig: Setting CVar [[r.AnisotropicMaterials:1]]
[2024.12.14-17.36.34:471][  0]LogConfig: Setting CVar [[r.SSS.Scale:1]]
[2024.12.14-17.36.34:471][  0]LogConfig: Setting CVar [[r.SSS.SampleSet:2]]
[2024.12.14-17.36.34:471][  0]LogConfig: Setting CVar [[r.SSS.Quality:1]]
[2024.12.14-17.36.34:471][  0]LogConfig: Setting CVar [[r.SSS.HalfRes:0]]
[2024.12.14-17.36.34:471][  0]LogConfig: Setting CVar [[r.SSGI.Quality:3]]
[2024.12.14-17.36.34:471][  0]LogConfig: Setting CVar [[r.EmitterSpawnRateScale:1.0]]
[2024.12.14-17.36.34:471][  0]LogConfig: Setting CVar [[r.ParticleLightQuality:2]]
[2024.12.14-17.36.34:471][  0]LogConfig: Setting CVar [[r.SkyAtmosphere.AerialPerspectiveLUT.FastApplyOnOpaque:1 ; Always have FastSkyLUT 1 in this case to avoid wrong sky]]
[2024.12.14-17.36.34:471][  0]LogConfig: Setting CVar [[r.SkyAtmosphere.AerialPerspectiveLUT.SampleCountMaxPerSlice:4]]
[2024.12.14-17.36.34:471][  0]LogConfig: Setting CVar [[r.SkyAtmosphere.AerialPerspectiveLUT.DepthResolution:16.0]]
[2024.12.14-17.36.34:471][  0]LogConfig: Setting CVar [[r.SkyAtmosphere.FastSkyLUT:1]]
[2024.12.14-17.36.34:472][  0]LogConfig: Setting CVar [[r.SkyAtmosphere.FastSkyLUT.SampleCountMin:4.0]]
[2024.12.14-17.36.34:472][  0]LogConfig: Setting CVar [[r.SkyAtmosphere.FastSkyLUT.SampleCountMax:128.0]]
[2024.12.14-17.36.34:472][  0]LogConfig: Setting CVar [[r.SkyAtmosphere.SampleCountMin:4.0]]
[2024.12.14-17.36.34:472][  0]LogConfig: Setting CVar [[r.SkyAtmosphere.SampleCountMax:128.0]]
[2024.12.14-17.36.34:472][  0]LogConfig: Setting CVar [[r.SkyAtmosphere.TransmittanceLUT.UseSmallFormat:0]]
[2024.12.14-17.36.34:472][  0]LogConfig: Setting CVar [[r.SkyAtmosphere.TransmittanceLUT.SampleCount:10.0]]
[2024.12.14-17.36.34:472][  0]LogConfig: Setting CVar [[r.SkyAtmosphere.MultiScatteringLUT.SampleCount:15.0]]
[2024.12.14-17.36.34:472][  0]LogConfig: Setting CVar [[r.SkyLight.RealTimeReflectionCapture:1]]
[2024.12.14-17.36.34:472][  0]LogConfig: Applying CVar settings from Section [FoliageQuality@3] File [C:/Users/nanim/GitHub/NewNewInsectHeaven/InsectHeaven/Saved/Config/Windows/Scalability.ini]
[2024.12.14-17.36.34:473][  0]LogConfig: Setting CVar [[foliage.DensityScale:1.0]]
[2024.12.14-17.36.34:473][  0]LogConfig: Setting CVar [[grass.DensityScale:1.0]]
[2024.12.14-17.36.34:473][  0]LogConfig: Applying CVar settings from Section [ShadingQuality@3] File [C:/Users/nanim/GitHub/NewNewInsectHeaven/InsectHeaven/Saved/Config/Windows/Scalability.ini]
[2024.12.14-17.36.34:473][  0]LogConfig: Setting CVar [[r.HairStrands.SkyLighting.IntegrationType:2]]
[2024.12.14-17.36.34:473][  0]LogConfig: Setting CVar [[r.HairStrands.SkyAO.SampleCount:4]]
[2024.12.14-17.36.34:473][  0]LogConfig: Setting CVar [[r.HairStrands.Visibility.MSAA.SamplePerPixel:4]]
[2024.12.14-17.36.34:473][  0]LogInit: Selected Device Profile: [Windows]
[2024.12.14-17.36.34:473][  0]LogInit: Applying CVar settings loaded from the selected device profile: [Windows]
[2024.12.14-17.36.34:473][  0]LogHAL: Display: Platform has ~ 32 GB [33457160192 / 34359738368 / 32], which maps to Largest [LargestMinGB=32, LargerMinGB=12, DefaultMinGB=8, SmallerMinGB=6, SmallestMinGB=0)
[2024.12.14-17.36.34:473][  0]LogInit: Going up to parent DeviceProfile []
[2024.12.14-17.36.34:474][  0]LogConfig: Applying CVar settings from Section [ViewDistanceQuality@3] File [C:/Users/nanim/GitHub/NewNewInsectHeaven/InsectHeaven/Saved/Config/Windows/Scalability.ini]
[2024.12.14-17.36.34:474][  0]LogConfig: Setting CVar [[r.SkeletalMeshLODBias:0]]
[2024.12.14-17.36.34:474][  0]LogConfig: Setting CVar [[r.ViewDistanceScale:1.0]]
[2024.12.14-17.36.34:474][  0]LogConfig: Applying CVar settings from Section [AntiAliasingQuality@3] File [C:/Users/nanim/GitHub/NewNewInsectHeaven/InsectHeaven/Saved/Config/Windows/Scalability.ini]
[2024.12.14-17.36.34:474][  0]LogConfig: Setting CVar [[r.PostProcessAAQuality:4]]
[2024.12.14-17.36.34:474][  0]LogConfig: Applying CVar settings from Section [ShadowQuality@3] File [C:/Users/nanim/GitHub/NewNewInsectHeaven/InsectHeaven/Saved/Config/Windows/Scalability.ini]
[2024.12.14-17.36.34:474][  0]LogConfig: Setting CVar [[r.LightFunctionQuality:1]]
[2024.12.14-17.36.34:474][  0]LogConfig: Setting CVar [[r.ShadowQuality:5]]
[2024.12.14-17.36.34:474][  0]LogConfig: Setting CVar [[r.Shadow.CSM.MaxCascades:10]]
[2024.12.14-17.36.34:474][  0]LogConfig: Setting CVar [[r.Shadow.MaxResolution:2048]]
[2024.12.14-17.36.34:475][  0]LogConfig: Setting CVar [[r.Shadow.MaxCSMResolution:2048]]
[2024.12.14-17.36.34:475][  0]LogConfig: Setting CVar [[r.Shadow.RadiusThreshold:0.01]]
[2024.12.14-17.36.34:475][  0]LogConfig: Setting CVar [[r.Shadow.DistanceScale:1.0]]
[2024.12.14-17.36.34:475][  0]LogConfig: Setting CVar [[r.Shadow.CSM.TransitionScale:1.0]]
[2024.12.14-17.36.34:475][  0]LogConfig: Setting CVar [[r.Shadow.PreShadowResolutionFactor:1.0]]
[2024.12.14-17.36.34:475][  0]LogConfig: Setting CVar [[r.DistanceFieldShadowing:1]]
[2024.12.14-17.36.34:475][  0]LogConfig: Setting CVar [[r.DistanceFieldAO:1]]
[2024.12.14-17.36.34:476][  0]LogConfig: Setting CVar [[r.AOQuality:2]]
[2024.12.14-17.36.34:476][  0]LogConfig: Setting CVar [[r.VolumetricFog:1]]
[2024.12.14-17.36.34:476][  0]LogConfig: Setting CVar [[r.VolumetricFog.GridPixelSize:8]]
[2024.12.14-17.36.34:476][  0]LogConfig: Setting CVar [[r.VolumetricFog.GridSizeZ:128]]
[2024.12.14-17.36.34:476][  0]LogConfig: Setting CVar [[r.VolumetricFog.HistoryMissSupersampleCount:4]]
[2024.12.14-17.36.34:476][  0]LogConfig: Setting CVar [[r.LightMaxDrawDistanceScale:1]]
[2024.12.14-17.36.34:476][  0]LogConfig: Setting CVar [[r.CapsuleShadows:1]]
[2024.12.14-17.36.34:476][  0]LogConfig: Applying CVar settings from Section [PostProcessQuality@3] File [C:/Users/nanim/GitHub/NewNewInsectHeaven/InsectHeaven/Saved/Config/Windows/Scalability.ini]
[2024.12.14-17.36.34:477][  0]LogConfig: Setting CVar [[r.MotionBlurQuality:4]]
[2024.12.14-17.36.34:477][  0]LogConfig: Setting CVar [[r.AmbientOcclusionMipLevelFactor:0.4]]
[2024.12.14-17.36.34:477][  0]LogConfig: Setting CVar [[r.AmbientOcclusionMaxQuality:100]]
[2024.12.14-17.36.34:477][  0]LogConfig: Setting CVar [[r.AmbientOcclusionLevels:-1]]
[2024.12.14-17.36.34:477][  0]LogConfig: Setting CVar [[r.AmbientOcclusionRadiusScale:1.0]]
[2024.12.14-17.36.34:477][  0]LogConfig: Setting CVar [[r.DepthOfFieldQuality:2]]
[2024.12.14-17.36.34:478][  0]LogConfig: Setting CVar [[r.RenderTargetPoolMin:400]]
[2024.12.14-17.36.34:478][  0]LogConfig: Setting CVar [[r.LensFlareQuality:2]]
[2024.12.14-17.36.34:478][  0]LogConfig: Setting CVar [[r.SceneColorFringeQuality:1]]
[2024.12.14-17.36.34:478][  0]LogConfig: Setting CVar [[r.EyeAdaptationQuality:2]]
[2024.12.14-17.36.34:478][  0]LogConfig: Setting CVar [[r.BloomQuality:5]]
[2024.12.14-17.36.34:478][  0]LogConfig: Setting CVar [[r.FastBlurThreshold:100]]
[2024.12.14-17.36.34:478][  0]LogConfig: Setting CVar [[r.Upscale.Quality:3]]
[2024.12.14-17.36.34:478][  0]LogConfig: Setting CVar [[r.Tonemapper.GrainQuantization:1]]
[2024.12.14-17.36.34:478][  0]LogConfig: Setting CVar [[r.LightShaftQuality:1]]
[2024.12.14-17.36.34:479][  0]LogConfig: Setting CVar [[r.Filter.SizeScale:1]]
[2024.12.14-17.36.34:479][  0]LogConfig: Setting CVar [[r.Tonemapper.Quality:5]]
[2024.12.14-17.36.34:479][  0]LogConfig: Setting CVar [[r.DOF.Gather.AccumulatorQuality:1        ; higher gathering accumulator quality]]
[2024.12.14-17.36.34:479][  0]LogConfig: Setting CVar [[r.DOF.Gather.PostfilterMethod:1          ; Median3x3 postfilering method]]
[2024.12.14-17.36.34:479][  0]LogConfig: Setting CVar [[r.DOF.Gather.EnableBokehSettings:0       ; no bokeh simulation when gathering]]
[2024.12.14-17.36.34:479][  0]LogConfig: Setting CVar [[r.DOF.Gather.RingCount:4                 ; medium number of samples when gathering]]
[2024.12.14-17.36.34:479][  0]LogConfig: Setting CVar [[r.DOF.Scatter.ForegroundCompositing:1    ; additive foreground scattering]]
[2024.12.14-17.36.34:479][  0]LogConfig: Setting CVar [[r.DOF.Scatter.BackgroundCompositing:2    ; additive background scattering]]
[2024.12.14-17.36.34:479][  0]LogConfig: Setting CVar [[r.DOF.Scatter.EnableBokehSettings:1      ; bokeh simulation when scattering]]
[2024.12.14-17.36.34:479][  0]LogConfig: Setting CVar [[r.DOF.Scatter.MaxSpriteRatio:0.1         ; only a maximum of 10% of scattered bokeh]]
[2024.12.14-17.36.34:479][  0]LogConfig: Setting CVar [[r.DOF.Recombine.Quality:1                ; cheap slight out of focus]]
[2024.12.14-17.36.34:479][  0]LogConfig: Setting CVar [[r.DOF.Recombine.EnableBokehSettings:0    ; no bokeh simulation on slight out of focus]]
[2024.12.14-17.36.34:479][  0]LogConfig: Setting CVar [[r.DOF.TemporalAAQuality:1                ; more stable temporal accumulation]]
[2024.12.14-17.36.34:479][  0]LogConfig: Setting CVar [[r.DOF.Kernel.MaxForegroundRadius:0.025]]
[2024.12.14-17.36.34:479][  0]LogConfig: Setting CVar [[r.DOF.Kernel.MaxBackgroundRadius:0.025]]
[2024.12.14-17.36.34:480][  0]LogConfig: Applying CVar settings from Section [TextureQuality@3] File [C:/Users/nanim/GitHub/NewNewInsectHeaven/InsectHeaven/Saved/Config/Windows/Scalability.ini]
[2024.12.14-17.36.34:480][  0]LogConfig: Setting CVar [[r.Streaming.MipBias:0]]
[2024.12.14-17.36.34:480][  0]LogConfig: Setting CVar [[r.Streaming.AmortizeCPUToGPUCopy:0]]
[2024.12.14-17.36.34:480][  0]LogConfig: Setting CVar [[r.Streaming.MaxNumTexturesToStreamPerFrame:0]]
[2024.12.14-17.36.34:480][  0]LogConfig: Setting CVar [[r.Streaming.Boost:1]]
[2024.12.14-17.36.34:480][  0]LogConfig: Setting CVar [[r.MaxAnisotropy:8]]
[2024.12.14-17.36.34:480][  0]LogConfig: Setting CVar [[r.VT.MaxAnisotropy:8]]
[2024.12.14-17.36.34:480][  0]LogConfig: Setting CVar [[r.Streaming.LimitPoolSizeToVRAM:0]]
[2024.12.14-17.36.34:480][  0]LogConfig: Setting CVar [[r.Streaming.PoolSize:1000]]
[2024.12.14-17.36.34:481][  0]LogConfig: Setting CVar [[r.Streaming.MaxEffectiveScreenSize:0]]
[2024.12.14-17.36.34:481][  0]LogConfig: Applying CVar settings from Section [EffectsQuality@3] File [C:/Users/nanim/GitHub/NewNewInsectHeaven/InsectHeaven/Saved/Config/Windows/Scalability.ini]
[2024.12.14-17.36.34:481][  0]LogConfig: Setting CVar [[r.TranslucencyLightingVolumeDim:64]]
[2024.12.14-17.36.34:481][  0]LogConfig: Setting CVar [[r.RefractionQuality:2]]
[2024.12.14-17.36.34:481][  0]LogConfig: Setting CVar [[r.SSR.Quality:3]]
[2024.12.14-17.36.34:481][  0]LogConfig: Setting CVar [[r.SSR.HalfResSceneColor:0]]
[2024.12.14-17.36.34:481][  0]LogConfig: Setting CVar [[r.SceneColorFormat:4]]
[2024.12.14-17.36.34:481][  0]LogConfig: Setting CVar [[r.DetailMode:2]]
[2024.12.14-17.36.34:481][  0]LogConfig: Setting CVar [[r.TranslucencyVolumeBlur:1]]
[2024.12.14-17.36.34:481][  0]LogConfig: Setting CVar [[r.MaterialQualityLevel:1 ; High quality]]
[2024.12.14-17.36.34:481][  0]LogConfig: Setting CVar [[r.AnisotropicMaterials:1]]
[2024.12.14-17.36.34:482][  0]LogConfig: Setting CVar [[r.SSS.Scale:1]]
[2024.12.14-17.36.34:482][  0]LogConfig: Setting CVar [[r.SSS.SampleSet:2]]
[2024.12.14-17.36.34:482][  0]LogConfig: Setting CVar [[r.SSS.Quality:1]]
[2024.12.14-17.36.34:482][  0]LogConfig: Setting CVar [[r.SSS.HalfRes:0]]
[2024.12.14-17.36.34:482][  0]LogConfig: Setting CVar [[r.SSGI.Quality:3]]
[2024.12.14-17.36.34:482][  0]LogConfig: Setting CVar [[r.EmitterSpawnRateScale:1.0]]
[2024.12.14-17.36.34:482][  0]LogConfig: Setting CVar [[r.ParticleLightQuality:2]]
[2024.12.14-17.36.34:482][  0]LogConfig: Setting CVar [[r.SkyAtmosphere.AerialPerspectiveLUT.FastApplyOnOpaque:1 ; Always have FastSkyLUT 1 in this case to avoid wrong sky]]
[2024.12.14-17.36.34:482][  0]LogConfig: Setting CVar [[r.SkyAtmosphere.AerialPerspectiveLUT.SampleCountMaxPerSlice:4]]
[2024.12.14-17.36.34:482][  0]LogConfig: Setting CVar [[r.SkyAtmosphere.AerialPerspectiveLUT.DepthResolution:16.0]]
[2024.12.14-17.36.34:482][  0]LogConfig: Setting CVar [[r.SkyAtmosphere.FastSkyLUT:1]]
[2024.12.14-17.36.34:482][  0]LogConfig: Setting CVar [[r.SkyAtmosphere.FastSkyLUT.SampleCountMin:4.0]]
[2024.12.14-17.36.34:483][  0]LogConfig: Setting CVar [[r.SkyAtmosphere.FastSkyLUT.SampleCountMax:128.0]]
[2024.12.14-17.36.34:483][  0]LogConfig: Setting CVar [[r.SkyAtmosphere.SampleCountMin:4.0]]
[2024.12.14-17.36.34:483][  0]LogConfig: Setting CVar [[r.SkyAtmosphere.SampleCountMax:128.0]]
[2024.12.14-17.36.34:483][  0]LogConfig: Setting CVar [[r.SkyAtmosphere.TransmittanceLUT.UseSmallFormat:0]]
[2024.12.14-17.36.34:483][  0]LogConfig: Setting CVar [[r.SkyAtmosphere.TransmittanceLUT.SampleCount:10.0]]
[2024.12.14-17.36.34:483][  0]LogConfig: Setting CVar [[r.SkyAtmosphere.MultiScatteringLUT.SampleCount:15.0]]
[2024.12.14-17.36.34:483][  0]LogConfig: Setting CVar [[r.SkyLight.RealTimeReflectionCapture:1]]
[2024.12.14-17.36.34:483][  0]LogConfig: Applying CVar settings from Section [FoliageQuality@3] File [C:/Users/nanim/GitHub/NewNewInsectHeaven/InsectHeaven/Saved/Config/Windows/Scalability.ini]
[2024.12.14-17.36.34:483][  0]LogConfig: Setting CVar [[foliage.DensityScale:1.0]]
[2024.12.14-17.36.34:484][  0]LogConfig: Setting CVar [[grass.DensityScale:1.0]]
[2024.12.14-17.36.34:484][  0]LogConfig: Applying CVar settings from Section [ShadingQuality@3] File [C:/Users/nanim/GitHub/NewNewInsectHeaven/InsectHeaven/Saved/Config/Windows/Scalability.ini]
[2024.12.14-17.36.34:484][  0]LogConfig: Setting CVar [[r.HairStrands.SkyLighting.IntegrationType:2]]
[2024.12.14-17.36.34:484][  0]LogConfig: Setting CVar [[r.HairStrands.SkyAO.SampleCount:4]]
[2024.12.14-17.36.34:484][  0]LogConfig: Setting CVar [[r.HairStrands.Visibility.MSAA.SamplePerPixel:4]]
[2024.12.14-17.36.34:484][  0]LogConfig: Applying CVar settings from Section [Startup] File [../../../Engine/Config/ConsoleVariables.ini]
[2024.12.14-17.36.34:484][  0]LogConfig: Setting CVar [[net.UseAdaptiveNetUpdateFrequency:0]]
[2024.12.14-17.36.34:485][  0]LogConfig: Setting CVar [[p.chaos.AllowCreatePhysxBodies:1]]
[2024.12.14-17.36.34:485][  0]LogConfig: Setting CVar [[fx.SkipVectorVMBackendOptimizations:1]]
[2024.12.14-17.36.34:485][  0]LogConfig: Applying CVar settings from Section [ConsoleVariables] File [C:/Users/nanim/GitHub/NewNewInsectHeaven/InsectHeaven/Saved/Config/Windows/Engine.ini]
[2024.12.14-17.36.34:485][  0]LogConfig: Applying CVar settings from Section [ConsoleVariables] File [C:/Users/nanim/GitHub/NewNewInsectHeaven/InsectHeaven/Saved/Config/Windows/Editor.ini]
[2024.12.14-17.36.34:485][  0]LogInit: Computer: DESKTOP-NS5ONMH
[2024.12.14-17.36.34:485][  0]LogInit: User: nanim
[2024.12.14-17.36.34:485][  0]LogInit: CPU Page size=4096, Cores=12
[2024.12.14-17.36.34:485][  0]LogInit: High frequency timer resolution =10.000000 MHz
[2024.12.14-17.36.34:485][  0]LogMemory: Memory total: Physical=31.2GB (32GB approx)
[2024.12.14-17.36.34:486][  0]LogMemory: Platform Memory Stats for Windows
[2024.12.14-17.36.34:486][  0]LogMemory: Process Physical Memory: 149.89 MB used, 149.89 MB peak
[2024.12.14-17.36.34:486][  0]LogMemory: Process Virtual Memory: 124.86 MB used, 124.86 MB peak
[2024.12.14-17.36.34:486][  0]LogMemory: Physical Memory: 15960.06 MB used,  15947.17 MB free, 31907.23 MB total
[2024.12.14-17.36.34:486][  0]LogMemory: Virtual Memory: 134177488.00 MB used,  40242.05 MB free, 134217728.00 MB total
[2024.12.14-17.36.34:499][  0]LogWindows: WindowsPlatformFeatures enabled
[2024.12.14-17.36.34:607][  0]LogInit: Physics initialised using underlying interface: PhysX
[2024.12.14-17.36.34:608][  0]LogInit: Using OS detected language (ko-KR).
[2024.12.14-17.36.34:608][  0]LogInit: Using OS detected locale (ko-KR).
[2024.12.14-17.36.34:612][  0]LogTextLocalizationManager: No specific localization for 'ko-KR' exists, so the 'ko' localization will be used.
[2024.12.14-17.36.34:681][  0]LogInit: Setting process to per monitor DPI aware
[2024.12.14-17.36.34:820][  0]LogWindowsTextInputMethodSystem: Display: IME system deactivated.
[2024.12.14-17.36.34:852][  0]LogSlate: New Slate User Created.  User Index 0, Is Virtual User: 0
[2024.12.14-17.36.34:852][  0]LogSlate: Slate User Registered.  User Index 0, Is Virtual User: 0
[2024.12.14-17.36.34:991][  0]LogD3D11RHI: Loaded GFSDK_Aftermath_Lib.x64.dll
[2024.12.14-17.36.34:999][  0]LogHMD: Failed to initialize OpenVR with code 110
[2024.12.14-17.36.34:999][  0]LogD3D11RHI: D3D11 min allowed feature level: 11_0
[2024.12.14-17.36.34:999][  0]LogD3D11RHI: D3D11 max allowed feature level: 11_0
[2024.12.14-17.36.34:999][  0]LogD3D11RHI: D3D11 adapters:
[2024.12.14-17.36.35:113][  0]LogD3D11RHI:    0. 'AMD Radeon RX 7900 XTX' (Feature Level 11_0)
[2024.12.14-17.36.35:113][  0]LogD3D11RHI:       24491/0/15953 MB DedicatedVideo/DedicatedSystem/SharedSystem, Outputs:2, VendorId:0x1002
[2024.12.14-17.36.35:180][  0]LogD3D11RHI:    1. 'AMD Radeon(TM) Graphics' (Feature Level 11_0)
[2024.12.14-17.36.35:180][  0]LogD3D11RHI:       459/0/15953 MB DedicatedVideo/DedicatedSystem/SharedSystem, Outputs:0, VendorId:0x1002
[2024.12.14-17.36.35:185][  0]LogD3D11RHI:    2. 'Microsoft Basic Render Driver' (Feature Level 11_0)
[2024.12.14-17.36.35:185][  0]LogD3D11RHI:       0/0/15953 MB DedicatedVideo/DedicatedSystem/SharedSystem, Outputs:0, VendorId:0x1414
[2024.12.14-17.36.35:185][  0]LogD3D11RHI: Chosen D3D11 Adapter:
[2024.12.14-17.36.35:185][  0]LogD3D11RHI:     Description : AMD Radeon RX 7900 XTX
[2024.12.14-17.36.35:186][  0]LogD3D11RHI:     VendorId    : 1002
[2024.12.14-17.36.35:186][  0]LogD3D11RHI:     DeviceId    : 744c
[2024.12.14-17.36.35:186][  0]LogD3D11RHI:     SubSysId    : e3b1002
[2024.12.14-17.36.35:186][  0]LogD3D11RHI:     Revision    : 00c8
[2024.12.14-17.36.35:186][  0]LogD3D11RHI:     DedicatedVideoMemory : 25681567744 bytes
[2024.12.14-17.36.35:186][  0]LogD3D11RHI:     DedicatedSystemMemory : 0 bytes
[2024.12.14-17.36.35:186][  0]LogD3D11RHI:     SharedSystemMemory : 16728580096 bytes
[2024.12.14-17.36.35:186][  0]LogD3D11RHI:     AdapterLuid : 0 75829
[2024.12.14-17.36.35:192][  0]LogD3D11RHI: Creating new Direct3DDevice
[2024.12.14-17.36.35:192][  0]LogD3D11RHI:     GPU DeviceId: 0x744c (for the marketing name, search the web for "GPU Device Id")
[2024.12.14-17.36.35:193][  0]LogWindows: EnumDisplayDevices:
[2024.12.14-17.36.35:193][  0]LogWindows:    0. 'AMD Radeon RX 7900 XTX' (P:1 D:1)
[2024.12.14-17.36.35:194][  0]LogWindows:    1. 'AMD Radeon RX 7900 XTX' (P:0 D:1)
[2024.12.14-17.36.35:195][  0]LogWindows:    2. 'AMD Radeon RX 7900 XTX' (P:0 D:0)
[2024.12.14-17.36.35:195][  0]LogWindows:    3. 'AMD Radeon RX 7900 XTX' (P:0 D:0)
[2024.12.14-17.36.35:196][  0]LogWindows:    4. 'AMD Radeon RX 7900 XTX' (P:0 D:0)
[2024.12.14-17.36.35:197][  0]LogWindows:    5. 'AMD Radeon(TM) Graphics' (P:0 D:0)
[2024.12.14-17.36.35:198][  0]LogWindows:    6. 'AMD Radeon(TM) Graphics' (P:0 D:0)
[2024.12.14-17.36.35:199][  0]LogWindows:    7. 'AMD Radeon(TM) Graphics' (P:0 D:0)
[2024.12.14-17.36.35:199][  0]LogWindows:    8. 'AMD Radeon(TM) Graphics' (P:0 D:0)
[2024.12.14-17.36.35:200][  0]LogWindows:    9. 'AMD Radeon(TM) Graphics' (P:0 D:0)
[2024.12.14-17.36.35:201][  0]LogWindows: DebugString: PrimaryIsNotTheChoosenAdapter PrimaryIsNotTheChoosenAdapter PrimaryIsNotTheChoosenAdapter PrimaryIsNotTheChoosenAdapter PrimaryIsNotTheChoosenAdapter FoundDriverCount:5 
[2024.12.14-17.36.35:201][  0]LogD3D11RHI:     Adapter Name: AMD Radeon RX 7900 XTX
[2024.12.14-17.36.35:201][  0]LogD3D11RHI:   Driver Version: AMD Software: Adrenalin Edition 24.9.1 (internal:32.0.12011.1036, unified:32.0.12011.1036)
[2024.12.14-17.36.35:201][  0]LogD3D11RHI:      Driver Date: 9-26-2024
[2024.12.14-17.36.35:201][  0]LogRHI: Texture pool is 16606 MB (70% of 23723 MB)
[2024.12.14-17.36.35:258][  0]LogD3D11RHI: Creating D3DDevice with AMD AGS, using adapter:
[2024.12.14-17.36.35:258][  0]LogD3D11RHI:     Description : AMD Radeon RX 7900 XTX
[2024.12.14-17.36.35:258][  0]LogD3D11RHI:     VendorId    : 1002
[2024.12.14-17.36.35:258][  0]LogD3D11RHI:     DeviceId    : 744c
[2024.12.14-17.36.35:258][  0]LogD3D11RHI:     SubSysId    : e3b1002
[2024.12.14-17.36.35:258][  0]LogD3D11RHI:     Revision    : 00c8
[2024.12.14-17.36.35:259][  0]LogD3D11RHI:     DedicatedVideoMemory : 25681567744 bytes
[2024.12.14-17.36.35:259][  0]LogD3D11RHI:     DedicatedSystemMemory : 0 bytes
[2024.12.14-17.36.35:259][  0]LogD3D11RHI:     SharedSystemMemory : 16728580096 bytes
[2024.12.14-17.36.35:259][  0]LogD3D11RHI:     AdapterLuid : 0 75829
[2024.12.14-17.36.35:340][  0]LogD3D11RHI: Created device via AGS, feature level 11_0, supported extensions 1fffffbf.
[2024.12.14-17.36.35:340][  0]LogD3D11RHI: RHI has support for 64 bit atomics
[2024.12.14-17.36.35:340][  0]LogD3D11RHI: Async texture creation enabled
[2024.12.14-17.36.35:340][  0]LogD3D11RHI: Array index from any shader is supported
[2024.12.14-17.36.35:350][  0]LogD3D11RHI: GPU Timing Frequency: 100.000000 (Debug: 2 1)
[2024.12.14-17.36.35:604][  0]LogTargetPlatformManager: Display: Loaded TargetPlatform 'AllDesktop'
[2024.12.14-17.36.35:628][  0]LogTargetPlatformManager: Display: Loaded TargetPlatform 'Android'
[2024.12.14-17.36.35:628][  0]LogTargetPlatformManager: Display: Loaded TargetPlatform 'Android_ASTC'
[2024.12.14-17.36.35:629][  0]LogTargetPlatformManager: Display: Loaded TargetPlatform 'Android_DXT'
[2024.12.14-17.36.35:629][  0]LogTargetPlatformManager: Display: Loaded TargetPlatform 'Android_ETC2'
[2024.12.14-17.36.35:629][  0]LogTargetPlatformManager: Display: Loaded TargetPlatform 'AndroidClient'
[2024.12.14-17.36.35:629][  0]LogTargetPlatformManager: Display: Loaded TargetPlatform 'Android_ASTCClient'
[2024.12.14-17.36.35:629][  0]LogTargetPlatformManager: Display: Loaded TargetPlatform 'Android_DXTClient'
[2024.12.14-17.36.35:629][  0]LogTargetPlatformManager: Display: Loaded TargetPlatform 'Android_ETC2Client'
[2024.12.14-17.36.35:629][  0]LogTargetPlatformManager: Display: Loaded TargetPlatform 'Android_Multi'
[2024.12.14-17.36.35:629][  0]LogTargetPlatformManager: Display: Loaded TargetPlatform 'Android_MultiClient'
[2024.12.14-17.36.35:660][  0]LogTargetPlatformManager: Display: Loaded TargetPlatform 'IOSClient'
[2024.12.14-17.36.35:660][  0]LogTargetPlatformManager: Display: Loaded TargetPlatform 'IOS'
[2024.12.14-17.36.35:675][  0]LogTargetPlatformManager: Display: Loaded TargetPlatform 'Linux'
[2024.12.14-17.36.35:683][  0]LogTargetPlatformManager: Display: Loaded TargetPlatform 'LinuxNoEditor'
[2024.12.14-17.36.35:692][  0]LogTargetPlatformManager: Display: Loaded TargetPlatform 'LinuxClient'
[2024.12.14-17.36.35:700][  0]LogTargetPlatformManager: Display: Loaded TargetPlatform 'LinuxServer'
[2024.12.14-17.36.35:713][  0]LogTargetPlatformManager: Display: Loaded TargetPlatform 'LinuxAArch64NoEditor'
[2024.12.14-17.36.35:722][  0]LogTargetPlatformManager: Display: Loaded TargetPlatform 'LinuxAArch64Client'
[2024.12.14-17.36.35:731][  0]LogTargetPlatformManager: Display: Loaded TargetPlatform 'LinuxAArch64Server'
[2024.12.14-17.36.35:753][  0]LogTargetPlatformManager: Display: Loaded TargetPlatform 'Lumin'
[2024.12.14-17.36.35:753][  0]LogTargetPlatformManager: Display: Loaded TargetPlatform 'LuminClient'
[2024.12.14-17.36.35:765][  0]LogTargetPlatformManager: Display: Loaded TargetPlatform 'MacNoEditor'
[2024.12.14-17.36.35:773][  0]LogTargetPlatformManager: Display: Loaded TargetPlatform 'Mac'
[2024.12.14-17.36.35:782][  0]LogTargetPlatformManager: Display: Loaded TargetPlatform 'MacClient'
[2024.12.14-17.36.35:790][  0]LogTargetPlatformManager: Display: Loaded TargetPlatform 'MacServer'
[2024.12.14-17.36.35:802][  0]LogTargetPlatformManager: Display: Loaded TargetPlatform 'TVOSClient'
[2024.12.14-17.36.35:803][  0]LogTargetPlatformManager: Display: Loaded TargetPlatform 'TVOS'
[2024.12.14-17.36.35:814][  0]LogTargetPlatformManager: Display: Loaded TargetPlatform 'WindowsNoEditor'
[2024.12.14-17.36.35:823][  0]LogTargetPlatformManager: Display: Loaded TargetPlatform 'Windows'
[2024.12.14-17.36.35:832][  0]LogTargetPlatformManager: Display: Loaded TargetPlatform 'WindowsClient'
[2024.12.14-17.36.35:840][  0]LogTargetPlatformManager: Display: Loaded TargetPlatform 'WindowsServer'
[2024.12.14-17.36.35:840][  0]LogTargetPlatformManager: Display: Building Assets For Windows
[2024.12.14-17.36.35:870][  0]LogAudioDebug: Display: Lib vorbis DLL was dynamically loaded.
[2024.12.14-17.36.35:983][  0]LogTextureFormatOodle: Display: Oodle Texture 2.9.0 init RDO Off
[2024.12.14-17.36.36:078][  0]LogRendererCore: Ray tracing is disabled. Reason: r.RayTracing=0.
[2024.12.14-17.36.36:078][  0]LogShaderCompilers: Guid format shader working directory is -19 characters bigger than the processId version (../../../../../Users/nanim/GitHub/NewNewInsectHeaven/InsectHeaven/Intermediate/Shaders/WorkingDirectory/3388/).
[2024.12.14-17.36.36:078][  0]LogShaderCompilers: Cleaned the shader compiler working directory 'C:/Users/nanim/AppData/Local/Temp/UnrealShaderWorkingDir/7505FAC242C022F2104FF8BED4B8BFCF/'.
[2024.12.14-17.36.36:078][  0]LogXGEController: Cannot use XGE Controller as Incredibuild is not installed on this machine.
[2024.12.14-17.36.36:079][  0]LogShaderCompilers: Cannot use XGE Shader Compiler as Incredibuild is not installed on this machine.
[2024.12.14-17.36.36:079][  0]LogShaderCompilers: Display: Using Local Shader Compiler.
[2024.12.14-17.36.36:534][  0]LogDerivedDataCache: Display: Max Cache Size: 512 MB
[2024.12.14-17.36.36:573][  0]LogDerivedDataCache: Loaded boot cache 0.04s 94MB C:/Users/nanim/AppData/Local/UnrealEngine/4.27/DerivedDataCache/Boot.ddc.
[2024.12.14-17.36.36:574][  0]LogDerivedDataCache: Display: Loaded Boot cache: C:/Users/nanim/AppData/Local/UnrealEngine/4.27/DerivedDataCache/Boot.ddc
[2024.12.14-17.36.36:574][  0]LogDerivedDataCache: FDerivedDataBackendGraph:  Pak pak cache file ../../../../../Users/nanim/GitHub/NewNewInsectHeaven/InsectHeaven/DerivedDataCache/DDC.ddp not found, will not use a pak cache.
[2024.12.14-17.36.36:574][  0]LogDerivedDataCache: Unable to find inner node Pak for hierarchical cache Hierarchy.
[2024.12.14-17.36.36:574][  0]LogDerivedDataCache: FDerivedDataBackendGraph:  CompressedPak pak cache file ../../../../../Users/nanim/GitHub/NewNewInsectHeaven/InsectHeaven/DerivedDataCache/Compressed.ddp not found, will not use a pak cache.
[2024.12.14-17.36.36:574][  0]LogDerivedDataCache: Unable to find inner node CompressedPak for hierarchical cache Hierarchy.
[2024.12.14-17.36.36:586][  0]LogDerivedDataCache: Display: Pak cache opened for reading ../../../Engine/DerivedDataCache/Compressed.ddp.
[2024.12.14-17.36.36:586][  0]LogDerivedDataCache: FDerivedDataBackendGraph:  EnterprisePak pak cache file ../../../Enterprise/DerivedDataCache/Compressed.ddp not found, will not use a pak cache.
[2024.12.14-17.36.36:586][  0]LogDerivedDataCache: Unable to find inner node EnterprisePak for hierarchical cache Hierarchy.
[2024.12.14-17.36.36:594][  0]LogDerivedDataCache: Speed tests for C:/Users/nanim/AppData/Local/UnrealEngine/Common/DerivedDataCache took 0.01 seconds
[2024.12.14-17.36.36:594][  0]LogDerivedDataCache: Display: Performance to C:/Users/nanim/AppData/Local/UnrealEngine/Common/DerivedDataCache: Latency=0.04ms. RandomReadSpeed=888.97MBs, RandomWriteSpeed=149.68MBs. Assigned SpeedClass 'Local'
[2024.12.14-17.36.36:595][  0]LogDerivedDataCache: Using Local data cache path C:/Users/nanim/AppData/Local/UnrealEngine/Common/DerivedDataCache: Writable
[2024.12.14-17.36.36:595][  0]LogDerivedDataCache: Shared data cache path not found in *engine.ini, will not use an Shared cache.
[2024.12.14-17.36.36:595][  0]LogDerivedDataCache: Unable to find inner node Shared for hierarchical cache Hierarchy.
[2024.12.14-17.36.36:620][  0]LogSlate: Using FreeType 2.10.0
[2024.12.14-17.36.36:621][  0]LogSlate: SlateFontServices - WITH_FREETYPE: 1, WITH_HARFBUZZ: 1
[2024.12.14-17.36.36:641][  0]LogAssetRegistry: FAssetRegistry took 0.0022 seconds to start up
[2024.12.14-17.36.36:786][  0]LogInit: Selected Device Profile: [Windows]
[2024.12.14-17.36.36:786][  0]LogInit: Active device profile: [00000199DC7EC700][00000199DC094980 49] Windows
[2024.12.14-17.36.36:786][  0]LogInit: Profiles: [00000199DC7EC700][00000199DC094980 49] Windows, [00000199DC7AF700][00000199DC09CB00 49] WindowsNoEditor, [00000199DC7EF300][00000199DC0A0C80 49] WindowsServer, [00000199DC7ACF00][00000199DC0A4E00 49] WindowsClient, [00000199DC7EF500][00000199DC0A8F80 49] IOS, [00000199DC79FF00][00000199DC0AD100 49] iPadAir, [00000199DC7AFB00][00000199DC0B1280 49] iPadAir2, [00000199DC760500][00000199DC0B9540 49] IPadPro, [00000199DC760600][00000199DC0B5580 49] iPadAir3, [00000199DC79C100][00000199DC0BD700 49] iPadAir4, [00000199DC762C00][00000199DC0C1880 49] iPadMini2, [00000199DC79E500][00000199DC0C5A00 49] iPadMini3, [00000199DC763400][00000199DC0C9B80 49] iPadMini4, [00000199DC79CF00][00000199DC0CC180 49] iPadMini5, [00000199DC74FE00][00000199DD2A2440 49] iPhone6, [00000199DC74FF00][00000199DD29E480 49] iPodTouch6, [00000199DC7EF900][00000199DD2AA740 49] iPhone7, [00000199DC7EE100][00000199DD2A6780 49] iPodTouch7, [00000199DC74C400][00000199DC0988C0 49] iPhone5S, [00000199DC763D00][00000199DD2AEA00 49] iPhone6Plus, [00000199DC7EF400][00000199DD2B2B40 49] iPhone6S, [00000199DC762000][00000199DD2BACC0 49] iPhone6SPlus, [00000199DC7EC900][00000199DD2BEE40 49] iPhone7Plus, [00000199DC760E00][00000199DD2C2FC0 49] iPhoneSE, [00000199DC7EF100][00000199DD2C7140 49] iPhone8, [00000199DC762400][00000199DD2CB2C0 49] iPhone8Plus, [00000199DC7EFA00][00000199DD2CF440 49] iPhoneX, [00000199DC763E00][00000199DD2D35C0 49] iPhoneXS, [00000199DC7ED500][00000199DD2D7740 49] iPhoneXSMax, [00000199DC762500][00000199DD2DB8C0 49] iPhoneXR, [00000199DC7EEA00][00000199DD2DFA40 49] iPhone11, [00000199DC763A00][00000199DD2E3BC0 49] iPhone11Pro, [00000199DC7ECF00][00000199DD2E61C0 49] iPhone11ProMax, [00000199DC762300][00000199DD2EA340 49] iPhoneSE2, [00000199DC7ED700][00000199DD2EE4C0 49] iPhone12Mini, [00000199DC760700][00000199DD2F2640 49] iPhone12, [00000199DC7EC300][00000199DD2F67C0 49] iPhone12Pro, [00000199DC763500][00000199DD2FA940 49] iPhone12ProMax, [00000199DC7ECB00][00000199DD2B6A80 49] iPadPro105, [00000199DC761B00][00000199DD2FEBC0 49] iPadPro129, [00000199DC7EC200][00000199DD302D00 49] iPadPro97, [00000199DC762100][00000199DD30AE80 49] iPadPro2_129, [00000199DC7ECD00][00000199DD30F000 49] iPad5, [00000199DC763000][00000199DD313180 49] iPad6, [00000199DC7EEC00][00000199DD317300 49] iPad7, [00000199DC762E00][00000199DD31B480 49] iPad8, [00000199DC7ED900][00000199DD31F600 49] iPadPro11, [00000199DC763F00][00000199DD323780 49] iPadPro2_11, [00000199DC7ED600][00000199DD327900 49] iPadPro3_129, [00000199DC762700][00000199DD32BA80 49] iPadPro4_129, [00000199DC7EE600][00000199DD32FC00 49] AppleTV, [00000199DC762B00][00000199DD332200 49] AppleTV4K, [00000199DC7EDB00][00000199DD38E380 49] TVOS, [00000199DC760900][00000199DD400500 49] Mac, [00000199DC7EE700][00000199D5386680 49] MacClient, [00000199DC762F00][00000199D1C28800 49] MacNoEditor, [00000199DC7EFB00][00000199D2346980 49] MacServer, [00000199DC760400][00000199D53D6B00 49] Linux, [00000199DC7EEE00][00000199DD306C40 49] LinuxAArch64, [00000199DC761500][00000199D53DAD80 49] LinuxNoEditor, [00000199DC7EEB00][00000199D53DEEC0 49] LinuxAArch64NoEditor, [00000199DC763600][00000199D53E7040 49] LinuxClient, [00000199DC7EED00][00000199D53EF1C0 49] LinuxAArch64Client, [00000199DC760B00][00000199D53FF340 49] LinuxServer, [00000199DC7EC400][00000199DD4BD4C0 49] LinuxAArch64Server, [00000199DC763C00][00000199DD4C1640 49] Android, [00000199DC79FA00][00000199DE8D97C0 49] Android_Low, [00000199DC74DB00][00000199DE8E1940 49] Android_Mid, [00000199DC79F000][00000199DE8E9AC0 49] Android_High, [00000199DC74E300][00000199DE8EC0C0 49] Android_Default, [00000199DC79E000][00000199DD3BE240 49] Android_Adreno4xx, [00000199DC74C100][00000199DD3FC3C0 49] Android_Adreno5xx_Low, [00000199DC79CB00][00000199D1C1A540 49] Android_Adreno5xx, [00000199DC74D800][00000199D1C1E6C0 49] Android_Adreno6xx, [00000199DC79D100][00000199D77E8840 49] Android_Adreno6xx_Vulkan, [00000199DC74C800][00000199D77EC9C0 49] Android_Mali_T6xx, [00000199DC79F600][00000199DE8E4B40 49] Android_Mali_T7xx, [00000199DC74CD00][00000199D77F0CC0 49] Android_Mali_T8xx, [00000199DC79FC00][00000199D53E2E00 49] Android_Mali_G71, [00000199DC74D500][00000199D77F4F40 49] Android_Mali_G72, [00000199DC79FE00][00000199D77FD080 49] Android_Mali_G72_Vulkan, [00000199DC74FD00][00000199D23291C0 49] Android_Mali_G76, [00000199DC79F900][00000199D233F340 49] Android_Mali_G76_Vulkan, [00000199DC74F600][00000199D23434C0 49] Android_Mali_G77, [00000199DC79E200][00000199DD44F640 49] Android_Mali_G77_Vulkan, [00000199DC74F800][00000199DD4537C0 49] Android_Mali_G78, [00000199DC79CA00][00000199DD45B940 49] Android_Mali_G78_Vulkan, [00000199DC74F400][00000199DD45FAC0 49] Android_Mali_G710, [00000199DC79D400][00000199DD4620C0 49] Android_Mali_G710_Vulkan, [00000199DC74C600][00000199DD466240 49] Android_Vulkan_SM5, [00000199DC79E400][00000199DD46A3C0 49] Android_PowerVR_G6xxx, [00000199DC74CE00][00000199DD46E540 49] Android_PowerVR_GT7xxx, [00000199DC79C200][00000199DD4726C0 49] Android_PowerVR_GE8xxx, [00000199DC74C700][00000199DD476840 49] Android_PowerVR_GM9xxx, [00000199DC79E100][00000199DD49E9C0 49] Android_PowerVR_GM9xxx_Vulkan, [00000199DC762600][00000199D5370B40 49] Android_TegraK1, [00000199DC79EA00][00000199D5374CC0 49] Android_Unknown_Vulkan, [00000199DC761400][00000199D5380E40 49] Lumin, [00000199DC79D300][00000199D233AF80 49] Lumin_Desktop, [00000199DC760C00][00000199D1BDF0C0 49] HoloLens, 
[2024.12.14-17.36.36:925][  0]LogMeshReduction: Using QuadricMeshReduction for automatic static mesh reduction
[2024.12.14-17.36.36:925][  0]LogMeshReduction: Using SimplygonMeshReduction for automatic skeletal mesh reduction
[2024.12.14-17.36.36:925][  0]LogMeshReduction: Using ProxyLODMeshReduction for automatic mesh merging
[2024.12.14-17.36.36:925][  0]LogMeshReduction: No distributed automatic mesh merging module available
[2024.12.14-17.36.36:925][  0]LogMeshMerging: No distributed automatic mesh merging module available
[2024.12.14-17.36.36:943][  0]LogNetVersion: InsectHeaven 1.0.0, NetCL: 17155196, EngineNetVer: 17, GameNetVer: 0 (Checksum: 3375795940)
[2024.12.14-17.36.37:197][  0]LogTexture: Default maximum texture size for cubemaps generated from long-lat sources has been changed from 512 to unlimited. In order to preserve old behaiour for '/Engine/MapTemplates/Sky/DaylightAmbientCubemap.DaylightAmbientCubemap', its maximum texture size has been explicitly set to 512.
[2024.12.14-17.36.37:231][  0]LogHMD: PokeAHoleMaterial loaded successfully
[2024.12.14-17.36.37:236][  0]LogUObjectArray: 17178 objects as part of root set at end of initial load.
[2024.12.14-17.36.37:236][  0]LogUObjectAllocator: 4302048 out of 0 bytes used by permanent object pool.
[2024.12.14-17.36.37:236][  0]LogUObjectArray: CloseDisregardForGC: 0/0 objects in disregard for GC pool
[2024.12.14-17.36.38:128][  0]LogNiagaraDebuggerClient: Niagara Debugger Client Initialized | Session: 1263A27341CD7BC8F542078DBF6DE874 | Instance: 227897C8456DE37EA9089AB46332994B (DESKTOP-NS5ONMH-3388).
[2024.12.14-17.36.38:387][  0]LogPython: Using Python 3.7.7
[2024.12.14-17.36.38:740][  0]LogTcpMessaging: Initializing TcpMessaging bridge
[2024.12.14-17.36.38:751][  0]LogUdpMessaging: Initializing bridge on interface 0.0.0.0:0 to multicast group 230.0.0.1:6666.
[2024.12.14-17.36.39:258][  0]SourceControl: 소스 컨트롤이 꺼졌습니다.
[2024.12.14-17.36.39:258][  0]SourceControl: 소스 컨트롤이 꺼졌습니다.
[2024.12.14-17.36.39:266][  0]SourceControl: 소스 컨트롤이 꺼졌습니다.
[2024.12.14-17.36.39:285][  0]SourceControl: 소스 컨트롤이 꺼졌습니다.
[2024.12.14-17.36.39:305][  0]SourceControl: 소스 컨트롤이 꺼졌습니다.
[2024.12.14-17.36.39:325][  0]LogUProjectInfo: Found projects:
[2024.12.14-17.36.39:890][  0]LogOpenImageDenoise: OIDN starting up
[2024.12.14-17.36.39:964][  0]LogAndroidPermission: UAndroidPermissionCallbackProxy::GetInstance
[2024.12.14-17.36.40:018][  0]LogAudioCaptureCore: Display: No Audio Capture implementations found. Audio input will be silent.
[2024.12.14-17.36.40:018][  0]LogAudioCaptureCore: Display: No Audio Capture implementations found. Audio input will be silent.
[2024.12.14-17.36.40:226][  0]LogCollectionManager: Loaded 0 collections in 0.001733 seconds
[2024.12.14-17.36.40:283][  0]LogFileCache: Scanning file cache for directory 'C:/Users/nanim/GitHub/NewNewInsectHeaven/InsectHeaven/Saved/Collections/' took 0.00s
[2024.12.14-17.36.40:283][  0]LogFileCache: Scanning file cache for directory 'C:/Users/nanim/GitHub/NewNewInsectHeaven/InsectHeaven/Content/Developers/nanim/Collections/' took 0.00s
[2024.12.14-17.36.40:283][  0]LogFileCache: Scanning file cache for directory 'C:/Users/nanim/GitHub/NewNewInsectHeaven/InsectHeaven/Content/Collections/' took 0.00s
[2024.12.14-17.36.40:284][  0]LogOcInput: OculusInput pre-init called
[2024.12.14-17.36.40:500][  0]LogClass: Display: IntProperty FCharacter_2D::Name is not initialized properly. Module:InsectHeaven File:Table/DataStruct/Character_2D.h
[2024.12.14-17.36.40:500][  0]LogClass: Display: IntProperty FCharacter_2D::ImageID is not initialized properly. Module:InsectHeaven File:Table/DataStruct/Character_2D.h
[2024.12.14-17.36.40:501][  0]LogClass: Warning: ObjectProperty FDialogueClip::formerAction is not initialized properly. Module:InsectHeaven File:Library/Dialogue/DialogueEditToolWidget.h
[2024.12.14-17.36.40:501][  0]LogClass: Warning: ObjectProperty FDialogueClip::nowAction is not initialized properly. Module:InsectHeaven File:Library/Dialogue/DialogueEditToolWidget.h
[2024.12.14-17.36.40:501][  0]LogClass: Display: IntProperty FResource_Widget::PathFile is not initialized properly. Module:InsectHeaven File:Table/DataStruct/Resource_Widget.h
[2024.12.14-17.36.40:501][  0]LogClass: Display: IntProperty FScript_Local::Test is not initialized properly. Module:InsectHeaven File:Table/DataStruct/Script_Local.h
[2024.12.14-17.36.40:501][  0]LogClass: Display: 6 Uninitialized script struct members found including 2 object properties
[2024.12.14-17.36.40:502][  0]LogAutomationTest: Warning: ObjectProperty FDialogueClip::formerAction is not initialized properly. Module:InsectHeaven File:Library/Dialogue/DialogueEditToolWidget.h
[2024.12.14-17.36.40:502][  0]LogAutomationTest: Warning: ObjectProperty FDialogueClip::nowAction is not initialized properly. Module:InsectHeaven File:Library/Dialogue/DialogueEditToolWidget.h
[2024.12.14-17.36.40:502][  0]LogEngine: Initializing Engine...
[2024.12.14-17.36.40:510][  0]LogHMD: Failed to enumerate extensions. Please check that you have a valid OpenXR runtime installed.
[2024.12.14-17.36.40:510][  0]LogHMD: Failed to initialize OpenVR with code 110
[2024.12.14-17.36.40:510][  0]LogMagicLeap: Warning: VR disabled because ZI is not enabled.  To enable, in the editor, Edit -> Project Settings -> Plugins -> Magic Leap Plugin -> Enable Zero Iteration
[2024.12.14-17.36.40:511][  0]LogStats: UGameplayTagsManager::InitializeManager -  0.000 s
[2024.12.14-17.36.40:601][  0]LogInit: Initializing FReadOnlyCVARCache
[2024.12.14-17.36.40:612][  0]LogAIModule: Creating AISystem for world Untitled
[2024.12.14-17.36.40:613][  0]LogAudio: Display: Initializing Audio Device Manager...
[2024.12.14-17.36.40:620][  0]LogAudio: Display: Loading Default Audio Settings Objects...
[2024.12.14-17.36.40:621][  0]LogAudio: Display: No default SoundConcurrencyObject specified (or failed to load).
[2024.12.14-17.36.40:621][  0]LogAudio: Display: Audio Device Manager Initialized
[2024.12.14-17.36.40:621][  0]LogAudio: Display: Creating Audio Device:                 Id: 1, Scope: Shared, Realtime: True
[2024.12.14-17.36.40:621][  0]LogAudioMixer: Display: Audio Mixer Platform Settings:
[2024.12.14-17.36.40:621][  0]LogAudioMixer: Display: 	Sample Rate:						  48000
[2024.12.14-17.36.40:621][  0]LogAudioMixer: Display: 	Callback Buffer Frame Size Requested: 1024
[2024.12.14-17.36.40:622][  0]LogAudioMixer: Display: 	Callback Buffer Frame Size To Use:	  1024
[2024.12.14-17.36.40:622][  0]LogAudioMixer: Display: 	Number of buffers to queue:			  2
[2024.12.14-17.36.40:622][  0]LogAudioMixer: Display: 	Max Channels (voices):				  32
[2024.12.14-17.36.40:622][  0]LogAudioMixer: Display: 	Number of Async Source Workers:		  0
[2024.12.14-17.36.40:622][  0]LogAudio: Display: AudioDevice MaxSources: 32
[2024.12.14-17.36.40:622][  0]LogAudio: Display: Audio Spatialization Plugin: None (built-in).
[2024.12.14-17.36.40:623][  0]LogAudio: Display: Audio Reverb Plugin: None (built-in).
[2024.12.14-17.36.40:623][  0]LogAudio: Display: Audio Occlusion Plugin: None (built-in).
[2024.12.14-17.36.40:623][  0]LogAudioMixer: Display: Initializing audio mixer.
[2024.12.14-17.36.40:661][  0]LogAudioMixer: Display: 0: FrontLeft
[2024.12.14-17.36.40:661][  0]LogAudioMixer: Display: 1: FrontRight
[2024.12.14-17.36.40:706][  0]LogAudioMixer: Display: Using Audio Device 스피커(ABKO N550)
[2024.12.14-17.36.40:709][  0]LogAudioMixer: Display: Initializing Sound Submixes...
[2024.12.14-17.36.40:712][  0]LogAudioMixer: Display: Creating Master Submix 'MasterSubmixDefault'
[2024.12.14-17.36.40:712][  0]LogAudioMixer: Display: Creating Master Submix 'MasterReverbSubmixDefault'
[2024.12.14-17.36.40:713][  0]LogAudioMixer: Display: Creating Master Submix 'MasterEQSubmixDefault'
[2024.12.14-17.36.40:713][  0]LogAudioMixer: FMixerPlatformXAudio2::StartAudioStream() called
[2024.12.14-17.36.40:713][  0]LogAudioMixer: Display: Output buffers initialized: Frames=1024, Channels=2, Samples=2048
[2024.12.14-17.36.40:714][  0]LogAudioMixer: Display: Starting AudioMixerPlatformInterface::RunInternal()
[2024.12.14-17.36.40:714][  0]LogAudioMixer: Display: FMixerPlatformXAudio2::SubmitBuffer() called for the first time
[2024.12.14-17.36.40:714][  0]LogInit: FAudioDevice initialized.
[2024.12.14-17.36.40:714][  0]LogAudio: Display: Audio Device (ID: 1) registered with world 'Untitled'.
[2024.12.14-17.36.40:714][  0]LogNetVersion: Set ProjectVersion to 1.0.0.0. Version Checksum will be recalculated on next use.
[2024.12.14-17.36.40:908][  0]LogDerivedDataCache: Saved boot cache 0.19s 94MB C:/Users/nanim/AppData/Local/UnrealEngine/4.27/DerivedDataCache/Boot.ddc.
[2024.12.14-17.36.40:909][  0]LogInit: Texture streaming: Enabled
[2024.12.14-17.36.40:937][  0]LogAnalytics: Display: [UEEditor.Rocket.Release] APIServer = https://datarouter.ol.epicgames.com/. AppVersion = 4.27.2-18319896+++UE4+Release-4.27
[2024.12.14-17.36.40:949][  0]LogEngineSessionManager: EngineSessionManager initialized
[2024.12.14-17.36.40:949][  0]LogEngineSessionManager: EngineSessionManager sent abnormal shutdown report. Type=Debugger, SessionId={1086F89A-4327-97D4-886D-8BB2ABEAABF7}
[2024.12.14-17.36.40:949][  0]LogEngineSessionManager: EngineSessionManager sent abnormal shutdown report. Type=Debugger, SessionId={8AC5FF51-4DB6-4AB2-1F55-A4A5B9B81940}
[2024.12.14-17.36.40:949][  0]LogEditorSessionSummary: Verbose: Initializing EditorSessionSummaryWriter for editor session tracking
[2024.12.14-17.36.40:952][  0]LogEditorSessionSummary: EditorSessionSummaryWriter initialized
[2024.12.14-17.36.40:981][  0]LogInit: Transaction tracking system initialized
[2024.12.14-17.36.41:029][  0]BlueprintLog: New page: 에디터 로드
[2024.12.14-17.36.41:157][  0]LocalizationService: 현지화 서비스가 비활성화되었습니다.
[2024.12.14-17.36.41:221][  0]TimingProfiler: Initialize
[2024.12.14-17.36.41:221][  0]TimingProfiler: OnSessionChanged
[2024.12.14-17.36.41:221][  0]LoadingProfiler: Initialize
[2024.12.14-17.36.41:221][  0]LoadingProfiler: OnSessionChanged
[2024.12.14-17.36.41:221][  0]NetworkingProfiler: Initialize
[2024.12.14-17.36.41:222][  0]NetworkingProfiler: OnSessionChanged
[2024.12.14-17.36.41:222][  0]MemoryProfiler: Initialize
[2024.12.14-17.36.41:222][  0]MemoryProfiler: OnSessionChanged
[2024.12.14-17.36.41:397][  0]LogCook: Display: CookSettings for Memory: MemoryMaxUsedVirtual 0MiB, MemoryMaxUsedPhysical 16384MiB, MemoryMinFreeVirtual 0MiB, MemoryMinFreePhysical 1024MiB
[2024.12.14-17.36.41:397][  0]LogCook: Display: Mobile HDR setting 1
[2024.12.14-17.36.41:611][  0]LogFileCache: Scanning file cache for directory 'C:/Users/nanim/GitHub/NewNewInsectHeaven/InsectHeaven/Content/' took 0.01s
[2024.12.14-17.36.41:897][  0]LogInit: Display: Engine is initialized. Leaving FEngineLoop::Init()
[2024.12.14-17.36.41:900][  0]SourceControl: 소스 컨트롤이 꺼졌습니다.
[2024.12.14-17.36.41:901][  0]LogUnrealEdMisc: Loading editor; pre map load, took 9.202
[2024.12.14-17.36.41:901][  0]Cmd: MAP LOAD FILE="../../../../../Users/nanim/GitHub/NewNewInsectHeaven/InsectHeaven/Content/Scene/EmptyMainLevel.umap" TEMPLATE=0 SHOWPROGRESS=1 FEATURELEVEL=3
[2024.12.14-17.36.41:901][  0]LightingResults: New page: 라이팅 빌드
[2024.12.14-17.36.41:902][  0]LogWorld: UWorld::CleanupWorld for Untitled, bSessionEnded=true, bCleanupResources=true
[2024.12.14-17.36.41:902][  0]LogSlate: InvalidateAllWidgets triggered.  All widgets were invalidated
[2024.12.14-17.36.41:903][  0]MapCheck: New page: 맵 체크
[2024.12.14-17.36.41:903][  0]LightingResults: New page: 라이팅 빌드
[2024.12.14-17.36.41:917][  0]LogAudio: Display: Audio Device unregistered from world 'None'.
[2024.12.14-17.36.41:920][  0]LogUObjectHash: Compacting FUObjectHashTables data took   0.48ms
[2024.12.14-17.36.41:924][  0]LogAudio: Display: Audio Device (ID: 1) registered with world 'EmptyMainLevel'.
[2024.12.14-17.36.41:925][  0]LogAIModule: Creating AISystem for world EmptyMainLevel
[2024.12.14-17.36.41:925][  0]LogEditorServer: Finished looking for orphan Actors (0.000 secs)
[2024.12.14-17.36.41:929][  0]LogUObjectHash: Compacting FUObjectHashTables data took   0.35ms
[2024.12.14-17.36.41:929][  0]Cmd: MAP CHECKDEP NOCLEARLOG
[2024.12.14-17.36.41:929][  0]MapCheck: 맵 체크 완료: 오류 0 회, 경고 0 회, 소요 시간 0.173ms.
[2024.12.14-17.36.41:930][  0]LogFileHelpers: Loading map 'EmptyMainLevel' took 0.028
[2024.12.14-17.36.41:934][  0]LogUnrealEdMisc: Total Editor Startup Time, took 9.234
[2024.12.14-17.36.42:073][  0]LogSlate: Updating window title bar state: overlay mode, drag disabled, window buttons hidden, title bar hidden
[2024.12.14-17.36.42:076][  0]LogSlate: Updating window title bar state: overlay mode, drag disabled, window buttons hidden, title bar hidden
[2024.12.14-17.36.42:080][  0]LogSlate: Updating window title bar state: overlay mode, drag disabled, window buttons hidden, title bar hidden
[2024.12.14-17.36.42:082][  0]LogSlate: Updating window title bar state: overlay mode, drag disabled, window buttons hidden, title bar hidden
[2024.12.14-17.36.42:093][  0]LogNativeClassHierarchy: Verbose: Native class hierarchy populated in 0.0065 seconds. Added 3875 classes and 945 folders.
[2024.12.14-17.36.42:095][  0]LogNativeClassHierarchy: Verbose: Native class hierarchy updated for 'WidgetCarousel' in 0.0002 seconds. Added 0 classes and 0 folders.
[2024.12.14-17.36.42:096][  0]LogPakFile: PakFile PrimaryIndexSize=187
[2024.12.14-17.36.42:096][  0]LogPakFile: PakFile PathHashIndexSize=101
[2024.12.14-17.36.42:097][  0]LogPakFile: PakFile FullDirectoryIndexSize=148
[2024.12.14-17.36.42:097][  0]LogShaderLibrary: Display: ShaderCodeLibraryPakFileMountedCallback: PakFile 'C:/Program Files/UE_4.27/FeaturePacks/FP_FirstPerson.upack' (chunk index -1, root 'root:/') mounted
[2024.12.14-17.36.42:097][  0]LogShaderLibrary: Display: ShaderCodeLibraryPakFileMountedCallback: pending pak file info (ChunkID:-1 Root:root:/ File:C:/Program Files/UE_4.27/FeaturePacks/FP_FirstPerson.upack)
[2024.12.14-17.36.42:097][  0]LogPakFile: OnPakFileMounted2Time == 0.000364
[2024.12.14-17.36.42:098][  0]LogPakFile: PakFile PrimaryIndexSize=189
[2024.12.14-17.36.42:098][  0]LogPakFile: PakFile PathHashIndexSize=101
[2024.12.14-17.36.42:098][  0]LogPakFile: PakFile FullDirectoryIndexSize=152
[2024.12.14-17.36.42:098][  0]LogShaderLibrary: Display: ShaderCodeLibraryPakFileMountedCallback: PakFile 'C:/Program Files/UE_4.27/FeaturePacks/FP_FirstPersonBP.upack' (chunk index -1, root 'root:/') mounted
[2024.12.14-17.36.42:098][  0]LogShaderLibrary: Display: ShaderCodeLibraryPakFileMountedCallback: pending pak file info (ChunkID:-1 Root:root:/ File:C:/Program Files/UE_4.27/FeaturePacks/FP_FirstPersonBP.upack)
[2024.12.14-17.36.42:098][  0]LogPakFile: OnPakFileMounted2Time == 0.000306
[2024.12.14-17.36.42:099][  0]LogPakFile: PakFile PrimaryIndexSize=191
[2024.12.14-17.36.42:099][  0]LogPakFile: PakFile PathHashIndexSize=101
[2024.12.14-17.36.42:099][  0]LogPakFile: PakFile FullDirectoryIndexSize=160
[2024.12.14-17.36.42:099][  0]LogShaderLibrary: Display: ShaderCodeLibraryPakFileMountedCallback: PakFile 'C:/Program Files/UE_4.27/FeaturePacks/MobileStarterContent.upack' (chunk index -1, root 'root:/') mounted
[2024.12.14-17.36.42:099][  0]LogShaderLibrary: Display: ShaderCodeLibraryPakFileMountedCallback: pending pak file info (ChunkID:-1 Root:root:/ File:C:/Program Files/UE_4.27/FeaturePacks/MobileStarterContent.upack)
[2024.12.14-17.36.42:100][  0]LogPakFile: OnPakFileMounted2Time == 0.000240
[2024.12.14-17.36.42:100][  0]LogPakFile: PakFile PrimaryIndexSize=185
[2024.12.14-17.36.42:100][  0]LogPakFile: PakFile PathHashIndexSize=101
[2024.12.14-17.36.42:100][  0]LogPakFile: PakFile FullDirectoryIndexSize=148
[2024.12.14-17.36.42:100][  0]LogShaderLibrary: Display: ShaderCodeLibraryPakFileMountedCallback: PakFile 'C:/Program Files/UE_4.27/FeaturePacks/StarterContent.upack' (chunk index -1, root 'root:/') mounted
[2024.12.14-17.36.42:101][  0]LogShaderLibrary: Display: ShaderCodeLibraryPakFileMountedCallback: pending pak file info (ChunkID:-1 Root:root:/ File:C:/Program Files/UE_4.27/FeaturePacks/StarterContent.upack)
[2024.12.14-17.36.42:101][  0]LogPakFile: OnPakFileMounted2Time == 0.000293
[2024.12.14-17.36.42:101][  0]LogPakFile: PakFile PrimaryIndexSize=190
[2024.12.14-17.36.42:101][  0]LogPakFile: PakFile PathHashIndexSize=101
[2024.12.14-17.36.42:101][  0]LogPakFile: PakFile FullDirectoryIndexSize=154
[2024.12.14-17.36.42:102][  0]LogShaderLibrary: Display: ShaderCodeLibraryPakFileMountedCallback: PakFile 'C:/Program Files/UE_4.27/FeaturePacks/TP_2DSideScroller.upack' (chunk index -1, root 'root:/') mounted
[2024.12.14-17.36.42:102][  0]LogShaderLibrary: Display: ShaderCodeLibraryPakFileMountedCallback: pending pak file info (ChunkID:-1 Root:root:/ File:C:/Program Files/UE_4.27/FeaturePacks/TP_2DSideScroller.upack)
[2024.12.14-17.36.42:102][  0]LogPakFile: OnPakFileMounted2Time == 0.000297
[2024.12.14-17.36.42:103][  0]LogPakFile: PakFile PrimaryIndexSize=192
[2024.12.14-17.36.42:103][  0]LogPakFile: PakFile PathHashIndexSize=101
[2024.12.14-17.36.42:103][  0]LogPakFile: PakFile FullDirectoryIndexSize=158
[2024.12.14-17.36.42:103][  0]LogShaderLibrary: Display: ShaderCodeLibraryPakFileMountedCallback: PakFile 'C:/Program Files/UE_4.27/FeaturePacks/TP_2DSideScrollerBP.upack' (chunk index -1, root 'root:/') mounted
[2024.12.14-17.36.42:103][  0]LogShaderLibrary: Display: ShaderCodeLibraryPakFileMountedCallback: pending pak file info (ChunkID:-1 Root:root:/ File:C:/Program Files/UE_4.27/FeaturePacks/TP_2DSideScrollerBP.upack)
[2024.12.14-17.36.42:103][  0]LogPakFile: OnPakFileMounted2Time == 0.000303
[2024.12.14-17.36.42:104][  0]LogPakFile: PakFile PrimaryIndexSize=182
[2024.12.14-17.36.42:104][  0]LogPakFile: PakFile PathHashIndexSize=101
[2024.12.14-17.36.42:104][  0]LogPakFile: PakFile FullDirectoryIndexSize=138
[2024.12.14-17.36.42:104][  0]LogShaderLibrary: Display: ShaderCodeLibraryPakFileMountedCallback: PakFile 'C:/Program Files/UE_4.27/FeaturePacks/TP_Flying.upack' (chunk index -1, root 'root:/') mounted
[2024.12.14-17.36.42:104][  0]LogShaderLibrary: Display: ShaderCodeLibraryPakFileMountedCallback: pending pak file info (ChunkID:-1 Root:root:/ File:C:/Program Files/UE_4.27/FeaturePacks/TP_Flying.upack)
[2024.12.14-17.36.42:104][  0]LogPakFile: OnPakFileMounted2Time == 0.000269
[2024.12.14-17.36.42:105][  0]LogPakFile: PakFile PrimaryIndexSize=184
[2024.12.14-17.36.42:105][  0]LogPakFile: PakFile PathHashIndexSize=101
[2024.12.14-17.36.42:105][  0]LogPakFile: PakFile FullDirectoryIndexSize=142
[2024.12.14-17.36.42:105][  0]LogShaderLibrary: Display: ShaderCodeLibraryPakFileMountedCallback: PakFile 'C:/Program Files/UE_4.27/FeaturePacks/TP_FlyingBP.upack' (chunk index -1, root 'root:/') mounted
[2024.12.14-17.36.42:105][  0]LogShaderLibrary: Display: ShaderCodeLibraryPakFileMountedCallback: pending pak file info (ChunkID:-1 Root:root:/ File:C:/Program Files/UE_4.27/FeaturePacks/TP_FlyingBP.upack)
[2024.12.14-17.36.42:106][  0]LogPakFile: OnPakFileMounted2Time == 0.000302
[2024.12.14-17.36.42:106][  0]LogPakFile: PakFile PrimaryIndexSize=188
[2024.12.14-17.36.42:107][  0]LogPakFile: PakFile PathHashIndexSize=101
[2024.12.14-17.36.42:107][  0]LogPakFile: PakFile FullDirectoryIndexSize=150
[2024.12.14-17.36.42:107][  0]LogShaderLibrary: Display: ShaderCodeLibraryPakFileMountedCallback: PakFile 'C:/Program Files/UE_4.27/FeaturePacks/TP_HandheldARBP.upack' (chunk index -1, root 'root:/') mounted
[2024.12.14-17.36.42:107][  0]LogShaderLibrary: Display: ShaderCodeLibraryPakFileMountedCallback: pending pak file info (ChunkID:-1 Root:root:/ File:C:/Program Files/UE_4.27/FeaturePacks/TP_HandheldARBP.upack)
[2024.12.14-17.36.42:107][  0]LogPakFile: OnPakFileMounted2Time == 0.000290
[2024.12.14-17.36.42:108][  0]LogPakFile: PakFile PrimaryIndexSize=182
[2024.12.14-17.36.42:108][  0]LogPakFile: PakFile PathHashIndexSize=101
[2024.12.14-17.36.42:108][  0]LogPakFile: PakFile FullDirectoryIndexSize=138
[2024.12.14-17.36.42:108][  0]LogShaderLibrary: Display: ShaderCodeLibraryPakFileMountedCallback: PakFile 'C:/Program Files/UE_4.27/FeaturePacks/TP_Puzzle.upack' (chunk index -1, root 'root:/') mounted
[2024.12.14-17.36.42:108][  0]LogShaderLibrary: Display: ShaderCodeLibraryPakFileMountedCallback: pending pak file info (ChunkID:-1 Root:root:/ File:C:/Program Files/UE_4.27/FeaturePacks/TP_Puzzle.upack)
[2024.12.14-17.36.42:109][  0]LogPakFile: OnPakFileMounted2Time == 0.000468
[2024.12.14-17.36.42:110][  0]LogPakFile: PakFile PrimaryIndexSize=184
[2024.12.14-17.36.42:110][  0]LogPakFile: PakFile PathHashIndexSize=101
[2024.12.14-17.36.42:110][  0]LogPakFile: PakFile FullDirectoryIndexSize=142
[2024.12.14-17.36.42:110][  0]LogShaderLibrary: Display: ShaderCodeLibraryPakFileMountedCallback: PakFile 'C:/Program Files/UE_4.27/FeaturePacks/TP_PuzzleBP.upack' (chunk index -1, root 'root:/') mounted
[2024.12.14-17.36.42:110][  0]LogShaderLibrary: Display: ShaderCodeLibraryPakFileMountedCallback: pending pak file info (ChunkID:-1 Root:root:/ File:C:/Program Files/UE_4.27/FeaturePacks/TP_PuzzleBP.upack)
[2024.12.14-17.36.42:110][  0]LogPakFile: OnPakFileMounted2Time == 0.000365
[2024.12.14-17.36.42:111][  0]LogPakFile: PakFile PrimaryIndexSize=183
[2024.12.14-17.36.42:111][  0]LogPakFile: PakFile PathHashIndexSize=101
[2024.12.14-17.36.42:112][  0]LogPakFile: PakFile FullDirectoryIndexSize=140
[2024.12.14-17.36.42:112][  0]LogShaderLibrary: Display: ShaderCodeLibraryPakFileMountedCallback: PakFile 'C:/Program Files/UE_4.27/FeaturePacks/TP_Rolling.upack' (chunk index -1, root 'root:/') mounted
[2024.12.14-17.36.42:112][  0]LogShaderLibrary: Display: ShaderCodeLibraryPakFileMountedCallback: pending pak file info (ChunkID:-1 Root:root:/ File:C:/Program Files/UE_4.27/FeaturePacks/TP_Rolling.upack)
[2024.12.14-17.36.42:112][  0]LogPakFile: OnPakFileMounted2Time == 0.000296
[2024.12.14-17.36.42:113][  0]LogPakFile: PakFile PrimaryIndexSize=185
[2024.12.14-17.36.42:113][  0]LogPakFile: PakFile PathHashIndexSize=101
[2024.12.14-17.36.42:113][  0]LogPakFile: PakFile FullDirectoryIndexSize=144
[2024.12.14-17.36.42:113][  0]LogShaderLibrary: Display: ShaderCodeLibraryPakFileMountedCallback: PakFile 'C:/Program Files/UE_4.27/FeaturePacks/TP_RollingBP.upack' (chunk index -1, root 'root:/') mounted
[2024.12.14-17.36.42:113][  0]LogShaderLibrary: Display: ShaderCodeLibraryPakFileMountedCallback: pending pak file info (ChunkID:-1 Root:root:/ File:C:/Program Files/UE_4.27/FeaturePacks/TP_RollingBP.upack)
[2024.12.14-17.36.42:113][  0]LogPakFile: OnPakFileMounted2Time == 0.000305
[2024.12.14-17.36.42:114][  0]LogPakFile: PakFile PrimaryIndexSize=188
[2024.12.14-17.36.42:114][  0]LogPakFile: PakFile PathHashIndexSize=101
[2024.12.14-17.36.42:114][  0]LogPakFile: PakFile FullDirectoryIndexSize=150
[2024.12.14-17.36.42:114][  0]LogShaderLibrary: Display: ShaderCodeLibraryPakFileMountedCallback: PakFile 'C:/Program Files/UE_4.27/FeaturePacks/TP_SideScroller.upack' (chunk index -1, root 'root:/') mounted
[2024.12.14-17.36.42:115][  0]LogShaderLibrary: Display: ShaderCodeLibraryPakFileMountedCallback: pending pak file info (ChunkID:-1 Root:root:/ File:C:/Program Files/UE_4.27/FeaturePacks/TP_SideScroller.upack)
[2024.12.14-17.36.42:115][  0]LogPakFile: OnPakFileMounted2Time == 0.000304
[2024.12.14-17.36.42:115][  0]LogPakFile: PakFile PrimaryIndexSize=190
[2024.12.14-17.36.42:115][  0]LogPakFile: PakFile PathHashIndexSize=101
[2024.12.14-17.36.42:116][  0]LogPakFile: PakFile FullDirectoryIndexSize=154
[2024.12.14-17.36.42:116][  0]LogShaderLibrary: Display: ShaderCodeLibraryPakFileMountedCallback: PakFile 'C:/Program Files/UE_4.27/FeaturePacks/TP_SideScrollerBP.upack' (chunk index -1, root 'root:/') mounted
[2024.12.14-17.36.42:116][  0]LogShaderLibrary: Display: ShaderCodeLibraryPakFileMountedCallback: pending pak file info (ChunkID:-1 Root:root:/ File:C:/Program Files/UE_4.27/FeaturePacks/TP_SideScrollerBP.upack)
[2024.12.14-17.36.42:116][  0]LogPakFile: OnPakFileMounted2Time == 0.000303
[2024.12.14-17.36.42:117][  0]LogPakFile: PakFile PrimaryIndexSize=187
[2024.12.14-17.36.42:117][  0]LogPakFile: PakFile PathHashIndexSize=101
[2024.12.14-17.36.42:117][  0]LogPakFile: PakFile FullDirectoryIndexSize=148
[2024.12.14-17.36.42:117][  0]LogShaderLibrary: Display: ShaderCodeLibraryPakFileMountedCallback: PakFile 'C:/Program Files/UE_4.27/FeaturePacks/TP_ThirdPerson.upack' (chunk index -1, root 'root:/') mounted
[2024.12.14-17.36.42:117][  0]LogShaderLibrary: Display: ShaderCodeLibraryPakFileMountedCallback: pending pak file info (ChunkID:-1 Root:root:/ File:C:/Program Files/UE_4.27/FeaturePacks/TP_ThirdPerson.upack)
[2024.12.14-17.36.42:117][  0]LogPakFile: OnPakFileMounted2Time == 0.000314
[2024.12.14-17.36.42:118][  0]LogPakFile: PakFile PrimaryIndexSize=189
[2024.12.14-17.36.42:118][  0]LogPakFile: PakFile PathHashIndexSize=101
[2024.12.14-17.36.42:118][  0]LogPakFile: PakFile FullDirectoryIndexSize=152
[2024.12.14-17.36.42:119][  0]LogShaderLibrary: Display: ShaderCodeLibraryPakFileMountedCallback: PakFile 'C:/Program Files/UE_4.27/FeaturePacks/TP_ThirdPersonBP.upack' (chunk index -1, root 'root:/') mounted
[2024.12.14-17.36.42:119][  0]LogShaderLibrary: Display: ShaderCodeLibraryPakFileMountedCallback: pending pak file info (ChunkID:-1 Root:root:/ File:C:/Program Files/UE_4.27/FeaturePacks/TP_ThirdPersonBP.upack)
[2024.12.14-17.36.42:119][  0]LogPakFile: OnPakFileMounted2Time == 0.000385
[2024.12.14-17.36.42:120][  0]LogPakFile: PakFile PrimaryIndexSize=183
[2024.12.14-17.36.42:120][  0]LogPakFile: PakFile PathHashIndexSize=101
[2024.12.14-17.36.42:120][  0]LogPakFile: PakFile FullDirectoryIndexSize=140
[2024.12.14-17.36.42:120][  0]LogShaderLibrary: Display: ShaderCodeLibraryPakFileMountedCallback: PakFile 'C:/Program Files/UE_4.27/FeaturePacks/TP_TopDown.upack' (chunk index -1, root 'root:/') mounted
[2024.12.14-17.36.42:120][  0]LogShaderLibrary: Display: ShaderCodeLibraryPakFileMountedCallback: pending pak file info (ChunkID:-1 Root:root:/ File:C:/Program Files/UE_4.27/FeaturePacks/TP_TopDown.upack)
[2024.12.14-17.36.42:120][  0]LogPakFile: OnPakFileMounted2Time == 0.000358
[2024.12.14-17.36.42:121][  0]LogPakFile: PakFile PrimaryIndexSize=185
[2024.12.14-17.36.42:121][  0]LogPakFile: PakFile PathHashIndexSize=101
[2024.12.14-17.36.42:121][  0]LogPakFile: PakFile FullDirectoryIndexSize=144
[2024.12.14-17.36.42:122][  0]LogShaderLibrary: Display: ShaderCodeLibraryPakFileMountedCallback: PakFile 'C:/Program Files/UE_4.27/FeaturePacks/TP_TopDownBP.upack' (chunk index -1, root 'root:/') mounted
[2024.12.14-17.36.42:122][  0]LogShaderLibrary: Display: ShaderCodeLibraryPakFileMountedCallback: pending pak file info (ChunkID:-1 Root:root:/ File:C:/Program Files/UE_4.27/FeaturePacks/TP_TopDownBP.upack)
[2024.12.14-17.36.42:122][  0]LogPakFile: OnPakFileMounted2Time == 0.000331
[2024.12.14-17.36.42:123][  0]LogPakFile: PakFile PrimaryIndexSize=185
[2024.12.14-17.36.42:123][  0]LogPakFile: PakFile PathHashIndexSize=101
[2024.12.14-17.36.42:123][  0]LogPakFile: PakFile FullDirectoryIndexSize=144
[2024.12.14-17.36.42:123][  0]LogShaderLibrary: Display: ShaderCodeLibraryPakFileMountedCallback: PakFile 'C:/Program Files/UE_4.27/FeaturePacks/TP_TwinStick.upack' (chunk index -1, root 'root:/') mounted
[2024.12.14-17.36.42:123][  0]LogShaderLibrary: Display: ShaderCodeLibraryPakFileMountedCallback: pending pak file info (ChunkID:-1 Root:root:/ File:C:/Program Files/UE_4.27/FeaturePacks/TP_TwinStick.upack)
[2024.12.14-17.36.42:123][  0]LogPakFile: OnPakFileMounted2Time == 0.000264
[2024.12.14-17.36.42:124][  0]LogPakFile: PakFile PrimaryIndexSize=187
[2024.12.14-17.36.42:124][  0]LogPakFile: PakFile PathHashIndexSize=101
[2024.12.14-17.36.42:124][  0]LogPakFile: PakFile FullDirectoryIndexSize=148
[2024.12.14-17.36.42:124][  0]LogShaderLibrary: Display: ShaderCodeLibraryPakFileMountedCallback: PakFile 'C:/Program Files/UE_4.27/FeaturePacks/TP_TwinStickBP.upack' (chunk index -1, root 'root:/') mounted
[2024.12.14-17.36.42:124][  0]LogShaderLibrary: Display: ShaderCodeLibraryPakFileMountedCallback: pending pak file info (ChunkID:-1 Root:root:/ File:C:/Program Files/UE_4.27/FeaturePacks/TP_TwinStickBP.upack)
[2024.12.14-17.36.42:125][  0]LogPakFile: OnPakFileMounted2Time == 0.000349
[2024.12.14-17.36.42:125][  0]LogPakFile: PakFile PrimaryIndexSize=183
[2024.12.14-17.36.42:125][  0]LogPakFile: PakFile PathHashIndexSize=101
[2024.12.14-17.36.42:126][  0]LogPakFile: PakFile FullDirectoryIndexSize=140
[2024.12.14-17.36.42:126][  0]LogShaderLibrary: Display: ShaderCodeLibraryPakFileMountedCallback: PakFile 'C:/Program Files/UE_4.27/FeaturePacks/TP_Vehicle.upack' (chunk index -1, root 'root:/') mounted
[2024.12.14-17.36.42:126][  0]LogShaderLibrary: Display: ShaderCodeLibraryPakFileMountedCallback: pending pak file info (ChunkID:-1 Root:root:/ File:C:/Program Files/UE_4.27/FeaturePacks/TP_Vehicle.upack)
[2024.12.14-17.36.42:126][  0]LogPakFile: OnPakFileMounted2Time == 0.000409
[2024.12.14-17.36.42:127][  0]LogPakFile: PakFile PrimaryIndexSize=186
[2024.12.14-17.36.42:127][  0]LogPakFile: PakFile PathHashIndexSize=101
[2024.12.14-17.36.42:127][  0]LogPakFile: PakFile FullDirectoryIndexSize=146
[2024.12.14-17.36.42:127][  0]LogShaderLibrary: Display: ShaderCodeLibraryPakFileMountedCallback: PakFile 'C:/Program Files/UE_4.27/FeaturePacks/TP_VehicleAdv.upack' (chunk index -1, root 'root:/') mounted
[2024.12.14-17.36.42:128][  0]LogShaderLibrary: Display: ShaderCodeLibraryPakFileMountedCallback: pending pak file info (ChunkID:-1 Root:root:/ File:C:/Program Files/UE_4.27/FeaturePacks/TP_VehicleAdv.upack)
[2024.12.14-17.36.42:128][  0]LogPakFile: OnPakFileMounted2Time == 0.000430
[2024.12.14-17.36.42:129][  0]LogPakFile: PakFile PrimaryIndexSize=188
[2024.12.14-17.36.42:129][  0]LogPakFile: PakFile PathHashIndexSize=101
[2024.12.14-17.36.42:129][  0]LogPakFile: PakFile FullDirectoryIndexSize=150
[2024.12.14-17.36.42:129][  0]LogShaderLibrary: Display: ShaderCodeLibraryPakFileMountedCallback: PakFile 'C:/Program Files/UE_4.27/FeaturePacks/TP_VehicleAdvBP.upack' (chunk index -1, root 'root:/') mounted
[2024.12.14-17.36.42:129][  0]LogShaderLibrary: Display: ShaderCodeLibraryPakFileMountedCallback: pending pak file info (ChunkID:-1 Root:root:/ File:C:/Program Files/UE_4.27/FeaturePacks/TP_VehicleAdvBP.upack)
[2024.12.14-17.36.42:129][  0]LogPakFile: OnPakFileMounted2Time == 0.000265
[2024.12.14-17.36.42:130][  0]LogPakFile: PakFile PrimaryIndexSize=185
[2024.12.14-17.36.42:130][  0]LogPakFile: PakFile PathHashIndexSize=101
[2024.12.14-17.36.42:130][  0]LogPakFile: PakFile FullDirectoryIndexSize=144
[2024.12.14-17.36.42:130][  0]LogShaderLibrary: Display: ShaderCodeLibraryPakFileMountedCallback: PakFile 'C:/Program Files/UE_4.27/FeaturePacks/TP_VehicleBP.upack' (chunk index -1, root 'root:/') mounted
[2024.12.14-17.36.42:130][  0]LogShaderLibrary: Display: ShaderCodeLibraryPakFileMountedCallback: pending pak file info (ChunkID:-1 Root:root:/ File:C:/Program Files/UE_4.27/FeaturePacks/TP_VehicleBP.upack)
[2024.12.14-17.36.42:130][  0]LogPakFile: OnPakFileMounted2Time == 0.000284
[2024.12.14-17.36.42:131][  0]LogPakFile: PakFile PrimaryIndexSize=192
[2024.12.14-17.36.42:131][  0]LogPakFile: PakFile PathHashIndexSize=101
[2024.12.14-17.36.42:131][  0]LogPakFile: PakFile FullDirectoryIndexSize=158
[2024.12.14-17.36.42:131][  0]LogShaderLibrary: Display: ShaderCodeLibraryPakFileMountedCallback: PakFile 'C:/Program Files/UE_4.27/FeaturePacks/TP_VirtualRealityBP.upack' (chunk index -1, root 'root:/') mounted
[2024.12.14-17.36.42:132][  0]LogShaderLibrary: Display: ShaderCodeLibraryPakFileMountedCallback: pending pak file info (ChunkID:-1 Root:root:/ File:C:/Program Files/UE_4.27/FeaturePacks/TP_VirtualRealityBP.upack)
[2024.12.14-17.36.42:132][  0]LogPakFile: OnPakFileMounted2Time == 0.000309
[2024.12.14-17.36.42:175][  0]LogNativeClassHierarchy: Verbose: Native class hierarchy updated for 'AddContentDialog' in 0.0003 seconds. Added 0 classes and 0 folders.
[2024.12.14-17.36.42:177][  0]LogNativeClassHierarchy: Verbose: Native class hierarchy updated for 'SceneOutliner' in 0.0003 seconds. Added 2 classes and 0 folders.
[2024.12.14-17.36.42:326][  0]LogSlate: Took 0.000521 seconds to synchronously load lazily loaded font '../../../Engine/Content/Slate/Fonts/Roboto-Regular.ttf' (155K)
[2024.12.14-17.36.42:327][  0]LogSlate: Took 0.000211 seconds to synchronously load lazily loaded font '../../../Engine/Content/Editor/Slate/Fonts/FontAwesome.ttf' (139K)
[2024.12.14-17.36.42:328][  0]LogSlate: Took 0.000941 seconds to synchronously load lazily loaded font '../../../Engine/Content/Editor/Slate/Fonts/NanumGothic.ttf' (4243K)
[2024.12.14-17.36.42:330][  0]LogSlate: Took 0.001060 seconds to synchronously load lazily loaded font '../../../Engine/Content/Editor/Slate/Fonts/NanumGothicBold.ttf' (4188K)
[2024.12.14-17.36.42:330][  0]LogSlate: Took 0.000224 seconds to synchronously load lazily loaded font '../../../Engine/Content/Slate/Fonts/Roboto-Bold.ttf' (160K)
[2024.12.14-17.36.42:371][  0]LogRenderer: Reallocating scene render targets to support 1616x808 Format 10 NumSamples 1 (Frame:1).
[2024.12.14-17.36.42:428][  0]LogNativeClassHierarchy: Verbose: Native class hierarchy updated for 'HierarchicalLODOutliner' in 0.0002 seconds. Added 0 classes and 0 folders.
[2024.12.14-17.36.42:429][  0]LogLoad: (Engine Initialization) Total time: 9.73 seconds
[2024.12.14-17.36.42:429][  0]LogLoad: (Engine Initialization) Total Blueprint compile time: 0.00 seconds
[2024.12.14-17.36.42:465][  0]LogAssetRegistry: Asset discovery search completed in 5.8255 seconds
[2024.12.14-17.36.42:469][  0]LogCollectionManager: Fixed up redirectors for 0 collections in 0.000003 seconds (updated 0 objects)
[2024.12.14-17.36.42:470][  0]LogContentStreaming: Texture pool size now 1000 MB
[2024.12.14-17.36.42:487][  1]LogFileCache: Retrieving MD5 hashes for directory 'C:/Users/nanim/GitHub/NewNewInsectHeaven/InsectHeaven/Content/' took 0.04s
