Log file open, 08/10/24 21:21:07
LogWindows: Failed to load 'aqProf.dll' (GetLastError=126)
LogWindows: File 'aqProf.dll' does not exist
LogWindows: Failed to load 'VtuneApi.dll' (GetLastError=126)
LogWindows: File 'VtuneApi.dll' does not exist
LogWindows: Failed to load 'VtuneApi32e.dll' (GetLastError=126)
LogWindows: File 'VtuneApi32e.dll' does not exist
LogConsoleResponse: Display: Failed to find resolution value strings in scalability ini. Falling back to default.
LogConsoleResponse: Display: Failed to find resolution value strings in scalability ini. Falling back to default.
LogInit: Display: Running engine for game: InsectHeaven
LogPlatformFile: Not using cached read wrapper
LogTaskGraph: Started task graph with 5 named threads and 20 total threads with 3 sets of task threads.
LogStats: Stats thread started at 0.458053
LogICUInternationalization: ICU TimeZone Detection - Raw Offset: +9:00, Platform Override: ''
LogInit: Display: Loading text-based GConfig....
LogPluginManager: Mounting plugin MeshPainting
LogPluginManager: Mounting plugin XGEController
LogPluginManager: Mounting plugin Paper2D
LogPluginManager: Mounting plugin AISupport
LogPluginManager: Mounting plugin EnvironmentQueryEditor
LogPluginManager: Mounting plugin LightPropagationVolume
LogPluginManager: Mounting plugin LiveLink
LogPluginManager: Mounting plugin CameraShakePreviewer
LogPluginManager: Mounting plugin GameplayCameras
LogPluginManager: Mounting plugin OodleNetwork
LogPluginManager: Mounting plugin OodleData
LogPluginManager: Mounting plugin AnimationSharing
LogPluginManager: Mounting plugin CLionSourceCodeAccess
LogPluginManager: Mounting plugin CodeLiteSourceCodeAccess
LogPluginManager: Mounting plugin KDevelopSourceCodeAccess
LogPluginManager: Mounting plugin GitSourceControl
LogPluginManager: Mounting plugin NullSourceCodeAccess
LogPluginManager: Mounting plugin PerforceSourceControl
LogPluginManager: Mounting plugin PixWinPlugin
LogPluginManager: Mounting plugin PluginUtils
LogPluginManager: Mounting plugin RiderSourceCodeAccess
LogPluginManager: Mounting plugin SubversionSourceControl
LogPluginManager: Mounting plugin PropertyAccessNode
LogPluginManager: Mounting plugin PlasticSourceControl
LogPluginManager: Mounting plugin UObjectPlugin
LogPluginManager: Mounting plugin TextureFormatOodle
LogPluginManager: Mounting plugin VisualStudioCodeSourceCodeAccess
LogPluginManager: Mounting plugin VisualStudioSourceCodeAccess
LogPluginManager: Mounting plugin XCodeSourceCodeAccess
LogPluginManager: Mounting plugin DatasmithContent
LogPluginManager: Mounting plugin VariantManagerContent
LogPluginManager: Mounting plugin Niagara
LogPluginManager: Mounting plugin AlembicImporter
LogPluginManager: Mounting plugin AutomationUtils
LogPluginManager: Mounting plugin BackChannel
LogPluginManager: Mounting plugin ChaosCloth
LogPluginManager: Mounting plugin ChaosClothEditor
LogPluginManager: Mounting plugin ChaosEditor
LogPluginManager: Mounting plugin ChaosNiagara
LogPluginManager: Mounting plugin ChaosSolverPlugin
LogPluginManager: Mounting plugin CharacterAI
LogPluginManager: Mounting plugin GeometryCache
LogPluginManager: Mounting plugin MagicLeap
LogPluginManager: Mounting plugin LuminPlatformFeatures
LogPluginManager: Mounting plugin MagicLeapMedia
LogPluginManager: Mounting plugin MagicLeapLightEstimation
LogPluginManager: Mounting plugin GeometryCollectionPlugin
LogPluginManager: Mounting plugin MagicLeapPassableWorld
LogPluginManager: Mounting plugin MLSDK
LogPluginManager: Mounting plugin GeometryProcessing
LogPluginManager: Mounting plugin MotoSynth
LogPluginManager: Mounting plugin OpenImageDenoise
LogPluginManager: Mounting plugin PlanarCut
LogPluginManager: Mounting plugin PlatformCrypto
LogPluginManager: Mounting plugin ProxyLODPlugin
LogPluginManager: Mounting plugin PythonScriptPlugin
LogPluginManager: Mounting plugin SkeletalReduction
LogPluginManager: Mounting plugin AndroidMedia
LogPluginManager: Mounting plugin AvfMedia
LogPluginManager: Mounting plugin ImgMedia
LogPluginManager: Mounting plugin MediaCompositing
LogPluginManager: Mounting plugin MediaPlayerEditor
LogPluginManager: Mounting plugin WebMMedia
LogPluginManager: Mounting plugin WmfMedia
LogPluginManager: Mounting plugin AssetManagerEditor
LogPluginManager: Mounting plugin CryptoKeys
LogPluginManager: Mounting plugin CurveEditorTools
LogPluginManager: Mounting plugin DataValidation
LogPluginManager: Mounting plugin EditorScriptingUtilities
LogPluginManager: Mounting plugin FacialAnimation
LogPluginManager: Mounting plugin GameplayTagsEditor
LogPluginManager: Mounting plugin GeometryMode
LogPluginManager: Mounting plugin MacGraphicsSwitching
LogPluginManager: Mounting plugin MaterialAnalyzer
LogPluginManager: Mounting plugin MobileLauncherProfileWizard
LogPluginManager: Mounting plugin PluginBrowser
LogPluginManager: Mounting plugin SpeedTreeImporter
LogPluginManager: Mounting plugin TcpMessaging
LogPluginManager: Mounting plugin UdpMessaging
LogPluginManager: Mounting plugin ActorSequence
LogPluginManager: Mounting plugin LevelSequenceEditor
LogPluginManager: Mounting plugin MatineeToLevelSequence
LogPluginManager: Mounting plugin TemplateSequence
LogPluginManager: Mounting plugin OnlineSubsystem
LogPluginManager: Mounting plugin OnlineSubsystemNull
LogPluginManager: Mounting plugin OnlineSubsystemUtils
LogPluginManager: Mounting plugin LauncherChunkInstaller
LogPluginManager: Mounting plugin ActorLayerUtilities
LogPluginManager: Mounting plugin AndroidMoviePlayer
LogPluginManager: Mounting plugin AndroidDeviceProfileSelector
LogPluginManager: Mounting plugin AndroidPermission
LogPluginManager: Mounting plugin AppleImageUtils
LogPluginManager: Mounting plugin AppleMoviePlayer
LogPluginManager: Mounting plugin ArchVisCharacter
LogPluginManager: Mounting plugin AssetTags
LogPluginManager: Mounting plugin AudioCapture
LogPluginManager: Mounting plugin AudioSynesthesia
LogPluginManager: Mounting plugin CableComponent
LogPluginManager: Mounting plugin ChunkDownloader
LogPluginManager: Mounting plugin CustomMeshComponent
LogPluginManager: Mounting plugin EditableMesh
LogPluginManager: Mounting plugin ExampleDeviceProfileSelector
LogPluginManager: Mounting plugin GoogleCloudMessaging
LogPluginManager: Mounting plugin GooglePAD
LogPluginManager: Mounting plugin IOSDeviceProfileSelector
LogPluginManager: Mounting plugin LinuxDeviceProfileSelector
LogPluginManager: Mounting plugin LocationServicesBPLibrary
LogPluginManager: Mounting plugin MobilePatchingUtils
LogPluginManager: Mounting plugin OpenXREyeTracker
LogPluginManager: Mounting plugin OpenXRHandTracking
LogPluginManager: Mounting plugin OpenXR
LogPluginManager: Mounting plugin ScreenshotTools
LogPluginManager: Mounting plugin PhysXVehicles
LogPluginManager: Mounting plugin PostSplashScreen
LogPluginManager: Mounting plugin ProceduralMeshComponent
LogPluginManager: Mounting plugin PropertyAccessEditor
LogPluginManager: Mounting plugin RuntimePhysXCooking
LogPluginManager: Mounting plugin SignificanceManager
LogPluginManager: Mounting plugin SoundFields
LogPluginManager: Mounting plugin Synthesis
LogPluginManager: Mounting plugin WebMMoviePlayer
LogPluginManager: Mounting plugin WindowsMoviePlayer
LogPluginManager: Mounting plugin Takes
LogPluginManager: Mounting plugin ContentBrowserAssetDataSource
LogPluginManager: Mounting plugin ContentBrowserFileDataSource
LogPluginManager: Mounting plugin ContentBrowserClassDataSource
LogPluginManager: Mounting plugin OnlineSubsystemGooglePlay
LogPluginManager: Mounting plugin OnlineSubsystemIOS
LogPluginManager: Mounting plugin OculusVR
LogPluginManager: Mounting plugin SteamVR
PixWinPlugin: PIX capture plugin failed to initialize! Check that the process is launched from PIX.
LogInit: Using libcurl 7.55.1-DEV
LogInit:  - built for x86_64-pc-win32
LogInit:  - supports SSL with OpenSSL/1.1.1
LogInit:  - supports HTTP deflate (compression) using libz 1.2.8
LogInit:  - other features:
LogInit:      CURL_VERSION_SSL
LogInit:      CURL_VERSION_LIBZ
LogInit:      CURL_VERSION_IPV6
LogInit:      CURL_VERSION_ASYNCHDNS
LogInit:      CURL_VERSION_LARGEFILE
LogInit:      CURL_VERSION_IDN
LogInit:  CurlRequestOptions (configurable via config and command line):
LogInit:  - bVerifyPeer = true  - Libcurl will verify peer certificate
LogInit:  - bUseHttpProxy = false  - Libcurl will NOT use HTTP proxy
LogInit:  - bDontReuseConnections = false  - Libcurl will reuse connections
LogInit:  - MaxHostConnections = 16  - Libcurl will limit the number of connections to a host
LogInit:  - LocalHostAddr = Default
LogInit:  - BufferSize = 65536
LogOnline: OSS: Creating online subsystem instance for: NULL
LogInit: WinSock: version 1.1 (2.2), MaxSocks=32767, MaxUdp=65467
LogOnline: OSS: TryLoadSubsystemAndSetDefault: Loaded subsystem for module [NULL]
LogOculusPluginWrapper: OculusPlugin initialized successfully
LogHMD: Failed initializing OVRPlugin 1.59.0
LogInit: Build: ++UE4+Release-4.27-CL-18319896
LogInit: Engine Version: 4.27.2-18319896+++UE4+Release-4.27
LogInit: Compatible Engine Version: 4.27.0-17155196+++UE4+Release-4.27
LogInit: Net CL: 17155196
LogInit: OS: Windows 10 (Release 2009) (), CPU: Intel(R) Core(TM) i5-8600K CPU @ 3.60GHz, GPU: NVIDIA GeForce GTX 1060 3GB
LogInit: Compiled (64-bit): Nov 30 2021 07:12:08
LogInit: Compiled with Visual C++: 19.24.28315.00
LogInit: Build Configuration: DebugGame
LogInit: Branch Name: ++UE4+Release-4.27
LogInit: Command Line:  -skipcompile
LogInit: Base Directory: C:/UE_4.27/Engine/Binaries/Win64/
LogInit: Allocator: TBB
LogInit: Installed Engine Build: 1
LogDevObjectVersion: Number of dev versions registered: 29
LogDevObjectVersion:   Dev-Blueprints (B0D832E4-1F89-4F0D-ACCF-7EB736FD4AA2): 10
LogDevObjectVersion:   Dev-Build (E1C64328-A22C-4D53-A36C-8E866417BD8C): 0
LogDevObjectVersion:   Dev-Core (375EC13C-06E4-48FB-B500-84F0262A717E): 4
LogDevObjectVersion:   Dev-Editor (E4B068ED-F494-42E9-A231-DA0B2E46BB41): 40
LogDevObjectVersion:   Dev-Framework (CFFC743F-43B0-4480-9391-14DF171D2073): 37
LogDevObjectVersion:   Dev-Mobile (B02B49B5-BB20-44E9-A304-32B752E40360): 3
LogDevObjectVersion:   Dev-Networking (A4E4105C-59A1-49B5-A7C5-40C4547EDFEE): 0
LogDevObjectVersion:   Dev-Online (39C831C9-5AE6-47DC-9A44-9C173E1C8E7C): 0
LogDevObjectVersion:   Dev-Physics (78F01B33-EBEA-4F98-B9B4-84EACCB95AA2): 14
LogDevObjectVersion:   Dev-Platform (6631380F-2D4D-43E0-8009-CF276956A95A): 0
LogDevObjectVersion:   Dev-Rendering (12F88B9F-8875-4AFC-A67C-D90C383ABD29): 45
LogDevObjectVersion:   Dev-Sequencer (7B5AE74C-D270-4C10-A958-57980B212A5A): 13
LogDevObjectVersion:   Dev-VR (D7296918-1DD6-4BDD-9DE2-64A83CC13884): 3
LogDevObjectVersion:   Dev-LoadTimes (C2A15278-BFE7-4AFE-6C17-90FF531DF755): 1
LogDevObjectVersion:   Private-Geometry (6EACA3D4-40EC-4CC1-B786-8BED09428FC5): 3
LogDevObjectVersion:   Dev-AnimPhys (29E575DD-E0A3-4627-9D10-D276232CDCEA): 17
LogDevObjectVersion:   Dev-Anim (AF43A65D-7FD3-4947-9873-3E8ED9C1BB05): 15
LogDevObjectVersion:   Dev-ReflectionCapture (6B266CEC-1EC7-4B8F-A30B-E4D90942FC07): 1
LogDevObjectVersion:   Dev-Automation (0DF73D61-A23F-47EA-B727-89E90C41499A): 1
LogDevObjectVersion:   FortniteMain (601D1886-AC64-4F84-AA16-D3DE0DEAC7D6): 47
LogDevObjectVersion:   FortniteRelease (E7086368-6B23-4C58-8439-1B7016265E91): 1
LogDevObjectVersion:   Dev-Enterprise (9DFFBCD6-494F-0158-E221-12823C92A888): 10
LogDevObjectVersion:   Dev-Niagara (F2AED0AC-9AFE-416F-8664-AA7FFA26D6FC): 1
LogDevObjectVersion:   Dev-Destruction (174F1F0B-B4C6-45A5-B13F-2EE8D0FB917D): 10
LogDevObjectVersion:   Dev-Physics-Ext (35F94A83-E258-406C-A318-09F59610247C): 41
LogDevObjectVersion:   Dev-PhysicsMaterial-Chaos (B68FC16E-8B1B-42E2-B453-215C058844FE): 1
LogDevObjectVersion:   Dev-CineCamera (B2E18506-4273-CFC2-A54E-F4BB758BBA07): 1
LogDevObjectVersion:   Dev-VirtualProduction (64F58936-FD1B-42BA-BA96-7289D5D0FA4E): 1
LogDevObjectVersion:   Dev-MediaFramework (6F0ED827-A609-4895-9C91-998D90180EA4): 2
LogInit: Presizing for max 25165824 objects, including 0 objects not considered by GC, pre-allocating 0 bytes for permanent pool.
LogConfig: Applying CVar settings from Section [/Script/Engine.StreamingSettings] File [D:/Users/PC/Documents/GitHub/InsectHeaven/InsectHeaven/Saved/Config/Windows/Engine.ini]
LogConfig: Setting CVar [[s.MinBulkDataSizeForAsyncLoading:131072]]
LogConfig: Setting CVar [[s.AsyncLoadingThreadEnabled:0]]
LogConfig: Setting CVar [[s.EventDrivenLoaderEnabled:1]]
LogConfig: Setting CVar [[s.WarnIfTimeLimitExceeded:0]]
LogConfig: Setting CVar [[s.TimeLimitExceededMultiplier:1.5]]
LogConfig: Setting CVar [[s.TimeLimitExceededMinTime:0.005]]
LogConfig: Setting CVar [[s.UseBackgroundLevelStreaming:1]]
LogConfig: Setting CVar [[s.PriorityAsyncLoadingExtraTime:15.0]]
LogConfig: Setting CVar [[s.LevelStreamingActorsUpdateTimeLimit:5.0]]
LogConfig: Setting CVar [[s.PriorityLevelStreamingActorsUpdateExtraTime:5.0]]
LogConfig: Setting CVar [[s.LevelStreamingComponentsRegistrationGranularity:10]]
LogConfig: Setting CVar [[s.UnregisterComponentsTimeLimit:1.0]]
LogConfig: Setting CVar [[s.LevelStreamingComponentsUnregistrationGranularity:5]]
LogConfig: Setting CVar [[s.FlushStreamingOnExit:1]]
LogInit: Object subsystem initialized
LogConfig: Setting CVar [[con.DebugEarlyDefault:1]]
LogConfig: Setting CVar [[r.setres:1280x720]]
[2024.08.10-12.21.08:484][  0]LogConfig: Setting CVar [[r.VSync:0]]
[2024.08.10-12.21.08:484][  0]LogConfig: Setting CVar [[r.RHICmdBypass:0]]
[2024.08.10-12.21.08:484][  0]LogConfig: Applying CVar settings from Section [/Script/Engine.RendererSettings] File [D:/Users/PC/Documents/GitHub/InsectHeaven/InsectHeaven/Saved/Config/Windows/Engine.ini]
[2024.08.10-12.21.08:484][  0]LogConfig: Setting CVar [[r.GPUCrashDebugging:0]]
[2024.08.10-12.21.08:484][  0]LogConfig: Applying CVar settings from Section [/Script/Engine.RendererOverrideSettings] File [D:/Users/PC/Documents/GitHub/InsectHeaven/InsectHeaven/Saved/Config/Windows/Engine.ini]
[2024.08.10-12.21.08:484][  0]LogConfig: Applying CVar settings from Section [/Script/Engine.StreamingSettings] File [D:/Users/PC/Documents/GitHub/InsectHeaven/InsectHeaven/Saved/Config/Windows/Engine.ini]
[2024.08.10-12.21.08:484][  0]LogConfig: Setting CVar [[s.MinBulkDataSizeForAsyncLoading:131072]]
[2024.08.10-12.21.08:484][  0]LogConfig: Setting CVar [[s.AsyncLoadingThreadEnabled:0]]
[2024.08.10-12.21.08:484][  0]LogConfig: Setting CVar [[s.EventDrivenLoaderEnabled:1]]
[2024.08.10-12.21.08:484][  0]LogConfig: Setting CVar [[s.WarnIfTimeLimitExceeded:0]]
[2024.08.10-12.21.08:484][  0]LogConfig: Setting CVar [[s.TimeLimitExceededMultiplier:1.5]]
[2024.08.10-12.21.08:484][  0]LogConfig: Setting CVar [[s.TimeLimitExceededMinTime:0.005]]
[2024.08.10-12.21.08:484][  0]LogConfig: Setting CVar [[s.UseBackgroundLevelStreaming:1]]
[2024.08.10-12.21.08:484][  0]LogConfig: Setting CVar [[s.PriorityAsyncLoadingExtraTime:15.0]]
[2024.08.10-12.21.08:485][  0]LogConfig: Setting CVar [[s.LevelStreamingActorsUpdateTimeLimit:5.0]]
[2024.08.10-12.21.08:485][  0]LogConfig: Setting CVar [[s.PriorityLevelStreamingActorsUpdateExtraTime:5.0]]
[2024.08.10-12.21.08:485][  0]LogConfig: Setting CVar [[s.LevelStreamingComponentsRegistrationGranularity:10]]
[2024.08.10-12.21.08:485][  0]LogConfig: Setting CVar [[s.UnregisterComponentsTimeLimit:1.0]]
[2024.08.10-12.21.08:485][  0]LogConfig: Setting CVar [[s.LevelStreamingComponentsUnregistrationGranularity:5]]
[2024.08.10-12.21.08:485][  0]LogConfig: Setting CVar [[s.FlushStreamingOnExit:1]]
[2024.08.10-12.21.08:485][  0]LogConfig: Applying CVar settings from Section [/Script/Engine.GarbageCollectionSettings] File [D:/Users/PC/Documents/GitHub/InsectHeaven/InsectHeaven/Saved/Config/Windows/Engine.ini]
[2024.08.10-12.21.08:486][  0]LogConfig: Setting CVar [[gc.MaxObjectsNotConsideredByGC:1]]
[2024.08.10-12.21.08:486][  0]LogConfig: Setting CVar [[gc.SizeOfPermanentObjectPool:0]]
[2024.08.10-12.21.08:486][  0]LogConfig: Setting CVar [[gc.FlushStreamingOnGC:0]]
[2024.08.10-12.21.08:486][  0]LogConfig: Setting CVar [[gc.NumRetriesBeforeForcingGC:10]]
[2024.08.10-12.21.08:486][  0]LogConfig: Setting CVar [[gc.AllowParallelGC:1]]
[2024.08.10-12.21.08:486][  0]LogConfig: Setting CVar [[gc.TimeBetweenPurgingPendingKillObjects:61.1]]
[2024.08.10-12.21.08:486][  0]LogConfig: Setting CVar [[gc.MaxObjectsInEditor:25165824]]
[2024.08.10-12.21.08:486][  0]LogConfig: Setting CVar [[gc.IncrementalBeginDestroyEnabled:1]]
[2024.08.10-12.21.08:486][  0]LogConfig: Setting CVar [[gc.CreateGCClusters:1]]
[2024.08.10-12.21.08:486][  0]LogConfig: Setting CVar [[gc.MinGCClusterSize:5]]
[2024.08.10-12.21.08:486][  0]LogConfig: Setting CVar [[gc.ActorClusteringEnabled:0]]
[2024.08.10-12.21.08:486][  0]LogConfig: Setting CVar [[gc.BlueprintClusteringEnabled:0]]
[2024.08.10-12.21.08:486][  0]LogConfig: Setting CVar [[gc.UseDisregardForGCOnDedicatedServers:0]]
[2024.08.10-12.21.08:486][  0]LogConfig: Setting CVar [[gc.MultithreadedDestructionEnabled:1]]
[2024.08.10-12.21.08:486][  0]LogConfig: Applying CVar settings from Section [/Script/Engine.NetworkSettings] File [D:/Users/PC/Documents/GitHub/InsectHeaven/InsectHeaven/Saved/Config/Windows/Engine.ini]
[2024.08.10-12.21.08:487][  0]LogConfig: Applying CVar settings from Section [/Script/UnrealEd.CookerSettings] File [D:/Users/PC/Documents/GitHub/InsectHeaven/InsectHeaven/Saved/Config/Windows/Engine.ini]
[2024.08.10-12.21.08:547][  0]LogConfig: Applying CVar settings from Section [ViewDistanceQuality@3] File [D:/Users/PC/Documents/GitHub/InsectHeaven/InsectHeaven/Saved/Config/Windows/Scalability.ini]
[2024.08.10-12.21.08:547][  0]LogConfig: Setting CVar [[r.SkeletalMeshLODBias:0]]
[2024.08.10-12.21.08:547][  0]LogConfig: Setting CVar [[r.ViewDistanceScale:1.0]]
[2024.08.10-12.21.08:547][  0]LogConfig: Applying CVar settings from Section [AntiAliasingQuality@3] File [D:/Users/PC/Documents/GitHub/InsectHeaven/InsectHeaven/Saved/Config/Windows/Scalability.ini]
[2024.08.10-12.21.08:547][  0]LogConfig: Setting CVar [[r.PostProcessAAQuality:4]]
[2024.08.10-12.21.08:547][  0]LogConfig: Applying CVar settings from Section [ShadowQuality@3] File [D:/Users/PC/Documents/GitHub/InsectHeaven/InsectHeaven/Saved/Config/Windows/Scalability.ini]
[2024.08.10-12.21.08:547][  0]LogConfig: Setting CVar [[r.LightFunctionQuality:1]]
[2024.08.10-12.21.08:547][  0]LogConfig: Setting CVar [[r.ShadowQuality:5]]
[2024.08.10-12.21.08:547][  0]LogConfig: Setting CVar [[r.Shadow.CSM.MaxCascades:10]]
[2024.08.10-12.21.08:548][  0]LogConfig: Setting CVar [[r.Shadow.MaxResolution:2048]]
[2024.08.10-12.21.08:548][  0]LogConfig: Setting CVar [[r.Shadow.MaxCSMResolution:2048]]
[2024.08.10-12.21.08:548][  0]LogConfig: Setting CVar [[r.Shadow.RadiusThreshold:0.01]]
[2024.08.10-12.21.08:548][  0]LogConfig: Setting CVar [[r.Shadow.DistanceScale:1.0]]
[2024.08.10-12.21.08:548][  0]LogConfig: Setting CVar [[r.Shadow.CSM.TransitionScale:1.0]]
[2024.08.10-12.21.08:548][  0]LogConfig: Setting CVar [[r.Shadow.PreShadowResolutionFactor:1.0]]
[2024.08.10-12.21.08:548][  0]LogConfig: Setting CVar [[r.DistanceFieldShadowing:1]]
[2024.08.10-12.21.08:548][  0]LogConfig: Setting CVar [[r.DistanceFieldAO:1]]
[2024.08.10-12.21.08:548][  0]LogConfig: Setting CVar [[r.AOQuality:2]]
[2024.08.10-12.21.08:548][  0]LogConfig: Setting CVar [[r.VolumetricFog:1]]
[2024.08.10-12.21.08:548][  0]LogConfig: Setting CVar [[r.VolumetricFog.GridPixelSize:8]]
[2024.08.10-12.21.08:548][  0]LogConfig: Setting CVar [[r.VolumetricFog.GridSizeZ:128]]
[2024.08.10-12.21.08:548][  0]LogConfig: Setting CVar [[r.VolumetricFog.HistoryMissSupersampleCount:4]]
[2024.08.10-12.21.08:548][  0]LogConfig: Setting CVar [[r.LightMaxDrawDistanceScale:1]]
[2024.08.10-12.21.08:548][  0]LogConfig: Setting CVar [[r.CapsuleShadows:1]]
[2024.08.10-12.21.08:548][  0]LogConfig: Applying CVar settings from Section [PostProcessQuality@3] File [D:/Users/PC/Documents/GitHub/InsectHeaven/InsectHeaven/Saved/Config/Windows/Scalability.ini]
[2024.08.10-12.21.08:548][  0]LogConfig: Setting CVar [[r.MotionBlurQuality:4]]
[2024.08.10-12.21.08:548][  0]LogConfig: Setting CVar [[r.AmbientOcclusionMipLevelFactor:0.4]]
[2024.08.10-12.21.08:548][  0]LogConfig: Setting CVar [[r.AmbientOcclusionMaxQuality:100]]
[2024.08.10-12.21.08:548][  0]LogConfig: Setting CVar [[r.AmbientOcclusionLevels:-1]]
[2024.08.10-12.21.08:549][  0]LogConfig: Setting CVar [[r.AmbientOcclusionRadiusScale:1.0]]
[2024.08.10-12.21.08:549][  0]LogConfig: Setting CVar [[r.DepthOfFieldQuality:2]]
[2024.08.10-12.21.08:549][  0]LogConfig: Setting CVar [[r.RenderTargetPoolMin:400]]
[2024.08.10-12.21.08:549][  0]LogConfig: Setting CVar [[r.LensFlareQuality:2]]
[2024.08.10-12.21.08:549][  0]LogConfig: Setting CVar [[r.SceneColorFringeQuality:1]]
[2024.08.10-12.21.08:549][  0]LogConfig: Setting CVar [[r.EyeAdaptationQuality:2]]
[2024.08.10-12.21.08:549][  0]LogConfig: Setting CVar [[r.BloomQuality:5]]
[2024.08.10-12.21.08:549][  0]LogConfig: Setting CVar [[r.FastBlurThreshold:100]]
[2024.08.10-12.21.08:549][  0]LogConfig: Setting CVar [[r.Upscale.Quality:3]]
[2024.08.10-12.21.08:549][  0]LogConfig: Setting CVar [[r.Tonemapper.GrainQuantization:1]]
[2024.08.10-12.21.08:549][  0]LogConfig: Setting CVar [[r.LightShaftQuality:1]]
[2024.08.10-12.21.08:549][  0]LogConfig: Setting CVar [[r.Filter.SizeScale:1]]
[2024.08.10-12.21.08:549][  0]LogConfig: Setting CVar [[r.Tonemapper.Quality:5]]
[2024.08.10-12.21.08:549][  0]LogConfig: Setting CVar [[r.DOF.Gather.AccumulatorQuality:1        ; higher gathering accumulator quality]]
[2024.08.10-12.21.08:549][  0]LogConfig: Setting CVar [[r.DOF.Gather.PostfilterMethod:1          ; Median3x3 postfilering method]]
[2024.08.10-12.21.08:549][  0]LogConfig: Setting CVar [[r.DOF.Gather.EnableBokehSettings:0       ; no bokeh simulation when gathering]]
[2024.08.10-12.21.08:549][  0]LogConfig: Setting CVar [[r.DOF.Gather.RingCount:4                 ; medium number of samples when gathering]]
[2024.08.10-12.21.08:549][  0]LogConfig: Setting CVar [[r.DOF.Scatter.ForegroundCompositing:1    ; additive foreground scattering]]
[2024.08.10-12.21.08:550][  0]LogConfig: Setting CVar [[r.DOF.Scatter.BackgroundCompositing:2    ; additive background scattering]]
[2024.08.10-12.21.08:550][  0]LogConfig: Setting CVar [[r.DOF.Scatter.EnableBokehSettings:1      ; bokeh simulation when scattering]]
[2024.08.10-12.21.08:550][  0]LogConfig: Setting CVar [[r.DOF.Scatter.MaxSpriteRatio:0.1         ; only a maximum of 10% of scattered bokeh]]
[2024.08.10-12.21.08:550][  0]LogConfig: Setting CVar [[r.DOF.Recombine.Quality:1                ; cheap slight out of focus]]
[2024.08.10-12.21.08:550][  0]LogConfig: Setting CVar [[r.DOF.Recombine.EnableBokehSettings:0    ; no bokeh simulation on slight out of focus]]
[2024.08.10-12.21.08:550][  0]LogConfig: Setting CVar [[r.DOF.TemporalAAQuality:1                ; more stable temporal accumulation]]
[2024.08.10-12.21.08:550][  0]LogConfig: Setting CVar [[r.DOF.Kernel.MaxForegroundRadius:0.025]]
[2024.08.10-12.21.08:550][  0]LogConfig: Setting CVar [[r.DOF.Kernel.MaxBackgroundRadius:0.025]]
[2024.08.10-12.21.08:550][  0]LogConfig: Applying CVar settings from Section [TextureQuality@3] File [D:/Users/PC/Documents/GitHub/InsectHeaven/InsectHeaven/Saved/Config/Windows/Scalability.ini]
[2024.08.10-12.21.08:550][  0]LogConfig: Setting CVar [[r.Streaming.MipBias:0]]
[2024.08.10-12.21.08:550][  0]LogConfig: Setting CVar [[r.Streaming.AmortizeCPUToGPUCopy:0]]
[2024.08.10-12.21.08:550][  0]LogConfig: Setting CVar [[r.Streaming.MaxNumTexturesToStreamPerFrame:0]]
[2024.08.10-12.21.08:550][  0]LogConfig: Setting CVar [[r.Streaming.Boost:1]]
[2024.08.10-12.21.08:550][  0]LogConfig: Setting CVar [[r.MaxAnisotropy:8]]
[2024.08.10-12.21.08:550][  0]LogConfig: Setting CVar [[r.VT.MaxAnisotropy:8]]
[2024.08.10-12.21.08:550][  0]LogConfig: Setting CVar [[r.Streaming.LimitPoolSizeToVRAM:0]]
[2024.08.10-12.21.08:550][  0]LogConfig: Setting CVar [[r.Streaming.PoolSize:1000]]
[2024.08.10-12.21.08:550][  0]LogConfig: Setting CVar [[r.Streaming.MaxEffectiveScreenSize:0]]
[2024.08.10-12.21.08:551][  0]LogConfig: Applying CVar settings from Section [EffectsQuality@3] File [D:/Users/PC/Documents/GitHub/InsectHeaven/InsectHeaven/Saved/Config/Windows/Scalability.ini]
[2024.08.10-12.21.08:552][  0]LogConfig: Setting CVar [[r.TranslucencyLightingVolumeDim:64]]
[2024.08.10-12.21.08:552][  0]LogConfig: Setting CVar [[r.RefractionQuality:2]]
[2024.08.10-12.21.08:552][  0]LogConfig: Setting CVar [[r.SSR.Quality:3]]
[2024.08.10-12.21.08:552][  0]LogConfig: Setting CVar [[r.SSR.HalfResSceneColor:0]]
[2024.08.10-12.21.08:552][  0]LogConfig: Setting CVar [[r.SceneColorFormat:4]]
[2024.08.10-12.21.08:553][  0]LogConfig: Setting CVar [[r.DetailMode:2]]
[2024.08.10-12.21.08:553][  0]LogConfig: Setting CVar [[r.TranslucencyVolumeBlur:1]]
[2024.08.10-12.21.08:553][  0]LogConfig: Setting CVar [[r.MaterialQualityLevel:1 ; High quality]]
[2024.08.10-12.21.08:554][  0]LogConfig: Setting CVar [[r.AnisotropicMaterials:1]]
[2024.08.10-12.21.08:554][  0]LogConfig: Setting CVar [[r.SSS.Scale:1]]
[2024.08.10-12.21.08:554][  0]LogConfig: Setting CVar [[r.SSS.SampleSet:2]]
[2024.08.10-12.21.08:554][  0]LogConfig: Setting CVar [[r.SSS.Quality:1]]
[2024.08.10-12.21.08:554][  0]LogConfig: Setting CVar [[r.SSS.HalfRes:0]]
[2024.08.10-12.21.08:555][  0]LogConfig: Setting CVar [[r.SSGI.Quality:3]]
[2024.08.10-12.21.08:555][  0]LogConfig: Setting CVar [[r.EmitterSpawnRateScale:1.0]]
[2024.08.10-12.21.08:555][  0]LogConfig: Setting CVar [[r.ParticleLightQuality:2]]
[2024.08.10-12.21.08:556][  0]LogConfig: Setting CVar [[r.SkyAtmosphere.AerialPerspectiveLUT.FastApplyOnOpaque:1 ; Always have FastSkyLUT 1 in this case to avoid wrong sky]]
[2024.08.10-12.21.08:556][  0]LogConfig: Setting CVar [[r.SkyAtmosphere.AerialPerspectiveLUT.SampleCountMaxPerSlice:4]]
[2024.08.10-12.21.08:556][  0]LogConfig: Setting CVar [[r.SkyAtmosphere.AerialPerspectiveLUT.DepthResolution:16.0]]
[2024.08.10-12.21.08:556][  0]LogConfig: Setting CVar [[r.SkyAtmosphere.FastSkyLUT:1]]
[2024.08.10-12.21.08:556][  0]LogConfig: Setting CVar [[r.SkyAtmosphere.FastSkyLUT.SampleCountMin:4.0]]
[2024.08.10-12.21.08:556][  0]LogConfig: Setting CVar [[r.SkyAtmosphere.FastSkyLUT.SampleCountMax:128.0]]
[2024.08.10-12.21.08:557][  0]LogConfig: Setting CVar [[r.SkyAtmosphere.SampleCountMin:4.0]]
[2024.08.10-12.21.08:558][  0]LogConfig: Setting CVar [[r.SkyAtmosphere.SampleCountMax:128.0]]
[2024.08.10-12.21.08:559][  0]LogConfig: Setting CVar [[r.SkyAtmosphere.TransmittanceLUT.UseSmallFormat:0]]
[2024.08.10-12.21.08:559][  0]LogConfig: Setting CVar [[r.SkyAtmosphere.TransmittanceLUT.SampleCount:10.0]]
[2024.08.10-12.21.08:559][  0]LogConfig: Setting CVar [[r.SkyAtmosphere.MultiScatteringLUT.SampleCount:15.0]]
[2024.08.10-12.21.08:559][  0]LogConfig: Setting CVar [[r.SkyLight.RealTimeReflectionCapture:1]]
[2024.08.10-12.21.08:559][  0]LogConfig: Applying CVar settings from Section [FoliageQuality@3] File [D:/Users/PC/Documents/GitHub/InsectHeaven/InsectHeaven/Saved/Config/Windows/Scalability.ini]
[2024.08.10-12.21.08:559][  0]LogConfig: Setting CVar [[foliage.DensityScale:1.0]]
[2024.08.10-12.21.08:559][  0]LogConfig: Setting CVar [[grass.DensityScale:1.0]]
[2024.08.10-12.21.08:559][  0]LogConfig: Applying CVar settings from Section [ShadingQuality@3] File [D:/Users/PC/Documents/GitHub/InsectHeaven/InsectHeaven/Saved/Config/Windows/Scalability.ini]
[2024.08.10-12.21.08:559][  0]LogConfig: Setting CVar [[r.HairStrands.SkyLighting.IntegrationType:2]]
[2024.08.10-12.21.08:559][  0]LogConfig: Setting CVar [[r.HairStrands.SkyAO.SampleCount:4]]
[2024.08.10-12.21.08:559][  0]LogConfig: Setting CVar [[r.HairStrands.Visibility.MSAA.SamplePerPixel:4]]
[2024.08.10-12.21.08:559][  0]LogInit: Selected Device Profile: [Windows]
[2024.08.10-12.21.08:560][  0]LogInit: Applying CVar settings loaded from the selected device profile: [Windows]
[2024.08.10-12.21.08:560][  0]LogHAL: Display: Platform has ~ 16 GB [17129017344 / 17179869184 / 16], which maps to Larger [LargestMinGB=32, LargerMinGB=12, DefaultMinGB=8, SmallerMinGB=6, SmallestMinGB=0)
[2024.08.10-12.21.08:560][  0]LogInit: Going up to parent DeviceProfile []
[2024.08.10-12.21.08:560][  0]LogConfig: Applying CVar settings from Section [ViewDistanceQuality@3] File [D:/Users/PC/Documents/GitHub/InsectHeaven/InsectHeaven/Saved/Config/Windows/Scalability.ini]
[2024.08.10-12.21.08:560][  0]LogConfig: Setting CVar [[r.SkeletalMeshLODBias:0]]
[2024.08.10-12.21.08:560][  0]LogConfig: Setting CVar [[r.ViewDistanceScale:1.0]]
[2024.08.10-12.21.08:560][  0]LogConfig: Applying CVar settings from Section [AntiAliasingQuality@3] File [D:/Users/PC/Documents/GitHub/InsectHeaven/InsectHeaven/Saved/Config/Windows/Scalability.ini]
[2024.08.10-12.21.08:560][  0]LogConfig: Setting CVar [[r.PostProcessAAQuality:4]]
[2024.08.10-12.21.08:560][  0]LogConfig: Applying CVar settings from Section [ShadowQuality@3] File [D:/Users/PC/Documents/GitHub/InsectHeaven/InsectHeaven/Saved/Config/Windows/Scalability.ini]
[2024.08.10-12.21.08:561][  0]LogConfig: Setting CVar [[r.LightFunctionQuality:1]]
[2024.08.10-12.21.08:561][  0]LogConfig: Setting CVar [[r.ShadowQuality:5]]
[2024.08.10-12.21.08:561][  0]LogConfig: Setting CVar [[r.Shadow.CSM.MaxCascades:10]]
[2024.08.10-12.21.08:561][  0]LogConfig: Setting CVar [[r.Shadow.MaxResolution:2048]]
[2024.08.10-12.21.08:561][  0]LogConfig: Setting CVar [[r.Shadow.MaxCSMResolution:2048]]
[2024.08.10-12.21.08:561][  0]LogConfig: Setting CVar [[r.Shadow.RadiusThreshold:0.01]]
[2024.08.10-12.21.08:561][  0]LogConfig: Setting CVar [[r.Shadow.DistanceScale:1.0]]
[2024.08.10-12.21.08:561][  0]LogConfig: Setting CVar [[r.Shadow.CSM.TransitionScale:1.0]]
[2024.08.10-12.21.08:561][  0]LogConfig: Setting CVar [[r.Shadow.PreShadowResolutionFactor:1.0]]
[2024.08.10-12.21.08:561][  0]LogConfig: Setting CVar [[r.DistanceFieldShadowing:1]]
[2024.08.10-12.21.08:561][  0]LogConfig: Setting CVar [[r.DistanceFieldAO:1]]
[2024.08.10-12.21.08:561][  0]LogConfig: Setting CVar [[r.AOQuality:2]]
[2024.08.10-12.21.08:561][  0]LogConfig: Setting CVar [[r.VolumetricFog:1]]
[2024.08.10-12.21.08:561][  0]LogConfig: Setting CVar [[r.VolumetricFog.GridPixelSize:8]]
[2024.08.10-12.21.08:562][  0]LogConfig: Setting CVar [[r.VolumetricFog.GridSizeZ:128]]
[2024.08.10-12.21.08:562][  0]LogConfig: Setting CVar [[r.VolumetricFog.HistoryMissSupersampleCount:4]]
[2024.08.10-12.21.08:562][  0]LogConfig: Setting CVar [[r.LightMaxDrawDistanceScale:1]]
[2024.08.10-12.21.08:562][  0]LogConfig: Setting CVar [[r.CapsuleShadows:1]]
[2024.08.10-12.21.08:562][  0]LogConfig: Applying CVar settings from Section [PostProcessQuality@3] File [D:/Users/PC/Documents/GitHub/InsectHeaven/InsectHeaven/Saved/Config/Windows/Scalability.ini]
[2024.08.10-12.21.08:562][  0]LogConfig: Setting CVar [[r.MotionBlurQuality:4]]
[2024.08.10-12.21.08:562][  0]LogConfig: Setting CVar [[r.AmbientOcclusionMipLevelFactor:0.4]]
[2024.08.10-12.21.08:562][  0]LogConfig: Setting CVar [[r.AmbientOcclusionMaxQuality:100]]
[2024.08.10-12.21.08:562][  0]LogConfig: Setting CVar [[r.AmbientOcclusionLevels:-1]]
[2024.08.10-12.21.08:562][  0]LogConfig: Setting CVar [[r.AmbientOcclusionRadiusScale:1.0]]
[2024.08.10-12.21.08:562][  0]LogConfig: Setting CVar [[r.DepthOfFieldQuality:2]]
[2024.08.10-12.21.08:562][  0]LogConfig: Setting CVar [[r.RenderTargetPoolMin:400]]
[2024.08.10-12.21.08:562][  0]LogConfig: Setting CVar [[r.LensFlareQuality:2]]
[2024.08.10-12.21.08:562][  0]LogConfig: Setting CVar [[r.SceneColorFringeQuality:1]]
[2024.08.10-12.21.08:563][  0]LogConfig: Setting CVar [[r.EyeAdaptationQuality:2]]
[2024.08.10-12.21.08:563][  0]LogConfig: Setting CVar [[r.BloomQuality:5]]
[2024.08.10-12.21.08:563][  0]LogConfig: Setting CVar [[r.FastBlurThreshold:100]]
[2024.08.10-12.21.08:563][  0]LogConfig: Setting CVar [[r.Upscale.Quality:3]]
[2024.08.10-12.21.08:563][  0]LogConfig: Setting CVar [[r.Tonemapper.GrainQuantization:1]]
[2024.08.10-12.21.08:563][  0]LogConfig: Setting CVar [[r.LightShaftQuality:1]]
[2024.08.10-12.21.08:563][  0]LogConfig: Setting CVar [[r.Filter.SizeScale:1]]
[2024.08.10-12.21.08:563][  0]LogConfig: Setting CVar [[r.Tonemapper.Quality:5]]
[2024.08.10-12.21.08:563][  0]LogConfig: Setting CVar [[r.DOF.Gather.AccumulatorQuality:1        ; higher gathering accumulator quality]]
[2024.08.10-12.21.08:563][  0]LogConfig: Setting CVar [[r.DOF.Gather.PostfilterMethod:1          ; Median3x3 postfilering method]]
[2024.08.10-12.21.08:563][  0]LogConfig: Setting CVar [[r.DOF.Gather.EnableBokehSettings:0       ; no bokeh simulation when gathering]]
[2024.08.10-12.21.08:563][  0]LogConfig: Setting CVar [[r.DOF.Gather.RingCount:4                 ; medium number of samples when gathering]]
[2024.08.10-12.21.08:563][  0]LogConfig: Setting CVar [[r.DOF.Scatter.ForegroundCompositing:1    ; additive foreground scattering]]
[2024.08.10-12.21.08:563][  0]LogConfig: Setting CVar [[r.DOF.Scatter.BackgroundCompositing:2    ; additive background scattering]]
[2024.08.10-12.21.08:563][  0]LogConfig: Setting CVar [[r.DOF.Scatter.EnableBokehSettings:1      ; bokeh simulation when scattering]]
[2024.08.10-12.21.08:563][  0]LogConfig: Setting CVar [[r.DOF.Scatter.MaxSpriteRatio:0.1         ; only a maximum of 10% of scattered bokeh]]
[2024.08.10-12.21.08:563][  0]LogConfig: Setting CVar [[r.DOF.Recombine.Quality:1                ; cheap slight out of focus]]
[2024.08.10-12.21.08:563][  0]LogConfig: Setting CVar [[r.DOF.Recombine.EnableBokehSettings:0    ; no bokeh simulation on slight out of focus]]
[2024.08.10-12.21.08:563][  0]LogConfig: Setting CVar [[r.DOF.TemporalAAQuality:1                ; more stable temporal accumulation]]
[2024.08.10-12.21.08:563][  0]LogConfig: Setting CVar [[r.DOF.Kernel.MaxForegroundRadius:0.025]]
[2024.08.10-12.21.08:564][  0]LogConfig: Setting CVar [[r.DOF.Kernel.MaxBackgroundRadius:0.025]]
[2024.08.10-12.21.08:564][  0]LogConfig: Applying CVar settings from Section [TextureQuality@3] File [D:/Users/PC/Documents/GitHub/InsectHeaven/InsectHeaven/Saved/Config/Windows/Scalability.ini]
[2024.08.10-12.21.08:564][  0]LogConfig: Setting CVar [[r.Streaming.MipBias:0]]
[2024.08.10-12.21.08:564][  0]LogConfig: Setting CVar [[r.Streaming.AmortizeCPUToGPUCopy:0]]
[2024.08.10-12.21.08:564][  0]LogConfig: Setting CVar [[r.Streaming.MaxNumTexturesToStreamPerFrame:0]]
[2024.08.10-12.21.08:564][  0]LogConfig: Setting CVar [[r.Streaming.Boost:1]]
[2024.08.10-12.21.08:564][  0]LogConfig: Setting CVar [[r.MaxAnisotropy:8]]
[2024.08.10-12.21.08:564][  0]LogConfig: Setting CVar [[r.VT.MaxAnisotropy:8]]
[2024.08.10-12.21.08:564][  0]LogConfig: Setting CVar [[r.Streaming.LimitPoolSizeToVRAM:0]]
[2024.08.10-12.21.08:564][  0]LogConfig: Setting CVar [[r.Streaming.PoolSize:1000]]
[2024.08.10-12.21.08:564][  0]LogConfig: Setting CVar [[r.Streaming.MaxEffectiveScreenSize:0]]
[2024.08.10-12.21.08:564][  0]LogConfig: Applying CVar settings from Section [EffectsQuality@3] File [D:/Users/PC/Documents/GitHub/InsectHeaven/InsectHeaven/Saved/Config/Windows/Scalability.ini]
[2024.08.10-12.21.08:564][  0]LogConfig: Setting CVar [[r.TranslucencyLightingVolumeDim:64]]
[2024.08.10-12.21.08:564][  0]LogConfig: Setting CVar [[r.RefractionQuality:2]]
[2024.08.10-12.21.08:564][  0]LogConfig: Setting CVar [[r.SSR.Quality:3]]
[2024.08.10-12.21.08:564][  0]LogConfig: Setting CVar [[r.SSR.HalfResSceneColor:0]]
[2024.08.10-12.21.08:564][  0]LogConfig: Setting CVar [[r.SceneColorFormat:4]]
[2024.08.10-12.21.08:564][  0]LogConfig: Setting CVar [[r.DetailMode:2]]
[2024.08.10-12.21.08:564][  0]LogConfig: Setting CVar [[r.TranslucencyVolumeBlur:1]]
[2024.08.10-12.21.08:565][  0]LogConfig: Setting CVar [[r.MaterialQualityLevel:1 ; High quality]]
[2024.08.10-12.21.08:565][  0]LogConfig: Setting CVar [[r.AnisotropicMaterials:1]]
[2024.08.10-12.21.08:565][  0]LogConfig: Setting CVar [[r.SSS.Scale:1]]
[2024.08.10-12.21.08:565][  0]LogConfig: Setting CVar [[r.SSS.SampleSet:2]]
[2024.08.10-12.21.08:565][  0]LogConfig: Setting CVar [[r.SSS.Quality:1]]
[2024.08.10-12.21.08:565][  0]LogConfig: Setting CVar [[r.SSS.HalfRes:0]]
[2024.08.10-12.21.08:565][  0]LogConfig: Setting CVar [[r.SSGI.Quality:3]]
[2024.08.10-12.21.08:565][  0]LogConfig: Setting CVar [[r.EmitterSpawnRateScale:1.0]]
[2024.08.10-12.21.08:565][  0]LogConfig: Setting CVar [[r.ParticleLightQuality:2]]
[2024.08.10-12.21.08:565][  0]LogConfig: Setting CVar [[r.SkyAtmosphere.AerialPerspectiveLUT.FastApplyOnOpaque:1 ; Always have FastSkyLUT 1 in this case to avoid wrong sky]]
[2024.08.10-12.21.08:565][  0]LogConfig: Setting CVar [[r.SkyAtmosphere.AerialPerspectiveLUT.SampleCountMaxPerSlice:4]]
[2024.08.10-12.21.08:565][  0]LogConfig: Setting CVar [[r.SkyAtmosphere.AerialPerspectiveLUT.DepthResolution:16.0]]
[2024.08.10-12.21.08:565][  0]LogConfig: Setting CVar [[r.SkyAtmosphere.FastSkyLUT:1]]
[2024.08.10-12.21.08:565][  0]LogConfig: Setting CVar [[r.SkyAtmosphere.FastSkyLUT.SampleCountMin:4.0]]
[2024.08.10-12.21.08:565][  0]LogConfig: Setting CVar [[r.SkyAtmosphere.FastSkyLUT.SampleCountMax:128.0]]
[2024.08.10-12.21.08:565][  0]LogConfig: Setting CVar [[r.SkyAtmosphere.SampleCountMin:4.0]]
[2024.08.10-12.21.08:565][  0]LogConfig: Setting CVar [[r.SkyAtmosphere.SampleCountMax:128.0]]
[2024.08.10-12.21.08:565][  0]LogConfig: Setting CVar [[r.SkyAtmosphere.TransmittanceLUT.UseSmallFormat:0]]
[2024.08.10-12.21.08:566][  0]LogConfig: Setting CVar [[r.SkyAtmosphere.TransmittanceLUT.SampleCount:10.0]]
[2024.08.10-12.21.08:566][  0]LogConfig: Setting CVar [[r.SkyAtmosphere.MultiScatteringLUT.SampleCount:15.0]]
[2024.08.10-12.21.08:566][  0]LogConfig: Setting CVar [[r.SkyLight.RealTimeReflectionCapture:1]]
[2024.08.10-12.21.08:566][  0]LogConfig: Applying CVar settings from Section [FoliageQuality@3] File [D:/Users/PC/Documents/GitHub/InsectHeaven/InsectHeaven/Saved/Config/Windows/Scalability.ini]
[2024.08.10-12.21.08:566][  0]LogConfig: Setting CVar [[foliage.DensityScale:1.0]]
[2024.08.10-12.21.08:566][  0]LogConfig: Setting CVar [[grass.DensityScale:1.0]]
[2024.08.10-12.21.08:566][  0]LogConfig: Applying CVar settings from Section [ShadingQuality@3] File [D:/Users/PC/Documents/GitHub/InsectHeaven/InsectHeaven/Saved/Config/Windows/Scalability.ini]
[2024.08.10-12.21.08:566][  0]LogConfig: Setting CVar [[r.HairStrands.SkyLighting.IntegrationType:2]]
[2024.08.10-12.21.08:566][  0]LogConfig: Setting CVar [[r.HairStrands.SkyAO.SampleCount:4]]
[2024.08.10-12.21.08:566][  0]LogConfig: Setting CVar [[r.HairStrands.Visibility.MSAA.SamplePerPixel:4]]
[2024.08.10-12.21.08:566][  0]LogConfig: Applying CVar settings from Section [Startup] File [../../../Engine/Config/ConsoleVariables.ini]
[2024.08.10-12.21.08:567][  0]LogConfig: Setting CVar [[net.UseAdaptiveNetUpdateFrequency:0]]
[2024.08.10-12.21.08:567][  0]LogConfig: Setting CVar [[p.chaos.AllowCreatePhysxBodies:1]]
[2024.08.10-12.21.08:567][  0]LogConfig: Setting CVar [[fx.SkipVectorVMBackendOptimizations:1]]
[2024.08.10-12.21.08:567][  0]LogConfig: Applying CVar settings from Section [ConsoleVariables] File [D:/Users/PC/Documents/GitHub/InsectHeaven/InsectHeaven/Saved/Config/Windows/Engine.ini]
[2024.08.10-12.21.08:567][  0]LogConfig: Applying CVar settings from Section [ConsoleVariables] File [D:/Users/PC/Documents/GitHub/InsectHeaven/InsectHeaven/Saved/Config/Windows/Editor.ini]
[2024.08.10-12.21.08:567][  0]LogInit: Computer: DESKTOP-P2P91DD
[2024.08.10-12.21.08:567][  0]LogInit: User: PC
[2024.08.10-12.21.08:567][  0]LogInit: CPU Page size=4096, Cores=6
[2024.08.10-12.21.08:567][  0]LogInit: High frequency timer resolution =10.000000 MHz
[2024.08.10-12.21.08:567][  0]LogMemory: Memory total: Physical=16.0GB (16GB approx)
[2024.08.10-12.21.08:567][  0]LogMemory: Platform Memory Stats for Windows
[2024.08.10-12.21.08:567][  0]LogMemory: Process Physical Memory: 144.11 MB used, 144.11 MB peak
[2024.08.10-12.21.08:568][  0]LogMemory: Process Virtual Memory: 114.76 MB used, 114.76 MB peak
[2024.08.10-12.21.08:568][  0]LogMemory: Physical Memory: 12587.14 MB used,  3748.36 MB free, 16335.50 MB total
[2024.08.10-12.21.08:568][  0]LogMemory: Virtual Memory: 134211712.00 MB used,  6018.98 MB free, 134217728.00 MB total
[2024.08.10-12.21.08:603][  0]LogWindows: WindowsPlatformFeatures enabled
[2024.08.10-12.21.08:930][  0]LogInit: Physics initialised using underlying interface: PhysX
[2024.08.10-12.21.08:932][  0]LogInit: Using OS detected language (ko-KR).
[2024.08.10-12.21.08:937][  0]LogInit: Using OS detected locale (ko-KR).
[2024.08.10-12.21.08:950][  0]LogTextLocalizationManager: No specific localization for 'ko-KR' exists, so the 'ko' localization will be used.
[2024.08.10-12.21.09:110][  0]LogInit: Setting process to per monitor DPI aware
[2024.08.10-12.21.09:240][  0]LogWindowsTextInputMethodSystem: Display: IME system deactivated.
[2024.08.10-12.21.09:266][  0]LogSlate: New Slate User Created.  User Index 0, Is Virtual User: 0
[2024.08.10-12.21.09:266][  0]LogSlate: Slate User Registered.  User Index 0, Is Virtual User: 0
[2024.08.10-12.21.09:506][  0]LogD3D11RHI: Loaded GFSDK_Aftermath_Lib.x64.dll
[2024.08.10-12.21.09:514][  0]LogHMD: Failed to initialize OpenVR with code 110
[2024.08.10-12.21.09:514][  0]LogD3D11RHI: D3D11 min allowed feature level: 11_0
[2024.08.10-12.21.09:514][  0]LogD3D11RHI: D3D11 max allowed feature level: 11_0
[2024.08.10-12.21.09:514][  0]LogD3D11RHI: D3D11 adapters:
[2024.08.10-12.21.09:653][  0]LogD3D11RHI:    0. 'NVIDIA GeForce GTX 1060 3GB' (Feature Level 11_0)
[2024.08.10-12.21.09:653][  0]LogD3D11RHI:       2988/0/8167 MB DedicatedVideo/DedicatedSystem/SharedSystem, Outputs:2, VendorId:0x10de
[2024.08.10-12.21.09:660][  0]LogD3D11RHI:    1. 'Microsoft Basic Render Driver' (Feature Level 11_0)
[2024.08.10-12.21.09:660][  0]LogD3D11RHI:       0/0/8167 MB DedicatedVideo/DedicatedSystem/SharedSystem, Outputs:0, VendorId:0x1414
[2024.08.10-12.21.09:660][  0]LogD3D11RHI: Chosen D3D11 Adapter:
[2024.08.10-12.21.09:660][  0]LogD3D11RHI:     Description : NVIDIA GeForce GTX 1060 3GB
[2024.08.10-12.21.09:661][  0]LogD3D11RHI:     VendorId    : 10de
[2024.08.10-12.21.09:661][  0]LogD3D11RHI:     DeviceId    : 1c02
[2024.08.10-12.21.09:661][  0]LogD3D11RHI:     SubSysId    : 32871462
[2024.08.10-12.21.09:661][  0]LogD3D11RHI:     Revision    : 00a1
[2024.08.10-12.21.09:661][  0]LogD3D11RHI:     DedicatedVideoMemory : 3133145088 bytes
[2024.08.10-12.21.09:661][  0]LogD3D11RHI:     DedicatedSystemMemory : 0 bytes
[2024.08.10-12.21.09:661][  0]LogD3D11RHI:     SharedSystemMemory : 8564508672 bytes
[2024.08.10-12.21.09:661][  0]LogD3D11RHI:     AdapterLuid : 0 63169
[2024.08.10-12.21.09:673][  0]LogD3D11RHI: Creating new Direct3DDevice
[2024.08.10-12.21.09:673][  0]LogD3D11RHI:     GPU DeviceId: 0x1c02 (for the marketing name, search the web for "GPU Device Id")
[2024.08.10-12.21.09:673][  0]LogWindows: EnumDisplayDevices:
[2024.08.10-12.21.09:673][  0]LogWindows:    0. 'NVIDIA GeForce GTX 1060 3GB' (P:1 D:1)
[2024.08.10-12.21.09:674][  0]LogWindows:    1. 'NVIDIA GeForce GTX 1060 3GB' (P:0 D:1)
[2024.08.10-12.21.09:676][  0]LogWindows:    2. 'NVIDIA GeForce GTX 1060 3GB' (P:0 D:0)
[2024.08.10-12.21.09:677][  0]LogWindows:    3. 'NVIDIA GeForce GTX 1060 3GB' (P:0 D:0)
[2024.08.10-12.21.09:678][  0]LogWindows: DebugString: FoundDriverCount:4 
[2024.08.10-12.21.09:678][  0]LogD3D11RHI:     Adapter Name: NVIDIA GeForce GTX 1060 3GB
[2024.08.10-12.21.09:678][  0]LogD3D11RHI:   Driver Version: 457.51 (internal:27.21.14.5751, unified:457.51)
[2024.08.10-12.21.09:678][  0]LogD3D11RHI:      Driver Date: 11-22-2020
[2024.08.10-12.21.09:678][  0]LogRHI: Texture pool is 2091 MB (70% of 2988 MB)
[2024.08.10-12.21.09:678][  0]LogD3D11RHI: Creating D3DDevice using adapter:
[2024.08.10-12.21.09:678][  0]LogD3D11RHI:     Description : NVIDIA GeForce GTX 1060 3GB
[2024.08.10-12.21.09:678][  0]LogD3D11RHI:     VendorId    : 10de
[2024.08.10-12.21.09:678][  0]LogD3D11RHI:     DeviceId    : 1c02
[2024.08.10-12.21.09:678][  0]LogD3D11RHI:     SubSysId    : 32871462
[2024.08.10-12.21.09:678][  0]LogD3D11RHI:     Revision    : 00a1
[2024.08.10-12.21.09:678][  0]LogD3D11RHI:     DedicatedVideoMemory : 3133145088 bytes
[2024.08.10-12.21.09:678][  0]LogD3D11RHI:     DedicatedSystemMemory : 0 bytes
[2024.08.10-12.21.09:679][  0]LogD3D11RHI:     SharedSystemMemory : 8564508672 bytes
[2024.08.10-12.21.09:679][  0]LogD3D11RHI:     AdapterLuid : 0 63169
[2024.08.10-12.21.09:752][  0]LogD3D11RHI: RHI has support for 64 bit atomics
[2024.08.10-12.21.09:752][  0]LogD3D11RHI: Async texture creation enabled
[2024.08.10-12.21.09:752][  0]LogD3D11RHI: Array index from any shader is supported
[2024.08.10-12.21.09:775][  0]LogD3D11RHI: GPU Timing Frequency: 1000.000000 (Debug: 2 1)
[2024.08.10-12.21.09:923][  0]LogRHI: GeForceNow SDK initialized: 1
[2024.08.10-12.21.10:456][  0]LogTargetPlatformManager: Display: Loaded TargetPlatform 'AllDesktop'
[2024.08.10-12.21.10:484][  0]LogTargetPlatformManager: Display: Loaded TargetPlatform 'Android'
[2024.08.10-12.21.10:484][  0]LogTargetPlatformManager: Display: Loaded TargetPlatform 'Android_ASTC'
[2024.08.10-12.21.10:484][  0]LogTargetPlatformManager: Display: Loaded TargetPlatform 'Android_DXT'
[2024.08.10-12.21.10:484][  0]LogTargetPlatformManager: Display: Loaded TargetPlatform 'Android_ETC2'
[2024.08.10-12.21.10:484][  0]LogTargetPlatformManager: Display: Loaded TargetPlatform 'AndroidClient'
[2024.08.10-12.21.10:484][  0]LogTargetPlatformManager: Display: Loaded TargetPlatform 'Android_ASTCClient'
[2024.08.10-12.21.10:484][  0]LogTargetPlatformManager: Display: Loaded TargetPlatform 'Android_DXTClient'
[2024.08.10-12.21.10:484][  0]LogTargetPlatformManager: Display: Loaded TargetPlatform 'Android_ETC2Client'
[2024.08.10-12.21.10:484][  0]LogTargetPlatformManager: Display: Loaded TargetPlatform 'Android_Multi'
[2024.08.10-12.21.10:485][  0]LogTargetPlatformManager: Display: Loaded TargetPlatform 'Android_MultiClient'
[2024.08.10-12.21.10:521][  0]LogTargetPlatformManager: Display: Loaded TargetPlatform 'IOSClient'
[2024.08.10-12.21.10:521][  0]LogTargetPlatformManager: Display: Loaded TargetPlatform 'IOS'
[2024.08.10-12.21.10:537][  0]LogTargetPlatformManager: Display: Loaded TargetPlatform 'Linux'
[2024.08.10-12.21.10:546][  0]LogTargetPlatformManager: Display: Loaded TargetPlatform 'LinuxNoEditor'
[2024.08.10-12.21.10:554][  0]LogTargetPlatformManager: Display: Loaded TargetPlatform 'LinuxClient'
[2024.08.10-12.21.10:562][  0]LogTargetPlatformManager: Display: Loaded TargetPlatform 'LinuxServer'
[2024.08.10-12.21.10:577][  0]LogTargetPlatformManager: Display: Loaded TargetPlatform 'LinuxAArch64NoEditor'
[2024.08.10-12.21.10:585][  0]LogTargetPlatformManager: Display: Loaded TargetPlatform 'LinuxAArch64Client'
[2024.08.10-12.21.10:594][  0]LogTargetPlatformManager: Display: Loaded TargetPlatform 'LinuxAArch64Server'
[2024.08.10-12.21.10:627][  0]LogTargetPlatformManager: Display: Loaded TargetPlatform 'Lumin'
[2024.08.10-12.21.10:627][  0]LogTargetPlatformManager: Display: Loaded TargetPlatform 'LuminClient'
[2024.08.10-12.21.10:641][  0]LogTargetPlatformManager: Display: Loaded TargetPlatform 'MacNoEditor'
[2024.08.10-12.21.10:650][  0]LogTargetPlatformManager: Display: Loaded TargetPlatform 'Mac'
[2024.08.10-12.21.10:661][  0]LogTargetPlatformManager: Display: Loaded TargetPlatform 'MacClient'
[2024.08.10-12.21.10:670][  0]LogTargetPlatformManager: Display: Loaded TargetPlatform 'MacServer'
[2024.08.10-12.21.10:685][  0]LogTargetPlatformManager: Display: Loaded TargetPlatform 'TVOSClient'
[2024.08.10-12.21.10:685][  0]LogTargetPlatformManager: Display: Loaded TargetPlatform 'TVOS'
[2024.08.10-12.21.10:700][  0]LogTargetPlatformManager: Display: Loaded TargetPlatform 'WindowsNoEditor'
[2024.08.10-12.21.10:709][  0]LogTargetPlatformManager: Display: Loaded TargetPlatform 'Windows'
[2024.08.10-12.21.10:720][  0]LogTargetPlatformManager: Display: Loaded TargetPlatform 'WindowsClient'
[2024.08.10-12.21.10:732][  0]LogTargetPlatformManager: Display: Loaded TargetPlatform 'WindowsServer'
[2024.08.10-12.21.10:732][  0]LogTargetPlatformManager: Display: Building Assets For Windows
[2024.08.10-12.21.10:777][  0]LogAudioDebug: Display: Lib vorbis DLL was dynamically loaded.
[2024.08.10-12.21.10:865][  0]LogTextureFormatOodle: Display: Oodle Texture 2.9.0 init RDO Off
[2024.08.10-12.21.10:959][  0]LogRendererCore: Ray tracing is disabled. Reason: r.RayTracing=0.
[2024.08.10-12.21.10:959][  0]LogShaderCompilers: Guid format shader working directory is -12 characters bigger than the processId version (D:/Users/PC/Documents/GitHub/InsectHeaven/InsectHeaven/Intermediate/Shaders/WorkingDirectory/26716/).
[2024.08.10-12.21.10:959][  0]LogShaderCompilers: Cleaned the shader compiler working directory 'C:/Users/PC/AppData/Local/Temp/UnrealShaderWorkingDir/AF0BC3824F5F5E28382246AEB1B4B711/'.
[2024.08.10-12.21.10:960][  0]LogXGEController: Cannot use XGE Controller as Incredibuild is not installed on this machine.
[2024.08.10-12.21.10:960][  0]LogShaderCompilers: Cannot use XGE Shader Compiler as Incredibuild is not installed on this machine.
[2024.08.10-12.21.10:960][  0]LogShaderCompilers: Display: Using Local Shader Compiler.
[2024.08.10-12.21.11:707][  0]LogDerivedDataCache: Display: Max Cache Size: 512 MB
[2024.08.10-12.21.11:774][  0]LogDerivedDataCache: Loaded boot cache 0.07s 94MB C:/Users/PC/AppData/Local/UnrealEngine/4.27/DerivedDataCache/Boot.ddc.
[2024.08.10-12.21.11:774][  0]LogDerivedDataCache: Display: Loaded Boot cache: C:/Users/PC/AppData/Local/UnrealEngine/4.27/DerivedDataCache/Boot.ddc
[2024.08.10-12.21.11:774][  0]LogDerivedDataCache: FDerivedDataBackendGraph:  Pak pak cache file D:/Users/PC/Documents/GitHub/InsectHeaven/InsectHeaven/DerivedDataCache/DDC.ddp not found, will not use a pak cache.
[2024.08.10-12.21.11:774][  0]LogDerivedDataCache: Unable to find inner node Pak for hierarchical cache Hierarchy.
[2024.08.10-12.21.11:774][  0]LogDerivedDataCache: FDerivedDataBackendGraph:  CompressedPak pak cache file D:/Users/PC/Documents/GitHub/InsectHeaven/InsectHeaven/DerivedDataCache/Compressed.ddp not found, will not use a pak cache.
[2024.08.10-12.21.11:774][  0]LogDerivedDataCache: Unable to find inner node CompressedPak for hierarchical cache Hierarchy.
[2024.08.10-12.21.11:791][  0]LogDerivedDataCache: Display: Pak cache opened for reading ../../../Engine/DerivedDataCache/Compressed.ddp.
[2024.08.10-12.21.11:791][  0]LogDerivedDataCache: FDerivedDataBackendGraph:  EnterprisePak pak cache file ../../../Enterprise/DerivedDataCache/Compressed.ddp not found, will not use a pak cache.
[2024.08.10-12.21.11:791][  0]LogDerivedDataCache: Unable to find inner node EnterprisePak for hierarchical cache Hierarchy.
[2024.08.10-12.21.11:805][  0]LogDerivedDataCache: Speed tests for C:/Users/PC/AppData/Local/UnrealEngine/Common/DerivedDataCache took 0.01 seconds
[2024.08.10-12.21.11:805][  0]LogDerivedDataCache: Display: Performance to C:/Users/PC/AppData/Local/UnrealEngine/Common/DerivedDataCache: Latency=0.07ms. RandomReadSpeed=741.32MBs, RandomWriteSpeed=78.66MBs. Assigned SpeedClass 'Local'
[2024.08.10-12.21.11:808][  0]LogDerivedDataCache: Using Local data cache path C:/Users/PC/AppData/Local/UnrealEngine/Common/DerivedDataCache: Writable
[2024.08.10-12.21.11:808][  0]LogDerivedDataCache: Shared data cache path not found in *engine.ini, will not use an Shared cache.
[2024.08.10-12.21.11:808][  0]LogDerivedDataCache: Unable to find inner node Shared for hierarchical cache Hierarchy.
[2024.08.10-12.21.11:852][  0]LogSlate: Using FreeType 2.10.0
[2024.08.10-12.21.11:853][  0]LogSlate: SlateFontServices - WITH_FREETYPE: 1, WITH_HARFBUZZ: 1
[2024.08.10-12.21.11:891][  0]LogAssetRegistry: FAssetRegistry took 0.0081 seconds to start up
[2024.08.10-12.21.12:140][  0]LogInit: Selected Device Profile: [Windows]
[2024.08.10-12.21.12:140][  0]LogInit: Active device profile: [000002363DBE4900][000002362E12BB40 49] Windows
[2024.08.10-12.21.12:140][  0]LogInit: Profiles: [000002363DBE4900][000002362E12BB40 49] Windows, [000002363DBAB800][000002362E132140 49] WindowsNoEditor, [000002363DBE7500][000002363D4F62C0 49] WindowsServer, [000002363DBA8E00][000002363D4FA440 49] WindowsClient, [000002363DBE7800][000002363D4FE5C0 49] IOS, [000002363DBAA800][000002363D502740 49] iPadAir, [000002363DBE6000][000002362E12E880 49] iPadAir2, [000002363DB44A00][000002363D50AAC0 49] IPadPro, [000002363DB44B00][000002363D506B00 49] iPadAir3, [000002363DBA9900][000002363AD04C80 49] iPadAir4, [000002363DB47400][000002363AD08E00 49] iPadMini2, [000002363DBAAA00][000002363AD0CF80 49] iPadMini3, [000002363DB45700][000002363AD11100 49] iPadMini4, [000002363DBE5100][000002363AD15280 49] iPadMini5, [000002363DB64300][000002363AD1D540 49] iPhone6, [000002363DB64400][000002363AD19580 49] iPodTouch6, [000002363DB43F00][000002363AD25840 49] iPhone7, [000002363DB43E00][000002363AD21880 49] iPodTouch7, [000002363DBAA000][000002363AD29A00 49] iPhone5S, [000002363DB41A00][000002363AD2DB80 49] iPhone6Plus, [000002363DB64200][000002363AD30180 49] iPhone6S, [000002363DB40600][000002363D8DA300 49] iPhone6SPlus, [000002363DB66900][000002363D8DE480 49] iPhone7Plus, [000002363DB43100][000002363D8E2600 49] iPhoneSE, [000002363DB66200][000002363D8E6780 49] iPhone8, [000002363DB43B00][000002363D8EA900 49] iPhone8Plus, [000002363DB64A00][000002363AD00A40 49] iPhoneX, [000002363DB41400][000002363D8EEB80 49] iPhoneXS, [000002363DB67900][000002363D8F2CC0 49] iPhoneXSMax, [000002363DB40900][000002363D8FAE40 49] iPhoneXR, [000002363DB66F00][000002363D8FEFC0 49] iPhone11, [000002363DB41300][000002363D903140 49] iPhone11Pro, [000002363DB65000][000002363D9072C0 49] iPhone11ProMax, [000002363DB42A00][000002363D90B440 49] iPhoneSE2, [000002363DB65400][000002363D90F5C0 49] iPhone12Mini, [000002363DB42400][000002363D913740 49] iPhone12, [000002363DB64D00][000002363D9178C0 49] iPhone12Pro, [000002363DB42B00][000002363D91BA40 49] iPhone12ProMax, [000002363DB67000][000002363B069BC0 49] iPadPro105, [000002363DB40700][000002363B06C1C0 49] iPadPro129, [000002363DB66800][000002363B070340 49] iPadPro97, [000002363DB42600][000002363B0744C0 49] iPadPro2_129, [000002363DB67C00][000002363B078640 49] iPad5, [000002363DB42200][000002363B07C7C0 49] iPad6, [000002363DB64F00][000002363B080940 49] iPad7, [000002363DB42D00][000002363B084AC0 49] iPad8, [000002363DB65100][000002363D8F6C00 49] iPadPro11, [000002363DB41600][000002363B088D40 49] iPadPro2_11, [000002363DB67400][000002363B08CE80 49] iPadPro3_129, [000002363DB42800][000002363B090FC0 49] iPadPro4_129, [000002363DB67A00][000002363B099140 49] AppleTV, [000002363DB42100][000002363B09D2C0 49] AppleTV4K, [000002363DB65F00][000002363B0A1440 49] TVOS, [000002363DB43400][000002363B0A55C0 49] Mac, [000002363DB67800][000002363B0A9740 49] MacClient, [000002363DB41E00][00000236300ED8C0 49] MacNoEditor, [000002363DB67F00][00000236300F1A40 49] MacServer, [000002363DB43500][00000236300F5BC0 49] Linux, [000002363DB64C00][00000236300F81C0 49] LinuxAArch64, [000002363DB42F00][00000236300FC340 49] LinuxNoEditor, [000002363DB64B00][00000236301004C0 49] LinuxAArch64NoEditor, [000002363DB43700][0000023630104640 49] LinuxClient, [000002363DB65A00][00000236301087C0 49] LinuxAArch64Client, [000002363DB41000][000002363010C940 49] LinuxServer, [000002363DB66500][0000023630110AC0 49] LinuxAArch64Server, [000002363DB41900][0000023630114C40 49] Android, [000002363DB65300][000002363B094D80 49] Android_Low, [000002363DB42700][0000023630118EC0 49] Android_Mid, [000002363DB66B00][000002363011D000 49] Android_High, [000002363DB43800][0000023630121140 49] Android_Default, [000002363DB65600][00000236301292C0 49] Android_Adreno4xx, [000002363DB41500][000002363012D440 49] Android_Adreno5xx_Low, [000002363DB47600][00000236301315C0 49] Android_Adreno5xx, [000002363DBA9800][0000023630135740 49] Android_Adreno6xx, [000002363DB45200][00000236301398C0 49] Android_Adreno6xx_Vulkan, [000002363DBABC00][000002363013DA40 49] Android_Mali_T6xx, [000002363DB45100][0000023630141BC0 49] Android_Mali_T7xx, [000002363DBA9600][00000236301441C0 49] Android_Mali_T8xx, [000002363DB45E00][0000023630148340 49] Android_Mali_G71, [000002363DBA8500][000002363014C4C0 49] Android_Mali_G72, [000002363DB44800][000002363D258640 49] Android_Mali_G72_Vulkan, [000002363DBA9300][000002363D25C7C0 49] Android_Mali_G76, [000002363DB44100][000002363D260940 49] Android_Mali_G76_Vulkan, [000002363DBA9F00][000002363D264AC0 49] Android_Mali_G77, [000002363DB45000][000002363D268C40 49] Android_Mali_G77_Vulkan, [000002363DBA8A00][000002363D26CDC0 49] Android_Mali_G78, [000002363DB46C00][000002363D270F40 49] Android_Mali_G78_Vulkan, [000002363DBAB600][0000023630125080 49] Android_Mali_G710, [000002363DB46A00][000002363D2751C0 49] Android_Mali_G710_Vulkan, [000002363DBABF00][000002363D279300 49] Android_Vulkan_SM5, [000002363DB47B00][000002363D281480 49] Android_PowerVR_G6xxx, [000002363DBABB00][000002363D285600 49] Android_PowerVR_GT7xxx, [000002363DB47900][000002363D289780 49] Android_PowerVR_GE8xxx, [000002363DBA8C00][000002363D28D900 49] Android_PowerVR_GM9xxx, [000002363DB46700][000002363D291A80 49] Android_PowerVR_GM9xxx_Vulkan, [000002363DBAA700][000002363D295C00 49] Android_TegraK1, [000002363DB44900][000002363D298200 49] Android_Unknown_Vulkan, [000002363DBA9D00][000002363D29C380 49] Lumin, [000002363DB44500][000002363D2A0500 49] Lumin_Desktop, [000002363DBAB300][000002363D2A4680 49] HoloLens, 
[2024.08.10-12.21.12:336][  0]LogMeshReduction: Using QuadricMeshReduction for automatic static mesh reduction
[2024.08.10-12.21.12:336][  0]LogMeshReduction: Using SimplygonMeshReduction for automatic skeletal mesh reduction
[2024.08.10-12.21.12:336][  0]LogMeshReduction: Using ProxyLODMeshReduction for automatic mesh merging
[2024.08.10-12.21.12:336][  0]LogMeshReduction: No distributed automatic mesh merging module available
[2024.08.10-12.21.12:336][  0]LogMeshMerging: No distributed automatic mesh merging module available
[2024.08.10-12.21.12:362][  0]LogNetVersion: InsectHeaven 1.0.0, NetCL: 17155196, EngineNetVer: 17, GameNetVer: 0 (Checksum: 3375795940)
[2024.08.10-12.21.12:867][  0]LogTexture: Default maximum texture size for cubemaps generated from long-lat sources has been changed from 512 to unlimited. In order to preserve old behaiour for '/Engine/MapTemplates/Sky/DaylightAmbientCubemap.DaylightAmbientCubemap', its maximum texture size has been explicitly set to 512.
[2024.08.10-12.21.12:931][  0]LogHMD: PokeAHoleMaterial loaded successfully
[2024.08.10-12.21.12:937][  0]LogUObjectArray: 17178 objects as part of root set at end of initial load.
[2024.08.10-12.21.12:937][  0]LogUObjectAllocator: 4302048 out of 0 bytes used by permanent object pool.
[2024.08.10-12.21.12:937][  0]LogUObjectArray: CloseDisregardForGC: 0/0 objects in disregard for GC pool
[2024.08.10-12.21.13:287][  0]LogNiagaraDebuggerClient: Niagara Debugger Client Initialized | Session: 949508334F704CB0613F33B658A704CE | Instance: 4B4D0E584555AF1D8AA6B6B08697FE5E (DESKTOP-P2P91DD-26716).
[2024.08.10-12.21.13:484][  0]LogPython: Using Python 3.7.7
[2024.08.10-12.21.14:175][  0]LogTcpMessaging: Initializing TcpMessaging bridge
[2024.08.10-12.21.14:185][  0]LogUdpMessaging: Initializing bridge on interface 0.0.0.0:0 to multicast group 230.0.0.1:6666.
[2024.08.10-12.21.14:652][  0]SourceControl: 소스 컨트롤이 꺼졌습니다.
[2024.08.10-12.21.14:652][  0]SourceControl: 소스 컨트롤이 꺼졌습니다.
[2024.08.10-12.21.14:660][  0]SourceControl: 소스 컨트롤이 꺼졌습니다.
[2024.08.10-12.21.14:692][  0]SourceControl: 소스 컨트롤이 꺼졌습니다.
[2024.08.10-12.21.14:699][  0]SourceControl: 소스 컨트롤이 꺼졌습니다.
[2024.08.10-12.21.14:714][  0]LogUProjectInfo: Found projects:
[2024.08.10-12.21.15:061][  0]LogOpenImageDenoise: OIDN starting up
[2024.08.10-12.21.15:230][  0]LogAndroidPermission: UAndroidPermissionCallbackProxy::GetInstance
[2024.08.10-12.21.15:280][  0]LogAudioCaptureCore: Display: No Audio Capture implementations found. Audio input will be silent.
[2024.08.10-12.21.15:281][  0]LogAudioCaptureCore: Display: No Audio Capture implementations found. Audio input will be silent.
[2024.08.10-12.21.15:469][  0]LogCollectionManager: Loaded 0 collections in 0.001972 seconds
[2024.08.10-12.21.15:516][  0]LogFileCache: Scanning file cache for directory 'D:/Users/PC/Documents/GitHub/InsectHeaven/InsectHeaven/Saved/Collections/' took 0.00s
[2024.08.10-12.21.15:516][  0]LogFileCache: Scanning file cache for directory 'D:/Users/PC/Documents/GitHub/InsectHeaven/InsectHeaven/Content/Developers/PC/Collections/' took 0.00s
[2024.08.10-12.21.15:516][  0]LogFileCache: Scanning file cache for directory 'D:/Users/PC/Documents/GitHub/InsectHeaven/InsectHeaven/Content/Collections/' took 0.00s
[2024.08.10-12.21.15:516][  0]LogOcInput: OculusInput pre-init called
[2024.08.10-12.21.15:819][  0]LogClass: Display: IntProperty FCharacter_2D::Name is not initialized properly. Module:InsectHeaven File:Table/DataStruct/Character_2D.h
[2024.08.10-12.21.15:819][  0]LogClass: Display: IntProperty FCharacter_2D::ImageID is not initialized properly. Module:InsectHeaven File:Table/DataStruct/Character_2D.h
[2024.08.10-12.21.15:819][  0]LogClass: Warning: ObjectProperty FDialogueClip::formerAction is not initialized properly. Module:InsectHeaven File:Library/Dialogue/DialogueEditToolWidget.h
[2024.08.10-12.21.15:819][  0]LogClass: Warning: ObjectProperty FDialogueClip::nowAction is not initialized properly. Module:InsectHeaven File:Library/Dialogue/DialogueEditToolWidget.h
[2024.08.10-12.21.15:820][  0]LogClass: Display: IntProperty FResource_Widget::PathFile is not initialized properly. Module:InsectHeaven File:Table/DataStruct/Resource_Widget.h
[2024.08.10-12.21.15:820][  0]LogClass: Display: IntProperty FScript_Local::Test is not initialized properly. Module:InsectHeaven File:Table/DataStruct/Script_Local.h
[2024.08.10-12.21.15:820][  0]LogClass: Display: 6 Uninitialized script struct members found including 2 object properties
[2024.08.10-12.21.15:821][  0]LogAutomationTest: Warning: ObjectProperty FDialogueClip::formerAction is not initialized properly. Module:InsectHeaven File:Library/Dialogue/DialogueEditToolWidget.h
[2024.08.10-12.21.15:821][  0]LogAutomationTest: Warning: ObjectProperty FDialogueClip::nowAction is not initialized properly. Module:InsectHeaven File:Library/Dialogue/DialogueEditToolWidget.h
[2024.08.10-12.21.15:822][  0]LogEngine: Initializing Engine...
[2024.08.10-12.21.15:827][  0]LogHMD: Failed to enumerate extensions. Please check that you have a valid OpenXR runtime installed.
[2024.08.10-12.21.15:828][  0]LogHMD: Failed to initialize OpenVR with code 110
[2024.08.10-12.21.15:828][  0]LogMagicLeap: Warning: VR disabled because ZI is not enabled.  To enable, in the editor, Edit -> Project Settings -> Plugins -> Magic Leap Plugin -> Enable Zero Iteration
[2024.08.10-12.21.15:829][  0]LogStats: UGameplayTagsManager::InitializeManager -  0.000 s
[2024.08.10-12.21.15:972][  0]LogInit: Initializing FReadOnlyCVARCache
[2024.08.10-12.21.15:984][  0]LogAIModule: Creating AISystem for world Untitled
[2024.08.10-12.21.15:985][  0]LogAudio: Display: Initializing Audio Device Manager...
[2024.08.10-12.21.15:994][  0]LogAudio: Display: Loading Default Audio Settings Objects...
[2024.08.10-12.21.15:994][  0]LogAudio: Display: No default SoundConcurrencyObject specified (or failed to load).
[2024.08.10-12.21.15:995][  0]LogAudio: Display: Audio Device Manager Initialized
[2024.08.10-12.21.15:995][  0]LogAudio: Display: Creating Audio Device:                 Id: 1, Scope: Shared, Realtime: True
[2024.08.10-12.21.15:995][  0]LogAudioMixer: Display: Audio Mixer Platform Settings:
[2024.08.10-12.21.15:995][  0]LogAudioMixer: Display: 	Sample Rate:						  48000
[2024.08.10-12.21.15:995][  0]LogAudioMixer: Display: 	Callback Buffer Frame Size Requested: 1024
[2024.08.10-12.21.15:995][  0]LogAudioMixer: Display: 	Callback Buffer Frame Size To Use:	  1024
[2024.08.10-12.21.15:996][  0]LogAudioMixer: Display: 	Number of buffers to queue:			  2
[2024.08.10-12.21.15:996][  0]LogAudioMixer: Display: 	Max Channels (voices):				  32
[2024.08.10-12.21.15:996][  0]LogAudioMixer: Display: 	Number of Async Source Workers:		  0
[2024.08.10-12.21.15:996][  0]LogAudio: Display: AudioDevice MaxSources: 32
[2024.08.10-12.21.15:996][  0]LogAudio: Display: Audio Spatialization Plugin: None (built-in).
[2024.08.10-12.21.15:996][  0]LogAudio: Display: Audio Reverb Plugin: None (built-in).
[2024.08.10-12.21.15:996][  0]LogAudio: Display: Audio Occlusion Plugin: None (built-in).
[2024.08.10-12.21.15:997][  0]LogAudioMixer: Display: Initializing audio mixer.
[2024.08.10-12.21.16:061][  0]LogAudioMixer: Display: 0: FrontLeft
[2024.08.10-12.21.16:061][  0]LogAudioMixer: Display: 1: FrontRight
[2024.08.10-12.21.16:153][  0]LogAudioMixer: Display: Using Audio Device 스피커(Realtek(R) Audio)
[2024.08.10-12.21.16:155][  0]LogAudioMixer: Display: Initializing Sound Submixes...
[2024.08.10-12.21.16:158][  0]LogAudioMixer: Display: Creating Master Submix 'MasterSubmixDefault'
[2024.08.10-12.21.16:159][  0]LogAudioMixer: Display: Creating Master Submix 'MasterReverbSubmixDefault'
[2024.08.10-12.21.16:159][  0]LogAudioMixer: Display: Creating Master Submix 'MasterEQSubmixDefault'
[2024.08.10-12.21.16:159][  0]LogAudioMixer: FMixerPlatformXAudio2::StartAudioStream() called
[2024.08.10-12.21.16:159][  0]LogAudioMixer: Display: Output buffers initialized: Frames=1024, Channels=2, Samples=2048
[2024.08.10-12.21.16:162][  0]LogAudioMixer: Display: Starting AudioMixerPlatformInterface::RunInternal()
[2024.08.10-12.21.16:162][  0]LogAudioMixer: Display: FMixerPlatformXAudio2::SubmitBuffer() called for the first time
[2024.08.10-12.21.16:162][  0]LogInit: FAudioDevice initialized.
[2024.08.10-12.21.16:162][  0]LogAudio: Display: Audio Device (ID: 1) registered with world 'Untitled'.
[2024.08.10-12.21.16:162][  0]LogNetVersion: Set ProjectVersion to 1.0.0.0. Version Checksum will be recalculated on next use.
[2024.08.10-12.21.16:337][  0]LogDerivedDataCache: Saved boot cache 0.17s 94MB C:/Users/PC/AppData/Local/UnrealEngine/4.27/DerivedDataCache/Boot.ddc.
[2024.08.10-12.21.16:338][  0]LogInit: Texture streaming: Enabled
[2024.08.10-12.21.16:363][  0]LogAnalytics: Display: [UEEditor.Rocket.Release] APIServer = https://datarouter.ol.epicgames.com/. AppVersion = 4.27.2-18319896+++UE4+Release-4.27
[2024.08.10-12.21.16:376][  0]LogEngineSessionManager: EngineSessionManager initialized
[2024.08.10-12.21.16:376][  0]LogEngineSessionManager: EngineSessionManager sent abnormal shutdown report. Type=Debugger, SessionId={35BB05CB-4DF4-D6B7-ED5E-C2A82E47C5DB}
[2024.08.10-12.21.16:376][  0]LogEditorSessionSummary: Verbose: Initializing EditorSessionSummaryWriter for editor session tracking
[2024.08.10-12.21.16:383][  0]LogEditorSessionSummary: EditorSessionSummaryWriter initialized
[2024.08.10-12.21.16:414][  0]LogInit: Transaction tracking system initialized
[2024.08.10-12.21.16:465][  0]BlueprintLog: New page: 에디터 로드
[2024.08.10-12.21.16:593][  0]LocalizationService: 현지화 서비스가 비활성화되었습니다.
[2024.08.10-12.21.16:644][  0]TimingProfiler: Initialize
[2024.08.10-12.21.16:644][  0]TimingProfiler: OnSessionChanged
[2024.08.10-12.21.16:644][  0]LoadingProfiler: Initialize
[2024.08.10-12.21.16:644][  0]LoadingProfiler: OnSessionChanged
[2024.08.10-12.21.16:644][  0]NetworkingProfiler: Initialize
[2024.08.10-12.21.16:644][  0]NetworkingProfiler: OnSessionChanged
[2024.08.10-12.21.16:645][  0]MemoryProfiler: Initialize
[2024.08.10-12.21.16:645][  0]MemoryProfiler: OnSessionChanged
[2024.08.10-12.21.16:879][  0]LogCook: Display: CookSettings for Memory: MemoryMaxUsedVirtual 0MiB, MemoryMaxUsedPhysical 16384MiB, MemoryMinFreeVirtual 0MiB, MemoryMinFreePhysical 1024MiB
[2024.08.10-12.21.16:879][  0]LogCook: Display: Mobile HDR setting 1
[2024.08.10-12.21.17:213][  0]LogFileCache: Scanning file cache for directory 'D:/Users/PC/Documents/GitHub/InsectHeaven/InsectHeaven/Content/' took 0.01s
[2024.08.10-12.21.17:443][  0]LogInit: Display: Engine is initialized. Leaving FEngineLoop::Init()
[2024.08.10-12.21.17:449][  0]SourceControl: 소스 컨트롤이 꺼졌습니다.
[2024.08.10-12.21.17:449][  0]LogUnrealEdMisc: Loading editor; pre map load, took 11.736
[2024.08.10-12.21.17:450][  0]Cmd: MAP LOAD FILE="D:/Users/PC/Documents/GitHub/InsectHeaven/InsectHeaven/Content/Scene/EmptyMainLevel.umap" TEMPLATE=0 SHOWPROGRESS=1 FEATURELEVEL=3
[2024.08.10-12.21.17:450][  0]LightingResults: New page: 라이팅 빌드
[2024.08.10-12.21.17:452][  0]LogWorld: UWorld::CleanupWorld for Untitled, bSessionEnded=true, bCleanupResources=true
[2024.08.10-12.21.17:452][  0]LogSlate: InvalidateAllWidgets triggered.  All widgets were invalidated
[2024.08.10-12.21.17:452][  0]MapCheck: New page: 맵 체크
[2024.08.10-12.21.17:452][  0]LightingResults: New page: 라이팅 빌드
[2024.08.10-12.21.17:456][  0]LogAudio: Display: Audio Device unregistered from world 'None'.
[2024.08.10-12.21.17:460][  0]LogUObjectHash: Compacting FUObjectHashTables data took   0.75ms
[2024.08.10-12.21.17:464][  0]LogAudio: Display: Audio Device (ID: 1) registered with world 'EmptyMainLevel'.
[2024.08.10-12.21.17:465][  0]LogAIModule: Creating AISystem for world EmptyMainLevel
[2024.08.10-12.21.17:466][  0]LogEditorServer: Finished looking for orphan Actors (0.000 secs)
[2024.08.10-12.21.17:473][  0]LogUObjectHash: Compacting FUObjectHashTables data took   0.52ms
[2024.08.10-12.21.17:473][  0]Cmd: MAP CHECKDEP NOCLEARLOG
[2024.08.10-12.21.17:474][  0]MapCheck: 맵 체크 완료: 오류 0 회, 경고 0 회, 소요 시간 0.49ms.
[2024.08.10-12.21.17:474][  0]LogFileHelpers: Loading map 'EmptyMainLevel' took 0.025
[2024.08.10-12.21.17:483][  0]LogUnrealEdMisc: Total Editor Startup Time, took 11.770
[2024.08.10-12.21.17:625][  0]LogSlate: Updating window title bar state: overlay mode, drag disabled, window buttons hidden, title bar hidden
[2024.08.10-12.21.17:630][  0]LogSlate: Updating window title bar state: overlay mode, drag disabled, window buttons hidden, title bar hidden
[2024.08.10-12.21.17:637][  0]LogSlate: Updating window title bar state: overlay mode, drag disabled, window buttons hidden, title bar hidden
[2024.08.10-12.21.17:643][  0]LogSlate: Updating window title bar state: overlay mode, drag disabled, window buttons hidden, title bar hidden
[2024.08.10-12.21.17:659][  0]LogNativeClassHierarchy: Verbose: Native class hierarchy populated in 0.0088 seconds. Added 3870 classes and 945 folders.
[2024.08.10-12.21.17:661][  0]LogNativeClassHierarchy: Verbose: Native class hierarchy updated for 'WidgetCarousel' in 0.0002 seconds. Added 0 classes and 0 folders.
[2024.08.10-12.21.17:663][  0]LogPakFile: PakFile PrimaryIndexSize=187
[2024.08.10-12.21.17:663][  0]LogPakFile: PakFile PathHashIndexSize=101
[2024.08.10-12.21.17:663][  0]LogPakFile: PakFile FullDirectoryIndexSize=148
[2024.08.10-12.21.17:664][  0]LogShaderLibrary: Display: ShaderCodeLibraryPakFileMountedCallback: PakFile 'C:/UE_4.27/FeaturePacks/FP_FirstPerson.upack' (chunk index -1, root 'root:/') mounted
[2024.08.10-12.21.17:664][  0]LogShaderLibrary: Display: ShaderCodeLibraryPakFileMountedCallback: pending pak file info (ChunkID:-1 Root:root:/ File:C:/UE_4.27/FeaturePacks/FP_FirstPerson.upack)
[2024.08.10-12.21.17:664][  0]LogPakFile: OnPakFileMounted2Time == 0.000209
[2024.08.10-12.21.17:665][  0]LogPakFile: PakFile PrimaryIndexSize=189
[2024.08.10-12.21.17:665][  0]LogPakFile: PakFile PathHashIndexSize=101
[2024.08.10-12.21.17:665][  0]LogPakFile: PakFile FullDirectoryIndexSize=152
[2024.08.10-12.21.17:665][  0]LogShaderLibrary: Display: ShaderCodeLibraryPakFileMountedCallback: PakFile 'C:/UE_4.27/FeaturePacks/FP_FirstPersonBP.upack' (chunk index -1, root 'root:/') mounted
[2024.08.10-12.21.17:665][  0]LogShaderLibrary: Display: ShaderCodeLibraryPakFileMountedCallback: pending pak file info (ChunkID:-1 Root:root:/ File:C:/UE_4.27/FeaturePacks/FP_FirstPersonBP.upack)
[2024.08.10-12.21.17:665][  0]LogPakFile: OnPakFileMounted2Time == 0.000133
[2024.08.10-12.21.17:666][  0]LogPakFile: PakFile PrimaryIndexSize=191
[2024.08.10-12.21.17:666][  0]LogPakFile: PakFile PathHashIndexSize=101
[2024.08.10-12.21.17:666][  0]LogPakFile: PakFile FullDirectoryIndexSize=160
[2024.08.10-12.21.17:666][  0]LogShaderLibrary: Display: ShaderCodeLibraryPakFileMountedCallback: PakFile 'C:/UE_4.27/FeaturePacks/MobileStarterContent.upack' (chunk index -1, root 'root:/') mounted
[2024.08.10-12.21.17:667][  0]LogShaderLibrary: Display: ShaderCodeLibraryPakFileMountedCallback: pending pak file info (ChunkID:-1 Root:root:/ File:C:/UE_4.27/FeaturePacks/MobileStarterContent.upack)
[2024.08.10-12.21.17:667][  0]LogPakFile: OnPakFileMounted2Time == 0.000131
[2024.08.10-12.21.17:668][  0]LogPakFile: PakFile PrimaryIndexSize=185
[2024.08.10-12.21.17:668][  0]LogPakFile: PakFile PathHashIndexSize=101
[2024.08.10-12.21.17:668][  0]LogPakFile: PakFile FullDirectoryIndexSize=148
[2024.08.10-12.21.17:668][  0]LogShaderLibrary: Display: ShaderCodeLibraryPakFileMountedCallback: PakFile 'C:/UE_4.27/FeaturePacks/StarterContent.upack' (chunk index -1, root 'root:/') mounted
[2024.08.10-12.21.17:668][  0]LogShaderLibrary: Display: ShaderCodeLibraryPakFileMountedCallback: pending pak file info (ChunkID:-1 Root:root:/ File:C:/UE_4.27/FeaturePacks/StarterContent.upack)
[2024.08.10-12.21.17:668][  0]LogPakFile: OnPakFileMounted2Time == 0.000160
[2024.08.10-12.21.17:670][  0]LogPakFile: PakFile PrimaryIndexSize=190
[2024.08.10-12.21.17:670][  0]LogPakFile: PakFile PathHashIndexSize=101
[2024.08.10-12.21.17:670][  0]LogPakFile: PakFile FullDirectoryIndexSize=154
[2024.08.10-12.21.17:670][  0]LogShaderLibrary: Display: ShaderCodeLibraryPakFileMountedCallback: PakFile 'C:/UE_4.27/FeaturePacks/TP_2DSideScroller.upack' (chunk index -1, root 'root:/') mounted
[2024.08.10-12.21.17:670][  0]LogShaderLibrary: Display: ShaderCodeLibraryPakFileMountedCallback: pending pak file info (ChunkID:-1 Root:root:/ File:C:/UE_4.27/FeaturePacks/TP_2DSideScroller.upack)
[2024.08.10-12.21.17:670][  0]LogPakFile: OnPakFileMounted2Time == 0.000142
[2024.08.10-12.21.17:671][  0]LogPakFile: PakFile PrimaryIndexSize=192
[2024.08.10-12.21.17:671][  0]LogPakFile: PakFile PathHashIndexSize=101
[2024.08.10-12.21.17:671][  0]LogPakFile: PakFile FullDirectoryIndexSize=158
[2024.08.10-12.21.17:671][  0]LogShaderLibrary: Display: ShaderCodeLibraryPakFileMountedCallback: PakFile 'C:/UE_4.27/FeaturePacks/TP_2DSideScrollerBP.upack' (chunk index -1, root 'root:/') mounted
[2024.08.10-12.21.17:671][  0]LogShaderLibrary: Display: ShaderCodeLibraryPakFileMountedCallback: pending pak file info (ChunkID:-1 Root:root:/ File:C:/UE_4.27/FeaturePacks/TP_2DSideScrollerBP.upack)
[2024.08.10-12.21.17:671][  0]LogPakFile: OnPakFileMounted2Time == 0.000121
[2024.08.10-12.21.17:672][  0]LogPakFile: PakFile PrimaryIndexSize=182
[2024.08.10-12.21.17:673][  0]LogPakFile: PakFile PathHashIndexSize=101
[2024.08.10-12.21.17:673][  0]LogPakFile: PakFile FullDirectoryIndexSize=138
[2024.08.10-12.21.17:673][  0]LogShaderLibrary: Display: ShaderCodeLibraryPakFileMountedCallback: PakFile 'C:/UE_4.27/FeaturePacks/TP_Flying.upack' (chunk index -1, root 'root:/') mounted
[2024.08.10-12.21.17:673][  0]LogShaderLibrary: Display: ShaderCodeLibraryPakFileMountedCallback: pending pak file info (ChunkID:-1 Root:root:/ File:C:/UE_4.27/FeaturePacks/TP_Flying.upack)
[2024.08.10-12.21.17:673][  0]LogPakFile: OnPakFileMounted2Time == 0.000127
[2024.08.10-12.21.17:674][  0]LogPakFile: PakFile PrimaryIndexSize=184
[2024.08.10-12.21.17:674][  0]LogPakFile: PakFile PathHashIndexSize=101
[2024.08.10-12.21.17:674][  0]LogPakFile: PakFile FullDirectoryIndexSize=142
[2024.08.10-12.21.17:674][  0]LogShaderLibrary: Display: ShaderCodeLibraryPakFileMountedCallback: PakFile 'C:/UE_4.27/FeaturePacks/TP_FlyingBP.upack' (chunk index -1, root 'root:/') mounted
[2024.08.10-12.21.17:674][  0]LogShaderLibrary: Display: ShaderCodeLibraryPakFileMountedCallback: pending pak file info (ChunkID:-1 Root:root:/ File:C:/UE_4.27/FeaturePacks/TP_FlyingBP.upack)
[2024.08.10-12.21.17:674][  0]LogPakFile: OnPakFileMounted2Time == 0.000130
[2024.08.10-12.21.17:675][  0]LogPakFile: PakFile PrimaryIndexSize=188
[2024.08.10-12.21.17:675][  0]LogPakFile: PakFile PathHashIndexSize=101
[2024.08.10-12.21.17:675][  0]LogPakFile: PakFile FullDirectoryIndexSize=150
[2024.08.10-12.21.17:675][  0]LogShaderLibrary: Display: ShaderCodeLibraryPakFileMountedCallback: PakFile 'C:/UE_4.27/FeaturePacks/TP_HandheldARBP.upack' (chunk index -1, root 'root:/') mounted
[2024.08.10-12.21.17:675][  0]LogShaderLibrary: Display: ShaderCodeLibraryPakFileMountedCallback: pending pak file info (ChunkID:-1 Root:root:/ File:C:/UE_4.27/FeaturePacks/TP_HandheldARBP.upack)
[2024.08.10-12.21.17:675][  0]LogPakFile: OnPakFileMounted2Time == 0.000131
[2024.08.10-12.21.17:677][  0]LogPakFile: PakFile PrimaryIndexSize=182
[2024.08.10-12.21.17:677][  0]LogPakFile: PakFile PathHashIndexSize=101
[2024.08.10-12.21.17:677][  0]LogPakFile: PakFile FullDirectoryIndexSize=138
[2024.08.10-12.21.17:677][  0]LogShaderLibrary: Display: ShaderCodeLibraryPakFileMountedCallback: PakFile 'C:/UE_4.27/FeaturePacks/TP_Puzzle.upack' (chunk index -1, root 'root:/') mounted
[2024.08.10-12.21.17:677][  0]LogShaderLibrary: Display: ShaderCodeLibraryPakFileMountedCallback: pending pak file info (ChunkID:-1 Root:root:/ File:C:/UE_4.27/FeaturePacks/TP_Puzzle.upack)
[2024.08.10-12.21.17:677][  0]LogPakFile: OnPakFileMounted2Time == 0.000135
[2024.08.10-12.21.17:678][  0]LogPakFile: PakFile PrimaryIndexSize=184
[2024.08.10-12.21.17:678][  0]LogPakFile: PakFile PathHashIndexSize=101
[2024.08.10-12.21.17:678][  0]LogPakFile: PakFile FullDirectoryIndexSize=142
[2024.08.10-12.21.17:678][  0]LogShaderLibrary: Display: ShaderCodeLibraryPakFileMountedCallback: PakFile 'C:/UE_4.27/FeaturePacks/TP_PuzzleBP.upack' (chunk index -1, root 'root:/') mounted
[2024.08.10-12.21.17:678][  0]LogShaderLibrary: Display: ShaderCodeLibraryPakFileMountedCallback: pending pak file info (ChunkID:-1 Root:root:/ File:C:/UE_4.27/FeaturePacks/TP_PuzzleBP.upack)
[2024.08.10-12.21.17:678][  0]LogPakFile: OnPakFileMounted2Time == 0.000134
[2024.08.10-12.21.17:679][  0]LogPakFile: PakFile PrimaryIndexSize=183
[2024.08.10-12.21.17:679][  0]LogPakFile: PakFile PathHashIndexSize=101
[2024.08.10-12.21.17:679][  0]LogPakFile: PakFile FullDirectoryIndexSize=140
[2024.08.10-12.21.17:680][  0]LogShaderLibrary: Display: ShaderCodeLibraryPakFileMountedCallback: PakFile 'C:/UE_4.27/FeaturePacks/TP_Rolling.upack' (chunk index -1, root 'root:/') mounted
[2024.08.10-12.21.17:680][  0]LogShaderLibrary: Display: ShaderCodeLibraryPakFileMountedCallback: pending pak file info (ChunkID:-1 Root:root:/ File:C:/UE_4.27/FeaturePacks/TP_Rolling.upack)
[2024.08.10-12.21.17:680][  0]LogPakFile: OnPakFileMounted2Time == 0.000150
[2024.08.10-12.21.17:681][  0]LogPakFile: PakFile PrimaryIndexSize=185
[2024.08.10-12.21.17:681][  0]LogPakFile: PakFile PathHashIndexSize=101
[2024.08.10-12.21.17:681][  0]LogPakFile: PakFile FullDirectoryIndexSize=144
[2024.08.10-12.21.17:681][  0]LogShaderLibrary: Display: ShaderCodeLibraryPakFileMountedCallback: PakFile 'C:/UE_4.27/FeaturePacks/TP_RollingBP.upack' (chunk index -1, root 'root:/') mounted
[2024.08.10-12.21.17:681][  0]LogShaderLibrary: Display: ShaderCodeLibraryPakFileMountedCallback: pending pak file info (ChunkID:-1 Root:root:/ File:C:/UE_4.27/FeaturePacks/TP_RollingBP.upack)
[2024.08.10-12.21.17:681][  0]LogPakFile: OnPakFileMounted2Time == 0.000129
[2024.08.10-12.21.17:682][  0]LogPakFile: PakFile PrimaryIndexSize=188
[2024.08.10-12.21.17:682][  0]LogPakFile: PakFile PathHashIndexSize=101
[2024.08.10-12.21.17:682][  0]LogPakFile: PakFile FullDirectoryIndexSize=150
[2024.08.10-12.21.17:682][  0]LogShaderLibrary: Display: ShaderCodeLibraryPakFileMountedCallback: PakFile 'C:/UE_4.27/FeaturePacks/TP_SideScroller.upack' (chunk index -1, root 'root:/') mounted
[2024.08.10-12.21.17:682][  0]LogShaderLibrary: Display: ShaderCodeLibraryPakFileMountedCallback: pending pak file info (ChunkID:-1 Root:root:/ File:C:/UE_4.27/FeaturePacks/TP_SideScroller.upack)
[2024.08.10-12.21.17:682][  0]LogPakFile: OnPakFileMounted2Time == 0.000136
[2024.08.10-12.21.17:683][  0]LogPakFile: PakFile PrimaryIndexSize=190
[2024.08.10-12.21.17:683][  0]LogPakFile: PakFile PathHashIndexSize=101
[2024.08.10-12.21.17:684][  0]LogPakFile: PakFile FullDirectoryIndexSize=154
[2024.08.10-12.21.17:684][  0]LogShaderLibrary: Display: ShaderCodeLibraryPakFileMountedCallback: PakFile 'C:/UE_4.27/FeaturePacks/TP_SideScrollerBP.upack' (chunk index -1, root 'root:/') mounted
[2024.08.10-12.21.17:684][  0]LogShaderLibrary: Display: ShaderCodeLibraryPakFileMountedCallback: pending pak file info (ChunkID:-1 Root:root:/ File:C:/UE_4.27/FeaturePacks/TP_SideScrollerBP.upack)
[2024.08.10-12.21.17:684][  0]LogPakFile: OnPakFileMounted2Time == 0.000263
[2024.08.10-12.21.17:686][  0]LogPakFile: PakFile PrimaryIndexSize=187
[2024.08.10-12.21.17:686][  0]LogPakFile: PakFile PathHashIndexSize=101
[2024.08.10-12.21.17:686][  0]LogPakFile: PakFile FullDirectoryIndexSize=148
[2024.08.10-12.21.17:686][  0]LogShaderLibrary: Display: ShaderCodeLibraryPakFileMountedCallback: PakFile 'C:/UE_4.27/FeaturePacks/TP_ThirdPerson.upack' (chunk index -1, root 'root:/') mounted
[2024.08.10-12.21.17:686][  0]LogShaderLibrary: Display: ShaderCodeLibraryPakFileMountedCallback: pending pak file info (ChunkID:-1 Root:root:/ File:C:/UE_4.27/FeaturePacks/TP_ThirdPerson.upack)
[2024.08.10-12.21.17:686][  0]LogPakFile: OnPakFileMounted2Time == 0.000136
[2024.08.10-12.21.17:688][  0]LogPakFile: PakFile PrimaryIndexSize=189
[2024.08.10-12.21.17:688][  0]LogPakFile: PakFile PathHashIndexSize=101
[2024.08.10-12.21.17:689][  0]LogPakFile: PakFile FullDirectoryIndexSize=152
[2024.08.10-12.21.17:689][  0]LogShaderLibrary: Display: ShaderCodeLibraryPakFileMountedCallback: PakFile 'C:/UE_4.27/FeaturePacks/TP_ThirdPersonBP.upack' (chunk index -1, root 'root:/') mounted
[2024.08.10-12.21.17:689][  0]LogShaderLibrary: Display: ShaderCodeLibraryPakFileMountedCallback: pending pak file info (ChunkID:-1 Root:root:/ File:C:/UE_4.27/FeaturePacks/TP_ThirdPersonBP.upack)
[2024.08.10-12.21.17:689][  0]LogPakFile: OnPakFileMounted2Time == 0.000271
[2024.08.10-12.21.17:690][  0]LogPakFile: PakFile PrimaryIndexSize=183
[2024.08.10-12.21.17:690][  0]LogPakFile: PakFile PathHashIndexSize=101
[2024.08.10-12.21.17:690][  0]LogPakFile: PakFile FullDirectoryIndexSize=140
[2024.08.10-12.21.17:690][  0]LogShaderLibrary: Display: ShaderCodeLibraryPakFileMountedCallback: PakFile 'C:/UE_4.27/FeaturePacks/TP_TopDown.upack' (chunk index -1, root 'root:/') mounted
[2024.08.10-12.21.17:690][  0]LogShaderLibrary: Display: ShaderCodeLibraryPakFileMountedCallback: pending pak file info (ChunkID:-1 Root:root:/ File:C:/UE_4.27/FeaturePacks/TP_TopDown.upack)
[2024.08.10-12.21.17:691][  0]LogPakFile: OnPakFileMounted2Time == 0.000138
[2024.08.10-12.21.17:692][  0]LogPakFile: PakFile PrimaryIndexSize=185
[2024.08.10-12.21.17:692][  0]LogPakFile: PakFile PathHashIndexSize=101
[2024.08.10-12.21.17:692][  0]LogPakFile: PakFile FullDirectoryIndexSize=144
[2024.08.10-12.21.17:692][  0]LogShaderLibrary: Display: ShaderCodeLibraryPakFileMountedCallback: PakFile 'C:/UE_4.27/FeaturePacks/TP_TopDownBP.upack' (chunk index -1, root 'root:/') mounted
[2024.08.10-12.21.17:692][  0]LogShaderLibrary: Display: ShaderCodeLibraryPakFileMountedCallback: pending pak file info (ChunkID:-1 Root:root:/ File:C:/UE_4.27/FeaturePacks/TP_TopDownBP.upack)
[2024.08.10-12.21.17:692][  0]LogPakFile: OnPakFileMounted2Time == 0.000137
[2024.08.10-12.21.17:693][  0]LogPakFile: PakFile PrimaryIndexSize=185
[2024.08.10-12.21.17:693][  0]LogPakFile: PakFile PathHashIndexSize=101
[2024.08.10-12.21.17:693][  0]LogPakFile: PakFile FullDirectoryIndexSize=144
[2024.08.10-12.21.17:693][  0]LogShaderLibrary: Display: ShaderCodeLibraryPakFileMountedCallback: PakFile 'C:/UE_4.27/FeaturePacks/TP_TwinStick.upack' (chunk index -1, root 'root:/') mounted
[2024.08.10-12.21.17:693][  0]LogShaderLibrary: Display: ShaderCodeLibraryPakFileMountedCallback: pending pak file info (ChunkID:-1 Root:root:/ File:C:/UE_4.27/FeaturePacks/TP_TwinStick.upack)
[2024.08.10-12.21.17:693][  0]LogPakFile: OnPakFileMounted2Time == 0.000126
[2024.08.10-12.21.17:695][  0]LogPakFile: PakFile PrimaryIndexSize=187
[2024.08.10-12.21.17:695][  0]LogPakFile: PakFile PathHashIndexSize=101
[2024.08.10-12.21.17:695][  0]LogPakFile: PakFile FullDirectoryIndexSize=148
[2024.08.10-12.21.17:695][  0]LogShaderLibrary: Display: ShaderCodeLibraryPakFileMountedCallback: PakFile 'C:/UE_4.27/FeaturePacks/TP_TwinStickBP.upack' (chunk index -1, root 'root:/') mounted
[2024.08.10-12.21.17:695][  0]LogShaderLibrary: Display: ShaderCodeLibraryPakFileMountedCallback: pending pak file info (ChunkID:-1 Root:root:/ File:C:/UE_4.27/FeaturePacks/TP_TwinStickBP.upack)
[2024.08.10-12.21.17:695][  0]LogPakFile: OnPakFileMounted2Time == 0.000161
[2024.08.10-12.21.17:697][  0]LogPakFile: PakFile PrimaryIndexSize=183
[2024.08.10-12.21.17:697][  0]LogPakFile: PakFile PathHashIndexSize=101
[2024.08.10-12.21.17:697][  0]LogPakFile: PakFile FullDirectoryIndexSize=140
[2024.08.10-12.21.17:698][  0]LogShaderLibrary: Display: ShaderCodeLibraryPakFileMountedCallback: PakFile 'C:/UE_4.27/FeaturePacks/TP_Vehicle.upack' (chunk index -1, root 'root:/') mounted
[2024.08.10-12.21.17:698][  0]LogShaderLibrary: Display: ShaderCodeLibraryPakFileMountedCallback: pending pak file info (ChunkID:-1 Root:root:/ File:C:/UE_4.27/FeaturePacks/TP_Vehicle.upack)
[2024.08.10-12.21.17:698][  0]LogPakFile: OnPakFileMounted2Time == 0.000157
[2024.08.10-12.21.17:699][  0]LogPakFile: PakFile PrimaryIndexSize=186
[2024.08.10-12.21.17:700][  0]LogPakFile: PakFile PathHashIndexSize=101
[2024.08.10-12.21.17:700][  0]LogPakFile: PakFile FullDirectoryIndexSize=146
[2024.08.10-12.21.17:700][  0]LogShaderLibrary: Display: ShaderCodeLibraryPakFileMountedCallback: PakFile 'C:/UE_4.27/FeaturePacks/TP_VehicleAdv.upack' (chunk index -1, root 'root:/') mounted
[2024.08.10-12.21.17:700][  0]LogShaderLibrary: Display: ShaderCodeLibraryPakFileMountedCallback: pending pak file info (ChunkID:-1 Root:root:/ File:C:/UE_4.27/FeaturePacks/TP_VehicleAdv.upack)
[2024.08.10-12.21.17:700][  0]LogPakFile: OnPakFileMounted2Time == 0.000170
[2024.08.10-12.21.17:702][  0]LogPakFile: PakFile PrimaryIndexSize=188
[2024.08.10-12.21.17:702][  0]LogPakFile: PakFile PathHashIndexSize=101
[2024.08.10-12.21.17:702][  0]LogPakFile: PakFile FullDirectoryIndexSize=150
[2024.08.10-12.21.17:702][  0]LogShaderLibrary: Display: ShaderCodeLibraryPakFileMountedCallback: PakFile 'C:/UE_4.27/FeaturePacks/TP_VehicleAdvBP.upack' (chunk index -1, root 'root:/') mounted
[2024.08.10-12.21.17:703][  0]LogShaderLibrary: Display: ShaderCodeLibraryPakFileMountedCallback: pending pak file info (ChunkID:-1 Root:root:/ File:C:/UE_4.27/FeaturePacks/TP_VehicleAdvBP.upack)
[2024.08.10-12.21.17:703][  0]LogPakFile: OnPakFileMounted2Time == 0.000394
[2024.08.10-12.21.17:705][  0]LogPakFile: PakFile PrimaryIndexSize=185
[2024.08.10-12.21.17:705][  0]LogPakFile: PakFile PathHashIndexSize=101
[2024.08.10-12.21.17:705][  0]LogPakFile: PakFile FullDirectoryIndexSize=144
[2024.08.10-12.21.17:705][  0]LogShaderLibrary: Display: ShaderCodeLibraryPakFileMountedCallback: PakFile 'C:/UE_4.27/FeaturePacks/TP_VehicleBP.upack' (chunk index -1, root 'root:/') mounted
[2024.08.10-12.21.17:705][  0]LogShaderLibrary: Display: ShaderCodeLibraryPakFileMountedCallback: pending pak file info (ChunkID:-1 Root:root:/ File:C:/UE_4.27/FeaturePacks/TP_VehicleBP.upack)
[2024.08.10-12.21.17:705][  0]LogPakFile: OnPakFileMounted2Time == 0.000191
[2024.08.10-12.21.17:707][  0]LogPakFile: PakFile PrimaryIndexSize=192
[2024.08.10-12.21.17:707][  0]LogPakFile: PakFile PathHashIndexSize=101
[2024.08.10-12.21.17:707][  0]LogPakFile: PakFile FullDirectoryIndexSize=158
[2024.08.10-12.21.17:707][  0]LogShaderLibrary: Display: ShaderCodeLibraryPakFileMountedCallback: PakFile 'C:/UE_4.27/FeaturePacks/TP_VirtualRealityBP.upack' (chunk index -1, root 'root:/') mounted
[2024.08.10-12.21.17:707][  0]LogShaderLibrary: Display: ShaderCodeLibraryPakFileMountedCallback: pending pak file info (ChunkID:-1 Root:root:/ File:C:/UE_4.27/FeaturePacks/TP_VirtualRealityBP.upack)
[2024.08.10-12.21.17:707][  0]LogPakFile: OnPakFileMounted2Time == 0.000209
[2024.08.10-12.21.17:775][  0]LogNativeClassHierarchy: Verbose: Native class hierarchy updated for 'AddContentDialog' in 0.0003 seconds. Added 0 classes and 0 folders.
[2024.08.10-12.21.17:777][  0]LogNativeClassHierarchy: Verbose: Native class hierarchy updated for 'SceneOutliner' in 0.0003 seconds. Added 2 classes and 0 folders.
[2024.08.10-12.21.17:837][  0]LogSlate: Took 0.000237 seconds to synchronously load lazily loaded font '../../../Engine/Content/Slate/Fonts/Roboto-Regular.ttf' (155K)
[2024.08.10-12.21.17:838][  0]LogSlate: Took 0.000178 seconds to synchronously load lazily loaded font '../../../Engine/Content/Editor/Slate/Fonts/FontAwesome.ttf' (139K)
[2024.08.10-12.21.17:840][  0]LogSlate: Took 0.001799 seconds to synchronously load lazily loaded font '../../../Engine/Content/Editor/Slate/Fonts/NanumGothic.ttf' (4243K)
[2024.08.10-12.21.17:843][  0]LogSlate: Took 0.001702 seconds to synchronously load lazily loaded font '../../../Engine/Content/Editor/Slate/Fonts/NanumGothicBold.ttf' (4188K)
[2024.08.10-12.21.17:843][  0]LogSlate: Took 0.000198 seconds to synchronously load lazily loaded font '../../../Engine/Content/Slate/Fonts/Roboto-Bold.ttf' (160K)
[2024.08.10-12.21.17:942][  0]LogRenderer: Reallocating scene render targets to support 1208x580 Format 10 NumSamples 1 (Frame:1).
[2024.08.10-12.21.18:035][  0]LogNativeClassHierarchy: Verbose: Native class hierarchy updated for 'HierarchicalLODOutliner' in 0.0003 seconds. Added 0 classes and 0 folders.
[2024.08.10-12.21.18:036][  0]LogLoad: (Engine Initialization) Total time: 12.32 seconds
[2024.08.10-12.21.18:036][  0]LogLoad: (Engine Initialization) Total Blueprint compile time: 0.00 seconds
[2024.08.10-12.21.18:088][  0]LogAssetRegistry: Asset discovery search completed in 6.2035 seconds
[2024.08.10-12.21.18:095][  0]LogCollectionManager: Fixed up redirectors for 0 collections in 0.000004 seconds (updated 0 objects)
[2024.08.10-12.21.18:098][  0]LogContentStreaming: Texture pool size now 1000 MB
[2024.08.10-12.21.18:384][  1]LogFileCache: Retrieving MD5 hashes for directory 'D:/Users/PC/Documents/GitHub/InsectHeaven/InsectHeaven/Content/' took 0.32s
[2024.08.10-12.21.21:405][ 10]LogSlate: Took 0.000201 seconds to synchronously load lazily loaded font '../../../Engine/Content/Slate/Fonts/Roboto-Light.ttf' (167K)
