Log file open, 09/22/24 01:19:55
LogWindows: Failed to load 'aqProf.dll' (GetLastError=126)
LogWindows: File 'aqProf.dll' does not exist
LogWindows: Failed to load 'VtuneApi.dll' (GetLastError=126)
LogWindows: File 'VtuneApi.dll' does not exist
LogWindows: Failed to load 'VtuneApi32e.dll' (GetLastError=126)
LogWindows: File 'VtuneApi32e.dll' does not exist
LogConsoleResponse: Display: Failed to find resolution value strings in scalability ini. Falling back to default.
LogConsoleResponse: Display: Failed to find resolution value strings in scalability ini. Falling back to default.
LogInit: Display: Running engine for game: InsectHeaven
LogPlatformFile: Not using cached read wrapper
LogTaskGraph: Started task graph with 5 named threads and 71 total threads with 3 sets of task threads.
LogStats: Stats thread started at 0.235723
LogICUInternationalization: ICU TimeZone Detection - Raw Offset: +9:00, Platform Override: ''
LogInit: Display: Loading text-based GConfig....
LogPluginManager: Mounting plugin MeshPainting
LogPluginManager: Mounting plugin XGEController
LogPluginManager: Mounting plugin Paper2D
LogPluginManager: Mounting plugin LiveLink
LogPluginManager: Mounting plugin LightPropagationVolume
LogPluginManager: Mounting plugin OodleData
LogPluginManager: Mounting plugin CameraShakePreviewer
LogPluginManager: Mounting plugin GameplayCameras
LogPluginManager: Mounting plugin OodleNetwork
LogPluginManager: Mounting plugin CurveEditorTools
LogPluginManager: Mounting plugin DataValidation
LogPluginManager: Mounting plugin FacialAnimation
LogPluginManager: Mounting plugin MacGraphicsSwitching
LogPluginManager: Mounting plugin GeometryMode
LogPluginManager: Mounting plugin GameplayTagsEditor
LogPluginManager: Mounting plugin CryptoKeys
LogPluginManager: Mounting plugin EditorScriptingUtilities
LogPluginManager: Mounting plugin MobileLauncherProfileWizard
LogPluginManager: Mounting plugin PluginBrowser
LogPluginManager: Mounting plugin MaterialAnalyzer
LogPluginManager: Mounting plugin AssetManagerEditor
LogPluginManager: Mounting plugin AnimationSharing
LogPluginManager: Mounting plugin SpeedTreeImporter
LogPluginManager: Mounting plugin CLionSourceCodeAccess
LogPluginManager: Mounting plugin CodeLiteSourceCodeAccess
LogPluginManager: Mounting plugin NullSourceCodeAccess
LogPluginManager: Mounting plugin GitSourceControl
LogPluginManager: Mounting plugin PixWinPlugin
LogPluginManager: Mounting plugin PlasticSourceControl
LogPluginManager: Mounting plugin KDevelopSourceCodeAccess
LogPluginManager: Mounting plugin PropertyAccessNode
LogPluginManager: Mounting plugin PerforceSourceControl
LogPluginManager: Mounting plugin TextureFormatOodle
LogPluginManager: Mounting plugin RiderSourceCodeAccess
LogPluginManager: Mounting plugin SubversionSourceControl
LogPluginManager: Mounting plugin VisualStudioSourceCodeAccess
LogPluginManager: Mounting plugin VisualStudioCodeSourceCodeAccess
LogPluginManager: Mounting plugin XCodeSourceCodeAccess
LogPluginManager: Mounting plugin UObjectPlugin
LogPluginManager: Mounting plugin PluginUtils
LogPluginManager: Mounting plugin Niagara
LogPluginManager: Mounting plugin DatasmithContent
LogPluginManager: Mounting plugin VariantManagerContent
LogPluginManager: Mounting plugin LuminPlatformFeatures
LogPluginManager: Mounting plugin MagicLeap
LogPluginManager: Mounting plugin MagicLeapLightEstimation
LogPluginManager: Mounting plugin MagicLeapMedia
LogPluginManager: Mounting plugin MLSDK
LogPluginManager: Mounting plugin MagicLeapPassableWorld
LogPluginManager: Mounting plugin AlembicImporter
LogPluginManager: Mounting plugin BackChannel
LogPluginManager: Mounting plugin AutomationUtils
LogPluginManager: Mounting plugin ChaosCloth
LogPluginManager: Mounting plugin ChaosSolverPlugin
LogPluginManager: Mounting plugin ChaosNiagara
LogPluginManager: Mounting plugin ChaosClothEditor
LogPluginManager: Mounting plugin ChaosEditor
LogPluginManager: Mounting plugin CharacterAI
LogPluginManager: Mounting plugin AndroidMedia
LogPluginManager: Mounting plugin AvfMedia
LogPluginManager: Mounting plugin MediaCompositing
LogPluginManager: Mounting plugin MediaPlayerEditor
LogPluginManager: Mounting plugin WmfMedia
LogPluginManager: Mounting plugin WebMMedia
LogPluginManager: Mounting plugin ImgMedia
LogPluginManager: Mounting plugin ActorSequence
LogPluginManager: Mounting plugin MatineeToLevelSequence
LogPluginManager: Mounting plugin LevelSequenceEditor
LogPluginManager: Mounting plugin GeometryCache
LogPluginManager: Mounting plugin GeometryProcessing
LogPluginManager: Mounting plugin TemplateSequence
LogPluginManager: Mounting plugin GeometryCollectionPlugin
LogPluginManager: Mounting plugin MotoSynth
LogPluginManager: Mounting plugin OpenImageDenoise
LogPluginManager: Mounting plugin PlanarCut
LogPluginManager: Mounting plugin PlatformCrypto
LogPluginManager: Mounting plugin ProxyLODPlugin
LogPluginManager: Mounting plugin PythonScriptPlugin
LogPluginManager: Mounting plugin TcpMessaging
LogPluginManager: Mounting plugin UdpMessaging
LogPluginManager: Mounting plugin OnlineSubsystem
LogPluginManager: Mounting plugin OnlineSubsystemNull
LogPluginManager: Mounting plugin SkeletalReduction
LogPluginManager: Mounting plugin OnlineSubsystemUtils
LogPluginManager: Mounting plugin LauncherChunkInstaller
LogPluginManager: Mounting plugin ActorLayerUtilities
LogPluginManager: Mounting plugin AndroidDeviceProfileSelector
LogPluginManager: Mounting plugin AndroidMoviePlayer
LogPluginManager: Mounting plugin AndroidPermission
LogPluginManager: Mounting plugin AppleImageUtils
LogPluginManager: Mounting plugin AppleMoviePlayer
LogPluginManager: Mounting plugin ArchVisCharacter
LogPluginManager: Mounting plugin AssetTags
LogPluginManager: Mounting plugin AudioCapture
LogPluginManager: Mounting plugin ChunkDownloader
LogPluginManager: Mounting plugin CustomMeshComponent
LogPluginManager: Mounting plugin CableComponent
LogPluginManager: Mounting plugin AudioSynesthesia
LogPluginManager: Mounting plugin ExampleDeviceProfileSelector
LogPluginManager: Mounting plugin EditableMesh
LogPluginManager: Mounting plugin ScreenshotTools
LogPluginManager: Mounting plugin GoogleCloudMessaging
LogPluginManager: Mounting plugin GooglePAD
LogPluginManager: Mounting plugin IOSDeviceProfileSelector
LogPluginManager: Mounting plugin LocationServicesBPLibrary
LogPluginManager: Mounting plugin MobilePatchingUtils
LogPluginManager: Mounting plugin LinuxDeviceProfileSelector
LogPluginManager: Mounting plugin OpenXR
LogPluginManager: Mounting plugin OpenXREyeTracker
LogPluginManager: Mounting plugin Takes
LogPluginManager: Mounting plugin OpenXRHandTracking
LogPluginManager: Mounting plugin PostSplashScreen
LogPluginManager: Mounting plugin PhysXVehicles
LogPluginManager: Mounting plugin ProceduralMeshComponent
LogPluginManager: Mounting plugin PropertyAccessEditor
LogPluginManager: Mounting plugin SignificanceManager
LogPluginManager: Mounting plugin RuntimePhysXCooking
LogPluginManager: Mounting plugin SoundFields
LogPluginManager: Mounting plugin Synthesis
LogPluginManager: Mounting plugin WebMMoviePlayer
LogPluginManager: Mounting plugin WindowsMoviePlayer
LogPluginManager: Mounting plugin AISupport
LogPluginManager: Mounting plugin EnvironmentQueryEditor
LogPluginManager: Mounting plugin ContentBrowserAssetDataSource
LogPluginManager: Mounting plugin ContentBrowserClassDataSource
LogPluginManager: Mounting plugin ContentBrowserFileDataSource
LogPluginManager: Mounting plugin RiderLink
LogPluginManager: Mounting plugin OnlineSubsystemIOS
LogPluginManager: Mounting plugin OnlineSubsystemGooglePlay
LogPluginManager: Mounting plugin OculusVR
LogPluginManager: Mounting plugin SteamVR
PixWinPlugin: PIX capture plugin failed to initialize! Check that the process is launched from PIX.
LogInit: Using libcurl 7.55.1-DEV
LogInit:  - built for x86_64-pc-win32
LogInit:  - supports SSL with OpenSSL/1.1.1
LogInit:  - supports HTTP deflate (compression) using libz 1.2.8
LogInit:  - other features:
LogInit:      CURL_VERSION_SSL
LogInit:      CURL_VERSION_LIBZ
LogInit:      CURL_VERSION_IPV6
LogInit:      CURL_VERSION_ASYNCHDNS
LogInit:      CURL_VERSION_LARGEFILE
LogInit:      CURL_VERSION_IDN
LogInit:  CurlRequestOptions (configurable via config and command line):
LogInit:  - bVerifyPeer = true  - Libcurl will verify peer certificate
LogInit:  - bUseHttpProxy = false  - Libcurl will NOT use HTTP proxy
LogInit:  - bDontReuseConnections = false  - Libcurl will reuse connections
LogInit:  - MaxHostConnections = 16  - Libcurl will limit the number of connections to a host
LogInit:  - LocalHostAddr = Default
LogInit:  - BufferSize = 65536
LogOnline: OSS: Creating online subsystem instance for: NULL
LogInit: WinSock: version 1.1 (2.2), MaxSocks=32767, MaxUdp=65467
LogOnline: OSS: TryLoadSubsystemAndSetDefault: Loaded subsystem for module [NULL]
LogOculusPluginWrapper: OculusPlugin initialized successfully
LogHMD: Failed initializing OVRPlugin 1.59.0
LogInit: Build: ++UE4+Release-4.27-CL-18319896
LogInit: Engine Version: 4.27.2-18319896+++UE4+Release-4.27
LogInit: Compatible Engine Version: 4.27.0-17155196+++UE4+Release-4.27
LogInit: Net CL: 17155196
LogInit: OS: Windows 10 (Release 2009) (), CPU: AMD Ryzen 9 7900X 12-Core Processor            , GPU: AMD Radeon RX 7900 XTX
LogInit: Compiled (64-bit): Nov 30 2021 07:12:08
LogInit: Compiled with Visual C++: 19.24.28315.00
LogInit: Build Configuration: DebugGame
LogInit: Branch Name: ++UE4+Release-4.27
LogInit: Command Line: 
LogInit: Base Directory: C:/Program Files/UE_4.27/Engine/Binaries/Win64/
LogInit: Allocator: TBB
LogInit: Installed Engine Build: 1
LogDevObjectVersion: Number of dev versions registered: 29
LogDevObjectVersion:   Dev-Blueprints (B0D832E4-1F89-4F0D-ACCF-7EB736FD4AA2): 10
LogDevObjectVersion:   Dev-Build (E1C64328-A22C-4D53-A36C-8E866417BD8C): 0
LogDevObjectVersion:   Dev-Core (375EC13C-06E4-48FB-B500-84F0262A717E): 4
LogDevObjectVersion:   Dev-Editor (E4B068ED-F494-42E9-A231-DA0B2E46BB41): 40
LogDevObjectVersion:   Dev-Framework (CFFC743F-43B0-4480-9391-14DF171D2073): 37
LogDevObjectVersion:   Dev-Mobile (B02B49B5-BB20-44E9-A304-32B752E40360): 3
LogDevObjectVersion:   Dev-Networking (A4E4105C-59A1-49B5-A7C5-40C4547EDFEE): 0
LogDevObjectVersion:   Dev-Online (39C831C9-5AE6-47DC-9A44-9C173E1C8E7C): 0
LogDevObjectVersion:   Dev-Physics (78F01B33-EBEA-4F98-B9B4-84EACCB95AA2): 14
LogDevObjectVersion:   Dev-Platform (6631380F-2D4D-43E0-8009-CF276956A95A): 0
LogDevObjectVersion:   Dev-Rendering (12F88B9F-8875-4AFC-A67C-D90C383ABD29): 45
LogDevObjectVersion:   Dev-Sequencer (7B5AE74C-D270-4C10-A958-57980B212A5A): 13
LogDevObjectVersion:   Dev-VR (D7296918-1DD6-4BDD-9DE2-64A83CC13884): 3
LogDevObjectVersion:   Dev-LoadTimes (C2A15278-BFE7-4AFE-6C17-90FF531DF755): 1
LogDevObjectVersion:   Private-Geometry (6EACA3D4-40EC-4CC1-B786-8BED09428FC5): 3
LogDevObjectVersion:   Dev-AnimPhys (29E575DD-E0A3-4627-9D10-D276232CDCEA): 17
LogDevObjectVersion:   Dev-Anim (AF43A65D-7FD3-4947-9873-3E8ED9C1BB05): 15
LogDevObjectVersion:   Dev-ReflectionCapture (6B266CEC-1EC7-4B8F-A30B-E4D90942FC07): 1
LogDevObjectVersion:   Dev-Automation (0DF73D61-A23F-47EA-B727-89E90C41499A): 1
LogDevObjectVersion:   FortniteMain (601D1886-AC64-4F84-AA16-D3DE0DEAC7D6): 47
LogDevObjectVersion:   FortniteRelease (E7086368-6B23-4C58-8439-1B7016265E91): 1
LogDevObjectVersion:   Dev-Enterprise (9DFFBCD6-494F-0158-E221-12823C92A888): 10
LogDevObjectVersion:   Dev-Niagara (F2AED0AC-9AFE-416F-8664-AA7FFA26D6FC): 1
LogDevObjectVersion:   Dev-Destruction (174F1F0B-B4C6-45A5-B13F-2EE8D0FB917D): 10
LogDevObjectVersion:   Dev-Physics-Ext (35F94A83-E258-406C-A318-09F59610247C): 41
LogDevObjectVersion:   Dev-PhysicsMaterial-Chaos (B68FC16E-8B1B-42E2-B453-215C058844FE): 1
LogDevObjectVersion:   Dev-CineCamera (B2E18506-4273-CFC2-A54E-F4BB758BBA07): 1
LogDevObjectVersion:   Dev-VirtualProduction (64F58936-FD1B-42BA-BA96-7289D5D0FA4E): 1
LogDevObjectVersion:   Dev-MediaFramework (6F0ED827-A609-4895-9C91-998D90180EA4): 2
LogInit: Presizing for max 25165824 objects, including 0 objects not considered by GC, pre-allocating 0 bytes for permanent pool.
LogConfig: Applying CVar settings from Section [/Script/Engine.StreamingSettings] File [C:/Users/nanim/GitHub/NewNewInsectHeaven/InsectHeaven/Saved/Config/Windows/Engine.ini]
LogConfig: Setting CVar [[s.MinBulkDataSizeForAsyncLoading:131072]]
LogConfig: Setting CVar [[s.AsyncLoadingThreadEnabled:0]]
LogConfig: Setting CVar [[s.EventDrivenLoaderEnabled:1]]
LogConfig: Setting CVar [[s.WarnIfTimeLimitExceeded:0]]
LogConfig: Setting CVar [[s.TimeLimitExceededMultiplier:1.5]]
LogConfig: Setting CVar [[s.TimeLimitExceededMinTime:0.005]]
LogConfig: Setting CVar [[s.UseBackgroundLevelStreaming:1]]
LogConfig: Setting CVar [[s.PriorityAsyncLoadingExtraTime:15.0]]
LogConfig: Setting CVar [[s.LevelStreamingActorsUpdateTimeLimit:5.0]]
LogConfig: Setting CVar [[s.PriorityLevelStreamingActorsUpdateExtraTime:5.0]]
LogConfig: Setting CVar [[s.LevelStreamingComponentsRegistrationGranularity:10]]
LogConfig: Setting CVar [[s.UnregisterComponentsTimeLimit:1.0]]
LogConfig: Setting CVar [[s.LevelStreamingComponentsUnregistrationGranularity:5]]
LogConfig: Setting CVar [[s.FlushStreamingOnExit:1]]
LogInit: Object subsystem initialized
LogConfig: Setting CVar [[con.DebugEarlyDefault:1]]
LogConfig: Setting CVar [[r.setres:1280x720]]
[2024.09.21-16.19.56:416][  0]LogConfig: Setting CVar [[r.VSync:0]]
[2024.09.21-16.19.56:416][  0]LogConfig: Setting CVar [[r.RHICmdBypass:0]]
[2024.09.21-16.19.56:416][  0]LogConfig: Applying CVar settings from Section [/Script/Engine.RendererSettings] File [C:/Users/nanim/GitHub/NewNewInsectHeaven/InsectHeaven/Saved/Config/Windows/Engine.ini]
[2024.09.21-16.19.56:417][  0]LogConfig: Setting CVar [[r.GPUCrashDebugging:0]]
[2024.09.21-16.19.56:417][  0]LogConfig: Applying CVar settings from Section [/Script/Engine.RendererOverrideSettings] File [C:/Users/nanim/GitHub/NewNewInsectHeaven/InsectHeaven/Saved/Config/Windows/Engine.ini]
[2024.09.21-16.19.56:417][  0]LogConfig: Applying CVar settings from Section [/Script/Engine.StreamingSettings] File [C:/Users/nanim/GitHub/NewNewInsectHeaven/InsectHeaven/Saved/Config/Windows/Engine.ini]
[2024.09.21-16.19.56:417][  0]LogConfig: Setting CVar [[s.MinBulkDataSizeForAsyncLoading:131072]]
[2024.09.21-16.19.56:417][  0]LogConfig: Setting CVar [[s.AsyncLoadingThreadEnabled:0]]
[2024.09.21-16.19.56:417][  0]LogConfig: Setting CVar [[s.EventDrivenLoaderEnabled:1]]
[2024.09.21-16.19.56:417][  0]LogConfig: Setting CVar [[s.WarnIfTimeLimitExceeded:0]]
[2024.09.21-16.19.56:417][  0]LogConfig: Setting CVar [[s.TimeLimitExceededMultiplier:1.5]]
[2024.09.21-16.19.56:417][  0]LogConfig: Setting CVar [[s.TimeLimitExceededMinTime:0.005]]
[2024.09.21-16.19.56:417][  0]LogConfig: Setting CVar [[s.UseBackgroundLevelStreaming:1]]
[2024.09.21-16.19.56:417][  0]LogConfig: Setting CVar [[s.PriorityAsyncLoadingExtraTime:15.0]]
[2024.09.21-16.19.56:417][  0]LogConfig: Setting CVar [[s.LevelStreamingActorsUpdateTimeLimit:5.0]]
[2024.09.21-16.19.56:418][  0]LogConfig: Setting CVar [[s.PriorityLevelStreamingActorsUpdateExtraTime:5.0]]
[2024.09.21-16.19.56:418][  0]LogConfig: Setting CVar [[s.LevelStreamingComponentsRegistrationGranularity:10]]
[2024.09.21-16.19.56:418][  0]LogConfig: Setting CVar [[s.UnregisterComponentsTimeLimit:1.0]]
[2024.09.21-16.19.56:418][  0]LogConfig: Setting CVar [[s.LevelStreamingComponentsUnregistrationGranularity:5]]
[2024.09.21-16.19.56:418][  0]LogConfig: Setting CVar [[s.FlushStreamingOnExit:1]]
[2024.09.21-16.19.56:418][  0]LogConfig: Applying CVar settings from Section [/Script/Engine.GarbageCollectionSettings] File [C:/Users/nanim/GitHub/NewNewInsectHeaven/InsectHeaven/Saved/Config/Windows/Engine.ini]
[2024.09.21-16.19.56:418][  0]LogConfig: Setting CVar [[gc.MaxObjectsNotConsideredByGC:1]]
[2024.09.21-16.19.56:418][  0]LogConfig: Setting CVar [[gc.SizeOfPermanentObjectPool:0]]
[2024.09.21-16.19.56:418][  0]LogConfig: Setting CVar [[gc.FlushStreamingOnGC:0]]
[2024.09.21-16.19.56:418][  0]LogConfig: Setting CVar [[gc.NumRetriesBeforeForcingGC:10]]
[2024.09.21-16.19.56:419][  0]LogConfig: Setting CVar [[gc.AllowParallelGC:1]]
[2024.09.21-16.19.56:419][  0]LogConfig: Setting CVar [[gc.TimeBetweenPurgingPendingKillObjects:61.1]]
[2024.09.21-16.19.56:419][  0]LogConfig: Setting CVar [[gc.MaxObjectsInEditor:25165824]]
[2024.09.21-16.19.56:419][  0]LogConfig: Setting CVar [[gc.IncrementalBeginDestroyEnabled:1]]
[2024.09.21-16.19.56:419][  0]LogConfig: Setting CVar [[gc.CreateGCClusters:1]]
[2024.09.21-16.19.56:419][  0]LogConfig: Setting CVar [[gc.MinGCClusterSize:5]]
[2024.09.21-16.19.56:419][  0]LogConfig: Setting CVar [[gc.ActorClusteringEnabled:0]]
[2024.09.21-16.19.56:419][  0]LogConfig: Setting CVar [[gc.BlueprintClusteringEnabled:0]]
[2024.09.21-16.19.56:419][  0]LogConfig: Setting CVar [[gc.UseDisregardForGCOnDedicatedServers:0]]
[2024.09.21-16.19.56:419][  0]LogConfig: Setting CVar [[gc.MultithreadedDestructionEnabled:1]]
[2024.09.21-16.19.56:419][  0]LogConfig: Applying CVar settings from Section [/Script/Engine.NetworkSettings] File [C:/Users/nanim/GitHub/NewNewInsectHeaven/InsectHeaven/Saved/Config/Windows/Engine.ini]
[2024.09.21-16.19.56:419][  0]LogConfig: Applying CVar settings from Section [/Script/UnrealEd.CookerSettings] File [C:/Users/nanim/GitHub/NewNewInsectHeaven/InsectHeaven/Saved/Config/Windows/Engine.ini]
[2024.09.21-16.19.56:463][  0]LogConfig: Applying CVar settings from Section [ViewDistanceQuality@3] File [C:/Users/nanim/GitHub/NewNewInsectHeaven/InsectHeaven/Saved/Config/Windows/Scalability.ini]
[2024.09.21-16.19.56:464][  0]LogConfig: Setting CVar [[r.SkeletalMeshLODBias:0]]
[2024.09.21-16.19.56:464][  0]LogConfig: Setting CVar [[r.ViewDistanceScale:1.0]]
[2024.09.21-16.19.56:464][  0]LogConfig: Applying CVar settings from Section [AntiAliasingQuality@3] File [C:/Users/nanim/GitHub/NewNewInsectHeaven/InsectHeaven/Saved/Config/Windows/Scalability.ini]
[2024.09.21-16.19.56:464][  0]LogConfig: Setting CVar [[r.PostProcessAAQuality:4]]
[2024.09.21-16.19.56:464][  0]LogConfig: Applying CVar settings from Section [ShadowQuality@3] File [C:/Users/nanim/GitHub/NewNewInsectHeaven/InsectHeaven/Saved/Config/Windows/Scalability.ini]
[2024.09.21-16.19.56:464][  0]LogConfig: Setting CVar [[r.LightFunctionQuality:1]]
[2024.09.21-16.19.56:464][  0]LogConfig: Setting CVar [[r.ShadowQuality:5]]
[2024.09.21-16.19.56:464][  0]LogConfig: Setting CVar [[r.Shadow.CSM.MaxCascades:10]]
[2024.09.21-16.19.56:464][  0]LogConfig: Setting CVar [[r.Shadow.MaxResolution:2048]]
[2024.09.21-16.19.56:465][  0]LogConfig: Setting CVar [[r.Shadow.MaxCSMResolution:2048]]
[2024.09.21-16.19.56:465][  0]LogConfig: Setting CVar [[r.Shadow.RadiusThreshold:0.01]]
[2024.09.21-16.19.56:465][  0]LogConfig: Setting CVar [[r.Shadow.DistanceScale:1.0]]
[2024.09.21-16.19.56:465][  0]LogConfig: Setting CVar [[r.Shadow.CSM.TransitionScale:1.0]]
[2024.09.21-16.19.56:465][  0]LogConfig: Setting CVar [[r.Shadow.PreShadowResolutionFactor:1.0]]
[2024.09.21-16.19.56:465][  0]LogConfig: Setting CVar [[r.DistanceFieldShadowing:1]]
[2024.09.21-16.19.56:465][  0]LogConfig: Setting CVar [[r.DistanceFieldAO:1]]
[2024.09.21-16.19.56:465][  0]LogConfig: Setting CVar [[r.AOQuality:2]]
[2024.09.21-16.19.56:465][  0]LogConfig: Setting CVar [[r.VolumetricFog:1]]
[2024.09.21-16.19.56:465][  0]LogConfig: Setting CVar [[r.VolumetricFog.GridPixelSize:8]]
[2024.09.21-16.19.56:465][  0]LogConfig: Setting CVar [[r.VolumetricFog.GridSizeZ:128]]
[2024.09.21-16.19.56:465][  0]LogConfig: Setting CVar [[r.VolumetricFog.HistoryMissSupersampleCount:4]]
[2024.09.21-16.19.56:466][  0]LogConfig: Setting CVar [[r.LightMaxDrawDistanceScale:1]]
[2024.09.21-16.19.56:466][  0]LogConfig: Setting CVar [[r.CapsuleShadows:1]]
[2024.09.21-16.19.56:466][  0]LogConfig: Applying CVar settings from Section [PostProcessQuality@3] File [C:/Users/nanim/GitHub/NewNewInsectHeaven/InsectHeaven/Saved/Config/Windows/Scalability.ini]
[2024.09.21-16.19.56:466][  0]LogConfig: Setting CVar [[r.MotionBlurQuality:4]]
[2024.09.21-16.19.56:466][  0]LogConfig: Setting CVar [[r.AmbientOcclusionMipLevelFactor:0.4]]
[2024.09.21-16.19.56:466][  0]LogConfig: Setting CVar [[r.AmbientOcclusionMaxQuality:100]]
[2024.09.21-16.19.56:466][  0]LogConfig: Setting CVar [[r.AmbientOcclusionLevels:-1]]
[2024.09.21-16.19.56:466][  0]LogConfig: Setting CVar [[r.AmbientOcclusionRadiusScale:1.0]]
[2024.09.21-16.19.56:466][  0]LogConfig: Setting CVar [[r.DepthOfFieldQuality:2]]
[2024.09.21-16.19.56:466][  0]LogConfig: Setting CVar [[r.RenderTargetPoolMin:400]]
[2024.09.21-16.19.56:466][  0]LogConfig: Setting CVar [[r.LensFlareQuality:2]]
[2024.09.21-16.19.56:467][  0]LogConfig: Setting CVar [[r.SceneColorFringeQuality:1]]
[2024.09.21-16.19.56:467][  0]LogConfig: Setting CVar [[r.EyeAdaptationQuality:2]]
[2024.09.21-16.19.56:467][  0]LogConfig: Setting CVar [[r.BloomQuality:5]]
[2024.09.21-16.19.56:467][  0]LogConfig: Setting CVar [[r.FastBlurThreshold:100]]
[2024.09.21-16.19.56:467][  0]LogConfig: Setting CVar [[r.Upscale.Quality:3]]
[2024.09.21-16.19.56:467][  0]LogConfig: Setting CVar [[r.Tonemapper.GrainQuantization:1]]
[2024.09.21-16.19.56:467][  0]LogConfig: Setting CVar [[r.LightShaftQuality:1]]
[2024.09.21-16.19.56:467][  0]LogConfig: Setting CVar [[r.Filter.SizeScale:1]]
[2024.09.21-16.19.56:467][  0]LogConfig: Setting CVar [[r.Tonemapper.Quality:5]]
[2024.09.21-16.19.56:467][  0]LogConfig: Setting CVar [[r.DOF.Gather.AccumulatorQuality:1        ; higher gathering accumulator quality]]
[2024.09.21-16.19.56:467][  0]LogConfig: Setting CVar [[r.DOF.Gather.PostfilterMethod:1          ; Median3x3 postfilering method]]
[2024.09.21-16.19.56:467][  0]LogConfig: Setting CVar [[r.DOF.Gather.EnableBokehSettings:0       ; no bokeh simulation when gathering]]
[2024.09.21-16.19.56:468][  0]LogConfig: Setting CVar [[r.DOF.Gather.RingCount:4                 ; medium number of samples when gathering]]
[2024.09.21-16.19.56:468][  0]LogConfig: Setting CVar [[r.DOF.Scatter.ForegroundCompositing:1    ; additive foreground scattering]]
[2024.09.21-16.19.56:468][  0]LogConfig: Setting CVar [[r.DOF.Scatter.BackgroundCompositing:2    ; additive background scattering]]
[2024.09.21-16.19.56:468][  0]LogConfig: Setting CVar [[r.DOF.Scatter.EnableBokehSettings:1      ; bokeh simulation when scattering]]
[2024.09.21-16.19.56:468][  0]LogConfig: Setting CVar [[r.DOF.Scatter.MaxSpriteRatio:0.1         ; only a maximum of 10% of scattered bokeh]]
[2024.09.21-16.19.56:468][  0]LogConfig: Setting CVar [[r.DOF.Recombine.Quality:1                ; cheap slight out of focus]]
[2024.09.21-16.19.56:468][  0]LogConfig: Setting CVar [[r.DOF.Recombine.EnableBokehSettings:0    ; no bokeh simulation on slight out of focus]]
[2024.09.21-16.19.56:468][  0]LogConfig: Setting CVar [[r.DOF.TemporalAAQuality:1                ; more stable temporal accumulation]]
[2024.09.21-16.19.56:469][  0]LogConfig: Setting CVar [[r.DOF.Kernel.MaxForegroundRadius:0.025]]
[2024.09.21-16.19.56:469][  0]LogConfig: Setting CVar [[r.DOF.Kernel.MaxBackgroundRadius:0.025]]
[2024.09.21-16.19.56:469][  0]LogConfig: Applying CVar settings from Section [TextureQuality@3] File [C:/Users/nanim/GitHub/NewNewInsectHeaven/InsectHeaven/Saved/Config/Windows/Scalability.ini]
[2024.09.21-16.19.56:469][  0]LogConfig: Setting CVar [[r.Streaming.MipBias:0]]
[2024.09.21-16.19.56:469][  0]LogConfig: Setting CVar [[r.Streaming.AmortizeCPUToGPUCopy:0]]
[2024.09.21-16.19.56:469][  0]LogConfig: Setting CVar [[r.Streaming.MaxNumTexturesToStreamPerFrame:0]]
[2024.09.21-16.19.56:469][  0]LogConfig: Setting CVar [[r.Streaming.Boost:1]]
[2024.09.21-16.19.56:469][  0]LogConfig: Setting CVar [[r.MaxAnisotropy:8]]
[2024.09.21-16.19.56:469][  0]LogConfig: Setting CVar [[r.VT.MaxAnisotropy:8]]
[2024.09.21-16.19.56:470][  0]LogConfig: Setting CVar [[r.Streaming.LimitPoolSizeToVRAM:0]]
[2024.09.21-16.19.56:470][  0]LogConfig: Setting CVar [[r.Streaming.PoolSize:1000]]
[2024.09.21-16.19.56:470][  0]LogConfig: Setting CVar [[r.Streaming.MaxEffectiveScreenSize:0]]
[2024.09.21-16.19.56:470][  0]LogConfig: Applying CVar settings from Section [EffectsQuality@3] File [C:/Users/nanim/GitHub/NewNewInsectHeaven/InsectHeaven/Saved/Config/Windows/Scalability.ini]
[2024.09.21-16.19.56:470][  0]LogConfig: Setting CVar [[r.TranslucencyLightingVolumeDim:64]]
[2024.09.21-16.19.56:470][  0]LogConfig: Setting CVar [[r.RefractionQuality:2]]
[2024.09.21-16.19.56:470][  0]LogConfig: Setting CVar [[r.SSR.Quality:3]]
[2024.09.21-16.19.56:470][  0]LogConfig: Setting CVar [[r.SSR.HalfResSceneColor:0]]
[2024.09.21-16.19.56:470][  0]LogConfig: Setting CVar [[r.SceneColorFormat:4]]
[2024.09.21-16.19.56:471][  0]LogConfig: Setting CVar [[r.DetailMode:2]]
[2024.09.21-16.19.56:471][  0]LogConfig: Setting CVar [[r.TranslucencyVolumeBlur:1]]
[2024.09.21-16.19.56:471][  0]LogConfig: Setting CVar [[r.MaterialQualityLevel:1 ; High quality]]
[2024.09.21-16.19.56:471][  0]LogConfig: Setting CVar [[r.AnisotropicMaterials:1]]
[2024.09.21-16.19.56:471][  0]LogConfig: Setting CVar [[r.SSS.Scale:1]]
[2024.09.21-16.19.56:471][  0]LogConfig: Setting CVar [[r.SSS.SampleSet:2]]
[2024.09.21-16.19.56:471][  0]LogConfig: Setting CVar [[r.SSS.Quality:1]]
[2024.09.21-16.19.56:471][  0]LogConfig: Setting CVar [[r.SSS.HalfRes:0]]
[2024.09.21-16.19.56:471][  0]LogConfig: Setting CVar [[r.SSGI.Quality:3]]
[2024.09.21-16.19.56:471][  0]LogConfig: Setting CVar [[r.EmitterSpawnRateScale:1.0]]
[2024.09.21-16.19.56:471][  0]LogConfig: Setting CVar [[r.ParticleLightQuality:2]]
[2024.09.21-16.19.56:472][  0]LogConfig: Setting CVar [[r.SkyAtmosphere.AerialPerspectiveLUT.FastApplyOnOpaque:1 ; Always have FastSkyLUT 1 in this case to avoid wrong sky]]
[2024.09.21-16.19.56:472][  0]LogConfig: Setting CVar [[r.SkyAtmosphere.AerialPerspectiveLUT.SampleCountMaxPerSlice:4]]
[2024.09.21-16.19.56:472][  0]LogConfig: Setting CVar [[r.SkyAtmosphere.AerialPerspectiveLUT.DepthResolution:16.0]]
[2024.09.21-16.19.56:472][  0]LogConfig: Setting CVar [[r.SkyAtmosphere.FastSkyLUT:1]]
[2024.09.21-16.19.56:472][  0]LogConfig: Setting CVar [[r.SkyAtmosphere.FastSkyLUT.SampleCountMin:4.0]]
[2024.09.21-16.19.56:472][  0]LogConfig: Setting CVar [[r.SkyAtmosphere.FastSkyLUT.SampleCountMax:128.0]]
[2024.09.21-16.19.56:472][  0]LogConfig: Setting CVar [[r.SkyAtmosphere.SampleCountMin:4.0]]
[2024.09.21-16.19.56:472][  0]LogConfig: Setting CVar [[r.SkyAtmosphere.SampleCountMax:128.0]]
[2024.09.21-16.19.56:472][  0]LogConfig: Setting CVar [[r.SkyAtmosphere.TransmittanceLUT.UseSmallFormat:0]]
[2024.09.21-16.19.56:472][  0]LogConfig: Setting CVar [[r.SkyAtmosphere.TransmittanceLUT.SampleCount:10.0]]
[2024.09.21-16.19.56:473][  0]LogConfig: Setting CVar [[r.SkyAtmosphere.MultiScatteringLUT.SampleCount:15.0]]
[2024.09.21-16.19.56:473][  0]LogConfig: Setting CVar [[r.SkyLight.RealTimeReflectionCapture:1]]
[2024.09.21-16.19.56:473][  0]LogConfig: Applying CVar settings from Section [FoliageQuality@3] File [C:/Users/nanim/GitHub/NewNewInsectHeaven/InsectHeaven/Saved/Config/Windows/Scalability.ini]
[2024.09.21-16.19.56:473][  0]LogConfig: Setting CVar [[foliage.DensityScale:1.0]]
[2024.09.21-16.19.56:473][  0]LogConfig: Setting CVar [[grass.DensityScale:1.0]]
[2024.09.21-16.19.56:473][  0]LogConfig: Applying CVar settings from Section [ShadingQuality@3] File [C:/Users/nanim/GitHub/NewNewInsectHeaven/InsectHeaven/Saved/Config/Windows/Scalability.ini]
[2024.09.21-16.19.56:473][  0]LogConfig: Setting CVar [[r.HairStrands.SkyLighting.IntegrationType:2]]
[2024.09.21-16.19.56:473][  0]LogConfig: Setting CVar [[r.HairStrands.SkyAO.SampleCount:4]]
[2024.09.21-16.19.56:473][  0]LogConfig: Setting CVar [[r.HairStrands.Visibility.MSAA.SamplePerPixel:4]]
[2024.09.21-16.19.56:473][  0]LogInit: Selected Device Profile: [Windows]
[2024.09.21-16.19.56:473][  0]LogInit: Applying CVar settings loaded from the selected device profile: [Windows]
[2024.09.21-16.19.56:474][  0]LogHAL: Display: Platform has ~ 32 GB [33457160192 / 34359738368 / 32], which maps to Largest [LargestMinGB=32, LargerMinGB=12, DefaultMinGB=8, SmallerMinGB=6, SmallestMinGB=0)
[2024.09.21-16.19.56:474][  0]LogInit: Going up to parent DeviceProfile []
[2024.09.21-16.19.56:474][  0]LogConfig: Applying CVar settings from Section [ViewDistanceQuality@3] File [C:/Users/nanim/GitHub/NewNewInsectHeaven/InsectHeaven/Saved/Config/Windows/Scalability.ini]
[2024.09.21-16.19.56:474][  0]LogConfig: Setting CVar [[r.SkeletalMeshLODBias:0]]
[2024.09.21-16.19.56:474][  0]LogConfig: Setting CVar [[r.ViewDistanceScale:1.0]]
[2024.09.21-16.19.56:474][  0]LogConfig: Applying CVar settings from Section [AntiAliasingQuality@3] File [C:/Users/nanim/GitHub/NewNewInsectHeaven/InsectHeaven/Saved/Config/Windows/Scalability.ini]
[2024.09.21-16.19.56:474][  0]LogConfig: Setting CVar [[r.PostProcessAAQuality:4]]
[2024.09.21-16.19.56:474][  0]LogConfig: Applying CVar settings from Section [ShadowQuality@3] File [C:/Users/nanim/GitHub/NewNewInsectHeaven/InsectHeaven/Saved/Config/Windows/Scalability.ini]
[2024.09.21-16.19.56:474][  0]LogConfig: Setting CVar [[r.LightFunctionQuality:1]]
[2024.09.21-16.19.56:474][  0]LogConfig: Setting CVar [[r.ShadowQuality:5]]
[2024.09.21-16.19.56:474][  0]LogConfig: Setting CVar [[r.Shadow.CSM.MaxCascades:10]]
[2024.09.21-16.19.56:474][  0]LogConfig: Setting CVar [[r.Shadow.MaxResolution:2048]]
[2024.09.21-16.19.56:474][  0]LogConfig: Setting CVar [[r.Shadow.MaxCSMResolution:2048]]
[2024.09.21-16.19.56:474][  0]LogConfig: Setting CVar [[r.Shadow.RadiusThreshold:0.01]]
[2024.09.21-16.19.56:474][  0]LogConfig: Setting CVar [[r.Shadow.DistanceScale:1.0]]
[2024.09.21-16.19.56:475][  0]LogConfig: Setting CVar [[r.Shadow.CSM.TransitionScale:1.0]]
[2024.09.21-16.19.56:475][  0]LogConfig: Setting CVar [[r.Shadow.PreShadowResolutionFactor:1.0]]
[2024.09.21-16.19.56:475][  0]LogConfig: Setting CVar [[r.DistanceFieldShadowing:1]]
[2024.09.21-16.19.56:475][  0]LogConfig: Setting CVar [[r.DistanceFieldAO:1]]
[2024.09.21-16.19.56:475][  0]LogConfig: Setting CVar [[r.AOQuality:2]]
[2024.09.21-16.19.56:475][  0]LogConfig: Setting CVar [[r.VolumetricFog:1]]
[2024.09.21-16.19.56:475][  0]LogConfig: Setting CVar [[r.VolumetricFog.GridPixelSize:8]]
[2024.09.21-16.19.56:475][  0]LogConfig: Setting CVar [[r.VolumetricFog.GridSizeZ:128]]
[2024.09.21-16.19.56:475][  0]LogConfig: Setting CVar [[r.VolumetricFog.HistoryMissSupersampleCount:4]]
[2024.09.21-16.19.56:475][  0]LogConfig: Setting CVar [[r.LightMaxDrawDistanceScale:1]]
[2024.09.21-16.19.56:476][  0]LogConfig: Setting CVar [[r.CapsuleShadows:1]]
[2024.09.21-16.19.56:476][  0]LogConfig: Applying CVar settings from Section [PostProcessQuality@3] File [C:/Users/nanim/GitHub/NewNewInsectHeaven/InsectHeaven/Saved/Config/Windows/Scalability.ini]
[2024.09.21-16.19.56:476][  0]LogConfig: Setting CVar [[r.MotionBlurQuality:4]]
[2024.09.21-16.19.56:476][  0]LogConfig: Setting CVar [[r.AmbientOcclusionMipLevelFactor:0.4]]
[2024.09.21-16.19.56:476][  0]LogConfig: Setting CVar [[r.AmbientOcclusionMaxQuality:100]]
[2024.09.21-16.19.56:476][  0]LogConfig: Setting CVar [[r.AmbientOcclusionLevels:-1]]
[2024.09.21-16.19.56:476][  0]LogConfig: Setting CVar [[r.AmbientOcclusionRadiusScale:1.0]]
[2024.09.21-16.19.56:476][  0]LogConfig: Setting CVar [[r.DepthOfFieldQuality:2]]
[2024.09.21-16.19.56:477][  0]LogConfig: Setting CVar [[r.RenderTargetPoolMin:400]]
[2024.09.21-16.19.56:477][  0]LogConfig: Setting CVar [[r.LensFlareQuality:2]]
[2024.09.21-16.19.56:477][  0]LogConfig: Setting CVar [[r.SceneColorFringeQuality:1]]
[2024.09.21-16.19.56:477][  0]LogConfig: Setting CVar [[r.EyeAdaptationQuality:2]]
[2024.09.21-16.19.56:477][  0]LogConfig: Setting CVar [[r.BloomQuality:5]]
[2024.09.21-16.19.56:477][  0]LogConfig: Setting CVar [[r.FastBlurThreshold:100]]
[2024.09.21-16.19.56:477][  0]LogConfig: Setting CVar [[r.Upscale.Quality:3]]
[2024.09.21-16.19.56:477][  0]LogConfig: Setting CVar [[r.Tonemapper.GrainQuantization:1]]
[2024.09.21-16.19.56:477][  0]LogConfig: Setting CVar [[r.LightShaftQuality:1]]
[2024.09.21-16.19.56:477][  0]LogConfig: Setting CVar [[r.Filter.SizeScale:1]]
[2024.09.21-16.19.56:477][  0]LogConfig: Setting CVar [[r.Tonemapper.Quality:5]]
[2024.09.21-16.19.56:478][  0]LogConfig: Setting CVar [[r.DOF.Gather.AccumulatorQuality:1        ; higher gathering accumulator quality]]
[2024.09.21-16.19.56:478][  0]LogConfig: Setting CVar [[r.DOF.Gather.PostfilterMethod:1          ; Median3x3 postfilering method]]
[2024.09.21-16.19.56:478][  0]LogConfig: Setting CVar [[r.DOF.Gather.EnableBokehSettings:0       ; no bokeh simulation when gathering]]
[2024.09.21-16.19.56:478][  0]LogConfig: Setting CVar [[r.DOF.Gather.RingCount:4                 ; medium number of samples when gathering]]
[2024.09.21-16.19.56:478][  0]LogConfig: Setting CVar [[r.DOF.Scatter.ForegroundCompositing:1    ; additive foreground scattering]]
[2024.09.21-16.19.56:478][  0]LogConfig: Setting CVar [[r.DOF.Scatter.BackgroundCompositing:2    ; additive background scattering]]
[2024.09.21-16.19.56:478][  0]LogConfig: Setting CVar [[r.DOF.Scatter.EnableBokehSettings:1      ; bokeh simulation when scattering]]
[2024.09.21-16.19.56:478][  0]LogConfig: Setting CVar [[r.DOF.Scatter.MaxSpriteRatio:0.1         ; only a maximum of 10% of scattered bokeh]]
[2024.09.21-16.19.56:478][  0]LogConfig: Setting CVar [[r.DOF.Recombine.Quality:1                ; cheap slight out of focus]]
[2024.09.21-16.19.56:478][  0]LogConfig: Setting CVar [[r.DOF.Recombine.EnableBokehSettings:0    ; no bokeh simulation on slight out of focus]]
[2024.09.21-16.19.56:478][  0]LogConfig: Setting CVar [[r.DOF.TemporalAAQuality:1                ; more stable temporal accumulation]]
[2024.09.21-16.19.56:478][  0]LogConfig: Setting CVar [[r.DOF.Kernel.MaxForegroundRadius:0.025]]
[2024.09.21-16.19.56:479][  0]LogConfig: Setting CVar [[r.DOF.Kernel.MaxBackgroundRadius:0.025]]
[2024.09.21-16.19.56:479][  0]LogConfig: Applying CVar settings from Section [TextureQuality@3] File [C:/Users/nanim/GitHub/NewNewInsectHeaven/InsectHeaven/Saved/Config/Windows/Scalability.ini]
[2024.09.21-16.19.56:479][  0]LogConfig: Setting CVar [[r.Streaming.MipBias:0]]
[2024.09.21-16.19.56:479][  0]LogConfig: Setting CVar [[r.Streaming.AmortizeCPUToGPUCopy:0]]
[2024.09.21-16.19.56:479][  0]LogConfig: Setting CVar [[r.Streaming.MaxNumTexturesToStreamPerFrame:0]]
[2024.09.21-16.19.56:479][  0]LogConfig: Setting CVar [[r.Streaming.Boost:1]]
[2024.09.21-16.19.56:479][  0]LogConfig: Setting CVar [[r.MaxAnisotropy:8]]
[2024.09.21-16.19.56:479][  0]LogConfig: Setting CVar [[r.VT.MaxAnisotropy:8]]
[2024.09.21-16.19.56:479][  0]LogConfig: Setting CVar [[r.Streaming.LimitPoolSizeToVRAM:0]]
[2024.09.21-16.19.56:479][  0]LogConfig: Setting CVar [[r.Streaming.PoolSize:1000]]
[2024.09.21-16.19.56:479][  0]LogConfig: Setting CVar [[r.Streaming.MaxEffectiveScreenSize:0]]
[2024.09.21-16.19.56:480][  0]LogConfig: Applying CVar settings from Section [EffectsQuality@3] File [C:/Users/nanim/GitHub/NewNewInsectHeaven/InsectHeaven/Saved/Config/Windows/Scalability.ini]
[2024.09.21-16.19.56:480][  0]LogConfig: Setting CVar [[r.TranslucencyLightingVolumeDim:64]]
[2024.09.21-16.19.56:480][  0]LogConfig: Setting CVar [[r.RefractionQuality:2]]
[2024.09.21-16.19.56:480][  0]LogConfig: Setting CVar [[r.SSR.Quality:3]]
[2024.09.21-16.19.56:480][  0]LogConfig: Setting CVar [[r.SSR.HalfResSceneColor:0]]
[2024.09.21-16.19.56:480][  0]LogConfig: Setting CVar [[r.SceneColorFormat:4]]
[2024.09.21-16.19.56:480][  0]LogConfig: Setting CVar [[r.DetailMode:2]]
[2024.09.21-16.19.56:480][  0]LogConfig: Setting CVar [[r.TranslucencyVolumeBlur:1]]
[2024.09.21-16.19.56:480][  0]LogConfig: Setting CVar [[r.MaterialQualityLevel:1 ; High quality]]
[2024.09.21-16.19.56:480][  0]LogConfig: Setting CVar [[r.AnisotropicMaterials:1]]
[2024.09.21-16.19.56:480][  0]LogConfig: Setting CVar [[r.SSS.Scale:1]]
[2024.09.21-16.19.56:481][  0]LogConfig: Setting CVar [[r.SSS.SampleSet:2]]
[2024.09.21-16.19.56:481][  0]LogConfig: Setting CVar [[r.SSS.Quality:1]]
[2024.09.21-16.19.56:481][  0]LogConfig: Setting CVar [[r.SSS.HalfRes:0]]
[2024.09.21-16.19.56:481][  0]LogConfig: Setting CVar [[r.SSGI.Quality:3]]
[2024.09.21-16.19.56:481][  0]LogConfig: Setting CVar [[r.EmitterSpawnRateScale:1.0]]
[2024.09.21-16.19.56:481][  0]LogConfig: Setting CVar [[r.ParticleLightQuality:2]]
[2024.09.21-16.19.56:481][  0]LogConfig: Setting CVar [[r.SkyAtmosphere.AerialPerspectiveLUT.FastApplyOnOpaque:1 ; Always have FastSkyLUT 1 in this case to avoid wrong sky]]
[2024.09.21-16.19.56:482][  0]LogConfig: Setting CVar [[r.SkyAtmosphere.AerialPerspectiveLUT.SampleCountMaxPerSlice:4]]
[2024.09.21-16.19.56:482][  0]LogConfig: Setting CVar [[r.SkyAtmosphere.AerialPerspectiveLUT.DepthResolution:16.0]]
[2024.09.21-16.19.56:482][  0]LogConfig: Setting CVar [[r.SkyAtmosphere.FastSkyLUT:1]]
[2024.09.21-16.19.56:482][  0]LogConfig: Setting CVar [[r.SkyAtmosphere.FastSkyLUT.SampleCountMin:4.0]]
[2024.09.21-16.19.56:482][  0]LogConfig: Setting CVar [[r.SkyAtmosphere.FastSkyLUT.SampleCountMax:128.0]]
[2024.09.21-16.19.56:482][  0]LogConfig: Setting CVar [[r.SkyAtmosphere.SampleCountMin:4.0]]
[2024.09.21-16.19.56:482][  0]LogConfig: Setting CVar [[r.SkyAtmosphere.SampleCountMax:128.0]]
[2024.09.21-16.19.56:482][  0]LogConfig: Setting CVar [[r.SkyAtmosphere.TransmittanceLUT.UseSmallFormat:0]]
[2024.09.21-16.19.56:482][  0]LogConfig: Setting CVar [[r.SkyAtmosphere.TransmittanceLUT.SampleCount:10.0]]
[2024.09.21-16.19.56:483][  0]LogConfig: Setting CVar [[r.SkyAtmosphere.MultiScatteringLUT.SampleCount:15.0]]
[2024.09.21-16.19.56:483][  0]LogConfig: Setting CVar [[r.SkyLight.RealTimeReflectionCapture:1]]
[2024.09.21-16.19.56:483][  0]LogConfig: Applying CVar settings from Section [FoliageQuality@3] File [C:/Users/nanim/GitHub/NewNewInsectHeaven/InsectHeaven/Saved/Config/Windows/Scalability.ini]
[2024.09.21-16.19.56:483][  0]LogConfig: Setting CVar [[foliage.DensityScale:1.0]]
[2024.09.21-16.19.56:483][  0]LogConfig: Setting CVar [[grass.DensityScale:1.0]]
[2024.09.21-16.19.56:483][  0]LogConfig: Applying CVar settings from Section [ShadingQuality@3] File [C:/Users/nanim/GitHub/NewNewInsectHeaven/InsectHeaven/Saved/Config/Windows/Scalability.ini]
[2024.09.21-16.19.56:483][  0]LogConfig: Setting CVar [[r.HairStrands.SkyLighting.IntegrationType:2]]
[2024.09.21-16.19.56:483][  0]LogConfig: Setting CVar [[r.HairStrands.SkyAO.SampleCount:4]]
[2024.09.21-16.19.56:483][  0]LogConfig: Setting CVar [[r.HairStrands.Visibility.MSAA.SamplePerPixel:4]]
[2024.09.21-16.19.56:484][  0]LogConfig: Applying CVar settings from Section [Startup] File [../../../Engine/Config/ConsoleVariables.ini]
[2024.09.21-16.19.56:484][  0]LogConfig: Setting CVar [[net.UseAdaptiveNetUpdateFrequency:0]]
[2024.09.21-16.19.56:484][  0]LogConfig: Setting CVar [[p.chaos.AllowCreatePhysxBodies:1]]
[2024.09.21-16.19.56:484][  0]LogConfig: Setting CVar [[fx.SkipVectorVMBackendOptimizations:1]]
[2024.09.21-16.19.56:484][  0]LogConfig: Applying CVar settings from Section [ConsoleVariables] File [C:/Users/nanim/GitHub/NewNewInsectHeaven/InsectHeaven/Saved/Config/Windows/Engine.ini]
[2024.09.21-16.19.56:484][  0]LogConfig: Applying CVar settings from Section [ConsoleVariables] File [C:/Users/nanim/GitHub/NewNewInsectHeaven/InsectHeaven/Saved/Config/Windows/Editor.ini]
[2024.09.21-16.19.56:484][  0]LogInit: Computer: DESKTOP-NS5ONMH
[2024.09.21-16.19.56:484][  0]LogInit: User: nanim
[2024.09.21-16.19.56:485][  0]LogInit: CPU Page size=4096, Cores=12
[2024.09.21-16.19.56:485][  0]LogInit: High frequency timer resolution =10.000000 MHz
[2024.09.21-16.19.56:485][  0]LogMemory: Memory total: Physical=31.2GB (32GB approx)
[2024.09.21-16.19.56:485][  0]LogMemory: Platform Memory Stats for Windows
[2024.09.21-16.19.56:485][  0]LogMemory: Process Physical Memory: 151.42 MB used, 151.43 MB peak
[2024.09.21-16.19.56:485][  0]LogMemory: Process Virtual Memory: 128.84 MB used, 128.84 MB peak
[2024.09.21-16.19.56:485][  0]LogMemory: Physical Memory: 17488.78 MB used,  14418.46 MB free, 31907.23 MB total
[2024.09.21-16.19.56:485][  0]LogMemory: Virtual Memory: 134179920.00 MB used,  37806.26 MB free, 134217728.00 MB total
[2024.09.21-16.19.56:501][  0]LogWindows: WindowsPlatformFeatures enabled
[2024.09.21-16.19.56:620][  0]LogInit: Physics initialised using underlying interface: PhysX
[2024.09.21-16.19.56:621][  0]LogInit: Using OS detected language (ko-KR).
[2024.09.21-16.19.56:621][  0]LogInit: Using OS detected locale (ko-KR).
[2024.09.21-16.19.56:626][  0]LogTextLocalizationManager: No specific localization for 'ko-KR' exists, so the 'ko' localization will be used.
[2024.09.21-16.19.56:707][  0]LogInit: Setting process to per monitor DPI aware
[2024.09.21-16.19.56:849][  0]LogWindowsTextInputMethodSystem: Display: IME system deactivated.
[2024.09.21-16.19.56:881][  0]LogSlate: New Slate User Created.  User Index 0, Is Virtual User: 0
[2024.09.21-16.19.56:881][  0]LogSlate: Slate User Registered.  User Index 0, Is Virtual User: 0
[2024.09.21-16.19.57:034][  0]LogD3D11RHI: Loaded GFSDK_Aftermath_Lib.x64.dll
[2024.09.21-16.19.57:042][  0]LogHMD: Failed to initialize OpenVR with code 110
[2024.09.21-16.19.57:043][  0]LogD3D11RHI: D3D11 min allowed feature level: 11_0
[2024.09.21-16.19.57:043][  0]LogD3D11RHI: D3D11 max allowed feature level: 11_0
[2024.09.21-16.19.57:043][  0]LogD3D11RHI: D3D11 adapters:
[2024.09.21-16.19.57:148][  0]LogD3D11RHI:    0. 'AMD Radeon RX 7900 XTX' (Feature Level 11_0)
[2024.09.21-16.19.57:148][  0]LogD3D11RHI:       24511/0/15953 MB DedicatedVideo/DedicatedSystem/SharedSystem, Outputs:2, VendorId:0x1002
[2024.09.21-16.19.57:209][  0]LogD3D11RHI:    1. 'AMD Radeon(TM) Graphics' (Feature Level 11_0)
[2024.09.21-16.19.57:209][  0]LogD3D11RHI:       485/0/15953 MB DedicatedVideo/DedicatedSystem/SharedSystem, Outputs:0, VendorId:0x1002
[2024.09.21-16.19.57:215][  0]LogD3D11RHI:    2. 'Microsoft Basic Render Driver' (Feature Level 11_0)
[2024.09.21-16.19.57:215][  0]LogD3D11RHI:       0/0/15953 MB DedicatedVideo/DedicatedSystem/SharedSystem, Outputs:0, VendorId:0x1414
[2024.09.21-16.19.57:215][  0]LogD3D11RHI: Chosen D3D11 Adapter:
[2024.09.21-16.19.57:215][  0]LogD3D11RHI:     Description : AMD Radeon RX 7900 XTX
[2024.09.21-16.19.57:215][  0]LogD3D11RHI:     VendorId    : 1002
[2024.09.21-16.19.57:215][  0]LogD3D11RHI:     DeviceId    : 744c
[2024.09.21-16.19.57:215][  0]LogD3D11RHI:     SubSysId    : e3b1002
[2024.09.21-16.19.57:215][  0]LogD3D11RHI:     Revision    : 00c8
[2024.09.21-16.19.57:216][  0]LogD3D11RHI:     DedicatedVideoMemory : 25702543360 bytes
[2024.09.21-16.19.57:216][  0]LogD3D11RHI:     DedicatedSystemMemory : 0 bytes
[2024.09.21-16.19.57:216][  0]LogD3D11RHI:     SharedSystemMemory : 16728580096 bytes
[2024.09.21-16.19.57:216][  0]LogD3D11RHI:     AdapterLuid : 0 1156923
[2024.09.21-16.19.57:221][  0]LogD3D11RHI: Creating new Direct3DDevice
[2024.09.21-16.19.57:221][  0]LogD3D11RHI:     GPU DeviceId: 0x744c (for the marketing name, search the web for "GPU Device Id")
[2024.09.21-16.19.57:221][  0]LogWindows: EnumDisplayDevices:
[2024.09.21-16.19.57:222][  0]LogWindows:    0. 'AMD Radeon RX 7900 XTX' (P:1 D:1)
[2024.09.21-16.19.57:223][  0]LogWindows:    1. 'AMD Radeon RX 7900 XTX' (P:0 D:1)
[2024.09.21-16.19.57:224][  0]LogWindows:    2. 'AMD Radeon RX 7900 XTX' (P:0 D:0)
[2024.09.21-16.19.57:224][  0]LogWindows:    3. 'AMD Radeon RX 7900 XTX' (P:0 D:0)
[2024.09.21-16.19.57:225][  0]LogWindows:    4. 'AMD Radeon RX 7900 XTX' (P:0 D:0)
[2024.09.21-16.19.57:226][  0]LogWindows:    5. 'AMD Radeon(TM) Graphics' (P:0 D:0)
[2024.09.21-16.19.57:227][  0]LogWindows:    6. 'AMD Radeon(TM) Graphics' (P:0 D:0)
[2024.09.21-16.19.57:228][  0]LogWindows:    7. 'AMD Radeon(TM) Graphics' (P:0 D:0)
[2024.09.21-16.19.57:228][  0]LogWindows:    8. 'AMD Radeon(TM) Graphics' (P:0 D:0)
[2024.09.21-16.19.57:229][  0]LogWindows:    9. 'AMD Radeon(TM) Graphics' (P:0 D:0)
[2024.09.21-16.19.57:230][  0]LogWindows: DebugString: PrimaryIsNotTheChoosenAdapter PrimaryIsNotTheChoosenAdapter PrimaryIsNotTheChoosenAdapter PrimaryIsNotTheChoosenAdapter PrimaryIsNotTheChoosenAdapter FoundDriverCount:5 
[2024.09.21-16.19.57:230][  0]LogD3D11RHI:     Adapter Name: AMD Radeon RX 7900 XTX
[2024.09.21-16.19.57:230][  0]LogD3D11RHI:   Driver Version: AMD Software: Adrenalin Edition 24.8.1 (internal:32.0.11037.4004, unified:32.0.11037.4004)
[2024.09.21-16.19.57:230][  0]LogD3D11RHI:      Driver Date: 8-23-2024
[2024.09.21-16.19.57:230][  0]LogRHI: Texture pool is 16620 MB (70% of 23743 MB)
[2024.09.21-16.19.57:285][  0]LogD3D11RHI: Creating D3DDevice with AMD AGS, using adapter:
[2024.09.21-16.19.57:286][  0]LogD3D11RHI:     Description : AMD Radeon RX 7900 XTX
[2024.09.21-16.19.57:286][  0]LogD3D11RHI:     VendorId    : 1002
[2024.09.21-16.19.57:286][  0]LogD3D11RHI:     DeviceId    : 744c
[2024.09.21-16.19.57:286][  0]LogD3D11RHI:     SubSysId    : e3b1002
[2024.09.21-16.19.57:286][  0]LogD3D11RHI:     Revision    : 00c8
[2024.09.21-16.19.57:286][  0]LogD3D11RHI:     DedicatedVideoMemory : 25702543360 bytes
[2024.09.21-16.19.57:286][  0]LogD3D11RHI:     DedicatedSystemMemory : 0 bytes
[2024.09.21-16.19.57:286][  0]LogD3D11RHI:     SharedSystemMemory : 16728580096 bytes
[2024.09.21-16.19.57:286][  0]LogD3D11RHI:     AdapterLuid : 0 1156923
[2024.09.21-16.19.57:356][  0]LogD3D11RHI: Created device via AGS, feature level 11_0, supported extensions 1fffffbf.
[2024.09.21-16.19.57:356][  0]LogD3D11RHI: RHI has support for 64 bit atomics
[2024.09.21-16.19.57:356][  0]LogD3D11RHI: Async texture creation enabled
[2024.09.21-16.19.57:356][  0]LogD3D11RHI: Array index from any shader is supported
[2024.09.21-16.19.57:368][  0]LogD3D11RHI: GPU Timing Frequency: 100.000000 (Debug: 2 1)
[2024.09.21-16.19.57:611][  0]LogTargetPlatformManager: Display: Loaded TargetPlatform 'AllDesktop'
[2024.09.21-16.19.57:632][  0]LogTargetPlatformManager: Display: Loaded TargetPlatform 'Android'
[2024.09.21-16.19.57:632][  0]LogTargetPlatformManager: Display: Loaded TargetPlatform 'Android_ASTC'
[2024.09.21-16.19.57:633][  0]LogTargetPlatformManager: Display: Loaded TargetPlatform 'Android_DXT'
[2024.09.21-16.19.57:633][  0]LogTargetPlatformManager: Display: Loaded TargetPlatform 'Android_ETC2'
[2024.09.21-16.19.57:633][  0]LogTargetPlatformManager: Display: Loaded TargetPlatform 'AndroidClient'
[2024.09.21-16.19.57:633][  0]LogTargetPlatformManager: Display: Loaded TargetPlatform 'Android_ASTCClient'
[2024.09.21-16.19.57:633][  0]LogTargetPlatformManager: Display: Loaded TargetPlatform 'Android_DXTClient'
[2024.09.21-16.19.57:633][  0]LogTargetPlatformManager: Display: Loaded TargetPlatform 'Android_ETC2Client'
[2024.09.21-16.19.57:633][  0]LogTargetPlatformManager: Display: Loaded TargetPlatform 'Android_Multi'
[2024.09.21-16.19.57:633][  0]LogTargetPlatformManager: Display: Loaded TargetPlatform 'Android_MultiClient'
[2024.09.21-16.19.57:664][  0]LogTargetPlatformManager: Display: Loaded TargetPlatform 'IOSClient'
[2024.09.21-16.19.57:664][  0]LogTargetPlatformManager: Display: Loaded TargetPlatform 'IOS'
[2024.09.21-16.19.57:677][  0]LogTargetPlatformManager: Display: Loaded TargetPlatform 'Linux'
[2024.09.21-16.19.57:685][  0]LogTargetPlatformManager: Display: Loaded TargetPlatform 'LinuxNoEditor'
[2024.09.21-16.19.57:694][  0]LogTargetPlatformManager: Display: Loaded TargetPlatform 'LinuxClient'
[2024.09.21-16.19.57:702][  0]LogTargetPlatformManager: Display: Loaded TargetPlatform 'LinuxServer'
[2024.09.21-16.19.57:714][  0]LogTargetPlatformManager: Display: Loaded TargetPlatform 'LinuxAArch64NoEditor'
[2024.09.21-16.19.57:722][  0]LogTargetPlatformManager: Display: Loaded TargetPlatform 'LinuxAArch64Client'
[2024.09.21-16.19.57:731][  0]LogTargetPlatformManager: Display: Loaded TargetPlatform 'LinuxAArch64Server'
[2024.09.21-16.19.57:754][  0]LogTargetPlatformManager: Display: Loaded TargetPlatform 'Lumin'
[2024.09.21-16.19.57:754][  0]LogTargetPlatformManager: Display: Loaded TargetPlatform 'LuminClient'
[2024.09.21-16.19.57:766][  0]LogTargetPlatformManager: Display: Loaded TargetPlatform 'MacNoEditor'
[2024.09.21-16.19.57:775][  0]LogTargetPlatformManager: Display: Loaded TargetPlatform 'Mac'
[2024.09.21-16.19.57:783][  0]LogTargetPlatformManager: Display: Loaded TargetPlatform 'MacClient'
[2024.09.21-16.19.57:790][  0]LogTargetPlatformManager: Display: Loaded TargetPlatform 'MacServer'
[2024.09.21-16.19.57:804][  0]LogTargetPlatformManager: Display: Loaded TargetPlatform 'TVOSClient'
[2024.09.21-16.19.57:804][  0]LogTargetPlatformManager: Display: Loaded TargetPlatform 'TVOS'
[2024.09.21-16.19.57:815][  0]LogTargetPlatformManager: Display: Loaded TargetPlatform 'WindowsNoEditor'
[2024.09.21-16.19.57:824][  0]LogTargetPlatformManager: Display: Loaded TargetPlatform 'Windows'
[2024.09.21-16.19.57:832][  0]LogTargetPlatformManager: Display: Loaded TargetPlatform 'WindowsClient'
[2024.09.21-16.19.57:840][  0]LogTargetPlatformManager: Display: Loaded TargetPlatform 'WindowsServer'
[2024.09.21-16.19.57:840][  0]LogTargetPlatformManager: Display: Building Assets For Windows
[2024.09.21-16.19.57:871][  0]LogAudioDebug: Display: Lib vorbis DLL was dynamically loaded.
[2024.09.21-16.19.57:976][  0]LogTextureFormatOodle: Display: Oodle Texture 2.9.0 init RDO Off
[2024.09.21-16.19.58:063][  0]LogRendererCore: Ray tracing is disabled. Reason: r.RayTracing=0.
[2024.09.21-16.19.58:063][  0]LogShaderCompilers: Guid format shader working directory is -20 characters bigger than the processId version (../../../../../Users/nanim/GitHub/NewNewInsectHeaven/InsectHeaven/Intermediate/Shaders/WorkingDirectory/10720/).
[2024.09.21-16.19.58:064][  0]LogShaderCompilers: Cleaned the shader compiler working directory 'C:/Users/nanim/AppData/Local/Temp/UnrealShaderWorkingDir/FAD0B72144F5A0A0B782049CAB24869F/'.
[2024.09.21-16.19.58:064][  0]LogXGEController: Cannot use XGE Controller as Incredibuild is not installed on this machine.
[2024.09.21-16.19.58:064][  0]LogShaderCompilers: Cannot use XGE Shader Compiler as Incredibuild is not installed on this machine.
[2024.09.21-16.19.58:064][  0]LogShaderCompilers: Display: Using Local Shader Compiler.
[2024.09.21-16.19.58:513][  0]LogDerivedDataCache: Display: Max Cache Size: 512 MB
[2024.09.21-16.19.58:550][  0]LogDerivedDataCache: Loaded boot cache 0.04s 96MB C:/Users/nanim/AppData/Local/UnrealEngine/4.27/DerivedDataCache/Boot.ddc.
[2024.09.21-16.19.58:550][  0]LogDerivedDataCache: Display: Loaded Boot cache: C:/Users/nanim/AppData/Local/UnrealEngine/4.27/DerivedDataCache/Boot.ddc
[2024.09.21-16.19.58:551][  0]LogDerivedDataCache: FDerivedDataBackendGraph:  Pak pak cache file ../../../../../Users/nanim/GitHub/NewNewInsectHeaven/InsectHeaven/DerivedDataCache/DDC.ddp not found, will not use a pak cache.
[2024.09.21-16.19.58:551][  0]LogDerivedDataCache: Unable to find inner node Pak for hierarchical cache Hierarchy.
[2024.09.21-16.19.58:551][  0]LogDerivedDataCache: FDerivedDataBackendGraph:  CompressedPak pak cache file ../../../../../Users/nanim/GitHub/NewNewInsectHeaven/InsectHeaven/DerivedDataCache/Compressed.ddp not found, will not use a pak cache.
[2024.09.21-16.19.58:551][  0]LogDerivedDataCache: Unable to find inner node CompressedPak for hierarchical cache Hierarchy.
[2024.09.21-16.19.58:563][  0]LogDerivedDataCache: Display: Pak cache opened for reading ../../../Engine/DerivedDataCache/Compressed.ddp.
[2024.09.21-16.19.58:563][  0]LogDerivedDataCache: FDerivedDataBackendGraph:  EnterprisePak pak cache file ../../../Enterprise/DerivedDataCache/Compressed.ddp not found, will not use a pak cache.
[2024.09.21-16.19.58:563][  0]LogDerivedDataCache: Unable to find inner node EnterprisePak for hierarchical cache Hierarchy.
[2024.09.21-16.19.58:572][  0]LogDerivedDataCache: Speed tests for C:/Users/nanim/AppData/Local/UnrealEngine/Common/DerivedDataCache took 0.01 seconds
[2024.09.21-16.19.58:572][  0]LogDerivedDataCache: Display: Performance to C:/Users/nanim/AppData/Local/UnrealEngine/Common/DerivedDataCache: Latency=0.04ms. RandomReadSpeed=730.25MBs, RandomWriteSpeed=140.28MBs. Assigned SpeedClass 'Local'
[2024.09.21-16.19.58:573][  0]LogDerivedDataCache: Using Local data cache path C:/Users/nanim/AppData/Local/UnrealEngine/Common/DerivedDataCache: Writable
[2024.09.21-16.19.58:573][  0]LogDerivedDataCache: Shared data cache path not found in *engine.ini, will not use an Shared cache.
[2024.09.21-16.19.58:573][  0]LogDerivedDataCache: Unable to find inner node Shared for hierarchical cache Hierarchy.
[2024.09.21-16.19.58:600][  0]LogSlate: Using FreeType 2.10.0
[2024.09.21-16.19.58:600][  0]LogSlate: SlateFontServices - WITH_FREETYPE: 1, WITH_HARFBUZZ: 1
[2024.09.21-16.19.58:623][  0]LogAssetRegistry: FAssetRegistry took 0.0026 seconds to start up
[2024.09.21-16.19.58:765][  0]LogInit: Selected Device Profile: [Windows]
[2024.09.21-16.19.58:766][  0]LogInit: Active device profile: [00000212390FD400][00000212384109C0 49] Windows
[2024.09.21-16.19.58:766][  0]LogInit: Profiles: [00000212390FD400][00000212384109C0 49] Windows, [00000212390AB100][0000021238418B40 49] WindowsNoEditor, [00000212390FCF00][000002123841CCC0 49] WindowsServer, [00000212390A9300][0000021238420E40 49] WindowsClient, [0000021239087F00][0000021238424FC0 49] IOS, [00000212390FD800][0000021238429140 49] iPadAir, [00000212390A8200][000002123842D2C0 49] iPadAir2, [000002123903C400][0000021238435580 49] IPadPro, [000002123903C500][00000212384315C0 49] iPadAir3, [0000021239085800][0000021238439740 49] iPadAir4, [000002123903F000][000002123843D8C0 49] iPadMini2, [0000021239087100][0000021238441A40 49] iPadMini3, [000002123903D200][0000021238445BC0 49] iPadMini4, [00000212390AA000][00000212384481C0 49] iPadMini5, [000002123903BC00][0000021239460480 49] iPhone6, [000002123903BD00][000002123844C4C0 49] iPodTouch6, [000002123903DF00][0000021238414740 49] iPhone7, [000002123903C100][0000021239464780 49] iPodTouch7, [0000021239038300][00000212394688C0 49] iPhone5S, [0000021239084D00][000002123946CA00 49] iPhone6Plus, [000002123903EC00][0000021239470B40 49] iPhone6S, [0000021239086300][0000021239478CC0 49] iPhone6SPlus, [000002123903D100][000002123947CE40 49] iPhone7Plus, [0000021239084B00][0000021239480FC0 49] iPhoneSE, [000002123903C300][0000021239485140 49] iPhone8, [0000021239086C00][00000212394892C0 49] iPhone8Plus, [000002123903DC00][000002123948D440 49] iPhoneX, [0000021239087C00][00000212394915C0 49] iPhoneXS, [000002123903CC00][0000021239495740 49] iPhoneXSMax, [0000021239084400][00000212394998C0 49] iPhoneXR, [000002123903E900][000002123949DA40 49] iPhone11, [0000021239087A00][00000212394A1BC0 49] iPhone11Pro, [000002123903E600][00000212394A41C0 49] iPhone11ProMax, [0000021239085700][00000212394A8340 49] iPhoneSE2, [000002123903C800][00000212394AC4C0 49] iPhone12Mini, [0000021239084500][00000212394B0640 49] iPhone12, [000002123903E800][00000212394B47C0 49] iPhone12Pro, [0000021239086100][00000212394B8940 49] iPhone12ProMax, [000002123903DD00][0000021239474A80 49] iPadPro105, [0000021239087D00][00000212394BCBC0 49] iPadPro129, [000002123903D000][00000212394C0D00 49] iPadPro97, [0000021239084100][00000212394C8E80 49] iPadPro2_129, [000002123903D300][00000212394CD000 49] iPad5, [0000021239084300][00000212394D1180 49] iPad6, [000002123903DB00][00000212394D5300 49] iPad7, [0000021239086B00][00000212394ED480 49] iPad8, [000002123903E000][00000212394F9600 49] iPadPro11, [0000021239085C00][000002123952D780 49] iPadPro2_11, [000002123903CD00][0000021239531900 49] iPadPro3_129, [0000021239085400][0000021239535A80 49] iPadPro4_129, [000002123903ED00][0000021239575C00 49] AppleTV, [0000021239085E00][00000212395C4200 49] AppleTV4K, [000002123903F400][00000212395C8380 49] TVOS, [0000021239084900][00000212395CC500 49] Mac, [000002123903EB00][0000021239654680 49] MacClient, [0000021239085000][000002123965C800 49] MacNoEditor, [000002123903C200][0000021239660980 49] MacServer, [0000021239085A00][0000021239664B00 49] Linux, [000002123903FE00][00000212394C4C40 49] LinuxAArch64, [0000021239085500][0000021239668D80 49] LinuxNoEditor, [000002123903CE00][000002123966CEC0 49] LinuxAArch64NoEditor, [0000021239087400][0000021239675040 49] LinuxClient, [000002123903D800][00000212396791C0 49] LinuxAArch64Client, [0000021239087500][000002123967D340 49] LinuxServer, [000002123903FB00][00000212396814C0 49] LinuxAArch64Server, [0000021239084C00][000002122E4B1640 49] Android, [000002123903F600][000002122E4B97C0 49] Android_Low, [00000212390FF200][000002122E891940 49] Android_Mid, [0000021239038B00][0000021207F39AC0 49] Android_High, [00000212390FD200][0000021207F3C0C0 49] Android_Default, [0000021239039000][0000021207F40240 49] Android_Adreno4xx, [00000212390FE300][0000021207F443C0 49] Android_Adreno5xx_Low, [0000021239039A00][0000021239852540 49] Android_Adreno5xx, [00000212390FF300][000002122E5086C0 49] Android_Adreno6xx, [000002123903A600][000002122E50C840 49] Android_Adreno6xx_Vulkan, [00000212390FEC00][000002122E5149C0 49] Android_Mali_T6xx, [0000021239039F00][000002123A47EB40 49] Android_Mali_T7xx, [00000212390FED00][000002123A482CC0 49] Android_Mali_T8xx, [000002123903B900][0000021239670E00 49] Android_Mali_G71, [00000212390FC100][000002122E520F40 49] Android_Mali_G72, [000002123903A200][000002123956F080 49] Android_Mali_G72_Vulkan, [00000212390FFA00][000002122E5251C0 49] Android_Mali_G76, [000002123903AC00][000002123963D340 49] Android_Mali_G76_Vulkan, [00000212390FD300][00000212396414C0 49] Android_Mali_G77, [0000021239039B00][0000021239645640 49] Android_Mali_G77_Vulkan, [00000212390FCD00][00000212396497C0 49] Android_Mali_G78, [0000021239039600][000002123964D940 49] Android_Mali_G78_Vulkan, [00000212390FC800][0000021239651AC0 49] Android_Mali_G710, [0000021239039400][000002122E8700C0 49] Android_Mali_G710_Vulkan, [00000212390FF100][000002122E874240 49] Android_Vulkan_SM5, [000002123903A300][000002122E8783C0 49] Android_PowerVR_G6xxx, [00000212390FCC00][000002122E87C540 49] Android_PowerVR_GT7xxx, [000002123903DA00][000002122E8806C0 49] Android_PowerVR_GE8xxx, [00000212390FF000][000002122E884840 49] Android_PowerVR_GM9xxx, [000002123903DE00][000002122E8889C0 49] Android_PowerVR_GM9xxx_Vulkan, [00000212390FE000][000002122E88CB40 49] Android_TegraK1, [000002123903FA00][000002122E150CC0 49] Android_Unknown_Vulkan, [00000212390FD900][000002122E154E40 49] Lumin, [000002123903C700][0000021239638F80 49] Lumin_Desktop, [00000212390FEF00][000002122E15D0C0 49] HoloLens, 
[2024.09.21-16.19.58:906][  0]LogMeshReduction: Using QuadricMeshReduction for automatic static mesh reduction
[2024.09.21-16.19.58:906][  0]LogMeshReduction: Using SimplygonMeshReduction for automatic skeletal mesh reduction
[2024.09.21-16.19.58:906][  0]LogMeshReduction: Using ProxyLODMeshReduction for automatic mesh merging
[2024.09.21-16.19.58:906][  0]LogMeshReduction: No distributed automatic mesh merging module available
[2024.09.21-16.19.58:907][  0]LogMeshMerging: No distributed automatic mesh merging module available
[2024.09.21-16.19.58:925][  0]LogNetVersion: InsectHeaven 1.0.0, NetCL: 17155196, EngineNetVer: 17, GameNetVer: 0 (Checksum: 3375795940)
[2024.09.21-16.19.59:163][  0]LogTexture: Default maximum texture size for cubemaps generated from long-lat sources has been changed from 512 to unlimited. In order to preserve old behaiour for '/Engine/MapTemplates/Sky/DaylightAmbientCubemap.DaylightAmbientCubemap', its maximum texture size has been explicitly set to 512.
[2024.09.21-16.19.59:196][  0]LogHMD: PokeAHoleMaterial loaded successfully
[2024.09.21-16.19.59:200][  0]LogUObjectArray: 17178 objects as part of root set at end of initial load.
[2024.09.21-16.19.59:201][  0]LogUObjectAllocator: 4302048 out of 0 bytes used by permanent object pool.
[2024.09.21-16.19.59:201][  0]LogUObjectArray: CloseDisregardForGC: 0/0 objects in disregard for GC pool
[2024.09.21-16.19.59:811][  0]LogNiagaraDebuggerClient: Niagara Debugger Client Initialized | Session: 53F6D6C74BF4354682C590AC4B1C0197 | Instance: 1CF168464D919676DF118AAC53332D61 (DESKTOP-NS5ONMH-10720).
[2024.09.21-16.20.00:079][  0]LogPython: Using Python 3.7.7
[2024.09.21-16.20.00:388][  0]LogTcpMessaging: Initializing TcpMessaging bridge
[2024.09.21-16.20.00:399][  0]LogUdpMessaging: Initializing bridge on interface 0.0.0.0:0 to multicast group 230.0.0.1:6666.
[2024.09.21-16.20.01:261][  0]SourceControl: 소스 컨트롤이 꺼졌습니다.
[2024.09.21-16.20.01:261][  0]SourceControl: 소스 컨트롤이 꺼졌습니다.
[2024.09.21-16.20.01:270][  0]SourceControl: 소스 컨트롤이 꺼졌습니다.
[2024.09.21-16.20.01:279][  0]SourceControl: 소스 컨트롤이 꺼졌습니다.
[2024.09.21-16.20.01:299][  0]SourceControl: 소스 컨트롤이 꺼졌습니다.
[2024.09.21-16.20.01:307][  0]LogUProjectInfo: Found projects:
[2024.09.21-16.20.01:790][  0]LogOpenImageDenoise: OIDN starting up
[2024.09.21-16.20.01:824][  0]LogAndroidPermission: UAndroidPermissionCallbackProxy::GetInstance
[2024.09.21-16.20.01:880][  0]LogAudioCaptureCore: Display: No Audio Capture implementations found. Audio input will be silent.
[2024.09.21-16.20.01:880][  0]LogAudioCaptureCore: Display: No Audio Capture implementations found. Audio input will be silent.
[2024.09.21-16.20.02:083][  0]LogCollectionManager: Loaded 0 collections in 0.001482 seconds
[2024.09.21-16.20.02:190][  0]LogFileCache: Scanning file cache for directory 'C:/Users/nanim/GitHub/NewNewInsectHeaven/InsectHeaven/Saved/Collections/' took 0.00s
[2024.09.21-16.20.02:190][  0]LogFileCache: Scanning file cache for directory 'C:/Users/nanim/GitHub/NewNewInsectHeaven/InsectHeaven/Content/Developers/nanim/Collections/' took 0.00s
[2024.09.21-16.20.02:190][  0]LogFileCache: Scanning file cache for directory 'C:/Users/nanim/GitHub/NewNewInsectHeaven/InsectHeaven/Content/Collections/' took 0.00s
[2024.09.21-16.20.02:190][  0]LogOcInput: OculusInput pre-init called
[2024.09.21-16.20.02:385][  0]LogClass: Display: IntProperty FCharacter_2D::Name is not initialized properly. Module:InsectHeaven File:Table/DataStruct/Character_2D.h
[2024.09.21-16.20.02:385][  0]LogClass: Display: IntProperty FCharacter_2D::ImageID is not initialized properly. Module:InsectHeaven File:Table/DataStruct/Character_2D.h
[2024.09.21-16.20.02:385][  0]LogClass: Warning: ObjectProperty FDialogueClip::formerAction is not initialized properly. Module:InsectHeaven File:Library/Dialogue/DialogueEditToolWidget.h
[2024.09.21-16.20.02:385][  0]LogClass: Warning: ObjectProperty FDialogueClip::nowAction is not initialized properly. Module:InsectHeaven File:Library/Dialogue/DialogueEditToolWidget.h
[2024.09.21-16.20.02:385][  0]LogClass: Display: IntProperty FResource_Widget::PathFile is not initialized properly. Module:InsectHeaven File:Table/DataStruct/Resource_Widget.h
[2024.09.21-16.20.02:386][  0]LogClass: Display: IntProperty FScript_Local::Test is not initialized properly. Module:InsectHeaven File:Table/DataStruct/Script_Local.h
[2024.09.21-16.20.02:386][  0]LogClass: Display: 6 Uninitialized script struct members found including 2 object properties
[2024.09.21-16.20.02:387][  0]LogAutomationTest: Warning: ObjectProperty FDialogueClip::formerAction is not initialized properly. Module:InsectHeaven File:Library/Dialogue/DialogueEditToolWidget.h
[2024.09.21-16.20.02:387][  0]LogAutomationTest: Warning: ObjectProperty FDialogueClip::nowAction is not initialized properly. Module:InsectHeaven File:Library/Dialogue/DialogueEditToolWidget.h
[2024.09.21-16.20.02:387][  0]LogEngine: Initializing Engine...
[2024.09.21-16.20.02:395][  0]LogHMD: Failed to enumerate extensions. Please check that you have a valid OpenXR runtime installed.
[2024.09.21-16.20.02:395][  0]LogHMD: Failed to initialize OpenVR with code 110
[2024.09.21-16.20.02:395][  0]LogMagicLeap: Warning: VR disabled because ZI is not enabled.  To enable, in the editor, Edit -> Project Settings -> Plugins -> Magic Leap Plugin -> Enable Zero Iteration
[2024.09.21-16.20.02:396][  0]LogStats: UGameplayTagsManager::InitializeManager -  0.000 s
[2024.09.21-16.20.02:466][  0]LogInit: Initializing FReadOnlyCVARCache
[2024.09.21-16.20.02:479][  0]LogAIModule: Creating AISystem for world Untitled
[2024.09.21-16.20.02:480][  0]LogAudio: Display: Initializing Audio Device Manager...
[2024.09.21-16.20.02:488][  0]LogAudio: Display: Loading Default Audio Settings Objects...
[2024.09.21-16.20.02:489][  0]LogAudio: Display: No default SoundConcurrencyObject specified (or failed to load).
[2024.09.21-16.20.02:489][  0]LogAudio: Display: Audio Device Manager Initialized
[2024.09.21-16.20.02:489][  0]LogAudio: Display: Creating Audio Device:                 Id: 1, Scope: Shared, Realtime: True
[2024.09.21-16.20.02:490][  0]LogAudioMixer: Display: Audio Mixer Platform Settings:
[2024.09.21-16.20.02:490][  0]LogAudioMixer: Display: 	Sample Rate:						  48000
[2024.09.21-16.20.02:490][  0]LogAudioMixer: Display: 	Callback Buffer Frame Size Requested: 1024
[2024.09.21-16.20.02:490][  0]LogAudioMixer: Display: 	Callback Buffer Frame Size To Use:	  1024
[2024.09.21-16.20.02:490][  0]LogAudioMixer: Display: 	Number of buffers to queue:			  2
[2024.09.21-16.20.02:490][  0]LogAudioMixer: Display: 	Max Channels (voices):				  32
[2024.09.21-16.20.02:490][  0]LogAudioMixer: Display: 	Number of Async Source Workers:		  0
[2024.09.21-16.20.02:490][  0]LogAudio: Display: AudioDevice MaxSources: 32
[2024.09.21-16.20.02:491][  0]LogAudio: Display: Audio Spatialization Plugin: None (built-in).
[2024.09.21-16.20.02:491][  0]LogAudio: Display: Audio Reverb Plugin: None (built-in).
[2024.09.21-16.20.02:491][  0]LogAudio: Display: Audio Occlusion Plugin: None (built-in).
[2024.09.21-16.20.02:491][  0]LogAudioMixer: Display: Initializing audio mixer.
[2024.09.21-16.20.02:530][  0]LogAudioMixer: Display: 0: FrontLeft
[2024.09.21-16.20.02:530][  0]LogAudioMixer: Display: 1: FrontRight
[2024.09.21-16.20.02:574][  0]LogAudioMixer: Display: Using Audio Device 스피커(ABKO N550)
[2024.09.21-16.20.02:576][  0]LogAudioMixer: Display: Initializing Sound Submixes...
[2024.09.21-16.20.02:578][  0]LogAudioMixer: Display: Creating Master Submix 'MasterSubmixDefault'
[2024.09.21-16.20.02:578][  0]LogAudioMixer: Display: Creating Master Submix 'MasterReverbSubmixDefault'
[2024.09.21-16.20.02:578][  0]LogAudioMixer: Display: Creating Master Submix 'MasterEQSubmixDefault'
[2024.09.21-16.20.02:578][  0]LogAudioMixer: FMixerPlatformXAudio2::StartAudioStream() called
[2024.09.21-16.20.02:578][  0]LogAudioMixer: Display: Output buffers initialized: Frames=1024, Channels=2, Samples=2048
[2024.09.21-16.20.02:579][  0]LogAudioMixer: Display: Starting AudioMixerPlatformInterface::RunInternal()
[2024.09.21-16.20.02:579][  0]LogAudioMixer: Display: FMixerPlatformXAudio2::SubmitBuffer() called for the first time
[2024.09.21-16.20.02:579][  0]LogInit: FAudioDevice initialized.
[2024.09.21-16.20.02:580][  0]LogAudio: Display: Audio Device (ID: 1) registered with world 'Untitled'.
[2024.09.21-16.20.02:580][  0]LogNetVersion: Set ProjectVersion to 1.0.0.0. Version Checksum will be recalculated on next use.
[2024.09.21-16.20.03:283][  0]LogDerivedDataCache: Saved boot cache 0.70s 94MB C:/Users/nanim/AppData/Local/UnrealEngine/4.27/DerivedDataCache/Boot.ddc.
[2024.09.21-16.20.03:284][  0]LogInit: Texture streaming: Enabled
[2024.09.21-16.20.03:309][  0]LogAnalytics: Display: [UEEditor.Rocket.Release] APIServer = https://datarouter.ol.epicgames.com/. AppVersion = 4.27.2-18319896+++UE4+Release-4.27
[2024.09.21-16.20.03:320][  0]LogEngineSessionManager: EngineSessionManager initialized
[2024.09.21-16.20.03:320][  0]LogEngineSessionManager: EngineSessionManager sent abnormal shutdown report. Type=Debugger, SessionId={5F4DF4EF-416A-F89C-7674-4186CD1DB2BF}
[2024.09.21-16.20.03:320][  0]LogEditorSessionSummary: Verbose: Initializing EditorSessionSummaryWriter for editor session tracking
[2024.09.21-16.20.03:324][  0]LogEditorSessionSummary: EditorSessionSummaryWriter initialized
[2024.09.21-16.20.03:352][  0]LogInit: Transaction tracking system initialized
[2024.09.21-16.20.03:400][  0]BlueprintLog: New page: 에디터 로드
[2024.09.21-16.20.03:520][  0]LocalizationService: 현지화 서비스가 비활성화되었습니다.
[2024.09.21-16.20.03:581][  0]TimingProfiler: Initialize
[2024.09.21-16.20.03:581][  0]TimingProfiler: OnSessionChanged
[2024.09.21-16.20.03:581][  0]LoadingProfiler: Initialize
[2024.09.21-16.20.03:582][  0]LoadingProfiler: OnSessionChanged
[2024.09.21-16.20.03:582][  0]NetworkingProfiler: Initialize
[2024.09.21-16.20.03:582][  0]NetworkingProfiler: OnSessionChanged
[2024.09.21-16.20.03:582][  0]MemoryProfiler: Initialize
[2024.09.21-16.20.03:582][  0]MemoryProfiler: OnSessionChanged
[2024.09.21-16.20.03:753][  0]LogCook: Display: CookSettings for Memory: MemoryMaxUsedVirtual 0MiB, MemoryMaxUsedPhysical 16384MiB, MemoryMinFreeVirtual 0MiB, MemoryMinFreePhysical 1024MiB
[2024.09.21-16.20.03:753][  0]LogCook: Display: Mobile HDR setting 1
[2024.09.21-16.20.04:150][  0]LogFileCache: Scanning file cache for directory 'C:/Users/nanim/GitHub/NewNewInsectHeaven/InsectHeaven/Content/' took 0.01s
[2024.09.21-16.20.04:273][  0]LogInit: Display: Engine is initialized. Leaving FEngineLoop::Init()
[2024.09.21-16.20.04:277][  0]SourceControl: 소스 컨트롤이 꺼졌습니다.
[2024.09.21-16.20.04:277][  0]LogUnrealEdMisc: Loading editor; pre map load, took 9.577
[2024.09.21-16.20.04:277][  0]Cmd: MAP LOAD FILE="../../../../../Users/nanim/GitHub/NewNewInsectHeaven/InsectHeaven/Content/Scene/EmptyMainLevel.umap" TEMPLATE=0 SHOWPROGRESS=1 FEATURELEVEL=3
[2024.09.21-16.20.04:277][  0]LightingResults: New page: 라이팅 빌드
[2024.09.21-16.20.04:278][  0]LogWorld: UWorld::CleanupWorld for Untitled, bSessionEnded=true, bCleanupResources=true
[2024.09.21-16.20.04:279][  0]LogSlate: InvalidateAllWidgets triggered.  All widgets were invalidated
[2024.09.21-16.20.04:279][  0]MapCheck: New page: 맵 체크
[2024.09.21-16.20.04:279][  0]LightingResults: New page: 라이팅 빌드
[2024.09.21-16.20.04:282][  0]LogAudio: Display: Audio Device unregistered from world 'None'.
[2024.09.21-16.20.04:285][  0]LogUObjectHash: Compacting FUObjectHashTables data took   0.48ms
[2024.09.21-16.20.04:288][  0]LogAudio: Display: Audio Device (ID: 1) registered with world 'EmptyMainLevel'.
[2024.09.21-16.20.04:288][  0]LogAIModule: Creating AISystem for world EmptyMainLevel
[2024.09.21-16.20.04:289][  0]LogEditorServer: Finished looking for orphan Actors (0.000 secs)
[2024.09.21-16.20.04:292][  0]LogUObjectHash: Compacting FUObjectHashTables data took   0.34ms
[2024.09.21-16.20.04:292][  0]Cmd: MAP CHECKDEP NOCLEARLOG
[2024.09.21-16.20.04:293][  0]MapCheck: 맵 체크 완료: 오류 0 회, 경고 0 회, 소요 시간 0.154ms.
[2024.09.21-16.20.04:293][  0]LogFileHelpers: Loading map 'EmptyMainLevel' took 0.016
[2024.09.21-16.20.04:296][  0]LogUnrealEdMisc: Total Editor Startup Time, took 9.597
[2024.09.21-16.20.04:437][  0]LogSlate: Updating window title bar state: overlay mode, drag disabled, window buttons hidden, title bar hidden
[2024.09.21-16.20.04:440][  0]LogSlate: Updating window title bar state: overlay mode, drag disabled, window buttons hidden, title bar hidden
[2024.09.21-16.20.04:443][  0]LogSlate: Updating window title bar state: overlay mode, drag disabled, window buttons hidden, title bar hidden
[2024.09.21-16.20.04:445][  0]LogSlate: Updating window title bar state: overlay mode, drag disabled, window buttons hidden, title bar hidden
[2024.09.21-16.20.04:457][  0]LogNativeClassHierarchy: Verbose: Native class hierarchy populated in 0.0066 seconds. Added 3871 classes and 945 folders.
[2024.09.21-16.20.04:458][  0]LogNativeClassHierarchy: Verbose: Native class hierarchy updated for 'WidgetCarousel' in 0.0001 seconds. Added 0 classes and 0 folders.
[2024.09.21-16.20.04:460][  0]LogPakFile: PakFile PrimaryIndexSize=187
[2024.09.21-16.20.04:460][  0]LogPakFile: PakFile PathHashIndexSize=101
[2024.09.21-16.20.04:460][  0]LogPakFile: PakFile FullDirectoryIndexSize=148
[2024.09.21-16.20.04:460][  0]LogShaderLibrary: Display: ShaderCodeLibraryPakFileMountedCallback: PakFile 'C:/Program Files/UE_4.27/FeaturePacks/FP_FirstPerson.upack' (chunk index -1, root 'root:/') mounted
[2024.09.21-16.20.04:460][  0]LogShaderLibrary: Display: ShaderCodeLibraryPakFileMountedCallback: pending pak file info (ChunkID:-1 Root:root:/ File:C:/Program Files/UE_4.27/FeaturePacks/FP_FirstPerson.upack)
[2024.09.21-16.20.04:460][  0]LogPakFile: OnPakFileMounted2Time == 0.000277
[2024.09.21-16.20.04:461][  0]LogPakFile: PakFile PrimaryIndexSize=189
[2024.09.21-16.20.04:461][  0]LogPakFile: PakFile PathHashIndexSize=101
[2024.09.21-16.20.04:461][  0]LogPakFile: PakFile FullDirectoryIndexSize=152
[2024.09.21-16.20.04:461][  0]LogShaderLibrary: Display: ShaderCodeLibraryPakFileMountedCallback: PakFile 'C:/Program Files/UE_4.27/FeaturePacks/FP_FirstPersonBP.upack' (chunk index -1, root 'root:/') mounted
[2024.09.21-16.20.04:461][  0]LogShaderLibrary: Display: ShaderCodeLibraryPakFileMountedCallback: pending pak file info (ChunkID:-1 Root:root:/ File:C:/Program Files/UE_4.27/FeaturePacks/FP_FirstPersonBP.upack)
[2024.09.21-16.20.04:461][  0]LogPakFile: OnPakFileMounted2Time == 0.000220
[2024.09.21-16.20.04:462][  0]LogPakFile: PakFile PrimaryIndexSize=191
[2024.09.21-16.20.04:462][  0]LogPakFile: PakFile PathHashIndexSize=101
[2024.09.21-16.20.04:462][  0]LogPakFile: PakFile FullDirectoryIndexSize=160
[2024.09.21-16.20.04:462][  0]LogShaderLibrary: Display: ShaderCodeLibraryPakFileMountedCallback: PakFile 'C:/Program Files/UE_4.27/FeaturePacks/MobileStarterContent.upack' (chunk index -1, root 'root:/') mounted
[2024.09.21-16.20.04:462][  0]LogShaderLibrary: Display: ShaderCodeLibraryPakFileMountedCallback: pending pak file info (ChunkID:-1 Root:root:/ File:C:/Program Files/UE_4.27/FeaturePacks/MobileStarterContent.upack)
[2024.09.21-16.20.04:462][  0]LogPakFile: OnPakFileMounted2Time == 0.000217
[2024.09.21-16.20.04:463][  0]LogPakFile: PakFile PrimaryIndexSize=185
[2024.09.21-16.20.04:463][  0]LogPakFile: PakFile PathHashIndexSize=101
[2024.09.21-16.20.04:463][  0]LogPakFile: PakFile FullDirectoryIndexSize=148
[2024.09.21-16.20.04:463][  0]LogShaderLibrary: Display: ShaderCodeLibraryPakFileMountedCallback: PakFile 'C:/Program Files/UE_4.27/FeaturePacks/StarterContent.upack' (chunk index -1, root 'root:/') mounted
[2024.09.21-16.20.04:463][  0]LogShaderLibrary: Display: ShaderCodeLibraryPakFileMountedCallback: pending pak file info (ChunkID:-1 Root:root:/ File:C:/Program Files/UE_4.27/FeaturePacks/StarterContent.upack)
[2024.09.21-16.20.04:464][  0]LogPakFile: OnPakFileMounted2Time == 0.000269
[2024.09.21-16.20.04:464][  0]LogPakFile: PakFile PrimaryIndexSize=190
[2024.09.21-16.20.04:464][  0]LogPakFile: PakFile PathHashIndexSize=101
[2024.09.21-16.20.04:464][  0]LogPakFile: PakFile FullDirectoryIndexSize=154
[2024.09.21-16.20.04:465][  0]LogShaderLibrary: Display: ShaderCodeLibraryPakFileMountedCallback: PakFile 'C:/Program Files/UE_4.27/FeaturePacks/TP_2DSideScroller.upack' (chunk index -1, root 'root:/') mounted
[2024.09.21-16.20.04:465][  0]LogShaderLibrary: Display: ShaderCodeLibraryPakFileMountedCallback: pending pak file info (ChunkID:-1 Root:root:/ File:C:/Program Files/UE_4.27/FeaturePacks/TP_2DSideScroller.upack)
[2024.09.21-16.20.04:465][  0]LogPakFile: OnPakFileMounted2Time == 0.000230
[2024.09.21-16.20.04:465][  0]LogPakFile: PakFile PrimaryIndexSize=192
[2024.09.21-16.20.04:466][  0]LogPakFile: PakFile PathHashIndexSize=101
[2024.09.21-16.20.04:466][  0]LogPakFile: PakFile FullDirectoryIndexSize=158
[2024.09.21-16.20.04:466][  0]LogShaderLibrary: Display: ShaderCodeLibraryPakFileMountedCallback: PakFile 'C:/Program Files/UE_4.27/FeaturePacks/TP_2DSideScrollerBP.upack' (chunk index -1, root 'root:/') mounted
[2024.09.21-16.20.04:466][  0]LogShaderLibrary: Display: ShaderCodeLibraryPakFileMountedCallback: pending pak file info (ChunkID:-1 Root:root:/ File:C:/Program Files/UE_4.27/FeaturePacks/TP_2DSideScrollerBP.upack)
[2024.09.21-16.20.04:466][  0]LogPakFile: OnPakFileMounted2Time == 0.000313
[2024.09.21-16.20.04:467][  0]LogPakFile: PakFile PrimaryIndexSize=182
[2024.09.21-16.20.04:467][  0]LogPakFile: PakFile PathHashIndexSize=101
[2024.09.21-16.20.04:467][  0]LogPakFile: PakFile FullDirectoryIndexSize=138
[2024.09.21-16.20.04:467][  0]LogShaderLibrary: Display: ShaderCodeLibraryPakFileMountedCallback: PakFile 'C:/Program Files/UE_4.27/FeaturePacks/TP_Flying.upack' (chunk index -1, root 'root:/') mounted
[2024.09.21-16.20.04:467][  0]LogShaderLibrary: Display: ShaderCodeLibraryPakFileMountedCallback: pending pak file info (ChunkID:-1 Root:root:/ File:C:/Program Files/UE_4.27/FeaturePacks/TP_Flying.upack)
[2024.09.21-16.20.04:467][  0]LogPakFile: OnPakFileMounted2Time == 0.000236
[2024.09.21-16.20.04:468][  0]LogPakFile: PakFile PrimaryIndexSize=184
[2024.09.21-16.20.04:468][  0]LogPakFile: PakFile PathHashIndexSize=101
[2024.09.21-16.20.04:468][  0]LogPakFile: PakFile FullDirectoryIndexSize=142
[2024.09.21-16.20.04:468][  0]LogShaderLibrary: Display: ShaderCodeLibraryPakFileMountedCallback: PakFile 'C:/Program Files/UE_4.27/FeaturePacks/TP_FlyingBP.upack' (chunk index -1, root 'root:/') mounted
[2024.09.21-16.20.04:468][  0]LogShaderLibrary: Display: ShaderCodeLibraryPakFileMountedCallback: pending pak file info (ChunkID:-1 Root:root:/ File:C:/Program Files/UE_4.27/FeaturePacks/TP_FlyingBP.upack)
[2024.09.21-16.20.04:469][  0]LogPakFile: OnPakFileMounted2Time == 0.000278
[2024.09.21-16.20.04:469][  0]LogPakFile: PakFile PrimaryIndexSize=188
[2024.09.21-16.20.04:469][  0]LogPakFile: PakFile PathHashIndexSize=101
[2024.09.21-16.20.04:469][  0]LogPakFile: PakFile FullDirectoryIndexSize=150
[2024.09.21-16.20.04:470][  0]LogShaderLibrary: Display: ShaderCodeLibraryPakFileMountedCallback: PakFile 'C:/Program Files/UE_4.27/FeaturePacks/TP_HandheldARBP.upack' (chunk index -1, root 'root:/') mounted
[2024.09.21-16.20.04:470][  0]LogShaderLibrary: Display: ShaderCodeLibraryPakFileMountedCallback: pending pak file info (ChunkID:-1 Root:root:/ File:C:/Program Files/UE_4.27/FeaturePacks/TP_HandheldARBP.upack)
[2024.09.21-16.20.04:470][  0]LogPakFile: OnPakFileMounted2Time == 0.000227
[2024.09.21-16.20.04:470][  0]LogPakFile: PakFile PrimaryIndexSize=182
[2024.09.21-16.20.04:471][  0]LogPakFile: PakFile PathHashIndexSize=101
[2024.09.21-16.20.04:471][  0]LogPakFile: PakFile FullDirectoryIndexSize=138
[2024.09.21-16.20.04:471][  0]LogShaderLibrary: Display: ShaderCodeLibraryPakFileMountedCallback: PakFile 'C:/Program Files/UE_4.27/FeaturePacks/TP_Puzzle.upack' (chunk index -1, root 'root:/') mounted
[2024.09.21-16.20.04:471][  0]LogShaderLibrary: Display: ShaderCodeLibraryPakFileMountedCallback: pending pak file info (ChunkID:-1 Root:root:/ File:C:/Program Files/UE_4.27/FeaturePacks/TP_Puzzle.upack)
[2024.09.21-16.20.04:471][  0]LogPakFile: OnPakFileMounted2Time == 0.000247
[2024.09.21-16.20.04:472][  0]LogPakFile: PakFile PrimaryIndexSize=184
[2024.09.21-16.20.04:472][  0]LogPakFile: PakFile PathHashIndexSize=101
[2024.09.21-16.20.04:472][  0]LogPakFile: PakFile FullDirectoryIndexSize=142
[2024.09.21-16.20.04:472][  0]LogShaderLibrary: Display: ShaderCodeLibraryPakFileMountedCallback: PakFile 'C:/Program Files/UE_4.27/FeaturePacks/TP_PuzzleBP.upack' (chunk index -1, root 'root:/') mounted
[2024.09.21-16.20.04:472][  0]LogShaderLibrary: Display: ShaderCodeLibraryPakFileMountedCallback: pending pak file info (ChunkID:-1 Root:root:/ File:C:/Program Files/UE_4.27/FeaturePacks/TP_PuzzleBP.upack)
[2024.09.21-16.20.04:472][  0]LogPakFile: OnPakFileMounted2Time == 0.000245
[2024.09.21-16.20.04:473][  0]LogPakFile: PakFile PrimaryIndexSize=183
[2024.09.21-16.20.04:473][  0]LogPakFile: PakFile PathHashIndexSize=101
[2024.09.21-16.20.04:473][  0]LogPakFile: PakFile FullDirectoryIndexSize=140
[2024.09.21-16.20.04:473][  0]LogShaderLibrary: Display: ShaderCodeLibraryPakFileMountedCallback: PakFile 'C:/Program Files/UE_4.27/FeaturePacks/TP_Rolling.upack' (chunk index -1, root 'root:/') mounted
[2024.09.21-16.20.04:473][  0]LogShaderLibrary: Display: ShaderCodeLibraryPakFileMountedCallback: pending pak file info (ChunkID:-1 Root:root:/ File:C:/Program Files/UE_4.27/FeaturePacks/TP_Rolling.upack)
[2024.09.21-16.20.04:473][  0]LogPakFile: OnPakFileMounted2Time == 0.000224
[2024.09.21-16.20.04:474][  0]LogPakFile: PakFile PrimaryIndexSize=185
[2024.09.21-16.20.04:474][  0]LogPakFile: PakFile PathHashIndexSize=101
[2024.09.21-16.20.04:474][  0]LogPakFile: PakFile FullDirectoryIndexSize=144
[2024.09.21-16.20.04:474][  0]LogShaderLibrary: Display: ShaderCodeLibraryPakFileMountedCallback: PakFile 'C:/Program Files/UE_4.27/FeaturePacks/TP_RollingBP.upack' (chunk index -1, root 'root:/') mounted
[2024.09.21-16.20.04:474][  0]LogShaderLibrary: Display: ShaderCodeLibraryPakFileMountedCallback: pending pak file info (ChunkID:-1 Root:root:/ File:C:/Program Files/UE_4.27/FeaturePacks/TP_RollingBP.upack)
[2024.09.21-16.20.04:474][  0]LogPakFile: OnPakFileMounted2Time == 0.000208
[2024.09.21-16.20.04:475][  0]LogPakFile: PakFile PrimaryIndexSize=188
[2024.09.21-16.20.04:475][  0]LogPakFile: PakFile PathHashIndexSize=101
[2024.09.21-16.20.04:475][  0]LogPakFile: PakFile FullDirectoryIndexSize=150
[2024.09.21-16.20.04:475][  0]LogShaderLibrary: Display: ShaderCodeLibraryPakFileMountedCallback: PakFile 'C:/Program Files/UE_4.27/FeaturePacks/TP_SideScroller.upack' (chunk index -1, root 'root:/') mounted
[2024.09.21-16.20.04:475][  0]LogShaderLibrary: Display: ShaderCodeLibraryPakFileMountedCallback: pending pak file info (ChunkID:-1 Root:root:/ File:C:/Program Files/UE_4.27/FeaturePacks/TP_SideScroller.upack)
[2024.09.21-16.20.04:475][  0]LogPakFile: OnPakFileMounted2Time == 0.000251
[2024.09.21-16.20.04:476][  0]LogPakFile: PakFile PrimaryIndexSize=190
[2024.09.21-16.20.04:476][  0]LogPakFile: PakFile PathHashIndexSize=101
[2024.09.21-16.20.04:476][  0]LogPakFile: PakFile FullDirectoryIndexSize=154
[2024.09.21-16.20.04:476][  0]LogShaderLibrary: Display: ShaderCodeLibraryPakFileMountedCallback: PakFile 'C:/Program Files/UE_4.27/FeaturePacks/TP_SideScrollerBP.upack' (chunk index -1, root 'root:/') mounted
[2024.09.21-16.20.04:476][  0]LogShaderLibrary: Display: ShaderCodeLibraryPakFileMountedCallback: pending pak file info (ChunkID:-1 Root:root:/ File:C:/Program Files/UE_4.27/FeaturePacks/TP_SideScrollerBP.upack)
[2024.09.21-16.20.04:477][  0]LogPakFile: OnPakFileMounted2Time == 0.000255
[2024.09.21-16.20.04:477][  0]LogPakFile: PakFile PrimaryIndexSize=187
[2024.09.21-16.20.04:477][  0]LogPakFile: PakFile PathHashIndexSize=101
[2024.09.21-16.20.04:477][  0]LogPakFile: PakFile FullDirectoryIndexSize=148
[2024.09.21-16.20.04:477][  0]LogShaderLibrary: Display: ShaderCodeLibraryPakFileMountedCallback: PakFile 'C:/Program Files/UE_4.27/FeaturePacks/TP_ThirdPerson.upack' (chunk index -1, root 'root:/') mounted
[2024.09.21-16.20.04:478][  0]LogShaderLibrary: Display: ShaderCodeLibraryPakFileMountedCallback: pending pak file info (ChunkID:-1 Root:root:/ File:C:/Program Files/UE_4.27/FeaturePacks/TP_ThirdPerson.upack)
[2024.09.21-16.20.04:478][  0]LogPakFile: OnPakFileMounted2Time == 0.000256
[2024.09.21-16.20.04:478][  0]LogPakFile: PakFile PrimaryIndexSize=189
[2024.09.21-16.20.04:478][  0]LogPakFile: PakFile PathHashIndexSize=101
[2024.09.21-16.20.04:478][  0]LogPakFile: PakFile FullDirectoryIndexSize=152
[2024.09.21-16.20.04:479][  0]LogShaderLibrary: Display: ShaderCodeLibraryPakFileMountedCallback: PakFile 'C:/Program Files/UE_4.27/FeaturePacks/TP_ThirdPersonBP.upack' (chunk index -1, root 'root:/') mounted
[2024.09.21-16.20.04:479][  0]LogShaderLibrary: Display: ShaderCodeLibraryPakFileMountedCallback: pending pak file info (ChunkID:-1 Root:root:/ File:C:/Program Files/UE_4.27/FeaturePacks/TP_ThirdPersonBP.upack)
[2024.09.21-16.20.04:479][  0]LogPakFile: OnPakFileMounted2Time == 0.000238
[2024.09.21-16.20.04:479][  0]LogPakFile: PakFile PrimaryIndexSize=183
[2024.09.21-16.20.04:479][  0]LogPakFile: PakFile PathHashIndexSize=101
[2024.09.21-16.20.04:480][  0]LogPakFile: PakFile FullDirectoryIndexSize=140
[2024.09.21-16.20.04:480][  0]LogShaderLibrary: Display: ShaderCodeLibraryPakFileMountedCallback: PakFile 'C:/Program Files/UE_4.27/FeaturePacks/TP_TopDown.upack' (chunk index -1, root 'root:/') mounted
[2024.09.21-16.20.04:480][  0]LogShaderLibrary: Display: ShaderCodeLibraryPakFileMountedCallback: pending pak file info (ChunkID:-1 Root:root:/ File:C:/Program Files/UE_4.27/FeaturePacks/TP_TopDown.upack)
[2024.09.21-16.20.04:480][  0]LogPakFile: OnPakFileMounted2Time == 0.000270
[2024.09.21-16.20.04:481][  0]LogPakFile: PakFile PrimaryIndexSize=185
[2024.09.21-16.20.04:481][  0]LogPakFile: PakFile PathHashIndexSize=101
[2024.09.21-16.20.04:481][  0]LogPakFile: PakFile FullDirectoryIndexSize=144
[2024.09.21-16.20.04:481][  0]LogShaderLibrary: Display: ShaderCodeLibraryPakFileMountedCallback: PakFile 'C:/Program Files/UE_4.27/FeaturePacks/TP_TopDownBP.upack' (chunk index -1, root 'root:/') mounted
[2024.09.21-16.20.04:481][  0]LogShaderLibrary: Display: ShaderCodeLibraryPakFileMountedCallback: pending pak file info (ChunkID:-1 Root:root:/ File:C:/Program Files/UE_4.27/FeaturePacks/TP_TopDownBP.upack)
[2024.09.21-16.20.04:481][  0]LogPakFile: OnPakFileMounted2Time == 0.000249
[2024.09.21-16.20.04:482][  0]LogPakFile: PakFile PrimaryIndexSize=185
[2024.09.21-16.20.04:482][  0]LogPakFile: PakFile PathHashIndexSize=101
[2024.09.21-16.20.04:482][  0]LogPakFile: PakFile FullDirectoryIndexSize=144
[2024.09.21-16.20.04:482][  0]LogShaderLibrary: Display: ShaderCodeLibraryPakFileMountedCallback: PakFile 'C:/Program Files/UE_4.27/FeaturePacks/TP_TwinStick.upack' (chunk index -1, root 'root:/') mounted
[2024.09.21-16.20.04:482][  0]LogShaderLibrary: Display: ShaderCodeLibraryPakFileMountedCallback: pending pak file info (ChunkID:-1 Root:root:/ File:C:/Program Files/UE_4.27/FeaturePacks/TP_TwinStick.upack)
[2024.09.21-16.20.04:482][  0]LogPakFile: OnPakFileMounted2Time == 0.000243
[2024.09.21-16.20.04:483][  0]LogPakFile: PakFile PrimaryIndexSize=187
[2024.09.21-16.20.04:483][  0]LogPakFile: PakFile PathHashIndexSize=101
[2024.09.21-16.20.04:483][  0]LogPakFile: PakFile FullDirectoryIndexSize=148
[2024.09.21-16.20.04:483][  0]LogShaderLibrary: Display: ShaderCodeLibraryPakFileMountedCallback: PakFile 'C:/Program Files/UE_4.27/FeaturePacks/TP_TwinStickBP.upack' (chunk index -1, root 'root:/') mounted
[2024.09.21-16.20.04:483][  0]LogShaderLibrary: Display: ShaderCodeLibraryPakFileMountedCallback: pending pak file info (ChunkID:-1 Root:root:/ File:C:/Program Files/UE_4.27/FeaturePacks/TP_TwinStickBP.upack)
[2024.09.21-16.20.04:483][  0]LogPakFile: OnPakFileMounted2Time == 0.000210
[2024.09.21-16.20.04:484][  0]LogPakFile: PakFile PrimaryIndexSize=183
[2024.09.21-16.20.04:484][  0]LogPakFile: PakFile PathHashIndexSize=101
[2024.09.21-16.20.04:484][  0]LogPakFile: PakFile FullDirectoryIndexSize=140
[2024.09.21-16.20.04:484][  0]LogShaderLibrary: Display: ShaderCodeLibraryPakFileMountedCallback: PakFile 'C:/Program Files/UE_4.27/FeaturePacks/TP_Vehicle.upack' (chunk index -1, root 'root:/') mounted
[2024.09.21-16.20.04:484][  0]LogShaderLibrary: Display: ShaderCodeLibraryPakFileMountedCallback: pending pak file info (ChunkID:-1 Root:root:/ File:C:/Program Files/UE_4.27/FeaturePacks/TP_Vehicle.upack)
[2024.09.21-16.20.04:484][  0]LogPakFile: OnPakFileMounted2Time == 0.000233
[2024.09.21-16.20.04:485][  0]LogPakFile: PakFile PrimaryIndexSize=186
[2024.09.21-16.20.04:485][  0]LogPakFile: PakFile PathHashIndexSize=101
[2024.09.21-16.20.04:485][  0]LogPakFile: PakFile FullDirectoryIndexSize=146
[2024.09.21-16.20.04:485][  0]LogShaderLibrary: Display: ShaderCodeLibraryPakFileMountedCallback: PakFile 'C:/Program Files/UE_4.27/FeaturePacks/TP_VehicleAdv.upack' (chunk index -1, root 'root:/') mounted
[2024.09.21-16.20.04:485][  0]LogShaderLibrary: Display: ShaderCodeLibraryPakFileMountedCallback: pending pak file info (ChunkID:-1 Root:root:/ File:C:/Program Files/UE_4.27/FeaturePacks/TP_VehicleAdv.upack)
[2024.09.21-16.20.04:485][  0]LogPakFile: OnPakFileMounted2Time == 0.000283
[2024.09.21-16.20.04:486][  0]LogPakFile: PakFile PrimaryIndexSize=188
[2024.09.21-16.20.04:486][  0]LogPakFile: PakFile PathHashIndexSize=101
[2024.09.21-16.20.04:486][  0]LogPakFile: PakFile FullDirectoryIndexSize=150
[2024.09.21-16.20.04:486][  0]LogShaderLibrary: Display: ShaderCodeLibraryPakFileMountedCallback: PakFile 'C:/Program Files/UE_4.27/FeaturePacks/TP_VehicleAdvBP.upack' (chunk index -1, root 'root:/') mounted
[2024.09.21-16.20.04:486][  0]LogShaderLibrary: Display: ShaderCodeLibraryPakFileMountedCallback: pending pak file info (ChunkID:-1 Root:root:/ File:C:/Program Files/UE_4.27/FeaturePacks/TP_VehicleAdvBP.upack)
[2024.09.21-16.20.04:487][  0]LogPakFile: OnPakFileMounted2Time == 0.000282
[2024.09.21-16.20.04:487][  0]LogPakFile: PakFile PrimaryIndexSize=185
[2024.09.21-16.20.04:487][  0]LogPakFile: PakFile PathHashIndexSize=101
[2024.09.21-16.20.04:487][  0]LogPakFile: PakFile FullDirectoryIndexSize=144
[2024.09.21-16.20.04:488][  0]LogShaderLibrary: Display: ShaderCodeLibraryPakFileMountedCallback: PakFile 'C:/Program Files/UE_4.27/FeaturePacks/TP_VehicleBP.upack' (chunk index -1, root 'root:/') mounted
[2024.09.21-16.20.04:488][  0]LogShaderLibrary: Display: ShaderCodeLibraryPakFileMountedCallback: pending pak file info (ChunkID:-1 Root:root:/ File:C:/Program Files/UE_4.27/FeaturePacks/TP_VehicleBP.upack)
[2024.09.21-16.20.04:488][  0]LogPakFile: OnPakFileMounted2Time == 0.000202
[2024.09.21-16.20.04:488][  0]LogPakFile: PakFile PrimaryIndexSize=192
[2024.09.21-16.20.04:489][  0]LogPakFile: PakFile PathHashIndexSize=101
[2024.09.21-16.20.04:489][  0]LogPakFile: PakFile FullDirectoryIndexSize=158
[2024.09.21-16.20.04:489][  0]LogShaderLibrary: Display: ShaderCodeLibraryPakFileMountedCallback: PakFile 'C:/Program Files/UE_4.27/FeaturePacks/TP_VirtualRealityBP.upack' (chunk index -1, root 'root:/') mounted
[2024.09.21-16.20.04:489][  0]LogShaderLibrary: Display: ShaderCodeLibraryPakFileMountedCallback: pending pak file info (ChunkID:-1 Root:root:/ File:C:/Program Files/UE_4.27/FeaturePacks/TP_VirtualRealityBP.upack)
[2024.09.21-16.20.04:489][  0]LogPakFile: OnPakFileMounted2Time == 0.000294
[2024.09.21-16.20.04:533][  0]LogNativeClassHierarchy: Verbose: Native class hierarchy updated for 'AddContentDialog' in 0.0002 seconds. Added 0 classes and 0 folders.
[2024.09.21-16.20.04:534][  0]LogNativeClassHierarchy: Verbose: Native class hierarchy updated for 'SceneOutliner' in 0.0001 seconds. Added 2 classes and 0 folders.
[2024.09.21-16.20.04:577][  0]LogSlate: Took 0.000218 seconds to synchronously load lazily loaded font '../../../Engine/Content/Slate/Fonts/Roboto-Regular.ttf' (155K)
[2024.09.21-16.20.04:578][  0]LogSlate: Took 0.000150 seconds to synchronously load lazily loaded font '../../../Engine/Content/Editor/Slate/Fonts/FontAwesome.ttf' (139K)
[2024.09.21-16.20.04:579][  0]LogSlate: Took 0.000898 seconds to synchronously load lazily loaded font '../../../Engine/Content/Editor/Slate/Fonts/NanumGothic.ttf' (4243K)
[2024.09.21-16.20.04:581][  0]LogSlate: Took 0.001120 seconds to synchronously load lazily loaded font '../../../Engine/Content/Editor/Slate/Fonts/NanumGothicBold.ttf' (4188K)
[2024.09.21-16.20.04:581][  0]LogSlate: Took 0.000154 seconds to synchronously load lazily loaded font '../../../Engine/Content/Slate/Fonts/Roboto-Bold.ttf' (160K)
[2024.09.21-16.20.04:631][  0]LogRenderer: Reallocating scene render targets to support 1616x808 Format 10 NumSamples 1 (Frame:1).
[2024.09.21-16.20.04:692][  0]LogNativeClassHierarchy: Verbose: Native class hierarchy updated for 'HierarchicalLODOutliner' in 0.0002 seconds. Added 0 classes and 0 folders.
[2024.09.21-16.20.04:692][  0]LogLoad: (Engine Initialization) Total time: 9.99 seconds
[2024.09.21-16.20.04:692][  0]LogLoad: (Engine Initialization) Total Blueprint compile time: 0.00 seconds
[2024.09.21-16.20.04:726][  0]LogAssetRegistry: Asset discovery search completed in 6.1043 seconds
[2024.09.21-16.20.04:730][  0]LogCollectionManager: Fixed up redirectors for 0 collections in 0.000003 seconds (updated 0 objects)
[2024.09.21-16.20.04:732][  0]LogContentStreaming: Texture pool size now 1000 MB
[2024.09.21-16.20.04:743][  1]LogFileCache: Retrieving MD5 hashes for directory 'C:/Users/nanim/GitHub/NewNewInsectHeaven/InsectHeaven/Content/' took 0.03s
[2024.09.21-16.20.13:894][  3]Cmd: MAP LOAD FILE="../../../../../Users/nanim/GitHub/NewNewInsectHeaven/InsectHeaven/Content/Dialogue/DialogueWorld.umap" TEMPLATE=0 SHOWPROGRESS=1 FEATURELEVEL=3
[2024.09.21-16.20.13:897][  3]LogSlate: Took 0.000180 seconds to synchronously load lazily loaded font '../../../Engine/Content/Slate/Fonts/Roboto-Light.ttf' (167K)
[2024.09.21-16.20.13:916][  3]LightingResults: New page: 라이팅 빌드
[2024.09.21-16.20.13:916][  3]LoadErrors: New page: 맵 로드 중: DialogueWorld.umap
[2024.09.21-16.20.13:918][  3]LogWorld: UWorld::CleanupWorld for EmptyMainLevel, bSessionEnded=true, bCleanupResources=true
[2024.09.21-16.20.13:918][  3]LogSlate: InvalidateAllWidgets triggered.  All widgets were invalidated
[2024.09.21-16.20.13:918][  3]MapCheck: New page: 맵 체크
[2024.09.21-16.20.13:918][  3]LightingResults: New page: 라이팅 빌드
[2024.09.21-16.20.13:923][  3]LogAudio: Display: Audio Device unregistered from world 'None'.
[2024.09.21-16.20.13:924][  3]LogUObjectHash: Compacting FUObjectHashTables data took   0.54ms
[2024.09.21-16.20.13:926][  3]LogAudio: Display: Audio Device (ID: 1) registered with world 'DialogueWorld'.
[2024.09.21-16.20.13:926][  3]LogAIModule: Creating AISystem for world DialogueWorld
[2024.09.21-16.20.13:928][  3]LogEditorServer: Finished looking for orphan Actors (0.000 secs)
[2024.09.21-16.20.13:935][  3]LogUObjectHash: Compacting FUObjectHashTables data took   0.37ms
[2024.09.21-16.20.13:952][  3]Cmd: MAP CHECKDEP NOCLEARLOG
[2024.09.21-16.20.13:952][  3]MapCheck: 맵 체크 완료: 오류 0 회, 경고 0 회, 소요 시간 0.14ms.
[2024.09.21-16.20.13:952][  3]LogFileHelpers: Loading map 'DialogueWorld' took 0.059
[2024.09.21-16.20.13:957][  3]LogPlayLevel: PlayLevel: No blueprints needed recompiling
[2024.09.21-16.20.13:958][  3]PIE: New page: PIE 세션: DialogueWorld (2024. 9. 22. 오전 10:20:13)
[2024.09.21-16.20.13:959][  3]LogOnline: OSS: Creating online subsystem instance for: NULL
[2024.09.21-16.20.13:960][  3]LogOnline: OSS: TryLoadSubsystemAndSetDefault: Loaded subsystem for module [NULL]
[2024.09.21-16.20.13:961][  3]LogPlayLevel: Creating play world package: /Game/Dialogue/UEDPIE_0_DialogueWorld
[2024.09.21-16.20.13:962][  3]LogPlayLevel: PIE: StaticDuplicateObject took: (0.000446s)
[2024.09.21-16.20.13:962][  3]LogAIModule: Creating AISystem for world DialogueWorld
[2024.09.21-16.20.13:963][  3]LogPlayLevel: PIE: World Init took: (0.000682s)
[2024.09.21-16.20.13:963][  3]LogPlayLevel: PIE: Created PIE world by copying editor world from /Game/Dialogue/DialogueWorld.DialogueWorld to /Game/Dialogue/UEDPIE_0_DialogueWorld.DialogueWorld (0.001454s)
[2024.09.21-16.20.13:966][  3]LogUObjectHash: Compacting FUObjectHashTables data took   0.47ms
[2024.09.21-16.20.13:971][  3]LogSlate: InvalidateAllWidgets triggered.  All widgets were invalidated
[2024.09.21-16.20.13:971][  3]LogAudio: Display: Creating Audio Device:                 Id: 2, Scope: Unique, Realtime: True
[2024.09.21-16.20.13:971][  3]LogAudioMixer: Display: Audio Mixer Platform Settings:
[2024.09.21-16.20.13:971][  3]LogAudioMixer: Display: 	Sample Rate:						  48000
[2024.09.21-16.20.13:971][  3]LogAudioMixer: Display: 	Callback Buffer Frame Size Requested: 1024
[2024.09.21-16.20.13:972][  3]LogAudioMixer: Display: 	Callback Buffer Frame Size To Use:	  1024
[2024.09.21-16.20.13:972][  3]LogAudioMixer: Display: 	Number of buffers to queue:			  2
[2024.09.21-16.20.13:972][  3]LogAudioMixer: Display: 	Max Channels (voices):				  32
[2024.09.21-16.20.13:972][  3]LogAudioMixer: Display: 	Number of Async Source Workers:		  0
[2024.09.21-16.20.13:972][  3]LogAudio: Display: AudioDevice MaxSources: 32
[2024.09.21-16.20.13:972][  3]LogAudio: Display: Audio Spatialization Plugin: None (built-in).
[2024.09.21-16.20.13:972][  3]LogAudio: Display: Audio Reverb Plugin: None (built-in).
[2024.09.21-16.20.13:973][  3]LogAudio: Display: Audio Occlusion Plugin: None (built-in).
[2024.09.21-16.20.13:973][  3]LogAudioMixer: Display: Initializing audio mixer.
[2024.09.21-16.20.13:991][  3]LogAudioMixer: Display: 0: FrontLeft
[2024.09.21-16.20.13:991][  3]LogAudioMixer: Display: 1: FrontRight
[2024.09.21-16.20.14:010][  3]LogAudioMixer: Display: Using Audio Device 스피커(ABKO N550)
[2024.09.21-16.20.14:010][  3]LogAudioMixer: Display: Initializing Sound Submixes...
[2024.09.21-16.20.14:010][  3]LogAudioMixer: Display: Creating Master Submix 'MasterSubmixDefault'
[2024.09.21-16.20.14:010][  3]LogAudioMixer: Display: Creating Master Submix 'MasterReverbSubmixDefault'
[2024.09.21-16.20.14:011][  3]LogAudioMixer: Display: Creating Master Submix 'MasterEQSubmixDefault'
[2024.09.21-16.20.14:011][  3]LogAudioMixer: FMixerPlatformXAudio2::StartAudioStream() called
[2024.09.21-16.20.14:011][  3]LogAudioMixer: Display: Output buffers initialized: Frames=1024, Channels=2, Samples=2048
[2024.09.21-16.20.14:012][  3]LogAudioMixer: Display: Starting AudioMixerPlatformInterface::RunInternal()
[2024.09.21-16.20.14:012][  3]LogAudioMixer: Display: FMixerPlatformXAudio2::SubmitBuffer() called for the first time
[2024.09.21-16.20.14:012][  3]LogInit: FAudioDevice initialized.
[2024.09.21-16.20.14:012][  3]LogAudio: Display: Audio Device (ID: 2) registered with world 'DialogueWorld'.
[2024.09.21-16.20.14:020][  3]LogLoad: Game class is 'IH_GameMode_DialgueTool'
[2024.09.21-16.20.14:021][  3]LogWorld: Bringing World /Game/Dialogue/UEDPIE_0_DialogueWorld.DialogueWorld up for play (max tick rate 0) at 2024.09.22-01.20.14
[2024.09.21-16.20.14:022][  3]LogWorld: Bringing up level for play took: 0.001246
[2024.09.21-16.20.14:022][  3]LogOnline: OSS: Creating online subsystem instance for: :Context_1
[2024.09.21-16.20.14:025][  3]LogNativeClassHierarchy: Verbose: Native class hierarchy updated for 'MovieSceneCapture' in 0.0003 seconds. Added 20 classes and 0 folders.
[2024.09.21-16.20.14:075][  3]LogTexture: Display: 텍스처 빌드: School1 (BGRA8, 893X506)
[2024.09.21-16.20.14:075][  3]PIE: 서버가 로그인했습니다.
[2024.09.21-16.20.14:077][  3]PIE: 에디터에서 플레이 총 시작 시간 0.122초입니다.
[2024.09.21-16.20.14:099][  4]LogUObjectHash: Compacting FUObjectHashTables data took   0.48ms
