Log file open, 11/23/24 22:33:12
LogWindows: Failed to load 'aqProf.dll' (GetLastError=126)
LogWindows: File 'aqProf.dll' does not exist
LogWindows: Failed to load 'VtuneApi.dll' (GetLastError=126)
LogWindows: File 'VtuneApi.dll' does not exist
LogWindows: Failed to load 'VtuneApi32e.dll' (GetLastError=126)
LogWindows: File 'VtuneApi32e.dll' does not exist
LogConsoleResponse: Display: Failed to find resolution value strings in scalability ini. Falling back to default.
LogConsoleResponse: Display: Failed to find resolution value strings in scalability ini. Falling back to default.
LogInit: Display: Running engine for game: InsectHeaven
LogPlatformFile: Not using cached read wrapper
LogTaskGraph: Started task graph with 5 named threads and 71 total threads with 3 sets of task threads.
LogStats: Stats thread started at 0.216007
LogICUInternationalization: ICU TimeZone Detection - Raw Offset: +9:00, Platform Override: ''
LogInit: Display: Loading text-based GConfig....
LogPluginManager: Mounting plugin MeshPainting
LogPluginManager: Mounting plugin XGEController
LogPluginManager: Mounting plugin Paper2D
LogPluginManager: Mounting plugin AISupport
LogPluginManager: Mounting plugin LightPropagationVolume
LogPluginManager: Mounting plugin GameplayCameras
LogPluginManager: Mounting plugin OodleNetwork
LogPluginManager: Mounting plugin CameraShakePreviewer
LogPluginManager: Mounting plugin AnimationSharing
LogPluginManager: Mounting plugin CodeLiteSourceCodeAccess
LogPluginManager: Mounting plugin LiveLink
LogPluginManager: Mounting plugin CLionSourceCodeAccess
LogPluginManager: Mounting plugin OodleData
LogPluginManager: Mounting plugin KDevelopSourceCodeAccess
LogPluginManager: Mounting plugin GitSourceControl
LogPluginManager: Mounting plugin PixWinPlugin
LogPluginManager: Mounting plugin NullSourceCodeAccess
LogPluginManager: Mounting plugin PerforceSourceControl
LogPluginManager: Mounting plugin PluginUtils
LogPluginManager: Mounting plugin RiderSourceCodeAccess
LogPluginManager: Mounting plugin SubversionSourceControl
LogPluginManager: Mounting plugin PropertyAccessNode
LogPluginManager: Mounting plugin PlasticSourceControl
LogPluginManager: Mounting plugin TextureFormatOodle
LogPluginManager: Mounting plugin UObjectPlugin
LogPluginManager: Mounting plugin XCodeSourceCodeAccess
LogPluginManager: Mounting plugin VisualStudioCodeSourceCodeAccess
LogPluginManager: Mounting plugin VisualStudioSourceCodeAccess
LogPluginManager: Mounting plugin DatasmithContent
LogPluginManager: Mounting plugin AlembicImporter
LogPluginManager: Mounting plugin BackChannel
LogPluginManager: Mounting plugin AutomationUtils
LogPluginManager: Mounting plugin ChaosClothEditor
LogPluginManager: Mounting plugin ChaosCloth
LogPluginManager: Mounting plugin ChaosEditor
LogPluginManager: Mounting plugin ChaosNiagara
LogPluginManager: Mounting plugin ChaosSolverPlugin
LogPluginManager: Mounting plugin CharacterAI
LogPluginManager: Mounting plugin VariantManagerContent
LogPluginManager: Mounting plugin AssetManagerEditor
LogPluginManager: Mounting plugin CryptoKeys
LogPluginManager: Mounting plugin CurveEditorTools
LogPluginManager: Mounting plugin FacialAnimation
LogPluginManager: Mounting plugin GameplayTagsEditor
LogPluginManager: Mounting plugin EditorScriptingUtilities
LogPluginManager: Mounting plugin GeometryMode
LogPluginManager: Mounting plugin DataValidation
LogPluginManager: Mounting plugin MacGraphicsSwitching
LogPluginManager: Mounting plugin MaterialAnalyzer
LogPluginManager: Mounting plugin MobileLauncherProfileWizard
LogPluginManager: Mounting plugin PluginBrowser
LogPluginManager: Mounting plugin SpeedTreeImporter
LogPluginManager: Mounting plugin Niagara
LogPluginManager: Mounting plugin GeometryCache
LogPluginManager: Mounting plugin GeometryCollectionPlugin
LogPluginManager: Mounting plugin GeometryProcessing
LogPluginManager: Mounting plugin MotoSynth
LogPluginManager: Mounting plugin OpenImageDenoise
LogPluginManager: Mounting plugin PlanarCut
LogPluginManager: Mounting plugin PlatformCrypto
LogPluginManager: Mounting plugin PythonScriptPlugin
LogPluginManager: Mounting plugin ProxyLODPlugin
LogPluginManager: Mounting plugin LuminPlatformFeatures
LogPluginManager: Mounting plugin MagicLeap
LogPluginManager: Mounting plugin MagicLeapLightEstimation
LogPluginManager: Mounting plugin MagicLeapMedia
LogPluginManager: Mounting plugin MagicLeapPassableWorld
LogPluginManager: Mounting plugin MLSDK
LogPluginManager: Mounting plugin SkeletalReduction
LogPluginManager: Mounting plugin AndroidMedia
LogPluginManager: Mounting plugin AvfMedia
LogPluginManager: Mounting plugin ImgMedia
LogPluginManager: Mounting plugin MediaCompositing
LogPluginManager: Mounting plugin MediaPlayerEditor
LogPluginManager: Mounting plugin WebMMedia
LogPluginManager: Mounting plugin WmfMedia
LogPluginManager: Mounting plugin UdpMessaging
LogPluginManager: Mounting plugin TcpMessaging
LogPluginManager: Mounting plugin ActorSequence
LogPluginManager: Mounting plugin OnlineSubsystem
LogPluginManager: Mounting plugin OnlineSubsystemNull
LogPluginManager: Mounting plugin OnlineSubsystemUtils
LogPluginManager: Mounting plugin LevelSequenceEditor
LogPluginManager: Mounting plugin MatineeToLevelSequence
LogPluginManager: Mounting plugin TemplateSequence
LogPluginManager: Mounting plugin ActorLayerUtilities
LogPluginManager: Mounting plugin AndroidDeviceProfileSelector
LogPluginManager: Mounting plugin AndroidMoviePlayer
LogPluginManager: Mounting plugin AndroidPermission
LogPluginManager: Mounting plugin AppleMoviePlayer
LogPluginManager: Mounting plugin AppleImageUtils
LogPluginManager: Mounting plugin ArchVisCharacter
LogPluginManager: Mounting plugin AssetTags
LogPluginManager: Mounting plugin AudioCapture
LogPluginManager: Mounting plugin CableComponent
LogPluginManager: Mounting plugin CustomMeshComponent
LogPluginManager: Mounting plugin AudioSynesthesia
LogPluginManager: Mounting plugin ChunkDownloader
LogPluginManager: Mounting plugin ExampleDeviceProfileSelector
LogPluginManager: Mounting plugin EditableMesh
LogPluginManager: Mounting plugin ScreenshotTools
LogPluginManager: Mounting plugin GoogleCloudMessaging
LogPluginManager: Mounting plugin GooglePAD
LogPluginManager: Mounting plugin LauncherChunkInstaller
LogPluginManager: Mounting plugin IOSDeviceProfileSelector
LogPluginManager: Mounting plugin LinuxDeviceProfileSelector
LogPluginManager: Mounting plugin LocationServicesBPLibrary
LogPluginManager: Mounting plugin MobilePatchingUtils
LogPluginManager: Mounting plugin OpenXREyeTracker
LogPluginManager: Mounting plugin OpenXR
LogPluginManager: Mounting plugin Takes
LogPluginManager: Mounting plugin OpenXRHandTracking
LogPluginManager: Mounting plugin PhysXVehicles
LogPluginManager: Mounting plugin PostSplashScreen
LogPluginManager: Mounting plugin ProceduralMeshComponent
LogPluginManager: Mounting plugin PropertyAccessEditor
LogPluginManager: Mounting plugin RuntimePhysXCooking
LogPluginManager: Mounting plugin SignificanceManager
LogPluginManager: Mounting plugin SoundFields
LogPluginManager: Mounting plugin Synthesis
LogPluginManager: Mounting plugin WebMMoviePlayer
LogPluginManager: Mounting plugin WindowsMoviePlayer
LogPluginManager: Mounting plugin EnvironmentQueryEditor
LogPluginManager: Mounting plugin ContentBrowserAssetDataSource
LogPluginManager: Mounting plugin ContentBrowserClassDataSource
LogPluginManager: Mounting plugin ContentBrowserFileDataSource
LogPluginManager: Mounting plugin RiderLink
LogPluginManager: Mounting plugin OnlineSubsystemIOS
LogPluginManager: Mounting plugin OnlineSubsystemGooglePlay
LogPluginManager: Mounting plugin OculusVR
LogPluginManager: Mounting plugin SteamVR
PixWinPlugin: PIX capture plugin failed to initialize! Check that the process is launched from PIX.
LogInit: Using libcurl 7.55.1-DEV
LogInit:  - built for x86_64-pc-win32
LogInit:  - supports SSL with OpenSSL/1.1.1
LogInit:  - supports HTTP deflate (compression) using libz 1.2.8
LogInit:  - other features:
LogInit:      CURL_VERSION_SSL
LogInit:      CURL_VERSION_LIBZ
LogInit:      CURL_VERSION_IPV6
LogInit:      CURL_VERSION_ASYNCHDNS
LogInit:      CURL_VERSION_LARGEFILE
LogInit:      CURL_VERSION_IDN
LogInit:  CurlRequestOptions (configurable via config and command line):
LogInit:  - bVerifyPeer = true  - Libcurl will verify peer certificate
LogInit:  - bUseHttpProxy = false  - Libcurl will NOT use HTTP proxy
LogInit:  - bDontReuseConnections = false  - Libcurl will reuse connections
LogInit:  - MaxHostConnections = 16  - Libcurl will limit the number of connections to a host
LogInit:  - LocalHostAddr = Default
LogInit:  - BufferSize = 65536
LogOnline: OSS: Creating online subsystem instance for: NULL
LogInit: WinSock: version 1.1 (2.2), MaxSocks=32767, MaxUdp=65467
LogOnline: OSS: TryLoadSubsystemAndSetDefault: Loaded subsystem for module [NULL]
LogOculusPluginWrapper: OculusPlugin initialized successfully
LogHMD: Failed initializing OVRPlugin 1.59.0
LogInit: Build: ++UE4+Release-4.27-CL-18319896
LogInit: Engine Version: 4.27.2-18319896+++UE4+Release-4.27
LogInit: Compatible Engine Version: 4.27.0-17155196+++UE4+Release-4.27
LogInit: Net CL: 17155196
LogInit: OS: Windows 10 (Release 2009) (), CPU: AMD Ryzen 9 7900X 12-Core Processor            , GPU: AMD Radeon RX 7900 XTX
LogInit: Compiled (64-bit): Nov 30 2021 07:12:08
LogInit: Compiled with Visual C++: 19.24.28315.00
LogInit: Build Configuration: DebugGame
LogInit: Branch Name: ++UE4+Release-4.27
LogInit: Command Line: 
LogInit: Base Directory: C:/Program Files/UE_4.27/Engine/Binaries/Win64/
LogInit: Allocator: TBB
LogInit: Installed Engine Build: 1
LogDevObjectVersion: Number of dev versions registered: 29
LogDevObjectVersion:   Dev-Blueprints (B0D832E4-1F89-4F0D-ACCF-7EB736FD4AA2): 10
LogDevObjectVersion:   Dev-Build (E1C64328-A22C-4D53-A36C-8E866417BD8C): 0
LogDevObjectVersion:   Dev-Core (375EC13C-06E4-48FB-B500-84F0262A717E): 4
LogDevObjectVersion:   Dev-Editor (E4B068ED-F494-42E9-A231-DA0B2E46BB41): 40
LogDevObjectVersion:   Dev-Framework (CFFC743F-43B0-4480-9391-14DF171D2073): 37
LogDevObjectVersion:   Dev-Mobile (B02B49B5-BB20-44E9-A304-32B752E40360): 3
LogDevObjectVersion:   Dev-Networking (A4E4105C-59A1-49B5-A7C5-40C4547EDFEE): 0
LogDevObjectVersion:   Dev-Online (39C831C9-5AE6-47DC-9A44-9C173E1C8E7C): 0
LogDevObjectVersion:   Dev-Physics (78F01B33-EBEA-4F98-B9B4-84EACCB95AA2): 14
LogDevObjectVersion:   Dev-Platform (6631380F-2D4D-43E0-8009-CF276956A95A): 0
LogDevObjectVersion:   Dev-Rendering (12F88B9F-8875-4AFC-A67C-D90C383ABD29): 45
LogDevObjectVersion:   Dev-Sequencer (7B5AE74C-D270-4C10-A958-57980B212A5A): 13
LogDevObjectVersion:   Dev-VR (D7296918-1DD6-4BDD-9DE2-64A83CC13884): 3
LogDevObjectVersion:   Dev-LoadTimes (C2A15278-BFE7-4AFE-6C17-90FF531DF755): 1
LogDevObjectVersion:   Private-Geometry (6EACA3D4-40EC-4CC1-B786-8BED09428FC5): 3
LogDevObjectVersion:   Dev-AnimPhys (29E575DD-E0A3-4627-9D10-D276232CDCEA): 17
LogDevObjectVersion:   Dev-Anim (AF43A65D-7FD3-4947-9873-3E8ED9C1BB05): 15
LogDevObjectVersion:   Dev-ReflectionCapture (6B266CEC-1EC7-4B8F-A30B-E4D90942FC07): 1
LogDevObjectVersion:   Dev-Automation (0DF73D61-A23F-47EA-B727-89E90C41499A): 1
LogDevObjectVersion:   FortniteMain (601D1886-AC64-4F84-AA16-D3DE0DEAC7D6): 47
LogDevObjectVersion:   FortniteRelease (E7086368-6B23-4C58-8439-1B7016265E91): 1
LogDevObjectVersion:   Dev-Enterprise (9DFFBCD6-494F-0158-E221-12823C92A888): 10
LogDevObjectVersion:   Dev-Niagara (F2AED0AC-9AFE-416F-8664-AA7FFA26D6FC): 1
LogDevObjectVersion:   Dev-Destruction (174F1F0B-B4C6-45A5-B13F-2EE8D0FB917D): 10
LogDevObjectVersion:   Dev-Physics-Ext (35F94A83-E258-406C-A318-09F59610247C): 41
LogDevObjectVersion:   Dev-PhysicsMaterial-Chaos (B68FC16E-8B1B-42E2-B453-215C058844FE): 1
LogDevObjectVersion:   Dev-CineCamera (B2E18506-4273-CFC2-A54E-F4BB758BBA07): 1
LogDevObjectVersion:   Dev-VirtualProduction (64F58936-FD1B-42BA-BA96-7289D5D0FA4E): 1
LogDevObjectVersion:   Dev-MediaFramework (6F0ED827-A609-4895-9C91-998D90180EA4): 2
LogInit: Presizing for max 25165824 objects, including 0 objects not considered by GC, pre-allocating 0 bytes for permanent pool.
LogConfig: Applying CVar settings from Section [/Script/Engine.StreamingSettings] File [C:/Users/nanim/GitHub/NewNewInsectHeaven/InsectHeaven/Saved/Config/Windows/Engine.ini]
LogConfig: Setting CVar [[s.MinBulkDataSizeForAsyncLoading:131072]]
LogConfig: Setting CVar [[s.AsyncLoadingThreadEnabled:0]]
LogConfig: Setting CVar [[s.EventDrivenLoaderEnabled:1]]
LogConfig: Setting CVar [[s.WarnIfTimeLimitExceeded:0]]
LogConfig: Setting CVar [[s.TimeLimitExceededMultiplier:1.5]]
LogConfig: Setting CVar [[s.TimeLimitExceededMinTime:0.005]]
LogConfig: Setting CVar [[s.UseBackgroundLevelStreaming:1]]
LogConfig: Setting CVar [[s.PriorityAsyncLoadingExtraTime:15.0]]
LogConfig: Setting CVar [[s.LevelStreamingActorsUpdateTimeLimit:5.0]]
LogConfig: Setting CVar [[s.PriorityLevelStreamingActorsUpdateExtraTime:5.0]]
LogConfig: Setting CVar [[s.LevelStreamingComponentsRegistrationGranularity:10]]
LogConfig: Setting CVar [[s.UnregisterComponentsTimeLimit:1.0]]
LogConfig: Setting CVar [[s.LevelStreamingComponentsUnregistrationGranularity:5]]
LogConfig: Setting CVar [[s.FlushStreamingOnExit:1]]
LogInit: Object subsystem initialized
LogConfig: Setting CVar [[con.DebugEarlyDefault:1]]
LogConfig: Setting CVar [[r.setres:1280x720]]
[2024.11.23-13.33.13:066][  0]LogConfig: Setting CVar [[r.VSync:0]]
[2024.11.23-13.33.13:066][  0]LogConfig: Setting CVar [[r.RHICmdBypass:0]]
[2024.11.23-13.33.13:066][  0]LogConfig: Applying CVar settings from Section [/Script/Engine.RendererSettings] File [C:/Users/nanim/GitHub/NewNewInsectHeaven/InsectHeaven/Saved/Config/Windows/Engine.ini]
[2024.11.23-13.33.13:066][  0]LogConfig: Setting CVar [[r.GPUCrashDebugging:0]]
[2024.11.23-13.33.13:066][  0]LogConfig: Applying CVar settings from Section [/Script/Engine.RendererOverrideSettings] File [C:/Users/nanim/GitHub/NewNewInsectHeaven/InsectHeaven/Saved/Config/Windows/Engine.ini]
[2024.11.23-13.33.13:066][  0]LogConfig: Applying CVar settings from Section [/Script/Engine.StreamingSettings] File [C:/Users/nanim/GitHub/NewNewInsectHeaven/InsectHeaven/Saved/Config/Windows/Engine.ini]
[2024.11.23-13.33.13:066][  0]LogConfig: Setting CVar [[s.MinBulkDataSizeForAsyncLoading:131072]]
[2024.11.23-13.33.13:066][  0]LogConfig: Setting CVar [[s.AsyncLoadingThreadEnabled:0]]
[2024.11.23-13.33.13:066][  0]LogConfig: Setting CVar [[s.EventDrivenLoaderEnabled:1]]
[2024.11.23-13.33.13:066][  0]LogConfig: Setting CVar [[s.WarnIfTimeLimitExceeded:0]]
[2024.11.23-13.33.13:067][  0]LogConfig: Setting CVar [[s.TimeLimitExceededMultiplier:1.5]]
[2024.11.23-13.33.13:067][  0]LogConfig: Setting CVar [[s.TimeLimitExceededMinTime:0.005]]
[2024.11.23-13.33.13:067][  0]LogConfig: Setting CVar [[s.UseBackgroundLevelStreaming:1]]
[2024.11.23-13.33.13:067][  0]LogConfig: Setting CVar [[s.PriorityAsyncLoadingExtraTime:15.0]]
[2024.11.23-13.33.13:067][  0]LogConfig: Setting CVar [[s.LevelStreamingActorsUpdateTimeLimit:5.0]]
[2024.11.23-13.33.13:067][  0]LogConfig: Setting CVar [[s.PriorityLevelStreamingActorsUpdateExtraTime:5.0]]
[2024.11.23-13.33.13:067][  0]LogConfig: Setting CVar [[s.LevelStreamingComponentsRegistrationGranularity:10]]
[2024.11.23-13.33.13:067][  0]LogConfig: Setting CVar [[s.UnregisterComponentsTimeLimit:1.0]]
[2024.11.23-13.33.13:067][  0]LogConfig: Setting CVar [[s.LevelStreamingComponentsUnregistrationGranularity:5]]
[2024.11.23-13.33.13:067][  0]LogConfig: Setting CVar [[s.FlushStreamingOnExit:1]]
[2024.11.23-13.33.13:068][  0]LogConfig: Applying CVar settings from Section [/Script/Engine.GarbageCollectionSettings] File [C:/Users/nanim/GitHub/NewNewInsectHeaven/InsectHeaven/Saved/Config/Windows/Engine.ini]
[2024.11.23-13.33.13:068][  0]LogConfig: Setting CVar [[gc.MaxObjectsNotConsideredByGC:1]]
[2024.11.23-13.33.13:068][  0]LogConfig: Setting CVar [[gc.SizeOfPermanentObjectPool:0]]
[2024.11.23-13.33.13:068][  0]LogConfig: Setting CVar [[gc.FlushStreamingOnGC:0]]
[2024.11.23-13.33.13:068][  0]LogConfig: Setting CVar [[gc.NumRetriesBeforeForcingGC:10]]
[2024.11.23-13.33.13:068][  0]LogConfig: Setting CVar [[gc.AllowParallelGC:1]]
[2024.11.23-13.33.13:068][  0]LogConfig: Setting CVar [[gc.TimeBetweenPurgingPendingKillObjects:61.1]]
[2024.11.23-13.33.13:068][  0]LogConfig: Setting CVar [[gc.MaxObjectsInEditor:25165824]]
[2024.11.23-13.33.13:068][  0]LogConfig: Setting CVar [[gc.IncrementalBeginDestroyEnabled:1]]
[2024.11.23-13.33.13:068][  0]LogConfig: Setting CVar [[gc.CreateGCClusters:1]]
[2024.11.23-13.33.13:068][  0]LogConfig: Setting CVar [[gc.MinGCClusterSize:5]]
[2024.11.23-13.33.13:069][  0]LogConfig: Setting CVar [[gc.ActorClusteringEnabled:0]]
[2024.11.23-13.33.13:069][  0]LogConfig: Setting CVar [[gc.BlueprintClusteringEnabled:0]]
[2024.11.23-13.33.13:069][  0]LogConfig: Setting CVar [[gc.UseDisregardForGCOnDedicatedServers:0]]
[2024.11.23-13.33.13:069][  0]LogConfig: Setting CVar [[gc.MultithreadedDestructionEnabled:1]]
[2024.11.23-13.33.13:069][  0]LogConfig: Applying CVar settings from Section [/Script/Engine.NetworkSettings] File [C:/Users/nanim/GitHub/NewNewInsectHeaven/InsectHeaven/Saved/Config/Windows/Engine.ini]
[2024.11.23-13.33.13:069][  0]LogConfig: Applying CVar settings from Section [/Script/UnrealEd.CookerSettings] File [C:/Users/nanim/GitHub/NewNewInsectHeaven/InsectHeaven/Saved/Config/Windows/Engine.ini]
[2024.11.23-13.33.13:111][  0]LogConfig: Applying CVar settings from Section [ViewDistanceQuality@3] File [C:/Users/nanim/GitHub/NewNewInsectHeaven/InsectHeaven/Saved/Config/Windows/Scalability.ini]
[2024.11.23-13.33.13:111][  0]LogConfig: Setting CVar [[r.SkeletalMeshLODBias:0]]
[2024.11.23-13.33.13:111][  0]LogConfig: Setting CVar [[r.ViewDistanceScale:1.0]]
[2024.11.23-13.33.13:111][  0]LogConfig: Applying CVar settings from Section [AntiAliasingQuality@3] File [C:/Users/nanim/GitHub/NewNewInsectHeaven/InsectHeaven/Saved/Config/Windows/Scalability.ini]
[2024.11.23-13.33.13:111][  0]LogConfig: Setting CVar [[r.PostProcessAAQuality:4]]
[2024.11.23-13.33.13:111][  0]LogConfig: Applying CVar settings from Section [ShadowQuality@3] File [C:/Users/nanim/GitHub/NewNewInsectHeaven/InsectHeaven/Saved/Config/Windows/Scalability.ini]
[2024.11.23-13.33.13:112][  0]LogConfig: Setting CVar [[r.LightFunctionQuality:1]]
[2024.11.23-13.33.13:112][  0]LogConfig: Setting CVar [[r.ShadowQuality:5]]
[2024.11.23-13.33.13:112][  0]LogConfig: Setting CVar [[r.Shadow.CSM.MaxCascades:10]]
[2024.11.23-13.33.13:112][  0]LogConfig: Setting CVar [[r.Shadow.MaxResolution:2048]]
[2024.11.23-13.33.13:112][  0]LogConfig: Setting CVar [[r.Shadow.MaxCSMResolution:2048]]
[2024.11.23-13.33.13:112][  0]LogConfig: Setting CVar [[r.Shadow.RadiusThreshold:0.01]]
[2024.11.23-13.33.13:112][  0]LogConfig: Setting CVar [[r.Shadow.DistanceScale:1.0]]
[2024.11.23-13.33.13:112][  0]LogConfig: Setting CVar [[r.Shadow.CSM.TransitionScale:1.0]]
[2024.11.23-13.33.13:112][  0]LogConfig: Setting CVar [[r.Shadow.PreShadowResolutionFactor:1.0]]
[2024.11.23-13.33.13:113][  0]LogConfig: Setting CVar [[r.DistanceFieldShadowing:1]]
[2024.11.23-13.33.13:113][  0]LogConfig: Setting CVar [[r.DistanceFieldAO:1]]
[2024.11.23-13.33.13:113][  0]LogConfig: Setting CVar [[r.AOQuality:2]]
[2024.11.23-13.33.13:113][  0]LogConfig: Setting CVar [[r.VolumetricFog:1]]
[2024.11.23-13.33.13:113][  0]LogConfig: Setting CVar [[r.VolumetricFog.GridPixelSize:8]]
[2024.11.23-13.33.13:113][  0]LogConfig: Setting CVar [[r.VolumetricFog.GridSizeZ:128]]
[2024.11.23-13.33.13:113][  0]LogConfig: Setting CVar [[r.VolumetricFog.HistoryMissSupersampleCount:4]]
[2024.11.23-13.33.13:113][  0]LogConfig: Setting CVar [[r.LightMaxDrawDistanceScale:1]]
[2024.11.23-13.33.13:113][  0]LogConfig: Setting CVar [[r.CapsuleShadows:1]]
[2024.11.23-13.33.13:113][  0]LogConfig: Applying CVar settings from Section [PostProcessQuality@3] File [C:/Users/nanim/GitHub/NewNewInsectHeaven/InsectHeaven/Saved/Config/Windows/Scalability.ini]
[2024.11.23-13.33.13:114][  0]LogConfig: Setting CVar [[r.MotionBlurQuality:4]]
[2024.11.23-13.33.13:114][  0]LogConfig: Setting CVar [[r.AmbientOcclusionMipLevelFactor:0.4]]
[2024.11.23-13.33.13:114][  0]LogConfig: Setting CVar [[r.AmbientOcclusionMaxQuality:100]]
[2024.11.23-13.33.13:114][  0]LogConfig: Setting CVar [[r.AmbientOcclusionLevels:-1]]
[2024.11.23-13.33.13:114][  0]LogConfig: Setting CVar [[r.AmbientOcclusionRadiusScale:1.0]]
[2024.11.23-13.33.13:114][  0]LogConfig: Setting CVar [[r.DepthOfFieldQuality:2]]
[2024.11.23-13.33.13:114][  0]LogConfig: Setting CVar [[r.RenderTargetPoolMin:400]]
[2024.11.23-13.33.13:114][  0]LogConfig: Setting CVar [[r.LensFlareQuality:2]]
[2024.11.23-13.33.13:114][  0]LogConfig: Setting CVar [[r.SceneColorFringeQuality:1]]
[2024.11.23-13.33.13:114][  0]LogConfig: Setting CVar [[r.EyeAdaptationQuality:2]]
[2024.11.23-13.33.13:115][  0]LogConfig: Setting CVar [[r.BloomQuality:5]]
[2024.11.23-13.33.13:115][  0]LogConfig: Setting CVar [[r.FastBlurThreshold:100]]
[2024.11.23-13.33.13:115][  0]LogConfig: Setting CVar [[r.Upscale.Quality:3]]
[2024.11.23-13.33.13:115][  0]LogConfig: Setting CVar [[r.Tonemapper.GrainQuantization:1]]
[2024.11.23-13.33.13:115][  0]LogConfig: Setting CVar [[r.LightShaftQuality:1]]
[2024.11.23-13.33.13:115][  0]LogConfig: Setting CVar [[r.Filter.SizeScale:1]]
[2024.11.23-13.33.13:115][  0]LogConfig: Setting CVar [[r.Tonemapper.Quality:5]]
[2024.11.23-13.33.13:116][  0]LogConfig: Setting CVar [[r.DOF.Gather.AccumulatorQuality:1        ; higher gathering accumulator quality]]
[2024.11.23-13.33.13:116][  0]LogConfig: Setting CVar [[r.DOF.Gather.PostfilterMethod:1          ; Median3x3 postfilering method]]
[2024.11.23-13.33.13:116][  0]LogConfig: Setting CVar [[r.DOF.Gather.EnableBokehSettings:0       ; no bokeh simulation when gathering]]
[2024.11.23-13.33.13:116][  0]LogConfig: Setting CVar [[r.DOF.Gather.RingCount:4                 ; medium number of samples when gathering]]
[2024.11.23-13.33.13:116][  0]LogConfig: Setting CVar [[r.DOF.Scatter.ForegroundCompositing:1    ; additive foreground scattering]]
[2024.11.23-13.33.13:116][  0]LogConfig: Setting CVar [[r.DOF.Scatter.BackgroundCompositing:2    ; additive background scattering]]
[2024.11.23-13.33.13:116][  0]LogConfig: Setting CVar [[r.DOF.Scatter.EnableBokehSettings:1      ; bokeh simulation when scattering]]
[2024.11.23-13.33.13:116][  0]LogConfig: Setting CVar [[r.DOF.Scatter.MaxSpriteRatio:0.1         ; only a maximum of 10% of scattered bokeh]]
[2024.11.23-13.33.13:116][  0]LogConfig: Setting CVar [[r.DOF.Recombine.Quality:1                ; cheap slight out of focus]]
[2024.11.23-13.33.13:116][  0]LogConfig: Setting CVar [[r.DOF.Recombine.EnableBokehSettings:0    ; no bokeh simulation on slight out of focus]]
[2024.11.23-13.33.13:116][  0]LogConfig: Setting CVar [[r.DOF.TemporalAAQuality:1                ; more stable temporal accumulation]]
[2024.11.23-13.33.13:117][  0]LogConfig: Setting CVar [[r.DOF.Kernel.MaxForegroundRadius:0.025]]
[2024.11.23-13.33.13:117][  0]LogConfig: Setting CVar [[r.DOF.Kernel.MaxBackgroundRadius:0.025]]
[2024.11.23-13.33.13:117][  0]LogConfig: Applying CVar settings from Section [TextureQuality@3] File [C:/Users/nanim/GitHub/NewNewInsectHeaven/InsectHeaven/Saved/Config/Windows/Scalability.ini]
[2024.11.23-13.33.13:117][  0]LogConfig: Setting CVar [[r.Streaming.MipBias:0]]
[2024.11.23-13.33.13:117][  0]LogConfig: Setting CVar [[r.Streaming.AmortizeCPUToGPUCopy:0]]
[2024.11.23-13.33.13:117][  0]LogConfig: Setting CVar [[r.Streaming.MaxNumTexturesToStreamPerFrame:0]]
[2024.11.23-13.33.13:117][  0]LogConfig: Setting CVar [[r.Streaming.Boost:1]]
[2024.11.23-13.33.13:117][  0]LogConfig: Setting CVar [[r.MaxAnisotropy:8]]
[2024.11.23-13.33.13:117][  0]LogConfig: Setting CVar [[r.VT.MaxAnisotropy:8]]
[2024.11.23-13.33.13:117][  0]LogConfig: Setting CVar [[r.Streaming.LimitPoolSizeToVRAM:0]]
[2024.11.23-13.33.13:117][  0]LogConfig: Setting CVar [[r.Streaming.PoolSize:1000]]
[2024.11.23-13.33.13:118][  0]LogConfig: Setting CVar [[r.Streaming.MaxEffectiveScreenSize:0]]
[2024.11.23-13.33.13:118][  0]LogConfig: Applying CVar settings from Section [EffectsQuality@3] File [C:/Users/nanim/GitHub/NewNewInsectHeaven/InsectHeaven/Saved/Config/Windows/Scalability.ini]
[2024.11.23-13.33.13:118][  0]LogConfig: Setting CVar [[r.TranslucencyLightingVolumeDim:64]]
[2024.11.23-13.33.13:118][  0]LogConfig: Setting CVar [[r.RefractionQuality:2]]
[2024.11.23-13.33.13:118][  0]LogConfig: Setting CVar [[r.SSR.Quality:3]]
[2024.11.23-13.33.13:118][  0]LogConfig: Setting CVar [[r.SSR.HalfResSceneColor:0]]
[2024.11.23-13.33.13:118][  0]LogConfig: Setting CVar [[r.SceneColorFormat:4]]
[2024.11.23-13.33.13:118][  0]LogConfig: Setting CVar [[r.DetailMode:2]]
[2024.11.23-13.33.13:118][  0]LogConfig: Setting CVar [[r.TranslucencyVolumeBlur:1]]
[2024.11.23-13.33.13:118][  0]LogConfig: Setting CVar [[r.MaterialQualityLevel:1 ; High quality]]
[2024.11.23-13.33.13:118][  0]LogConfig: Setting CVar [[r.AnisotropicMaterials:1]]
[2024.11.23-13.33.13:119][  0]LogConfig: Setting CVar [[r.SSS.Scale:1]]
[2024.11.23-13.33.13:119][  0]LogConfig: Setting CVar [[r.SSS.SampleSet:2]]
[2024.11.23-13.33.13:119][  0]LogConfig: Setting CVar [[r.SSS.Quality:1]]
[2024.11.23-13.33.13:119][  0]LogConfig: Setting CVar [[r.SSS.HalfRes:0]]
[2024.11.23-13.33.13:119][  0]LogConfig: Setting CVar [[r.SSGI.Quality:3]]
[2024.11.23-13.33.13:119][  0]LogConfig: Setting CVar [[r.EmitterSpawnRateScale:1.0]]
[2024.11.23-13.33.13:119][  0]LogConfig: Setting CVar [[r.ParticleLightQuality:2]]
[2024.11.23-13.33.13:119][  0]LogConfig: Setting CVar [[r.SkyAtmosphere.AerialPerspectiveLUT.FastApplyOnOpaque:1 ; Always have FastSkyLUT 1 in this case to avoid wrong sky]]
[2024.11.23-13.33.13:119][  0]LogConfig: Setting CVar [[r.SkyAtmosphere.AerialPerspectiveLUT.SampleCountMaxPerSlice:4]]
[2024.11.23-13.33.13:119][  0]LogConfig: Setting CVar [[r.SkyAtmosphere.AerialPerspectiveLUT.DepthResolution:16.0]]
[2024.11.23-13.33.13:120][  0]LogConfig: Setting CVar [[r.SkyAtmosphere.FastSkyLUT:1]]
[2024.11.23-13.33.13:120][  0]LogConfig: Setting CVar [[r.SkyAtmosphere.FastSkyLUT.SampleCountMin:4.0]]
[2024.11.23-13.33.13:120][  0]LogConfig: Setting CVar [[r.SkyAtmosphere.FastSkyLUT.SampleCountMax:128.0]]
[2024.11.23-13.33.13:120][  0]LogConfig: Setting CVar [[r.SkyAtmosphere.SampleCountMin:4.0]]
[2024.11.23-13.33.13:120][  0]LogConfig: Setting CVar [[r.SkyAtmosphere.SampleCountMax:128.0]]
[2024.11.23-13.33.13:120][  0]LogConfig: Setting CVar [[r.SkyAtmosphere.TransmittanceLUT.UseSmallFormat:0]]
[2024.11.23-13.33.13:120][  0]LogConfig: Setting CVar [[r.SkyAtmosphere.TransmittanceLUT.SampleCount:10.0]]
[2024.11.23-13.33.13:121][  0]LogConfig: Setting CVar [[r.SkyAtmosphere.MultiScatteringLUT.SampleCount:15.0]]
[2024.11.23-13.33.13:121][  0]LogConfig: Setting CVar [[r.SkyLight.RealTimeReflectionCapture:1]]
[2024.11.23-13.33.13:121][  0]LogConfig: Applying CVar settings from Section [FoliageQuality@3] File [C:/Users/nanim/GitHub/NewNewInsectHeaven/InsectHeaven/Saved/Config/Windows/Scalability.ini]
[2024.11.23-13.33.13:121][  0]LogConfig: Setting CVar [[foliage.DensityScale:1.0]]
[2024.11.23-13.33.13:121][  0]LogConfig: Setting CVar [[grass.DensityScale:1.0]]
[2024.11.23-13.33.13:121][  0]LogConfig: Applying CVar settings from Section [ShadingQuality@3] File [C:/Users/nanim/GitHub/NewNewInsectHeaven/InsectHeaven/Saved/Config/Windows/Scalability.ini]
[2024.11.23-13.33.13:121][  0]LogConfig: Setting CVar [[r.HairStrands.SkyLighting.IntegrationType:2]]
[2024.11.23-13.33.13:121][  0]LogConfig: Setting CVar [[r.HairStrands.SkyAO.SampleCount:4]]
[2024.11.23-13.33.13:122][  0]LogConfig: Setting CVar [[r.HairStrands.Visibility.MSAA.SamplePerPixel:4]]
[2024.11.23-13.33.13:122][  0]LogInit: Selected Device Profile: [Windows]
[2024.11.23-13.33.13:122][  0]LogInit: Applying CVar settings loaded from the selected device profile: [Windows]
[2024.11.23-13.33.13:122][  0]LogHAL: Display: Platform has ~ 32 GB [33457160192 / 34359738368 / 32], which maps to Largest [LargestMinGB=32, LargerMinGB=12, DefaultMinGB=8, SmallerMinGB=6, SmallestMinGB=0)
[2024.11.23-13.33.13:122][  0]LogInit: Going up to parent DeviceProfile []
[2024.11.23-13.33.13:122][  0]LogConfig: Applying CVar settings from Section [ViewDistanceQuality@3] File [C:/Users/nanim/GitHub/NewNewInsectHeaven/InsectHeaven/Saved/Config/Windows/Scalability.ini]
[2024.11.23-13.33.13:122][  0]LogConfig: Setting CVar [[r.SkeletalMeshLODBias:0]]
[2024.11.23-13.33.13:122][  0]LogConfig: Setting CVar [[r.ViewDistanceScale:1.0]]
[2024.11.23-13.33.13:122][  0]LogConfig: Applying CVar settings from Section [AntiAliasingQuality@3] File [C:/Users/nanim/GitHub/NewNewInsectHeaven/InsectHeaven/Saved/Config/Windows/Scalability.ini]
[2024.11.23-13.33.13:123][  0]LogConfig: Setting CVar [[r.PostProcessAAQuality:4]]
[2024.11.23-13.33.13:123][  0]LogConfig: Applying CVar settings from Section [ShadowQuality@3] File [C:/Users/nanim/GitHub/NewNewInsectHeaven/InsectHeaven/Saved/Config/Windows/Scalability.ini]
[2024.11.23-13.33.13:123][  0]LogConfig: Setting CVar [[r.LightFunctionQuality:1]]
[2024.11.23-13.33.13:123][  0]LogConfig: Setting CVar [[r.ShadowQuality:5]]
[2024.11.23-13.33.13:123][  0]LogConfig: Setting CVar [[r.Shadow.CSM.MaxCascades:10]]
[2024.11.23-13.33.13:123][  0]LogConfig: Setting CVar [[r.Shadow.MaxResolution:2048]]
[2024.11.23-13.33.13:123][  0]LogConfig: Setting CVar [[r.Shadow.MaxCSMResolution:2048]]
[2024.11.23-13.33.13:123][  0]LogConfig: Setting CVar [[r.Shadow.RadiusThreshold:0.01]]
[2024.11.23-13.33.13:123][  0]LogConfig: Setting CVar [[r.Shadow.DistanceScale:1.0]]
[2024.11.23-13.33.13:123][  0]LogConfig: Setting CVar [[r.Shadow.CSM.TransitionScale:1.0]]
[2024.11.23-13.33.13:124][  0]LogConfig: Setting CVar [[r.Shadow.PreShadowResolutionFactor:1.0]]
[2024.11.23-13.33.13:124][  0]LogConfig: Setting CVar [[r.DistanceFieldShadowing:1]]
[2024.11.23-13.33.13:124][  0]LogConfig: Setting CVar [[r.DistanceFieldAO:1]]
[2024.11.23-13.33.13:124][  0]LogConfig: Setting CVar [[r.AOQuality:2]]
[2024.11.23-13.33.13:124][  0]LogConfig: Setting CVar [[r.VolumetricFog:1]]
[2024.11.23-13.33.13:124][  0]LogConfig: Setting CVar [[r.VolumetricFog.GridPixelSize:8]]
[2024.11.23-13.33.13:124][  0]LogConfig: Setting CVar [[r.VolumetricFog.GridSizeZ:128]]
[2024.11.23-13.33.13:124][  0]LogConfig: Setting CVar [[r.VolumetricFog.HistoryMissSupersampleCount:4]]
[2024.11.23-13.33.13:124][  0]LogConfig: Setting CVar [[r.LightMaxDrawDistanceScale:1]]
[2024.11.23-13.33.13:124][  0]LogConfig: Setting CVar [[r.CapsuleShadows:1]]
[2024.11.23-13.33.13:124][  0]LogConfig: Applying CVar settings from Section [PostProcessQuality@3] File [C:/Users/nanim/GitHub/NewNewInsectHeaven/InsectHeaven/Saved/Config/Windows/Scalability.ini]
[2024.11.23-13.33.13:125][  0]LogConfig: Setting CVar [[r.MotionBlurQuality:4]]
[2024.11.23-13.33.13:125][  0]LogConfig: Setting CVar [[r.AmbientOcclusionMipLevelFactor:0.4]]
[2024.11.23-13.33.13:125][  0]LogConfig: Setting CVar [[r.AmbientOcclusionMaxQuality:100]]
[2024.11.23-13.33.13:125][  0]LogConfig: Setting CVar [[r.AmbientOcclusionLevels:-1]]
[2024.11.23-13.33.13:125][  0]LogConfig: Setting CVar [[r.AmbientOcclusionRadiusScale:1.0]]
[2024.11.23-13.33.13:125][  0]LogConfig: Setting CVar [[r.DepthOfFieldQuality:2]]
[2024.11.23-13.33.13:125][  0]LogConfig: Setting CVar [[r.RenderTargetPoolMin:400]]
[2024.11.23-13.33.13:126][  0]LogConfig: Setting CVar [[r.LensFlareQuality:2]]
[2024.11.23-13.33.13:126][  0]LogConfig: Setting CVar [[r.SceneColorFringeQuality:1]]
[2024.11.23-13.33.13:126][  0]LogConfig: Setting CVar [[r.EyeAdaptationQuality:2]]
[2024.11.23-13.33.13:126][  0]LogConfig: Setting CVar [[r.BloomQuality:5]]
[2024.11.23-13.33.13:126][  0]LogConfig: Setting CVar [[r.FastBlurThreshold:100]]
[2024.11.23-13.33.13:126][  0]LogConfig: Setting CVar [[r.Upscale.Quality:3]]
[2024.11.23-13.33.13:126][  0]LogConfig: Setting CVar [[r.Tonemapper.GrainQuantization:1]]
[2024.11.23-13.33.13:126][  0]LogConfig: Setting CVar [[r.LightShaftQuality:1]]
[2024.11.23-13.33.13:126][  0]LogConfig: Setting CVar [[r.Filter.SizeScale:1]]
[2024.11.23-13.33.13:126][  0]LogConfig: Setting CVar [[r.Tonemapper.Quality:5]]
[2024.11.23-13.33.13:127][  0]LogConfig: Setting CVar [[r.DOF.Gather.AccumulatorQuality:1        ; higher gathering accumulator quality]]
[2024.11.23-13.33.13:127][  0]LogConfig: Setting CVar [[r.DOF.Gather.PostfilterMethod:1          ; Median3x3 postfilering method]]
[2024.11.23-13.33.13:127][  0]LogConfig: Setting CVar [[r.DOF.Gather.EnableBokehSettings:0       ; no bokeh simulation when gathering]]
[2024.11.23-13.33.13:127][  0]LogConfig: Setting CVar [[r.DOF.Gather.RingCount:4                 ; medium number of samples when gathering]]
[2024.11.23-13.33.13:127][  0]LogConfig: Setting CVar [[r.DOF.Scatter.ForegroundCompositing:1    ; additive foreground scattering]]
[2024.11.23-13.33.13:127][  0]LogConfig: Setting CVar [[r.DOF.Scatter.BackgroundCompositing:2    ; additive background scattering]]
[2024.11.23-13.33.13:127][  0]LogConfig: Setting CVar [[r.DOF.Scatter.EnableBokehSettings:1      ; bokeh simulation when scattering]]
[2024.11.23-13.33.13:127][  0]LogConfig: Setting CVar [[r.DOF.Scatter.MaxSpriteRatio:0.1         ; only a maximum of 10% of scattered bokeh]]
[2024.11.23-13.33.13:127][  0]LogConfig: Setting CVar [[r.DOF.Recombine.Quality:1                ; cheap slight out of focus]]
[2024.11.23-13.33.13:127][  0]LogConfig: Setting CVar [[r.DOF.Recombine.EnableBokehSettings:0    ; no bokeh simulation on slight out of focus]]
[2024.11.23-13.33.13:127][  0]LogConfig: Setting CVar [[r.DOF.TemporalAAQuality:1                ; more stable temporal accumulation]]
[2024.11.23-13.33.13:128][  0]LogConfig: Setting CVar [[r.DOF.Kernel.MaxForegroundRadius:0.025]]
[2024.11.23-13.33.13:128][  0]LogConfig: Setting CVar [[r.DOF.Kernel.MaxBackgroundRadius:0.025]]
[2024.11.23-13.33.13:128][  0]LogConfig: Applying CVar settings from Section [TextureQuality@3] File [C:/Users/nanim/GitHub/NewNewInsectHeaven/InsectHeaven/Saved/Config/Windows/Scalability.ini]
[2024.11.23-13.33.13:128][  0]LogConfig: Setting CVar [[r.Streaming.MipBias:0]]
[2024.11.23-13.33.13:128][  0]LogConfig: Setting CVar [[r.Streaming.AmortizeCPUToGPUCopy:0]]
[2024.11.23-13.33.13:128][  0]LogConfig: Setting CVar [[r.Streaming.MaxNumTexturesToStreamPerFrame:0]]
[2024.11.23-13.33.13:128][  0]LogConfig: Setting CVar [[r.Streaming.Boost:1]]
[2024.11.23-13.33.13:128][  0]LogConfig: Setting CVar [[r.MaxAnisotropy:8]]
[2024.11.23-13.33.13:128][  0]LogConfig: Setting CVar [[r.VT.MaxAnisotropy:8]]
[2024.11.23-13.33.13:129][  0]LogConfig: Setting CVar [[r.Streaming.LimitPoolSizeToVRAM:0]]
[2024.11.23-13.33.13:129][  0]LogConfig: Setting CVar [[r.Streaming.PoolSize:1000]]
[2024.11.23-13.33.13:129][  0]LogConfig: Setting CVar [[r.Streaming.MaxEffectiveScreenSize:0]]
[2024.11.23-13.33.13:129][  0]LogConfig: Applying CVar settings from Section [EffectsQuality@3] File [C:/Users/nanim/GitHub/NewNewInsectHeaven/InsectHeaven/Saved/Config/Windows/Scalability.ini]
[2024.11.23-13.33.13:129][  0]LogConfig: Setting CVar [[r.TranslucencyLightingVolumeDim:64]]
[2024.11.23-13.33.13:129][  0]LogConfig: Setting CVar [[r.RefractionQuality:2]]
[2024.11.23-13.33.13:129][  0]LogConfig: Setting CVar [[r.SSR.Quality:3]]
[2024.11.23-13.33.13:129][  0]LogConfig: Setting CVar [[r.SSR.HalfResSceneColor:0]]
[2024.11.23-13.33.13:129][  0]LogConfig: Setting CVar [[r.SceneColorFormat:4]]
[2024.11.23-13.33.13:130][  0]LogConfig: Setting CVar [[r.DetailMode:2]]
[2024.11.23-13.33.13:130][  0]LogConfig: Setting CVar [[r.TranslucencyVolumeBlur:1]]
[2024.11.23-13.33.13:130][  0]LogConfig: Setting CVar [[r.MaterialQualityLevel:1 ; High quality]]
[2024.11.23-13.33.13:130][  0]LogConfig: Setting CVar [[r.AnisotropicMaterials:1]]
[2024.11.23-13.33.13:130][  0]LogConfig: Setting CVar [[r.SSS.Scale:1]]
[2024.11.23-13.33.13:130][  0]LogConfig: Setting CVar [[r.SSS.SampleSet:2]]
[2024.11.23-13.33.13:130][  0]LogConfig: Setting CVar [[r.SSS.Quality:1]]
[2024.11.23-13.33.13:130][  0]LogConfig: Setting CVar [[r.SSS.HalfRes:0]]
[2024.11.23-13.33.13:130][  0]LogConfig: Setting CVar [[r.SSGI.Quality:3]]
[2024.11.23-13.33.13:131][  0]LogConfig: Setting CVar [[r.EmitterSpawnRateScale:1.0]]
[2024.11.23-13.33.13:131][  0]LogConfig: Setting CVar [[r.ParticleLightQuality:2]]
[2024.11.23-13.33.13:131][  0]LogConfig: Setting CVar [[r.SkyAtmosphere.AerialPerspectiveLUT.FastApplyOnOpaque:1 ; Always have FastSkyLUT 1 in this case to avoid wrong sky]]
[2024.11.23-13.33.13:131][  0]LogConfig: Setting CVar [[r.SkyAtmosphere.AerialPerspectiveLUT.SampleCountMaxPerSlice:4]]
[2024.11.23-13.33.13:131][  0]LogConfig: Setting CVar [[r.SkyAtmosphere.AerialPerspectiveLUT.DepthResolution:16.0]]
[2024.11.23-13.33.13:131][  0]LogConfig: Setting CVar [[r.SkyAtmosphere.FastSkyLUT:1]]
[2024.11.23-13.33.13:131][  0]LogConfig: Setting CVar [[r.SkyAtmosphere.FastSkyLUT.SampleCountMin:4.0]]
[2024.11.23-13.33.13:132][  0]LogConfig: Setting CVar [[r.SkyAtmosphere.FastSkyLUT.SampleCountMax:128.0]]
[2024.11.23-13.33.13:132][  0]LogConfig: Setting CVar [[r.SkyAtmosphere.SampleCountMin:4.0]]
[2024.11.23-13.33.13:132][  0]LogConfig: Setting CVar [[r.SkyAtmosphere.SampleCountMax:128.0]]
[2024.11.23-13.33.13:132][  0]LogConfig: Setting CVar [[r.SkyAtmosphere.TransmittanceLUT.UseSmallFormat:0]]
[2024.11.23-13.33.13:132][  0]LogConfig: Setting CVar [[r.SkyAtmosphere.TransmittanceLUT.SampleCount:10.0]]
[2024.11.23-13.33.13:132][  0]LogConfig: Setting CVar [[r.SkyAtmosphere.MultiScatteringLUT.SampleCount:15.0]]
[2024.11.23-13.33.13:132][  0]LogConfig: Setting CVar [[r.SkyLight.RealTimeReflectionCapture:1]]
[2024.11.23-13.33.13:132][  0]LogConfig: Applying CVar settings from Section [FoliageQuality@3] File [C:/Users/nanim/GitHub/NewNewInsectHeaven/InsectHeaven/Saved/Config/Windows/Scalability.ini]
[2024.11.23-13.33.13:132][  0]LogConfig: Setting CVar [[foliage.DensityScale:1.0]]
[2024.11.23-13.33.13:133][  0]LogConfig: Setting CVar [[grass.DensityScale:1.0]]
[2024.11.23-13.33.13:133][  0]LogConfig: Applying CVar settings from Section [ShadingQuality@3] File [C:/Users/nanim/GitHub/NewNewInsectHeaven/InsectHeaven/Saved/Config/Windows/Scalability.ini]
[2024.11.23-13.33.13:133][  0]LogConfig: Setting CVar [[r.HairStrands.SkyLighting.IntegrationType:2]]
[2024.11.23-13.33.13:133][  0]LogConfig: Setting CVar [[r.HairStrands.SkyAO.SampleCount:4]]
[2024.11.23-13.33.13:133][  0]LogConfig: Setting CVar [[r.HairStrands.Visibility.MSAA.SamplePerPixel:4]]
[2024.11.23-13.33.13:133][  0]LogConfig: Applying CVar settings from Section [Startup] File [../../../Engine/Config/ConsoleVariables.ini]
[2024.11.23-13.33.13:133][  0]LogConfig: Setting CVar [[net.UseAdaptiveNetUpdateFrequency:0]]
[2024.11.23-13.33.13:134][  0]LogConfig: Setting CVar [[p.chaos.AllowCreatePhysxBodies:1]]
[2024.11.23-13.33.13:134][  0]LogConfig: Setting CVar [[fx.SkipVectorVMBackendOptimizations:1]]
[2024.11.23-13.33.13:134][  0]LogConfig: Applying CVar settings from Section [ConsoleVariables] File [C:/Users/nanim/GitHub/NewNewInsectHeaven/InsectHeaven/Saved/Config/Windows/Engine.ini]
[2024.11.23-13.33.13:134][  0]LogConfig: Applying CVar settings from Section [ConsoleVariables] File [C:/Users/nanim/GitHub/NewNewInsectHeaven/InsectHeaven/Saved/Config/Windows/Editor.ini]
[2024.11.23-13.33.13:134][  0]LogInit: Computer: DESKTOP-NS5ONMH
[2024.11.23-13.33.13:134][  0]LogInit: User: nanim
[2024.11.23-13.33.13:134][  0]LogInit: CPU Page size=4096, Cores=12
[2024.11.23-13.33.13:134][  0]LogInit: High frequency timer resolution =10.000000 MHz
[2024.11.23-13.33.13:134][  0]LogMemory: Memory total: Physical=31.2GB (32GB approx)
[2024.11.23-13.33.13:134][  0]LogMemory: Platform Memory Stats for Windows
[2024.11.23-13.33.13:135][  0]LogMemory: Process Physical Memory: 149.74 MB used, 149.74 MB peak
[2024.11.23-13.33.13:135][  0]LogMemory: Process Virtual Memory: 128.84 MB used, 128.84 MB peak
[2024.11.23-13.33.13:135][  0]LogMemory: Physical Memory: 15980.05 MB used,  15927.18 MB free, 31907.23 MB total
[2024.11.23-13.33.13:135][  0]LogMemory: Virtual Memory: 134175864.00 MB used,  41862.46 MB free, 134217728.00 MB total
[2024.11.23-13.33.13:147][  0]LogWindows: WindowsPlatformFeatures enabled
[2024.11.23-13.33.13:253][  0]LogInit: Physics initialised using underlying interface: PhysX
[2024.11.23-13.33.13:254][  0]LogInit: Using OS detected language (ko-KR).
[2024.11.23-13.33.13:254][  0]LogInit: Using OS detected locale (ko-KR).
[2024.11.23-13.33.13:257][  0]LogTextLocalizationManager: No specific localization for 'ko-KR' exists, so the 'ko' localization will be used.
[2024.11.23-13.33.13:324][  0]LogInit: Setting process to per monitor DPI aware
[2024.11.23-13.33.13:451][  0]LogWindowsTextInputMethodSystem: Display: IME system deactivated.
[2024.11.23-13.33.13:482][  0]LogSlate: New Slate User Created.  User Index 0, Is Virtual User: 0
[2024.11.23-13.33.13:482][  0]LogSlate: Slate User Registered.  User Index 0, Is Virtual User: 0
[2024.11.23-13.33.13:626][  0]LogD3D11RHI: Loaded GFSDK_Aftermath_Lib.x64.dll
[2024.11.23-13.33.13:633][  0]LogHMD: Failed to initialize OpenVR with code 110
[2024.11.23-13.33.13:633][  0]LogD3D11RHI: D3D11 min allowed feature level: 11_0
[2024.11.23-13.33.13:633][  0]LogD3D11RHI: D3D11 max allowed feature level: 11_0
[2024.11.23-13.33.13:633][  0]LogD3D11RHI: D3D11 adapters:
[2024.11.23-13.33.13:738][  0]LogD3D11RHI:    0. 'AMD Radeon RX 7900 XTX' (Feature Level 11_0)
[2024.11.23-13.33.13:738][  0]LogD3D11RHI:       24491/0/15953 MB DedicatedVideo/DedicatedSystem/SharedSystem, Outputs:2, VendorId:0x1002
[2024.11.23-13.33.13:801][  0]LogD3D11RHI:    1. 'AMD Radeon(TM) Graphics' (Feature Level 11_0)
[2024.11.23-13.33.13:802][  0]LogD3D11RHI:       459/0/15953 MB DedicatedVideo/DedicatedSystem/SharedSystem, Outputs:0, VendorId:0x1002
[2024.11.23-13.33.13:807][  0]LogD3D11RHI:    2. 'Microsoft Basic Render Driver' (Feature Level 11_0)
[2024.11.23-13.33.13:807][  0]LogD3D11RHI:       0/0/15953 MB DedicatedVideo/DedicatedSystem/SharedSystem, Outputs:0, VendorId:0x1414
[2024.11.23-13.33.13:807][  0]LogD3D11RHI: Chosen D3D11 Adapter:
[2024.11.23-13.33.13:807][  0]LogD3D11RHI:     Description : AMD Radeon RX 7900 XTX
[2024.11.23-13.33.13:807][  0]LogD3D11RHI:     VendorId    : 1002
[2024.11.23-13.33.13:807][  0]LogD3D11RHI:     DeviceId    : 744c
[2024.11.23-13.33.13:807][  0]LogD3D11RHI:     SubSysId    : e3b1002
[2024.11.23-13.33.13:808][  0]LogD3D11RHI:     Revision    : 00c8
[2024.11.23-13.33.13:808][  0]LogD3D11RHI:     DedicatedVideoMemory : 25681567744 bytes
[2024.11.23-13.33.13:808][  0]LogD3D11RHI:     DedicatedSystemMemory : 0 bytes
[2024.11.23-13.33.13:808][  0]LogD3D11RHI:     SharedSystemMemory : 16728580096 bytes
[2024.11.23-13.33.13:808][  0]LogD3D11RHI:     AdapterLuid : 0 76150
[2024.11.23-13.33.13:812][  0]LogD3D11RHI: Creating new Direct3DDevice
[2024.11.23-13.33.13:812][  0]LogD3D11RHI:     GPU DeviceId: 0x744c (for the marketing name, search the web for "GPU Device Id")
[2024.11.23-13.33.13:813][  0]LogWindows: EnumDisplayDevices:
[2024.11.23-13.33.13:813][  0]LogWindows:    0. 'AMD Radeon RX 7900 XTX' (P:1 D:1)
[2024.11.23-13.33.13:814][  0]LogWindows:    1. 'AMD Radeon RX 7900 XTX' (P:0 D:1)
[2024.11.23-13.33.13:815][  0]LogWindows:    2. 'AMD Radeon RX 7900 XTX' (P:0 D:0)
[2024.11.23-13.33.13:815][  0]LogWindows:    3. 'AMD Radeon RX 7900 XTX' (P:0 D:0)
[2024.11.23-13.33.13:816][  0]LogWindows:    4. 'AMD Radeon RX 7900 XTX' (P:0 D:0)
[2024.11.23-13.33.13:817][  0]LogWindows:    5. 'AMD Radeon(TM) Graphics' (P:0 D:0)
[2024.11.23-13.33.13:818][  0]LogWindows:    6. 'AMD Radeon(TM) Graphics' (P:0 D:0)
[2024.11.23-13.33.13:819][  0]LogWindows:    7. 'AMD Radeon(TM) Graphics' (P:0 D:0)
[2024.11.23-13.33.13:819][  0]LogWindows:    8. 'AMD Radeon(TM) Graphics' (P:0 D:0)
[2024.11.23-13.33.13:820][  0]LogWindows:    9. 'AMD Radeon(TM) Graphics' (P:0 D:0)
[2024.11.23-13.33.13:821][  0]LogWindows: DebugString: PrimaryIsNotTheChoosenAdapter PrimaryIsNotTheChoosenAdapter PrimaryIsNotTheChoosenAdapter PrimaryIsNotTheChoosenAdapter PrimaryIsNotTheChoosenAdapter FoundDriverCount:5 
[2024.11.23-13.33.13:821][  0]LogD3D11RHI:     Adapter Name: AMD Radeon RX 7900 XTX
[2024.11.23-13.33.13:821][  0]LogD3D11RHI:   Driver Version: AMD Software: Adrenalin Edition 24.9.1 (internal:32.0.12011.1036, unified:32.0.12011.1036)
[2024.11.23-13.33.13:821][  0]LogD3D11RHI:      Driver Date: 9-26-2024
[2024.11.23-13.33.13:821][  0]LogRHI: Texture pool is 16606 MB (70% of 23723 MB)
[2024.11.23-13.33.13:875][  0]LogD3D11RHI: Creating D3DDevice with AMD AGS, using adapter:
[2024.11.23-13.33.13:875][  0]LogD3D11RHI:     Description : AMD Radeon RX 7900 XTX
[2024.11.23-13.33.13:875][  0]LogD3D11RHI:     VendorId    : 1002
[2024.11.23-13.33.13:875][  0]LogD3D11RHI:     DeviceId    : 744c
[2024.11.23-13.33.13:875][  0]LogD3D11RHI:     SubSysId    : e3b1002
[2024.11.23-13.33.13:875][  0]LogD3D11RHI:     Revision    : 00c8
[2024.11.23-13.33.13:875][  0]LogD3D11RHI:     DedicatedVideoMemory : 25681567744 bytes
[2024.11.23-13.33.13:875][  0]LogD3D11RHI:     DedicatedSystemMemory : 0 bytes
[2024.11.23-13.33.13:875][  0]LogD3D11RHI:     SharedSystemMemory : 16728580096 bytes
[2024.11.23-13.33.13:875][  0]LogD3D11RHI:     AdapterLuid : 0 76150
[2024.11.23-13.33.13:954][  0]LogD3D11RHI: Created device via AGS, feature level 11_0, supported extensions 1fffffbf.
[2024.11.23-13.33.13:955][  0]LogD3D11RHI: RHI has support for 64 bit atomics
[2024.11.23-13.33.13:955][  0]LogD3D11RHI: Async texture creation enabled
[2024.11.23-13.33.13:955][  0]LogD3D11RHI: Array index from any shader is supported
[2024.11.23-13.33.13:965][  0]LogD3D11RHI: GPU Timing Frequency: 100.000000 (Debug: 2 1)
[2024.11.23-13.33.14:207][  0]LogTargetPlatformManager: Display: Loaded TargetPlatform 'AllDesktop'
[2024.11.23-13.33.14:227][  0]LogTargetPlatformManager: Display: Loaded TargetPlatform 'Android'
[2024.11.23-13.33.14:228][  0]LogTargetPlatformManager: Display: Loaded TargetPlatform 'Android_ASTC'
[2024.11.23-13.33.14:228][  0]LogTargetPlatformManager: Display: Loaded TargetPlatform 'Android_DXT'
[2024.11.23-13.33.14:228][  0]LogTargetPlatformManager: Display: Loaded TargetPlatform 'Android_ETC2'
[2024.11.23-13.33.14:228][  0]LogTargetPlatformManager: Display: Loaded TargetPlatform 'AndroidClient'
[2024.11.23-13.33.14:228][  0]LogTargetPlatformManager: Display: Loaded TargetPlatform 'Android_ASTCClient'
[2024.11.23-13.33.14:228][  0]LogTargetPlatformManager: Display: Loaded TargetPlatform 'Android_DXTClient'
[2024.11.23-13.33.14:228][  0]LogTargetPlatformManager: Display: Loaded TargetPlatform 'Android_ETC2Client'
[2024.11.23-13.33.14:228][  0]LogTargetPlatformManager: Display: Loaded TargetPlatform 'Android_Multi'
[2024.11.23-13.33.14:228][  0]LogTargetPlatformManager: Display: Loaded TargetPlatform 'Android_MultiClient'
[2024.11.23-13.33.14:255][  0]LogTargetPlatformManager: Display: Loaded TargetPlatform 'IOSClient'
[2024.11.23-13.33.14:255][  0]LogTargetPlatformManager: Display: Loaded TargetPlatform 'IOS'
[2024.11.23-13.33.14:267][  0]LogTargetPlatformManager: Display: Loaded TargetPlatform 'Linux'
[2024.11.23-13.33.14:275][  0]LogTargetPlatformManager: Display: Loaded TargetPlatform 'LinuxNoEditor'
[2024.11.23-13.33.14:283][  0]LogTargetPlatformManager: Display: Loaded TargetPlatform 'LinuxClient'
[2024.11.23-13.33.14:291][  0]LogTargetPlatformManager: Display: Loaded TargetPlatform 'LinuxServer'
[2024.11.23-13.33.14:302][  0]LogTargetPlatformManager: Display: Loaded TargetPlatform 'LinuxAArch64NoEditor'
[2024.11.23-13.33.14:311][  0]LogTargetPlatformManager: Display: Loaded TargetPlatform 'LinuxAArch64Client'
[2024.11.23-13.33.14:319][  0]LogTargetPlatformManager: Display: Loaded TargetPlatform 'LinuxAArch64Server'
[2024.11.23-13.33.14:341][  0]LogTargetPlatformManager: Display: Loaded TargetPlatform 'Lumin'
[2024.11.23-13.33.14:341][  0]LogTargetPlatformManager: Display: Loaded TargetPlatform 'LuminClient'
[2024.11.23-13.33.14:353][  0]LogTargetPlatformManager: Display: Loaded TargetPlatform 'MacNoEditor'
[2024.11.23-13.33.14:363][  0]LogTargetPlatformManager: Display: Loaded TargetPlatform 'Mac'
[2024.11.23-13.33.14:371][  0]LogTargetPlatformManager: Display: Loaded TargetPlatform 'MacClient'
[2024.11.23-13.33.14:379][  0]LogTargetPlatformManager: Display: Loaded TargetPlatform 'MacServer'
[2024.11.23-13.33.14:391][  0]LogTargetPlatformManager: Display: Loaded TargetPlatform 'TVOSClient'
[2024.11.23-13.33.14:391][  0]LogTargetPlatformManager: Display: Loaded TargetPlatform 'TVOS'
[2024.11.23-13.33.14:405][  0]LogTargetPlatformManager: Display: Loaded TargetPlatform 'WindowsNoEditor'
[2024.11.23-13.33.14:414][  0]LogTargetPlatformManager: Display: Loaded TargetPlatform 'Windows'
[2024.11.23-13.33.14:424][  0]LogTargetPlatformManager: Display: Loaded TargetPlatform 'WindowsClient'
[2024.11.23-13.33.14:433][  0]LogTargetPlatformManager: Display: Loaded TargetPlatform 'WindowsServer'
[2024.11.23-13.33.14:433][  0]LogTargetPlatformManager: Display: Building Assets For Windows
[2024.11.23-13.33.14:464][  0]LogAudioDebug: Display: Lib vorbis DLL was dynamically loaded.
[2024.11.23-13.33.14:564][  0]LogTextureFormatOodle: Display: Oodle Texture 2.9.0 init RDO Off
[2024.11.23-13.33.14:643][  0]LogRendererCore: Ray tracing is disabled. Reason: r.RayTracing=0.
[2024.11.23-13.33.14:644][  0]LogShaderCompilers: Guid format shader working directory is -20 characters bigger than the processId version (../../../../../Users/nanim/GitHub/NewNewInsectHeaven/InsectHeaven/Intermediate/Shaders/WorkingDirectory/17832/).
[2024.11.23-13.33.14:644][  0]LogShaderCompilers: Cleaned the shader compiler working directory 'C:/Users/nanim/AppData/Local/Temp/UnrealShaderWorkingDir/A59BAD6844F9FC68FA1A58A8FF2CD28F/'.
[2024.11.23-13.33.14:644][  0]LogXGEController: Cannot use XGE Controller as Incredibuild is not installed on this machine.
[2024.11.23-13.33.14:644][  0]LogShaderCompilers: Cannot use XGE Shader Compiler as Incredibuild is not installed on this machine.
[2024.11.23-13.33.14:644][  0]LogShaderCompilers: Display: Using Local Shader Compiler.
[2024.11.23-13.33.15:098][  0]LogDerivedDataCache: Display: Max Cache Size: 512 MB
[2024.11.23-13.33.15:132][  0]LogDerivedDataCache: Loaded boot cache 0.03s 96MB C:/Users/nanim/AppData/Local/UnrealEngine/4.27/DerivedDataCache/Boot.ddc.
[2024.11.23-13.33.15:132][  0]LogDerivedDataCache: Display: Loaded Boot cache: C:/Users/nanim/AppData/Local/UnrealEngine/4.27/DerivedDataCache/Boot.ddc
[2024.11.23-13.33.15:132][  0]LogDerivedDataCache: FDerivedDataBackendGraph:  Pak pak cache file ../../../../../Users/nanim/GitHub/NewNewInsectHeaven/InsectHeaven/DerivedDataCache/DDC.ddp not found, will not use a pak cache.
[2024.11.23-13.33.15:133][  0]LogDerivedDataCache: Unable to find inner node Pak for hierarchical cache Hierarchy.
[2024.11.23-13.33.15:133][  0]LogDerivedDataCache: FDerivedDataBackendGraph:  CompressedPak pak cache file ../../../../../Users/nanim/GitHub/NewNewInsectHeaven/InsectHeaven/DerivedDataCache/Compressed.ddp not found, will not use a pak cache.
[2024.11.23-13.33.15:133][  0]LogDerivedDataCache: Unable to find inner node CompressedPak for hierarchical cache Hierarchy.
[2024.11.23-13.33.15:144][  0]LogDerivedDataCache: Display: Pak cache opened for reading ../../../Engine/DerivedDataCache/Compressed.ddp.
[2024.11.23-13.33.15:144][  0]LogDerivedDataCache: FDerivedDataBackendGraph:  EnterprisePak pak cache file ../../../Enterprise/DerivedDataCache/Compressed.ddp not found, will not use a pak cache.
[2024.11.23-13.33.15:144][  0]LogDerivedDataCache: Unable to find inner node EnterprisePak for hierarchical cache Hierarchy.
[2024.11.23-13.33.15:152][  0]LogDerivedDataCache: Speed tests for C:/Users/nanim/AppData/Local/UnrealEngine/Common/DerivedDataCache took 0.01 seconds
[2024.11.23-13.33.15:153][  0]LogDerivedDataCache: Display: Performance to C:/Users/nanim/AppData/Local/UnrealEngine/Common/DerivedDataCache: Latency=0.04ms. RandomReadSpeed=789.61MBs, RandomWriteSpeed=145.06MBs. Assigned SpeedClass 'Local'
[2024.11.23-13.33.15:154][  0]LogDerivedDataCache: Using Local data cache path C:/Users/nanim/AppData/Local/UnrealEngine/Common/DerivedDataCache: Writable
[2024.11.23-13.33.15:154][  0]LogDerivedDataCache: Shared data cache path not found in *engine.ini, will not use an Shared cache.
[2024.11.23-13.33.15:154][  0]LogDerivedDataCache: Unable to find inner node Shared for hierarchical cache Hierarchy.
[2024.11.23-13.33.15:179][  0]LogSlate: Using FreeType 2.10.0
[2024.11.23-13.33.15:180][  0]LogSlate: SlateFontServices - WITH_FREETYPE: 1, WITH_HARFBUZZ: 1
[2024.11.23-13.33.15:200][  0]LogAssetRegistry: FAssetRegistry took 0.0022 seconds to start up
[2024.11.23-13.33.15:338][  0]LogInit: Selected Device Profile: [Windows]
[2024.11.23-13.33.15:338][  0]LogInit: Active device profile: [000002D1D7E04700][000002D1D2DAAF40 49] Windows
[2024.11.23-13.33.15:339][  0]LogInit: Profiles: [000002D1D7E04700][000002D1D2DAAF40 49] Windows, [000002D1D7DCB700][000002D1D85C90C0 49] WindowsNoEditor, [000002D1D7E07300][000002D1D85CD240 49] WindowsServer, [000002D1D7DC8F00][000002D1D85D13C0 49] WindowsClient, [000002D1D7E07500][000002D1D85D5540 49] IOS, [000002D1D7DB3F00][000002D1D85D96C0 49] iPadAir, [000002D1D7DCBB00][000002D1D85DD840 49] iPadAir2, [000002D1D7D70500][000002D1D85E5B00 49] IPadPro, [000002D1D7D70600][000002D1D85E1B40 49] iPadAir3, [000002D1D7DB0100][000002D1D85E8140 49] iPadAir4, [000002D1D7D72C00][000002D1D85EC2C0 49] iPadMini2, [000002D1D7DB2500][000002D1D85F0440 49] iPadMini3, [000002D1D7D73400][000002D1D85F45C0 49] iPadMini4, [000002D1D7DB0F00][000002D1D85F8740 49] iPadMini5, [000002D1D7D63E00][000002D1D85FC980 49] iPhone6, [000002D1D7D63F00][000002D1D85C49C0 49] iPodTouch6, [000002D1D7E07900][000002D1D8608C40 49] iPhone7, [000002D1D7E06100][000002D1D8600C80 49] iPodTouch7, [000002D1D7D60400][000002D1D860CE00 49] iPhone5S, [000002D1D7D73D00][000002D1D8610F80 49] iPhone6Plus, [000002D1D7E07400][000002D1D8615100 49] iPhone6S, [000002D1D7D72000][000002D1D8619280 49] iPhone6SPlus, [000002D1D7E04900][000002D1D861D400 49] iPhone7Plus, [000002D1D7D70E00][000002D1D8621580 49] iPhoneSE, [000002D1D7E07100][000002D1D8625700 49] iPhone8, [000002D1D7D72400][000002D1D8629880 49] iPhone8Plus, [000002D1D7E07A00][000002D1D862DA00 49] iPhoneX, [000002D1D7D73E00][000002D1D8631B80 49] iPhoneXS, [000002D1D7E05500][000002D1D8634180 49] iPhoneXSMax, [000002D1D7D72500][000002D1D8638300 49] iPhoneXR, [000002D1D7E06A00][000002D1D863C480 49] iPhone11, [000002D1D7D73A00][000002D1D8640600 49] iPhone11Pro, [000002D1D7E04F00][000002D1D8644780 49] iPhone11ProMax, [000002D1D7D72300][000002D1D8648900 49] iPhoneSE2, [000002D1D7E05700][000002D1D8604A40 49] iPhone12Mini, [000002D1D7D70700][000002D1D864CB80 49] iPhone12, [000002D1D7E04300][000002D1D8650CC0 49] iPhone12Pro, [000002D1D7D73500][000002D1D8658E40 49] iPhone12ProMax, [000002D1D7E04B00][000002D1D865CFC0 49] iPadPro105, [000002D1D7D71B00][000002D1D8661140 49] iPadPro129, [000002D1D7E04200][000002D1D86652C0 49] iPadPro97, [000002D1D7D72100][000002D1D8669440 49] iPadPro2_129, [000002D1D7E04D00][000002D1D866D5C0 49] iPad5, [000002D1D7D73000][000002D1D8681740 49] iPad6, [000002D1D7E06C00][000002D1D86858C0 49] iPad7, [000002D1D7D72E00][000002D1D8689A40 49] iPad8, [000002D1D7E05900][000002D1D868DBC0 49] iPadPro11, [000002D1D7D73F00][000002D1D86901C0 49] iPadPro2_11, [000002D1D7E05600][000002D1D8694340 49] iPadPro3_129, [000002D1D7D72700][000002D1D86984C0 49] iPadPro4_129, [000002D1D7E06600][000002D1D869C640 49] AppleTV, [000002D1D7D72B00][000002D1D86A07C0 49] AppleTV4K, [000002D1D7E05B00][000002D1D86A4940 49] TVOS, [000002D1D7D70900][000002D1D86A8AC0 49] Mac, [000002D1D7E06700][000002D1D8654C00 49] MacClient, [000002D1D7D72F00][000002D1D86ACD40 49] MacNoEditor, [000002D1D7E07B00][000002D1D86B0E80 49] MacServer, [000002D1D7D70400][000002D1D86B4FC0 49] Linux, [000002D1D7E06E00][000002D1D86BD140 49] LinuxAArch64, [000002D1D7D71500][000002D1D86C12C0 49] LinuxNoEditor, [000002D1D7E06B00][000002D1D86C5440 49] LinuxAArch64NoEditor, [000002D1D7D73600][000002D1D86C95C0 49] LinuxClient, [000002D1D7E06D00][000002D1D86CD740 49] LinuxAArch64Client, [000002D1D7D70B00][000002D1D86D18C0 49] LinuxServer, [000002D1D7E04400][000002D1D86D5A40 49] LinuxAArch64Server, [000002D1D7D73C00][000002D1D8723BC0 49] Android, [000002D1D7DB3A00][000002D1D87261C0 49] Android_Low, [000002D1D7D61B00][000002D1D8786340 49] Android_Mid, [000002D1D7DB3000][000002D1D87FA4C0 49] Android_High, [000002D1D7D62300][000002D1D87FE640 49] Android_Default, [000002D1D7DB2000][000002D1D880A7C0 49] Android_Adreno4xx, [000002D1D7D60100][000002D1CD2D0940 49] Android_Adreno5xx_Low, [000002D1D7DB0B00][000002D1CD328AC0 49] Android_Adreno5xx, [000002D1D7D61800][000002D1CD32CC40 49] Android_Adreno6xx, [000002D1D7DB1100][000002D1D86B8D80 49] Android_Adreno6xx_Vulkan, [000002D1D7D60800][000002D1CD330EC0 49] Android_Mali_T6xx, [000002D1D7DB3600][000002D1CD339000 49] Android_Mali_T7xx, [000002D1D7D60D00][000002D1CD33D140 49] Android_Mali_T8xx, [000002D1D7DB3C00][000002D1CDE0F2C0 49] Android_Mali_G71, [000002D1D7D61500][000002D1CDE13440 49] Android_Mali_G72, [000002D1D7DB3E00][000002D1CDE175C0 49] Android_Mali_G72_Vulkan, [000002D1D7D63D00][000002D1CDE1F740 49] Android_Mali_G76, [000002D1D7DB3900][000002D1D87818C0 49] Android_Mali_G76_Vulkan, [000002D1D7D63600][000002D1CD363A40 49] Android_Mali_G77, [000002D1D7DB2200][000002D1CD367BC0 49] Android_Mali_G77_Vulkan, [000002D1D7D63800][000002D1D87AE1C0 49] Android_Mali_G78, [000002D1D7DB0A00][000002D1D8A76340 49] Android_Mali_G78_Vulkan, [000002D1D7D63400][000002D1D8A7A4C0 49] Android_Mali_G710, [000002D1D7DB1400][000002D1CDD00640 49] Android_Mali_G710_Vulkan, [000002D1D7D60600][000002D1CDD047C0 49] Android_Vulkan_SM5, [000002D1D7DB2400][000002D1D9692940 49] Android_PowerVR_G6xxx, [000002D1D7D60E00][000002D1D87E2AC0 49] Android_PowerVR_GT7xxx, [000002D1D7DB0200][000002D1D87F6C40 49] Android_PowerVR_GE8xxx, [000002D1D7D60700][000002D1D9696DC0 49] Android_PowerVR_GM9xxx, [000002D1D7DB2100][000002D1D969AF40 49] Android_PowerVR_GM9xxx_Vulkan, [000002D1D7D72600][000002D1CDE0B080 49] Android_TegraK1, [000002D1D7DB2A00][000002D1D96AD1C0 49] Android_Unknown_Vulkan, [000002D1D7D71400][000002D1CDD09300 49] Lumin, [000002D1D7DB1300][000002D1D9339480 49] Lumin_Desktop, [000002D1D7D70C00][000002D1D9349600 49] HoloLens, 
[2024.11.23-13.33.15:474][  0]LogMeshReduction: Using QuadricMeshReduction for automatic static mesh reduction
[2024.11.23-13.33.15:474][  0]LogMeshReduction: Using SimplygonMeshReduction for automatic skeletal mesh reduction
[2024.11.23-13.33.15:474][  0]LogMeshReduction: Using ProxyLODMeshReduction for automatic mesh merging
[2024.11.23-13.33.15:475][  0]LogMeshReduction: No distributed automatic mesh merging module available
[2024.11.23-13.33.15:475][  0]LogMeshMerging: No distributed automatic mesh merging module available
[2024.11.23-13.33.15:493][  0]LogNetVersion: InsectHeaven 1.0.0, NetCL: 17155196, EngineNetVer: 17, GameNetVer: 0 (Checksum: 3375795940)
[2024.11.23-13.33.15:724][  0]LogTexture: Default maximum texture size for cubemaps generated from long-lat sources has been changed from 512 to unlimited. In order to preserve old behaiour for '/Engine/MapTemplates/Sky/DaylightAmbientCubemap.DaylightAmbientCubemap', its maximum texture size has been explicitly set to 512.
[2024.11.23-13.33.15:756][  0]LogHMD: PokeAHoleMaterial loaded successfully
[2024.11.23-13.33.15:761][  0]LogUObjectArray: 17178 objects as part of root set at end of initial load.
[2024.11.23-13.33.15:761][  0]LogUObjectAllocator: 4302048 out of 0 bytes used by permanent object pool.
[2024.11.23-13.33.15:761][  0]LogUObjectArray: CloseDisregardForGC: 0/0 objects in disregard for GC pool
[2024.11.23-13.33.16:342][  0]LogNiagaraDebuggerClient: Niagara Debugger Client Initialized | Session: 7C8F12AD46EB1372A4591EBE06D459B4 | Instance: F0A53DA34D842DBBA71E7DAC8AE8A009 (DESKTOP-NS5ONMH-17832).
[2024.11.23-13.33.16:446][  0]LogPython: Using Python 3.7.7
[2024.11.23-13.33.16:899][  0]LogUdpMessaging: Initializing bridge on interface 0.0.0.0:0 to multicast group 230.0.0.1:6666.
[2024.11.23-13.33.16:910][  0]LogTcpMessaging: Initializing TcpMessaging bridge
[2024.11.23-13.33.17:467][  0]SourceControl: 소스 컨트롤이 꺼졌습니다.
[2024.11.23-13.33.17:467][  0]SourceControl: 소스 컨트롤이 꺼졌습니다.
[2024.11.23-13.33.17:476][  0]SourceControl: 소스 컨트롤이 꺼졌습니다.
[2024.11.23-13.33.17:506][  0]SourceControl: 소스 컨트롤이 꺼졌습니다.
[2024.11.23-13.33.17:517][  0]SourceControl: 소스 컨트롤이 꺼졌습니다.
[2024.11.23-13.33.17:535][  0]LogUProjectInfo: Found projects:
[2024.11.23-13.33.18:043][  0]LogOpenImageDenoise: OIDN starting up
[2024.11.23-13.33.18:144][  0]LogAndroidPermission: UAndroidPermissionCallbackProxy::GetInstance
[2024.11.23-13.33.18:206][  0]LogAudioCaptureCore: Display: No Audio Capture implementations found. Audio input will be silent.
[2024.11.23-13.33.18:207][  0]LogAudioCaptureCore: Display: No Audio Capture implementations found. Audio input will be silent.
[2024.11.23-13.33.18:424][  0]LogCollectionManager: Loaded 0 collections in 0.001396 seconds
[2024.11.23-13.33.18:489][  0]LogFileCache: Scanning file cache for directory 'C:/Users/nanim/GitHub/NewNewInsectHeaven/InsectHeaven/Saved/Collections/' took 0.00s
[2024.11.23-13.33.18:489][  0]LogFileCache: Scanning file cache for directory 'C:/Users/nanim/GitHub/NewNewInsectHeaven/InsectHeaven/Content/Developers/nanim/Collections/' took 0.00s
[2024.11.23-13.33.18:490][  0]LogFileCache: Scanning file cache for directory 'C:/Users/nanim/GitHub/NewNewInsectHeaven/InsectHeaven/Content/Collections/' took 0.00s
[2024.11.23-13.33.18:490][  0]LogOcInput: OculusInput pre-init called
[2024.11.23-13.33.18:679][  0]LogClass: Display: IntProperty FCharacter_2D::Name is not initialized properly. Module:InsectHeaven File:Table/DataStruct/Character_2D.h
[2024.11.23-13.33.18:679][  0]LogClass: Display: IntProperty FCharacter_2D::ImageID is not initialized properly. Module:InsectHeaven File:Table/DataStruct/Character_2D.h
[2024.11.23-13.33.18:679][  0]LogClass: Warning: ObjectProperty FDialogueClip::formerAction is not initialized properly. Module:InsectHeaven File:Library/Dialogue/DialogueEditToolWidget.h
[2024.11.23-13.33.18:680][  0]LogClass: Warning: ObjectProperty FDialogueClip::nowAction is not initialized properly. Module:InsectHeaven File:Library/Dialogue/DialogueEditToolWidget.h
[2024.11.23-13.33.18:680][  0]LogClass: Display: IntProperty FResource_Widget::PathFile is not initialized properly. Module:InsectHeaven File:Table/DataStruct/Resource_Widget.h
[2024.11.23-13.33.18:680][  0]LogClass: Display: IntProperty FScript_Local::Test is not initialized properly. Module:InsectHeaven File:Table/DataStruct/Script_Local.h
[2024.11.23-13.33.18:680][  0]LogClass: Display: 6 Uninitialized script struct members found including 2 object properties
[2024.11.23-13.33.18:681][  0]LogAutomationTest: Warning: ObjectProperty FDialogueClip::formerAction is not initialized properly. Module:InsectHeaven File:Library/Dialogue/DialogueEditToolWidget.h
[2024.11.23-13.33.18:681][  0]LogAutomationTest: Warning: ObjectProperty FDialogueClip::nowAction is not initialized properly. Module:InsectHeaven File:Library/Dialogue/DialogueEditToolWidget.h
[2024.11.23-13.33.18:681][  0]LogEngine: Initializing Engine...
[2024.11.23-13.33.18:689][  0]LogHMD: Failed to enumerate extensions. Please check that you have a valid OpenXR runtime installed.
[2024.11.23-13.33.18:690][  0]LogHMD: Failed to initialize OpenVR with code 110
[2024.11.23-13.33.18:690][  0]LogMagicLeap: Warning: VR disabled because ZI is not enabled.  To enable, in the editor, Edit -> Project Settings -> Plugins -> Magic Leap Plugin -> Enable Zero Iteration
[2024.11.23-13.33.18:690][  0]LogStats: UGameplayTagsManager::InitializeManager -  0.000 s
[2024.11.23-13.33.18:762][  0]LogInit: Initializing FReadOnlyCVARCache
[2024.11.23-13.33.18:777][  0]LogAIModule: Creating AISystem for world Untitled
[2024.11.23-13.33.18:778][  0]LogAudio: Display: Initializing Audio Device Manager...
[2024.11.23-13.33.18:785][  0]LogAudio: Display: Loading Default Audio Settings Objects...
[2024.11.23-13.33.18:786][  0]LogAudio: Display: No default SoundConcurrencyObject specified (or failed to load).
[2024.11.23-13.33.18:786][  0]LogAudio: Display: Audio Device Manager Initialized
[2024.11.23-13.33.18:786][  0]LogAudio: Display: Creating Audio Device:                 Id: 1, Scope: Shared, Realtime: True
[2024.11.23-13.33.18:786][  0]LogAudioMixer: Display: Audio Mixer Platform Settings:
[2024.11.23-13.33.18:786][  0]LogAudioMixer: Display: 	Sample Rate:						  48000
[2024.11.23-13.33.18:786][  0]LogAudioMixer: Display: 	Callback Buffer Frame Size Requested: 1024
[2024.11.23-13.33.18:786][  0]LogAudioMixer: Display: 	Callback Buffer Frame Size To Use:	  1024
[2024.11.23-13.33.18:787][  0]LogAudioMixer: Display: 	Number of buffers to queue:			  2
[2024.11.23-13.33.18:787][  0]LogAudioMixer: Display: 	Max Channels (voices):				  32
[2024.11.23-13.33.18:787][  0]LogAudioMixer: Display: 	Number of Async Source Workers:		  0
[2024.11.23-13.33.18:787][  0]LogAudio: Display: AudioDevice MaxSources: 32
[2024.11.23-13.33.18:787][  0]LogAudio: Display: Audio Spatialization Plugin: None (built-in).
[2024.11.23-13.33.18:787][  0]LogAudio: Display: Audio Reverb Plugin: None (built-in).
[2024.11.23-13.33.18:787][  0]LogAudio: Display: Audio Occlusion Plugin: None (built-in).
[2024.11.23-13.33.18:788][  0]LogAudioMixer: Display: Initializing audio mixer.
[2024.11.23-13.33.18:824][  0]LogAudioMixer: Display: 0: FrontLeft
[2024.11.23-13.33.18:824][  0]LogAudioMixer: Display: 1: FrontRight
[2024.11.23-13.33.18:867][  0]LogAudioMixer: Display: Using Audio Device 스피커(ABKO N550)
[2024.11.23-13.33.18:869][  0]LogAudioMixer: Display: Initializing Sound Submixes...
[2024.11.23-13.33.18:872][  0]LogAudioMixer: Display: Creating Master Submix 'MasterSubmixDefault'
[2024.11.23-13.33.18:872][  0]LogAudioMixer: Display: Creating Master Submix 'MasterReverbSubmixDefault'
[2024.11.23-13.33.18:873][  0]LogAudioMixer: Display: Creating Master Submix 'MasterEQSubmixDefault'
[2024.11.23-13.33.18:873][  0]LogAudioMixer: FMixerPlatformXAudio2::StartAudioStream() called
[2024.11.23-13.33.18:873][  0]LogAudioMixer: Display: Output buffers initialized: Frames=1024, Channels=2, Samples=2048
[2024.11.23-13.33.18:874][  0]LogAudioMixer: Display: Starting AudioMixerPlatformInterface::RunInternal()
[2024.11.23-13.33.18:874][  0]LogAudioMixer: Display: FMixerPlatformXAudio2::SubmitBuffer() called for the first time
[2024.11.23-13.33.18:874][  0]LogInit: FAudioDevice initialized.
[2024.11.23-13.33.18:874][  0]LogAudio: Display: Audio Device (ID: 1) registered with world 'Untitled'.
[2024.11.23-13.33.18:874][  0]LogNetVersion: Set ProjectVersion to 1.0.0.0. Version Checksum will be recalculated on next use.
[2024.11.23-13.33.19:315][  0]LogDerivedDataCache: Saved boot cache 0.44s 96MB C:/Users/nanim/AppData/Local/UnrealEngine/4.27/DerivedDataCache/Boot.ddc.
[2024.11.23-13.33.19:316][  0]LogInit: Texture streaming: Enabled
[2024.11.23-13.33.19:341][  0]LogAnalytics: Display: [UEEditor.Rocket.Release] APIServer = https://datarouter.ol.epicgames.com/. AppVersion = 4.27.2-18319896+++UE4+Release-4.27
[2024.11.23-13.33.19:350][  0]LogEngineSessionManager: EngineSessionManager initialized
[2024.11.23-13.33.19:351][  0]LogEditorSessionSummary: Verbose: Initializing EditorSessionSummaryWriter for editor session tracking
[2024.11.23-13.33.19:356][  0]LogEditorSessionSummary: EditorSessionSummaryWriter initialized
[2024.11.23-13.33.19:383][  0]LogInit: Transaction tracking system initialized
[2024.11.23-13.33.19:434][  0]BlueprintLog: New page: 에디터 로드
[2024.11.23-13.33.19:573][  0]LocalizationService: 현지화 서비스가 비활성화되었습니다.
[2024.11.23-13.33.19:638][  0]TimingProfiler: Initialize
[2024.11.23-13.33.19:638][  0]TimingProfiler: OnSessionChanged
[2024.11.23-13.33.19:638][  0]LoadingProfiler: Initialize
[2024.11.23-13.33.19:639][  0]LoadingProfiler: OnSessionChanged
[2024.11.23-13.33.19:639][  0]NetworkingProfiler: Initialize
[2024.11.23-13.33.19:639][  0]NetworkingProfiler: OnSessionChanged
[2024.11.23-13.33.19:639][  0]MemoryProfiler: Initialize
[2024.11.23-13.33.19:639][  0]MemoryProfiler: OnSessionChanged
[2024.11.23-13.33.19:826][  0]LogCook: Display: CookSettings for Memory: MemoryMaxUsedVirtual 0MiB, MemoryMaxUsedPhysical 16384MiB, MemoryMinFreeVirtual 0MiB, MemoryMinFreePhysical 1024MiB
[2024.11.23-13.33.19:826][  0]LogCook: Display: Mobile HDR setting 1
[2024.11.23-13.33.20:213][  0]LogFileCache: Scanning file cache for directory 'C:/Users/nanim/GitHub/NewNewInsectHeaven/InsectHeaven/Content/' took 0.01s
[2024.11.23-13.33.20:333][  0]LogInit: Display: Engine is initialized. Leaving FEngineLoop::Init()
[2024.11.23-13.33.20:337][  0]SourceControl: 소스 컨트롤이 꺼졌습니다.
[2024.11.23-13.33.20:337][  0]LogUnrealEdMisc: Loading editor; pre map load, took 8.940
[2024.11.23-13.33.20:337][  0]Cmd: MAP LOAD FILE="../../../../../Users/nanim/GitHub/NewNewInsectHeaven/InsectHeaven/Content/Scene/EmptyMainLevel.umap" TEMPLATE=0 SHOWPROGRESS=1 FEATURELEVEL=3
[2024.11.23-13.33.20:338][  0]LightingResults: New page: 라이팅 빌드
[2024.11.23-13.33.20:339][  0]LogWorld: UWorld::CleanupWorld for Untitled, bSessionEnded=true, bCleanupResources=true
[2024.11.23-13.33.20:339][  0]LogSlate: InvalidateAllWidgets triggered.  All widgets were invalidated
[2024.11.23-13.33.20:339][  0]MapCheck: New page: 맵 체크
[2024.11.23-13.33.20:340][  0]LightingResults: New page: 라이팅 빌드
[2024.11.23-13.33.20:350][  0]LogAudio: Display: Audio Device unregistered from world 'None'.
[2024.11.23-13.33.20:352][  0]LogUObjectHash: Compacting FUObjectHashTables data took   0.48ms
[2024.11.23-13.33.20:355][  0]LogAudio: Display: Audio Device (ID: 1) registered with world 'EmptyMainLevel'.
[2024.11.23-13.33.20:356][  0]LogAIModule: Creating AISystem for world EmptyMainLevel
[2024.11.23-13.33.20:356][  0]LogEditorServer: Finished looking for orphan Actors (0.000 secs)
[2024.11.23-13.33.20:360][  0]LogUObjectHash: Compacting FUObjectHashTables data took   0.35ms
[2024.11.23-13.33.20:360][  0]Cmd: MAP CHECKDEP NOCLEARLOG
[2024.11.23-13.33.20:360][  0]MapCheck: 맵 체크 완료: 오류 0 회, 경고 0 회, 소요 시간 0.138ms.
[2024.11.23-13.33.20:360][  0]LogFileHelpers: Loading map 'EmptyMainLevel' took 0.023
[2024.11.23-13.33.20:364][  0]LogUnrealEdMisc: Total Editor Startup Time, took 8.967
[2024.11.23-13.33.20:500][  0]LogSlate: Updating window title bar state: overlay mode, drag disabled, window buttons hidden, title bar hidden
[2024.11.23-13.33.20:503][  0]LogSlate: Updating window title bar state: overlay mode, drag disabled, window buttons hidden, title bar hidden
[2024.11.23-13.33.20:507][  0]LogSlate: Updating window title bar state: overlay mode, drag disabled, window buttons hidden, title bar hidden
[2024.11.23-13.33.20:510][  0]LogSlate: Updating window title bar state: overlay mode, drag disabled, window buttons hidden, title bar hidden
[2024.11.23-13.33.20:521][  0]LogNativeClassHierarchy: Verbose: Native class hierarchy populated in 0.0064 seconds. Added 3872 classes and 945 folders.
[2024.11.23-13.33.20:523][  0]LogNativeClassHierarchy: Verbose: Native class hierarchy updated for 'WidgetCarousel' in 0.0003 seconds. Added 0 classes and 0 folders.
[2024.11.23-13.33.20:525][  0]LogPakFile: PakFile PrimaryIndexSize=187
[2024.11.23-13.33.20:525][  0]LogPakFile: PakFile PathHashIndexSize=101
[2024.11.23-13.33.20:525][  0]LogPakFile: PakFile FullDirectoryIndexSize=148
[2024.11.23-13.33.20:525][  0]LogShaderLibrary: Display: ShaderCodeLibraryPakFileMountedCallback: PakFile 'C:/Program Files/UE_4.27/FeaturePacks/FP_FirstPerson.upack' (chunk index -1, root 'root:/') mounted
[2024.11.23-13.33.20:525][  0]LogShaderLibrary: Display: ShaderCodeLibraryPakFileMountedCallback: pending pak file info (ChunkID:-1 Root:root:/ File:C:/Program Files/UE_4.27/FeaturePacks/FP_FirstPerson.upack)
[2024.11.23-13.33.20:526][  0]LogPakFile: OnPakFileMounted2Time == 0.000342
[2024.11.23-13.33.20:526][  0]LogPakFile: PakFile PrimaryIndexSize=189
[2024.11.23-13.33.20:526][  0]LogPakFile: PakFile PathHashIndexSize=101
[2024.11.23-13.33.20:527][  0]LogPakFile: PakFile FullDirectoryIndexSize=152
[2024.11.23-13.33.20:527][  0]LogShaderLibrary: Display: ShaderCodeLibraryPakFileMountedCallback: PakFile 'C:/Program Files/UE_4.27/FeaturePacks/FP_FirstPersonBP.upack' (chunk index -1, root 'root:/') mounted
[2024.11.23-13.33.20:527][  0]LogShaderLibrary: Display: ShaderCodeLibraryPakFileMountedCallback: pending pak file info (ChunkID:-1 Root:root:/ File:C:/Program Files/UE_4.27/FeaturePacks/FP_FirstPersonBP.upack)
[2024.11.23-13.33.20:527][  0]LogPakFile: OnPakFileMounted2Time == 0.000212
[2024.11.23-13.33.20:527][  0]LogPakFile: PakFile PrimaryIndexSize=191
[2024.11.23-13.33.20:528][  0]LogPakFile: PakFile PathHashIndexSize=101
[2024.11.23-13.33.20:528][  0]LogPakFile: PakFile FullDirectoryIndexSize=160
[2024.11.23-13.33.20:528][  0]LogShaderLibrary: Display: ShaderCodeLibraryPakFileMountedCallback: PakFile 'C:/Program Files/UE_4.27/FeaturePacks/MobileStarterContent.upack' (chunk index -1, root 'root:/') mounted
[2024.11.23-13.33.20:528][  0]LogShaderLibrary: Display: ShaderCodeLibraryPakFileMountedCallback: pending pak file info (ChunkID:-1 Root:root:/ File:C:/Program Files/UE_4.27/FeaturePacks/MobileStarterContent.upack)
[2024.11.23-13.33.20:528][  0]LogPakFile: OnPakFileMounted2Time == 0.000232
[2024.11.23-13.33.20:529][  0]LogPakFile: PakFile PrimaryIndexSize=185
[2024.11.23-13.33.20:529][  0]LogPakFile: PakFile PathHashIndexSize=101
[2024.11.23-13.33.20:529][  0]LogPakFile: PakFile FullDirectoryIndexSize=148
[2024.11.23-13.33.20:529][  0]LogShaderLibrary: Display: ShaderCodeLibraryPakFileMountedCallback: PakFile 'C:/Program Files/UE_4.27/FeaturePacks/StarterContent.upack' (chunk index -1, root 'root:/') mounted
[2024.11.23-13.33.20:529][  0]LogShaderLibrary: Display: ShaderCodeLibraryPakFileMountedCallback: pending pak file info (ChunkID:-1 Root:root:/ File:C:/Program Files/UE_4.27/FeaturePacks/StarterContent.upack)
[2024.11.23-13.33.20:529][  0]LogPakFile: OnPakFileMounted2Time == 0.000228
[2024.11.23-13.33.20:530][  0]LogPakFile: PakFile PrimaryIndexSize=190
[2024.11.23-13.33.20:530][  0]LogPakFile: PakFile PathHashIndexSize=101
[2024.11.23-13.33.20:530][  0]LogPakFile: PakFile FullDirectoryIndexSize=154
[2024.11.23-13.33.20:530][  0]LogShaderLibrary: Display: ShaderCodeLibraryPakFileMountedCallback: PakFile 'C:/Program Files/UE_4.27/FeaturePacks/TP_2DSideScroller.upack' (chunk index -1, root 'root:/') mounted
[2024.11.23-13.33.20:530][  0]LogShaderLibrary: Display: ShaderCodeLibraryPakFileMountedCallback: pending pak file info (ChunkID:-1 Root:root:/ File:C:/Program Files/UE_4.27/FeaturePacks/TP_2DSideScroller.upack)
[2024.11.23-13.33.20:530][  0]LogPakFile: OnPakFileMounted2Time == 0.000229
[2024.11.23-13.33.20:531][  0]LogPakFile: PakFile PrimaryIndexSize=192
[2024.11.23-13.33.20:531][  0]LogPakFile: PakFile PathHashIndexSize=101
[2024.11.23-13.33.20:531][  0]LogPakFile: PakFile FullDirectoryIndexSize=158
[2024.11.23-13.33.20:531][  0]LogShaderLibrary: Display: ShaderCodeLibraryPakFileMountedCallback: PakFile 'C:/Program Files/UE_4.27/FeaturePacks/TP_2DSideScrollerBP.upack' (chunk index -1, root 'root:/') mounted
[2024.11.23-13.33.20:531][  0]LogShaderLibrary: Display: ShaderCodeLibraryPakFileMountedCallback: pending pak file info (ChunkID:-1 Root:root:/ File:C:/Program Files/UE_4.27/FeaturePacks/TP_2DSideScrollerBP.upack)
[2024.11.23-13.33.20:532][  0]LogPakFile: OnPakFileMounted2Time == 0.000231
[2024.11.23-13.33.20:532][  0]LogPakFile: PakFile PrimaryIndexSize=182
[2024.11.23-13.33.20:532][  0]LogPakFile: PakFile PathHashIndexSize=101
[2024.11.23-13.33.20:532][  0]LogPakFile: PakFile FullDirectoryIndexSize=138
[2024.11.23-13.33.20:532][  0]LogShaderLibrary: Display: ShaderCodeLibraryPakFileMountedCallback: PakFile 'C:/Program Files/UE_4.27/FeaturePacks/TP_Flying.upack' (chunk index -1, root 'root:/') mounted
[2024.11.23-13.33.20:533][  0]LogShaderLibrary: Display: ShaderCodeLibraryPakFileMountedCallback: pending pak file info (ChunkID:-1 Root:root:/ File:C:/Program Files/UE_4.27/FeaturePacks/TP_Flying.upack)
[2024.11.23-13.33.20:533][  0]LogPakFile: OnPakFileMounted2Time == 0.000224
[2024.11.23-13.33.20:533][  0]LogPakFile: PakFile PrimaryIndexSize=184
[2024.11.23-13.33.20:533][  0]LogPakFile: PakFile PathHashIndexSize=101
[2024.11.23-13.33.20:533][  0]LogPakFile: PakFile FullDirectoryIndexSize=142
[2024.11.23-13.33.20:534][  0]LogShaderLibrary: Display: ShaderCodeLibraryPakFileMountedCallback: PakFile 'C:/Program Files/UE_4.27/FeaturePacks/TP_FlyingBP.upack' (chunk index -1, root 'root:/') mounted
[2024.11.23-13.33.20:534][  0]LogShaderLibrary: Display: ShaderCodeLibraryPakFileMountedCallback: pending pak file info (ChunkID:-1 Root:root:/ File:C:/Program Files/UE_4.27/FeaturePacks/TP_FlyingBP.upack)
[2024.11.23-13.33.20:534][  0]LogPakFile: OnPakFileMounted2Time == 0.000219
[2024.11.23-13.33.20:534][  0]LogPakFile: PakFile PrimaryIndexSize=188
[2024.11.23-13.33.20:534][  0]LogPakFile: PakFile PathHashIndexSize=101
[2024.11.23-13.33.20:535][  0]LogPakFile: PakFile FullDirectoryIndexSize=150
[2024.11.23-13.33.20:535][  0]LogShaderLibrary: Display: ShaderCodeLibraryPakFileMountedCallback: PakFile 'C:/Program Files/UE_4.27/FeaturePacks/TP_HandheldARBP.upack' (chunk index -1, root 'root:/') mounted
[2024.11.23-13.33.20:535][  0]LogShaderLibrary: Display: ShaderCodeLibraryPakFileMountedCallback: pending pak file info (ChunkID:-1 Root:root:/ File:C:/Program Files/UE_4.27/FeaturePacks/TP_HandheldARBP.upack)
[2024.11.23-13.33.20:535][  0]LogPakFile: OnPakFileMounted2Time == 0.000243
[2024.11.23-13.33.20:536][  0]LogPakFile: PakFile PrimaryIndexSize=182
[2024.11.23-13.33.20:536][  0]LogPakFile: PakFile PathHashIndexSize=101
[2024.11.23-13.33.20:536][  0]LogPakFile: PakFile FullDirectoryIndexSize=138
[2024.11.23-13.33.20:536][  0]LogShaderLibrary: Display: ShaderCodeLibraryPakFileMountedCallback: PakFile 'C:/Program Files/UE_4.27/FeaturePacks/TP_Puzzle.upack' (chunk index -1, root 'root:/') mounted
[2024.11.23-13.33.20:536][  0]LogShaderLibrary: Display: ShaderCodeLibraryPakFileMountedCallback: pending pak file info (ChunkID:-1 Root:root:/ File:C:/Program Files/UE_4.27/FeaturePacks/TP_Puzzle.upack)
[2024.11.23-13.33.20:536][  0]LogPakFile: OnPakFileMounted2Time == 0.000231
[2024.11.23-13.33.20:537][  0]LogPakFile: PakFile PrimaryIndexSize=184
[2024.11.23-13.33.20:537][  0]LogPakFile: PakFile PathHashIndexSize=101
[2024.11.23-13.33.20:537][  0]LogPakFile: PakFile FullDirectoryIndexSize=142
[2024.11.23-13.33.20:537][  0]LogShaderLibrary: Display: ShaderCodeLibraryPakFileMountedCallback: PakFile 'C:/Program Files/UE_4.27/FeaturePacks/TP_PuzzleBP.upack' (chunk index -1, root 'root:/') mounted
[2024.11.23-13.33.20:537][  0]LogShaderLibrary: Display: ShaderCodeLibraryPakFileMountedCallback: pending pak file info (ChunkID:-1 Root:root:/ File:C:/Program Files/UE_4.27/FeaturePacks/TP_PuzzleBP.upack)
[2024.11.23-13.33.20:537][  0]LogPakFile: OnPakFileMounted2Time == 0.000227
[2024.11.23-13.33.20:538][  0]LogPakFile: PakFile PrimaryIndexSize=183
[2024.11.23-13.33.20:538][  0]LogPakFile: PakFile PathHashIndexSize=101
[2024.11.23-13.33.20:538][  0]LogPakFile: PakFile FullDirectoryIndexSize=140
[2024.11.23-13.33.20:538][  0]LogShaderLibrary: Display: ShaderCodeLibraryPakFileMountedCallback: PakFile 'C:/Program Files/UE_4.27/FeaturePacks/TP_Rolling.upack' (chunk index -1, root 'root:/') mounted
[2024.11.23-13.33.20:538][  0]LogShaderLibrary: Display: ShaderCodeLibraryPakFileMountedCallback: pending pak file info (ChunkID:-1 Root:root:/ File:C:/Program Files/UE_4.27/FeaturePacks/TP_Rolling.upack)
[2024.11.23-13.33.20:538][  0]LogPakFile: OnPakFileMounted2Time == 0.000270
[2024.11.23-13.33.20:539][  0]LogPakFile: PakFile PrimaryIndexSize=185
[2024.11.23-13.33.20:539][  0]LogPakFile: PakFile PathHashIndexSize=101
[2024.11.23-13.33.20:539][  0]LogPakFile: PakFile FullDirectoryIndexSize=144
[2024.11.23-13.33.20:539][  0]LogShaderLibrary: Display: ShaderCodeLibraryPakFileMountedCallback: PakFile 'C:/Program Files/UE_4.27/FeaturePacks/TP_RollingBP.upack' (chunk index -1, root 'root:/') mounted
[2024.11.23-13.33.20:539][  0]LogShaderLibrary: Display: ShaderCodeLibraryPakFileMountedCallback: pending pak file info (ChunkID:-1 Root:root:/ File:C:/Program Files/UE_4.27/FeaturePacks/TP_RollingBP.upack)
[2024.11.23-13.33.20:540][  0]LogPakFile: OnPakFileMounted2Time == 0.000241
[2024.11.23-13.33.20:540][  0]LogPakFile: PakFile PrimaryIndexSize=188
[2024.11.23-13.33.20:540][  0]LogPakFile: PakFile PathHashIndexSize=101
[2024.11.23-13.33.20:540][  0]LogPakFile: PakFile FullDirectoryIndexSize=150
[2024.11.23-13.33.20:540][  0]LogShaderLibrary: Display: ShaderCodeLibraryPakFileMountedCallback: PakFile 'C:/Program Files/UE_4.27/FeaturePacks/TP_SideScroller.upack' (chunk index -1, root 'root:/') mounted
[2024.11.23-13.33.20:541][  0]LogShaderLibrary: Display: ShaderCodeLibraryPakFileMountedCallback: pending pak file info (ChunkID:-1 Root:root:/ File:C:/Program Files/UE_4.27/FeaturePacks/TP_SideScroller.upack)
[2024.11.23-13.33.20:541][  0]LogPakFile: OnPakFileMounted2Time == 0.000326
[2024.11.23-13.33.20:541][  0]LogPakFile: PakFile PrimaryIndexSize=190
[2024.11.23-13.33.20:541][  0]LogPakFile: PakFile PathHashIndexSize=101
[2024.11.23-13.33.20:542][  0]LogPakFile: PakFile FullDirectoryIndexSize=154
[2024.11.23-13.33.20:542][  0]LogShaderLibrary: Display: ShaderCodeLibraryPakFileMountedCallback: PakFile 'C:/Program Files/UE_4.27/FeaturePacks/TP_SideScrollerBP.upack' (chunk index -1, root 'root:/') mounted
[2024.11.23-13.33.20:542][  0]LogShaderLibrary: Display: ShaderCodeLibraryPakFileMountedCallback: pending pak file info (ChunkID:-1 Root:root:/ File:C:/Program Files/UE_4.27/FeaturePacks/TP_SideScrollerBP.upack)
[2024.11.23-13.33.20:542][  0]LogPakFile: OnPakFileMounted2Time == 0.000223
[2024.11.23-13.33.20:543][  0]LogPakFile: PakFile PrimaryIndexSize=187
[2024.11.23-13.33.20:543][  0]LogPakFile: PakFile PathHashIndexSize=101
[2024.11.23-13.33.20:543][  0]LogPakFile: PakFile FullDirectoryIndexSize=148
[2024.11.23-13.33.20:543][  0]LogShaderLibrary: Display: ShaderCodeLibraryPakFileMountedCallback: PakFile 'C:/Program Files/UE_4.27/FeaturePacks/TP_ThirdPerson.upack' (chunk index -1, root 'root:/') mounted
[2024.11.23-13.33.20:543][  0]LogShaderLibrary: Display: ShaderCodeLibraryPakFileMountedCallback: pending pak file info (ChunkID:-1 Root:root:/ File:C:/Program Files/UE_4.27/FeaturePacks/TP_ThirdPerson.upack)
[2024.11.23-13.33.20:543][  0]LogPakFile: OnPakFileMounted2Time == 0.000229
[2024.11.23-13.33.20:544][  0]LogPakFile: PakFile PrimaryIndexSize=189
[2024.11.23-13.33.20:544][  0]LogPakFile: PakFile PathHashIndexSize=101
[2024.11.23-13.33.20:544][  0]LogPakFile: PakFile FullDirectoryIndexSize=152
[2024.11.23-13.33.20:544][  0]LogShaderLibrary: Display: ShaderCodeLibraryPakFileMountedCallback: PakFile 'C:/Program Files/UE_4.27/FeaturePacks/TP_ThirdPersonBP.upack' (chunk index -1, root 'root:/') mounted
[2024.11.23-13.33.20:544][  0]LogShaderLibrary: Display: ShaderCodeLibraryPakFileMountedCallback: pending pak file info (ChunkID:-1 Root:root:/ File:C:/Program Files/UE_4.27/FeaturePacks/TP_ThirdPersonBP.upack)
[2024.11.23-13.33.20:544][  0]LogPakFile: OnPakFileMounted2Time == 0.000232
[2024.11.23-13.33.20:545][  0]LogPakFile: PakFile PrimaryIndexSize=183
[2024.11.23-13.33.20:545][  0]LogPakFile: PakFile PathHashIndexSize=101
[2024.11.23-13.33.20:545][  0]LogPakFile: PakFile FullDirectoryIndexSize=140
[2024.11.23-13.33.20:545][  0]LogShaderLibrary: Display: ShaderCodeLibraryPakFileMountedCallback: PakFile 'C:/Program Files/UE_4.27/FeaturePacks/TP_TopDown.upack' (chunk index -1, root 'root:/') mounted
[2024.11.23-13.33.20:545][  0]LogShaderLibrary: Display: ShaderCodeLibraryPakFileMountedCallback: pending pak file info (ChunkID:-1 Root:root:/ File:C:/Program Files/UE_4.27/FeaturePacks/TP_TopDown.upack)
[2024.11.23-13.33.20:545][  0]LogPakFile: OnPakFileMounted2Time == 0.000280
[2024.11.23-13.33.20:546][  0]LogPakFile: PakFile PrimaryIndexSize=185
[2024.11.23-13.33.20:546][  0]LogPakFile: PakFile PathHashIndexSize=101
[2024.11.23-13.33.20:546][  0]LogPakFile: PakFile FullDirectoryIndexSize=144
[2024.11.23-13.33.20:546][  0]LogShaderLibrary: Display: ShaderCodeLibraryPakFileMountedCallback: PakFile 'C:/Program Files/UE_4.27/FeaturePacks/TP_TopDownBP.upack' (chunk index -1, root 'root:/') mounted
[2024.11.23-13.33.20:546][  0]LogShaderLibrary: Display: ShaderCodeLibraryPakFileMountedCallback: pending pak file info (ChunkID:-1 Root:root:/ File:C:/Program Files/UE_4.27/FeaturePacks/TP_TopDownBP.upack)
[2024.11.23-13.33.20:547][  0]LogPakFile: OnPakFileMounted2Time == 0.000281
[2024.11.23-13.33.20:547][  0]LogPakFile: PakFile PrimaryIndexSize=185
[2024.11.23-13.33.20:547][  0]LogPakFile: PakFile PathHashIndexSize=101
[2024.11.23-13.33.20:547][  0]LogPakFile: PakFile FullDirectoryIndexSize=144
[2024.11.23-13.33.20:547][  0]LogShaderLibrary: Display: ShaderCodeLibraryPakFileMountedCallback: PakFile 'C:/Program Files/UE_4.27/FeaturePacks/TP_TwinStick.upack' (chunk index -1, root 'root:/') mounted
[2024.11.23-13.33.20:547][  0]LogShaderLibrary: Display: ShaderCodeLibraryPakFileMountedCallback: pending pak file info (ChunkID:-1 Root:root:/ File:C:/Program Files/UE_4.27/FeaturePacks/TP_TwinStick.upack)
[2024.11.23-13.33.20:548][  0]LogPakFile: OnPakFileMounted2Time == 0.000228
[2024.11.23-13.33.20:548][  0]LogPakFile: PakFile PrimaryIndexSize=187
[2024.11.23-13.33.20:548][  0]LogPakFile: PakFile PathHashIndexSize=101
[2024.11.23-13.33.20:548][  0]LogPakFile: PakFile FullDirectoryIndexSize=148
[2024.11.23-13.33.20:549][  0]LogShaderLibrary: Display: ShaderCodeLibraryPakFileMountedCallback: PakFile 'C:/Program Files/UE_4.27/FeaturePacks/TP_TwinStickBP.upack' (chunk index -1, root 'root:/') mounted
[2024.11.23-13.33.20:549][  0]LogShaderLibrary: Display: ShaderCodeLibraryPakFileMountedCallback: pending pak file info (ChunkID:-1 Root:root:/ File:C:/Program Files/UE_4.27/FeaturePacks/TP_TwinStickBP.upack)
[2024.11.23-13.33.20:549][  0]LogPakFile: OnPakFileMounted2Time == 0.000252
[2024.11.23-13.33.20:549][  0]LogPakFile: PakFile PrimaryIndexSize=183
[2024.11.23-13.33.20:549][  0]LogPakFile: PakFile PathHashIndexSize=101
[2024.11.23-13.33.20:550][  0]LogPakFile: PakFile FullDirectoryIndexSize=140
[2024.11.23-13.33.20:550][  0]LogShaderLibrary: Display: ShaderCodeLibraryPakFileMountedCallback: PakFile 'C:/Program Files/UE_4.27/FeaturePacks/TP_Vehicle.upack' (chunk index -1, root 'root:/') mounted
[2024.11.23-13.33.20:550][  0]LogShaderLibrary: Display: ShaderCodeLibraryPakFileMountedCallback: pending pak file info (ChunkID:-1 Root:root:/ File:C:/Program Files/UE_4.27/FeaturePacks/TP_Vehicle.upack)
[2024.11.23-13.33.20:550][  0]LogPakFile: OnPakFileMounted2Time == 0.000260
[2024.11.23-13.33.20:551][  0]LogPakFile: PakFile PrimaryIndexSize=186
[2024.11.23-13.33.20:551][  0]LogPakFile: PakFile PathHashIndexSize=101
[2024.11.23-13.33.20:551][  0]LogPakFile: PakFile FullDirectoryIndexSize=146
[2024.11.23-13.33.20:551][  0]LogShaderLibrary: Display: ShaderCodeLibraryPakFileMountedCallback: PakFile 'C:/Program Files/UE_4.27/FeaturePacks/TP_VehicleAdv.upack' (chunk index -1, root 'root:/') mounted
[2024.11.23-13.33.20:551][  0]LogShaderLibrary: Display: ShaderCodeLibraryPakFileMountedCallback: pending pak file info (ChunkID:-1 Root:root:/ File:C:/Program Files/UE_4.27/FeaturePacks/TP_VehicleAdv.upack)
[2024.11.23-13.33.20:551][  0]LogPakFile: OnPakFileMounted2Time == 0.000250
[2024.11.23-13.33.20:552][  0]LogPakFile: PakFile PrimaryIndexSize=188
[2024.11.23-13.33.20:552][  0]LogPakFile: PakFile PathHashIndexSize=101
[2024.11.23-13.33.20:552][  0]LogPakFile: PakFile FullDirectoryIndexSize=150
[2024.11.23-13.33.20:552][  0]LogShaderLibrary: Display: ShaderCodeLibraryPakFileMountedCallback: PakFile 'C:/Program Files/UE_4.27/FeaturePacks/TP_VehicleAdvBP.upack' (chunk index -1, root 'root:/') mounted
[2024.11.23-13.33.20:552][  0]LogShaderLibrary: Display: ShaderCodeLibraryPakFileMountedCallback: pending pak file info (ChunkID:-1 Root:root:/ File:C:/Program Files/UE_4.27/FeaturePacks/TP_VehicleAdvBP.upack)
[2024.11.23-13.33.20:552][  0]LogPakFile: OnPakFileMounted2Time == 0.000247
[2024.11.23-13.33.20:553][  0]LogPakFile: PakFile PrimaryIndexSize=185
[2024.11.23-13.33.20:553][  0]LogPakFile: PakFile PathHashIndexSize=101
[2024.11.23-13.33.20:553][  0]LogPakFile: PakFile FullDirectoryIndexSize=144
[2024.11.23-13.33.20:553][  0]LogShaderLibrary: Display: ShaderCodeLibraryPakFileMountedCallback: PakFile 'C:/Program Files/UE_4.27/FeaturePacks/TP_VehicleBP.upack' (chunk index -1, root 'root:/') mounted
[2024.11.23-13.33.20:553][  0]LogShaderLibrary: Display: ShaderCodeLibraryPakFileMountedCallback: pending pak file info (ChunkID:-1 Root:root:/ File:C:/Program Files/UE_4.27/FeaturePacks/TP_VehicleBP.upack)
[2024.11.23-13.33.20:553][  0]LogPakFile: OnPakFileMounted2Time == 0.000240
[2024.11.23-13.33.20:554][  0]LogPakFile: PakFile PrimaryIndexSize=192
[2024.11.23-13.33.20:554][  0]LogPakFile: PakFile PathHashIndexSize=101
[2024.11.23-13.33.20:554][  0]LogPakFile: PakFile FullDirectoryIndexSize=158
[2024.11.23-13.33.20:554][  0]LogShaderLibrary: Display: ShaderCodeLibraryPakFileMountedCallback: PakFile 'C:/Program Files/UE_4.27/FeaturePacks/TP_VirtualRealityBP.upack' (chunk index -1, root 'root:/') mounted
[2024.11.23-13.33.20:554][  0]LogShaderLibrary: Display: ShaderCodeLibraryPakFileMountedCallback: pending pak file info (ChunkID:-1 Root:root:/ File:C:/Program Files/UE_4.27/FeaturePacks/TP_VirtualRealityBP.upack)
[2024.11.23-13.33.20:555][  0]LogPakFile: OnPakFileMounted2Time == 0.000287
[2024.11.23-13.33.20:601][  0]LogNativeClassHierarchy: Verbose: Native class hierarchy updated for 'AddContentDialog' in 0.0002 seconds. Added 0 classes and 0 folders.
[2024.11.23-13.33.20:602][  0]LogNativeClassHierarchy: Verbose: Native class hierarchy updated for 'SceneOutliner' in 0.0002 seconds. Added 2 classes and 0 folders.
[2024.11.23-13.33.20:638][  0]LogSlate: Took 0.000239 seconds to synchronously load lazily loaded font '../../../Engine/Content/Slate/Fonts/Roboto-Regular.ttf' (155K)
[2024.11.23-13.33.20:639][  0]LogSlate: Took 0.000162 seconds to synchronously load lazily loaded font '../../../Engine/Content/Editor/Slate/Fonts/FontAwesome.ttf' (139K)
[2024.11.23-13.33.20:641][  0]LogSlate: Took 0.001107 seconds to synchronously load lazily loaded font '../../../Engine/Content/Editor/Slate/Fonts/NanumGothic.ttf' (4243K)
[2024.11.23-13.33.20:642][  0]LogSlate: Took 0.000822 seconds to synchronously load lazily loaded font '../../../Engine/Content/Editor/Slate/Fonts/NanumGothicBold.ttf' (4188K)
[2024.11.23-13.33.20:643][  0]LogSlate: Took 0.000216 seconds to synchronously load lazily loaded font '../../../Engine/Content/Slate/Fonts/Roboto-Bold.ttf' (160K)
[2024.11.23-13.33.20:702][  0]LogRenderer: Reallocating scene render targets to support 1616x808 Format 10 NumSamples 1 (Frame:1).
[2024.11.23-13.33.20:765][  0]LogNativeClassHierarchy: Verbose: Native class hierarchy updated for 'HierarchicalLODOutliner' in 0.0002 seconds. Added 0 classes and 0 folders.
[2024.11.23-13.33.20:765][  0]LogLoad: (Engine Initialization) Total time: 9.37 seconds
[2024.11.23-13.33.20:765][  0]LogLoad: (Engine Initialization) Total Blueprint compile time: 0.00 seconds
[2024.11.23-13.33.20:804][  0]LogAssetRegistry: Asset discovery search completed in 5.6052 seconds
[2024.11.23-13.33.20:809][  0]LogCollectionManager: Fixed up redirectors for 0 collections in 0.000003 seconds (updated 0 objects)
[2024.11.23-13.33.20:810][  0]LogContentStreaming: Texture pool size now 1000 MB
[2024.11.23-13.33.20:827][  1]LogFileCache: Retrieving MD5 hashes for directory 'C:/Users/nanim/GitHub/NewNewInsectHeaven/InsectHeaven/Content/' took 0.04s
[2024.11.23-13.33.46:396][ 44]LogEditorViewport: Clicking Background
[2024.11.23-13.33.51:508][657]LogEditorViewport: Clicking Background
[2024.11.23-13.34.48:711][785]LogSlate: Window 'DialogueTool' being destroyed
[2024.11.23-13.34.48:716][785]LogSlate: Window 'DialogueTool' being destroyed
